[2022-11-08T19:44:53.477+0900] {processor.py:156} INFO - Started process (PID=7386) to work on /home/steve/.local/lib/python3.8/site-packages/airflow/example_dags/example_branch_labels.py
[2022-11-08T19:44:53.477+0900] {processor.py:758} INFO - Processing file /home/steve/.local/lib/python3.8/site-packages/airflow/example_dags/example_branch_labels.py for tasks to queue
[2022-11-08T19:44:53.477+0900] {logging_mixin.py:117} INFO - [2022-11-08T19:44:53.477+0900] {dagbag.py:525} INFO - Filling up the DagBag from /home/steve/.local/lib/python3.8/site-packages/airflow/example_dags/example_branch_labels.py
[2022-11-08T19:44:53.485+0900] {processor.py:768} INFO - DAG(s) dict_keys(['example_branch_labels']) retrieved from /home/steve/.local/lib/python3.8/site-packages/airflow/example_dags/example_branch_labels.py
[2022-11-08T19:44:53.551+0900] {logging_mixin.py:117} INFO - [2022-11-08T19:44:53.551+0900] {manager.py:507} INFO - Created Permission View: can edit on DAG:example_branch_labels
[2022-11-08T19:44:53.560+0900] {logging_mixin.py:117} INFO - [2022-11-08T19:44:53.560+0900] {manager.py:507} INFO - Created Permission View: can delete on DAG:example_branch_labels
[2022-11-08T19:44:53.568+0900] {logging_mixin.py:117} INFO - [2022-11-08T19:44:53.568+0900] {manager.py:507} INFO - Created Permission View: can read on DAG:example_branch_labels
[2022-11-08T19:44:53.569+0900] {logging_mixin.py:117} INFO - [2022-11-08T19:44:53.569+0900] {dag.py:2573} INFO - Sync 1 DAGs
[2022-11-08T19:44:53.650+0900] {logging_mixin.py:117} INFO - [2022-11-08T19:44:53.650+0900] {dag.py:2594} INFO - Creating ORM DAG for example_branch_labels
[2022-11-08T19:44:53.655+0900] {logging_mixin.py:117} INFO - [2022-11-08T19:44:53.655+0900] {dag.py:3324} INFO - Setting next_dagrun for example_branch_labels to 2022-11-07T00:00:00+00:00, run_after=2022-11-08T00:00:00+00:00
[2022-11-08T19:44:53.673+0900] {processor.py:178} INFO - Processing /home/steve/.local/lib/python3.8/site-packages/airflow/example_dags/example_branch_labels.py took 0.198 seconds
[2022-11-08T19:45:29.931+0900] {processor.py:156} INFO - Started process (PID=7660) to work on /home/steve/.local/lib/python3.8/site-packages/airflow/example_dags/example_branch_labels.py
[2022-11-08T19:45:29.933+0900] {processor.py:758} INFO - Processing file /home/steve/.local/lib/python3.8/site-packages/airflow/example_dags/example_branch_labels.py for tasks to queue
[2022-11-08T19:45:29.933+0900] {logging_mixin.py:117} INFO - [2022-11-08T19:45:29.933+0900] {dagbag.py:525} INFO - Filling up the DagBag from /home/steve/.local/lib/python3.8/site-packages/airflow/example_dags/example_branch_labels.py
[2022-11-08T19:45:29.942+0900] {processor.py:768} INFO - DAG(s) dict_keys(['example_branch_labels']) retrieved from /home/steve/.local/lib/python3.8/site-packages/airflow/example_dags/example_branch_labels.py
[2022-11-08T19:45:29.959+0900] {logging_mixin.py:117} INFO - [2022-11-08T19:45:29.959+0900] {dag.py:2573} INFO - Sync 1 DAGs
[2022-11-08T19:45:29.970+0900] {logging_mixin.py:117} INFO - [2022-11-08T19:45:29.970+0900] {dag.py:3324} INFO - Setting next_dagrun for example_branch_labels to 2022-11-07T00:00:00+00:00, run_after=2022-11-08T00:00:00+00:00
[2022-11-08T19:45:29.985+0900] {processor.py:178} INFO - Processing /home/steve/.local/lib/python3.8/site-packages/airflow/example_dags/example_branch_labels.py took 0.056 seconds
[2022-11-08T19:46:05.988+0900] {processor.py:156} INFO - Started process (PID=7794) to work on /home/steve/.local/lib/python3.8/site-packages/airflow/example_dags/example_branch_labels.py
[2022-11-08T19:46:05.988+0900] {processor.py:758} INFO - Processing file /home/steve/.local/lib/python3.8/site-packages/airflow/example_dags/example_branch_labels.py for tasks to queue
[2022-11-08T19:46:05.989+0900] {logging_mixin.py:117} INFO - [2022-11-08T19:46:05.989+0900] {dagbag.py:525} INFO - Filling up the DagBag from /home/steve/.local/lib/python3.8/site-packages/airflow/example_dags/example_branch_labels.py
[2022-11-08T19:46:05.996+0900] {processor.py:768} INFO - DAG(s) dict_keys(['example_branch_labels']) retrieved from /home/steve/.local/lib/python3.8/site-packages/airflow/example_dags/example_branch_labels.py
[2022-11-08T19:46:06.011+0900] {logging_mixin.py:117} INFO - [2022-11-08T19:46:06.011+0900] {dag.py:2573} INFO - Sync 1 DAGs
[2022-11-08T19:46:06.021+0900] {logging_mixin.py:117} INFO - [2022-11-08T19:46:06.021+0900] {dag.py:3324} INFO - Setting next_dagrun for example_branch_labels to 2022-11-07T00:00:00+00:00, run_after=2022-11-08T00:00:00+00:00
[2022-11-08T19:46:06.037+0900] {processor.py:178} INFO - Processing /home/steve/.local/lib/python3.8/site-packages/airflow/example_dags/example_branch_labels.py took 0.050 seconds
[2022-11-08T19:46:41.985+0900] {processor.py:156} INFO - Started process (PID=7830) to work on /home/steve/.local/lib/python3.8/site-packages/airflow/example_dags/example_branch_labels.py
[2022-11-08T19:46:41.988+0900] {processor.py:758} INFO - Processing file /home/steve/.local/lib/python3.8/site-packages/airflow/example_dags/example_branch_labels.py for tasks to queue
[2022-11-08T19:46:41.988+0900] {logging_mixin.py:117} INFO - [2022-11-08T19:46:41.988+0900] {dagbag.py:525} INFO - Filling up the DagBag from /home/steve/.local/lib/python3.8/site-packages/airflow/example_dags/example_branch_labels.py
[2022-11-08T19:46:41.995+0900] {processor.py:768} INFO - DAG(s) dict_keys(['example_branch_labels']) retrieved from /home/steve/.local/lib/python3.8/site-packages/airflow/example_dags/example_branch_labels.py
[2022-11-08T19:46:42.011+0900] {logging_mixin.py:117} INFO - [2022-11-08T19:46:42.011+0900] {dag.py:2573} INFO - Sync 1 DAGs
[2022-11-08T19:46:42.021+0900] {logging_mixin.py:117} INFO - [2022-11-08T19:46:42.021+0900] {dag.py:3324} INFO - Setting next_dagrun for example_branch_labels to 2022-11-07T00:00:00+00:00, run_after=2022-11-08T00:00:00+00:00
[2022-11-08T19:46:42.036+0900] {processor.py:178} INFO - Processing /home/steve/.local/lib/python3.8/site-packages/airflow/example_dags/example_branch_labels.py took 0.053 seconds
[2022-11-08T19:47:18.610+0900] {processor.py:156} INFO - Started process (PID=7908) to work on /home/steve/.local/lib/python3.8/site-packages/airflow/example_dags/example_branch_labels.py
[2022-11-08T19:47:18.612+0900] {processor.py:758} INFO - Processing file /home/steve/.local/lib/python3.8/site-packages/airflow/example_dags/example_branch_labels.py for tasks to queue
[2022-11-08T19:47:18.613+0900] {logging_mixin.py:117} INFO - [2022-11-08T19:47:18.613+0900] {dagbag.py:525} INFO - Filling up the DagBag from /home/steve/.local/lib/python3.8/site-packages/airflow/example_dags/example_branch_labels.py
[2022-11-08T19:47:18.620+0900] {processor.py:768} INFO - DAG(s) dict_keys(['example_branch_labels']) retrieved from /home/steve/.local/lib/python3.8/site-packages/airflow/example_dags/example_branch_labels.py
[2022-11-08T19:47:18.635+0900] {logging_mixin.py:117} INFO - [2022-11-08T19:47:18.635+0900] {dag.py:2573} INFO - Sync 1 DAGs
[2022-11-08T19:47:18.645+0900] {logging_mixin.py:117} INFO - [2022-11-08T19:47:18.645+0900] {dag.py:3324} INFO - Setting next_dagrun for example_branch_labels to 2022-11-07T00:00:00+00:00, run_after=2022-11-08T00:00:00+00:00
[2022-11-08T19:47:18.661+0900] {processor.py:178} INFO - Processing /home/steve/.local/lib/python3.8/site-packages/airflow/example_dags/example_branch_labels.py took 0.053 seconds
[2022-11-08T19:47:55.259+0900] {processor.py:156} INFO - Started process (PID=7944) to work on /home/steve/.local/lib/python3.8/site-packages/airflow/example_dags/example_branch_labels.py
[2022-11-08T19:47:55.260+0900] {processor.py:758} INFO - Processing file /home/steve/.local/lib/python3.8/site-packages/airflow/example_dags/example_branch_labels.py for tasks to queue
[2022-11-08T19:47:55.260+0900] {logging_mixin.py:117} INFO - [2022-11-08T19:47:55.260+0900] {dagbag.py:525} INFO - Filling up the DagBag from /home/steve/.local/lib/python3.8/site-packages/airflow/example_dags/example_branch_labels.py
[2022-11-08T19:47:55.267+0900] {processor.py:768} INFO - DAG(s) dict_keys(['example_branch_labels']) retrieved from /home/steve/.local/lib/python3.8/site-packages/airflow/example_dags/example_branch_labels.py
[2022-11-08T19:47:55.282+0900] {logging_mixin.py:117} INFO - [2022-11-08T19:47:55.282+0900] {dag.py:2573} INFO - Sync 1 DAGs
[2022-11-08T19:47:55.292+0900] {logging_mixin.py:117} INFO - [2022-11-08T19:47:55.292+0900] {dag.py:3324} INFO - Setting next_dagrun for example_branch_labels to 2022-11-07T00:00:00+00:00, run_after=2022-11-08T00:00:00+00:00
[2022-11-08T19:47:55.373+0900] {processor.py:178} INFO - Processing /home/steve/.local/lib/python3.8/site-packages/airflow/example_dags/example_branch_labels.py took 0.116 seconds
[2022-11-08T19:48:34.214+0900] {processor.py:156} INFO - Started process (PID=7981) to work on /home/steve/.local/lib/python3.8/site-packages/airflow/example_dags/example_branch_labels.py
[2022-11-08T19:48:34.216+0900] {processor.py:758} INFO - Processing file /home/steve/.local/lib/python3.8/site-packages/airflow/example_dags/example_branch_labels.py for tasks to queue
[2022-11-08T19:48:34.216+0900] {logging_mixin.py:117} INFO - [2022-11-08T19:48:34.216+0900] {dagbag.py:525} INFO - Filling up the DagBag from /home/steve/.local/lib/python3.8/site-packages/airflow/example_dags/example_branch_labels.py
[2022-11-08T19:48:34.224+0900] {processor.py:768} INFO - DAG(s) dict_keys(['example_branch_labels']) retrieved from /home/steve/.local/lib/python3.8/site-packages/airflow/example_dags/example_branch_labels.py
[2022-11-08T19:48:34.238+0900] {logging_mixin.py:117} INFO - [2022-11-08T19:48:34.238+0900] {dag.py:2573} INFO - Sync 1 DAGs
[2022-11-08T19:48:34.315+0900] {logging_mixin.py:117} INFO - [2022-11-08T19:48:34.315+0900] {dag.py:3324} INFO - Setting next_dagrun for example_branch_labels to 2022-11-07T00:00:00+00:00, run_after=2022-11-08T00:00:00+00:00
[2022-11-08T19:48:34.330+0900] {processor.py:178} INFO - Processing /home/steve/.local/lib/python3.8/site-packages/airflow/example_dags/example_branch_labels.py took 0.118 seconds
[2022-11-08T19:49:10.444+0900] {processor.py:156} INFO - Started process (PID=8016) to work on /home/steve/.local/lib/python3.8/site-packages/airflow/example_dags/example_branch_labels.py
[2022-11-08T19:49:10.446+0900] {processor.py:758} INFO - Processing file /home/steve/.local/lib/python3.8/site-packages/airflow/example_dags/example_branch_labels.py for tasks to queue
[2022-11-08T19:49:10.446+0900] {logging_mixin.py:117} INFO - [2022-11-08T19:49:10.446+0900] {dagbag.py:525} INFO - Filling up the DagBag from /home/steve/.local/lib/python3.8/site-packages/airflow/example_dags/example_branch_labels.py
[2022-11-08T19:49:10.455+0900] {processor.py:768} INFO - DAG(s) dict_keys(['example_branch_labels']) retrieved from /home/steve/.local/lib/python3.8/site-packages/airflow/example_dags/example_branch_labels.py
[2022-11-08T19:49:10.470+0900] {logging_mixin.py:117} INFO - [2022-11-08T19:49:10.470+0900] {dag.py:2573} INFO - Sync 1 DAGs
[2022-11-08T19:49:10.545+0900] {logging_mixin.py:117} INFO - [2022-11-08T19:49:10.545+0900] {dag.py:3324} INFO - Setting next_dagrun for example_branch_labels to 2022-11-07T00:00:00+00:00, run_after=2022-11-08T00:00:00+00:00
[2022-11-08T19:49:10.561+0900] {processor.py:178} INFO - Processing /home/steve/.local/lib/python3.8/site-packages/airflow/example_dags/example_branch_labels.py took 0.119 seconds
[2022-11-08T19:49:45.228+0900] {processor.py:156} INFO - Started process (PID=8077) to work on /home/steve/.local/lib/python3.8/site-packages/airflow/example_dags/example_branch_labels.py
[2022-11-08T19:49:45.230+0900] {processor.py:758} INFO - Processing file /home/steve/.local/lib/python3.8/site-packages/airflow/example_dags/example_branch_labels.py for tasks to queue
[2022-11-08T19:49:45.230+0900] {logging_mixin.py:117} INFO - [2022-11-08T19:49:45.230+0900] {dagbag.py:525} INFO - Filling up the DagBag from /home/steve/.local/lib/python3.8/site-packages/airflow/example_dags/example_branch_labels.py
[2022-11-08T19:49:45.238+0900] {processor.py:768} INFO - DAG(s) dict_keys(['example_branch_labels']) retrieved from /home/steve/.local/lib/python3.8/site-packages/airflow/example_dags/example_branch_labels.py
[2022-11-08T19:49:45.318+0900] {logging_mixin.py:117} INFO - [2022-11-08T19:49:45.318+0900] {dag.py:2573} INFO - Sync 1 DAGs
[2022-11-08T19:49:45.327+0900] {logging_mixin.py:117} INFO - [2022-11-08T19:49:45.327+0900] {dag.py:3324} INFO - Setting next_dagrun for example_branch_labels to 2022-11-07T00:00:00+00:00, run_after=2022-11-08T00:00:00+00:00
[2022-11-08T19:49:45.344+0900] {processor.py:178} INFO - Processing /home/steve/.local/lib/python3.8/site-packages/airflow/example_dags/example_branch_labels.py took 0.117 seconds
[2022-11-08T19:50:21.649+0900] {processor.py:156} INFO - Started process (PID=8113) to work on /home/steve/.local/lib/python3.8/site-packages/airflow/example_dags/example_branch_labels.py
[2022-11-08T19:50:21.651+0900] {processor.py:758} INFO - Processing file /home/steve/.local/lib/python3.8/site-packages/airflow/example_dags/example_branch_labels.py for tasks to queue
[2022-11-08T19:50:21.651+0900] {logging_mixin.py:117} INFO - [2022-11-08T19:50:21.651+0900] {dagbag.py:525} INFO - Filling up the DagBag from /home/steve/.local/lib/python3.8/site-packages/airflow/example_dags/example_branch_labels.py
[2022-11-08T19:50:21.659+0900] {processor.py:768} INFO - DAG(s) dict_keys(['example_branch_labels']) retrieved from /home/steve/.local/lib/python3.8/site-packages/airflow/example_dags/example_branch_labels.py
[2022-11-08T19:50:21.744+0900] {logging_mixin.py:117} INFO - [2022-11-08T19:50:21.744+0900] {dag.py:2573} INFO - Sync 1 DAGs
[2022-11-08T19:50:21.753+0900] {logging_mixin.py:117} INFO - [2022-11-08T19:50:21.753+0900] {dag.py:3324} INFO - Setting next_dagrun for example_branch_labels to 2022-11-07T00:00:00+00:00, run_after=2022-11-08T00:00:00+00:00
[2022-11-08T19:50:21.768+0900] {processor.py:178} INFO - Processing /home/steve/.local/lib/python3.8/site-packages/airflow/example_dags/example_branch_labels.py took 0.121 seconds
[2022-11-08T19:50:56.567+0900] {processor.py:156} INFO - Started process (PID=8147) to work on /home/steve/.local/lib/python3.8/site-packages/airflow/example_dags/example_branch_labels.py
[2022-11-08T19:50:56.568+0900] {processor.py:758} INFO - Processing file /home/steve/.local/lib/python3.8/site-packages/airflow/example_dags/example_branch_labels.py for tasks to queue
[2022-11-08T19:50:56.568+0900] {logging_mixin.py:117} INFO - [2022-11-08T19:50:56.568+0900] {dagbag.py:525} INFO - Filling up the DagBag from /home/steve/.local/lib/python3.8/site-packages/airflow/example_dags/example_branch_labels.py
[2022-11-08T19:50:56.576+0900] {processor.py:768} INFO - DAG(s) dict_keys(['example_branch_labels']) retrieved from /home/steve/.local/lib/python3.8/site-packages/airflow/example_dags/example_branch_labels.py
[2022-11-08T19:50:56.655+0900] {logging_mixin.py:117} INFO - [2022-11-08T19:50:56.655+0900] {dag.py:2573} INFO - Sync 1 DAGs
[2022-11-08T19:50:56.664+0900] {logging_mixin.py:117} INFO - [2022-11-08T19:50:56.664+0900] {dag.py:3324} INFO - Setting next_dagrun for example_branch_labels to 2022-11-07T00:00:00+00:00, run_after=2022-11-08T00:00:00+00:00
[2022-11-08T19:50:56.679+0900] {processor.py:178} INFO - Processing /home/steve/.local/lib/python3.8/site-packages/airflow/example_dags/example_branch_labels.py took 0.114 seconds
[2022-11-08T19:51:31.929+0900] {processor.py:156} INFO - Started process (PID=8181) to work on /home/steve/.local/lib/python3.8/site-packages/airflow/example_dags/example_branch_labels.py
[2022-11-08T19:51:31.930+0900] {processor.py:758} INFO - Processing file /home/steve/.local/lib/python3.8/site-packages/airflow/example_dags/example_branch_labels.py for tasks to queue
[2022-11-08T19:51:31.930+0900] {logging_mixin.py:117} INFO - [2022-11-08T19:51:31.930+0900] {dagbag.py:525} INFO - Filling up the DagBag from /home/steve/.local/lib/python3.8/site-packages/airflow/example_dags/example_branch_labels.py
[2022-11-08T19:51:32.007+0900] {processor.py:768} INFO - DAG(s) dict_keys(['example_branch_labels']) retrieved from /home/steve/.local/lib/python3.8/site-packages/airflow/example_dags/example_branch_labels.py
[2022-11-08T19:51:32.019+0900] {logging_mixin.py:117} INFO - [2022-11-08T19:51:32.019+0900] {dag.py:2573} INFO - Sync 1 DAGs
[2022-11-08T19:51:32.029+0900] {logging_mixin.py:117} INFO - [2022-11-08T19:51:32.029+0900] {dag.py:3324} INFO - Setting next_dagrun for example_branch_labels to 2022-11-07T00:00:00+00:00, run_after=2022-11-08T00:00:00+00:00
[2022-11-08T19:51:32.044+0900] {processor.py:178} INFO - Processing /home/steve/.local/lib/python3.8/site-packages/airflow/example_dags/example_branch_labels.py took 0.116 seconds
[2022-11-08T19:52:07.289+0900] {processor.py:156} INFO - Started process (PID=8218) to work on /home/steve/.local/lib/python3.8/site-packages/airflow/example_dags/example_branch_labels.py
[2022-11-08T19:52:07.291+0900] {processor.py:758} INFO - Processing file /home/steve/.local/lib/python3.8/site-packages/airflow/example_dags/example_branch_labels.py for tasks to queue
[2022-11-08T19:52:07.291+0900] {logging_mixin.py:117} INFO - [2022-11-08T19:52:07.291+0900] {dagbag.py:525} INFO - Filling up the DagBag from /home/steve/.local/lib/python3.8/site-packages/airflow/example_dags/example_branch_labels.py
[2022-11-08T19:52:07.299+0900] {processor.py:768} INFO - DAG(s) dict_keys(['example_branch_labels']) retrieved from /home/steve/.local/lib/python3.8/site-packages/airflow/example_dags/example_branch_labels.py
[2022-11-08T19:52:07.313+0900] {logging_mixin.py:117} INFO - [2022-11-08T19:52:07.313+0900] {dag.py:2573} INFO - Sync 1 DAGs
[2022-11-08T19:52:07.324+0900] {logging_mixin.py:117} INFO - [2022-11-08T19:52:07.324+0900] {dag.py:3324} INFO - Setting next_dagrun for example_branch_labels to 2022-11-07T00:00:00+00:00, run_after=2022-11-08T00:00:00+00:00
[2022-11-08T19:52:07.341+0900] {processor.py:178} INFO - Processing /home/steve/.local/lib/python3.8/site-packages/airflow/example_dags/example_branch_labels.py took 0.054 seconds
[2022-11-08T19:52:41.441+0900] {processor.py:156} INFO - Started process (PID=8254) to work on /home/steve/.local/lib/python3.8/site-packages/airflow/example_dags/example_branch_labels.py
[2022-11-08T19:52:41.441+0900] {processor.py:758} INFO - Processing file /home/steve/.local/lib/python3.8/site-packages/airflow/example_dags/example_branch_labels.py for tasks to queue
[2022-11-08T19:52:41.442+0900] {logging_mixin.py:117} INFO - [2022-11-08T19:52:41.442+0900] {dagbag.py:525} INFO - Filling up the DagBag from /home/steve/.local/lib/python3.8/site-packages/airflow/example_dags/example_branch_labels.py
[2022-11-08T19:52:41.450+0900] {processor.py:768} INFO - DAG(s) dict_keys(['example_branch_labels']) retrieved from /home/steve/.local/lib/python3.8/site-packages/airflow/example_dags/example_branch_labels.py
[2022-11-08T19:52:41.465+0900] {logging_mixin.py:117} INFO - [2022-11-08T19:52:41.465+0900] {dag.py:2573} INFO - Sync 1 DAGs
[2022-11-08T19:52:41.477+0900] {logging_mixin.py:117} INFO - [2022-11-08T19:52:41.476+0900] {dag.py:3324} INFO - Setting next_dagrun for example_branch_labels to 2022-11-07T00:00:00+00:00, run_after=2022-11-08T00:00:00+00:00
[2022-11-08T19:52:41.492+0900] {processor.py:178} INFO - Processing /home/steve/.local/lib/python3.8/site-packages/airflow/example_dags/example_branch_labels.py took 0.053 seconds
[2022-11-08T19:53:15.467+0900] {processor.py:156} INFO - Started process (PID=8474) to work on /home/steve/.local/lib/python3.8/site-packages/airflow/example_dags/example_branch_labels.py
[2022-11-08T19:53:15.468+0900] {processor.py:758} INFO - Processing file /home/steve/.local/lib/python3.8/site-packages/airflow/example_dags/example_branch_labels.py for tasks to queue
[2022-11-08T19:53:15.468+0900] {logging_mixin.py:117} INFO - [2022-11-08T19:53:15.468+0900] {dagbag.py:525} INFO - Filling up the DagBag from /home/steve/.local/lib/python3.8/site-packages/airflow/example_dags/example_branch_labels.py
[2022-11-08T19:53:15.477+0900] {processor.py:768} INFO - DAG(s) dict_keys(['example_branch_labels']) retrieved from /home/steve/.local/lib/python3.8/site-packages/airflow/example_dags/example_branch_labels.py
[2022-11-08T19:53:15.488+0900] {logging_mixin.py:117} INFO - [2022-11-08T19:53:15.488+0900] {dag.py:2573} INFO - Sync 1 DAGs
[2022-11-08T19:53:15.501+0900] {logging_mixin.py:117} INFO - [2022-11-08T19:53:15.501+0900] {dag.py:3324} INFO - Setting next_dagrun for example_branch_labels to 2022-11-07T00:00:00+00:00, run_after=2022-11-08T00:00:00+00:00
[2022-11-08T19:53:15.517+0900] {processor.py:178} INFO - Processing /home/steve/.local/lib/python3.8/site-packages/airflow/example_dags/example_branch_labels.py took 0.053 seconds
[2022-11-08T19:53:51.366+0900] {processor.py:156} INFO - Started process (PID=8560) to work on /home/steve/.local/lib/python3.8/site-packages/airflow/example_dags/example_branch_labels.py
[2022-11-08T19:53:51.367+0900] {processor.py:758} INFO - Processing file /home/steve/.local/lib/python3.8/site-packages/airflow/example_dags/example_branch_labels.py for tasks to queue
[2022-11-08T19:53:51.368+0900] {logging_mixin.py:117} INFO - [2022-11-08T19:53:51.368+0900] {dagbag.py:525} INFO - Filling up the DagBag from /home/steve/.local/lib/python3.8/site-packages/airflow/example_dags/example_branch_labels.py
[2022-11-08T19:53:51.376+0900] {processor.py:768} INFO - DAG(s) dict_keys(['example_branch_labels']) retrieved from /home/steve/.local/lib/python3.8/site-packages/airflow/example_dags/example_branch_labels.py
[2022-11-08T19:53:51.391+0900] {logging_mixin.py:117} INFO - [2022-11-08T19:53:51.390+0900] {dag.py:2573} INFO - Sync 1 DAGs
[2022-11-08T19:53:51.401+0900] {logging_mixin.py:117} INFO - [2022-11-08T19:53:51.401+0900] {dag.py:3324} INFO - Setting next_dagrun for example_branch_labels to 2022-11-07T00:00:00+00:00, run_after=2022-11-08T00:00:00+00:00
[2022-11-08T19:53:51.417+0900] {processor.py:178} INFO - Processing /home/steve/.local/lib/python3.8/site-packages/airflow/example_dags/example_branch_labels.py took 0.053 seconds
[2022-11-08T19:54:27.323+0900] {processor.py:156} INFO - Started process (PID=8744) to work on /home/steve/.local/lib/python3.8/site-packages/airflow/example_dags/example_branch_labels.py
[2022-11-08T19:54:27.325+0900] {processor.py:758} INFO - Processing file /home/steve/.local/lib/python3.8/site-packages/airflow/example_dags/example_branch_labels.py for tasks to queue
[2022-11-08T19:54:27.325+0900] {logging_mixin.py:117} INFO - [2022-11-08T19:54:27.325+0900] {dagbag.py:525} INFO - Filling up the DagBag from /home/steve/.local/lib/python3.8/site-packages/airflow/example_dags/example_branch_labels.py
[2022-11-08T19:54:27.336+0900] {processor.py:768} INFO - DAG(s) dict_keys(['example_branch_labels']) retrieved from /home/steve/.local/lib/python3.8/site-packages/airflow/example_dags/example_branch_labels.py
[2022-11-08T19:54:27.354+0900] {logging_mixin.py:117} INFO - [2022-11-08T19:54:27.354+0900] {dag.py:2573} INFO - Sync 1 DAGs
[2022-11-08T19:54:27.367+0900] {logging_mixin.py:117} INFO - [2022-11-08T19:54:27.367+0900] {dag.py:3324} INFO - Setting next_dagrun for example_branch_labels to 2022-11-07T00:00:00+00:00, run_after=2022-11-08T00:00:00+00:00
[2022-11-08T19:54:27.385+0900] {processor.py:178} INFO - Processing /home/steve/.local/lib/python3.8/site-packages/airflow/example_dags/example_branch_labels.py took 0.064 seconds
[2022-11-08T19:55:04.520+0900] {processor.py:156} INFO - Started process (PID=9002) to work on /home/steve/.local/lib/python3.8/site-packages/airflow/example_dags/example_branch_labels.py
[2022-11-08T19:55:04.522+0900] {processor.py:758} INFO - Processing file /home/steve/.local/lib/python3.8/site-packages/airflow/example_dags/example_branch_labels.py for tasks to queue
[2022-11-08T19:55:04.522+0900] {logging_mixin.py:117} INFO - [2022-11-08T19:55:04.522+0900] {dagbag.py:525} INFO - Filling up the DagBag from /home/steve/.local/lib/python3.8/site-packages/airflow/example_dags/example_branch_labels.py
[2022-11-08T19:55:04.530+0900] {processor.py:768} INFO - DAG(s) dict_keys(['example_branch_labels']) retrieved from /home/steve/.local/lib/python3.8/site-packages/airflow/example_dags/example_branch_labels.py
[2022-11-08T19:55:04.545+0900] {logging_mixin.py:117} INFO - [2022-11-08T19:55:04.545+0900] {dag.py:2573} INFO - Sync 1 DAGs
[2022-11-08T19:55:04.556+0900] {logging_mixin.py:117} INFO - [2022-11-08T19:55:04.555+0900] {dag.py:3324} INFO - Setting next_dagrun for example_branch_labels to 2022-11-07T00:00:00+00:00, run_after=2022-11-08T00:00:00+00:00
[2022-11-08T19:55:04.570+0900] {processor.py:178} INFO - Processing /home/steve/.local/lib/python3.8/site-packages/airflow/example_dags/example_branch_labels.py took 0.052 seconds
[2022-11-08T20:27:05.470+0900] {processor.py:156} INFO - Started process (PID=9779) to work on /home/steve/.local/lib/python3.8/site-packages/airflow/example_dags/example_branch_labels.py
[2022-11-08T20:27:05.472+0900] {processor.py:758} INFO - Processing file /home/steve/.local/lib/python3.8/site-packages/airflow/example_dags/example_branch_labels.py for tasks to queue
[2022-11-08T20:27:05.472+0900] {logging_mixin.py:117} INFO - [2022-11-08T20:27:05.472+0900] {dagbag.py:525} INFO - Filling up the DagBag from /home/steve/.local/lib/python3.8/site-packages/airflow/example_dags/example_branch_labels.py
[2022-11-08T20:27:05.480+0900] {processor.py:768} INFO - DAG(s) dict_keys(['example_branch_labels']) retrieved from /home/steve/.local/lib/python3.8/site-packages/airflow/example_dags/example_branch_labels.py
[2022-11-08T20:27:05.496+0900] {logging_mixin.py:117} INFO - [2022-11-08T20:27:05.496+0900] {dag.py:2573} INFO - Sync 1 DAGs
[2022-11-08T20:27:05.507+0900] {logging_mixin.py:117} INFO - [2022-11-08T20:27:05.507+0900] {dag.py:3324} INFO - Setting next_dagrun for example_branch_labels to 2022-11-07T00:00:00+00:00, run_after=2022-11-08T00:00:00+00:00
[2022-11-08T20:27:05.523+0900] {processor.py:178} INFO - Processing /home/steve/.local/lib/python3.8/site-packages/airflow/example_dags/example_branch_labels.py took 0.054 seconds
[2022-11-08T20:27:40.047+0900] {processor.py:156} INFO - Started process (PID=9835) to work on /home/steve/.local/lib/python3.8/site-packages/airflow/example_dags/example_branch_labels.py
[2022-11-08T20:27:40.048+0900] {processor.py:758} INFO - Processing file /home/steve/.local/lib/python3.8/site-packages/airflow/example_dags/example_branch_labels.py for tasks to queue
[2022-11-08T20:27:40.048+0900] {logging_mixin.py:117} INFO - [2022-11-08T20:27:40.048+0900] {dagbag.py:525} INFO - Filling up the DagBag from /home/steve/.local/lib/python3.8/site-packages/airflow/example_dags/example_branch_labels.py
[2022-11-08T20:27:40.056+0900] {processor.py:768} INFO - DAG(s) dict_keys(['example_branch_labels']) retrieved from /home/steve/.local/lib/python3.8/site-packages/airflow/example_dags/example_branch_labels.py
[2022-11-08T20:27:40.070+0900] {logging_mixin.py:117} INFO - [2022-11-08T20:27:40.070+0900] {dag.py:2573} INFO - Sync 1 DAGs
[2022-11-08T20:27:40.081+0900] {logging_mixin.py:117} INFO - [2022-11-08T20:27:40.080+0900] {dag.py:3324} INFO - Setting next_dagrun for example_branch_labels to 2022-11-07T00:00:00+00:00, run_after=2022-11-08T00:00:00+00:00
[2022-11-08T20:27:40.096+0900] {processor.py:178} INFO - Processing /home/steve/.local/lib/python3.8/site-packages/airflow/example_dags/example_branch_labels.py took 0.051 seconds
[2022-11-08T20:28:17.179+0900] {processor.py:156} INFO - Started process (PID=9871) to work on /home/steve/.local/lib/python3.8/site-packages/airflow/example_dags/example_branch_labels.py
[2022-11-08T20:28:17.180+0900] {processor.py:758} INFO - Processing file /home/steve/.local/lib/python3.8/site-packages/airflow/example_dags/example_branch_labels.py for tasks to queue
[2022-11-08T20:28:17.181+0900] {logging_mixin.py:117} INFO - [2022-11-08T20:28:17.180+0900] {dagbag.py:525} INFO - Filling up the DagBag from /home/steve/.local/lib/python3.8/site-packages/airflow/example_dags/example_branch_labels.py
[2022-11-08T20:28:17.191+0900] {processor.py:768} INFO - DAG(s) dict_keys(['example_branch_labels']) retrieved from /home/steve/.local/lib/python3.8/site-packages/airflow/example_dags/example_branch_labels.py
[2022-11-08T20:28:17.210+0900] {logging_mixin.py:117} INFO - [2022-11-08T20:28:17.210+0900] {dag.py:2573} INFO - Sync 1 DAGs
[2022-11-08T20:28:17.222+0900] {logging_mixin.py:117} INFO - [2022-11-08T20:28:17.222+0900] {dag.py:3324} INFO - Setting next_dagrun for example_branch_labels to 2022-11-07T00:00:00+00:00, run_after=2022-11-08T00:00:00+00:00
[2022-11-08T20:28:17.239+0900] {processor.py:178} INFO - Processing /home/steve/.local/lib/python3.8/site-packages/airflow/example_dags/example_branch_labels.py took 0.062 seconds
[2022-11-08T20:28:51.175+0900] {processor.py:156} INFO - Started process (PID=10060) to work on /home/steve/.local/lib/python3.8/site-packages/airflow/example_dags/example_branch_labels.py
[2022-11-08T20:28:51.177+0900] {processor.py:758} INFO - Processing file /home/steve/.local/lib/python3.8/site-packages/airflow/example_dags/example_branch_labels.py for tasks to queue
[2022-11-08T20:28:51.177+0900] {logging_mixin.py:117} INFO - [2022-11-08T20:28:51.177+0900] {dagbag.py:525} INFO - Filling up the DagBag from /home/steve/.local/lib/python3.8/site-packages/airflow/example_dags/example_branch_labels.py
[2022-11-08T20:28:51.185+0900] {processor.py:768} INFO - DAG(s) dict_keys(['example_branch_labels']) retrieved from /home/steve/.local/lib/python3.8/site-packages/airflow/example_dags/example_branch_labels.py
[2022-11-08T20:28:51.200+0900] {logging_mixin.py:117} INFO - [2022-11-08T20:28:51.200+0900] {dag.py:2573} INFO - Sync 1 DAGs
[2022-11-08T20:28:51.210+0900] {logging_mixin.py:117} INFO - [2022-11-08T20:28:51.210+0900] {dag.py:3324} INFO - Setting next_dagrun for example_branch_labels to 2022-11-07T00:00:00+00:00, run_after=2022-11-08T00:00:00+00:00
[2022-11-08T20:28:51.226+0900] {processor.py:178} INFO - Processing /home/steve/.local/lib/python3.8/site-packages/airflow/example_dags/example_branch_labels.py took 0.052 seconds
[2022-11-08T20:29:29.624+0900] {processor.py:156} INFO - Started process (PID=10253) to work on /home/steve/.local/lib/python3.8/site-packages/airflow/example_dags/example_branch_labels.py
[2022-11-08T20:29:29.626+0900] {processor.py:758} INFO - Processing file /home/steve/.local/lib/python3.8/site-packages/airflow/example_dags/example_branch_labels.py for tasks to queue
[2022-11-08T20:29:29.627+0900] {logging_mixin.py:117} INFO - [2022-11-08T20:29:29.627+0900] {dagbag.py:525} INFO - Filling up the DagBag from /home/steve/.local/lib/python3.8/site-packages/airflow/example_dags/example_branch_labels.py
[2022-11-08T20:29:29.636+0900] {processor.py:768} INFO - DAG(s) dict_keys(['example_branch_labels']) retrieved from /home/steve/.local/lib/python3.8/site-packages/airflow/example_dags/example_branch_labels.py
[2022-11-08T20:29:29.653+0900] {logging_mixin.py:117} INFO - [2022-11-08T20:29:29.653+0900] {dag.py:2573} INFO - Sync 1 DAGs
[2022-11-08T20:29:29.663+0900] {logging_mixin.py:117} INFO - [2022-11-08T20:29:29.663+0900] {dag.py:3324} INFO - Setting next_dagrun for example_branch_labels to 2022-11-07T00:00:00+00:00, run_after=2022-11-08T00:00:00+00:00
[2022-11-08T20:29:29.681+0900] {processor.py:178} INFO - Processing /home/steve/.local/lib/python3.8/site-packages/airflow/example_dags/example_branch_labels.py took 0.058 seconds
[2022-11-08T20:30:08.101+0900] {processor.py:156} INFO - Started process (PID=10439) to work on /home/steve/.local/lib/python3.8/site-packages/airflow/example_dags/example_branch_labels.py
[2022-11-08T20:30:08.103+0900] {processor.py:758} INFO - Processing file /home/steve/.local/lib/python3.8/site-packages/airflow/example_dags/example_branch_labels.py for tasks to queue
[2022-11-08T20:30:08.103+0900] {logging_mixin.py:117} INFO - [2022-11-08T20:30:08.103+0900] {dagbag.py:525} INFO - Filling up the DagBag from /home/steve/.local/lib/python3.8/site-packages/airflow/example_dags/example_branch_labels.py
[2022-11-08T20:30:08.111+0900] {processor.py:768} INFO - DAG(s) dict_keys(['example_branch_labels']) retrieved from /home/steve/.local/lib/python3.8/site-packages/airflow/example_dags/example_branch_labels.py
[2022-11-08T20:30:08.127+0900] {logging_mixin.py:117} INFO - [2022-11-08T20:30:08.127+0900] {dag.py:2573} INFO - Sync 1 DAGs
[2022-11-08T20:30:08.139+0900] {logging_mixin.py:117} INFO - [2022-11-08T20:30:08.139+0900] {dag.py:3324} INFO - Setting next_dagrun for example_branch_labels to 2022-11-07T00:00:00+00:00, run_after=2022-11-08T00:00:00+00:00
[2022-11-08T20:30:08.227+0900] {processor.py:178} INFO - Processing /home/steve/.local/lib/python3.8/site-packages/airflow/example_dags/example_branch_labels.py took 0.127 seconds
[2022-11-08T20:30:43.669+0900] {processor.py:156} INFO - Started process (PID=10563) to work on /home/steve/.local/lib/python3.8/site-packages/airflow/example_dags/example_branch_labels.py
[2022-11-08T20:30:43.672+0900] {processor.py:758} INFO - Processing file /home/steve/.local/lib/python3.8/site-packages/airflow/example_dags/example_branch_labels.py for tasks to queue
[2022-11-08T20:30:43.672+0900] {logging_mixin.py:117} INFO - [2022-11-08T20:30:43.672+0900] {dagbag.py:525} INFO - Filling up the DagBag from /home/steve/.local/lib/python3.8/site-packages/airflow/example_dags/example_branch_labels.py
[2022-11-08T20:30:43.681+0900] {processor.py:768} INFO - DAG(s) dict_keys(['example_branch_labels']) retrieved from /home/steve/.local/lib/python3.8/site-packages/airflow/example_dags/example_branch_labels.py
[2022-11-08T20:30:43.699+0900] {logging_mixin.py:117} INFO - [2022-11-08T20:30:43.699+0900] {dag.py:2573} INFO - Sync 1 DAGs
[2022-11-08T20:30:43.790+0900] {logging_mixin.py:117} INFO - [2022-11-08T20:30:43.790+0900] {dag.py:3324} INFO - Setting next_dagrun for example_branch_labels to 2022-11-07T00:00:00+00:00, run_after=2022-11-08T00:00:00+00:00
[2022-11-08T20:30:43.807+0900] {processor.py:178} INFO - Processing /home/steve/.local/lib/python3.8/site-packages/airflow/example_dags/example_branch_labels.py took 0.139 seconds
[2022-11-08T20:31:22.282+0900] {processor.py:156} INFO - Started process (PID=10713) to work on /home/steve/.local/lib/python3.8/site-packages/airflow/example_dags/example_branch_labels.py
[2022-11-08T20:31:22.284+0900] {processor.py:758} INFO - Processing file /home/steve/.local/lib/python3.8/site-packages/airflow/example_dags/example_branch_labels.py for tasks to queue
[2022-11-08T20:31:22.285+0900] {logging_mixin.py:117} INFO - [2022-11-08T20:31:22.285+0900] {dagbag.py:525} INFO - Filling up the DagBag from /home/steve/.local/lib/python3.8/site-packages/airflow/example_dags/example_branch_labels.py
[2022-11-08T20:31:22.293+0900] {processor.py:768} INFO - DAG(s) dict_keys(['example_branch_labels']) retrieved from /home/steve/.local/lib/python3.8/site-packages/airflow/example_dags/example_branch_labels.py
[2022-11-08T20:31:22.309+0900] {logging_mixin.py:117} INFO - [2022-11-08T20:31:22.309+0900] {dag.py:2573} INFO - Sync 1 DAGs
[2022-11-08T20:31:22.398+0900] {logging_mixin.py:117} INFO - [2022-11-08T20:31:22.398+0900] {dag.py:3324} INFO - Setting next_dagrun for example_branch_labels to 2022-11-07T00:00:00+00:00, run_after=2022-11-08T00:00:00+00:00
[2022-11-08T20:31:22.413+0900] {processor.py:178} INFO - Processing /home/steve/.local/lib/python3.8/site-packages/airflow/example_dags/example_branch_labels.py took 0.133 seconds
[2022-11-08T20:32:00.332+0900] {processor.py:156} INFO - Started process (PID=10778) to work on /home/steve/.local/lib/python3.8/site-packages/airflow/example_dags/example_branch_labels.py
[2022-11-08T20:32:00.332+0900] {processor.py:758} INFO - Processing file /home/steve/.local/lib/python3.8/site-packages/airflow/example_dags/example_branch_labels.py for tasks to queue
[2022-11-08T20:32:00.333+0900] {logging_mixin.py:117} INFO - [2022-11-08T20:32:00.333+0900] {dagbag.py:525} INFO - Filling up the DagBag from /home/steve/.local/lib/python3.8/site-packages/airflow/example_dags/example_branch_labels.py
[2022-11-08T20:32:00.341+0900] {processor.py:768} INFO - DAG(s) dict_keys(['example_branch_labels']) retrieved from /home/steve/.local/lib/python3.8/site-packages/airflow/example_dags/example_branch_labels.py
[2022-11-08T20:32:00.432+0900] {logging_mixin.py:117} INFO - [2022-11-08T20:32:00.432+0900] {dag.py:2573} INFO - Sync 1 DAGs
[2022-11-08T20:32:00.441+0900] {logging_mixin.py:117} INFO - [2022-11-08T20:32:00.441+0900] {dag.py:3324} INFO - Setting next_dagrun for example_branch_labels to 2022-11-07T00:00:00+00:00, run_after=2022-11-08T00:00:00+00:00
[2022-11-08T20:32:00.455+0900] {processor.py:178} INFO - Processing /home/steve/.local/lib/python3.8/site-packages/airflow/example_dags/example_branch_labels.py took 0.125 seconds
[2022-11-08T20:32:38.969+0900] {processor.py:156} INFO - Started process (PID=10956) to work on /home/steve/.local/lib/python3.8/site-packages/airflow/example_dags/example_branch_labels.py
[2022-11-08T20:32:38.971+0900] {processor.py:758} INFO - Processing file /home/steve/.local/lib/python3.8/site-packages/airflow/example_dags/example_branch_labels.py for tasks to queue
[2022-11-08T20:32:38.972+0900] {logging_mixin.py:117} INFO - [2022-11-08T20:32:38.972+0900] {dagbag.py:525} INFO - Filling up the DagBag from /home/steve/.local/lib/python3.8/site-packages/airflow/example_dags/example_branch_labels.py
[2022-11-08T20:32:38.981+0900] {processor.py:768} INFO - DAG(s) dict_keys(['example_branch_labels']) retrieved from /home/steve/.local/lib/python3.8/site-packages/airflow/example_dags/example_branch_labels.py
[2022-11-08T20:32:39.081+0900] {logging_mixin.py:117} INFO - [2022-11-08T20:32:39.081+0900] {dag.py:2573} INFO - Sync 1 DAGs
[2022-11-08T20:32:39.092+0900] {logging_mixin.py:117} INFO - [2022-11-08T20:32:39.092+0900] {dag.py:3324} INFO - Setting next_dagrun for example_branch_labels to 2022-11-07T00:00:00+00:00, run_after=2022-11-08T00:00:00+00:00
[2022-11-08T20:32:39.112+0900] {processor.py:178} INFO - Processing /home/steve/.local/lib/python3.8/site-packages/airflow/example_dags/example_branch_labels.py took 0.144 seconds
[2022-11-08T20:33:16.592+0900] {processor.py:156} INFO - Started process (PID=11004) to work on /home/steve/.local/lib/python3.8/site-packages/airflow/example_dags/example_branch_labels.py
[2022-11-08T20:33:16.595+0900] {processor.py:758} INFO - Processing file /home/steve/.local/lib/python3.8/site-packages/airflow/example_dags/example_branch_labels.py for tasks to queue
[2022-11-08T20:33:16.595+0900] {logging_mixin.py:117} INFO - [2022-11-08T20:33:16.595+0900] {dagbag.py:525} INFO - Filling up the DagBag from /home/steve/.local/lib/python3.8/site-packages/airflow/example_dags/example_branch_labels.py
[2022-11-08T20:33:16.603+0900] {processor.py:768} INFO - DAG(s) dict_keys(['example_branch_labels']) retrieved from /home/steve/.local/lib/python3.8/site-packages/airflow/example_dags/example_branch_labels.py
[2022-11-08T20:33:16.682+0900] {logging_mixin.py:117} INFO - [2022-11-08T20:33:16.682+0900] {dag.py:2573} INFO - Sync 1 DAGs
[2022-11-08T20:33:16.691+0900] {logging_mixin.py:117} INFO - [2022-11-08T20:33:16.691+0900] {dag.py:3324} INFO - Setting next_dagrun for example_branch_labels to 2022-11-07T00:00:00+00:00, run_after=2022-11-08T00:00:00+00:00
[2022-11-08T20:33:16.707+0900] {processor.py:178} INFO - Processing /home/steve/.local/lib/python3.8/site-packages/airflow/example_dags/example_branch_labels.py took 0.116 seconds
[2022-11-08T20:33:51.728+0900] {processor.py:156} INFO - Started process (PID=11037) to work on /home/steve/.local/lib/python3.8/site-packages/airflow/example_dags/example_branch_labels.py
[2022-11-08T20:33:51.728+0900] {processor.py:758} INFO - Processing file /home/steve/.local/lib/python3.8/site-packages/airflow/example_dags/example_branch_labels.py for tasks to queue
[2022-11-08T20:33:51.729+0900] {logging_mixin.py:117} INFO - [2022-11-08T20:33:51.729+0900] {dagbag.py:525} INFO - Filling up the DagBag from /home/steve/.local/lib/python3.8/site-packages/airflow/example_dags/example_branch_labels.py
[2022-11-08T20:33:51.812+0900] {processor.py:768} INFO - DAG(s) dict_keys(['example_branch_labels']) retrieved from /home/steve/.local/lib/python3.8/site-packages/airflow/example_dags/example_branch_labels.py
[2022-11-08T20:33:51.825+0900] {logging_mixin.py:117} INFO - [2022-11-08T20:33:51.825+0900] {dag.py:2573} INFO - Sync 1 DAGs
[2022-11-08T20:33:51.836+0900] {logging_mixin.py:117} INFO - [2022-11-08T20:33:51.835+0900] {dag.py:3324} INFO - Setting next_dagrun for example_branch_labels to 2022-11-07T00:00:00+00:00, run_after=2022-11-08T00:00:00+00:00
[2022-11-08T20:33:51.850+0900] {processor.py:178} INFO - Processing /home/steve/.local/lib/python3.8/site-packages/airflow/example_dags/example_branch_labels.py took 0.124 seconds
[2022-11-08T20:34:27.665+0900] {processor.py:156} INFO - Started process (PID=11073) to work on /home/steve/.local/lib/python3.8/site-packages/airflow/example_dags/example_branch_labels.py
[2022-11-08T20:34:27.666+0900] {processor.py:758} INFO - Processing file /home/steve/.local/lib/python3.8/site-packages/airflow/example_dags/example_branch_labels.py for tasks to queue
[2022-11-08T20:34:27.666+0900] {logging_mixin.py:117} INFO - [2022-11-08T20:34:27.666+0900] {dagbag.py:525} INFO - Filling up the DagBag from /home/steve/.local/lib/python3.8/site-packages/airflow/example_dags/example_branch_labels.py
[2022-11-08T20:34:27.675+0900] {processor.py:768} INFO - DAG(s) dict_keys(['example_branch_labels']) retrieved from /home/steve/.local/lib/python3.8/site-packages/airflow/example_dags/example_branch_labels.py
[2022-11-08T20:34:27.691+0900] {logging_mixin.py:117} INFO - [2022-11-08T20:34:27.691+0900] {dag.py:2573} INFO - Sync 1 DAGs
[2022-11-08T20:34:27.703+0900] {logging_mixin.py:117} INFO - [2022-11-08T20:34:27.703+0900] {dag.py:3324} INFO - Setting next_dagrun for example_branch_labels to 2022-11-07T00:00:00+00:00, run_after=2022-11-08T00:00:00+00:00
[2022-11-08T20:34:27.720+0900] {processor.py:178} INFO - Processing /home/steve/.local/lib/python3.8/site-packages/airflow/example_dags/example_branch_labels.py took 0.057 seconds
[2022-11-08T20:35:01.359+0900] {processor.py:156} INFO - Started process (PID=11109) to work on /home/steve/.local/lib/python3.8/site-packages/airflow/example_dags/example_branch_labels.py
[2022-11-08T20:35:01.359+0900] {processor.py:758} INFO - Processing file /home/steve/.local/lib/python3.8/site-packages/airflow/example_dags/example_branch_labels.py for tasks to queue
[2022-11-08T20:35:01.360+0900] {logging_mixin.py:117} INFO - [2022-11-08T20:35:01.360+0900] {dagbag.py:525} INFO - Filling up the DagBag from /home/steve/.local/lib/python3.8/site-packages/airflow/example_dags/example_branch_labels.py
[2022-11-08T20:35:01.368+0900] {processor.py:768} INFO - DAG(s) dict_keys(['example_branch_labels']) retrieved from /home/steve/.local/lib/python3.8/site-packages/airflow/example_dags/example_branch_labels.py
[2022-11-08T20:35:01.383+0900] {logging_mixin.py:117} INFO - [2022-11-08T20:35:01.383+0900] {dag.py:2573} INFO - Sync 1 DAGs
[2022-11-08T20:35:01.393+0900] {logging_mixin.py:117} INFO - [2022-11-08T20:35:01.393+0900] {dag.py:3324} INFO - Setting next_dagrun for example_branch_labels to 2022-11-07T00:00:00+00:00, run_after=2022-11-08T00:00:00+00:00
[2022-11-08T20:35:01.410+0900] {processor.py:178} INFO - Processing /home/steve/.local/lib/python3.8/site-packages/airflow/example_dags/example_branch_labels.py took 0.053 seconds
[2022-11-08T20:35:36.702+0900] {processor.py:156} INFO - Started process (PID=11144) to work on /home/steve/.local/lib/python3.8/site-packages/airflow/example_dags/example_branch_labels.py
[2022-11-08T20:35:36.704+0900] {processor.py:758} INFO - Processing file /home/steve/.local/lib/python3.8/site-packages/airflow/example_dags/example_branch_labels.py for tasks to queue
[2022-11-08T20:35:36.705+0900] {logging_mixin.py:117} INFO - [2022-11-08T20:35:36.704+0900] {dagbag.py:525} INFO - Filling up the DagBag from /home/steve/.local/lib/python3.8/site-packages/airflow/example_dags/example_branch_labels.py
[2022-11-08T20:35:36.713+0900] {processor.py:768} INFO - DAG(s) dict_keys(['example_branch_labels']) retrieved from /home/steve/.local/lib/python3.8/site-packages/airflow/example_dags/example_branch_labels.py
[2022-11-08T20:35:36.731+0900] {logging_mixin.py:117} INFO - [2022-11-08T20:35:36.731+0900] {dag.py:2573} INFO - Sync 1 DAGs
[2022-11-08T20:35:36.743+0900] {logging_mixin.py:117} INFO - [2022-11-08T20:35:36.743+0900] {dag.py:3324} INFO - Setting next_dagrun for example_branch_labels to 2022-11-07T00:00:00+00:00, run_after=2022-11-08T00:00:00+00:00
[2022-11-08T20:35:36.759+0900] {processor.py:178} INFO - Processing /home/steve/.local/lib/python3.8/site-packages/airflow/example_dags/example_branch_labels.py took 0.059 seconds
[2022-11-08T20:36:11.300+0900] {processor.py:156} INFO - Started process (PID=11181) to work on /home/steve/.local/lib/python3.8/site-packages/airflow/example_dags/example_branch_labels.py
[2022-11-08T20:36:11.300+0900] {processor.py:758} INFO - Processing file /home/steve/.local/lib/python3.8/site-packages/airflow/example_dags/example_branch_labels.py for tasks to queue
[2022-11-08T20:36:11.301+0900] {logging_mixin.py:117} INFO - [2022-11-08T20:36:11.301+0900] {dagbag.py:525} INFO - Filling up the DagBag from /home/steve/.local/lib/python3.8/site-packages/airflow/example_dags/example_branch_labels.py
[2022-11-08T20:36:11.308+0900] {processor.py:768} INFO - DAG(s) dict_keys(['example_branch_labels']) retrieved from /home/steve/.local/lib/python3.8/site-packages/airflow/example_dags/example_branch_labels.py
[2022-11-08T20:36:11.323+0900] {logging_mixin.py:117} INFO - [2022-11-08T20:36:11.323+0900] {dag.py:2573} INFO - Sync 1 DAGs
[2022-11-08T20:36:11.333+0900] {logging_mixin.py:117} INFO - [2022-11-08T20:36:11.333+0900] {dag.py:3324} INFO - Setting next_dagrun for example_branch_labels to 2022-11-07T00:00:00+00:00, run_after=2022-11-08T00:00:00+00:00
[2022-11-08T20:36:11.350+0900] {processor.py:178} INFO - Processing /home/steve/.local/lib/python3.8/site-packages/airflow/example_dags/example_branch_labels.py took 0.052 seconds
[2022-11-08T20:36:44.193+0900] {processor.py:156} INFO - Started process (PID=11216) to work on /home/steve/.local/lib/python3.8/site-packages/airflow/example_dags/example_branch_labels.py
[2022-11-08T20:36:44.195+0900] {processor.py:758} INFO - Processing file /home/steve/.local/lib/python3.8/site-packages/airflow/example_dags/example_branch_labels.py for tasks to queue
[2022-11-08T20:36:44.196+0900] {logging_mixin.py:117} INFO - [2022-11-08T20:36:44.196+0900] {dagbag.py:525} INFO - Filling up the DagBag from /home/steve/.local/lib/python3.8/site-packages/airflow/example_dags/example_branch_labels.py
[2022-11-08T20:36:44.204+0900] {processor.py:768} INFO - DAG(s) dict_keys(['example_branch_labels']) retrieved from /home/steve/.local/lib/python3.8/site-packages/airflow/example_dags/example_branch_labels.py
[2022-11-08T20:36:44.218+0900] {logging_mixin.py:117} INFO - [2022-11-08T20:36:44.218+0900] {dag.py:2573} INFO - Sync 1 DAGs
[2022-11-08T20:36:44.228+0900] {logging_mixin.py:117} INFO - [2022-11-08T20:36:44.228+0900] {dag.py:3324} INFO - Setting next_dagrun for example_branch_labels to 2022-11-07T00:00:00+00:00, run_after=2022-11-08T00:00:00+00:00
[2022-11-08T20:36:44.245+0900] {processor.py:178} INFO - Processing /home/steve/.local/lib/python3.8/site-packages/airflow/example_dags/example_branch_labels.py took 0.053 seconds
[2022-11-08T20:37:20.239+0900] {processor.py:156} INFO - Started process (PID=11280) to work on /home/steve/.local/lib/python3.8/site-packages/airflow/example_dags/example_branch_labels.py
[2022-11-08T20:37:20.241+0900] {processor.py:758} INFO - Processing file /home/steve/.local/lib/python3.8/site-packages/airflow/example_dags/example_branch_labels.py for tasks to queue
[2022-11-08T20:37:20.242+0900] {logging_mixin.py:117} INFO - [2022-11-08T20:37:20.241+0900] {dagbag.py:525} INFO - Filling up the DagBag from /home/steve/.local/lib/python3.8/site-packages/airflow/example_dags/example_branch_labels.py
[2022-11-08T20:37:20.250+0900] {processor.py:768} INFO - DAG(s) dict_keys(['example_branch_labels']) retrieved from /home/steve/.local/lib/python3.8/site-packages/airflow/example_dags/example_branch_labels.py
[2022-11-08T20:37:20.264+0900] {logging_mixin.py:117} INFO - [2022-11-08T20:37:20.264+0900] {dag.py:2573} INFO - Sync 1 DAGs
[2022-11-08T20:37:20.274+0900] {logging_mixin.py:117} INFO - [2022-11-08T20:37:20.274+0900] {dag.py:3324} INFO - Setting next_dagrun for example_branch_labels to 2022-11-07T00:00:00+00:00, run_after=2022-11-08T00:00:00+00:00
[2022-11-08T20:37:20.291+0900] {processor.py:178} INFO - Processing /home/steve/.local/lib/python3.8/site-packages/airflow/example_dags/example_branch_labels.py took 0.053 seconds
[2022-11-08T20:37:51.157+0900] {processor.py:156} INFO - Started process (PID=11315) to work on /home/steve/.local/lib/python3.8/site-packages/airflow/example_dags/example_branch_labels.py
[2022-11-08T20:37:51.158+0900] {processor.py:758} INFO - Processing file /home/steve/.local/lib/python3.8/site-packages/airflow/example_dags/example_branch_labels.py for tasks to queue
[2022-11-08T20:37:51.158+0900] {logging_mixin.py:117} INFO - [2022-11-08T20:37:51.158+0900] {dagbag.py:525} INFO - Filling up the DagBag from /home/steve/.local/lib/python3.8/site-packages/airflow/example_dags/example_branch_labels.py
[2022-11-08T20:37:51.166+0900] {processor.py:768} INFO - DAG(s) dict_keys(['example_branch_labels']) retrieved from /home/steve/.local/lib/python3.8/site-packages/airflow/example_dags/example_branch_labels.py
[2022-11-08T20:37:51.180+0900] {logging_mixin.py:117} INFO - [2022-11-08T20:37:51.180+0900] {dag.py:2573} INFO - Sync 1 DAGs
[2022-11-08T20:37:51.191+0900] {logging_mixin.py:117} INFO - [2022-11-08T20:37:51.191+0900] {dag.py:3324} INFO - Setting next_dagrun for example_branch_labels to 2022-11-07T00:00:00+00:00, run_after=2022-11-08T00:00:00+00:00
[2022-11-08T20:37:51.206+0900] {processor.py:178} INFO - Processing /home/steve/.local/lib/python3.8/site-packages/airflow/example_dags/example_branch_labels.py took 0.050 seconds
[2022-11-08T20:38:26.486+0900] {processor.py:156} INFO - Started process (PID=11351) to work on /home/steve/.local/lib/python3.8/site-packages/airflow/example_dags/example_branch_labels.py
[2022-11-08T20:38:26.488+0900] {processor.py:758} INFO - Processing file /home/steve/.local/lib/python3.8/site-packages/airflow/example_dags/example_branch_labels.py for tasks to queue
[2022-11-08T20:38:26.488+0900] {logging_mixin.py:117} INFO - [2022-11-08T20:38:26.488+0900] {dagbag.py:525} INFO - Filling up the DagBag from /home/steve/.local/lib/python3.8/site-packages/airflow/example_dags/example_branch_labels.py
[2022-11-08T20:38:26.496+0900] {processor.py:768} INFO - DAG(s) dict_keys(['example_branch_labels']) retrieved from /home/steve/.local/lib/python3.8/site-packages/airflow/example_dags/example_branch_labels.py
[2022-11-08T20:38:26.510+0900] {logging_mixin.py:117} INFO - [2022-11-08T20:38:26.510+0900] {dag.py:2573} INFO - Sync 1 DAGs
[2022-11-08T20:38:26.521+0900] {logging_mixin.py:117} INFO - [2022-11-08T20:38:26.521+0900] {dag.py:3324} INFO - Setting next_dagrun for example_branch_labels to 2022-11-07T00:00:00+00:00, run_after=2022-11-08T00:00:00+00:00
[2022-11-08T20:38:26.536+0900] {processor.py:178} INFO - Processing /home/steve/.local/lib/python3.8/site-packages/airflow/example_dags/example_branch_labels.py took 0.052 seconds
[2022-11-08T20:38:59.164+0900] {processor.py:156} INFO - Started process (PID=11387) to work on /home/steve/.local/lib/python3.8/site-packages/airflow/example_dags/example_branch_labels.py
[2022-11-08T20:38:59.167+0900] {processor.py:758} INFO - Processing file /home/steve/.local/lib/python3.8/site-packages/airflow/example_dags/example_branch_labels.py for tasks to queue
[2022-11-08T20:38:59.167+0900] {logging_mixin.py:117} INFO - [2022-11-08T20:38:59.167+0900] {dagbag.py:525} INFO - Filling up the DagBag from /home/steve/.local/lib/python3.8/site-packages/airflow/example_dags/example_branch_labels.py
[2022-11-08T20:38:59.175+0900] {processor.py:768} INFO - DAG(s) dict_keys(['example_branch_labels']) retrieved from /home/steve/.local/lib/python3.8/site-packages/airflow/example_dags/example_branch_labels.py
[2022-11-08T20:38:59.189+0900] {logging_mixin.py:117} INFO - [2022-11-08T20:38:59.189+0900] {dag.py:2573} INFO - Sync 1 DAGs
[2022-11-08T20:38:59.199+0900] {logging_mixin.py:117} INFO - [2022-11-08T20:38:59.199+0900] {dag.py:3324} INFO - Setting next_dagrun for example_branch_labels to 2022-11-07T00:00:00+00:00, run_after=2022-11-08T00:00:00+00:00
[2022-11-08T20:38:59.215+0900] {processor.py:178} INFO - Processing /home/steve/.local/lib/python3.8/site-packages/airflow/example_dags/example_branch_labels.py took 0.052 seconds
[2022-11-08T20:39:36.320+0900] {processor.py:156} INFO - Started process (PID=11424) to work on /home/steve/.local/lib/python3.8/site-packages/airflow/example_dags/example_branch_labels.py
[2022-11-08T20:39:36.322+0900] {processor.py:758} INFO - Processing file /home/steve/.local/lib/python3.8/site-packages/airflow/example_dags/example_branch_labels.py for tasks to queue
[2022-11-08T20:39:36.322+0900] {logging_mixin.py:117} INFO - [2022-11-08T20:39:36.322+0900] {dagbag.py:525} INFO - Filling up the DagBag from /home/steve/.local/lib/python3.8/site-packages/airflow/example_dags/example_branch_labels.py
[2022-11-08T20:39:36.330+0900] {processor.py:768} INFO - DAG(s) dict_keys(['example_branch_labels']) retrieved from /home/steve/.local/lib/python3.8/site-packages/airflow/example_dags/example_branch_labels.py
[2022-11-08T20:39:36.345+0900] {logging_mixin.py:117} INFO - [2022-11-08T20:39:36.345+0900] {dag.py:2573} INFO - Sync 1 DAGs
[2022-11-08T20:39:36.356+0900] {logging_mixin.py:117} INFO - [2022-11-08T20:39:36.355+0900] {dag.py:3324} INFO - Setting next_dagrun for example_branch_labels to 2022-11-07T00:00:00+00:00, run_after=2022-11-08T00:00:00+00:00
[2022-11-08T20:39:36.371+0900] {processor.py:178} INFO - Processing /home/steve/.local/lib/python3.8/site-packages/airflow/example_dags/example_branch_labels.py took 0.053 seconds
[2022-11-08T20:40:11.140+0900] {processor.py:156} INFO - Started process (PID=11458) to work on /home/steve/.local/lib/python3.8/site-packages/airflow/example_dags/example_branch_labels.py
[2022-11-08T20:40:11.141+0900] {processor.py:758} INFO - Processing file /home/steve/.local/lib/python3.8/site-packages/airflow/example_dags/example_branch_labels.py for tasks to queue
[2022-11-08T20:40:11.141+0900] {logging_mixin.py:117} INFO - [2022-11-08T20:40:11.141+0900] {dagbag.py:525} INFO - Filling up the DagBag from /home/steve/.local/lib/python3.8/site-packages/airflow/example_dags/example_branch_labels.py
[2022-11-08T20:40:11.149+0900] {processor.py:768} INFO - DAG(s) dict_keys(['example_branch_labels']) retrieved from /home/steve/.local/lib/python3.8/site-packages/airflow/example_dags/example_branch_labels.py
[2022-11-08T20:40:11.164+0900] {logging_mixin.py:117} INFO - [2022-11-08T20:40:11.164+0900] {dag.py:2573} INFO - Sync 1 DAGs
[2022-11-08T20:40:11.175+0900] {logging_mixin.py:117} INFO - [2022-11-08T20:40:11.175+0900] {dag.py:3324} INFO - Setting next_dagrun for example_branch_labels to 2022-11-07T00:00:00+00:00, run_after=2022-11-08T00:00:00+00:00
[2022-11-08T20:40:11.189+0900] {processor.py:178} INFO - Processing /home/steve/.local/lib/python3.8/site-packages/airflow/example_dags/example_branch_labels.py took 0.051 seconds
[2022-11-08T20:40:43.876+0900] {processor.py:156} INFO - Started process (PID=11494) to work on /home/steve/.local/lib/python3.8/site-packages/airflow/example_dags/example_branch_labels.py
[2022-11-08T20:40:43.877+0900] {processor.py:758} INFO - Processing file /home/steve/.local/lib/python3.8/site-packages/airflow/example_dags/example_branch_labels.py for tasks to queue
[2022-11-08T20:40:43.877+0900] {logging_mixin.py:117} INFO - [2022-11-08T20:40:43.877+0900] {dagbag.py:525} INFO - Filling up the DagBag from /home/steve/.local/lib/python3.8/site-packages/airflow/example_dags/example_branch_labels.py
[2022-11-08T20:40:43.885+0900] {processor.py:768} INFO - DAG(s) dict_keys(['example_branch_labels']) retrieved from /home/steve/.local/lib/python3.8/site-packages/airflow/example_dags/example_branch_labels.py
[2022-11-08T20:40:43.900+0900] {logging_mixin.py:117} INFO - [2022-11-08T20:40:43.900+0900] {dag.py:2573} INFO - Sync 1 DAGs
[2022-11-08T20:40:43.910+0900] {logging_mixin.py:117} INFO - [2022-11-08T20:40:43.910+0900] {dag.py:3324} INFO - Setting next_dagrun for example_branch_labels to 2022-11-07T00:00:00+00:00, run_after=2022-11-08T00:00:00+00:00
[2022-11-08T20:40:43.926+0900] {processor.py:178} INFO - Processing /home/steve/.local/lib/python3.8/site-packages/airflow/example_dags/example_branch_labels.py took 0.052 seconds
[2022-11-08T20:41:16.666+0900] {processor.py:156} INFO - Started process (PID=11528) to work on /home/steve/.local/lib/python3.8/site-packages/airflow/example_dags/example_branch_labels.py
[2022-11-08T20:41:16.666+0900] {processor.py:758} INFO - Processing file /home/steve/.local/lib/python3.8/site-packages/airflow/example_dags/example_branch_labels.py for tasks to queue
[2022-11-08T20:41:16.667+0900] {logging_mixin.py:117} INFO - [2022-11-08T20:41:16.667+0900] {dagbag.py:525} INFO - Filling up the DagBag from /home/steve/.local/lib/python3.8/site-packages/airflow/example_dags/example_branch_labels.py
[2022-11-08T20:41:16.677+0900] {processor.py:768} INFO - DAG(s) dict_keys(['example_branch_labels']) retrieved from /home/steve/.local/lib/python3.8/site-packages/airflow/example_dags/example_branch_labels.py
[2022-11-08T20:41:16.694+0900] {logging_mixin.py:117} INFO - [2022-11-08T20:41:16.694+0900] {dag.py:2573} INFO - Sync 1 DAGs
[2022-11-08T20:41:16.707+0900] {logging_mixin.py:117} INFO - [2022-11-08T20:41:16.707+0900] {dag.py:3324} INFO - Setting next_dagrun for example_branch_labels to 2022-11-07T00:00:00+00:00, run_after=2022-11-08T00:00:00+00:00
[2022-11-08T20:41:16.726+0900] {processor.py:178} INFO - Processing /home/steve/.local/lib/python3.8/site-packages/airflow/example_dags/example_branch_labels.py took 0.062 seconds
[2022-11-08T20:41:52.620+0900] {processor.py:156} INFO - Started process (PID=11579) to work on /home/steve/.local/lib/python3.8/site-packages/airflow/example_dags/example_branch_labels.py
[2022-11-08T20:41:52.622+0900] {processor.py:758} INFO - Processing file /home/steve/.local/lib/python3.8/site-packages/airflow/example_dags/example_branch_labels.py for tasks to queue
[2022-11-08T20:41:52.622+0900] {logging_mixin.py:117} INFO - [2022-11-08T20:41:52.622+0900] {dagbag.py:525} INFO - Filling up the DagBag from /home/steve/.local/lib/python3.8/site-packages/airflow/example_dags/example_branch_labels.py
[2022-11-08T20:41:52.630+0900] {processor.py:768} INFO - DAG(s) dict_keys(['example_branch_labels']) retrieved from /home/steve/.local/lib/python3.8/site-packages/airflow/example_dags/example_branch_labels.py
[2022-11-08T20:41:52.644+0900] {logging_mixin.py:117} INFO - [2022-11-08T20:41:52.644+0900] {dag.py:2573} INFO - Sync 1 DAGs
[2022-11-08T20:41:52.655+0900] {logging_mixin.py:117} INFO - [2022-11-08T20:41:52.655+0900] {dag.py:3324} INFO - Setting next_dagrun for example_branch_labels to 2022-11-07T00:00:00+00:00, run_after=2022-11-08T00:00:00+00:00
[2022-11-08T20:41:52.671+0900] {processor.py:178} INFO - Processing /home/steve/.local/lib/python3.8/site-packages/airflow/example_dags/example_branch_labels.py took 0.053 seconds
[2022-11-08T20:42:28.084+0900] {processor.py:156} INFO - Started process (PID=11630) to work on /home/steve/.local/lib/python3.8/site-packages/airflow/example_dags/example_branch_labels.py
[2022-11-08T20:42:28.086+0900] {processor.py:758} INFO - Processing file /home/steve/.local/lib/python3.8/site-packages/airflow/example_dags/example_branch_labels.py for tasks to queue
[2022-11-08T20:42:28.087+0900] {logging_mixin.py:117} INFO - [2022-11-08T20:42:28.087+0900] {dagbag.py:525} INFO - Filling up the DagBag from /home/steve/.local/lib/python3.8/site-packages/airflow/example_dags/example_branch_labels.py
[2022-11-08T20:42:28.095+0900] {processor.py:768} INFO - DAG(s) dict_keys(['example_branch_labels']) retrieved from /home/steve/.local/lib/python3.8/site-packages/airflow/example_dags/example_branch_labels.py
[2022-11-08T20:42:28.111+0900] {logging_mixin.py:117} INFO - [2022-11-08T20:42:28.111+0900] {dag.py:2573} INFO - Sync 1 DAGs
[2022-11-08T20:42:28.121+0900] {logging_mixin.py:117} INFO - [2022-11-08T20:42:28.121+0900] {dag.py:3324} INFO - Setting next_dagrun for example_branch_labels to 2022-11-07T00:00:00+00:00, run_after=2022-11-08T00:00:00+00:00
[2022-11-08T20:42:28.137+0900] {processor.py:178} INFO - Processing /home/steve/.local/lib/python3.8/site-packages/airflow/example_dags/example_branch_labels.py took 0.054 seconds
[2022-11-08T20:43:04.362+0900] {processor.py:156} INFO - Started process (PID=11668) to work on /home/steve/.local/lib/python3.8/site-packages/airflow/example_dags/example_branch_labels.py
[2022-11-08T20:43:04.364+0900] {processor.py:758} INFO - Processing file /home/steve/.local/lib/python3.8/site-packages/airflow/example_dags/example_branch_labels.py for tasks to queue
[2022-11-08T20:43:04.364+0900] {logging_mixin.py:117} INFO - [2022-11-08T20:43:04.364+0900] {dagbag.py:525} INFO - Filling up the DagBag from /home/steve/.local/lib/python3.8/site-packages/airflow/example_dags/example_branch_labels.py
[2022-11-08T20:43:04.374+0900] {processor.py:768} INFO - DAG(s) dict_keys(['example_branch_labels']) retrieved from /home/steve/.local/lib/python3.8/site-packages/airflow/example_dags/example_branch_labels.py
[2022-11-08T20:43:04.393+0900] {logging_mixin.py:117} INFO - [2022-11-08T20:43:04.393+0900] {dag.py:2573} INFO - Sync 1 DAGs
[2022-11-08T20:43:04.405+0900] {logging_mixin.py:117} INFO - [2022-11-08T20:43:04.405+0900] {dag.py:3324} INFO - Setting next_dagrun for example_branch_labels to 2022-11-07T00:00:00+00:00, run_after=2022-11-08T00:00:00+00:00
[2022-11-08T20:43:04.423+0900] {processor.py:178} INFO - Processing /home/steve/.local/lib/python3.8/site-packages/airflow/example_dags/example_branch_labels.py took 0.062 seconds
[2022-11-08T20:43:42.677+0900] {processor.py:156} INFO - Started process (PID=11706) to work on /home/steve/.local/lib/python3.8/site-packages/airflow/example_dags/example_branch_labels.py
[2022-11-08T20:43:42.678+0900] {processor.py:758} INFO - Processing file /home/steve/.local/lib/python3.8/site-packages/airflow/example_dags/example_branch_labels.py for tasks to queue
[2022-11-08T20:43:42.678+0900] {logging_mixin.py:117} INFO - [2022-11-08T20:43:42.678+0900] {dagbag.py:525} INFO - Filling up the DagBag from /home/steve/.local/lib/python3.8/site-packages/airflow/example_dags/example_branch_labels.py
[2022-11-08T20:43:42.688+0900] {processor.py:768} INFO - DAG(s) dict_keys(['example_branch_labels']) retrieved from /home/steve/.local/lib/python3.8/site-packages/airflow/example_dags/example_branch_labels.py
[2022-11-08T20:43:42.708+0900] {logging_mixin.py:117} INFO - [2022-11-08T20:43:42.708+0900] {dag.py:2573} INFO - Sync 1 DAGs
[2022-11-08T20:43:42.720+0900] {logging_mixin.py:117} INFO - [2022-11-08T20:43:42.720+0900] {dag.py:3324} INFO - Setting next_dagrun for example_branch_labels to 2022-11-07T00:00:00+00:00, run_after=2022-11-08T00:00:00+00:00
[2022-11-08T20:43:42.738+0900] {processor.py:178} INFO - Processing /home/steve/.local/lib/python3.8/site-packages/airflow/example_dags/example_branch_labels.py took 0.064 seconds
[2022-11-08T20:44:15.545+0900] {processor.py:156} INFO - Started process (PID=11742) to work on /home/steve/.local/lib/python3.8/site-packages/airflow/example_dags/example_branch_labels.py
[2022-11-08T20:44:15.547+0900] {processor.py:758} INFO - Processing file /home/steve/.local/lib/python3.8/site-packages/airflow/example_dags/example_branch_labels.py for tasks to queue
[2022-11-08T20:44:15.548+0900] {logging_mixin.py:117} INFO - [2022-11-08T20:44:15.547+0900] {dagbag.py:525} INFO - Filling up the DagBag from /home/steve/.local/lib/python3.8/site-packages/airflow/example_dags/example_branch_labels.py
[2022-11-08T20:44:15.558+0900] {processor.py:768} INFO - DAG(s) dict_keys(['example_branch_labels']) retrieved from /home/steve/.local/lib/python3.8/site-packages/airflow/example_dags/example_branch_labels.py
[2022-11-08T20:44:15.578+0900] {logging_mixin.py:117} INFO - [2022-11-08T20:44:15.577+0900] {dag.py:2573} INFO - Sync 1 DAGs
[2022-11-08T20:44:15.593+0900] {logging_mixin.py:117} INFO - [2022-11-08T20:44:15.593+0900] {dag.py:3324} INFO - Setting next_dagrun for example_branch_labels to 2022-11-07T00:00:00+00:00, run_after=2022-11-08T00:00:00+00:00
[2022-11-08T20:44:15.611+0900] {processor.py:178} INFO - Processing /home/steve/.local/lib/python3.8/site-packages/airflow/example_dags/example_branch_labels.py took 0.068 seconds
[2022-11-08T20:44:46.712+0900] {processor.py:156} INFO - Started process (PID=11776) to work on /home/steve/.local/lib/python3.8/site-packages/airflow/example_dags/example_branch_labels.py
[2022-11-08T20:44:46.712+0900] {processor.py:758} INFO - Processing file /home/steve/.local/lib/python3.8/site-packages/airflow/example_dags/example_branch_labels.py for tasks to queue
[2022-11-08T20:44:46.713+0900] {logging_mixin.py:117} INFO - [2022-11-08T20:44:46.713+0900] {dagbag.py:525} INFO - Filling up the DagBag from /home/steve/.local/lib/python3.8/site-packages/airflow/example_dags/example_branch_labels.py
[2022-11-08T20:44:46.721+0900] {processor.py:768} INFO - DAG(s) dict_keys(['example_branch_labels']) retrieved from /home/steve/.local/lib/python3.8/site-packages/airflow/example_dags/example_branch_labels.py
[2022-11-08T20:44:46.737+0900] {logging_mixin.py:117} INFO - [2022-11-08T20:44:46.737+0900] {dag.py:2573} INFO - Sync 1 DAGs
[2022-11-08T20:44:46.749+0900] {logging_mixin.py:117} INFO - [2022-11-08T20:44:46.749+0900] {dag.py:3324} INFO - Setting next_dagrun for example_branch_labels to 2022-11-07T00:00:00+00:00, run_after=2022-11-08T00:00:00+00:00
[2022-11-08T20:44:46.765+0900] {processor.py:178} INFO - Processing /home/steve/.local/lib/python3.8/site-packages/airflow/example_dags/example_branch_labels.py took 0.054 seconds
[2022-11-08T20:45:23.354+0900] {processor.py:156} INFO - Started process (PID=11812) to work on /home/steve/.local/lib/python3.8/site-packages/airflow/example_dags/example_branch_labels.py
[2022-11-08T20:45:23.356+0900] {processor.py:758} INFO - Processing file /home/steve/.local/lib/python3.8/site-packages/airflow/example_dags/example_branch_labels.py for tasks to queue
[2022-11-08T20:45:23.356+0900] {logging_mixin.py:117} INFO - [2022-11-08T20:45:23.356+0900] {dagbag.py:525} INFO - Filling up the DagBag from /home/steve/.local/lib/python3.8/site-packages/airflow/example_dags/example_branch_labels.py
[2022-11-08T20:45:23.364+0900] {processor.py:768} INFO - DAG(s) dict_keys(['example_branch_labels']) retrieved from /home/steve/.local/lib/python3.8/site-packages/airflow/example_dags/example_branch_labels.py
[2022-11-08T20:45:23.378+0900] {logging_mixin.py:117} INFO - [2022-11-08T20:45:23.378+0900] {dag.py:2573} INFO - Sync 1 DAGs
[2022-11-08T20:45:23.389+0900] {logging_mixin.py:117} INFO - [2022-11-08T20:45:23.389+0900] {dag.py:3324} INFO - Setting next_dagrun for example_branch_labels to 2022-11-07T00:00:00+00:00, run_after=2022-11-08T00:00:00+00:00
[2022-11-08T20:45:23.404+0900] {processor.py:178} INFO - Processing /home/steve/.local/lib/python3.8/site-packages/airflow/example_dags/example_branch_labels.py took 0.052 seconds
[2022-11-08T20:45:58.626+0900] {processor.py:156} INFO - Started process (PID=11849) to work on /home/steve/.local/lib/python3.8/site-packages/airflow/example_dags/example_branch_labels.py
[2022-11-08T20:45:58.628+0900] {processor.py:758} INFO - Processing file /home/steve/.local/lib/python3.8/site-packages/airflow/example_dags/example_branch_labels.py for tasks to queue
[2022-11-08T20:45:58.628+0900] {logging_mixin.py:117} INFO - [2022-11-08T20:45:58.628+0900] {dagbag.py:525} INFO - Filling up the DagBag from /home/steve/.local/lib/python3.8/site-packages/airflow/example_dags/example_branch_labels.py
[2022-11-08T20:45:58.636+0900] {processor.py:768} INFO - DAG(s) dict_keys(['example_branch_labels']) retrieved from /home/steve/.local/lib/python3.8/site-packages/airflow/example_dags/example_branch_labels.py
[2022-11-08T20:45:58.652+0900] {logging_mixin.py:117} INFO - [2022-11-08T20:45:58.652+0900] {dag.py:2573} INFO - Sync 1 DAGs
[2022-11-08T20:45:58.663+0900] {logging_mixin.py:117} INFO - [2022-11-08T20:45:58.663+0900] {dag.py:3324} INFO - Setting next_dagrun for example_branch_labels to 2022-11-07T00:00:00+00:00, run_after=2022-11-08T00:00:00+00:00
[2022-11-08T20:45:58.679+0900] {processor.py:178} INFO - Processing /home/steve/.local/lib/python3.8/site-packages/airflow/example_dags/example_branch_labels.py took 0.055 seconds
[2022-11-08T20:46:32.912+0900] {processor.py:156} INFO - Started process (PID=11883) to work on /home/steve/.local/lib/python3.8/site-packages/airflow/example_dags/example_branch_labels.py
[2022-11-08T20:46:32.913+0900] {processor.py:758} INFO - Processing file /home/steve/.local/lib/python3.8/site-packages/airflow/example_dags/example_branch_labels.py for tasks to queue
[2022-11-08T20:46:32.913+0900] {logging_mixin.py:117} INFO - [2022-11-08T20:46:32.913+0900] {dagbag.py:525} INFO - Filling up the DagBag from /home/steve/.local/lib/python3.8/site-packages/airflow/example_dags/example_branch_labels.py
[2022-11-08T20:46:32.922+0900] {processor.py:768} INFO - DAG(s) dict_keys(['example_branch_labels']) retrieved from /home/steve/.local/lib/python3.8/site-packages/airflow/example_dags/example_branch_labels.py
[2022-11-08T20:46:32.938+0900] {logging_mixin.py:117} INFO - [2022-11-08T20:46:32.938+0900] {dag.py:2573} INFO - Sync 1 DAGs
[2022-11-08T20:46:32.948+0900] {logging_mixin.py:117} INFO - [2022-11-08T20:46:32.948+0900] {dag.py:3324} INFO - Setting next_dagrun for example_branch_labels to 2022-11-07T00:00:00+00:00, run_after=2022-11-08T00:00:00+00:00
[2022-11-08T20:46:32.965+0900] {processor.py:178} INFO - Processing /home/steve/.local/lib/python3.8/site-packages/airflow/example_dags/example_branch_labels.py took 0.055 seconds
[2022-11-08T20:47:07.118+0900] {processor.py:156} INFO - Started process (PID=12031) to work on /home/steve/.local/lib/python3.8/site-packages/airflow/example_dags/example_branch_labels.py
[2022-11-08T20:47:07.120+0900] {processor.py:758} INFO - Processing file /home/steve/.local/lib/python3.8/site-packages/airflow/example_dags/example_branch_labels.py for tasks to queue
[2022-11-08T20:47:07.120+0900] {logging_mixin.py:117} INFO - [2022-11-08T20:47:07.120+0900] {dagbag.py:525} INFO - Filling up the DagBag from /home/steve/.local/lib/python3.8/site-packages/airflow/example_dags/example_branch_labels.py
[2022-11-08T20:47:07.128+0900] {processor.py:768} INFO - DAG(s) dict_keys(['example_branch_labels']) retrieved from /home/steve/.local/lib/python3.8/site-packages/airflow/example_dags/example_branch_labels.py
[2022-11-08T20:47:07.144+0900] {logging_mixin.py:117} INFO - [2022-11-08T20:47:07.144+0900] {dag.py:2573} INFO - Sync 1 DAGs
[2022-11-08T20:47:07.156+0900] {logging_mixin.py:117} INFO - [2022-11-08T20:47:07.155+0900] {dag.py:3324} INFO - Setting next_dagrun for example_branch_labels to 2022-11-07T00:00:00+00:00, run_after=2022-11-08T00:00:00+00:00
[2022-11-08T20:47:07.172+0900] {processor.py:178} INFO - Processing /home/steve/.local/lib/python3.8/site-packages/airflow/example_dags/example_branch_labels.py took 0.057 seconds
[2022-11-08T20:47:44.405+0900] {processor.py:156} INFO - Started process (PID=12244) to work on /home/steve/.local/lib/python3.8/site-packages/airflow/example_dags/example_branch_labels.py
[2022-11-08T20:47:44.407+0900] {processor.py:758} INFO - Processing file /home/steve/.local/lib/python3.8/site-packages/airflow/example_dags/example_branch_labels.py for tasks to queue
[2022-11-08T20:47:44.407+0900] {logging_mixin.py:117} INFO - [2022-11-08T20:47:44.407+0900] {dagbag.py:525} INFO - Filling up the DagBag from /home/steve/.local/lib/python3.8/site-packages/airflow/example_dags/example_branch_labels.py
[2022-11-08T20:47:44.417+0900] {processor.py:768} INFO - DAG(s) dict_keys(['example_branch_labels']) retrieved from /home/steve/.local/lib/python3.8/site-packages/airflow/example_dags/example_branch_labels.py
[2022-11-08T20:47:44.435+0900] {logging_mixin.py:117} INFO - [2022-11-08T20:47:44.435+0900] {dag.py:2573} INFO - Sync 1 DAGs
[2022-11-08T20:47:44.447+0900] {logging_mixin.py:117} INFO - [2022-11-08T20:47:44.447+0900] {dag.py:3324} INFO - Setting next_dagrun for example_branch_labels to 2022-11-07T00:00:00+00:00, run_after=2022-11-08T00:00:00+00:00
[2022-11-08T20:47:44.463+0900] {processor.py:178} INFO - Processing /home/steve/.local/lib/python3.8/site-packages/airflow/example_dags/example_branch_labels.py took 0.060 seconds
[2022-11-08T20:48:18.205+0900] {processor.py:156} INFO - Started process (PID=12279) to work on /home/steve/.local/lib/python3.8/site-packages/airflow/example_dags/example_branch_labels.py
[2022-11-08T20:48:18.208+0900] {processor.py:758} INFO - Processing file /home/steve/.local/lib/python3.8/site-packages/airflow/example_dags/example_branch_labels.py for tasks to queue
[2022-11-08T20:48:18.209+0900] {logging_mixin.py:117} INFO - [2022-11-08T20:48:18.208+0900] {dagbag.py:525} INFO - Filling up the DagBag from /home/steve/.local/lib/python3.8/site-packages/airflow/example_dags/example_branch_labels.py
[2022-11-08T20:48:18.218+0900] {processor.py:768} INFO - DAG(s) dict_keys(['example_branch_labels']) retrieved from /home/steve/.local/lib/python3.8/site-packages/airflow/example_dags/example_branch_labels.py
[2022-11-08T20:48:18.235+0900] {logging_mixin.py:117} INFO - [2022-11-08T20:48:18.235+0900] {dag.py:2573} INFO - Sync 1 DAGs
[2022-11-08T20:48:18.246+0900] {logging_mixin.py:117} INFO - [2022-11-08T20:48:18.246+0900] {dag.py:3324} INFO - Setting next_dagrun for example_branch_labels to 2022-11-07T00:00:00+00:00, run_after=2022-11-08T00:00:00+00:00
[2022-11-08T20:48:18.262+0900] {processor.py:178} INFO - Processing /home/steve/.local/lib/python3.8/site-packages/airflow/example_dags/example_branch_labels.py took 0.058 seconds
[2022-11-08T20:48:54.381+0900] {processor.py:156} INFO - Started process (PID=12316) to work on /home/steve/.local/lib/python3.8/site-packages/airflow/example_dags/example_branch_labels.py
[2022-11-08T20:48:54.383+0900] {processor.py:758} INFO - Processing file /home/steve/.local/lib/python3.8/site-packages/airflow/example_dags/example_branch_labels.py for tasks to queue
[2022-11-08T20:48:54.383+0900] {logging_mixin.py:117} INFO - [2022-11-08T20:48:54.383+0900] {dagbag.py:525} INFO - Filling up the DagBag from /home/steve/.local/lib/python3.8/site-packages/airflow/example_dags/example_branch_labels.py
[2022-11-08T20:48:54.392+0900] {processor.py:768} INFO - DAG(s) dict_keys(['example_branch_labels']) retrieved from /home/steve/.local/lib/python3.8/site-packages/airflow/example_dags/example_branch_labels.py
[2022-11-08T20:48:54.408+0900] {logging_mixin.py:117} INFO - [2022-11-08T20:48:54.408+0900] {dag.py:2573} INFO - Sync 1 DAGs
[2022-11-08T20:48:54.421+0900] {logging_mixin.py:117} INFO - [2022-11-08T20:48:54.421+0900] {dag.py:3324} INFO - Setting next_dagrun for example_branch_labels to 2022-11-07T00:00:00+00:00, run_after=2022-11-08T00:00:00+00:00
[2022-11-08T20:48:54.436+0900] {processor.py:178} INFO - Processing /home/steve/.local/lib/python3.8/site-packages/airflow/example_dags/example_branch_labels.py took 0.057 seconds
[2022-11-08T20:49:30.206+0900] {processor.py:156} INFO - Started process (PID=12353) to work on /home/steve/.local/lib/python3.8/site-packages/airflow/example_dags/example_branch_labels.py
[2022-11-08T20:49:30.207+0900] {processor.py:758} INFO - Processing file /home/steve/.local/lib/python3.8/site-packages/airflow/example_dags/example_branch_labels.py for tasks to queue
[2022-11-08T20:49:30.207+0900] {logging_mixin.py:117} INFO - [2022-11-08T20:49:30.207+0900] {dagbag.py:525} INFO - Filling up the DagBag from /home/steve/.local/lib/python3.8/site-packages/airflow/example_dags/example_branch_labels.py
[2022-11-08T20:49:30.215+0900] {processor.py:768} INFO - DAG(s) dict_keys(['example_branch_labels']) retrieved from /home/steve/.local/lib/python3.8/site-packages/airflow/example_dags/example_branch_labels.py
[2022-11-08T20:49:30.230+0900] {logging_mixin.py:117} INFO - [2022-11-08T20:49:30.230+0900] {dag.py:2573} INFO - Sync 1 DAGs
[2022-11-08T20:49:30.240+0900] {logging_mixin.py:117} INFO - [2022-11-08T20:49:30.240+0900] {dag.py:3324} INFO - Setting next_dagrun for example_branch_labels to 2022-11-07T00:00:00+00:00, run_after=2022-11-08T00:00:00+00:00
[2022-11-08T20:49:30.255+0900] {processor.py:178} INFO - Processing /home/steve/.local/lib/python3.8/site-packages/airflow/example_dags/example_branch_labels.py took 0.051 seconds
[2022-11-08T20:50:04.768+0900] {processor.py:156} INFO - Started process (PID=12390) to work on /home/steve/.local/lib/python3.8/site-packages/airflow/example_dags/example_branch_labels.py
[2022-11-08T20:50:04.769+0900] {processor.py:758} INFO - Processing file /home/steve/.local/lib/python3.8/site-packages/airflow/example_dags/example_branch_labels.py for tasks to queue
[2022-11-08T20:50:04.769+0900] {logging_mixin.py:117} INFO - [2022-11-08T20:50:04.769+0900] {dagbag.py:525} INFO - Filling up the DagBag from /home/steve/.local/lib/python3.8/site-packages/airflow/example_dags/example_branch_labels.py
[2022-11-08T20:50:04.778+0900] {processor.py:768} INFO - DAG(s) dict_keys(['example_branch_labels']) retrieved from /home/steve/.local/lib/python3.8/site-packages/airflow/example_dags/example_branch_labels.py
[2022-11-08T20:50:04.794+0900] {logging_mixin.py:117} INFO - [2022-11-08T20:50:04.794+0900] {dag.py:2573} INFO - Sync 1 DAGs
[2022-11-08T20:50:04.805+0900] {logging_mixin.py:117} INFO - [2022-11-08T20:50:04.805+0900] {dag.py:3324} INFO - Setting next_dagrun for example_branch_labels to 2022-11-07T00:00:00+00:00, run_after=2022-11-08T00:00:00+00:00
[2022-11-08T20:50:04.821+0900] {processor.py:178} INFO - Processing /home/steve/.local/lib/python3.8/site-packages/airflow/example_dags/example_branch_labels.py took 0.055 seconds
[2022-11-08T20:50:42.186+0900] {processor.py:156} INFO - Started process (PID=12581) to work on /home/steve/.local/lib/python3.8/site-packages/airflow/example_dags/example_branch_labels.py
[2022-11-08T20:50:42.188+0900] {processor.py:758} INFO - Processing file /home/steve/.local/lib/python3.8/site-packages/airflow/example_dags/example_branch_labels.py for tasks to queue
[2022-11-08T20:50:42.189+0900] {logging_mixin.py:117} INFO - [2022-11-08T20:50:42.188+0900] {dagbag.py:525} INFO - Filling up the DagBag from /home/steve/.local/lib/python3.8/site-packages/airflow/example_dags/example_branch_labels.py
[2022-11-08T20:50:42.197+0900] {processor.py:768} INFO - DAG(s) dict_keys(['example_branch_labels']) retrieved from /home/steve/.local/lib/python3.8/site-packages/airflow/example_dags/example_branch_labels.py
[2022-11-08T20:50:42.212+0900] {logging_mixin.py:117} INFO - [2022-11-08T20:50:42.212+0900] {dag.py:2573} INFO - Sync 1 DAGs
[2022-11-08T20:50:42.223+0900] {logging_mixin.py:117} INFO - [2022-11-08T20:50:42.223+0900] {dag.py:3324} INFO - Setting next_dagrun for example_branch_labels to 2022-11-07T00:00:00+00:00, run_after=2022-11-08T00:00:00+00:00
[2022-11-08T20:50:42.237+0900] {processor.py:178} INFO - Processing /home/steve/.local/lib/python3.8/site-packages/airflow/example_dags/example_branch_labels.py took 0.052 seconds
