[2022-11-08T19:44:59.015+0900] {processor.py:156} INFO - Started process (PID=7403) to work on /home/steve/.local/lib/python3.8/site-packages/airflow/example_dags/example_skip_dag.py
[2022-11-08T19:44:59.016+0900] {processor.py:758} INFO - Processing file /home/steve/.local/lib/python3.8/site-packages/airflow/example_dags/example_skip_dag.py for tasks to queue
[2022-11-08T19:44:59.016+0900] {logging_mixin.py:117} INFO - [2022-11-08T19:44:59.016+0900] {dagbag.py:525} INFO - Filling up the DagBag from /home/steve/.local/lib/python3.8/site-packages/airflow/example_dags/example_skip_dag.py
[2022-11-08T19:44:59.024+0900] {processor.py:768} INFO - DAG(s) dict_keys(['example_skip_dag']) retrieved from /home/steve/.local/lib/python3.8/site-packages/airflow/example_dags/example_skip_dag.py
[2022-11-08T19:44:59.091+0900] {logging_mixin.py:117} INFO - [2022-11-08T19:44:59.091+0900] {manager.py:507} INFO - Created Permission View: can edit on DAG:example_skip_dag
[2022-11-08T19:44:59.100+0900] {logging_mixin.py:117} INFO - [2022-11-08T19:44:59.100+0900] {manager.py:507} INFO - Created Permission View: can delete on DAG:example_skip_dag
[2022-11-08T19:44:59.109+0900] {logging_mixin.py:117} INFO - [2022-11-08T19:44:59.109+0900] {manager.py:507} INFO - Created Permission View: can read on DAG:example_skip_dag
[2022-11-08T19:44:59.109+0900] {logging_mixin.py:117} INFO - [2022-11-08T19:44:59.109+0900] {dag.py:2573} INFO - Sync 1 DAGs
[2022-11-08T19:44:59.180+0900] {logging_mixin.py:117} INFO - [2022-11-08T19:44:59.180+0900] {dag.py:2594} INFO - Creating ORM DAG for example_skip_dag
[2022-11-08T19:44:59.184+0900] {logging_mixin.py:117} INFO - [2022-11-08T19:44:59.184+0900] {dag.py:3324} INFO - Setting next_dagrun for example_skip_dag to 2022-11-07T10:44:59.184329+00:00, run_after=2022-11-08T10:44:59.184329+00:00
[2022-11-08T19:44:59.201+0900] {processor.py:178} INFO - Processing /home/steve/.local/lib/python3.8/site-packages/airflow/example_dags/example_skip_dag.py took 0.187 seconds
[2022-11-08T19:45:35.067+0900] {processor.py:156} INFO - Started process (PID=7665) to work on /home/steve/.local/lib/python3.8/site-packages/airflow/example_dags/example_skip_dag.py
[2022-11-08T19:45:35.069+0900] {processor.py:758} INFO - Processing file /home/steve/.local/lib/python3.8/site-packages/airflow/example_dags/example_skip_dag.py for tasks to queue
[2022-11-08T19:45:35.070+0900] {logging_mixin.py:117} INFO - [2022-11-08T19:45:35.069+0900] {dagbag.py:525} INFO - Filling up the DagBag from /home/steve/.local/lib/python3.8/site-packages/airflow/example_dags/example_skip_dag.py
[2022-11-08T19:45:35.077+0900] {processor.py:768} INFO - DAG(s) dict_keys(['example_skip_dag']) retrieved from /home/steve/.local/lib/python3.8/site-packages/airflow/example_dags/example_skip_dag.py
[2022-11-08T19:45:35.091+0900] {logging_mixin.py:117} INFO - [2022-11-08T19:45:35.091+0900] {dag.py:2573} INFO - Sync 1 DAGs
[2022-11-08T19:45:35.101+0900] {logging_mixin.py:117} INFO - [2022-11-08T19:45:35.101+0900] {dag.py:3324} INFO - Setting next_dagrun for example_skip_dag to 2022-11-07T10:45:35.100881+00:00, run_after=2022-11-08T10:45:35.100881+00:00
[2022-11-08T19:45:35.116+0900] {processor.py:178} INFO - Processing /home/steve/.local/lib/python3.8/site-packages/airflow/example_dags/example_skip_dag.py took 0.051 seconds
[2022-11-08T19:46:11.123+0900] {processor.py:156} INFO - Started process (PID=7799) to work on /home/steve/.local/lib/python3.8/site-packages/airflow/example_dags/example_skip_dag.py
[2022-11-08T19:46:11.125+0900] {processor.py:758} INFO - Processing file /home/steve/.local/lib/python3.8/site-packages/airflow/example_dags/example_skip_dag.py for tasks to queue
[2022-11-08T19:46:11.126+0900] {logging_mixin.py:117} INFO - [2022-11-08T19:46:11.126+0900] {dagbag.py:525} INFO - Filling up the DagBag from /home/steve/.local/lib/python3.8/site-packages/airflow/example_dags/example_skip_dag.py
[2022-11-08T19:46:11.133+0900] {processor.py:768} INFO - DAG(s) dict_keys(['example_skip_dag']) retrieved from /home/steve/.local/lib/python3.8/site-packages/airflow/example_dags/example_skip_dag.py
[2022-11-08T19:46:11.148+0900] {logging_mixin.py:117} INFO - [2022-11-08T19:46:11.148+0900] {dag.py:2573} INFO - Sync 1 DAGs
[2022-11-08T19:46:11.158+0900] {logging_mixin.py:117} INFO - [2022-11-08T19:46:11.158+0900] {dag.py:3324} INFO - Setting next_dagrun for example_skip_dag to 2022-11-07T10:46:11.158010+00:00, run_after=2022-11-08T10:46:11.158010+00:00
[2022-11-08T19:46:11.174+0900] {processor.py:178} INFO - Processing /home/steve/.local/lib/python3.8/site-packages/airflow/example_dags/example_skip_dag.py took 0.053 seconds
[2022-11-08T19:46:47.029+0900] {processor.py:156} INFO - Started process (PID=7835) to work on /home/steve/.local/lib/python3.8/site-packages/airflow/example_dags/example_skip_dag.py
[2022-11-08T19:46:47.030+0900] {processor.py:758} INFO - Processing file /home/steve/.local/lib/python3.8/site-packages/airflow/example_dags/example_skip_dag.py for tasks to queue
[2022-11-08T19:46:47.030+0900] {logging_mixin.py:117} INFO - [2022-11-08T19:46:47.030+0900] {dagbag.py:525} INFO - Filling up the DagBag from /home/steve/.local/lib/python3.8/site-packages/airflow/example_dags/example_skip_dag.py
[2022-11-08T19:46:47.037+0900] {processor.py:768} INFO - DAG(s) dict_keys(['example_skip_dag']) retrieved from /home/steve/.local/lib/python3.8/site-packages/airflow/example_dags/example_skip_dag.py
[2022-11-08T19:46:47.052+0900] {logging_mixin.py:117} INFO - [2022-11-08T19:46:47.052+0900] {dag.py:2573} INFO - Sync 1 DAGs
[2022-11-08T19:46:47.062+0900] {logging_mixin.py:117} INFO - [2022-11-08T19:46:47.062+0900] {dag.py:3324} INFO - Setting next_dagrun for example_skip_dag to 2022-11-07T10:46:47.062556+00:00, run_after=2022-11-08T10:46:47.062556+00:00
[2022-11-08T19:46:47.078+0900] {processor.py:178} INFO - Processing /home/steve/.local/lib/python3.8/site-packages/airflow/example_dags/example_skip_dag.py took 0.051 seconds
[2022-11-08T19:47:23.679+0900] {processor.py:156} INFO - Started process (PID=7913) to work on /home/steve/.local/lib/python3.8/site-packages/airflow/example_dags/example_skip_dag.py
[2022-11-08T19:47:23.681+0900] {processor.py:758} INFO - Processing file /home/steve/.local/lib/python3.8/site-packages/airflow/example_dags/example_skip_dag.py for tasks to queue
[2022-11-08T19:47:23.682+0900] {logging_mixin.py:117} INFO - [2022-11-08T19:47:23.681+0900] {dagbag.py:525} INFO - Filling up the DagBag from /home/steve/.local/lib/python3.8/site-packages/airflow/example_dags/example_skip_dag.py
[2022-11-08T19:47:23.689+0900] {processor.py:768} INFO - DAG(s) dict_keys(['example_skip_dag']) retrieved from /home/steve/.local/lib/python3.8/site-packages/airflow/example_dags/example_skip_dag.py
[2022-11-08T19:47:23.703+0900] {logging_mixin.py:117} INFO - [2022-11-08T19:47:23.703+0900] {dag.py:2573} INFO - Sync 1 DAGs
[2022-11-08T19:47:23.713+0900] {logging_mixin.py:117} INFO - [2022-11-08T19:47:23.713+0900] {dag.py:3324} INFO - Setting next_dagrun for example_skip_dag to 2022-11-07T10:47:23.713284+00:00, run_after=2022-11-08T10:47:23.713284+00:00
[2022-11-08T19:47:23.730+0900] {processor.py:178} INFO - Processing /home/steve/.local/lib/python3.8/site-packages/airflow/example_dags/example_skip_dag.py took 0.053 seconds
[2022-11-08T19:48:01.711+0900] {processor.py:156} INFO - Started process (PID=7950) to work on /home/steve/.local/lib/python3.8/site-packages/airflow/example_dags/example_skip_dag.py
[2022-11-08T19:48:01.713+0900] {processor.py:758} INFO - Processing file /home/steve/.local/lib/python3.8/site-packages/airflow/example_dags/example_skip_dag.py for tasks to queue
[2022-11-08T19:48:01.714+0900] {logging_mixin.py:117} INFO - [2022-11-08T19:48:01.713+0900] {dagbag.py:525} INFO - Filling up the DagBag from /home/steve/.local/lib/python3.8/site-packages/airflow/example_dags/example_skip_dag.py
[2022-11-08T19:48:01.721+0900] {processor.py:768} INFO - DAG(s) dict_keys(['example_skip_dag']) retrieved from /home/steve/.local/lib/python3.8/site-packages/airflow/example_dags/example_skip_dag.py
[2022-11-08T19:48:01.735+0900] {logging_mixin.py:117} INFO - [2022-11-08T19:48:01.735+0900] {dag.py:2573} INFO - Sync 1 DAGs
[2022-11-08T19:48:01.745+0900] {logging_mixin.py:117} INFO - [2022-11-08T19:48:01.745+0900] {dag.py:3324} INFO - Setting next_dagrun for example_skip_dag to 2022-11-07T10:48:01.745471+00:00, run_after=2022-11-08T10:48:01.745471+00:00
[2022-11-08T19:48:01.828+0900] {processor.py:178} INFO - Processing /home/steve/.local/lib/python3.8/site-packages/airflow/example_dags/example_skip_dag.py took 0.119 seconds
[2022-11-08T19:48:38.637+0900] {processor.py:156} INFO - Started process (PID=7986) to work on /home/steve/.local/lib/python3.8/site-packages/airflow/example_dags/example_skip_dag.py
[2022-11-08T19:48:38.638+0900] {processor.py:758} INFO - Processing file /home/steve/.local/lib/python3.8/site-packages/airflow/example_dags/example_skip_dag.py for tasks to queue
[2022-11-08T19:48:38.638+0900] {logging_mixin.py:117} INFO - [2022-11-08T19:48:38.638+0900] {dagbag.py:525} INFO - Filling up the DagBag from /home/steve/.local/lib/python3.8/site-packages/airflow/example_dags/example_skip_dag.py
[2022-11-08T19:48:38.645+0900] {processor.py:768} INFO - DAG(s) dict_keys(['example_skip_dag']) retrieved from /home/steve/.local/lib/python3.8/site-packages/airflow/example_dags/example_skip_dag.py
[2022-11-08T19:48:38.660+0900] {logging_mixin.py:117} INFO - [2022-11-08T19:48:38.660+0900] {dag.py:2573} INFO - Sync 1 DAGs
[2022-11-08T19:48:38.735+0900] {logging_mixin.py:117} INFO - [2022-11-08T19:48:38.735+0900] {dag.py:3324} INFO - Setting next_dagrun for example_skip_dag to 2022-11-07T10:48:38.735509+00:00, run_after=2022-11-08T10:48:38.735509+00:00
[2022-11-08T19:48:38.751+0900] {processor.py:178} INFO - Processing /home/steve/.local/lib/python3.8/site-packages/airflow/example_dags/example_skip_dag.py took 0.115 seconds
[2022-11-08T19:49:15.678+0900] {processor.py:156} INFO - Started process (PID=8021) to work on /home/steve/.local/lib/python3.8/site-packages/airflow/example_dags/example_skip_dag.py
[2022-11-08T19:49:15.680+0900] {processor.py:758} INFO - Processing file /home/steve/.local/lib/python3.8/site-packages/airflow/example_dags/example_skip_dag.py for tasks to queue
[2022-11-08T19:49:15.680+0900] {logging_mixin.py:117} INFO - [2022-11-08T19:49:15.680+0900] {dagbag.py:525} INFO - Filling up the DagBag from /home/steve/.local/lib/python3.8/site-packages/airflow/example_dags/example_skip_dag.py
[2022-11-08T19:49:15.688+0900] {processor.py:768} INFO - DAG(s) dict_keys(['example_skip_dag']) retrieved from /home/steve/.local/lib/python3.8/site-packages/airflow/example_dags/example_skip_dag.py
[2022-11-08T19:49:15.703+0900] {logging_mixin.py:117} INFO - [2022-11-08T19:49:15.703+0900] {dag.py:2573} INFO - Sync 1 DAGs
[2022-11-08T19:49:15.777+0900] {logging_mixin.py:117} INFO - [2022-11-08T19:49:15.777+0900] {dag.py:3324} INFO - Setting next_dagrun for example_skip_dag to 2022-11-07T10:49:15.777317+00:00, run_after=2022-11-08T10:49:15.777317+00:00
[2022-11-08T19:49:15.792+0900] {processor.py:178} INFO - Processing /home/steve/.local/lib/python3.8/site-packages/airflow/example_dags/example_skip_dag.py took 0.116 seconds
[2022-11-08T19:49:52.113+0900] {processor.py:156} INFO - Started process (PID=8084) to work on /home/steve/.local/lib/python3.8/site-packages/airflow/example_dags/example_skip_dag.py
[2022-11-08T19:49:52.116+0900] {processor.py:758} INFO - Processing file /home/steve/.local/lib/python3.8/site-packages/airflow/example_dags/example_skip_dag.py for tasks to queue
[2022-11-08T19:49:52.116+0900] {logging_mixin.py:117} INFO - [2022-11-08T19:49:52.116+0900] {dagbag.py:525} INFO - Filling up the DagBag from /home/steve/.local/lib/python3.8/site-packages/airflow/example_dags/example_skip_dag.py
[2022-11-08T19:49:52.123+0900] {processor.py:768} INFO - DAG(s) dict_keys(['example_skip_dag']) retrieved from /home/steve/.local/lib/python3.8/site-packages/airflow/example_dags/example_skip_dag.py
[2022-11-08T19:49:52.202+0900] {logging_mixin.py:117} INFO - [2022-11-08T19:49:52.202+0900] {dag.py:2573} INFO - Sync 1 DAGs
[2022-11-08T19:49:52.211+0900] {logging_mixin.py:117} INFO - [2022-11-08T19:49:52.211+0900] {dag.py:3324} INFO - Setting next_dagrun for example_skip_dag to 2022-11-07T10:49:52.210960+00:00, run_after=2022-11-08T10:49:52.210960+00:00
[2022-11-08T19:49:52.226+0900] {processor.py:178} INFO - Processing /home/steve/.local/lib/python3.8/site-packages/airflow/example_dags/example_skip_dag.py took 0.115 seconds
[2022-11-08T19:50:30.649+0900] {processor.py:156} INFO - Started process (PID=8122) to work on /home/steve/.local/lib/python3.8/site-packages/airflow/example_dags/example_skip_dag.py
[2022-11-08T19:50:30.650+0900] {processor.py:758} INFO - Processing file /home/steve/.local/lib/python3.8/site-packages/airflow/example_dags/example_skip_dag.py for tasks to queue
[2022-11-08T19:50:30.650+0900] {logging_mixin.py:117} INFO - [2022-11-08T19:50:30.650+0900] {dagbag.py:525} INFO - Filling up the DagBag from /home/steve/.local/lib/python3.8/site-packages/airflow/example_dags/example_skip_dag.py
[2022-11-08T19:50:30.657+0900] {processor.py:768} INFO - DAG(s) dict_keys(['example_skip_dag']) retrieved from /home/steve/.local/lib/python3.8/site-packages/airflow/example_dags/example_skip_dag.py
[2022-11-08T19:50:30.738+0900] {logging_mixin.py:117} INFO - [2022-11-08T19:50:30.738+0900] {dag.py:2573} INFO - Sync 1 DAGs
[2022-11-08T19:50:30.747+0900] {logging_mixin.py:117} INFO - [2022-11-08T19:50:30.747+0900] {dag.py:3324} INFO - Setting next_dagrun for example_skip_dag to 2022-11-07T10:50:30.747140+00:00, run_after=2022-11-08T10:50:30.747140+00:00
[2022-11-08T19:50:30.762+0900] {processor.py:178} INFO - Processing /home/steve/.local/lib/python3.8/site-packages/airflow/example_dags/example_skip_dag.py took 0.115 seconds
[2022-11-08T19:51:07.366+0900] {processor.py:156} INFO - Started process (PID=8157) to work on /home/steve/.local/lib/python3.8/site-packages/airflow/example_dags/example_skip_dag.py
[2022-11-08T19:51:07.368+0900] {processor.py:758} INFO - Processing file /home/steve/.local/lib/python3.8/site-packages/airflow/example_dags/example_skip_dag.py for tasks to queue
[2022-11-08T19:51:07.369+0900] {logging_mixin.py:117} INFO - [2022-11-08T19:51:07.368+0900] {dagbag.py:525} INFO - Filling up the DagBag from /home/steve/.local/lib/python3.8/site-packages/airflow/example_dags/example_skip_dag.py
[2022-11-08T19:51:07.442+0900] {processor.py:768} INFO - DAG(s) dict_keys(['example_skip_dag']) retrieved from /home/steve/.local/lib/python3.8/site-packages/airflow/example_dags/example_skip_dag.py
[2022-11-08T19:51:07.454+0900] {logging_mixin.py:117} INFO - [2022-11-08T19:51:07.454+0900] {dag.py:2573} INFO - Sync 1 DAGs
[2022-11-08T19:51:07.462+0900] {logging_mixin.py:117} INFO - [2022-11-08T19:51:07.462+0900] {dag.py:3324} INFO - Setting next_dagrun for example_skip_dag to 2022-11-07T10:51:07.462516+00:00, run_after=2022-11-08T10:51:07.462516+00:00
[2022-11-08T19:51:07.479+0900] {processor.py:178} INFO - Processing /home/steve/.local/lib/python3.8/site-packages/airflow/example_dags/example_skip_dag.py took 0.114 seconds
[2022-11-08T19:51:44.606+0900] {processor.py:156} INFO - Started process (PID=8194) to work on /home/steve/.local/lib/python3.8/site-packages/airflow/example_dags/example_skip_dag.py
[2022-11-08T19:51:44.607+0900] {processor.py:758} INFO - Processing file /home/steve/.local/lib/python3.8/site-packages/airflow/example_dags/example_skip_dag.py for tasks to queue
[2022-11-08T19:51:44.607+0900] {logging_mixin.py:117} INFO - [2022-11-08T19:51:44.607+0900] {dagbag.py:525} INFO - Filling up the DagBag from /home/steve/.local/lib/python3.8/site-packages/airflow/example_dags/example_skip_dag.py
[2022-11-08T19:51:44.680+0900] {processor.py:768} INFO - DAG(s) dict_keys(['example_skip_dag']) retrieved from /home/steve/.local/lib/python3.8/site-packages/airflow/example_dags/example_skip_dag.py
[2022-11-08T19:51:44.692+0900] {logging_mixin.py:117} INFO - [2022-11-08T19:51:44.692+0900] {dag.py:2573} INFO - Sync 1 DAGs
[2022-11-08T19:51:44.701+0900] {logging_mixin.py:117} INFO - [2022-11-08T19:51:44.701+0900] {dag.py:3324} INFO - Setting next_dagrun for example_skip_dag to 2022-11-07T10:51:44.701479+00:00, run_after=2022-11-08T10:51:44.701479+00:00
[2022-11-08T19:51:44.717+0900] {processor.py:178} INFO - Processing /home/steve/.local/lib/python3.8/site-packages/airflow/example_dags/example_skip_dag.py took 0.112 seconds
[2022-11-08T19:52:17.450+0900] {processor.py:156} INFO - Started process (PID=8229) to work on /home/steve/.local/lib/python3.8/site-packages/airflow/example_dags/example_skip_dag.py
[2022-11-08T19:52:17.453+0900] {processor.py:758} INFO - Processing file /home/steve/.local/lib/python3.8/site-packages/airflow/example_dags/example_skip_dag.py for tasks to queue
[2022-11-08T19:52:17.453+0900] {logging_mixin.py:117} INFO - [2022-11-08T19:52:17.453+0900] {dagbag.py:525} INFO - Filling up the DagBag from /home/steve/.local/lib/python3.8/site-packages/airflow/example_dags/example_skip_dag.py
[2022-11-08T19:52:17.460+0900] {processor.py:768} INFO - DAG(s) dict_keys(['example_skip_dag']) retrieved from /home/steve/.local/lib/python3.8/site-packages/airflow/example_dags/example_skip_dag.py
[2022-11-08T19:52:17.475+0900] {logging_mixin.py:117} INFO - [2022-11-08T19:52:17.475+0900] {dag.py:2573} INFO - Sync 1 DAGs
[2022-11-08T19:52:17.485+0900] {logging_mixin.py:117} INFO - [2022-11-08T19:52:17.485+0900] {dag.py:3324} INFO - Setting next_dagrun for example_skip_dag to 2022-11-07T10:52:17.485348+00:00, run_after=2022-11-08T10:52:17.485348+00:00
[2022-11-08T19:52:17.501+0900] {processor.py:178} INFO - Processing /home/steve/.local/lib/python3.8/site-packages/airflow/example_dags/example_skip_dag.py took 0.052 seconds
[2022-11-08T19:52:49.513+0900] {processor.py:156} INFO - Started process (PID=8288) to work on /home/steve/.local/lib/python3.8/site-packages/airflow/example_dags/example_skip_dag.py
[2022-11-08T19:52:49.513+0900] {processor.py:758} INFO - Processing file /home/steve/.local/lib/python3.8/site-packages/airflow/example_dags/example_skip_dag.py for tasks to queue
[2022-11-08T19:52:49.514+0900] {logging_mixin.py:117} INFO - [2022-11-08T19:52:49.514+0900] {dagbag.py:525} INFO - Filling up the DagBag from /home/steve/.local/lib/python3.8/site-packages/airflow/example_dags/example_skip_dag.py
[2022-11-08T19:52:49.522+0900] {processor.py:768} INFO - DAG(s) dict_keys(['example_skip_dag']) retrieved from /home/steve/.local/lib/python3.8/site-packages/airflow/example_dags/example_skip_dag.py
[2022-11-08T19:52:49.540+0900] {logging_mixin.py:117} INFO - [2022-11-08T19:52:49.539+0900] {dag.py:2573} INFO - Sync 1 DAGs
[2022-11-08T19:52:49.550+0900] {logging_mixin.py:117} INFO - [2022-11-08T19:52:49.550+0900] {dag.py:3324} INFO - Setting next_dagrun for example_skip_dag to 2022-11-07T10:52:49.550625+00:00, run_after=2022-11-08T10:52:49.550625+00:00
[2022-11-08T19:52:49.567+0900] {processor.py:178} INFO - Processing /home/steve/.local/lib/python3.8/site-packages/airflow/example_dags/example_skip_dag.py took 0.056 seconds
[2022-11-08T19:53:24.587+0900] {processor.py:156} INFO - Started process (PID=8523) to work on /home/steve/.local/lib/python3.8/site-packages/airflow/example_dags/example_skip_dag.py
[2022-11-08T19:53:24.589+0900] {processor.py:758} INFO - Processing file /home/steve/.local/lib/python3.8/site-packages/airflow/example_dags/example_skip_dag.py for tasks to queue
[2022-11-08T19:53:24.589+0900] {logging_mixin.py:117} INFO - [2022-11-08T19:53:24.589+0900] {dagbag.py:525} INFO - Filling up the DagBag from /home/steve/.local/lib/python3.8/site-packages/airflow/example_dags/example_skip_dag.py
[2022-11-08T19:53:24.597+0900] {processor.py:768} INFO - DAG(s) dict_keys(['example_skip_dag']) retrieved from /home/steve/.local/lib/python3.8/site-packages/airflow/example_dags/example_skip_dag.py
[2022-11-08T19:53:24.614+0900] {logging_mixin.py:117} INFO - [2022-11-08T19:53:24.614+0900] {dag.py:2573} INFO - Sync 1 DAGs
[2022-11-08T19:53:24.625+0900] {logging_mixin.py:117} INFO - [2022-11-08T19:53:24.625+0900] {dag.py:3324} INFO - Setting next_dagrun for example_skip_dag to 2022-11-07T10:53:24.625630+00:00, run_after=2022-11-08T10:53:24.625630+00:00
[2022-11-08T19:53:24.641+0900] {processor.py:178} INFO - Processing /home/steve/.local/lib/python3.8/site-packages/airflow/example_dags/example_skip_dag.py took 0.056 seconds
[2022-11-08T19:53:58.307+0900] {processor.py:156} INFO - Started process (PID=8573) to work on /home/steve/.local/lib/python3.8/site-packages/airflow/example_dags/example_skip_dag.py
[2022-11-08T19:53:58.309+0900] {processor.py:758} INFO - Processing file /home/steve/.local/lib/python3.8/site-packages/airflow/example_dags/example_skip_dag.py for tasks to queue
[2022-11-08T19:53:58.309+0900] {logging_mixin.py:117} INFO - [2022-11-08T19:53:58.309+0900] {dagbag.py:525} INFO - Filling up the DagBag from /home/steve/.local/lib/python3.8/site-packages/airflow/example_dags/example_skip_dag.py
[2022-11-08T19:53:58.318+0900] {processor.py:768} INFO - DAG(s) dict_keys(['example_skip_dag']) retrieved from /home/steve/.local/lib/python3.8/site-packages/airflow/example_dags/example_skip_dag.py
[2022-11-08T19:53:58.336+0900] {logging_mixin.py:117} INFO - [2022-11-08T19:53:58.335+0900] {dag.py:2573} INFO - Sync 1 DAGs
[2022-11-08T19:53:58.346+0900] {logging_mixin.py:117} INFO - [2022-11-08T19:53:58.346+0900] {dag.py:3324} INFO - Setting next_dagrun for example_skip_dag to 2022-11-07T10:53:58.346675+00:00, run_after=2022-11-08T10:53:58.346675+00:00
[2022-11-08T19:53:58.363+0900] {processor.py:178} INFO - Processing /home/steve/.local/lib/python3.8/site-packages/airflow/example_dags/example_skip_dag.py took 0.058 seconds
[2022-11-08T19:54:34.375+0900] {processor.py:156} INFO - Started process (PID=8751) to work on /home/steve/.local/lib/python3.8/site-packages/airflow/example_dags/example_skip_dag.py
[2022-11-08T19:54:34.375+0900] {processor.py:758} INFO - Processing file /home/steve/.local/lib/python3.8/site-packages/airflow/example_dags/example_skip_dag.py for tasks to queue
[2022-11-08T19:54:34.376+0900] {logging_mixin.py:117} INFO - [2022-11-08T19:54:34.376+0900] {dagbag.py:525} INFO - Filling up the DagBag from /home/steve/.local/lib/python3.8/site-packages/airflow/example_dags/example_skip_dag.py
[2022-11-08T19:54:34.383+0900] {processor.py:768} INFO - DAG(s) dict_keys(['example_skip_dag']) retrieved from /home/steve/.local/lib/python3.8/site-packages/airflow/example_dags/example_skip_dag.py
[2022-11-08T19:54:34.399+0900] {logging_mixin.py:117} INFO - [2022-11-08T19:54:34.399+0900] {dag.py:2573} INFO - Sync 1 DAGs
[2022-11-08T19:54:34.409+0900] {logging_mixin.py:117} INFO - [2022-11-08T19:54:34.409+0900] {dag.py:3324} INFO - Setting next_dagrun for example_skip_dag to 2022-11-07T10:54:34.409251+00:00, run_after=2022-11-08T10:54:34.409251+00:00
[2022-11-08T19:54:34.426+0900] {processor.py:178} INFO - Processing /home/steve/.local/lib/python3.8/site-packages/airflow/example_dags/example_skip_dag.py took 0.053 seconds
[2022-11-08T19:55:09.647+0900] {processor.py:156} INFO - Started process (PID=9007) to work on /home/steve/.local/lib/python3.8/site-packages/airflow/example_dags/example_skip_dag.py
[2022-11-08T19:55:09.648+0900] {processor.py:758} INFO - Processing file /home/steve/.local/lib/python3.8/site-packages/airflow/example_dags/example_skip_dag.py for tasks to queue
[2022-11-08T19:55:09.649+0900] {logging_mixin.py:117} INFO - [2022-11-08T19:55:09.649+0900] {dagbag.py:525} INFO - Filling up the DagBag from /home/steve/.local/lib/python3.8/site-packages/airflow/example_dags/example_skip_dag.py
[2022-11-08T19:55:09.656+0900] {processor.py:768} INFO - DAG(s) dict_keys(['example_skip_dag']) retrieved from /home/steve/.local/lib/python3.8/site-packages/airflow/example_dags/example_skip_dag.py
[2022-11-08T19:55:09.670+0900] {logging_mixin.py:117} INFO - [2022-11-08T19:55:09.670+0900] {dag.py:2573} INFO - Sync 1 DAGs
[2022-11-08T19:55:09.680+0900] {logging_mixin.py:117} INFO - [2022-11-08T19:55:09.680+0900] {dag.py:3324} INFO - Setting next_dagrun for example_skip_dag to 2022-11-07T10:55:09.680335+00:00, run_after=2022-11-08T10:55:09.680335+00:00
[2022-11-08T19:55:09.695+0900] {processor.py:178} INFO - Processing /home/steve/.local/lib/python3.8/site-packages/airflow/example_dags/example_skip_dag.py took 0.049 seconds
[2022-11-08T20:27:10.356+0900] {processor.py:156} INFO - Started process (PID=9789) to work on /home/steve/.local/lib/python3.8/site-packages/airflow/example_dags/example_skip_dag.py
[2022-11-08T20:27:10.358+0900] {processor.py:758} INFO - Processing file /home/steve/.local/lib/python3.8/site-packages/airflow/example_dags/example_skip_dag.py for tasks to queue
[2022-11-08T20:27:10.358+0900] {logging_mixin.py:117} INFO - [2022-11-08T20:27:10.358+0900] {dagbag.py:525} INFO - Filling up the DagBag from /home/steve/.local/lib/python3.8/site-packages/airflow/example_dags/example_skip_dag.py
[2022-11-08T20:27:10.366+0900] {processor.py:768} INFO - DAG(s) dict_keys(['example_skip_dag']) retrieved from /home/steve/.local/lib/python3.8/site-packages/airflow/example_dags/example_skip_dag.py
[2022-11-08T20:27:10.382+0900] {logging_mixin.py:117} INFO - [2022-11-08T20:27:10.382+0900] {dag.py:2573} INFO - Sync 1 DAGs
[2022-11-08T20:27:10.393+0900] {logging_mixin.py:117} INFO - [2022-11-08T20:27:10.393+0900] {dag.py:3324} INFO - Setting next_dagrun for example_skip_dag to 2022-11-07T11:27:10.393021+00:00, run_after=2022-11-08T11:27:10.393021+00:00
[2022-11-08T20:27:10.410+0900] {processor.py:178} INFO - Processing /home/steve/.local/lib/python3.8/site-packages/airflow/example_dags/example_skip_dag.py took 0.056 seconds
[2022-11-08T20:27:45.282+0900] {processor.py:156} INFO - Started process (PID=9840) to work on /home/steve/.local/lib/python3.8/site-packages/airflow/example_dags/example_skip_dag.py
[2022-11-08T20:27:45.285+0900] {processor.py:758} INFO - Processing file /home/steve/.local/lib/python3.8/site-packages/airflow/example_dags/example_skip_dag.py for tasks to queue
[2022-11-08T20:27:45.285+0900] {logging_mixin.py:117} INFO - [2022-11-08T20:27:45.285+0900] {dagbag.py:525} INFO - Filling up the DagBag from /home/steve/.local/lib/python3.8/site-packages/airflow/example_dags/example_skip_dag.py
[2022-11-08T20:27:45.292+0900] {processor.py:768} INFO - DAG(s) dict_keys(['example_skip_dag']) retrieved from /home/steve/.local/lib/python3.8/site-packages/airflow/example_dags/example_skip_dag.py
[2022-11-08T20:27:45.308+0900] {logging_mixin.py:117} INFO - [2022-11-08T20:27:45.308+0900] {dag.py:2573} INFO - Sync 1 DAGs
[2022-11-08T20:27:45.318+0900] {logging_mixin.py:117} INFO - [2022-11-08T20:27:45.318+0900] {dag.py:3324} INFO - Setting next_dagrun for example_skip_dag to 2022-11-07T11:27:45.318603+00:00, run_after=2022-11-08T11:27:45.318603+00:00
[2022-11-08T20:27:45.334+0900] {processor.py:178} INFO - Processing /home/steve/.local/lib/python3.8/site-packages/airflow/example_dags/example_skip_dag.py took 0.053 seconds
[2022-11-08T20:28:21.657+0900] {processor.py:156} INFO - Started process (PID=9876) to work on /home/steve/.local/lib/python3.8/site-packages/airflow/example_dags/example_skip_dag.py
[2022-11-08T20:28:21.658+0900] {processor.py:758} INFO - Processing file /home/steve/.local/lib/python3.8/site-packages/airflow/example_dags/example_skip_dag.py for tasks to queue
[2022-11-08T20:28:21.659+0900] {logging_mixin.py:117} INFO - [2022-11-08T20:28:21.659+0900] {dagbag.py:525} INFO - Filling up the DagBag from /home/steve/.local/lib/python3.8/site-packages/airflow/example_dags/example_skip_dag.py
[2022-11-08T20:28:21.666+0900] {processor.py:768} INFO - DAG(s) dict_keys(['example_skip_dag']) retrieved from /home/steve/.local/lib/python3.8/site-packages/airflow/example_dags/example_skip_dag.py
[2022-11-08T20:28:21.681+0900] {logging_mixin.py:117} INFO - [2022-11-08T20:28:21.681+0900] {dag.py:2573} INFO - Sync 1 DAGs
[2022-11-08T20:28:21.692+0900] {logging_mixin.py:117} INFO - [2022-11-08T20:28:21.692+0900] {dag.py:3324} INFO - Setting next_dagrun for example_skip_dag to 2022-11-07T11:28:21.692260+00:00, run_after=2022-11-08T11:28:21.692260+00:00
[2022-11-08T20:28:21.708+0900] {processor.py:178} INFO - Processing /home/steve/.local/lib/python3.8/site-packages/airflow/example_dags/example_skip_dag.py took 0.053 seconds
[2022-11-08T20:28:56.223+0900] {processor.py:156} INFO - Started process (PID=10065) to work on /home/steve/.local/lib/python3.8/site-packages/airflow/example_dags/example_skip_dag.py
[2022-11-08T20:28:56.225+0900] {processor.py:758} INFO - Processing file /home/steve/.local/lib/python3.8/site-packages/airflow/example_dags/example_skip_dag.py for tasks to queue
[2022-11-08T20:28:56.226+0900] {logging_mixin.py:117} INFO - [2022-11-08T20:28:56.226+0900] {dagbag.py:525} INFO - Filling up the DagBag from /home/steve/.local/lib/python3.8/site-packages/airflow/example_dags/example_skip_dag.py
[2022-11-08T20:28:56.233+0900] {processor.py:768} INFO - DAG(s) dict_keys(['example_skip_dag']) retrieved from /home/steve/.local/lib/python3.8/site-packages/airflow/example_dags/example_skip_dag.py
[2022-11-08T20:28:56.250+0900] {logging_mixin.py:117} INFO - [2022-11-08T20:28:56.250+0900] {dag.py:2573} INFO - Sync 1 DAGs
[2022-11-08T20:28:56.260+0900] {logging_mixin.py:117} INFO - [2022-11-08T20:28:56.260+0900] {dag.py:3324} INFO - Setting next_dagrun for example_skip_dag to 2022-11-07T11:28:56.260665+00:00, run_after=2022-11-08T11:28:56.260665+00:00
[2022-11-08T20:28:56.277+0900] {processor.py:178} INFO - Processing /home/steve/.local/lib/python3.8/site-packages/airflow/example_dags/example_skip_dag.py took 0.055 seconds
[2022-11-08T20:29:35.064+0900] {processor.py:156} INFO - Started process (PID=10258) to work on /home/steve/.local/lib/python3.8/site-packages/airflow/example_dags/example_skip_dag.py
[2022-11-08T20:29:35.066+0900] {processor.py:758} INFO - Processing file /home/steve/.local/lib/python3.8/site-packages/airflow/example_dags/example_skip_dag.py for tasks to queue
[2022-11-08T20:29:35.067+0900] {logging_mixin.py:117} INFO - [2022-11-08T20:29:35.067+0900] {dagbag.py:525} INFO - Filling up the DagBag from /home/steve/.local/lib/python3.8/site-packages/airflow/example_dags/example_skip_dag.py
[2022-11-08T20:29:35.076+0900] {processor.py:768} INFO - DAG(s) dict_keys(['example_skip_dag']) retrieved from /home/steve/.local/lib/python3.8/site-packages/airflow/example_dags/example_skip_dag.py
[2022-11-08T20:29:35.095+0900] {logging_mixin.py:117} INFO - [2022-11-08T20:29:35.095+0900] {dag.py:2573} INFO - Sync 1 DAGs
[2022-11-08T20:29:35.109+0900] {logging_mixin.py:117} INFO - [2022-11-08T20:29:35.109+0900] {dag.py:3324} INFO - Setting next_dagrun for example_skip_dag to 2022-11-07T11:29:35.108978+00:00, run_after=2022-11-08T11:29:35.108978+00:00
[2022-11-08T20:29:35.127+0900] {processor.py:178} INFO - Processing /home/steve/.local/lib/python3.8/site-packages/airflow/example_dags/example_skip_dag.py took 0.065 seconds
[2022-11-08T20:30:13.345+0900] {processor.py:156} INFO - Started process (PID=10444) to work on /home/steve/.local/lib/python3.8/site-packages/airflow/example_dags/example_skip_dag.py
[2022-11-08T20:30:13.347+0900] {processor.py:758} INFO - Processing file /home/steve/.local/lib/python3.8/site-packages/airflow/example_dags/example_skip_dag.py for tasks to queue
[2022-11-08T20:30:13.347+0900] {logging_mixin.py:117} INFO - [2022-11-08T20:30:13.347+0900] {dagbag.py:525} INFO - Filling up the DagBag from /home/steve/.local/lib/python3.8/site-packages/airflow/example_dags/example_skip_dag.py
[2022-11-08T20:30:13.356+0900] {processor.py:768} INFO - DAG(s) dict_keys(['example_skip_dag']) retrieved from /home/steve/.local/lib/python3.8/site-packages/airflow/example_dags/example_skip_dag.py
[2022-11-08T20:30:13.373+0900] {logging_mixin.py:117} INFO - [2022-11-08T20:30:13.373+0900] {dag.py:2573} INFO - Sync 1 DAGs
[2022-11-08T20:30:13.385+0900] {logging_mixin.py:117} INFO - [2022-11-08T20:30:13.385+0900] {dag.py:3324} INFO - Setting next_dagrun for example_skip_dag to 2022-11-07T11:30:13.385317+00:00, run_after=2022-11-08T11:30:13.385317+00:00
[2022-11-08T20:30:13.480+0900] {processor.py:178} INFO - Processing /home/steve/.local/lib/python3.8/site-packages/airflow/example_dags/example_skip_dag.py took 0.137 seconds
[2022-11-08T20:30:51.048+0900] {processor.py:156} INFO - Started process (PID=10630) to work on /home/steve/.local/lib/python3.8/site-packages/airflow/example_dags/example_skip_dag.py
[2022-11-08T20:30:51.049+0900] {processor.py:758} INFO - Processing file /home/steve/.local/lib/python3.8/site-packages/airflow/example_dags/example_skip_dag.py for tasks to queue
[2022-11-08T20:30:51.049+0900] {logging_mixin.py:117} INFO - [2022-11-08T20:30:51.049+0900] {dagbag.py:525} INFO - Filling up the DagBag from /home/steve/.local/lib/python3.8/site-packages/airflow/example_dags/example_skip_dag.py
[2022-11-08T20:30:51.058+0900] {processor.py:768} INFO - DAG(s) dict_keys(['example_skip_dag']) retrieved from /home/steve/.local/lib/python3.8/site-packages/airflow/example_dags/example_skip_dag.py
[2022-11-08T20:30:51.077+0900] {logging_mixin.py:117} INFO - [2022-11-08T20:30:51.077+0900] {dag.py:2573} INFO - Sync 1 DAGs
[2022-11-08T20:30:51.176+0900] {logging_mixin.py:117} INFO - [2022-11-08T20:30:51.176+0900] {dag.py:3324} INFO - Setting next_dagrun for example_skip_dag to 2022-11-07T11:30:51.176059+00:00, run_after=2022-11-08T11:30:51.176059+00:00
[2022-11-08T20:30:51.193+0900] {processor.py:178} INFO - Processing /home/steve/.local/lib/python3.8/site-packages/airflow/example_dags/example_skip_dag.py took 0.147 seconds
[2022-11-08T20:31:31.643+0900] {processor.py:156} INFO - Started process (PID=10722) to work on /home/steve/.local/lib/python3.8/site-packages/airflow/example_dags/example_skip_dag.py
[2022-11-08T20:31:31.645+0900] {processor.py:758} INFO - Processing file /home/steve/.local/lib/python3.8/site-packages/airflow/example_dags/example_skip_dag.py for tasks to queue
[2022-11-08T20:31:31.645+0900] {logging_mixin.py:117} INFO - [2022-11-08T20:31:31.645+0900] {dagbag.py:525} INFO - Filling up the DagBag from /home/steve/.local/lib/python3.8/site-packages/airflow/example_dags/example_skip_dag.py
[2022-11-08T20:31:31.652+0900] {processor.py:768} INFO - DAG(s) dict_keys(['example_skip_dag']) retrieved from /home/steve/.local/lib/python3.8/site-packages/airflow/example_dags/example_skip_dag.py
[2022-11-08T20:31:31.669+0900] {logging_mixin.py:117} INFO - [2022-11-08T20:31:31.669+0900] {dag.py:2573} INFO - Sync 1 DAGs
[2022-11-08T20:31:31.750+0900] {logging_mixin.py:117} INFO - [2022-11-08T20:31:31.749+0900] {dag.py:3324} INFO - Setting next_dagrun for example_skip_dag to 2022-11-07T11:31:31.749768+00:00, run_after=2022-11-08T11:31:31.749768+00:00
[2022-11-08T20:31:31.765+0900] {processor.py:178} INFO - Processing /home/steve/.local/lib/python3.8/site-packages/airflow/example_dags/example_skip_dag.py took 0.124 seconds
[2022-11-08T20:32:08.567+0900] {processor.py:156} INFO - Started process (PID=10786) to work on /home/steve/.local/lib/python3.8/site-packages/airflow/example_dags/example_skip_dag.py
[2022-11-08T20:32:08.568+0900] {processor.py:758} INFO - Processing file /home/steve/.local/lib/python3.8/site-packages/airflow/example_dags/example_skip_dag.py for tasks to queue
[2022-11-08T20:32:08.568+0900] {logging_mixin.py:117} INFO - [2022-11-08T20:32:08.568+0900] {dagbag.py:525} INFO - Filling up the DagBag from /home/steve/.local/lib/python3.8/site-packages/airflow/example_dags/example_skip_dag.py
[2022-11-08T20:32:08.576+0900] {processor.py:768} INFO - DAG(s) dict_keys(['example_skip_dag']) retrieved from /home/steve/.local/lib/python3.8/site-packages/airflow/example_dags/example_skip_dag.py
[2022-11-08T20:32:08.671+0900] {logging_mixin.py:117} INFO - [2022-11-08T20:32:08.671+0900] {dag.py:2573} INFO - Sync 1 DAGs
[2022-11-08T20:32:08.681+0900] {logging_mixin.py:117} INFO - [2022-11-08T20:32:08.681+0900] {dag.py:3324} INFO - Setting next_dagrun for example_skip_dag to 2022-11-07T11:32:08.681333+00:00, run_after=2022-11-08T11:32:08.681333+00:00
[2022-11-08T20:32:08.697+0900] {processor.py:178} INFO - Processing /home/steve/.local/lib/python3.8/site-packages/airflow/example_dags/example_skip_dag.py took 0.131 seconds
[2022-11-08T20:32:46.979+0900] {processor.py:156} INFO - Started process (PID=10976) to work on /home/steve/.local/lib/python3.8/site-packages/airflow/example_dags/example_skip_dag.py
[2022-11-08T20:32:46.980+0900] {processor.py:758} INFO - Processing file /home/steve/.local/lib/python3.8/site-packages/airflow/example_dags/example_skip_dag.py for tasks to queue
[2022-11-08T20:32:46.980+0900] {logging_mixin.py:117} INFO - [2022-11-08T20:32:46.980+0900] {dagbag.py:525} INFO - Filling up the DagBag from /home/steve/.local/lib/python3.8/site-packages/airflow/example_dags/example_skip_dag.py
[2022-11-08T20:32:46.987+0900] {processor.py:768} INFO - DAG(s) dict_keys(['example_skip_dag']) retrieved from /home/steve/.local/lib/python3.8/site-packages/airflow/example_dags/example_skip_dag.py
[2022-11-08T20:32:47.076+0900] {logging_mixin.py:117} INFO - [2022-11-08T20:32:47.076+0900] {dag.py:2573} INFO - Sync 1 DAGs
[2022-11-08T20:32:47.085+0900] {logging_mixin.py:117} INFO - [2022-11-08T20:32:47.085+0900] {dag.py:3324} INFO - Setting next_dagrun for example_skip_dag to 2022-11-07T11:32:47.085320+00:00, run_after=2022-11-08T11:32:47.085320+00:00
[2022-11-08T20:32:47.101+0900] {processor.py:178} INFO - Processing /home/steve/.local/lib/python3.8/site-packages/airflow/example_dags/example_skip_dag.py took 0.124 seconds
[2022-11-08T20:33:24.496+0900] {processor.py:156} INFO - Started process (PID=11011) to work on /home/steve/.local/lib/python3.8/site-packages/airflow/example_dags/example_skip_dag.py
[2022-11-08T20:33:24.498+0900] {processor.py:758} INFO - Processing file /home/steve/.local/lib/python3.8/site-packages/airflow/example_dags/example_skip_dag.py for tasks to queue
[2022-11-08T20:33:24.499+0900] {logging_mixin.py:117} INFO - [2022-11-08T20:33:24.499+0900] {dagbag.py:525} INFO - Filling up the DagBag from /home/steve/.local/lib/python3.8/site-packages/airflow/example_dags/example_skip_dag.py
[2022-11-08T20:33:24.580+0900] {processor.py:768} INFO - DAG(s) dict_keys(['example_skip_dag']) retrieved from /home/steve/.local/lib/python3.8/site-packages/airflow/example_dags/example_skip_dag.py
[2022-11-08T20:33:24.594+0900] {logging_mixin.py:117} INFO - [2022-11-08T20:33:24.594+0900] {dag.py:2573} INFO - Sync 1 DAGs
[2022-11-08T20:33:24.602+0900] {logging_mixin.py:117} INFO - [2022-11-08T20:33:24.602+0900] {dag.py:3324} INFO - Setting next_dagrun for example_skip_dag to 2022-11-07T11:33:24.602802+00:00, run_after=2022-11-08T11:33:24.602802+00:00
[2022-11-08T20:33:24.620+0900] {processor.py:178} INFO - Processing /home/steve/.local/lib/python3.8/site-packages/airflow/example_dags/example_skip_dag.py took 0.125 seconds
[2022-11-08T20:34:00.657+0900] {processor.py:156} INFO - Started process (PID=11046) to work on /home/steve/.local/lib/python3.8/site-packages/airflow/example_dags/example_skip_dag.py
[2022-11-08T20:34:00.659+0900] {processor.py:758} INFO - Processing file /home/steve/.local/lib/python3.8/site-packages/airflow/example_dags/example_skip_dag.py for tasks to queue
[2022-11-08T20:34:00.659+0900] {logging_mixin.py:117} INFO - [2022-11-08T20:34:00.659+0900] {dagbag.py:525} INFO - Filling up the DagBag from /home/steve/.local/lib/python3.8/site-packages/airflow/example_dags/example_skip_dag.py
[2022-11-08T20:34:00.740+0900] {processor.py:768} INFO - DAG(s) dict_keys(['example_skip_dag']) retrieved from /home/steve/.local/lib/python3.8/site-packages/airflow/example_dags/example_skip_dag.py
[2022-11-08T20:34:00.752+0900] {logging_mixin.py:117} INFO - [2022-11-08T20:34:00.752+0900] {dag.py:2573} INFO - Sync 1 DAGs
[2022-11-08T20:34:00.763+0900] {logging_mixin.py:117} INFO - [2022-11-08T20:34:00.763+0900] {dag.py:3324} INFO - Setting next_dagrun for example_skip_dag to 2022-11-07T11:34:00.763358+00:00, run_after=2022-11-08T11:34:00.763358+00:00
[2022-11-08T20:34:00.779+0900] {processor.py:178} INFO - Processing /home/steve/.local/lib/python3.8/site-packages/airflow/example_dags/example_skip_dag.py took 0.124 seconds
[2022-11-08T20:34:36.815+0900] {processor.py:156} INFO - Started process (PID=11082) to work on /home/steve/.local/lib/python3.8/site-packages/airflow/example_dags/example_skip_dag.py
[2022-11-08T20:34:36.817+0900] {processor.py:758} INFO - Processing file /home/steve/.local/lib/python3.8/site-packages/airflow/example_dags/example_skip_dag.py for tasks to queue
[2022-11-08T20:34:36.817+0900] {logging_mixin.py:117} INFO - [2022-11-08T20:34:36.817+0900] {dagbag.py:525} INFO - Filling up the DagBag from /home/steve/.local/lib/python3.8/site-packages/airflow/example_dags/example_skip_dag.py
[2022-11-08T20:34:36.826+0900] {processor.py:768} INFO - DAG(s) dict_keys(['example_skip_dag']) retrieved from /home/steve/.local/lib/python3.8/site-packages/airflow/example_dags/example_skip_dag.py
[2022-11-08T20:34:36.841+0900] {logging_mixin.py:117} INFO - [2022-11-08T20:34:36.841+0900] {dag.py:2573} INFO - Sync 1 DAGs
[2022-11-08T20:34:36.852+0900] {logging_mixin.py:117} INFO - [2022-11-08T20:34:36.852+0900] {dag.py:3324} INFO - Setting next_dagrun for example_skip_dag to 2022-11-07T11:34:36.852297+00:00, run_after=2022-11-08T11:34:36.852297+00:00
[2022-11-08T20:34:36.869+0900] {processor.py:178} INFO - Processing /home/steve/.local/lib/python3.8/site-packages/airflow/example_dags/example_skip_dag.py took 0.056 seconds
[2022-11-08T20:35:11.631+0900] {processor.py:156} INFO - Started process (PID=11120) to work on /home/steve/.local/lib/python3.8/site-packages/airflow/example_dags/example_skip_dag.py
[2022-11-08T20:35:11.631+0900] {processor.py:758} INFO - Processing file /home/steve/.local/lib/python3.8/site-packages/airflow/example_dags/example_skip_dag.py for tasks to queue
[2022-11-08T20:35:11.632+0900] {logging_mixin.py:117} INFO - [2022-11-08T20:35:11.632+0900] {dagbag.py:525} INFO - Filling up the DagBag from /home/steve/.local/lib/python3.8/site-packages/airflow/example_dags/example_skip_dag.py
[2022-11-08T20:35:11.639+0900] {processor.py:768} INFO - DAG(s) dict_keys(['example_skip_dag']) retrieved from /home/steve/.local/lib/python3.8/site-packages/airflow/example_dags/example_skip_dag.py
[2022-11-08T20:35:11.654+0900] {logging_mixin.py:117} INFO - [2022-11-08T20:35:11.654+0900] {dag.py:2573} INFO - Sync 1 DAGs
[2022-11-08T20:35:11.663+0900] {logging_mixin.py:117} INFO - [2022-11-08T20:35:11.663+0900] {dag.py:3324} INFO - Setting next_dagrun for example_skip_dag to 2022-11-07T11:35:11.663656+00:00, run_after=2022-11-08T11:35:11.663656+00:00
[2022-11-08T20:35:11.679+0900] {processor.py:178} INFO - Processing /home/steve/.local/lib/python3.8/site-packages/airflow/example_dags/example_skip_dag.py took 0.050 seconds
[2022-11-08T20:35:46.972+0900] {processor.py:156} INFO - Started process (PID=11155) to work on /home/steve/.local/lib/python3.8/site-packages/airflow/example_dags/example_skip_dag.py
[2022-11-08T20:35:46.974+0900] {processor.py:758} INFO - Processing file /home/steve/.local/lib/python3.8/site-packages/airflow/example_dags/example_skip_dag.py for tasks to queue
[2022-11-08T20:35:46.975+0900] {logging_mixin.py:117} INFO - [2022-11-08T20:35:46.974+0900] {dagbag.py:525} INFO - Filling up the DagBag from /home/steve/.local/lib/python3.8/site-packages/airflow/example_dags/example_skip_dag.py
[2022-11-08T20:35:46.982+0900] {processor.py:768} INFO - DAG(s) dict_keys(['example_skip_dag']) retrieved from /home/steve/.local/lib/python3.8/site-packages/airflow/example_dags/example_skip_dag.py
[2022-11-08T20:35:46.998+0900] {logging_mixin.py:117} INFO - [2022-11-08T20:35:46.998+0900] {dag.py:2573} INFO - Sync 1 DAGs
[2022-11-08T20:35:47.009+0900] {logging_mixin.py:117} INFO - [2022-11-08T20:35:47.009+0900] {dag.py:3324} INFO - Setting next_dagrun for example_skip_dag to 2022-11-07T11:35:47.009288+00:00, run_after=2022-11-08T11:35:47.009288+00:00
[2022-11-08T20:35:47.025+0900] {processor.py:178} INFO - Processing /home/steve/.local/lib/python3.8/site-packages/airflow/example_dags/example_skip_dag.py took 0.055 seconds
[2022-11-08T20:36:21.176+0900] {processor.py:156} INFO - Started process (PID=11191) to work on /home/steve/.local/lib/python3.8/site-packages/airflow/example_dags/example_skip_dag.py
[2022-11-08T20:36:21.178+0900] {processor.py:758} INFO - Processing file /home/steve/.local/lib/python3.8/site-packages/airflow/example_dags/example_skip_dag.py for tasks to queue
[2022-11-08T20:36:21.179+0900] {logging_mixin.py:117} INFO - [2022-11-08T20:36:21.179+0900] {dagbag.py:525} INFO - Filling up the DagBag from /home/steve/.local/lib/python3.8/site-packages/airflow/example_dags/example_skip_dag.py
[2022-11-08T20:36:21.186+0900] {processor.py:768} INFO - DAG(s) dict_keys(['example_skip_dag']) retrieved from /home/steve/.local/lib/python3.8/site-packages/airflow/example_dags/example_skip_dag.py
[2022-11-08T20:36:21.200+0900] {logging_mixin.py:117} INFO - [2022-11-08T20:36:21.200+0900] {dag.py:2573} INFO - Sync 1 DAGs
[2022-11-08T20:36:21.210+0900] {logging_mixin.py:117} INFO - [2022-11-08T20:36:21.210+0900] {dag.py:3324} INFO - Setting next_dagrun for example_skip_dag to 2022-11-07T11:36:21.210205+00:00, run_after=2022-11-08T11:36:21.210205+00:00
[2022-11-08T20:36:21.227+0900] {processor.py:178} INFO - Processing /home/steve/.local/lib/python3.8/site-packages/airflow/example_dags/example_skip_dag.py took 0.052 seconds
[2022-11-08T20:36:55.696+0900] {processor.py:156} INFO - Started process (PID=11255) to work on /home/steve/.local/lib/python3.8/site-packages/airflow/example_dags/example_skip_dag.py
[2022-11-08T20:36:55.698+0900] {processor.py:758} INFO - Processing file /home/steve/.local/lib/python3.8/site-packages/airflow/example_dags/example_skip_dag.py for tasks to queue
[2022-11-08T20:36:55.699+0900] {logging_mixin.py:117} INFO - [2022-11-08T20:36:55.699+0900] {dagbag.py:525} INFO - Filling up the DagBag from /home/steve/.local/lib/python3.8/site-packages/airflow/example_dags/example_skip_dag.py
[2022-11-08T20:36:55.706+0900] {processor.py:768} INFO - DAG(s) dict_keys(['example_skip_dag']) retrieved from /home/steve/.local/lib/python3.8/site-packages/airflow/example_dags/example_skip_dag.py
[2022-11-08T20:36:55.721+0900] {logging_mixin.py:117} INFO - [2022-11-08T20:36:55.721+0900] {dag.py:2573} INFO - Sync 1 DAGs
[2022-11-08T20:36:55.730+0900] {logging_mixin.py:117} INFO - [2022-11-08T20:36:55.730+0900] {dag.py:3324} INFO - Setting next_dagrun for example_skip_dag to 2022-11-07T11:36:55.730339+00:00, run_after=2022-11-08T11:36:55.730339+00:00
[2022-11-08T20:36:55.747+0900] {processor.py:178} INFO - Processing /home/steve/.local/lib/python3.8/site-packages/airflow/example_dags/example_skip_dag.py took 0.052 seconds
[2022-11-08T20:37:30.826+0900] {processor.py:156} INFO - Started process (PID=11293) to work on /home/steve/.local/lib/python3.8/site-packages/airflow/example_dags/example_skip_dag.py
[2022-11-08T20:37:30.827+0900] {processor.py:758} INFO - Processing file /home/steve/.local/lib/python3.8/site-packages/airflow/example_dags/example_skip_dag.py for tasks to queue
[2022-11-08T20:37:30.827+0900] {logging_mixin.py:117} INFO - [2022-11-08T20:37:30.827+0900] {dagbag.py:525} INFO - Filling up the DagBag from /home/steve/.local/lib/python3.8/site-packages/airflow/example_dags/example_skip_dag.py
[2022-11-08T20:37:30.835+0900] {processor.py:768} INFO - DAG(s) dict_keys(['example_skip_dag']) retrieved from /home/steve/.local/lib/python3.8/site-packages/airflow/example_dags/example_skip_dag.py
[2022-11-08T20:37:30.849+0900] {logging_mixin.py:117} INFO - [2022-11-08T20:37:30.849+0900] {dag.py:2573} INFO - Sync 1 DAGs
[2022-11-08T20:37:30.859+0900] {logging_mixin.py:117} INFO - [2022-11-08T20:37:30.859+0900] {dag.py:3324} INFO - Setting next_dagrun for example_skip_dag to 2022-11-07T11:37:30.859775+00:00, run_after=2022-11-08T11:37:30.859775+00:00
[2022-11-08T20:37:30.876+0900] {processor.py:178} INFO - Processing /home/steve/.local/lib/python3.8/site-packages/airflow/example_dags/example_skip_dag.py took 0.052 seconds
[2022-11-08T20:38:02.563+0900] {processor.py:156} INFO - Started process (PID=11327) to work on /home/steve/.local/lib/python3.8/site-packages/airflow/example_dags/example_skip_dag.py
[2022-11-08T20:38:02.563+0900] {processor.py:758} INFO - Processing file /home/steve/.local/lib/python3.8/site-packages/airflow/example_dags/example_skip_dag.py for tasks to queue
[2022-11-08T20:38:02.564+0900] {logging_mixin.py:117} INFO - [2022-11-08T20:38:02.564+0900] {dagbag.py:525} INFO - Filling up the DagBag from /home/steve/.local/lib/python3.8/site-packages/airflow/example_dags/example_skip_dag.py
[2022-11-08T20:38:02.571+0900] {processor.py:768} INFO - DAG(s) dict_keys(['example_skip_dag']) retrieved from /home/steve/.local/lib/python3.8/site-packages/airflow/example_dags/example_skip_dag.py
[2022-11-08T20:38:02.586+0900] {logging_mixin.py:117} INFO - [2022-11-08T20:38:02.586+0900] {dag.py:2573} INFO - Sync 1 DAGs
[2022-11-08T20:38:02.597+0900] {logging_mixin.py:117} INFO - [2022-11-08T20:38:02.597+0900] {dag.py:3324} INFO - Setting next_dagrun for example_skip_dag to 2022-11-07T11:38:02.597184+00:00, run_after=2022-11-08T11:38:02.597184+00:00
[2022-11-08T20:38:02.615+0900] {processor.py:178} INFO - Processing /home/steve/.local/lib/python3.8/site-packages/airflow/example_dags/example_skip_dag.py took 0.053 seconds
[2022-11-08T20:38:38.619+0900] {processor.py:156} INFO - Started process (PID=11364) to work on /home/steve/.local/lib/python3.8/site-packages/airflow/example_dags/example_skip_dag.py
[2022-11-08T20:38:38.620+0900] {processor.py:758} INFO - Processing file /home/steve/.local/lib/python3.8/site-packages/airflow/example_dags/example_skip_dag.py for tasks to queue
[2022-11-08T20:38:38.620+0900] {logging_mixin.py:117} INFO - [2022-11-08T20:38:38.620+0900] {dagbag.py:525} INFO - Filling up the DagBag from /home/steve/.local/lib/python3.8/site-packages/airflow/example_dags/example_skip_dag.py
[2022-11-08T20:38:38.627+0900] {processor.py:768} INFO - DAG(s) dict_keys(['example_skip_dag']) retrieved from /home/steve/.local/lib/python3.8/site-packages/airflow/example_dags/example_skip_dag.py
[2022-11-08T20:38:38.641+0900] {logging_mixin.py:117} INFO - [2022-11-08T20:38:38.641+0900] {dag.py:2573} INFO - Sync 1 DAGs
[2022-11-08T20:38:38.651+0900] {logging_mixin.py:117} INFO - [2022-11-08T20:38:38.651+0900] {dag.py:3324} INFO - Setting next_dagrun for example_skip_dag to 2022-11-07T11:38:38.651703+00:00, run_after=2022-11-08T11:38:38.651703+00:00
[2022-11-08T20:38:38.667+0900] {processor.py:178} INFO - Processing /home/steve/.local/lib/python3.8/site-packages/airflow/example_dags/example_skip_dag.py took 0.050 seconds
[2022-11-08T20:39:11.759+0900] {processor.py:156} INFO - Started process (PID=11399) to work on /home/steve/.local/lib/python3.8/site-packages/airflow/example_dags/example_skip_dag.py
[2022-11-08T20:39:11.761+0900] {processor.py:758} INFO - Processing file /home/steve/.local/lib/python3.8/site-packages/airflow/example_dags/example_skip_dag.py for tasks to queue
[2022-11-08T20:39:11.761+0900] {logging_mixin.py:117} INFO - [2022-11-08T20:39:11.761+0900] {dagbag.py:525} INFO - Filling up the DagBag from /home/steve/.local/lib/python3.8/site-packages/airflow/example_dags/example_skip_dag.py
[2022-11-08T20:39:11.768+0900] {processor.py:768} INFO - DAG(s) dict_keys(['example_skip_dag']) retrieved from /home/steve/.local/lib/python3.8/site-packages/airflow/example_dags/example_skip_dag.py
[2022-11-08T20:39:11.783+0900] {logging_mixin.py:117} INFO - [2022-11-08T20:39:11.783+0900] {dag.py:2573} INFO - Sync 1 DAGs
[2022-11-08T20:39:11.793+0900] {logging_mixin.py:117} INFO - [2022-11-08T20:39:11.793+0900] {dag.py:3324} INFO - Setting next_dagrun for example_skip_dag to 2022-11-07T11:39:11.792947+00:00, run_after=2022-11-08T11:39:11.792947+00:00
[2022-11-08T20:39:11.810+0900] {processor.py:178} INFO - Processing /home/steve/.local/lib/python3.8/site-packages/airflow/example_dags/example_skip_dag.py took 0.053 seconds
[2022-11-08T20:39:49.468+0900] {processor.py:156} INFO - Started process (PID=11437) to work on /home/steve/.local/lib/python3.8/site-packages/airflow/example_dags/example_skip_dag.py
[2022-11-08T20:39:49.470+0900] {processor.py:758} INFO - Processing file /home/steve/.local/lib/python3.8/site-packages/airflow/example_dags/example_skip_dag.py for tasks to queue
[2022-11-08T20:39:49.471+0900] {logging_mixin.py:117} INFO - [2022-11-08T20:39:49.471+0900] {dagbag.py:525} INFO - Filling up the DagBag from /home/steve/.local/lib/python3.8/site-packages/airflow/example_dags/example_skip_dag.py
[2022-11-08T20:39:49.478+0900] {processor.py:768} INFO - DAG(s) dict_keys(['example_skip_dag']) retrieved from /home/steve/.local/lib/python3.8/site-packages/airflow/example_dags/example_skip_dag.py
[2022-11-08T20:39:49.492+0900] {logging_mixin.py:117} INFO - [2022-11-08T20:39:49.492+0900] {dag.py:2573} INFO - Sync 1 DAGs
[2022-11-08T20:39:49.502+0900] {logging_mixin.py:117} INFO - [2022-11-08T20:39:49.502+0900] {dag.py:3324} INFO - Setting next_dagrun for example_skip_dag to 2022-11-07T11:39:49.502035+00:00, run_after=2022-11-08T11:39:49.502035+00:00
[2022-11-08T20:39:49.519+0900] {processor.py:178} INFO - Processing /home/steve/.local/lib/python3.8/site-packages/airflow/example_dags/example_skip_dag.py took 0.053 seconds
[2022-11-08T20:40:24.133+0900] {processor.py:156} INFO - Started process (PID=11472) to work on /home/steve/.local/lib/python3.8/site-packages/airflow/example_dags/example_skip_dag.py
[2022-11-08T20:40:24.134+0900] {processor.py:758} INFO - Processing file /home/steve/.local/lib/python3.8/site-packages/airflow/example_dags/example_skip_dag.py for tasks to queue
[2022-11-08T20:40:24.135+0900] {logging_mixin.py:117} INFO - [2022-11-08T20:40:24.134+0900] {dagbag.py:525} INFO - Filling up the DagBag from /home/steve/.local/lib/python3.8/site-packages/airflow/example_dags/example_skip_dag.py
[2022-11-08T20:40:24.142+0900] {processor.py:768} INFO - DAG(s) dict_keys(['example_skip_dag']) retrieved from /home/steve/.local/lib/python3.8/site-packages/airflow/example_dags/example_skip_dag.py
[2022-11-08T20:40:24.156+0900] {logging_mixin.py:117} INFO - [2022-11-08T20:40:24.156+0900] {dag.py:2573} INFO - Sync 1 DAGs
[2022-11-08T20:40:24.166+0900] {logging_mixin.py:117} INFO - [2022-11-08T20:40:24.166+0900] {dag.py:3324} INFO - Setting next_dagrun for example_skip_dag to 2022-11-07T11:40:24.166416+00:00, run_after=2022-11-08T11:40:24.166416+00:00
[2022-11-08T20:40:24.182+0900] {processor.py:178} INFO - Processing /home/steve/.local/lib/python3.8/site-packages/airflow/example_dags/example_skip_dag.py took 0.050 seconds
[2022-11-08T20:40:57.364+0900] {processor.py:156} INFO - Started process (PID=11508) to work on /home/steve/.local/lib/python3.8/site-packages/airflow/example_dags/example_skip_dag.py
[2022-11-08T20:40:57.366+0900] {processor.py:758} INFO - Processing file /home/steve/.local/lib/python3.8/site-packages/airflow/example_dags/example_skip_dag.py for tasks to queue
[2022-11-08T20:40:57.367+0900] {logging_mixin.py:117} INFO - [2022-11-08T20:40:57.367+0900] {dagbag.py:525} INFO - Filling up the DagBag from /home/steve/.local/lib/python3.8/site-packages/airflow/example_dags/example_skip_dag.py
[2022-11-08T20:40:57.374+0900] {processor.py:768} INFO - DAG(s) dict_keys(['example_skip_dag']) retrieved from /home/steve/.local/lib/python3.8/site-packages/airflow/example_dags/example_skip_dag.py
[2022-11-08T20:40:57.390+0900] {logging_mixin.py:117} INFO - [2022-11-08T20:40:57.390+0900] {dag.py:2573} INFO - Sync 1 DAGs
[2022-11-08T20:40:57.401+0900] {logging_mixin.py:117} INFO - [2022-11-08T20:40:57.400+0900] {dag.py:3324} INFO - Setting next_dagrun for example_skip_dag to 2022-11-07T11:40:57.400860+00:00, run_after=2022-11-08T11:40:57.400860+00:00
[2022-11-08T20:40:57.420+0900] {processor.py:178} INFO - Processing /home/steve/.local/lib/python3.8/site-packages/airflow/example_dags/example_skip_dag.py took 0.057 seconds
[2022-11-08T20:41:35.130+0900] {processor.py:156} INFO - Started process (PID=11546) to work on /home/steve/.local/lib/python3.8/site-packages/airflow/example_dags/example_skip_dag.py
[2022-11-08T20:41:35.132+0900] {processor.py:758} INFO - Processing file /home/steve/.local/lib/python3.8/site-packages/airflow/example_dags/example_skip_dag.py for tasks to queue
[2022-11-08T20:41:35.132+0900] {logging_mixin.py:117} INFO - [2022-11-08T20:41:35.132+0900] {dagbag.py:525} INFO - Filling up the DagBag from /home/steve/.local/lib/python3.8/site-packages/airflow/example_dags/example_skip_dag.py
[2022-11-08T20:41:35.140+0900] {processor.py:768} INFO - DAG(s) dict_keys(['example_skip_dag']) retrieved from /home/steve/.local/lib/python3.8/site-packages/airflow/example_dags/example_skip_dag.py
[2022-11-08T20:41:35.154+0900] {logging_mixin.py:117} INFO - [2022-11-08T20:41:35.154+0900] {dag.py:2573} INFO - Sync 1 DAGs
[2022-11-08T20:41:35.164+0900] {logging_mixin.py:117} INFO - [2022-11-08T20:41:35.164+0900] {dag.py:3324} INFO - Setting next_dagrun for example_skip_dag to 2022-11-07T11:41:35.164468+00:00, run_after=2022-11-08T11:41:35.164468+00:00
[2022-11-08T20:41:35.181+0900] {processor.py:178} INFO - Processing /home/steve/.local/lib/python3.8/site-packages/airflow/example_dags/example_skip_dag.py took 0.052 seconds
[2022-11-08T20:42:12.380+0900] {processor.py:156} INFO - Started process (PID=11613) to work on /home/steve/.local/lib/python3.8/site-packages/airflow/example_dags/example_skip_dag.py
[2022-11-08T20:42:12.382+0900] {processor.py:758} INFO - Processing file /home/steve/.local/lib/python3.8/site-packages/airflow/example_dags/example_skip_dag.py for tasks to queue
[2022-11-08T20:42:12.382+0900] {logging_mixin.py:117} INFO - [2022-11-08T20:42:12.382+0900] {dagbag.py:525} INFO - Filling up the DagBag from /home/steve/.local/lib/python3.8/site-packages/airflow/example_dags/example_skip_dag.py
[2022-11-08T20:42:12.389+0900] {processor.py:768} INFO - DAG(s) dict_keys(['example_skip_dag']) retrieved from /home/steve/.local/lib/python3.8/site-packages/airflow/example_dags/example_skip_dag.py
[2022-11-08T20:42:12.405+0900] {logging_mixin.py:117} INFO - [2022-11-08T20:42:12.405+0900] {dag.py:2573} INFO - Sync 1 DAGs
[2022-11-08T20:42:12.415+0900] {logging_mixin.py:117} INFO - [2022-11-08T20:42:12.415+0900] {dag.py:3324} INFO - Setting next_dagrun for example_skip_dag to 2022-11-07T11:42:12.415320+00:00, run_after=2022-11-08T11:42:12.415320+00:00
[2022-11-08T20:42:12.444+0900] {processor.py:178} INFO - Processing /home/steve/.local/lib/python3.8/site-packages/airflow/example_dags/example_skip_dag.py took 0.066 seconds
[2022-11-08T20:42:46.087+0900] {processor.py:156} INFO - Started process (PID=11650) to work on /home/steve/.local/lib/python3.8/site-packages/airflow/example_dags/example_skip_dag.py
[2022-11-08T20:42:46.091+0900] {processor.py:758} INFO - Processing file /home/steve/.local/lib/python3.8/site-packages/airflow/example_dags/example_skip_dag.py for tasks to queue
[2022-11-08T20:42:46.091+0900] {logging_mixin.py:117} INFO - [2022-11-08T20:42:46.091+0900] {dagbag.py:525} INFO - Filling up the DagBag from /home/steve/.local/lib/python3.8/site-packages/airflow/example_dags/example_skip_dag.py
[2022-11-08T20:42:46.099+0900] {processor.py:768} INFO - DAG(s) dict_keys(['example_skip_dag']) retrieved from /home/steve/.local/lib/python3.8/site-packages/airflow/example_dags/example_skip_dag.py
[2022-11-08T20:42:46.116+0900] {logging_mixin.py:117} INFO - [2022-11-08T20:42:46.116+0900] {dag.py:2573} INFO - Sync 1 DAGs
[2022-11-08T20:42:46.126+0900] {logging_mixin.py:117} INFO - [2022-11-08T20:42:46.126+0900] {dag.py:3324} INFO - Setting next_dagrun for example_skip_dag to 2022-11-07T11:42:46.126141+00:00, run_after=2022-11-08T11:42:46.126141+00:00
[2022-11-08T20:42:46.144+0900] {processor.py:178} INFO - Processing /home/steve/.local/lib/python3.8/site-packages/airflow/example_dags/example_skip_dag.py took 0.059 seconds
[2022-11-08T20:43:23.164+0900] {processor.py:156} INFO - Started process (PID=11687) to work on /home/steve/.local/lib/python3.8/site-packages/airflow/example_dags/example_skip_dag.py
[2022-11-08T20:43:23.166+0900] {processor.py:758} INFO - Processing file /home/steve/.local/lib/python3.8/site-packages/airflow/example_dags/example_skip_dag.py for tasks to queue
[2022-11-08T20:43:23.166+0900] {logging_mixin.py:117} INFO - [2022-11-08T20:43:23.166+0900] {dagbag.py:525} INFO - Filling up the DagBag from /home/steve/.local/lib/python3.8/site-packages/airflow/example_dags/example_skip_dag.py
[2022-11-08T20:43:23.174+0900] {processor.py:768} INFO - DAG(s) dict_keys(['example_skip_dag']) retrieved from /home/steve/.local/lib/python3.8/site-packages/airflow/example_dags/example_skip_dag.py
[2022-11-08T20:43:23.191+0900] {logging_mixin.py:117} INFO - [2022-11-08T20:43:23.191+0900] {dag.py:2573} INFO - Sync 1 DAGs
[2022-11-08T20:43:23.203+0900] {logging_mixin.py:117} INFO - [2022-11-08T20:43:23.203+0900] {dag.py:3324} INFO - Setting next_dagrun for example_skip_dag to 2022-11-07T11:43:23.202920+00:00, run_after=2022-11-08T11:43:23.202920+00:00
[2022-11-08T20:43:23.219+0900] {processor.py:178} INFO - Processing /home/steve/.local/lib/python3.8/site-packages/airflow/example_dags/example_skip_dag.py took 0.058 seconds
[2022-11-08T20:43:55.958+0900] {processor.py:156} INFO - Started process (PID=11723) to work on /home/steve/.local/lib/python3.8/site-packages/airflow/example_dags/example_skip_dag.py
[2022-11-08T20:43:55.958+0900] {processor.py:758} INFO - Processing file /home/steve/.local/lib/python3.8/site-packages/airflow/example_dags/example_skip_dag.py for tasks to queue
[2022-11-08T20:43:55.958+0900] {logging_mixin.py:117} INFO - [2022-11-08T20:43:55.958+0900] {dagbag.py:525} INFO - Filling up the DagBag from /home/steve/.local/lib/python3.8/site-packages/airflow/example_dags/example_skip_dag.py
[2022-11-08T20:43:55.965+0900] {processor.py:768} INFO - DAG(s) dict_keys(['example_skip_dag']) retrieved from /home/steve/.local/lib/python3.8/site-packages/airflow/example_dags/example_skip_dag.py
[2022-11-08T20:43:55.980+0900] {logging_mixin.py:117} INFO - [2022-11-08T20:43:55.980+0900] {dag.py:2573} INFO - Sync 1 DAGs
[2022-11-08T20:43:55.990+0900] {logging_mixin.py:117} INFO - [2022-11-08T20:43:55.989+0900] {dag.py:3324} INFO - Setting next_dagrun for example_skip_dag to 2022-11-07T11:43:55.989848+00:00, run_after=2022-11-08T11:43:55.989848+00:00
[2022-11-08T20:43:56.008+0900] {processor.py:178} INFO - Processing /home/steve/.local/lib/python3.8/site-packages/airflow/example_dags/example_skip_dag.py took 0.051 seconds
[2022-11-08T20:44:27.876+0900] {processor.py:156} INFO - Started process (PID=11756) to work on /home/steve/.local/lib/python3.8/site-packages/airflow/example_dags/example_skip_dag.py
[2022-11-08T20:44:27.876+0900] {processor.py:758} INFO - Processing file /home/steve/.local/lib/python3.8/site-packages/airflow/example_dags/example_skip_dag.py for tasks to queue
[2022-11-08T20:44:27.877+0900] {logging_mixin.py:117} INFO - [2022-11-08T20:44:27.877+0900] {dagbag.py:525} INFO - Filling up the DagBag from /home/steve/.local/lib/python3.8/site-packages/airflow/example_dags/example_skip_dag.py
[2022-11-08T20:44:27.885+0900] {processor.py:768} INFO - DAG(s) dict_keys(['example_skip_dag']) retrieved from /home/steve/.local/lib/python3.8/site-packages/airflow/example_dags/example_skip_dag.py
[2022-11-08T20:44:27.901+0900] {logging_mixin.py:117} INFO - [2022-11-08T20:44:27.901+0900] {dag.py:2573} INFO - Sync 1 DAGs
[2022-11-08T20:44:27.911+0900] {logging_mixin.py:117} INFO - [2022-11-08T20:44:27.911+0900] {dag.py:3324} INFO - Setting next_dagrun for example_skip_dag to 2022-11-07T11:44:27.911747+00:00, run_after=2022-11-08T11:44:27.911747+00:00
[2022-11-08T20:44:27.943+0900] {processor.py:178} INFO - Processing /home/steve/.local/lib/python3.8/site-packages/airflow/example_dags/example_skip_dag.py took 0.070 seconds
[2022-11-08T20:45:03.862+0900] {processor.py:156} INFO - Started process (PID=11793) to work on /home/steve/.local/lib/python3.8/site-packages/airflow/example_dags/example_skip_dag.py
[2022-11-08T20:45:03.865+0900] {processor.py:758} INFO - Processing file /home/steve/.local/lib/python3.8/site-packages/airflow/example_dags/example_skip_dag.py for tasks to queue
[2022-11-08T20:45:03.865+0900] {logging_mixin.py:117} INFO - [2022-11-08T20:45:03.865+0900] {dagbag.py:525} INFO - Filling up the DagBag from /home/steve/.local/lib/python3.8/site-packages/airflow/example_dags/example_skip_dag.py
[2022-11-08T20:45:03.873+0900] {processor.py:768} INFO - DAG(s) dict_keys(['example_skip_dag']) retrieved from /home/steve/.local/lib/python3.8/site-packages/airflow/example_dags/example_skip_dag.py
[2022-11-08T20:45:03.890+0900] {logging_mixin.py:117} INFO - [2022-11-08T20:45:03.890+0900] {dag.py:2573} INFO - Sync 1 DAGs
[2022-11-08T20:45:03.902+0900] {logging_mixin.py:117} INFO - [2022-11-08T20:45:03.902+0900] {dag.py:3324} INFO - Setting next_dagrun for example_skip_dag to 2022-11-07T11:45:03.901860+00:00, run_after=2022-11-08T11:45:03.901860+00:00
[2022-11-08T20:45:03.919+0900] {processor.py:178} INFO - Processing /home/steve/.local/lib/python3.8/site-packages/airflow/example_dags/example_skip_dag.py took 0.058 seconds
[2022-11-08T20:45:39.805+0900] {processor.py:156} INFO - Started process (PID=11830) to work on /home/steve/.local/lib/python3.8/site-packages/airflow/example_dags/example_skip_dag.py
[2022-11-08T20:45:39.806+0900] {processor.py:758} INFO - Processing file /home/steve/.local/lib/python3.8/site-packages/airflow/example_dags/example_skip_dag.py for tasks to queue
[2022-11-08T20:45:39.806+0900] {logging_mixin.py:117} INFO - [2022-11-08T20:45:39.806+0900] {dagbag.py:525} INFO - Filling up the DagBag from /home/steve/.local/lib/python3.8/site-packages/airflow/example_dags/example_skip_dag.py
[2022-11-08T20:45:39.814+0900] {processor.py:768} INFO - DAG(s) dict_keys(['example_skip_dag']) retrieved from /home/steve/.local/lib/python3.8/site-packages/airflow/example_dags/example_skip_dag.py
[2022-11-08T20:45:39.830+0900] {logging_mixin.py:117} INFO - [2022-11-08T20:45:39.830+0900] {dag.py:2573} INFO - Sync 1 DAGs
[2022-11-08T20:45:39.842+0900] {logging_mixin.py:117} INFO - [2022-11-08T20:45:39.842+0900] {dag.py:3324} INFO - Setting next_dagrun for example_skip_dag to 2022-11-07T11:45:39.841937+00:00, run_after=2022-11-08T11:45:39.841937+00:00
[2022-11-08T20:45:39.858+0900] {processor.py:178} INFO - Processing /home/steve/.local/lib/python3.8/site-packages/airflow/example_dags/example_skip_dag.py took 0.055 seconds
[2022-11-08T20:46:17.785+0900] {processor.py:156} INFO - Started process (PID=11868) to work on /home/steve/.local/lib/python3.8/site-packages/airflow/example_dags/example_skip_dag.py
[2022-11-08T20:46:17.787+0900] {processor.py:758} INFO - Processing file /home/steve/.local/lib/python3.8/site-packages/airflow/example_dags/example_skip_dag.py for tasks to queue
[2022-11-08T20:46:17.787+0900] {logging_mixin.py:117} INFO - [2022-11-08T20:46:17.787+0900] {dagbag.py:525} INFO - Filling up the DagBag from /home/steve/.local/lib/python3.8/site-packages/airflow/example_dags/example_skip_dag.py
[2022-11-08T20:46:17.794+0900] {processor.py:768} INFO - DAG(s) dict_keys(['example_skip_dag']) retrieved from /home/steve/.local/lib/python3.8/site-packages/airflow/example_dags/example_skip_dag.py
[2022-11-08T20:46:17.809+0900] {logging_mixin.py:117} INFO - [2022-11-08T20:46:17.809+0900] {dag.py:2573} INFO - Sync 1 DAGs
[2022-11-08T20:46:17.819+0900] {logging_mixin.py:117} INFO - [2022-11-08T20:46:17.819+0900] {dag.py:3324} INFO - Setting next_dagrun for example_skip_dag to 2022-11-07T11:46:17.819449+00:00, run_after=2022-11-08T11:46:17.819449+00:00
[2022-11-08T20:46:17.835+0900] {processor.py:178} INFO - Processing /home/steve/.local/lib/python3.8/site-packages/airflow/example_dags/example_skip_dag.py took 0.052 seconds
[2022-11-08T20:46:53.145+0900] {processor.py:156} INFO - Started process (PID=11931) to work on /home/steve/.local/lib/python3.8/site-packages/airflow/example_dags/example_skip_dag.py
[2022-11-08T20:46:53.147+0900] {processor.py:758} INFO - Processing file /home/steve/.local/lib/python3.8/site-packages/airflow/example_dags/example_skip_dag.py for tasks to queue
[2022-11-08T20:46:53.147+0900] {logging_mixin.py:117} INFO - [2022-11-08T20:46:53.147+0900] {dagbag.py:525} INFO - Filling up the DagBag from /home/steve/.local/lib/python3.8/site-packages/airflow/example_dags/example_skip_dag.py
[2022-11-08T20:46:53.154+0900] {processor.py:768} INFO - DAG(s) dict_keys(['example_skip_dag']) retrieved from /home/steve/.local/lib/python3.8/site-packages/airflow/example_dags/example_skip_dag.py
[2022-11-08T20:46:53.169+0900] {logging_mixin.py:117} INFO - [2022-11-08T20:46:53.169+0900] {dag.py:2573} INFO - Sync 1 DAGs
[2022-11-08T20:46:53.179+0900] {logging_mixin.py:117} INFO - [2022-11-08T20:46:53.179+0900] {dag.py:3324} INFO - Setting next_dagrun for example_skip_dag to 2022-11-07T11:46:53.179064+00:00, run_after=2022-11-08T11:46:53.179064+00:00
[2022-11-08T20:46:53.194+0900] {processor.py:178} INFO - Processing /home/steve/.local/lib/python3.8/site-packages/airflow/example_dags/example_skip_dag.py took 0.051 seconds
[2022-11-08T20:47:28.773+0900] {processor.py:156} INFO - Started process (PID=12081) to work on /home/steve/.local/lib/python3.8/site-packages/airflow/example_dags/example_skip_dag.py
[2022-11-08T20:47:28.774+0900] {processor.py:758} INFO - Processing file /home/steve/.local/lib/python3.8/site-packages/airflow/example_dags/example_skip_dag.py for tasks to queue
[2022-11-08T20:47:28.774+0900] {logging_mixin.py:117} INFO - [2022-11-08T20:47:28.774+0900] {dagbag.py:525} INFO - Filling up the DagBag from /home/steve/.local/lib/python3.8/site-packages/airflow/example_dags/example_skip_dag.py
[2022-11-08T20:47:28.782+0900] {processor.py:768} INFO - DAG(s) dict_keys(['example_skip_dag']) retrieved from /home/steve/.local/lib/python3.8/site-packages/airflow/example_dags/example_skip_dag.py
[2022-11-08T20:47:28.797+0900] {logging_mixin.py:117} INFO - [2022-11-08T20:47:28.797+0900] {dag.py:2573} INFO - Sync 1 DAGs
[2022-11-08T20:47:28.806+0900] {logging_mixin.py:117} INFO - [2022-11-08T20:47:28.806+0900] {dag.py:3324} INFO - Setting next_dagrun for example_skip_dag to 2022-11-07T11:47:28.806563+00:00, run_after=2022-11-08T11:47:28.806563+00:00
[2022-11-08T20:47:28.822+0900] {processor.py:178} INFO - Processing /home/steve/.local/lib/python3.8/site-packages/airflow/example_dags/example_skip_dag.py took 0.051 seconds
[2022-11-08T20:48:06.177+0900] {processor.py:156} INFO - Started process (PID=12266) to work on /home/steve/.local/lib/python3.8/site-packages/airflow/example_dags/example_skip_dag.py
[2022-11-08T20:48:06.178+0900] {processor.py:758} INFO - Processing file /home/steve/.local/lib/python3.8/site-packages/airflow/example_dags/example_skip_dag.py for tasks to queue
[2022-11-08T20:48:06.179+0900] {logging_mixin.py:117} INFO - [2022-11-08T20:48:06.178+0900] {dagbag.py:525} INFO - Filling up the DagBag from /home/steve/.local/lib/python3.8/site-packages/airflow/example_dags/example_skip_dag.py
[2022-11-08T20:48:06.187+0900] {processor.py:768} INFO - DAG(s) dict_keys(['example_skip_dag']) retrieved from /home/steve/.local/lib/python3.8/site-packages/airflow/example_dags/example_skip_dag.py
[2022-11-08T20:48:06.205+0900] {logging_mixin.py:117} INFO - [2022-11-08T20:48:06.204+0900] {dag.py:2573} INFO - Sync 1 DAGs
[2022-11-08T20:48:06.216+0900] {logging_mixin.py:117} INFO - [2022-11-08T20:48:06.216+0900] {dag.py:3324} INFO - Setting next_dagrun for example_skip_dag to 2022-11-07T11:48:06.215902+00:00, run_after=2022-11-08T11:48:06.215902+00:00
[2022-11-08T20:48:06.233+0900] {processor.py:178} INFO - Processing /home/steve/.local/lib/python3.8/site-packages/airflow/example_dags/example_skip_dag.py took 0.057 seconds
[2022-11-08T20:48:41.856+0900] {processor.py:156} INFO - Started process (PID=12302) to work on /home/steve/.local/lib/python3.8/site-packages/airflow/example_dags/example_skip_dag.py
[2022-11-08T20:48:41.857+0900] {processor.py:758} INFO - Processing file /home/steve/.local/lib/python3.8/site-packages/airflow/example_dags/example_skip_dag.py for tasks to queue
[2022-11-08T20:48:41.858+0900] {logging_mixin.py:117} INFO - [2022-11-08T20:48:41.858+0900] {dagbag.py:525} INFO - Filling up the DagBag from /home/steve/.local/lib/python3.8/site-packages/airflow/example_dags/example_skip_dag.py
[2022-11-08T20:48:41.866+0900] {processor.py:768} INFO - DAG(s) dict_keys(['example_skip_dag']) retrieved from /home/steve/.local/lib/python3.8/site-packages/airflow/example_dags/example_skip_dag.py
[2022-11-08T20:48:41.883+0900] {logging_mixin.py:117} INFO - [2022-11-08T20:48:41.883+0900] {dag.py:2573} INFO - Sync 1 DAGs
[2022-11-08T20:48:41.894+0900] {logging_mixin.py:117} INFO - [2022-11-08T20:48:41.894+0900] {dag.py:3324} INFO - Setting next_dagrun for example_skip_dag to 2022-11-07T11:48:41.894530+00:00, run_after=2022-11-08T11:48:41.894530+00:00
[2022-11-08T20:48:41.915+0900] {processor.py:178} INFO - Processing /home/steve/.local/lib/python3.8/site-packages/airflow/example_dags/example_skip_dag.py took 0.060 seconds
[2022-11-08T20:49:14.933+0900] {processor.py:156} INFO - Started process (PID=12338) to work on /home/steve/.local/lib/python3.8/site-packages/airflow/example_dags/example_skip_dag.py
[2022-11-08T20:49:14.934+0900] {processor.py:758} INFO - Processing file /home/steve/.local/lib/python3.8/site-packages/airflow/example_dags/example_skip_dag.py for tasks to queue
[2022-11-08T20:49:14.934+0900] {logging_mixin.py:117} INFO - [2022-11-08T20:49:14.934+0900] {dagbag.py:525} INFO - Filling up the DagBag from /home/steve/.local/lib/python3.8/site-packages/airflow/example_dags/example_skip_dag.py
[2022-11-08T20:49:14.942+0900] {processor.py:768} INFO - DAG(s) dict_keys(['example_skip_dag']) retrieved from /home/steve/.local/lib/python3.8/site-packages/airflow/example_dags/example_skip_dag.py
[2022-11-08T20:49:14.957+0900] {logging_mixin.py:117} INFO - [2022-11-08T20:49:14.957+0900] {dag.py:2573} INFO - Sync 1 DAGs
[2022-11-08T20:49:14.968+0900] {logging_mixin.py:117} INFO - [2022-11-08T20:49:14.968+0900] {dag.py:3324} INFO - Setting next_dagrun for example_skip_dag to 2022-11-07T11:49:14.967939+00:00, run_after=2022-11-08T11:49:14.967939+00:00
[2022-11-08T20:49:14.985+0900] {processor.py:178} INFO - Processing /home/steve/.local/lib/python3.8/site-packages/airflow/example_dags/example_skip_dag.py took 0.054 seconds
[2022-11-08T20:49:48.029+0900] {processor.py:156} INFO - Started process (PID=12372) to work on /home/steve/.local/lib/python3.8/site-packages/airflow/example_dags/example_skip_dag.py
[2022-11-08T20:49:48.030+0900] {processor.py:758} INFO - Processing file /home/steve/.local/lib/python3.8/site-packages/airflow/example_dags/example_skip_dag.py for tasks to queue
[2022-11-08T20:49:48.030+0900] {logging_mixin.py:117} INFO - [2022-11-08T20:49:48.030+0900] {dagbag.py:525} INFO - Filling up the DagBag from /home/steve/.local/lib/python3.8/site-packages/airflow/example_dags/example_skip_dag.py
[2022-11-08T20:49:48.038+0900] {processor.py:768} INFO - DAG(s) dict_keys(['example_skip_dag']) retrieved from /home/steve/.local/lib/python3.8/site-packages/airflow/example_dags/example_skip_dag.py
[2022-11-08T20:49:48.056+0900] {logging_mixin.py:117} INFO - [2022-11-08T20:49:48.056+0900] {dag.py:2573} INFO - Sync 1 DAGs
[2022-11-08T20:49:48.067+0900] {logging_mixin.py:117} INFO - [2022-11-08T20:49:48.067+0900] {dag.py:3324} INFO - Setting next_dagrun for example_skip_dag to 2022-11-07T11:49:48.067417+00:00, run_after=2022-11-08T11:49:48.067417+00:00
[2022-11-08T20:49:48.085+0900] {processor.py:178} INFO - Processing /home/steve/.local/lib/python3.8/site-packages/airflow/example_dags/example_skip_dag.py took 0.058 seconds
[2022-11-08T20:50:26.332+0900] {processor.py:156} INFO - Started process (PID=12486) to work on /home/steve/.local/lib/python3.8/site-packages/airflow/example_dags/example_skip_dag.py
[2022-11-08T20:50:26.334+0900] {processor.py:758} INFO - Processing file /home/steve/.local/lib/python3.8/site-packages/airflow/example_dags/example_skip_dag.py for tasks to queue
[2022-11-08T20:50:26.335+0900] {logging_mixin.py:117} INFO - [2022-11-08T20:50:26.335+0900] {dagbag.py:525} INFO - Filling up the DagBag from /home/steve/.local/lib/python3.8/site-packages/airflow/example_dags/example_skip_dag.py
[2022-11-08T20:50:26.344+0900] {processor.py:768} INFO - DAG(s) dict_keys(['example_skip_dag']) retrieved from /home/steve/.local/lib/python3.8/site-packages/airflow/example_dags/example_skip_dag.py
[2022-11-08T20:50:26.361+0900] {logging_mixin.py:117} INFO - [2022-11-08T20:50:26.361+0900] {dag.py:2573} INFO - Sync 1 DAGs
[2022-11-08T20:50:26.372+0900] {logging_mixin.py:117} INFO - [2022-11-08T20:50:26.372+0900] {dag.py:3324} INFO - Setting next_dagrun for example_skip_dag to 2022-11-07T11:50:26.372198+00:00, run_after=2022-11-08T11:50:26.372198+00:00
[2022-11-08T20:50:26.388+0900] {processor.py:178} INFO - Processing /home/steve/.local/lib/python3.8/site-packages/airflow/example_dags/example_skip_dag.py took 0.057 seconds
[2022-11-08T20:51:00.194+0900] {processor.py:156} INFO - Started process (PID=12874) to work on /home/steve/.local/lib/python3.8/site-packages/airflow/example_dags/example_skip_dag.py
[2022-11-08T20:51:00.197+0900] {processor.py:758} INFO - Processing file /home/steve/.local/lib/python3.8/site-packages/airflow/example_dags/example_skip_dag.py for tasks to queue
[2022-11-08T20:51:00.197+0900] {logging_mixin.py:117} INFO - [2022-11-08T20:51:00.197+0900] {dagbag.py:525} INFO - Filling up the DagBag from /home/steve/.local/lib/python3.8/site-packages/airflow/example_dags/example_skip_dag.py
[2022-11-08T20:51:00.204+0900] {processor.py:768} INFO - DAG(s) dict_keys(['example_skip_dag']) retrieved from /home/steve/.local/lib/python3.8/site-packages/airflow/example_dags/example_skip_dag.py
[2022-11-08T20:51:00.218+0900] {logging_mixin.py:117} INFO - [2022-11-08T20:51:00.218+0900] {dag.py:2573} INFO - Sync 1 DAGs
[2022-11-08T20:51:00.228+0900] {logging_mixin.py:117} INFO - [2022-11-08T20:51:00.228+0900] {dag.py:3324} INFO - Setting next_dagrun for example_skip_dag to 2022-11-07T11:51:00.228171+00:00, run_after=2022-11-08T11:51:00.228171+00:00
[2022-11-08T20:51:00.246+0900] {processor.py:178} INFO - Processing /home/steve/.local/lib/python3.8/site-packages/airflow/example_dags/example_skip_dag.py took 0.053 seconds
