[2022-11-08T19:45:08.144+0900] {processor.py:156} INFO - Started process (PID=7454) to work on /home/steve/.local/lib/python3.8/site-packages/airflow/example_dags/example_bash_operator.py
[2022-11-08T19:45:08.144+0900] {processor.py:758} INFO - Processing file /home/steve/.local/lib/python3.8/site-packages/airflow/example_dags/example_bash_operator.py for tasks to queue
[2022-11-08T19:45:08.144+0900] {logging_mixin.py:117} INFO - [2022-11-08T19:45:08.144+0900] {dagbag.py:525} INFO - Filling up the DagBag from /home/steve/.local/lib/python3.8/site-packages/airflow/example_dags/example_bash_operator.py
[2022-11-08T19:45:08.153+0900] {processor.py:768} INFO - DAG(s) dict_keys(['example_bash_operator']) retrieved from /home/steve/.local/lib/python3.8/site-packages/airflow/example_dags/example_bash_operator.py
[2022-11-08T19:45:08.220+0900] {logging_mixin.py:117} INFO - [2022-11-08T19:45:08.220+0900] {manager.py:507} INFO - Created Permission View: can edit on DAG:example_bash_operator
[2022-11-08T19:45:08.297+0900] {logging_mixin.py:117} INFO - [2022-11-08T19:45:08.297+0900] {manager.py:507} INFO - Created Permission View: can delete on DAG:example_bash_operator
[2022-11-08T19:45:08.306+0900] {logging_mixin.py:117} INFO - [2022-11-08T19:45:08.306+0900] {manager.py:507} INFO - Created Permission View: can read on DAG:example_bash_operator
[2022-11-08T19:45:08.306+0900] {logging_mixin.py:117} INFO - [2022-11-08T19:45:08.306+0900] {dag.py:2573} INFO - Sync 1 DAGs
[2022-11-08T19:45:08.311+0900] {logging_mixin.py:117} INFO - [2022-11-08T19:45:08.311+0900] {dag.py:2594} INFO - Creating ORM DAG for example_bash_operator
[2022-11-08T19:45:08.316+0900] {logging_mixin.py:117} INFO - [2022-11-08T19:45:08.316+0900] {dag.py:3324} INFO - Setting next_dagrun for example_bash_operator to 2022-11-07T00:00:00+00:00, run_after=2022-11-08T00:00:00+00:00
[2022-11-08T19:45:08.331+0900] {processor.py:178} INFO - Processing /home/steve/.local/lib/python3.8/site-packages/airflow/example_dags/example_bash_operator.py took 0.189 seconds
[2022-11-08T19:45:42.665+0900] {processor.py:156} INFO - Started process (PID=7681) to work on /home/steve/.local/lib/python3.8/site-packages/airflow/example_dags/example_bash_operator.py
[2022-11-08T19:45:42.667+0900] {processor.py:758} INFO - Processing file /home/steve/.local/lib/python3.8/site-packages/airflow/example_dags/example_bash_operator.py for tasks to queue
[2022-11-08T19:45:42.668+0900] {logging_mixin.py:117} INFO - [2022-11-08T19:45:42.668+0900] {dagbag.py:525} INFO - Filling up the DagBag from /home/steve/.local/lib/python3.8/site-packages/airflow/example_dags/example_bash_operator.py
[2022-11-08T19:45:42.677+0900] {processor.py:768} INFO - DAG(s) dict_keys(['example_bash_operator']) retrieved from /home/steve/.local/lib/python3.8/site-packages/airflow/example_dags/example_bash_operator.py
[2022-11-08T19:45:42.692+0900] {logging_mixin.py:117} INFO - [2022-11-08T19:45:42.692+0900] {dag.py:2573} INFO - Sync 1 DAGs
[2022-11-08T19:45:42.702+0900] {logging_mixin.py:117} INFO - [2022-11-08T19:45:42.702+0900] {dag.py:3324} INFO - Setting next_dagrun for example_bash_operator to 2022-11-07T00:00:00+00:00, run_after=2022-11-08T00:00:00+00:00
[2022-11-08T19:45:42.717+0900] {processor.py:178} INFO - Processing /home/steve/.local/lib/python3.8/site-packages/airflow/example_dags/example_bash_operator.py took 0.053 seconds
[2022-11-08T19:46:20.160+0900] {processor.py:156} INFO - Started process (PID=7808) to work on /home/steve/.local/lib/python3.8/site-packages/airflow/example_dags/example_bash_operator.py
[2022-11-08T19:46:20.163+0900] {processor.py:758} INFO - Processing file /home/steve/.local/lib/python3.8/site-packages/airflow/example_dags/example_bash_operator.py for tasks to queue
[2022-11-08T19:46:20.163+0900] {logging_mixin.py:117} INFO - [2022-11-08T19:46:20.163+0900] {dagbag.py:525} INFO - Filling up the DagBag from /home/steve/.local/lib/python3.8/site-packages/airflow/example_dags/example_bash_operator.py
[2022-11-08T19:46:20.172+0900] {processor.py:768} INFO - DAG(s) dict_keys(['example_bash_operator']) retrieved from /home/steve/.local/lib/python3.8/site-packages/airflow/example_dags/example_bash_operator.py
[2022-11-08T19:46:20.187+0900] {logging_mixin.py:117} INFO - [2022-11-08T19:46:20.187+0900] {dag.py:2573} INFO - Sync 1 DAGs
[2022-11-08T19:46:20.197+0900] {logging_mixin.py:117} INFO - [2022-11-08T19:46:20.197+0900] {dag.py:3324} INFO - Setting next_dagrun for example_bash_operator to 2022-11-07T00:00:00+00:00, run_after=2022-11-08T00:00:00+00:00
[2022-11-08T19:46:20.213+0900] {processor.py:178} INFO - Processing /home/steve/.local/lib/python3.8/site-packages/airflow/example_dags/example_bash_operator.py took 0.054 seconds
[2022-11-08T19:46:56.369+0900] {processor.py:156} INFO - Started process (PID=7874) to work on /home/steve/.local/lib/python3.8/site-packages/airflow/example_dags/example_bash_operator.py
[2022-11-08T19:46:56.371+0900] {processor.py:758} INFO - Processing file /home/steve/.local/lib/python3.8/site-packages/airflow/example_dags/example_bash_operator.py for tasks to queue
[2022-11-08T19:46:56.371+0900] {logging_mixin.py:117} INFO - [2022-11-08T19:46:56.371+0900] {dagbag.py:525} INFO - Filling up the DagBag from /home/steve/.local/lib/python3.8/site-packages/airflow/example_dags/example_bash_operator.py
[2022-11-08T19:46:56.380+0900] {processor.py:768} INFO - DAG(s) dict_keys(['example_bash_operator']) retrieved from /home/steve/.local/lib/python3.8/site-packages/airflow/example_dags/example_bash_operator.py
[2022-11-08T19:46:56.395+0900] {logging_mixin.py:117} INFO - [2022-11-08T19:46:56.395+0900] {dag.py:2573} INFO - Sync 1 DAGs
[2022-11-08T19:46:56.406+0900] {logging_mixin.py:117} INFO - [2022-11-08T19:46:56.405+0900] {dag.py:3324} INFO - Setting next_dagrun for example_bash_operator to 2022-11-07T00:00:00+00:00, run_after=2022-11-08T00:00:00+00:00
[2022-11-08T19:46:56.423+0900] {processor.py:178} INFO - Processing /home/steve/.local/lib/python3.8/site-packages/airflow/example_dags/example_bash_operator.py took 0.056 seconds
[2022-11-08T19:47:36.921+0900] {processor.py:156} INFO - Started process (PID=7926) to work on /home/steve/.local/lib/python3.8/site-packages/airflow/example_dags/example_bash_operator.py
[2022-11-08T19:47:36.923+0900] {processor.py:758} INFO - Processing file /home/steve/.local/lib/python3.8/site-packages/airflow/example_dags/example_bash_operator.py for tasks to queue
[2022-11-08T19:47:36.923+0900] {logging_mixin.py:117} INFO - [2022-11-08T19:47:36.923+0900] {dagbag.py:525} INFO - Filling up the DagBag from /home/steve/.local/lib/python3.8/site-packages/airflow/example_dags/example_bash_operator.py
[2022-11-08T19:47:36.932+0900] {processor.py:768} INFO - DAG(s) dict_keys(['example_bash_operator']) retrieved from /home/steve/.local/lib/python3.8/site-packages/airflow/example_dags/example_bash_operator.py
[2022-11-08T19:47:36.948+0900] {logging_mixin.py:117} INFO - [2022-11-08T19:47:36.948+0900] {dag.py:2573} INFO - Sync 1 DAGs
[2022-11-08T19:47:36.959+0900] {logging_mixin.py:117} INFO - [2022-11-08T19:47:36.959+0900] {dag.py:3324} INFO - Setting next_dagrun for example_bash_operator to 2022-11-07T00:00:00+00:00, run_after=2022-11-08T00:00:00+00:00
[2022-11-08T19:47:37.042+0900] {processor.py:178} INFO - Processing /home/steve/.local/lib/python3.8/site-packages/airflow/example_dags/example_bash_operator.py took 0.123 seconds
[2022-11-08T19:48:14.507+0900] {processor.py:156} INFO - Started process (PID=7962) to work on /home/steve/.local/lib/python3.8/site-packages/airflow/example_dags/example_bash_operator.py
[2022-11-08T19:48:14.509+0900] {processor.py:758} INFO - Processing file /home/steve/.local/lib/python3.8/site-packages/airflow/example_dags/example_bash_operator.py for tasks to queue
[2022-11-08T19:48:14.510+0900] {logging_mixin.py:117} INFO - [2022-11-08T19:48:14.509+0900] {dagbag.py:525} INFO - Filling up the DagBag from /home/steve/.local/lib/python3.8/site-packages/airflow/example_dags/example_bash_operator.py
[2022-11-08T19:48:14.518+0900] {processor.py:768} INFO - DAG(s) dict_keys(['example_bash_operator']) retrieved from /home/steve/.local/lib/python3.8/site-packages/airflow/example_dags/example_bash_operator.py
[2022-11-08T19:48:14.533+0900] {logging_mixin.py:117} INFO - [2022-11-08T19:48:14.533+0900] {dag.py:2573} INFO - Sync 1 DAGs
[2022-11-08T19:48:14.608+0900] {logging_mixin.py:117} INFO - [2022-11-08T19:48:14.608+0900] {dag.py:3324} INFO - Setting next_dagrun for example_bash_operator to 2022-11-07T00:00:00+00:00, run_after=2022-11-08T00:00:00+00:00
[2022-11-08T19:48:14.624+0900] {processor.py:178} INFO - Processing /home/steve/.local/lib/python3.8/site-packages/airflow/example_dags/example_bash_operator.py took 0.118 seconds
[2022-11-08T19:48:52.061+0900] {processor.py:156} INFO - Started process (PID=7998) to work on /home/steve/.local/lib/python3.8/site-packages/airflow/example_dags/example_bash_operator.py
[2022-11-08T19:48:52.063+0900] {processor.py:758} INFO - Processing file /home/steve/.local/lib/python3.8/site-packages/airflow/example_dags/example_bash_operator.py for tasks to queue
[2022-11-08T19:48:52.063+0900] {logging_mixin.py:117} INFO - [2022-11-08T19:48:52.063+0900] {dagbag.py:525} INFO - Filling up the DagBag from /home/steve/.local/lib/python3.8/site-packages/airflow/example_dags/example_bash_operator.py
[2022-11-08T19:48:52.072+0900] {processor.py:768} INFO - DAG(s) dict_keys(['example_bash_operator']) retrieved from /home/steve/.local/lib/python3.8/site-packages/airflow/example_dags/example_bash_operator.py
[2022-11-08T19:48:52.088+0900] {logging_mixin.py:117} INFO - [2022-11-08T19:48:52.088+0900] {dag.py:2573} INFO - Sync 1 DAGs
[2022-11-08T19:48:52.163+0900] {logging_mixin.py:117} INFO - [2022-11-08T19:48:52.163+0900] {dag.py:3324} INFO - Setting next_dagrun for example_bash_operator to 2022-11-07T00:00:00+00:00, run_after=2022-11-08T00:00:00+00:00
[2022-11-08T19:48:52.180+0900] {processor.py:178} INFO - Processing /home/steve/.local/lib/python3.8/site-packages/airflow/example_dags/example_bash_operator.py took 0.121 seconds
[2022-11-08T19:49:31.389+0900] {processor.py:156} INFO - Started process (PID=8036) to work on /home/steve/.local/lib/python3.8/site-packages/airflow/example_dags/example_bash_operator.py
[2022-11-08T19:49:31.389+0900] {processor.py:758} INFO - Processing file /home/steve/.local/lib/python3.8/site-packages/airflow/example_dags/example_bash_operator.py for tasks to queue
[2022-11-08T19:49:31.390+0900] {logging_mixin.py:117} INFO - [2022-11-08T19:49:31.390+0900] {dagbag.py:525} INFO - Filling up the DagBag from /home/steve/.local/lib/python3.8/site-packages/airflow/example_dags/example_bash_operator.py
[2022-11-08T19:49:31.399+0900] {processor.py:768} INFO - DAG(s) dict_keys(['example_bash_operator']) retrieved from /home/steve/.local/lib/python3.8/site-packages/airflow/example_dags/example_bash_operator.py
[2022-11-08T19:49:31.478+0900] {logging_mixin.py:117} INFO - [2022-11-08T19:49:31.478+0900] {dag.py:2573} INFO - Sync 1 DAGs
[2022-11-08T19:49:31.488+0900] {logging_mixin.py:117} INFO - [2022-11-08T19:49:31.488+0900] {dag.py:3324} INFO - Setting next_dagrun for example_bash_operator to 2022-11-07T00:00:00+00:00, run_after=2022-11-08T00:00:00+00:00
[2022-11-08T19:49:31.503+0900] {processor.py:178} INFO - Processing /home/steve/.local/lib/python3.8/site-packages/airflow/example_dags/example_bash_operator.py took 0.116 seconds
[2022-11-08T19:50:12.648+0900] {processor.py:156} INFO - Started process (PID=8104) to work on /home/steve/.local/lib/python3.8/site-packages/airflow/example_dags/example_bash_operator.py
[2022-11-08T19:50:12.650+0900] {processor.py:758} INFO - Processing file /home/steve/.local/lib/python3.8/site-packages/airflow/example_dags/example_bash_operator.py for tasks to queue
[2022-11-08T19:50:12.650+0900] {logging_mixin.py:117} INFO - [2022-11-08T19:50:12.650+0900] {dagbag.py:525} INFO - Filling up the DagBag from /home/steve/.local/lib/python3.8/site-packages/airflow/example_dags/example_bash_operator.py
[2022-11-08T19:50:12.659+0900] {processor.py:768} INFO - DAG(s) dict_keys(['example_bash_operator']) retrieved from /home/steve/.local/lib/python3.8/site-packages/airflow/example_dags/example_bash_operator.py
[2022-11-08T19:50:12.739+0900] {logging_mixin.py:117} INFO - [2022-11-08T19:50:12.738+0900] {dag.py:2573} INFO - Sync 1 DAGs
[2022-11-08T19:50:12.747+0900] {logging_mixin.py:117} INFO - [2022-11-08T19:50:12.747+0900] {dag.py:3324} INFO - Setting next_dagrun for example_bash_operator to 2022-11-07T00:00:00+00:00, run_after=2022-11-08T00:00:00+00:00
[2022-11-08T19:50:12.763+0900] {processor.py:178} INFO - Processing /home/steve/.local/lib/python3.8/site-packages/airflow/example_dags/example_bash_operator.py took 0.116 seconds
[2022-11-08T19:50:54.544+0900] {processor.py:156} INFO - Started process (PID=8145) to work on /home/steve/.local/lib/python3.8/site-packages/airflow/example_dags/example_bash_operator.py
[2022-11-08T19:50:54.546+0900] {processor.py:758} INFO - Processing file /home/steve/.local/lib/python3.8/site-packages/airflow/example_dags/example_bash_operator.py for tasks to queue
[2022-11-08T19:50:54.546+0900] {logging_mixin.py:117} INFO - [2022-11-08T19:50:54.546+0900] {dagbag.py:525} INFO - Filling up the DagBag from /home/steve/.local/lib/python3.8/site-packages/airflow/example_dags/example_bash_operator.py
[2022-11-08T19:50:54.622+0900] {processor.py:768} INFO - DAG(s) dict_keys(['example_bash_operator']) retrieved from /home/steve/.local/lib/python3.8/site-packages/airflow/example_dags/example_bash_operator.py
[2022-11-08T19:50:54.635+0900] {logging_mixin.py:117} INFO - [2022-11-08T19:50:54.635+0900] {dag.py:2573} INFO - Sync 1 DAGs
[2022-11-08T19:50:54.644+0900] {logging_mixin.py:117} INFO - [2022-11-08T19:50:54.644+0900] {dag.py:3324} INFO - Setting next_dagrun for example_bash_operator to 2022-11-07T00:00:00+00:00, run_after=2022-11-08T00:00:00+00:00
[2022-11-08T19:50:54.661+0900] {processor.py:178} INFO - Processing /home/steve/.local/lib/python3.8/site-packages/airflow/example_dags/example_bash_operator.py took 0.118 seconds
[2022-11-08T19:51:34.379+0900] {processor.py:156} INFO - Started process (PID=8183) to work on /home/steve/.local/lib/python3.8/site-packages/airflow/example_dags/example_bash_operator.py
[2022-11-08T19:51:34.381+0900] {processor.py:758} INFO - Processing file /home/steve/.local/lib/python3.8/site-packages/airflow/example_dags/example_bash_operator.py for tasks to queue
[2022-11-08T19:51:34.381+0900] {logging_mixin.py:117} INFO - [2022-11-08T19:51:34.381+0900] {dagbag.py:525} INFO - Filling up the DagBag from /home/steve/.local/lib/python3.8/site-packages/airflow/example_dags/example_bash_operator.py
[2022-11-08T19:51:34.459+0900] {processor.py:768} INFO - DAG(s) dict_keys(['example_bash_operator']) retrieved from /home/steve/.local/lib/python3.8/site-packages/airflow/example_dags/example_bash_operator.py
[2022-11-08T19:51:34.472+0900] {logging_mixin.py:117} INFO - [2022-11-08T19:51:34.472+0900] {dag.py:2573} INFO - Sync 1 DAGs
[2022-11-08T19:51:34.482+0900] {logging_mixin.py:117} INFO - [2022-11-08T19:51:34.482+0900] {dag.py:3324} INFO - Setting next_dagrun for example_bash_operator to 2022-11-07T00:00:00+00:00, run_after=2022-11-08T00:00:00+00:00
[2022-11-08T19:51:34.497+0900] {processor.py:178} INFO - Processing /home/steve/.local/lib/python3.8/site-packages/airflow/example_dags/example_bash_operator.py took 0.120 seconds
[2022-11-08T19:52:09.549+0900] {processor.py:156} INFO - Started process (PID=8220) to work on /home/steve/.local/lib/python3.8/site-packages/airflow/example_dags/example_bash_operator.py
[2022-11-08T19:52:09.550+0900] {processor.py:758} INFO - Processing file /home/steve/.local/lib/python3.8/site-packages/airflow/example_dags/example_bash_operator.py for tasks to queue
[2022-11-08T19:52:09.551+0900] {logging_mixin.py:117} INFO - [2022-11-08T19:52:09.551+0900] {dagbag.py:525} INFO - Filling up the DagBag from /home/steve/.local/lib/python3.8/site-packages/airflow/example_dags/example_bash_operator.py
[2022-11-08T19:52:09.560+0900] {processor.py:768} INFO - DAG(s) dict_keys(['example_bash_operator']) retrieved from /home/steve/.local/lib/python3.8/site-packages/airflow/example_dags/example_bash_operator.py
[2022-11-08T19:52:09.575+0900] {logging_mixin.py:117} INFO - [2022-11-08T19:52:09.575+0900] {dag.py:2573} INFO - Sync 1 DAGs
[2022-11-08T19:52:09.585+0900] {logging_mixin.py:117} INFO - [2022-11-08T19:52:09.585+0900] {dag.py:3324} INFO - Setting next_dagrun for example_bash_operator to 2022-11-07T00:00:00+00:00, run_after=2022-11-08T00:00:00+00:00
[2022-11-08T19:52:09.601+0900] {processor.py:178} INFO - Processing /home/steve/.local/lib/python3.8/site-packages/airflow/example_dags/example_bash_operator.py took 0.054 seconds
[2022-11-08T19:52:42.951+0900] {processor.py:156} INFO - Started process (PID=8256) to work on /home/steve/.local/lib/python3.8/site-packages/airflow/example_dags/example_bash_operator.py
[2022-11-08T19:52:42.952+0900] {processor.py:758} INFO - Processing file /home/steve/.local/lib/python3.8/site-packages/airflow/example_dags/example_bash_operator.py for tasks to queue
[2022-11-08T19:52:42.952+0900] {logging_mixin.py:117} INFO - [2022-11-08T19:52:42.952+0900] {dagbag.py:525} INFO - Filling up the DagBag from /home/steve/.local/lib/python3.8/site-packages/airflow/example_dags/example_bash_operator.py
[2022-11-08T19:52:42.965+0900] {processor.py:768} INFO - DAG(s) dict_keys(['example_bash_operator']) retrieved from /home/steve/.local/lib/python3.8/site-packages/airflow/example_dags/example_bash_operator.py
[2022-11-08T19:52:42.986+0900] {logging_mixin.py:117} INFO - [2022-11-08T19:52:42.986+0900] {dag.py:2573} INFO - Sync 1 DAGs
[2022-11-08T19:52:42.999+0900] {logging_mixin.py:117} INFO - [2022-11-08T19:52:42.999+0900] {dag.py:3324} INFO - Setting next_dagrun for example_bash_operator to 2022-11-07T00:00:00+00:00, run_after=2022-11-08T00:00:00+00:00
[2022-11-08T19:52:43.017+0900] {processor.py:178} INFO - Processing /home/steve/.local/lib/python3.8/site-packages/airflow/example_dags/example_bash_operator.py took 0.068 seconds
[2022-11-08T19:53:18.844+0900] {processor.py:156} INFO - Started process (PID=8509) to work on /home/steve/.local/lib/python3.8/site-packages/airflow/example_dags/example_bash_operator.py
[2022-11-08T19:53:18.847+0900] {processor.py:758} INFO - Processing file /home/steve/.local/lib/python3.8/site-packages/airflow/example_dags/example_bash_operator.py for tasks to queue
[2022-11-08T19:53:18.847+0900] {logging_mixin.py:117} INFO - [2022-11-08T19:53:18.847+0900] {dagbag.py:525} INFO - Filling up the DagBag from /home/steve/.local/lib/python3.8/site-packages/airflow/example_dags/example_bash_operator.py
[2022-11-08T19:53:18.858+0900] {processor.py:768} INFO - DAG(s) dict_keys(['example_bash_operator']) retrieved from /home/steve/.local/lib/python3.8/site-packages/airflow/example_dags/example_bash_operator.py
[2022-11-08T19:53:18.870+0900] {logging_mixin.py:117} INFO - [2022-11-08T19:53:18.870+0900] {dag.py:2573} INFO - Sync 1 DAGs
[2022-11-08T19:53:18.883+0900] {logging_mixin.py:117} INFO - [2022-11-08T19:53:18.883+0900] {dag.py:3324} INFO - Setting next_dagrun for example_bash_operator to 2022-11-07T00:00:00+00:00, run_after=2022-11-08T00:00:00+00:00
[2022-11-08T19:53:18.907+0900] {processor.py:178} INFO - Processing /home/steve/.local/lib/python3.8/site-packages/airflow/example_dags/example_bash_operator.py took 0.064 seconds
[2022-11-08T19:53:54.963+0900] {processor.py:156} INFO - Started process (PID=8569) to work on /home/steve/.local/lib/python3.8/site-packages/airflow/example_dags/example_bash_operator.py
[2022-11-08T19:53:54.966+0900] {processor.py:758} INFO - Processing file /home/steve/.local/lib/python3.8/site-packages/airflow/example_dags/example_bash_operator.py for tasks to queue
[2022-11-08T19:53:54.966+0900] {logging_mixin.py:117} INFO - [2022-11-08T19:53:54.966+0900] {dagbag.py:525} INFO - Filling up the DagBag from /home/steve/.local/lib/python3.8/site-packages/airflow/example_dags/example_bash_operator.py
[2022-11-08T19:53:54.977+0900] {processor.py:768} INFO - DAG(s) dict_keys(['example_bash_operator']) retrieved from /home/steve/.local/lib/python3.8/site-packages/airflow/example_dags/example_bash_operator.py
[2022-11-08T19:53:54.994+0900] {logging_mixin.py:117} INFO - [2022-11-08T19:53:54.994+0900] {dag.py:2573} INFO - Sync 1 DAGs
[2022-11-08T19:53:55.006+0900] {logging_mixin.py:117} INFO - [2022-11-08T19:53:55.006+0900] {dag.py:3324} INFO - Setting next_dagrun for example_bash_operator to 2022-11-07T00:00:00+00:00, run_after=2022-11-08T00:00:00+00:00
[2022-11-08T19:53:55.022+0900] {processor.py:178} INFO - Processing /home/steve/.local/lib/python3.8/site-packages/airflow/example_dags/example_bash_operator.py took 0.061 seconds
[2022-11-08T19:54:31.323+0900] {processor.py:156} INFO - Started process (PID=8748) to work on /home/steve/.local/lib/python3.8/site-packages/airflow/example_dags/example_bash_operator.py
[2022-11-08T19:54:31.325+0900] {processor.py:758} INFO - Processing file /home/steve/.local/lib/python3.8/site-packages/airflow/example_dags/example_bash_operator.py for tasks to queue
[2022-11-08T19:54:31.326+0900] {logging_mixin.py:117} INFO - [2022-11-08T19:54:31.325+0900] {dagbag.py:525} INFO - Filling up the DagBag from /home/steve/.local/lib/python3.8/site-packages/airflow/example_dags/example_bash_operator.py
[2022-11-08T19:54:31.340+0900] {processor.py:768} INFO - DAG(s) dict_keys(['example_bash_operator']) retrieved from /home/steve/.local/lib/python3.8/site-packages/airflow/example_dags/example_bash_operator.py
[2022-11-08T19:54:31.362+0900] {logging_mixin.py:117} INFO - [2022-11-08T19:54:31.362+0900] {dag.py:2573} INFO - Sync 1 DAGs
[2022-11-08T19:54:31.378+0900] {logging_mixin.py:117} INFO - [2022-11-08T19:54:31.378+0900] {dag.py:3324} INFO - Setting next_dagrun for example_bash_operator to 2022-11-07T00:00:00+00:00, run_after=2022-11-08T00:00:00+00:00
[2022-11-08T19:54:31.398+0900] {processor.py:178} INFO - Processing /home/steve/.local/lib/python3.8/site-packages/airflow/example_dags/example_bash_operator.py took 0.076 seconds
[2022-11-08T19:55:11.896+0900] {processor.py:156} INFO - Started process (PID=9009) to work on /home/steve/.local/lib/python3.8/site-packages/airflow/example_dags/example_bash_operator.py
[2022-11-08T19:55:11.896+0900] {processor.py:758} INFO - Processing file /home/steve/.local/lib/python3.8/site-packages/airflow/example_dags/example_bash_operator.py for tasks to queue
[2022-11-08T19:55:11.897+0900] {logging_mixin.py:117} INFO - [2022-11-08T19:55:11.897+0900] {dagbag.py:525} INFO - Filling up the DagBag from /home/steve/.local/lib/python3.8/site-packages/airflow/example_dags/example_bash_operator.py
[2022-11-08T19:55:11.906+0900] {processor.py:768} INFO - DAG(s) dict_keys(['example_bash_operator']) retrieved from /home/steve/.local/lib/python3.8/site-packages/airflow/example_dags/example_bash_operator.py
[2022-11-08T19:55:11.921+0900] {logging_mixin.py:117} INFO - [2022-11-08T19:55:11.921+0900] {dag.py:2573} INFO - Sync 1 DAGs
[2022-11-08T19:55:11.932+0900] {logging_mixin.py:117} INFO - [2022-11-08T19:55:11.932+0900] {dag.py:3324} INFO - Setting next_dagrun for example_bash_operator to 2022-11-07T00:00:00+00:00, run_after=2022-11-08T00:00:00+00:00
[2022-11-08T19:55:11.949+0900] {processor.py:178} INFO - Processing /home/steve/.local/lib/python3.8/site-packages/airflow/example_dags/example_bash_operator.py took 0.055 seconds
[2022-11-08T20:27:17.150+0900] {processor.py:156} INFO - Started process (PID=9802) to work on /home/steve/.local/lib/python3.8/site-packages/airflow/example_dags/example_bash_operator.py
[2022-11-08T20:27:17.152+0900] {processor.py:758} INFO - Processing file /home/steve/.local/lib/python3.8/site-packages/airflow/example_dags/example_bash_operator.py for tasks to queue
[2022-11-08T20:27:17.153+0900] {logging_mixin.py:117} INFO - [2022-11-08T20:27:17.153+0900] {dagbag.py:525} INFO - Filling up the DagBag from /home/steve/.local/lib/python3.8/site-packages/airflow/example_dags/example_bash_operator.py
[2022-11-08T20:27:17.163+0900] {processor.py:768} INFO - DAG(s) dict_keys(['example_bash_operator']) retrieved from /home/steve/.local/lib/python3.8/site-packages/airflow/example_dags/example_bash_operator.py
[2022-11-08T20:27:17.183+0900] {logging_mixin.py:117} INFO - [2022-11-08T20:27:17.183+0900] {dag.py:2573} INFO - Sync 1 DAGs
[2022-11-08T20:27:17.195+0900] {logging_mixin.py:117} INFO - [2022-11-08T20:27:17.195+0900] {dag.py:3324} INFO - Setting next_dagrun for example_bash_operator to 2022-11-07T00:00:00+00:00, run_after=2022-11-08T00:00:00+00:00
[2022-11-08T20:27:17.211+0900] {processor.py:178} INFO - Processing /home/steve/.local/lib/python3.8/site-packages/airflow/example_dags/example_bash_operator.py took 0.062 seconds
[2022-11-08T20:27:53.307+0900] {processor.py:156} INFO - Started process (PID=9848) to work on /home/steve/.local/lib/python3.8/site-packages/airflow/example_dags/example_bash_operator.py
[2022-11-08T20:27:53.309+0900] {processor.py:758} INFO - Processing file /home/steve/.local/lib/python3.8/site-packages/airflow/example_dags/example_bash_operator.py for tasks to queue
[2022-11-08T20:27:53.309+0900] {logging_mixin.py:117} INFO - [2022-11-08T20:27:53.309+0900] {dagbag.py:525} INFO - Filling up the DagBag from /home/steve/.local/lib/python3.8/site-packages/airflow/example_dags/example_bash_operator.py
[2022-11-08T20:27:53.318+0900] {processor.py:768} INFO - DAG(s) dict_keys(['example_bash_operator']) retrieved from /home/steve/.local/lib/python3.8/site-packages/airflow/example_dags/example_bash_operator.py
[2022-11-08T20:27:53.334+0900] {logging_mixin.py:117} INFO - [2022-11-08T20:27:53.334+0900] {dag.py:2573} INFO - Sync 1 DAGs
[2022-11-08T20:27:53.344+0900] {logging_mixin.py:117} INFO - [2022-11-08T20:27:53.344+0900] {dag.py:3324} INFO - Setting next_dagrun for example_bash_operator to 2022-11-07T00:00:00+00:00, run_after=2022-11-08T00:00:00+00:00
[2022-11-08T20:27:53.359+0900] {processor.py:178} INFO - Processing /home/steve/.local/lib/python3.8/site-packages/airflow/example_dags/example_bash_operator.py took 0.054 seconds
[2022-11-08T20:28:30.336+0900] {processor.py:156} INFO - Started process (PID=9895) to work on /home/steve/.local/lib/python3.8/site-packages/airflow/example_dags/example_bash_operator.py
[2022-11-08T20:28:30.338+0900] {processor.py:758} INFO - Processing file /home/steve/.local/lib/python3.8/site-packages/airflow/example_dags/example_bash_operator.py for tasks to queue
[2022-11-08T20:28:30.338+0900] {logging_mixin.py:117} INFO - [2022-11-08T20:28:30.338+0900] {dagbag.py:525} INFO - Filling up the DagBag from /home/steve/.local/lib/python3.8/site-packages/airflow/example_dags/example_bash_operator.py
[2022-11-08T20:28:30.348+0900] {processor.py:768} INFO - DAG(s) dict_keys(['example_bash_operator']) retrieved from /home/steve/.local/lib/python3.8/site-packages/airflow/example_dags/example_bash_operator.py
[2022-11-08T20:28:30.364+0900] {logging_mixin.py:117} INFO - [2022-11-08T20:28:30.364+0900] {dag.py:2573} INFO - Sync 1 DAGs
[2022-11-08T20:28:30.374+0900] {logging_mixin.py:117} INFO - [2022-11-08T20:28:30.374+0900] {dag.py:3324} INFO - Setting next_dagrun for example_bash_operator to 2022-11-07T00:00:00+00:00, run_after=2022-11-08T00:00:00+00:00
[2022-11-08T20:28:30.391+0900] {processor.py:178} INFO - Processing /home/steve/.local/lib/python3.8/site-packages/airflow/example_dags/example_bash_operator.py took 0.057 seconds
[2022-11-08T20:29:05.474+0900] {processor.py:156} INFO - Started process (PID=10137) to work on /home/steve/.local/lib/python3.8/site-packages/airflow/example_dags/example_bash_operator.py
[2022-11-08T20:29:05.474+0900] {processor.py:758} INFO - Processing file /home/steve/.local/lib/python3.8/site-packages/airflow/example_dags/example_bash_operator.py for tasks to queue
[2022-11-08T20:29:05.475+0900] {logging_mixin.py:117} INFO - [2022-11-08T20:29:05.475+0900] {dagbag.py:525} INFO - Filling up the DagBag from /home/steve/.local/lib/python3.8/site-packages/airflow/example_dags/example_bash_operator.py
[2022-11-08T20:29:05.484+0900] {processor.py:768} INFO - DAG(s) dict_keys(['example_bash_operator']) retrieved from /home/steve/.local/lib/python3.8/site-packages/airflow/example_dags/example_bash_operator.py
[2022-11-08T20:29:05.500+0900] {logging_mixin.py:117} INFO - [2022-11-08T20:29:05.499+0900] {dag.py:2573} INFO - Sync 1 DAGs
[2022-11-08T20:29:05.510+0900] {logging_mixin.py:117} INFO - [2022-11-08T20:29:05.510+0900] {dag.py:3324} INFO - Setting next_dagrun for example_bash_operator to 2022-11-07T00:00:00+00:00, run_after=2022-11-08T00:00:00+00:00
[2022-11-08T20:29:05.526+0900] {processor.py:178} INFO - Processing /home/steve/.local/lib/python3.8/site-packages/airflow/example_dags/example_bash_operator.py took 0.054 seconds
[2022-11-08T20:29:48.002+0900] {processor.py:156} INFO - Started process (PID=10330) to work on /home/steve/.local/lib/python3.8/site-packages/airflow/example_dags/example_bash_operator.py
[2022-11-08T20:29:48.003+0900] {processor.py:758} INFO - Processing file /home/steve/.local/lib/python3.8/site-packages/airflow/example_dags/example_bash_operator.py for tasks to queue
[2022-11-08T20:29:48.003+0900] {logging_mixin.py:117} INFO - [2022-11-08T20:29:48.003+0900] {dagbag.py:525} INFO - Filling up the DagBag from /home/steve/.local/lib/python3.8/site-packages/airflow/example_dags/example_bash_operator.py
[2022-11-08T20:29:48.017+0900] {processor.py:768} INFO - DAG(s) dict_keys(['example_bash_operator']) retrieved from /home/steve/.local/lib/python3.8/site-packages/airflow/example_dags/example_bash_operator.py
[2022-11-08T20:29:48.037+0900] {logging_mixin.py:117} INFO - [2022-11-08T20:29:48.037+0900] {dag.py:2573} INFO - Sync 1 DAGs
[2022-11-08T20:29:48.051+0900] {logging_mixin.py:117} INFO - [2022-11-08T20:29:48.051+0900] {dag.py:3324} INFO - Setting next_dagrun for example_bash_operator to 2022-11-07T00:00:00+00:00, run_after=2022-11-08T00:00:00+00:00
[2022-11-08T20:29:48.150+0900] {processor.py:178} INFO - Processing /home/steve/.local/lib/python3.8/site-packages/airflow/example_dags/example_bash_operator.py took 0.150 seconds
[2022-11-08T20:30:26.029+0900] {processor.py:156} INFO - Started process (PID=10471) to work on /home/steve/.local/lib/python3.8/site-packages/airflow/example_dags/example_bash_operator.py
[2022-11-08T20:30:26.030+0900] {processor.py:758} INFO - Processing file /home/steve/.local/lib/python3.8/site-packages/airflow/example_dags/example_bash_operator.py for tasks to queue
[2022-11-08T20:30:26.030+0900] {logging_mixin.py:117} INFO - [2022-11-08T20:30:26.030+0900] {dagbag.py:525} INFO - Filling up the DagBag from /home/steve/.local/lib/python3.8/site-packages/airflow/example_dags/example_bash_operator.py
[2022-11-08T20:30:26.040+0900] {processor.py:768} INFO - DAG(s) dict_keys(['example_bash_operator']) retrieved from /home/steve/.local/lib/python3.8/site-packages/airflow/example_dags/example_bash_operator.py
[2022-11-08T20:30:26.059+0900] {logging_mixin.py:117} INFO - [2022-11-08T20:30:26.058+0900] {dag.py:2573} INFO - Sync 1 DAGs
[2022-11-08T20:30:26.159+0900] {logging_mixin.py:117} INFO - [2022-11-08T20:30:26.158+0900] {dag.py:3324} INFO - Setting next_dagrun for example_bash_operator to 2022-11-07T00:00:00+00:00, run_after=2022-11-08T00:00:00+00:00
[2022-11-08T20:30:26.175+0900] {processor.py:178} INFO - Processing /home/steve/.local/lib/python3.8/site-packages/airflow/example_dags/example_bash_operator.py took 0.148 seconds
[2022-11-08T20:31:03.179+0900] {processor.py:156} INFO - Started process (PID=10642) to work on /home/steve/.local/lib/python3.8/site-packages/airflow/example_dags/example_bash_operator.py
[2022-11-08T20:31:03.181+0900] {processor.py:758} INFO - Processing file /home/steve/.local/lib/python3.8/site-packages/airflow/example_dags/example_bash_operator.py for tasks to queue
[2022-11-08T20:31:03.181+0900] {logging_mixin.py:117} INFO - [2022-11-08T20:31:03.181+0900] {dagbag.py:525} INFO - Filling up the DagBag from /home/steve/.local/lib/python3.8/site-packages/airflow/example_dags/example_bash_operator.py
[2022-11-08T20:31:03.190+0900] {processor.py:768} INFO - DAG(s) dict_keys(['example_bash_operator']) retrieved from /home/steve/.local/lib/python3.8/site-packages/airflow/example_dags/example_bash_operator.py
[2022-11-08T20:31:03.208+0900] {logging_mixin.py:117} INFO - [2022-11-08T20:31:03.207+0900] {dag.py:2573} INFO - Sync 1 DAGs
[2022-11-08T20:31:03.303+0900] {logging_mixin.py:117} INFO - [2022-11-08T20:31:03.303+0900] {dag.py:3324} INFO - Setting next_dagrun for example_bash_operator to 2022-11-07T00:00:00+00:00, run_after=2022-11-08T00:00:00+00:00
[2022-11-08T20:31:03.334+0900] {processor.py:178} INFO - Processing /home/steve/.local/lib/python3.8/site-packages/airflow/example_dags/example_bash_operator.py took 0.156 seconds
[2022-11-08T20:31:41.905+0900] {processor.py:156} INFO - Started process (PID=10732) to work on /home/steve/.local/lib/python3.8/site-packages/airflow/example_dags/example_bash_operator.py
[2022-11-08T20:31:41.906+0900] {processor.py:758} INFO - Processing file /home/steve/.local/lib/python3.8/site-packages/airflow/example_dags/example_bash_operator.py for tasks to queue
[2022-11-08T20:31:41.907+0900] {logging_mixin.py:117} INFO - [2022-11-08T20:31:41.906+0900] {dagbag.py:525} INFO - Filling up the DagBag from /home/steve/.local/lib/python3.8/site-packages/airflow/example_dags/example_bash_operator.py
[2022-11-08T20:31:41.916+0900] {processor.py:768} INFO - DAG(s) dict_keys(['example_bash_operator']) retrieved from /home/steve/.local/lib/python3.8/site-packages/airflow/example_dags/example_bash_operator.py
[2022-11-08T20:31:42.004+0900] {logging_mixin.py:117} INFO - [2022-11-08T20:31:42.004+0900] {dag.py:2573} INFO - Sync 1 DAGs
[2022-11-08T20:31:42.014+0900] {logging_mixin.py:117} INFO - [2022-11-08T20:31:42.014+0900] {dag.py:3324} INFO - Setting next_dagrun for example_bash_operator to 2022-11-07T00:00:00+00:00, run_after=2022-11-08T00:00:00+00:00
[2022-11-08T20:31:42.030+0900] {processor.py:178} INFO - Processing /home/steve/.local/lib/python3.8/site-packages/airflow/example_dags/example_bash_operator.py took 0.126 seconds
[2022-11-08T20:32:18.333+0900] {processor.py:156} INFO - Started process (PID=10795) to work on /home/steve/.local/lib/python3.8/site-packages/airflow/example_dags/example_bash_operator.py
[2022-11-08T20:32:18.336+0900] {processor.py:758} INFO - Processing file /home/steve/.local/lib/python3.8/site-packages/airflow/example_dags/example_bash_operator.py for tasks to queue
[2022-11-08T20:32:18.336+0900] {logging_mixin.py:117} INFO - [2022-11-08T20:32:18.336+0900] {dagbag.py:525} INFO - Filling up the DagBag from /home/steve/.local/lib/python3.8/site-packages/airflow/example_dags/example_bash_operator.py
[2022-11-08T20:32:18.347+0900] {processor.py:768} INFO - DAG(s) dict_keys(['example_bash_operator']) retrieved from /home/steve/.local/lib/python3.8/site-packages/airflow/example_dags/example_bash_operator.py
[2022-11-08T20:32:18.440+0900] {logging_mixin.py:117} INFO - [2022-11-08T20:32:18.440+0900] {dag.py:2573} INFO - Sync 1 DAGs
[2022-11-08T20:32:18.451+0900] {logging_mixin.py:117} INFO - [2022-11-08T20:32:18.451+0900] {dag.py:3324} INFO - Setting next_dagrun for example_bash_operator to 2022-11-07T00:00:00+00:00, run_after=2022-11-08T00:00:00+00:00
[2022-11-08T20:32:18.467+0900] {processor.py:178} INFO - Processing /home/steve/.local/lib/python3.8/site-packages/airflow/example_dags/example_bash_operator.py took 0.135 seconds
[2022-11-08T20:32:57.450+0900] {processor.py:156} INFO - Started process (PID=10986) to work on /home/steve/.local/lib/python3.8/site-packages/airflow/example_dags/example_bash_operator.py
[2022-11-08T20:32:57.453+0900] {processor.py:758} INFO - Processing file /home/steve/.local/lib/python3.8/site-packages/airflow/example_dags/example_bash_operator.py for tasks to queue
[2022-11-08T20:32:57.453+0900] {logging_mixin.py:117} INFO - [2022-11-08T20:32:57.453+0900] {dagbag.py:525} INFO - Filling up the DagBag from /home/steve/.local/lib/python3.8/site-packages/airflow/example_dags/example_bash_operator.py
[2022-11-08T20:32:57.462+0900] {processor.py:768} INFO - DAG(s) dict_keys(['example_bash_operator']) retrieved from /home/steve/.local/lib/python3.8/site-packages/airflow/example_dags/example_bash_operator.py
[2022-11-08T20:32:57.542+0900] {logging_mixin.py:117} INFO - [2022-11-08T20:32:57.542+0900] {dag.py:2573} INFO - Sync 1 DAGs
[2022-11-08T20:32:57.551+0900] {logging_mixin.py:117} INFO - [2022-11-08T20:32:57.551+0900] {dag.py:3324} INFO - Setting next_dagrun for example_bash_operator to 2022-11-07T00:00:00+00:00, run_after=2022-11-08T00:00:00+00:00
[2022-11-08T20:32:57.568+0900] {processor.py:178} INFO - Processing /home/steve/.local/lib/python3.8/site-packages/airflow/example_dags/example_bash_operator.py took 0.119 seconds
[2022-11-08T20:33:37.204+0900] {processor.py:156} INFO - Started process (PID=11022) to work on /home/steve/.local/lib/python3.8/site-packages/airflow/example_dags/example_bash_operator.py
[2022-11-08T20:33:37.205+0900] {processor.py:758} INFO - Processing file /home/steve/.local/lib/python3.8/site-packages/airflow/example_dags/example_bash_operator.py for tasks to queue
[2022-11-08T20:33:37.205+0900] {logging_mixin.py:117} INFO - [2022-11-08T20:33:37.205+0900] {dagbag.py:525} INFO - Filling up the DagBag from /home/steve/.local/lib/python3.8/site-packages/airflow/example_dags/example_bash_operator.py
[2022-11-08T20:33:37.301+0900] {processor.py:768} INFO - DAG(s) dict_keys(['example_bash_operator']) retrieved from /home/steve/.local/lib/python3.8/site-packages/airflow/example_dags/example_bash_operator.py
[2022-11-08T20:33:37.317+0900] {logging_mixin.py:117} INFO - [2022-11-08T20:33:37.317+0900] {dag.py:2573} INFO - Sync 1 DAGs
[2022-11-08T20:33:37.330+0900] {logging_mixin.py:117} INFO - [2022-11-08T20:33:37.329+0900] {dag.py:3324} INFO - Setting next_dagrun for example_bash_operator to 2022-11-07T00:00:00+00:00, run_after=2022-11-08T00:00:00+00:00
[2022-11-08T20:33:37.346+0900] {processor.py:178} INFO - Processing /home/steve/.local/lib/python3.8/site-packages/airflow/example_dags/example_bash_operator.py took 0.144 seconds
[2022-11-08T20:34:15.126+0900] {processor.py:156} INFO - Started process (PID=11061) to work on /home/steve/.local/lib/python3.8/site-packages/airflow/example_dags/example_bash_operator.py
[2022-11-08T20:34:15.128+0900] {processor.py:758} INFO - Processing file /home/steve/.local/lib/python3.8/site-packages/airflow/example_dags/example_bash_operator.py for tasks to queue
[2022-11-08T20:34:15.128+0900] {logging_mixin.py:117} INFO - [2022-11-08T20:34:15.128+0900] {dagbag.py:525} INFO - Filling up the DagBag from /home/steve/.local/lib/python3.8/site-packages/airflow/example_dags/example_bash_operator.py
[2022-11-08T20:34:15.137+0900] {processor.py:768} INFO - DAG(s) dict_keys(['example_bash_operator']) retrieved from /home/steve/.local/lib/python3.8/site-packages/airflow/example_dags/example_bash_operator.py
[2022-11-08T20:34:15.152+0900] {logging_mixin.py:117} INFO - [2022-11-08T20:34:15.152+0900] {dag.py:2573} INFO - Sync 1 DAGs
[2022-11-08T20:34:15.163+0900] {logging_mixin.py:117} INFO - [2022-11-08T20:34:15.163+0900] {dag.py:3324} INFO - Setting next_dagrun for example_bash_operator to 2022-11-07T00:00:00+00:00, run_after=2022-11-08T00:00:00+00:00
[2022-11-08T20:34:15.179+0900] {processor.py:178} INFO - Processing /home/steve/.local/lib/python3.8/site-packages/airflow/example_dags/example_bash_operator.py took 0.055 seconds
[2022-11-08T20:34:55.335+0900] {processor.py:156} INFO - Started process (PID=11101) to work on /home/steve/.local/lib/python3.8/site-packages/airflow/example_dags/example_bash_operator.py
[2022-11-08T20:34:55.337+0900] {processor.py:758} INFO - Processing file /home/steve/.local/lib/python3.8/site-packages/airflow/example_dags/example_bash_operator.py for tasks to queue
[2022-11-08T20:34:55.337+0900] {logging_mixin.py:117} INFO - [2022-11-08T20:34:55.337+0900] {dagbag.py:525} INFO - Filling up the DagBag from /home/steve/.local/lib/python3.8/site-packages/airflow/example_dags/example_bash_operator.py
[2022-11-08T20:34:55.347+0900] {processor.py:768} INFO - DAG(s) dict_keys(['example_bash_operator']) retrieved from /home/steve/.local/lib/python3.8/site-packages/airflow/example_dags/example_bash_operator.py
[2022-11-08T20:34:55.362+0900] {logging_mixin.py:117} INFO - [2022-11-08T20:34:55.362+0900] {dag.py:2573} INFO - Sync 1 DAGs
[2022-11-08T20:34:55.372+0900] {logging_mixin.py:117} INFO - [2022-11-08T20:34:55.372+0900] {dag.py:3324} INFO - Setting next_dagrun for example_bash_operator to 2022-11-07T00:00:00+00:00, run_after=2022-11-08T00:00:00+00:00
[2022-11-08T20:34:55.388+0900] {processor.py:178} INFO - Processing /home/steve/.local/lib/python3.8/site-packages/airflow/example_dags/example_bash_operator.py took 0.055 seconds
[2022-11-08T20:35:30.442+0900] {processor.py:156} INFO - Started process (PID=11138) to work on /home/steve/.local/lib/python3.8/site-packages/airflow/example_dags/example_bash_operator.py
[2022-11-08T20:35:30.443+0900] {processor.py:758} INFO - Processing file /home/steve/.local/lib/python3.8/site-packages/airflow/example_dags/example_bash_operator.py for tasks to queue
[2022-11-08T20:35:30.443+0900] {logging_mixin.py:117} INFO - [2022-11-08T20:35:30.443+0900] {dagbag.py:525} INFO - Filling up the DagBag from /home/steve/.local/lib/python3.8/site-packages/airflow/example_dags/example_bash_operator.py
[2022-11-08T20:35:30.454+0900] {processor.py:768} INFO - DAG(s) dict_keys(['example_bash_operator']) retrieved from /home/steve/.local/lib/python3.8/site-packages/airflow/example_dags/example_bash_operator.py
[2022-11-08T20:35:30.471+0900] {logging_mixin.py:117} INFO - [2022-11-08T20:35:30.471+0900] {dag.py:2573} INFO - Sync 1 DAGs
[2022-11-08T20:35:30.482+0900] {logging_mixin.py:117} INFO - [2022-11-08T20:35:30.482+0900] {dag.py:3324} INFO - Setting next_dagrun for example_bash_operator to 2022-11-07T00:00:00+00:00, run_after=2022-11-08T00:00:00+00:00
[2022-11-08T20:35:30.498+0900] {processor.py:178} INFO - Processing /home/steve/.local/lib/python3.8/site-packages/airflow/example_dags/example_bash_operator.py took 0.058 seconds
[2022-11-08T20:36:09.375+0900] {processor.py:156} INFO - Started process (PID=11178) to work on /home/steve/.local/lib/python3.8/site-packages/airflow/example_dags/example_bash_operator.py
[2022-11-08T20:36:09.377+0900] {processor.py:758} INFO - Processing file /home/steve/.local/lib/python3.8/site-packages/airflow/example_dags/example_bash_operator.py for tasks to queue
[2022-11-08T20:36:09.377+0900] {logging_mixin.py:117} INFO - [2022-11-08T20:36:09.377+0900] {dagbag.py:525} INFO - Filling up the DagBag from /home/steve/.local/lib/python3.8/site-packages/airflow/example_dags/example_bash_operator.py
[2022-11-08T20:36:09.387+0900] {processor.py:768} INFO - DAG(s) dict_keys(['example_bash_operator']) retrieved from /home/steve/.local/lib/python3.8/site-packages/airflow/example_dags/example_bash_operator.py
[2022-11-08T20:36:09.402+0900] {logging_mixin.py:117} INFO - [2022-11-08T20:36:09.402+0900] {dag.py:2573} INFO - Sync 1 DAGs
[2022-11-08T20:36:09.412+0900] {logging_mixin.py:117} INFO - [2022-11-08T20:36:09.412+0900] {dag.py:3324} INFO - Setting next_dagrun for example_bash_operator to 2022-11-07T00:00:00+00:00, run_after=2022-11-08T00:00:00+00:00
[2022-11-08T20:36:09.428+0900] {processor.py:178} INFO - Processing /home/steve/.local/lib/python3.8/site-packages/airflow/example_dags/example_bash_operator.py took 0.055 seconds
[2022-11-08T20:36:46.454+0900] {processor.py:156} INFO - Started process (PID=11218) to work on /home/steve/.local/lib/python3.8/site-packages/airflow/example_dags/example_bash_operator.py
[2022-11-08T20:36:46.456+0900] {processor.py:758} INFO - Processing file /home/steve/.local/lib/python3.8/site-packages/airflow/example_dags/example_bash_operator.py for tasks to queue
[2022-11-08T20:36:46.457+0900] {logging_mixin.py:117} INFO - [2022-11-08T20:36:46.457+0900] {dagbag.py:525} INFO - Filling up the DagBag from /home/steve/.local/lib/python3.8/site-packages/airflow/example_dags/example_bash_operator.py
[2022-11-08T20:36:46.466+0900] {processor.py:768} INFO - DAG(s) dict_keys(['example_bash_operator']) retrieved from /home/steve/.local/lib/python3.8/site-packages/airflow/example_dags/example_bash_operator.py
[2022-11-08T20:36:46.482+0900] {logging_mixin.py:117} INFO - [2022-11-08T20:36:46.482+0900] {dag.py:2573} INFO - Sync 1 DAGs
[2022-11-08T20:36:46.492+0900] {logging_mixin.py:117} INFO - [2022-11-08T20:36:46.492+0900] {dag.py:3324} INFO - Setting next_dagrun for example_bash_operator to 2022-11-07T00:00:00+00:00, run_after=2022-11-08T00:00:00+00:00
[2022-11-08T20:36:46.508+0900] {processor.py:178} INFO - Processing /home/steve/.local/lib/python3.8/site-packages/airflow/example_dags/example_bash_operator.py took 0.056 seconds
[2022-11-08T20:37:24.078+0900] {processor.py:156} INFO - Started process (PID=11284) to work on /home/steve/.local/lib/python3.8/site-packages/airflow/example_dags/example_bash_operator.py
[2022-11-08T20:37:24.081+0900] {processor.py:758} INFO - Processing file /home/steve/.local/lib/python3.8/site-packages/airflow/example_dags/example_bash_operator.py for tasks to queue
[2022-11-08T20:37:24.081+0900] {logging_mixin.py:117} INFO - [2022-11-08T20:37:24.081+0900] {dagbag.py:525} INFO - Filling up the DagBag from /home/steve/.local/lib/python3.8/site-packages/airflow/example_dags/example_bash_operator.py
[2022-11-08T20:37:24.091+0900] {processor.py:768} INFO - DAG(s) dict_keys(['example_bash_operator']) retrieved from /home/steve/.local/lib/python3.8/site-packages/airflow/example_dags/example_bash_operator.py
[2022-11-08T20:37:24.107+0900] {logging_mixin.py:117} INFO - [2022-11-08T20:37:24.107+0900] {dag.py:2573} INFO - Sync 1 DAGs
[2022-11-08T20:37:24.118+0900] {logging_mixin.py:117} INFO - [2022-11-08T20:37:24.118+0900] {dag.py:3324} INFO - Setting next_dagrun for example_bash_operator to 2022-11-07T00:00:00+00:00, run_after=2022-11-08T00:00:00+00:00
[2022-11-08T20:37:24.133+0900] {processor.py:178} INFO - Processing /home/steve/.local/lib/python3.8/site-packages/airflow/example_dags/example_bash_operator.py took 0.056 seconds
[2022-11-08T20:37:56.293+0900] {processor.py:156} INFO - Started process (PID=11320) to work on /home/steve/.local/lib/python3.8/site-packages/airflow/example_dags/example_bash_operator.py
[2022-11-08T20:37:56.293+0900] {processor.py:758} INFO - Processing file /home/steve/.local/lib/python3.8/site-packages/airflow/example_dags/example_bash_operator.py for tasks to queue
[2022-11-08T20:37:56.293+0900] {logging_mixin.py:117} INFO - [2022-11-08T20:37:56.293+0900] {dagbag.py:525} INFO - Filling up the DagBag from /home/steve/.local/lib/python3.8/site-packages/airflow/example_dags/example_bash_operator.py
[2022-11-08T20:37:56.303+0900] {processor.py:768} INFO - DAG(s) dict_keys(['example_bash_operator']) retrieved from /home/steve/.local/lib/python3.8/site-packages/airflow/example_dags/example_bash_operator.py
[2022-11-08T20:37:56.318+0900] {logging_mixin.py:117} INFO - [2022-11-08T20:37:56.318+0900] {dag.py:2573} INFO - Sync 1 DAGs
[2022-11-08T20:37:56.329+0900] {logging_mixin.py:117} INFO - [2022-11-08T20:37:56.329+0900] {dag.py:3324} INFO - Setting next_dagrun for example_bash_operator to 2022-11-07T00:00:00+00:00, run_after=2022-11-08T00:00:00+00:00
[2022-11-08T20:37:56.346+0900] {processor.py:178} INFO - Processing /home/steve/.local/lib/python3.8/site-packages/airflow/example_dags/example_bash_operator.py took 0.054 seconds
[2022-11-08T20:38:31.012+0900] {processor.py:156} INFO - Started process (PID=11356) to work on /home/steve/.local/lib/python3.8/site-packages/airflow/example_dags/example_bash_operator.py
[2022-11-08T20:38:31.014+0900] {processor.py:758} INFO - Processing file /home/steve/.local/lib/python3.8/site-packages/airflow/example_dags/example_bash_operator.py for tasks to queue
[2022-11-08T20:38:31.015+0900] {logging_mixin.py:117} INFO - [2022-11-08T20:38:31.014+0900] {dagbag.py:525} INFO - Filling up the DagBag from /home/steve/.local/lib/python3.8/site-packages/airflow/example_dags/example_bash_operator.py
[2022-11-08T20:38:31.024+0900] {processor.py:768} INFO - DAG(s) dict_keys(['example_bash_operator']) retrieved from /home/steve/.local/lib/python3.8/site-packages/airflow/example_dags/example_bash_operator.py
[2022-11-08T20:38:31.040+0900] {logging_mixin.py:117} INFO - [2022-11-08T20:38:31.040+0900] {dag.py:2573} INFO - Sync 1 DAGs
[2022-11-08T20:38:31.050+0900] {logging_mixin.py:117} INFO - [2022-11-08T20:38:31.050+0900] {dag.py:3324} INFO - Setting next_dagrun for example_bash_operator to 2022-11-07T00:00:00+00:00, run_after=2022-11-08T00:00:00+00:00
[2022-11-08T20:38:31.068+0900] {processor.py:178} INFO - Processing /home/steve/.local/lib/python3.8/site-packages/airflow/example_dags/example_bash_operator.py took 0.057 seconds
[2022-11-08T20:39:04.272+0900] {processor.py:156} INFO - Started process (PID=11392) to work on /home/steve/.local/lib/python3.8/site-packages/airflow/example_dags/example_bash_operator.py
[2022-11-08T20:39:04.274+0900] {processor.py:758} INFO - Processing file /home/steve/.local/lib/python3.8/site-packages/airflow/example_dags/example_bash_operator.py for tasks to queue
[2022-11-08T20:39:04.274+0900] {logging_mixin.py:117} INFO - [2022-11-08T20:39:04.274+0900] {dagbag.py:525} INFO - Filling up the DagBag from /home/steve/.local/lib/python3.8/site-packages/airflow/example_dags/example_bash_operator.py
[2022-11-08T20:39:04.284+0900] {processor.py:768} INFO - DAG(s) dict_keys(['example_bash_operator']) retrieved from /home/steve/.local/lib/python3.8/site-packages/airflow/example_dags/example_bash_operator.py
[2022-11-08T20:39:04.300+0900] {logging_mixin.py:117} INFO - [2022-11-08T20:39:04.300+0900] {dag.py:2573} INFO - Sync 1 DAGs
[2022-11-08T20:39:04.310+0900] {logging_mixin.py:117} INFO - [2022-11-08T20:39:04.310+0900] {dag.py:3324} INFO - Setting next_dagrun for example_bash_operator to 2022-11-07T00:00:00+00:00, run_after=2022-11-08T00:00:00+00:00
[2022-11-08T20:39:04.326+0900] {processor.py:178} INFO - Processing /home/steve/.local/lib/python3.8/site-packages/airflow/example_dags/example_bash_operator.py took 0.056 seconds
[2022-11-08T20:39:40.334+0900] {processor.py:156} INFO - Started process (PID=11428) to work on /home/steve/.local/lib/python3.8/site-packages/airflow/example_dags/example_bash_operator.py
[2022-11-08T20:39:40.336+0900] {processor.py:758} INFO - Processing file /home/steve/.local/lib/python3.8/site-packages/airflow/example_dags/example_bash_operator.py for tasks to queue
[2022-11-08T20:39:40.336+0900] {logging_mixin.py:117} INFO - [2022-11-08T20:39:40.336+0900] {dagbag.py:525} INFO - Filling up the DagBag from /home/steve/.local/lib/python3.8/site-packages/airflow/example_dags/example_bash_operator.py
[2022-11-08T20:39:40.346+0900] {processor.py:768} INFO - DAG(s) dict_keys(['example_bash_operator']) retrieved from /home/steve/.local/lib/python3.8/site-packages/airflow/example_dags/example_bash_operator.py
[2022-11-08T20:39:40.362+0900] {logging_mixin.py:117} INFO - [2022-11-08T20:39:40.362+0900] {dag.py:2573} INFO - Sync 1 DAGs
[2022-11-08T20:39:40.372+0900] {logging_mixin.py:117} INFO - [2022-11-08T20:39:40.372+0900] {dag.py:3324} INFO - Setting next_dagrun for example_bash_operator to 2022-11-07T00:00:00+00:00, run_after=2022-11-08T00:00:00+00:00
[2022-11-08T20:39:40.388+0900] {processor.py:178} INFO - Processing /home/steve/.local/lib/python3.8/site-packages/airflow/example_dags/example_bash_operator.py took 0.056 seconds
[2022-11-08T20:40:21.417+0900] {processor.py:156} INFO - Started process (PID=11469) to work on /home/steve/.local/lib/python3.8/site-packages/airflow/example_dags/example_bash_operator.py
[2022-11-08T20:40:21.419+0900] {processor.py:758} INFO - Processing file /home/steve/.local/lib/python3.8/site-packages/airflow/example_dags/example_bash_operator.py for tasks to queue
[2022-11-08T20:40:21.420+0900] {logging_mixin.py:117} INFO - [2022-11-08T20:40:21.420+0900] {dagbag.py:525} INFO - Filling up the DagBag from /home/steve/.local/lib/python3.8/site-packages/airflow/example_dags/example_bash_operator.py
[2022-11-08T20:40:21.429+0900] {processor.py:768} INFO - DAG(s) dict_keys(['example_bash_operator']) retrieved from /home/steve/.local/lib/python3.8/site-packages/airflow/example_dags/example_bash_operator.py
[2022-11-08T20:40:21.444+0900] {logging_mixin.py:117} INFO - [2022-11-08T20:40:21.444+0900] {dag.py:2573} INFO - Sync 1 DAGs
[2022-11-08T20:40:21.454+0900] {logging_mixin.py:117} INFO - [2022-11-08T20:40:21.454+0900] {dag.py:3324} INFO - Setting next_dagrun for example_bash_operator to 2022-11-07T00:00:00+00:00, run_after=2022-11-08T00:00:00+00:00
[2022-11-08T20:40:21.470+0900] {processor.py:178} INFO - Processing /home/steve/.local/lib/python3.8/site-packages/airflow/example_dags/example_bash_operator.py took 0.054 seconds
[2022-11-08T20:40:54.612+0900] {processor.py:156} INFO - Started process (PID=11505) to work on /home/steve/.local/lib/python3.8/site-packages/airflow/example_dags/example_bash_operator.py
[2022-11-08T20:40:54.612+0900] {processor.py:758} INFO - Processing file /home/steve/.local/lib/python3.8/site-packages/airflow/example_dags/example_bash_operator.py for tasks to queue
[2022-11-08T20:40:54.612+0900] {logging_mixin.py:117} INFO - [2022-11-08T20:40:54.612+0900] {dagbag.py:525} INFO - Filling up the DagBag from /home/steve/.local/lib/python3.8/site-packages/airflow/example_dags/example_bash_operator.py
[2022-11-08T20:40:54.622+0900] {processor.py:768} INFO - DAG(s) dict_keys(['example_bash_operator']) retrieved from /home/steve/.local/lib/python3.8/site-packages/airflow/example_dags/example_bash_operator.py
[2022-11-08T20:40:54.636+0900] {logging_mixin.py:117} INFO - [2022-11-08T20:40:54.636+0900] {dag.py:2573} INFO - Sync 1 DAGs
[2022-11-08T20:40:54.647+0900] {logging_mixin.py:117} INFO - [2022-11-08T20:40:54.647+0900] {dag.py:3324} INFO - Setting next_dagrun for example_bash_operator to 2022-11-07T00:00:00+00:00, run_after=2022-11-08T00:00:00+00:00
[2022-11-08T20:40:54.663+0900] {processor.py:178} INFO - Processing /home/steve/.local/lib/python3.8/site-packages/airflow/example_dags/example_bash_operator.py took 0.052 seconds
[2022-11-08T20:41:30.328+0900] {processor.py:156} INFO - Started process (PID=11541) to work on /home/steve/.local/lib/python3.8/site-packages/airflow/example_dags/example_bash_operator.py
[2022-11-08T20:41:30.329+0900] {processor.py:758} INFO - Processing file /home/steve/.local/lib/python3.8/site-packages/airflow/example_dags/example_bash_operator.py for tasks to queue
[2022-11-08T20:41:30.329+0900] {logging_mixin.py:117} INFO - [2022-11-08T20:41:30.329+0900] {dagbag.py:525} INFO - Filling up the DagBag from /home/steve/.local/lib/python3.8/site-packages/airflow/example_dags/example_bash_operator.py
[2022-11-08T20:41:30.338+0900] {processor.py:768} INFO - DAG(s) dict_keys(['example_bash_operator']) retrieved from /home/steve/.local/lib/python3.8/site-packages/airflow/example_dags/example_bash_operator.py
[2022-11-08T20:41:30.353+0900] {logging_mixin.py:117} INFO - [2022-11-08T20:41:30.353+0900] {dag.py:2573} INFO - Sync 1 DAGs
[2022-11-08T20:41:30.364+0900] {logging_mixin.py:117} INFO - [2022-11-08T20:41:30.364+0900] {dag.py:3324} INFO - Setting next_dagrun for example_bash_operator to 2022-11-07T00:00:00+00:00, run_after=2022-11-08T00:00:00+00:00
[2022-11-08T20:41:30.379+0900] {processor.py:178} INFO - Processing /home/steve/.local/lib/python3.8/site-packages/airflow/example_dags/example_bash_operator.py took 0.053 seconds
[2022-11-08T20:42:09.002+0900] {processor.py:156} INFO - Started process (PID=11610) to work on /home/steve/.local/lib/python3.8/site-packages/airflow/example_dags/example_bash_operator.py
[2022-11-08T20:42:09.004+0900] {processor.py:758} INFO - Processing file /home/steve/.local/lib/python3.8/site-packages/airflow/example_dags/example_bash_operator.py for tasks to queue
[2022-11-08T20:42:09.004+0900] {logging_mixin.py:117} INFO - [2022-11-08T20:42:09.004+0900] {dagbag.py:525} INFO - Filling up the DagBag from /home/steve/.local/lib/python3.8/site-packages/airflow/example_dags/example_bash_operator.py
[2022-11-08T20:42:09.014+0900] {processor.py:768} INFO - DAG(s) dict_keys(['example_bash_operator']) retrieved from /home/steve/.local/lib/python3.8/site-packages/airflow/example_dags/example_bash_operator.py
[2022-11-08T20:42:09.029+0900] {logging_mixin.py:117} INFO - [2022-11-08T20:42:09.029+0900] {dag.py:2573} INFO - Sync 1 DAGs
[2022-11-08T20:42:09.039+0900] {logging_mixin.py:117} INFO - [2022-11-08T20:42:09.039+0900] {dag.py:3324} INFO - Setting next_dagrun for example_bash_operator to 2022-11-07T00:00:00+00:00, run_after=2022-11-08T00:00:00+00:00
[2022-11-08T20:42:09.055+0900] {processor.py:178} INFO - Processing /home/steve/.local/lib/python3.8/site-packages/airflow/example_dags/example_bash_operator.py took 0.055 seconds
[2022-11-08T20:42:43.817+0900] {processor.py:156} INFO - Started process (PID=11647) to work on /home/steve/.local/lib/python3.8/site-packages/airflow/example_dags/example_bash_operator.py
[2022-11-08T20:42:43.818+0900] {processor.py:758} INFO - Processing file /home/steve/.local/lib/python3.8/site-packages/airflow/example_dags/example_bash_operator.py for tasks to queue
[2022-11-08T20:42:43.818+0900] {logging_mixin.py:117} INFO - [2022-11-08T20:42:43.818+0900] {dagbag.py:525} INFO - Filling up the DagBag from /home/steve/.local/lib/python3.8/site-packages/airflow/example_dags/example_bash_operator.py
[2022-11-08T20:42:43.828+0900] {processor.py:768} INFO - DAG(s) dict_keys(['example_bash_operator']) retrieved from /home/steve/.local/lib/python3.8/site-packages/airflow/example_dags/example_bash_operator.py
[2022-11-08T20:42:43.845+0900] {logging_mixin.py:117} INFO - [2022-11-08T20:42:43.845+0900] {dag.py:2573} INFO - Sync 1 DAGs
[2022-11-08T20:42:43.856+0900] {logging_mixin.py:117} INFO - [2022-11-08T20:42:43.856+0900] {dag.py:3324} INFO - Setting next_dagrun for example_bash_operator to 2022-11-07T00:00:00+00:00, run_after=2022-11-08T00:00:00+00:00
[2022-11-08T20:42:43.872+0900] {processor.py:178} INFO - Processing /home/steve/.local/lib/python3.8/site-packages/airflow/example_dags/example_bash_operator.py took 0.057 seconds
[2022-11-08T20:43:18.824+0900] {processor.py:156} INFO - Started process (PID=11683) to work on /home/steve/.local/lib/python3.8/site-packages/airflow/example_dags/example_bash_operator.py
[2022-11-08T20:43:18.826+0900] {processor.py:758} INFO - Processing file /home/steve/.local/lib/python3.8/site-packages/airflow/example_dags/example_bash_operator.py for tasks to queue
[2022-11-08T20:43:18.827+0900] {logging_mixin.py:117} INFO - [2022-11-08T20:43:18.827+0900] {dagbag.py:525} INFO - Filling up the DagBag from /home/steve/.local/lib/python3.8/site-packages/airflow/example_dags/example_bash_operator.py
[2022-11-08T20:43:18.836+0900] {processor.py:768} INFO - DAG(s) dict_keys(['example_bash_operator']) retrieved from /home/steve/.local/lib/python3.8/site-packages/airflow/example_dags/example_bash_operator.py
[2022-11-08T20:43:18.851+0900] {logging_mixin.py:117} INFO - [2022-11-08T20:43:18.851+0900] {dag.py:2573} INFO - Sync 1 DAGs
[2022-11-08T20:43:18.861+0900] {logging_mixin.py:117} INFO - [2022-11-08T20:43:18.861+0900] {dag.py:3324} INFO - Setting next_dagrun for example_bash_operator to 2022-11-07T00:00:00+00:00, run_after=2022-11-08T00:00:00+00:00
[2022-11-08T20:43:18.876+0900] {processor.py:178} INFO - Processing /home/steve/.local/lib/python3.8/site-packages/airflow/example_dags/example_bash_operator.py took 0.054 seconds
[2022-11-08T20:43:54.254+0900] {processor.py:156} INFO - Started process (PID=11720) to work on /home/steve/.local/lib/python3.8/site-packages/airflow/example_dags/example_bash_operator.py
[2022-11-08T20:43:54.256+0900] {processor.py:758} INFO - Processing file /home/steve/.local/lib/python3.8/site-packages/airflow/example_dags/example_bash_operator.py for tasks to queue
[2022-11-08T20:43:54.257+0900] {logging_mixin.py:117} INFO - [2022-11-08T20:43:54.257+0900] {dagbag.py:525} INFO - Filling up the DagBag from /home/steve/.local/lib/python3.8/site-packages/airflow/example_dags/example_bash_operator.py
[2022-11-08T20:43:54.266+0900] {processor.py:768} INFO - DAG(s) dict_keys(['example_bash_operator']) retrieved from /home/steve/.local/lib/python3.8/site-packages/airflow/example_dags/example_bash_operator.py
[2022-11-08T20:43:54.281+0900] {logging_mixin.py:117} INFO - [2022-11-08T20:43:54.281+0900] {dag.py:2573} INFO - Sync 1 DAGs
[2022-11-08T20:43:54.292+0900] {logging_mixin.py:117} INFO - [2022-11-08T20:43:54.292+0900] {dag.py:3324} INFO - Setting next_dagrun for example_bash_operator to 2022-11-07T00:00:00+00:00, run_after=2022-11-08T00:00:00+00:00
[2022-11-08T20:43:54.308+0900] {processor.py:178} INFO - Processing /home/steve/.local/lib/python3.8/site-packages/airflow/example_dags/example_bash_operator.py took 0.055 seconds
[2022-11-08T20:44:30.671+0900] {processor.py:156} INFO - Started process (PID=11759) to work on /home/steve/.local/lib/python3.8/site-packages/airflow/example_dags/example_bash_operator.py
[2022-11-08T20:44:30.672+0900] {processor.py:758} INFO - Processing file /home/steve/.local/lib/python3.8/site-packages/airflow/example_dags/example_bash_operator.py for tasks to queue
[2022-11-08T20:44:30.673+0900] {logging_mixin.py:117} INFO - [2022-11-08T20:44:30.673+0900] {dagbag.py:525} INFO - Filling up the DagBag from /home/steve/.local/lib/python3.8/site-packages/airflow/example_dags/example_bash_operator.py
[2022-11-08T20:44:30.684+0900] {processor.py:768} INFO - DAG(s) dict_keys(['example_bash_operator']) retrieved from /home/steve/.local/lib/python3.8/site-packages/airflow/example_dags/example_bash_operator.py
[2022-11-08T20:44:30.703+0900] {logging_mixin.py:117} INFO - [2022-11-08T20:44:30.703+0900] {dag.py:2573} INFO - Sync 1 DAGs
[2022-11-08T20:44:30.716+0900] {logging_mixin.py:117} INFO - [2022-11-08T20:44:30.716+0900] {dag.py:3324} INFO - Setting next_dagrun for example_bash_operator to 2022-11-07T00:00:00+00:00, run_after=2022-11-08T00:00:00+00:00
[2022-11-08T20:44:30.733+0900] {processor.py:178} INFO - Processing /home/steve/.local/lib/python3.8/site-packages/airflow/example_dags/example_bash_operator.py took 0.065 seconds
[2022-11-08T20:45:06.861+0900] {processor.py:156} INFO - Started process (PID=11796) to work on /home/steve/.local/lib/python3.8/site-packages/airflow/example_dags/example_bash_operator.py
[2022-11-08T20:45:06.863+0900] {processor.py:758} INFO - Processing file /home/steve/.local/lib/python3.8/site-packages/airflow/example_dags/example_bash_operator.py for tasks to queue
[2022-11-08T20:45:06.864+0900] {logging_mixin.py:117} INFO - [2022-11-08T20:45:06.864+0900] {dagbag.py:525} INFO - Filling up the DagBag from /home/steve/.local/lib/python3.8/site-packages/airflow/example_dags/example_bash_operator.py
[2022-11-08T20:45:06.873+0900] {processor.py:768} INFO - DAG(s) dict_keys(['example_bash_operator']) retrieved from /home/steve/.local/lib/python3.8/site-packages/airflow/example_dags/example_bash_operator.py
[2022-11-08T20:45:06.890+0900] {logging_mixin.py:117} INFO - [2022-11-08T20:45:06.890+0900] {dag.py:2573} INFO - Sync 1 DAGs
[2022-11-08T20:45:06.903+0900] {logging_mixin.py:117} INFO - [2022-11-08T20:45:06.903+0900] {dag.py:3324} INFO - Setting next_dagrun for example_bash_operator to 2022-11-07T00:00:00+00:00, run_after=2022-11-08T00:00:00+00:00
[2022-11-08T20:45:06.920+0900] {processor.py:178} INFO - Processing /home/steve/.local/lib/python3.8/site-packages/airflow/example_dags/example_bash_operator.py took 0.061 seconds
[2022-11-08T20:45:43.182+0900] {processor.py:156} INFO - Started process (PID=11833) to work on /home/steve/.local/lib/python3.8/site-packages/airflow/example_dags/example_bash_operator.py
[2022-11-08T20:45:43.184+0900] {processor.py:758} INFO - Processing file /home/steve/.local/lib/python3.8/site-packages/airflow/example_dags/example_bash_operator.py for tasks to queue
[2022-11-08T20:45:43.184+0900] {logging_mixin.py:117} INFO - [2022-11-08T20:45:43.184+0900] {dagbag.py:525} INFO - Filling up the DagBag from /home/steve/.local/lib/python3.8/site-packages/airflow/example_dags/example_bash_operator.py
[2022-11-08T20:45:43.195+0900] {processor.py:768} INFO - DAG(s) dict_keys(['example_bash_operator']) retrieved from /home/steve/.local/lib/python3.8/site-packages/airflow/example_dags/example_bash_operator.py
[2022-11-08T20:45:43.214+0900] {logging_mixin.py:117} INFO - [2022-11-08T20:45:43.213+0900] {dag.py:2573} INFO - Sync 1 DAGs
[2022-11-08T20:45:43.225+0900] {logging_mixin.py:117} INFO - [2022-11-08T20:45:43.225+0900] {dag.py:3324} INFO - Setting next_dagrun for example_bash_operator to 2022-11-07T00:00:00+00:00, run_after=2022-11-08T00:00:00+00:00
[2022-11-08T20:45:43.242+0900] {processor.py:178} INFO - Processing /home/steve/.local/lib/python3.8/site-packages/airflow/example_dags/example_bash_operator.py took 0.062 seconds
[2022-11-08T20:46:21.002+0900] {processor.py:156} INFO - Started process (PID=11871) to work on /home/steve/.local/lib/python3.8/site-packages/airflow/example_dags/example_bash_operator.py
[2022-11-08T20:46:21.004+0900] {processor.py:758} INFO - Processing file /home/steve/.local/lib/python3.8/site-packages/airflow/example_dags/example_bash_operator.py for tasks to queue
[2022-11-08T20:46:21.004+0900] {logging_mixin.py:117} INFO - [2022-11-08T20:46:21.004+0900] {dagbag.py:525} INFO - Filling up the DagBag from /home/steve/.local/lib/python3.8/site-packages/airflow/example_dags/example_bash_operator.py
[2022-11-08T20:46:21.013+0900] {processor.py:768} INFO - DAG(s) dict_keys(['example_bash_operator']) retrieved from /home/steve/.local/lib/python3.8/site-packages/airflow/example_dags/example_bash_operator.py
[2022-11-08T20:46:21.028+0900] {logging_mixin.py:117} INFO - [2022-11-08T20:46:21.028+0900] {dag.py:2573} INFO - Sync 1 DAGs
[2022-11-08T20:46:21.039+0900] {logging_mixin.py:117} INFO - [2022-11-08T20:46:21.038+0900] {dag.py:3324} INFO - Setting next_dagrun for example_bash_operator to 2022-11-07T00:00:00+00:00, run_after=2022-11-08T00:00:00+00:00
[2022-11-08T20:46:21.055+0900] {processor.py:178} INFO - Processing /home/steve/.local/lib/python3.8/site-packages/airflow/example_dags/example_bash_operator.py took 0.055 seconds
[2022-11-08T20:46:58.393+0900] {processor.py:156} INFO - Started process (PID=11987) to work on /home/steve/.local/lib/python3.8/site-packages/airflow/example_dags/example_bash_operator.py
[2022-11-08T20:46:58.394+0900] {processor.py:758} INFO - Processing file /home/steve/.local/lib/python3.8/site-packages/airflow/example_dags/example_bash_operator.py for tasks to queue
[2022-11-08T20:46:58.394+0900] {logging_mixin.py:117} INFO - [2022-11-08T20:46:58.394+0900] {dagbag.py:525} INFO - Filling up the DagBag from /home/steve/.local/lib/python3.8/site-packages/airflow/example_dags/example_bash_operator.py
[2022-11-08T20:46:58.403+0900] {processor.py:768} INFO - DAG(s) dict_keys(['example_bash_operator']) retrieved from /home/steve/.local/lib/python3.8/site-packages/airflow/example_dags/example_bash_operator.py
[2022-11-08T20:46:58.419+0900] {logging_mixin.py:117} INFO - [2022-11-08T20:46:58.419+0900] {dag.py:2573} INFO - Sync 1 DAGs
[2022-11-08T20:46:58.429+0900] {logging_mixin.py:117} INFO - [2022-11-08T20:46:58.429+0900] {dag.py:3324} INFO - Setting next_dagrun for example_bash_operator to 2022-11-07T00:00:00+00:00, run_after=2022-11-08T00:00:00+00:00
[2022-11-08T20:46:58.445+0900] {processor.py:178} INFO - Processing /home/steve/.local/lib/python3.8/site-packages/airflow/example_dags/example_bash_operator.py took 0.054 seconds
[2022-11-08T20:47:35.642+0900] {processor.py:156} INFO - Started process (PID=12209) to work on /home/steve/.local/lib/python3.8/site-packages/airflow/example_dags/example_bash_operator.py
[2022-11-08T20:47:35.643+0900] {processor.py:758} INFO - Processing file /home/steve/.local/lib/python3.8/site-packages/airflow/example_dags/example_bash_operator.py for tasks to queue
[2022-11-08T20:47:35.643+0900] {logging_mixin.py:117} INFO - [2022-11-08T20:47:35.643+0900] {dagbag.py:525} INFO - Filling up the DagBag from /home/steve/.local/lib/python3.8/site-packages/airflow/example_dags/example_bash_operator.py
[2022-11-08T20:47:35.655+0900] {processor.py:768} INFO - DAG(s) dict_keys(['example_bash_operator']) retrieved from /home/steve/.local/lib/python3.8/site-packages/airflow/example_dags/example_bash_operator.py
[2022-11-08T20:47:35.673+0900] {logging_mixin.py:117} INFO - [2022-11-08T20:47:35.673+0900] {dag.py:2573} INFO - Sync 1 DAGs
[2022-11-08T20:47:35.685+0900] {logging_mixin.py:117} INFO - [2022-11-08T20:47:35.685+0900] {dag.py:3324} INFO - Setting next_dagrun for example_bash_operator to 2022-11-07T00:00:00+00:00, run_after=2022-11-08T00:00:00+00:00
[2022-11-08T20:47:35.705+0900] {processor.py:178} INFO - Processing /home/steve/.local/lib/python3.8/site-packages/airflow/example_dags/example_bash_operator.py took 0.064 seconds
[2022-11-08T20:48:14.204+0900] {processor.py:156} INFO - Started process (PID=12275) to work on /home/steve/.local/lib/python3.8/site-packages/airflow/example_dags/example_bash_operator.py
[2022-11-08T20:48:14.206+0900] {processor.py:758} INFO - Processing file /home/steve/.local/lib/python3.8/site-packages/airflow/example_dags/example_bash_operator.py for tasks to queue
[2022-11-08T20:48:14.207+0900] {logging_mixin.py:117} INFO - [2022-11-08T20:48:14.207+0900] {dagbag.py:525} INFO - Filling up the DagBag from /home/steve/.local/lib/python3.8/site-packages/airflow/example_dags/example_bash_operator.py
[2022-11-08T20:48:14.221+0900] {processor.py:768} INFO - DAG(s) dict_keys(['example_bash_operator']) retrieved from /home/steve/.local/lib/python3.8/site-packages/airflow/example_dags/example_bash_operator.py
[2022-11-08T20:48:14.240+0900] {logging_mixin.py:117} INFO - [2022-11-08T20:48:14.240+0900] {dag.py:2573} INFO - Sync 1 DAGs
[2022-11-08T20:48:14.255+0900] {logging_mixin.py:117} INFO - [2022-11-08T20:48:14.255+0900] {dag.py:3324} INFO - Setting next_dagrun for example_bash_operator to 2022-11-07T00:00:00+00:00, run_after=2022-11-08T00:00:00+00:00
[2022-11-08T20:48:14.272+0900] {processor.py:178} INFO - Processing /home/steve/.local/lib/python3.8/site-packages/airflow/example_dags/example_bash_operator.py took 0.070 seconds
[2022-11-08T20:48:49.728+0900] {processor.py:156} INFO - Started process (PID=12311) to work on /home/steve/.local/lib/python3.8/site-packages/airflow/example_dags/example_bash_operator.py
[2022-11-08T20:48:49.731+0900] {processor.py:758} INFO - Processing file /home/steve/.local/lib/python3.8/site-packages/airflow/example_dags/example_bash_operator.py for tasks to queue
[2022-11-08T20:48:49.731+0900] {logging_mixin.py:117} INFO - [2022-11-08T20:48:49.731+0900] {dagbag.py:525} INFO - Filling up the DagBag from /home/steve/.local/lib/python3.8/site-packages/airflow/example_dags/example_bash_operator.py
[2022-11-08T20:48:49.741+0900] {processor.py:768} INFO - DAG(s) dict_keys(['example_bash_operator']) retrieved from /home/steve/.local/lib/python3.8/site-packages/airflow/example_dags/example_bash_operator.py
[2022-11-08T20:48:49.758+0900] {logging_mixin.py:117} INFO - [2022-11-08T20:48:49.758+0900] {dag.py:2573} INFO - Sync 1 DAGs
[2022-11-08T20:48:49.769+0900] {logging_mixin.py:117} INFO - [2022-11-08T20:48:49.769+0900] {dag.py:3324} INFO - Setting next_dagrun for example_bash_operator to 2022-11-07T00:00:00+00:00, run_after=2022-11-08T00:00:00+00:00
[2022-11-08T20:48:49.787+0900] {processor.py:178} INFO - Processing /home/steve/.local/lib/python3.8/site-packages/airflow/example_dags/example_bash_operator.py took 0.061 seconds
[2022-11-08T20:49:26.341+0900] {processor.py:156} INFO - Started process (PID=12349) to work on /home/steve/.local/lib/python3.8/site-packages/airflow/example_dags/example_bash_operator.py
[2022-11-08T20:49:26.343+0900] {processor.py:758} INFO - Processing file /home/steve/.local/lib/python3.8/site-packages/airflow/example_dags/example_bash_operator.py for tasks to queue
[2022-11-08T20:49:26.344+0900] {logging_mixin.py:117} INFO - [2022-11-08T20:49:26.344+0900] {dagbag.py:525} INFO - Filling up the DagBag from /home/steve/.local/lib/python3.8/site-packages/airflow/example_dags/example_bash_operator.py
[2022-11-08T20:49:26.354+0900] {processor.py:768} INFO - DAG(s) dict_keys(['example_bash_operator']) retrieved from /home/steve/.local/lib/python3.8/site-packages/airflow/example_dags/example_bash_operator.py
[2022-11-08T20:49:26.372+0900] {logging_mixin.py:117} INFO - [2022-11-08T20:49:26.372+0900] {dag.py:2573} INFO - Sync 1 DAGs
[2022-11-08T20:49:26.385+0900] {logging_mixin.py:117} INFO - [2022-11-08T20:49:26.385+0900] {dag.py:3324} INFO - Setting next_dagrun for example_bash_operator to 2022-11-07T00:00:00+00:00, run_after=2022-11-08T00:00:00+00:00
[2022-11-08T20:49:26.401+0900] {processor.py:178} INFO - Processing /home/steve/.local/lib/python3.8/site-packages/airflow/example_dags/example_bash_operator.py took 0.061 seconds
[2022-11-08T20:50:02.312+0900] {processor.py:156} INFO - Started process (PID=12387) to work on /home/steve/.local/lib/python3.8/site-packages/airflow/example_dags/example_bash_operator.py
[2022-11-08T20:50:02.314+0900] {processor.py:758} INFO - Processing file /home/steve/.local/lib/python3.8/site-packages/airflow/example_dags/example_bash_operator.py for tasks to queue
[2022-11-08T20:50:02.314+0900] {logging_mixin.py:117} INFO - [2022-11-08T20:50:02.314+0900] {dagbag.py:525} INFO - Filling up the DagBag from /home/steve/.local/lib/python3.8/site-packages/airflow/example_dags/example_bash_operator.py
[2022-11-08T20:50:02.324+0900] {processor.py:768} INFO - DAG(s) dict_keys(['example_bash_operator']) retrieved from /home/steve/.local/lib/python3.8/site-packages/airflow/example_dags/example_bash_operator.py
[2022-11-08T20:50:02.343+0900] {logging_mixin.py:117} INFO - [2022-11-08T20:50:02.343+0900] {dag.py:2573} INFO - Sync 1 DAGs
[2022-11-08T20:50:02.354+0900] {logging_mixin.py:117} INFO - [2022-11-08T20:50:02.354+0900] {dag.py:3324} INFO - Setting next_dagrun for example_bash_operator to 2022-11-07T00:00:00+00:00, run_after=2022-11-08T00:00:00+00:00
[2022-11-08T20:50:02.370+0900] {processor.py:178} INFO - Processing /home/steve/.local/lib/python3.8/site-packages/airflow/example_dags/example_bash_operator.py took 0.061 seconds
[2022-11-08T20:50:39.540+0900] {processor.py:156} INFO - Started process (PID=12566) to work on /home/steve/.local/lib/python3.8/site-packages/airflow/example_dags/example_bash_operator.py
[2022-11-08T20:50:39.541+0900] {processor.py:758} INFO - Processing file /home/steve/.local/lib/python3.8/site-packages/airflow/example_dags/example_bash_operator.py for tasks to queue
[2022-11-08T20:50:39.541+0900] {logging_mixin.py:117} INFO - [2022-11-08T20:50:39.541+0900] {dagbag.py:525} INFO - Filling up the DagBag from /home/steve/.local/lib/python3.8/site-packages/airflow/example_dags/example_bash_operator.py
[2022-11-08T20:50:39.551+0900] {processor.py:768} INFO - DAG(s) dict_keys(['example_bash_operator']) retrieved from /home/steve/.local/lib/python3.8/site-packages/airflow/example_dags/example_bash_operator.py
[2022-11-08T20:50:39.567+0900] {logging_mixin.py:117} INFO - [2022-11-08T20:50:39.566+0900] {dag.py:2573} INFO - Sync 1 DAGs
[2022-11-08T20:50:39.577+0900] {logging_mixin.py:117} INFO - [2022-11-08T20:50:39.577+0900] {dag.py:3324} INFO - Setting next_dagrun for example_bash_operator to 2022-11-07T00:00:00+00:00, run_after=2022-11-08T00:00:00+00:00
[2022-11-08T20:50:39.592+0900] {processor.py:178} INFO - Processing /home/steve/.local/lib/python3.8/site-packages/airflow/example_dags/example_bash_operator.py took 0.054 seconds
