[2022-11-08T19:45:12.144+0900] {processor.py:156} INFO - Started process (PID=7494) to work on /home/steve/.local/lib/python3.8/site-packages/airflow/example_dags/example_latest_only_with_trigger.py
[2022-11-08T19:45:12.144+0900] {processor.py:758} INFO - Processing file /home/steve/.local/lib/python3.8/site-packages/airflow/example_dags/example_latest_only_with_trigger.py for tasks to queue
[2022-11-08T19:45:12.145+0900] {logging_mixin.py:117} INFO - [2022-11-08T19:45:12.144+0900] {dagbag.py:525} INFO - Filling up the DagBag from /home/steve/.local/lib/python3.8/site-packages/airflow/example_dags/example_latest_only_with_trigger.py
[2022-11-08T19:45:12.152+0900] {processor.py:768} INFO - DAG(s) dict_keys(['latest_only_with_trigger']) retrieved from /home/steve/.local/lib/python3.8/site-packages/airflow/example_dags/example_latest_only_with_trigger.py
[2022-11-08T19:45:12.220+0900] {logging_mixin.py:117} INFO - [2022-11-08T19:45:12.219+0900] {manager.py:507} INFO - Created Permission View: can edit on DAG:latest_only_with_trigger
[2022-11-08T19:45:12.228+0900] {logging_mixin.py:117} INFO - [2022-11-08T19:45:12.228+0900] {manager.py:507} INFO - Created Permission View: can delete on DAG:latest_only_with_trigger
[2022-11-08T19:45:12.236+0900] {logging_mixin.py:117} INFO - [2022-11-08T19:45:12.235+0900] {manager.py:507} INFO - Created Permission View: can read on DAG:latest_only_with_trigger
[2022-11-08T19:45:12.236+0900] {logging_mixin.py:117} INFO - [2022-11-08T19:45:12.236+0900] {dag.py:2573} INFO - Sync 1 DAGs
[2022-11-08T19:45:12.310+0900] {logging_mixin.py:117} INFO - [2022-11-08T19:45:12.310+0900] {dag.py:2594} INFO - Creating ORM DAG for latest_only_with_trigger
[2022-11-08T19:45:12.315+0900] {logging_mixin.py:117} INFO - [2022-11-08T19:45:12.315+0900] {dag.py:3324} INFO - Setting next_dagrun for latest_only_with_trigger to 2022-11-08T06:45:12.314985+00:00, run_after=2022-11-08T10:45:12.314985+00:00
[2022-11-08T19:45:12.330+0900] {processor.py:178} INFO - Processing /home/steve/.local/lib/python3.8/site-packages/airflow/example_dags/example_latest_only_with_trigger.py took 0.188 seconds
[2022-11-08T19:45:46.415+0900] {processor.py:156} INFO - Started process (PID=7738) to work on /home/steve/.local/lib/python3.8/site-packages/airflow/example_dags/example_latest_only_with_trigger.py
[2022-11-08T19:45:46.417+0900] {processor.py:758} INFO - Processing file /home/steve/.local/lib/python3.8/site-packages/airflow/example_dags/example_latest_only_with_trigger.py for tasks to queue
[2022-11-08T19:45:46.418+0900] {logging_mixin.py:117} INFO - [2022-11-08T19:45:46.418+0900] {dagbag.py:525} INFO - Filling up the DagBag from /home/steve/.local/lib/python3.8/site-packages/airflow/example_dags/example_latest_only_with_trigger.py
[2022-11-08T19:45:46.425+0900] {processor.py:768} INFO - DAG(s) dict_keys(['latest_only_with_trigger']) retrieved from /home/steve/.local/lib/python3.8/site-packages/airflow/example_dags/example_latest_only_with_trigger.py
[2022-11-08T19:45:46.440+0900] {logging_mixin.py:117} INFO - [2022-11-08T19:45:46.440+0900] {dag.py:2573} INFO - Sync 1 DAGs
[2022-11-08T19:45:46.450+0900] {logging_mixin.py:117} INFO - [2022-11-08T19:45:46.449+0900] {dag.py:3324} INFO - Setting next_dagrun for latest_only_with_trigger to 2022-11-08T06:45:46.449819+00:00, run_after=2022-11-08T10:45:46.449819+00:00
[2022-11-08T19:45:46.465+0900] {processor.py:178} INFO - Processing /home/steve/.local/lib/python3.8/site-packages/airflow/example_dags/example_latest_only_with_trigger.py took 0.051 seconds
[2022-11-08T19:46:24.022+0900] {processor.py:156} INFO - Started process (PID=7812) to work on /home/steve/.local/lib/python3.8/site-packages/airflow/example_dags/example_latest_only_with_trigger.py
[2022-11-08T19:46:24.023+0900] {processor.py:758} INFO - Processing file /home/steve/.local/lib/python3.8/site-packages/airflow/example_dags/example_latest_only_with_trigger.py for tasks to queue
[2022-11-08T19:46:24.023+0900] {logging_mixin.py:117} INFO - [2022-11-08T19:46:24.023+0900] {dagbag.py:525} INFO - Filling up the DagBag from /home/steve/.local/lib/python3.8/site-packages/airflow/example_dags/example_latest_only_with_trigger.py
[2022-11-08T19:46:24.031+0900] {processor.py:768} INFO - DAG(s) dict_keys(['latest_only_with_trigger']) retrieved from /home/steve/.local/lib/python3.8/site-packages/airflow/example_dags/example_latest_only_with_trigger.py
[2022-11-08T19:46:24.045+0900] {logging_mixin.py:117} INFO - [2022-11-08T19:46:24.045+0900] {dag.py:2573} INFO - Sync 1 DAGs
[2022-11-08T19:46:24.054+0900] {logging_mixin.py:117} INFO - [2022-11-08T19:46:24.054+0900] {dag.py:3324} INFO - Setting next_dagrun for latest_only_with_trigger to 2022-11-08T06:46:24.054677+00:00, run_after=2022-11-08T10:46:24.054677+00:00
[2022-11-08T19:46:24.072+0900] {processor.py:178} INFO - Processing /home/steve/.local/lib/python3.8/site-packages/airflow/example_dags/example_latest_only_with_trigger.py took 0.051 seconds
[2022-11-08T19:47:04.982+0900] {processor.py:156} INFO - Started process (PID=7894) to work on /home/steve/.local/lib/python3.8/site-packages/airflow/example_dags/example_latest_only_with_trigger.py
[2022-11-08T19:47:04.984+0900] {processor.py:758} INFO - Processing file /home/steve/.local/lib/python3.8/site-packages/airflow/example_dags/example_latest_only_with_trigger.py for tasks to queue
[2022-11-08T19:47:04.984+0900] {logging_mixin.py:117} INFO - [2022-11-08T19:47:04.984+0900] {dagbag.py:525} INFO - Filling up the DagBag from /home/steve/.local/lib/python3.8/site-packages/airflow/example_dags/example_latest_only_with_trigger.py
[2022-11-08T19:47:04.992+0900] {processor.py:768} INFO - DAG(s) dict_keys(['latest_only_with_trigger']) retrieved from /home/steve/.local/lib/python3.8/site-packages/airflow/example_dags/example_latest_only_with_trigger.py
[2022-11-08T19:47:05.006+0900] {logging_mixin.py:117} INFO - [2022-11-08T19:47:05.006+0900] {dag.py:2573} INFO - Sync 1 DAGs
[2022-11-08T19:47:05.016+0900] {logging_mixin.py:117} INFO - [2022-11-08T19:47:05.016+0900] {dag.py:3324} INFO - Setting next_dagrun for latest_only_with_trigger to 2022-11-08T06:47:05.016138+00:00, run_after=2022-11-08T10:47:05.016138+00:00
[2022-11-08T19:47:05.033+0900] {processor.py:178} INFO - Processing /home/steve/.local/lib/python3.8/site-packages/airflow/example_dags/example_latest_only_with_trigger.py took 0.052 seconds
[2022-11-08T19:47:46.970+0900] {processor.py:156} INFO - Started process (PID=7935) to work on /home/steve/.local/lib/python3.8/site-packages/airflow/example_dags/example_latest_only_with_trigger.py
[2022-11-08T19:47:46.972+0900] {processor.py:758} INFO - Processing file /home/steve/.local/lib/python3.8/site-packages/airflow/example_dags/example_latest_only_with_trigger.py for tasks to queue
[2022-11-08T19:47:46.973+0900] {logging_mixin.py:117} INFO - [2022-11-08T19:47:46.973+0900] {dagbag.py:525} INFO - Filling up the DagBag from /home/steve/.local/lib/python3.8/site-packages/airflow/example_dags/example_latest_only_with_trigger.py
[2022-11-08T19:47:46.980+0900] {processor.py:768} INFO - DAG(s) dict_keys(['latest_only_with_trigger']) retrieved from /home/steve/.local/lib/python3.8/site-packages/airflow/example_dags/example_latest_only_with_trigger.py
[2022-11-08T19:47:46.994+0900] {logging_mixin.py:117} INFO - [2022-11-08T19:47:46.994+0900] {dag.py:2573} INFO - Sync 1 DAGs
[2022-11-08T19:47:47.005+0900] {logging_mixin.py:117} INFO - [2022-11-08T19:47:47.005+0900] {dag.py:3324} INFO - Setting next_dagrun for latest_only_with_trigger to 2022-11-08T06:47:47.004905+00:00, run_after=2022-11-08T10:47:47.004905+00:00
[2022-11-08T19:47:47.086+0900] {processor.py:178} INFO - Processing /home/steve/.local/lib/python3.8/site-packages/airflow/example_dags/example_latest_only_with_trigger.py took 0.117 seconds
[2022-11-08T19:48:28.978+0900] {processor.py:156} INFO - Started process (PID=7976) to work on /home/steve/.local/lib/python3.8/site-packages/airflow/example_dags/example_latest_only_with_trigger.py
[2022-11-08T19:48:28.980+0900] {processor.py:758} INFO - Processing file /home/steve/.local/lib/python3.8/site-packages/airflow/example_dags/example_latest_only_with_trigger.py for tasks to queue
[2022-11-08T19:48:28.981+0900] {logging_mixin.py:117} INFO - [2022-11-08T19:48:28.981+0900] {dagbag.py:525} INFO - Filling up the DagBag from /home/steve/.local/lib/python3.8/site-packages/airflow/example_dags/example_latest_only_with_trigger.py
[2022-11-08T19:48:28.988+0900] {processor.py:768} INFO - DAG(s) dict_keys(['latest_only_with_trigger']) retrieved from /home/steve/.local/lib/python3.8/site-packages/airflow/example_dags/example_latest_only_with_trigger.py
[2022-11-08T19:48:29.002+0900] {logging_mixin.py:117} INFO - [2022-11-08T19:48:29.002+0900] {dag.py:2573} INFO - Sync 1 DAGs
[2022-11-08T19:48:29.077+0900] {logging_mixin.py:117} INFO - [2022-11-08T19:48:29.077+0900] {dag.py:3324} INFO - Setting next_dagrun for latest_only_with_trigger to 2022-11-08T06:48:29.077077+00:00, run_after=2022-11-08T10:48:29.077077+00:00
[2022-11-08T19:48:29.093+0900] {processor.py:178} INFO - Processing /home/steve/.local/lib/python3.8/site-packages/airflow/example_dags/example_latest_only_with_trigger.py took 0.116 seconds
[2022-11-08T19:49:06.443+0900] {processor.py:156} INFO - Started process (PID=8012) to work on /home/steve/.local/lib/python3.8/site-packages/airflow/example_dags/example_latest_only_with_trigger.py
[2022-11-08T19:49:06.444+0900] {processor.py:758} INFO - Processing file /home/steve/.local/lib/python3.8/site-packages/airflow/example_dags/example_latest_only_with_trigger.py for tasks to queue
[2022-11-08T19:49:06.444+0900] {logging_mixin.py:117} INFO - [2022-11-08T19:49:06.444+0900] {dagbag.py:525} INFO - Filling up the DagBag from /home/steve/.local/lib/python3.8/site-packages/airflow/example_dags/example_latest_only_with_trigger.py
[2022-11-08T19:49:06.451+0900] {processor.py:768} INFO - DAG(s) dict_keys(['latest_only_with_trigger']) retrieved from /home/steve/.local/lib/python3.8/site-packages/airflow/example_dags/example_latest_only_with_trigger.py
[2022-11-08T19:49:06.466+0900] {logging_mixin.py:117} INFO - [2022-11-08T19:49:06.466+0900] {dag.py:2573} INFO - Sync 1 DAGs
[2022-11-08T19:49:06.541+0900] {logging_mixin.py:117} INFO - [2022-11-08T19:49:06.541+0900] {dag.py:3324} INFO - Setting next_dagrun for latest_only_with_trigger to 2022-11-08T06:49:06.540924+00:00, run_after=2022-11-08T10:49:06.540924+00:00
[2022-11-08T19:49:06.556+0900] {processor.py:178} INFO - Processing /home/steve/.local/lib/python3.8/site-packages/airflow/example_dags/example_latest_only_with_trigger.py took 0.114 seconds
[2022-11-08T19:49:46.453+0900] {processor.py:156} INFO - Started process (PID=8078) to work on /home/steve/.local/lib/python3.8/site-packages/airflow/example_dags/example_latest_only_with_trigger.py
[2022-11-08T19:49:46.453+0900] {processor.py:758} INFO - Processing file /home/steve/.local/lib/python3.8/site-packages/airflow/example_dags/example_latest_only_with_trigger.py for tasks to queue
[2022-11-08T19:49:46.454+0900] {logging_mixin.py:117} INFO - [2022-11-08T19:49:46.454+0900] {dagbag.py:525} INFO - Filling up the DagBag from /home/steve/.local/lib/python3.8/site-packages/airflow/example_dags/example_latest_only_with_trigger.py
[2022-11-08T19:49:46.461+0900] {processor.py:768} INFO - DAG(s) dict_keys(['latest_only_with_trigger']) retrieved from /home/steve/.local/lib/python3.8/site-packages/airflow/example_dags/example_latest_only_with_trigger.py
[2022-11-08T19:49:46.540+0900] {logging_mixin.py:117} INFO - [2022-11-08T19:49:46.540+0900] {dag.py:2573} INFO - Sync 1 DAGs
[2022-11-08T19:49:46.549+0900] {logging_mixin.py:117} INFO - [2022-11-08T19:49:46.549+0900] {dag.py:3324} INFO - Setting next_dagrun for latest_only_with_trigger to 2022-11-08T06:49:46.549328+00:00, run_after=2022-11-08T10:49:46.549328+00:00
[2022-11-08T19:49:46.564+0900] {processor.py:178} INFO - Processing /home/steve/.local/lib/python3.8/site-packages/airflow/example_dags/example_latest_only_with_trigger.py took 0.113 seconds
[2022-11-08T19:50:26.114+0900] {processor.py:156} INFO - Started process (PID=8118) to work on /home/steve/.local/lib/python3.8/site-packages/airflow/example_dags/example_latest_only_with_trigger.py
[2022-11-08T19:50:26.116+0900] {processor.py:758} INFO - Processing file /home/steve/.local/lib/python3.8/site-packages/airflow/example_dags/example_latest_only_with_trigger.py for tasks to queue
[2022-11-08T19:50:26.116+0900] {logging_mixin.py:117} INFO - [2022-11-08T19:50:26.116+0900] {dagbag.py:525} INFO - Filling up the DagBag from /home/steve/.local/lib/python3.8/site-packages/airflow/example_dags/example_latest_only_with_trigger.py
[2022-11-08T19:50:26.124+0900] {processor.py:768} INFO - DAG(s) dict_keys(['latest_only_with_trigger']) retrieved from /home/steve/.local/lib/python3.8/site-packages/airflow/example_dags/example_latest_only_with_trigger.py
[2022-11-08T19:50:26.202+0900] {logging_mixin.py:117} INFO - [2022-11-08T19:50:26.202+0900] {dag.py:2573} INFO - Sync 1 DAGs
[2022-11-08T19:50:26.211+0900] {logging_mixin.py:117} INFO - [2022-11-08T19:50:26.211+0900] {dag.py:3324} INFO - Setting next_dagrun for latest_only_with_trigger to 2022-11-08T06:50:26.211037+00:00, run_after=2022-11-08T10:50:26.211037+00:00
[2022-11-08T19:50:26.227+0900] {processor.py:178} INFO - Processing /home/steve/.local/lib/python3.8/site-packages/airflow/example_dags/example_latest_only_with_trigger.py took 0.115 seconds
[2022-11-08T19:51:03.678+0900] {processor.py:156} INFO - Started process (PID=8154) to work on /home/steve/.local/lib/python3.8/site-packages/airflow/example_dags/example_latest_only_with_trigger.py
[2022-11-08T19:51:03.680+0900] {processor.py:758} INFO - Processing file /home/steve/.local/lib/python3.8/site-packages/airflow/example_dags/example_latest_only_with_trigger.py for tasks to queue
[2022-11-08T19:51:03.680+0900] {logging_mixin.py:117} INFO - [2022-11-08T19:51:03.680+0900] {dagbag.py:525} INFO - Filling up the DagBag from /home/steve/.local/lib/python3.8/site-packages/airflow/example_dags/example_latest_only_with_trigger.py
[2022-11-08T19:51:03.763+0900] {processor.py:768} INFO - DAG(s) dict_keys(['latest_only_with_trigger']) retrieved from /home/steve/.local/lib/python3.8/site-packages/airflow/example_dags/example_latest_only_with_trigger.py
[2022-11-08T19:51:03.776+0900] {logging_mixin.py:117} INFO - [2022-11-08T19:51:03.776+0900] {dag.py:2573} INFO - Sync 1 DAGs
[2022-11-08T19:51:03.784+0900] {logging_mixin.py:117} INFO - [2022-11-08T19:51:03.784+0900] {dag.py:3324} INFO - Setting next_dagrun for latest_only_with_trigger to 2022-11-08T06:51:03.784445+00:00, run_after=2022-11-08T10:51:03.784445+00:00
[2022-11-08T19:51:03.799+0900] {processor.py:178} INFO - Processing /home/steve/.local/lib/python3.8/site-packages/airflow/example_dags/example_latest_only_with_trigger.py took 0.123 seconds
[2022-11-08T19:51:41.308+0900] {processor.py:156} INFO - Started process (PID=8191) to work on /home/steve/.local/lib/python3.8/site-packages/airflow/example_dags/example_latest_only_with_trigger.py
[2022-11-08T19:51:41.310+0900] {processor.py:758} INFO - Processing file /home/steve/.local/lib/python3.8/site-packages/airflow/example_dags/example_latest_only_with_trigger.py for tasks to queue
[2022-11-08T19:51:41.310+0900] {logging_mixin.py:117} INFO - [2022-11-08T19:51:41.310+0900] {dagbag.py:525} INFO - Filling up the DagBag from /home/steve/.local/lib/python3.8/site-packages/airflow/example_dags/example_latest_only_with_trigger.py
[2022-11-08T19:51:41.384+0900] {processor.py:768} INFO - DAG(s) dict_keys(['latest_only_with_trigger']) retrieved from /home/steve/.local/lib/python3.8/site-packages/airflow/example_dags/example_latest_only_with_trigger.py
[2022-11-08T19:51:41.396+0900] {logging_mixin.py:117} INFO - [2022-11-08T19:51:41.396+0900] {dag.py:2573} INFO - Sync 1 DAGs
[2022-11-08T19:51:41.405+0900] {logging_mixin.py:117} INFO - [2022-11-08T19:51:41.404+0900] {dag.py:3324} INFO - Setting next_dagrun for latest_only_with_trigger to 2022-11-08T06:51:41.404862+00:00, run_after=2022-11-08T10:51:41.404862+00:00
[2022-11-08T19:51:41.420+0900] {processor.py:178} INFO - Processing /home/steve/.local/lib/python3.8/site-packages/airflow/example_dags/example_latest_only_with_trigger.py took 0.113 seconds
[2022-11-08T19:52:18.588+0900] {processor.py:156} INFO - Started process (PID=8230) to work on /home/steve/.local/lib/python3.8/site-packages/airflow/example_dags/example_latest_only_with_trigger.py
[2022-11-08T19:52:18.590+0900] {processor.py:758} INFO - Processing file /home/steve/.local/lib/python3.8/site-packages/airflow/example_dags/example_latest_only_with_trigger.py for tasks to queue
[2022-11-08T19:52:18.590+0900] {logging_mixin.py:117} INFO - [2022-11-08T19:52:18.590+0900] {dagbag.py:525} INFO - Filling up the DagBag from /home/steve/.local/lib/python3.8/site-packages/airflow/example_dags/example_latest_only_with_trigger.py
[2022-11-08T19:52:18.597+0900] {processor.py:768} INFO - DAG(s) dict_keys(['latest_only_with_trigger']) retrieved from /home/steve/.local/lib/python3.8/site-packages/airflow/example_dags/example_latest_only_with_trigger.py
[2022-11-08T19:52:18.612+0900] {logging_mixin.py:117} INFO - [2022-11-08T19:52:18.612+0900] {dag.py:2573} INFO - Sync 1 DAGs
[2022-11-08T19:52:18.622+0900] {logging_mixin.py:117} INFO - [2022-11-08T19:52:18.622+0900] {dag.py:3324} INFO - Setting next_dagrun for latest_only_with_trigger to 2022-11-08T06:52:18.622029+00:00, run_after=2022-11-08T10:52:18.622029+00:00
[2022-11-08T19:52:18.637+0900] {processor.py:178} INFO - Processing /home/steve/.local/lib/python3.8/site-packages/airflow/example_dags/example_latest_only_with_trigger.py took 0.051 seconds
[2022-11-08T19:52:53.743+0900] {processor.py:156} INFO - Started process (PID=8339) to work on /home/steve/.local/lib/python3.8/site-packages/airflow/example_dags/example_latest_only_with_trigger.py
[2022-11-08T19:52:53.744+0900] {processor.py:758} INFO - Processing file /home/steve/.local/lib/python3.8/site-packages/airflow/example_dags/example_latest_only_with_trigger.py for tasks to queue
[2022-11-08T19:52:53.745+0900] {logging_mixin.py:117} INFO - [2022-11-08T19:52:53.744+0900] {dagbag.py:525} INFO - Filling up the DagBag from /home/steve/.local/lib/python3.8/site-packages/airflow/example_dags/example_latest_only_with_trigger.py
[2022-11-08T19:52:53.754+0900] {processor.py:768} INFO - DAG(s) dict_keys(['latest_only_with_trigger']) retrieved from /home/steve/.local/lib/python3.8/site-packages/airflow/example_dags/example_latest_only_with_trigger.py
[2022-11-08T19:52:53.789+0900] {logging_mixin.py:117} INFO - [2022-11-08T19:52:53.789+0900] {dag.py:2573} INFO - Sync 1 DAGs
[2022-11-08T19:52:53.799+0900] {logging_mixin.py:117} INFO - [2022-11-08T19:52:53.799+0900] {dag.py:3324} INFO - Setting next_dagrun for latest_only_with_trigger to 2022-11-08T06:52:53.799147+00:00, run_after=2022-11-08T10:52:53.799147+00:00
[2022-11-08T19:52:53.818+0900] {processor.py:178} INFO - Processing /home/steve/.local/lib/python3.8/site-packages/airflow/example_dags/example_latest_only_with_trigger.py took 0.077 seconds
[2022-11-08T19:53:29.721+0900] {processor.py:156} INFO - Started process (PID=8528) to work on /home/steve/.local/lib/python3.8/site-packages/airflow/example_dags/example_latest_only_with_trigger.py
[2022-11-08T19:53:29.723+0900] {processor.py:758} INFO - Processing file /home/steve/.local/lib/python3.8/site-packages/airflow/example_dags/example_latest_only_with_trigger.py for tasks to queue
[2022-11-08T19:53:29.723+0900] {logging_mixin.py:117} INFO - [2022-11-08T19:53:29.723+0900] {dagbag.py:525} INFO - Filling up the DagBag from /home/steve/.local/lib/python3.8/site-packages/airflow/example_dags/example_latest_only_with_trigger.py
[2022-11-08T19:53:29.730+0900] {processor.py:768} INFO - DAG(s) dict_keys(['latest_only_with_trigger']) retrieved from /home/steve/.local/lib/python3.8/site-packages/airflow/example_dags/example_latest_only_with_trigger.py
[2022-11-08T19:53:29.744+0900] {logging_mixin.py:117} INFO - [2022-11-08T19:53:29.744+0900] {dag.py:2573} INFO - Sync 1 DAGs
[2022-11-08T19:53:29.754+0900] {logging_mixin.py:117} INFO - [2022-11-08T19:53:29.754+0900] {dag.py:3324} INFO - Setting next_dagrun for latest_only_with_trigger to 2022-11-08T06:53:29.754500+00:00, run_after=2022-11-08T10:53:29.754500+00:00
[2022-11-08T19:53:29.770+0900] {processor.py:178} INFO - Processing /home/steve/.local/lib/python3.8/site-packages/airflow/example_dags/example_latest_only_with_trigger.py took 0.051 seconds
[2022-11-08T19:54:05.018+0900] {processor.py:156} INFO - Started process (PID=8584) to work on /home/steve/.local/lib/python3.8/site-packages/airflow/example_dags/example_latest_only_with_trigger.py
[2022-11-08T19:54:05.020+0900] {processor.py:758} INFO - Processing file /home/steve/.local/lib/python3.8/site-packages/airflow/example_dags/example_latest_only_with_trigger.py for tasks to queue
[2022-11-08T19:54:05.020+0900] {logging_mixin.py:117} INFO - [2022-11-08T19:54:05.020+0900] {dagbag.py:525} INFO - Filling up the DagBag from /home/steve/.local/lib/python3.8/site-packages/airflow/example_dags/example_latest_only_with_trigger.py
[2022-11-08T19:54:05.029+0900] {processor.py:768} INFO - DAG(s) dict_keys(['latest_only_with_trigger']) retrieved from /home/steve/.local/lib/python3.8/site-packages/airflow/example_dags/example_latest_only_with_trigger.py
[2022-11-08T19:54:05.046+0900] {logging_mixin.py:117} INFO - [2022-11-08T19:54:05.046+0900] {dag.py:2573} INFO - Sync 1 DAGs
[2022-11-08T19:54:05.057+0900] {logging_mixin.py:117} INFO - [2022-11-08T19:54:05.057+0900] {dag.py:3324} INFO - Setting next_dagrun for latest_only_with_trigger to 2022-11-08T06:54:05.057086+00:00, run_after=2022-11-08T10:54:05.057086+00:00
[2022-11-08T19:54:05.073+0900] {processor.py:178} INFO - Processing /home/steve/.local/lib/python3.8/site-packages/airflow/example_dags/example_latest_only_with_trigger.py took 0.056 seconds
[2022-11-08T19:54:41.602+0900] {processor.py:156} INFO - Started process (PID=8815) to work on /home/steve/.local/lib/python3.8/site-packages/airflow/example_dags/example_latest_only_with_trigger.py
[2022-11-08T19:54:41.603+0900] {processor.py:758} INFO - Processing file /home/steve/.local/lib/python3.8/site-packages/airflow/example_dags/example_latest_only_with_trigger.py for tasks to queue
[2022-11-08T19:54:41.603+0900] {logging_mixin.py:117} INFO - [2022-11-08T19:54:41.603+0900] {dagbag.py:525} INFO - Filling up the DagBag from /home/steve/.local/lib/python3.8/site-packages/airflow/example_dags/example_latest_only_with_trigger.py
[2022-11-08T19:54:41.611+0900] {processor.py:768} INFO - DAG(s) dict_keys(['latest_only_with_trigger']) retrieved from /home/steve/.local/lib/python3.8/site-packages/airflow/example_dags/example_latest_only_with_trigger.py
[2022-11-08T19:54:41.628+0900] {logging_mixin.py:117} INFO - [2022-11-08T19:54:41.628+0900] {dag.py:2573} INFO - Sync 1 DAGs
[2022-11-08T19:54:41.639+0900] {logging_mixin.py:117} INFO - [2022-11-08T19:54:41.639+0900] {dag.py:3324} INFO - Setting next_dagrun for latest_only_with_trigger to 2022-11-08T06:54:41.638984+00:00, run_after=2022-11-08T10:54:41.638984+00:00
[2022-11-08T19:54:41.656+0900] {processor.py:178} INFO - Processing /home/steve/.local/lib/python3.8/site-packages/airflow/example_dags/example_latest_only_with_trigger.py took 0.056 seconds
[2022-11-08T19:55:18.793+0900] {processor.py:156} INFO - Started process (PID=9017) to work on /home/steve/.local/lib/python3.8/site-packages/airflow/example_dags/example_latest_only_with_trigger.py
[2022-11-08T19:55:18.795+0900] {processor.py:758} INFO - Processing file /home/steve/.local/lib/python3.8/site-packages/airflow/example_dags/example_latest_only_with_trigger.py for tasks to queue
[2022-11-08T19:55:18.796+0900] {logging_mixin.py:117} INFO - [2022-11-08T19:55:18.795+0900] {dagbag.py:525} INFO - Filling up the DagBag from /home/steve/.local/lib/python3.8/site-packages/airflow/example_dags/example_latest_only_with_trigger.py
[2022-11-08T19:55:18.804+0900] {processor.py:768} INFO - DAG(s) dict_keys(['latest_only_with_trigger']) retrieved from /home/steve/.local/lib/python3.8/site-packages/airflow/example_dags/example_latest_only_with_trigger.py
[2022-11-08T19:55:18.820+0900] {logging_mixin.py:117} INFO - [2022-11-08T19:55:18.820+0900] {dag.py:2573} INFO - Sync 1 DAGs
[2022-11-08T19:55:18.831+0900] {logging_mixin.py:117} INFO - [2022-11-08T19:55:18.831+0900] {dag.py:3324} INFO - Setting next_dagrun for latest_only_with_trigger to 2022-11-08T06:55:18.831294+00:00, run_after=2022-11-08T10:55:18.831294+00:00
[2022-11-08T19:55:18.847+0900] {processor.py:178} INFO - Processing /home/steve/.local/lib/python3.8/site-packages/airflow/example_dags/example_latest_only_with_trigger.py took 0.056 seconds
[2022-11-08T20:27:20.723+0900] {processor.py:156} INFO - Started process (PID=9811) to work on /home/steve/.local/lib/python3.8/site-packages/airflow/example_dags/example_latest_only_with_trigger.py
[2022-11-08T20:27:20.724+0900] {processor.py:758} INFO - Processing file /home/steve/.local/lib/python3.8/site-packages/airflow/example_dags/example_latest_only_with_trigger.py for tasks to queue
[2022-11-08T20:27:20.725+0900] {logging_mixin.py:117} INFO - [2022-11-08T20:27:20.725+0900] {dagbag.py:525} INFO - Filling up the DagBag from /home/steve/.local/lib/python3.8/site-packages/airflow/example_dags/example_latest_only_with_trigger.py
[2022-11-08T20:27:20.733+0900] {processor.py:768} INFO - DAG(s) dict_keys(['latest_only_with_trigger']) retrieved from /home/steve/.local/lib/python3.8/site-packages/airflow/example_dags/example_latest_only_with_trigger.py
[2022-11-08T20:27:20.747+0900] {logging_mixin.py:117} INFO - [2022-11-08T20:27:20.747+0900] {dag.py:2573} INFO - Sync 1 DAGs
[2022-11-08T20:27:20.757+0900] {logging_mixin.py:117} INFO - [2022-11-08T20:27:20.757+0900] {dag.py:3324} INFO - Setting next_dagrun for latest_only_with_trigger to 2022-11-08T07:27:20.757612+00:00, run_after=2022-11-08T11:27:20.757612+00:00
[2022-11-08T20:27:20.774+0900] {processor.py:178} INFO - Processing /home/steve/.local/lib/python3.8/site-packages/airflow/example_dags/example_latest_only_with_trigger.py took 0.052 seconds
[2022-11-08T20:27:58.444+0900] {processor.py:156} INFO - Started process (PID=9853) to work on /home/steve/.local/lib/python3.8/site-packages/airflow/example_dags/example_latest_only_with_trigger.py
[2022-11-08T20:27:58.447+0900] {processor.py:758} INFO - Processing file /home/steve/.local/lib/python3.8/site-packages/airflow/example_dags/example_latest_only_with_trigger.py for tasks to queue
[2022-11-08T20:27:58.447+0900] {logging_mixin.py:117} INFO - [2022-11-08T20:27:58.447+0900] {dagbag.py:525} INFO - Filling up the DagBag from /home/steve/.local/lib/python3.8/site-packages/airflow/example_dags/example_latest_only_with_trigger.py
[2022-11-08T20:27:58.454+0900] {processor.py:768} INFO - DAG(s) dict_keys(['latest_only_with_trigger']) retrieved from /home/steve/.local/lib/python3.8/site-packages/airflow/example_dags/example_latest_only_with_trigger.py
[2022-11-08T20:27:58.469+0900] {logging_mixin.py:117} INFO - [2022-11-08T20:27:58.469+0900] {dag.py:2573} INFO - Sync 1 DAGs
[2022-11-08T20:27:58.478+0900] {logging_mixin.py:117} INFO - [2022-11-08T20:27:58.478+0900] {dag.py:3324} INFO - Setting next_dagrun for latest_only_with_trigger to 2022-11-08T07:27:58.478761+00:00, run_after=2022-11-08T11:27:58.478761+00:00
[2022-11-08T20:27:58.494+0900] {processor.py:178} INFO - Processing /home/steve/.local/lib/python3.8/site-packages/airflow/example_dags/example_latest_only_with_trigger.py took 0.051 seconds
[2022-11-08T20:28:33.207+0900] {processor.py:156} INFO - Started process (PID=9899) to work on /home/steve/.local/lib/python3.8/site-packages/airflow/example_dags/example_latest_only_with_trigger.py
[2022-11-08T20:28:33.208+0900] {processor.py:758} INFO - Processing file /home/steve/.local/lib/python3.8/site-packages/airflow/example_dags/example_latest_only_with_trigger.py for tasks to queue
[2022-11-08T20:28:33.209+0900] {logging_mixin.py:117} INFO - [2022-11-08T20:28:33.209+0900] {dagbag.py:525} INFO - Filling up the DagBag from /home/steve/.local/lib/python3.8/site-packages/airflow/example_dags/example_latest_only_with_trigger.py
[2022-11-08T20:28:33.216+0900] {processor.py:768} INFO - DAG(s) dict_keys(['latest_only_with_trigger']) retrieved from /home/steve/.local/lib/python3.8/site-packages/airflow/example_dags/example_latest_only_with_trigger.py
[2022-11-08T20:28:33.231+0900] {logging_mixin.py:117} INFO - [2022-11-08T20:28:33.230+0900] {dag.py:2573} INFO - Sync 1 DAGs
[2022-11-08T20:28:33.240+0900] {logging_mixin.py:117} INFO - [2022-11-08T20:28:33.240+0900] {dag.py:3324} INFO - Setting next_dagrun for latest_only_with_trigger to 2022-11-08T07:28:33.240527+00:00, run_after=2022-11-08T11:28:33.240527+00:00
[2022-11-08T20:28:33.257+0900] {processor.py:178} INFO - Processing /home/steve/.local/lib/python3.8/site-packages/airflow/example_dags/example_latest_only_with_trigger.py took 0.051 seconds
[2022-11-08T20:29:09.474+0900] {processor.py:156} INFO - Started process (PID=10181) to work on /home/steve/.local/lib/python3.8/site-packages/airflow/example_dags/example_latest_only_with_trigger.py
[2022-11-08T20:29:09.475+0900] {processor.py:758} INFO - Processing file /home/steve/.local/lib/python3.8/site-packages/airflow/example_dags/example_latest_only_with_trigger.py for tasks to queue
[2022-11-08T20:29:09.475+0900] {logging_mixin.py:117} INFO - [2022-11-08T20:29:09.475+0900] {dagbag.py:525} INFO - Filling up the DagBag from /home/steve/.local/lib/python3.8/site-packages/airflow/example_dags/example_latest_only_with_trigger.py
[2022-11-08T20:29:09.483+0900] {processor.py:768} INFO - DAG(s) dict_keys(['latest_only_with_trigger']) retrieved from /home/steve/.local/lib/python3.8/site-packages/airflow/example_dags/example_latest_only_with_trigger.py
[2022-11-08T20:29:09.498+0900] {logging_mixin.py:117} INFO - [2022-11-08T20:29:09.498+0900] {dag.py:2573} INFO - Sync 1 DAGs
[2022-11-08T20:29:09.509+0900] {logging_mixin.py:117} INFO - [2022-11-08T20:29:09.509+0900] {dag.py:3324} INFO - Setting next_dagrun for latest_only_with_trigger to 2022-11-08T07:29:09.509399+00:00, run_after=2022-11-08T11:29:09.509399+00:00
[2022-11-08T20:29:09.526+0900] {processor.py:178} INFO - Processing /home/steve/.local/lib/python3.8/site-packages/airflow/example_dags/example_latest_only_with_trigger.py took 0.054 seconds
[2022-11-08T20:29:51.745+0900] {processor.py:156} INFO - Started process (PID=10364) to work on /home/steve/.local/lib/python3.8/site-packages/airflow/example_dags/example_latest_only_with_trigger.py
[2022-11-08T20:29:51.746+0900] {processor.py:758} INFO - Processing file /home/steve/.local/lib/python3.8/site-packages/airflow/example_dags/example_latest_only_with_trigger.py for tasks to queue
[2022-11-08T20:29:51.746+0900] {logging_mixin.py:117} INFO - [2022-11-08T20:29:51.746+0900] {dagbag.py:525} INFO - Filling up the DagBag from /home/steve/.local/lib/python3.8/site-packages/airflow/example_dags/example_latest_only_with_trigger.py
[2022-11-08T20:29:51.753+0900] {processor.py:768} INFO - DAG(s) dict_keys(['latest_only_with_trigger']) retrieved from /home/steve/.local/lib/python3.8/site-packages/airflow/example_dags/example_latest_only_with_trigger.py
[2022-11-08T20:29:51.767+0900] {logging_mixin.py:117} INFO - [2022-11-08T20:29:51.767+0900] {dag.py:2573} INFO - Sync 1 DAGs
[2022-11-08T20:29:51.777+0900] {logging_mixin.py:117} INFO - [2022-11-08T20:29:51.777+0900] {dag.py:3324} INFO - Setting next_dagrun for latest_only_with_trigger to 2022-11-08T07:29:51.777225+00:00, run_after=2022-11-08T11:29:51.777225+00:00
[2022-11-08T20:29:51.860+0900] {processor.py:178} INFO - Processing /home/steve/.local/lib/python3.8/site-packages/airflow/example_dags/example_latest_only_with_trigger.py took 0.117 seconds
[2022-11-08T20:30:37.293+0900] {processor.py:156} INFO - Started process (PID=10527) to work on /home/steve/.local/lib/python3.8/site-packages/airflow/example_dags/example_latest_only_with_trigger.py
[2022-11-08T20:30:37.294+0900] {processor.py:758} INFO - Processing file /home/steve/.local/lib/python3.8/site-packages/airflow/example_dags/example_latest_only_with_trigger.py for tasks to queue
[2022-11-08T20:30:37.294+0900] {logging_mixin.py:117} INFO - [2022-11-08T20:30:37.294+0900] {dagbag.py:525} INFO - Filling up the DagBag from /home/steve/.local/lib/python3.8/site-packages/airflow/example_dags/example_latest_only_with_trigger.py
[2022-11-08T20:30:37.302+0900] {processor.py:768} INFO - DAG(s) dict_keys(['latest_only_with_trigger']) retrieved from /home/steve/.local/lib/python3.8/site-packages/airflow/example_dags/example_latest_only_with_trigger.py
[2022-11-08T20:30:37.318+0900] {logging_mixin.py:117} INFO - [2022-11-08T20:30:37.318+0900] {dag.py:2573} INFO - Sync 1 DAGs
[2022-11-08T20:30:37.403+0900] {logging_mixin.py:117} INFO - [2022-11-08T20:30:37.403+0900] {dag.py:3324} INFO - Setting next_dagrun for latest_only_with_trigger to 2022-11-08T07:30:37.403509+00:00, run_after=2022-11-08T11:30:37.403509+00:00
[2022-11-08T20:30:37.422+0900] {processor.py:178} INFO - Processing /home/steve/.local/lib/python3.8/site-packages/airflow/example_dags/example_latest_only_with_trigger.py took 0.130 seconds
[2022-11-08T20:31:15.838+0900] {processor.py:156} INFO - Started process (PID=10695) to work on /home/steve/.local/lib/python3.8/site-packages/airflow/example_dags/example_latest_only_with_trigger.py
[2022-11-08T20:31:15.839+0900] {processor.py:758} INFO - Processing file /home/steve/.local/lib/python3.8/site-packages/airflow/example_dags/example_latest_only_with_trigger.py for tasks to queue
[2022-11-08T20:31:15.839+0900] {logging_mixin.py:117} INFO - [2022-11-08T20:31:15.839+0900] {dagbag.py:525} INFO - Filling up the DagBag from /home/steve/.local/lib/python3.8/site-packages/airflow/example_dags/example_latest_only_with_trigger.py
[2022-11-08T20:31:15.848+0900] {processor.py:768} INFO - DAG(s) dict_keys(['latest_only_with_trigger']) retrieved from /home/steve/.local/lib/python3.8/site-packages/airflow/example_dags/example_latest_only_with_trigger.py
[2022-11-08T20:31:15.865+0900] {logging_mixin.py:117} INFO - [2022-11-08T20:31:15.865+0900] {dag.py:2573} INFO - Sync 1 DAGs
[2022-11-08T20:31:15.953+0900] {logging_mixin.py:117} INFO - [2022-11-08T20:31:15.953+0900] {dag.py:3324} INFO - Setting next_dagrun for latest_only_with_trigger to 2022-11-08T07:31:15.953397+00:00, run_after=2022-11-08T11:31:15.953397+00:00
[2022-11-08T20:31:15.970+0900] {processor.py:178} INFO - Processing /home/steve/.local/lib/python3.8/site-packages/airflow/example_dags/example_latest_only_with_trigger.py took 0.134 seconds
[2022-11-08T20:31:56.649+0900] {processor.py:156} INFO - Started process (PID=10775) to work on /home/steve/.local/lib/python3.8/site-packages/airflow/example_dags/example_latest_only_with_trigger.py
[2022-11-08T20:31:56.651+0900] {processor.py:758} INFO - Processing file /home/steve/.local/lib/python3.8/site-packages/airflow/example_dags/example_latest_only_with_trigger.py for tasks to queue
[2022-11-08T20:31:56.651+0900] {logging_mixin.py:117} INFO - [2022-11-08T20:31:56.651+0900] {dagbag.py:525} INFO - Filling up the DagBag from /home/steve/.local/lib/python3.8/site-packages/airflow/example_dags/example_latest_only_with_trigger.py
[2022-11-08T20:31:56.658+0900] {processor.py:768} INFO - DAG(s) dict_keys(['latest_only_with_trigger']) retrieved from /home/steve/.local/lib/python3.8/site-packages/airflow/example_dags/example_latest_only_with_trigger.py
[2022-11-08T20:31:56.744+0900] {logging_mixin.py:117} INFO - [2022-11-08T20:31:56.744+0900] {dag.py:2573} INFO - Sync 1 DAGs
[2022-11-08T20:31:56.753+0900] {logging_mixin.py:117} INFO - [2022-11-08T20:31:56.753+0900] {dag.py:3324} INFO - Setting next_dagrun for latest_only_with_trigger to 2022-11-08T07:31:56.753162+00:00, run_after=2022-11-08T11:31:56.753162+00:00
[2022-11-08T20:31:56.769+0900] {processor.py:178} INFO - Processing /home/steve/.local/lib/python3.8/site-packages/airflow/example_dags/example_latest_only_with_trigger.py took 0.122 seconds
[2022-11-08T20:32:35.980+0900] {processor.py:156} INFO - Started process (PID=10922) to work on /home/steve/.local/lib/python3.8/site-packages/airflow/example_dags/example_latest_only_with_trigger.py
[2022-11-08T20:32:35.981+0900] {processor.py:758} INFO - Processing file /home/steve/.local/lib/python3.8/site-packages/airflow/example_dags/example_latest_only_with_trigger.py for tasks to queue
[2022-11-08T20:32:35.981+0900] {logging_mixin.py:117} INFO - [2022-11-08T20:32:35.981+0900] {dagbag.py:525} INFO - Filling up the DagBag from /home/steve/.local/lib/python3.8/site-packages/airflow/example_dags/example_latest_only_with_trigger.py
[2022-11-08T20:32:35.989+0900] {processor.py:768} INFO - DAG(s) dict_keys(['latest_only_with_trigger']) retrieved from /home/steve/.local/lib/python3.8/site-packages/airflow/example_dags/example_latest_only_with_trigger.py
[2022-11-08T20:32:36.072+0900] {logging_mixin.py:117} INFO - [2022-11-08T20:32:36.072+0900] {dag.py:2573} INFO - Sync 1 DAGs
[2022-11-08T20:32:36.081+0900] {logging_mixin.py:117} INFO - [2022-11-08T20:32:36.081+0900] {dag.py:3324} INFO - Setting next_dagrun for latest_only_with_trigger to 2022-11-08T07:32:36.081196+00:00, run_after=2022-11-08T11:32:36.081196+00:00
[2022-11-08T20:32:36.096+0900] {processor.py:178} INFO - Processing /home/steve/.local/lib/python3.8/site-packages/airflow/example_dags/example_latest_only_with_trigger.py took 0.117 seconds
[2022-11-08T20:33:11.779+0900] {processor.py:156} INFO - Started process (PID=11000) to work on /home/steve/.local/lib/python3.8/site-packages/airflow/example_dags/example_latest_only_with_trigger.py
[2022-11-08T20:33:11.781+0900] {processor.py:758} INFO - Processing file /home/steve/.local/lib/python3.8/site-packages/airflow/example_dags/example_latest_only_with_trigger.py for tasks to queue
[2022-11-08T20:33:11.781+0900] {logging_mixin.py:117} INFO - [2022-11-08T20:33:11.781+0900] {dagbag.py:525} INFO - Filling up the DagBag from /home/steve/.local/lib/python3.8/site-packages/airflow/example_dags/example_latest_only_with_trigger.py
[2022-11-08T20:33:11.789+0900] {processor.py:768} INFO - DAG(s) dict_keys(['latest_only_with_trigger']) retrieved from /home/steve/.local/lib/python3.8/site-packages/airflow/example_dags/example_latest_only_with_trigger.py
[2022-11-08T20:33:11.867+0900] {logging_mixin.py:117} INFO - [2022-11-08T20:33:11.867+0900] {dag.py:2573} INFO - Sync 1 DAGs
[2022-11-08T20:33:11.875+0900] {logging_mixin.py:117} INFO - [2022-11-08T20:33:11.875+0900] {dag.py:3324} INFO - Setting next_dagrun for latest_only_with_trigger to 2022-11-08T07:33:11.875582+00:00, run_after=2022-11-08T11:33:11.875582+00:00
[2022-11-08T20:33:11.892+0900] {processor.py:178} INFO - Processing /home/steve/.local/lib/python3.8/site-packages/airflow/example_dags/example_latest_only_with_trigger.py took 0.115 seconds
[2022-11-08T20:33:56.177+0900] {processor.py:156} INFO - Started process (PID=11041) to work on /home/steve/.local/lib/python3.8/site-packages/airflow/example_dags/example_latest_only_with_trigger.py
[2022-11-08T20:33:56.180+0900] {processor.py:758} INFO - Processing file /home/steve/.local/lib/python3.8/site-packages/airflow/example_dags/example_latest_only_with_trigger.py for tasks to queue
[2022-11-08T20:33:56.180+0900] {logging_mixin.py:117} INFO - [2022-11-08T20:33:56.180+0900] {dagbag.py:525} INFO - Filling up the DagBag from /home/steve/.local/lib/python3.8/site-packages/airflow/example_dags/example_latest_only_with_trigger.py
[2022-11-08T20:33:56.261+0900] {processor.py:768} INFO - DAG(s) dict_keys(['latest_only_with_trigger']) retrieved from /home/steve/.local/lib/python3.8/site-packages/airflow/example_dags/example_latest_only_with_trigger.py
[2022-11-08T20:33:56.274+0900] {logging_mixin.py:117} INFO - [2022-11-08T20:33:56.274+0900] {dag.py:2573} INFO - Sync 1 DAGs
[2022-11-08T20:33:56.284+0900] {logging_mixin.py:117} INFO - [2022-11-08T20:33:56.283+0900] {dag.py:3324} INFO - Setting next_dagrun for latest_only_with_trigger to 2022-11-08T07:33:56.283853+00:00, run_after=2022-11-08T11:33:56.283853+00:00
[2022-11-08T20:33:56.302+0900] {processor.py:178} INFO - Processing /home/steve/.local/lib/python3.8/site-packages/airflow/example_dags/example_latest_only_with_trigger.py took 0.126 seconds
[2022-11-08T20:34:31.676+0900] {processor.py:156} INFO - Started process (PID=11077) to work on /home/steve/.local/lib/python3.8/site-packages/airflow/example_dags/example_latest_only_with_trigger.py
[2022-11-08T20:34:31.678+0900] {processor.py:758} INFO - Processing file /home/steve/.local/lib/python3.8/site-packages/airflow/example_dags/example_latest_only_with_trigger.py for tasks to queue
[2022-11-08T20:34:31.679+0900] {logging_mixin.py:117} INFO - [2022-11-08T20:34:31.679+0900] {dagbag.py:525} INFO - Filling up the DagBag from /home/steve/.local/lib/python3.8/site-packages/airflow/example_dags/example_latest_only_with_trigger.py
[2022-11-08T20:34:31.687+0900] {processor.py:768} INFO - DAG(s) dict_keys(['latest_only_with_trigger']) retrieved from /home/steve/.local/lib/python3.8/site-packages/airflow/example_dags/example_latest_only_with_trigger.py
[2022-11-08T20:34:31.703+0900] {logging_mixin.py:117} INFO - [2022-11-08T20:34:31.703+0900] {dag.py:2573} INFO - Sync 1 DAGs
[2022-11-08T20:34:31.715+0900] {logging_mixin.py:117} INFO - [2022-11-08T20:34:31.715+0900] {dag.py:3324} INFO - Setting next_dagrun for latest_only_with_trigger to 2022-11-08T07:34:31.714949+00:00, run_after=2022-11-08T11:34:31.714949+00:00
[2022-11-08T20:34:31.732+0900] {processor.py:178} INFO - Processing /home/steve/.local/lib/python3.8/site-packages/airflow/example_dags/example_latest_only_with_trigger.py took 0.057 seconds
[2022-11-08T20:35:09.096+0900] {processor.py:156} INFO - Started process (PID=11117) to work on /home/steve/.local/lib/python3.8/site-packages/airflow/example_dags/example_latest_only_with_trigger.py
[2022-11-08T20:35:09.098+0900] {processor.py:758} INFO - Processing file /home/steve/.local/lib/python3.8/site-packages/airflow/example_dags/example_latest_only_with_trigger.py for tasks to queue
[2022-11-08T20:35:09.098+0900] {logging_mixin.py:117} INFO - [2022-11-08T20:35:09.098+0900] {dagbag.py:525} INFO - Filling up the DagBag from /home/steve/.local/lib/python3.8/site-packages/airflow/example_dags/example_latest_only_with_trigger.py
[2022-11-08T20:35:09.105+0900] {processor.py:768} INFO - DAG(s) dict_keys(['latest_only_with_trigger']) retrieved from /home/steve/.local/lib/python3.8/site-packages/airflow/example_dags/example_latest_only_with_trigger.py
[2022-11-08T20:35:09.120+0900] {logging_mixin.py:117} INFO - [2022-11-08T20:35:09.120+0900] {dag.py:2573} INFO - Sync 1 DAGs
[2022-11-08T20:35:09.129+0900] {logging_mixin.py:117} INFO - [2022-11-08T20:35:09.129+0900] {dag.py:3324} INFO - Setting next_dagrun for latest_only_with_trigger to 2022-11-08T07:35:09.129521+00:00, run_after=2022-11-08T11:35:09.129521+00:00
[2022-11-08T20:35:09.145+0900] {processor.py:178} INFO - Processing /home/steve/.local/lib/python3.8/site-packages/airflow/example_dags/example_latest_only_with_trigger.py took 0.050 seconds
[2022-11-08T20:35:48.731+0900] {processor.py:156} INFO - Started process (PID=11157) to work on /home/steve/.local/lib/python3.8/site-packages/airflow/example_dags/example_latest_only_with_trigger.py
[2022-11-08T20:35:48.733+0900] {processor.py:758} INFO - Processing file /home/steve/.local/lib/python3.8/site-packages/airflow/example_dags/example_latest_only_with_trigger.py for tasks to queue
[2022-11-08T20:35:48.734+0900] {logging_mixin.py:117} INFO - [2022-11-08T20:35:48.733+0900] {dagbag.py:525} INFO - Filling up the DagBag from /home/steve/.local/lib/python3.8/site-packages/airflow/example_dags/example_latest_only_with_trigger.py
[2022-11-08T20:35:48.741+0900] {processor.py:768} INFO - DAG(s) dict_keys(['latest_only_with_trigger']) retrieved from /home/steve/.local/lib/python3.8/site-packages/airflow/example_dags/example_latest_only_with_trigger.py
[2022-11-08T20:35:48.758+0900] {logging_mixin.py:117} INFO - [2022-11-08T20:35:48.757+0900] {dag.py:2573} INFO - Sync 1 DAGs
[2022-11-08T20:35:48.768+0900] {logging_mixin.py:117} INFO - [2022-11-08T20:35:48.768+0900] {dag.py:3324} INFO - Setting next_dagrun for latest_only_with_trigger to 2022-11-08T07:35:48.768332+00:00, run_after=2022-11-08T11:35:48.768332+00:00
[2022-11-08T20:35:48.785+0900] {processor.py:178} INFO - Processing /home/steve/.local/lib/python3.8/site-packages/airflow/example_dags/example_latest_only_with_trigger.py took 0.056 seconds
[2022-11-08T20:36:23.426+0900] {processor.py:156} INFO - Started process (PID=11193) to work on /home/steve/.local/lib/python3.8/site-packages/airflow/example_dags/example_latest_only_with_trigger.py
[2022-11-08T20:36:23.428+0900] {processor.py:758} INFO - Processing file /home/steve/.local/lib/python3.8/site-packages/airflow/example_dags/example_latest_only_with_trigger.py for tasks to queue
[2022-11-08T20:36:23.429+0900] {logging_mixin.py:117} INFO - [2022-11-08T20:36:23.428+0900] {dagbag.py:525} INFO - Filling up the DagBag from /home/steve/.local/lib/python3.8/site-packages/airflow/example_dags/example_latest_only_with_trigger.py
[2022-11-08T20:36:23.437+0900] {processor.py:768} INFO - DAG(s) dict_keys(['latest_only_with_trigger']) retrieved from /home/steve/.local/lib/python3.8/site-packages/airflow/example_dags/example_latest_only_with_trigger.py
[2022-11-08T20:36:23.452+0900] {logging_mixin.py:117} INFO - [2022-11-08T20:36:23.452+0900] {dag.py:2573} INFO - Sync 1 DAGs
[2022-11-08T20:36:23.463+0900] {logging_mixin.py:117} INFO - [2022-11-08T20:36:23.463+0900] {dag.py:3324} INFO - Setting next_dagrun for latest_only_with_trigger to 2022-11-08T07:36:23.462873+00:00, run_after=2022-11-08T11:36:23.462873+00:00
[2022-11-08T20:36:23.478+0900] {processor.py:178} INFO - Processing /home/steve/.local/lib/python3.8/site-packages/airflow/example_dags/example_latest_only_with_trigger.py took 0.053 seconds
[2022-11-08T20:36:57.907+0900] {processor.py:156} INFO - Started process (PID=11257) to work on /home/steve/.local/lib/python3.8/site-packages/airflow/example_dags/example_latest_only_with_trigger.py
[2022-11-08T20:36:57.908+0900] {processor.py:758} INFO - Processing file /home/steve/.local/lib/python3.8/site-packages/airflow/example_dags/example_latest_only_with_trigger.py for tasks to queue
[2022-11-08T20:36:57.908+0900] {logging_mixin.py:117} INFO - [2022-11-08T20:36:57.908+0900] {dagbag.py:525} INFO - Filling up the DagBag from /home/steve/.local/lib/python3.8/site-packages/airflow/example_dags/example_latest_only_with_trigger.py
[2022-11-08T20:36:57.916+0900] {processor.py:768} INFO - DAG(s) dict_keys(['latest_only_with_trigger']) retrieved from /home/steve/.local/lib/python3.8/site-packages/airflow/example_dags/example_latest_only_with_trigger.py
[2022-11-08T20:36:57.930+0900] {logging_mixin.py:117} INFO - [2022-11-08T20:36:57.930+0900] {dag.py:2573} INFO - Sync 1 DAGs
[2022-11-08T20:36:57.939+0900] {logging_mixin.py:117} INFO - [2022-11-08T20:36:57.939+0900] {dag.py:3324} INFO - Setting next_dagrun for latest_only_with_trigger to 2022-11-08T07:36:57.939653+00:00, run_after=2022-11-08T11:36:57.939653+00:00
[2022-11-08T20:36:57.956+0900] {processor.py:178} INFO - Processing /home/steve/.local/lib/python3.8/site-packages/airflow/example_dags/example_latest_only_with_trigger.py took 0.050 seconds
[2022-11-08T20:37:33.078+0900] {processor.py:156} INFO - Started process (PID=11295) to work on /home/steve/.local/lib/python3.8/site-packages/airflow/example_dags/example_latest_only_with_trigger.py
[2022-11-08T20:37:33.079+0900] {processor.py:758} INFO - Processing file /home/steve/.local/lib/python3.8/site-packages/airflow/example_dags/example_latest_only_with_trigger.py for tasks to queue
[2022-11-08T20:37:33.079+0900] {logging_mixin.py:117} INFO - [2022-11-08T20:37:33.079+0900] {dagbag.py:525} INFO - Filling up the DagBag from /home/steve/.local/lib/python3.8/site-packages/airflow/example_dags/example_latest_only_with_trigger.py
[2022-11-08T20:37:33.087+0900] {processor.py:768} INFO - DAG(s) dict_keys(['latest_only_with_trigger']) retrieved from /home/steve/.local/lib/python3.8/site-packages/airflow/example_dags/example_latest_only_with_trigger.py
[2022-11-08T20:37:33.102+0900] {logging_mixin.py:117} INFO - [2022-11-08T20:37:33.102+0900] {dag.py:2573} INFO - Sync 1 DAGs
[2022-11-08T20:37:33.112+0900] {logging_mixin.py:117} INFO - [2022-11-08T20:37:33.112+0900] {dag.py:3324} INFO - Setting next_dagrun for latest_only_with_trigger to 2022-11-08T07:37:33.112631+00:00, run_after=2022-11-08T11:37:33.112631+00:00
[2022-11-08T20:37:33.128+0900] {processor.py:178} INFO - Processing /home/steve/.local/lib/python3.8/site-packages/airflow/example_dags/example_latest_only_with_trigger.py took 0.051 seconds
[2022-11-08T20:38:09.948+0900] {processor.py:156} INFO - Started process (PID=11334) to work on /home/steve/.local/lib/python3.8/site-packages/airflow/example_dags/example_latest_only_with_trigger.py
[2022-11-08T20:38:09.950+0900] {processor.py:758} INFO - Processing file /home/steve/.local/lib/python3.8/site-packages/airflow/example_dags/example_latest_only_with_trigger.py for tasks to queue
[2022-11-08T20:38:09.951+0900] {logging_mixin.py:117} INFO - [2022-11-08T20:38:09.951+0900] {dagbag.py:525} INFO - Filling up the DagBag from /home/steve/.local/lib/python3.8/site-packages/airflow/example_dags/example_latest_only_with_trigger.py
[2022-11-08T20:38:09.958+0900] {processor.py:768} INFO - DAG(s) dict_keys(['latest_only_with_trigger']) retrieved from /home/steve/.local/lib/python3.8/site-packages/airflow/example_dags/example_latest_only_with_trigger.py
[2022-11-08T20:38:09.972+0900] {logging_mixin.py:117} INFO - [2022-11-08T20:38:09.972+0900] {dag.py:2573} INFO - Sync 1 DAGs
[2022-11-08T20:38:09.982+0900] {logging_mixin.py:117} INFO - [2022-11-08T20:38:09.982+0900] {dag.py:3324} INFO - Setting next_dagrun for latest_only_with_trigger to 2022-11-08T07:38:09.982644+00:00, run_after=2022-11-08T11:38:09.982644+00:00
[2022-11-08T20:38:09.998+0900] {processor.py:178} INFO - Processing /home/steve/.local/lib/python3.8/site-packages/airflow/example_dags/example_latest_only_with_trigger.py took 0.051 seconds
[2022-11-08T20:38:47.757+0900] {processor.py:156} INFO - Started process (PID=11374) to work on /home/steve/.local/lib/python3.8/site-packages/airflow/example_dags/example_latest_only_with_trigger.py
[2022-11-08T20:38:47.759+0900] {processor.py:758} INFO - Processing file /home/steve/.local/lib/python3.8/site-packages/airflow/example_dags/example_latest_only_with_trigger.py for tasks to queue
[2022-11-08T20:38:47.759+0900] {logging_mixin.py:117} INFO - [2022-11-08T20:38:47.759+0900] {dagbag.py:525} INFO - Filling up the DagBag from /home/steve/.local/lib/python3.8/site-packages/airflow/example_dags/example_latest_only_with_trigger.py
[2022-11-08T20:38:47.767+0900] {processor.py:768} INFO - DAG(s) dict_keys(['latest_only_with_trigger']) retrieved from /home/steve/.local/lib/python3.8/site-packages/airflow/example_dags/example_latest_only_with_trigger.py
[2022-11-08T20:38:47.783+0900] {logging_mixin.py:117} INFO - [2022-11-08T20:38:47.783+0900] {dag.py:2573} INFO - Sync 1 DAGs
[2022-11-08T20:38:47.793+0900] {logging_mixin.py:117} INFO - [2022-11-08T20:38:47.793+0900] {dag.py:3324} INFO - Setting next_dagrun for latest_only_with_trigger to 2022-11-08T07:38:47.793423+00:00, run_after=2022-11-08T11:38:47.793423+00:00
[2022-11-08T20:38:47.809+0900] {processor.py:178} INFO - Processing /home/steve/.local/lib/python3.8/site-packages/airflow/example_dags/example_latest_only_with_trigger.py took 0.053 seconds
[2022-11-08T20:39:22.140+0900] {processor.py:156} INFO - Started process (PID=11410) to work on /home/steve/.local/lib/python3.8/site-packages/airflow/example_dags/example_latest_only_with_trigger.py
[2022-11-08T20:39:22.141+0900] {processor.py:758} INFO - Processing file /home/steve/.local/lib/python3.8/site-packages/airflow/example_dags/example_latest_only_with_trigger.py for tasks to queue
[2022-11-08T20:39:22.141+0900] {logging_mixin.py:117} INFO - [2022-11-08T20:39:22.141+0900] {dagbag.py:525} INFO - Filling up the DagBag from /home/steve/.local/lib/python3.8/site-packages/airflow/example_dags/example_latest_only_with_trigger.py
[2022-11-08T20:39:22.148+0900] {processor.py:768} INFO - DAG(s) dict_keys(['latest_only_with_trigger']) retrieved from /home/steve/.local/lib/python3.8/site-packages/airflow/example_dags/example_latest_only_with_trigger.py
[2022-11-08T20:39:22.164+0900] {logging_mixin.py:117} INFO - [2022-11-08T20:39:22.163+0900] {dag.py:2573} INFO - Sync 1 DAGs
[2022-11-08T20:39:22.174+0900] {logging_mixin.py:117} INFO - [2022-11-08T20:39:22.174+0900] {dag.py:3324} INFO - Setting next_dagrun for latest_only_with_trigger to 2022-11-08T07:39:22.173962+00:00, run_after=2022-11-08T11:39:22.173962+00:00
[2022-11-08T20:39:22.190+0900] {processor.py:178} INFO - Processing /home/steve/.local/lib/python3.8/site-packages/airflow/example_dags/example_latest_only_with_trigger.py took 0.052 seconds
[2022-11-08T20:40:00.864+0900] {processor.py:156} INFO - Started process (PID=11448) to work on /home/steve/.local/lib/python3.8/site-packages/airflow/example_dags/example_latest_only_with_trigger.py
[2022-11-08T20:40:00.866+0900] {processor.py:758} INFO - Processing file /home/steve/.local/lib/python3.8/site-packages/airflow/example_dags/example_latest_only_with_trigger.py for tasks to queue
[2022-11-08T20:40:00.867+0900] {logging_mixin.py:117} INFO - [2022-11-08T20:40:00.867+0900] {dagbag.py:525} INFO - Filling up the DagBag from /home/steve/.local/lib/python3.8/site-packages/airflow/example_dags/example_latest_only_with_trigger.py
[2022-11-08T20:40:00.877+0900] {processor.py:768} INFO - DAG(s) dict_keys(['latest_only_with_trigger']) retrieved from /home/steve/.local/lib/python3.8/site-packages/airflow/example_dags/example_latest_only_with_trigger.py
[2022-11-08T20:40:00.894+0900] {logging_mixin.py:117} INFO - [2022-11-08T20:40:00.894+0900] {dag.py:2573} INFO - Sync 1 DAGs
[2022-11-08T20:40:00.905+0900] {logging_mixin.py:117} INFO - [2022-11-08T20:40:00.905+0900] {dag.py:3324} INFO - Setting next_dagrun for latest_only_with_trigger to 2022-11-08T07:40:00.904934+00:00, run_after=2022-11-08T11:40:00.904934+00:00
[2022-11-08T20:40:00.925+0900] {processor.py:178} INFO - Processing /home/steve/.local/lib/python3.8/site-packages/airflow/example_dags/example_latest_only_with_trigger.py took 0.063 seconds
[2022-11-08T20:40:35.685+0900] {processor.py:156} INFO - Started process (PID=11485) to work on /home/steve/.local/lib/python3.8/site-packages/airflow/example_dags/example_latest_only_with_trigger.py
[2022-11-08T20:40:35.685+0900] {processor.py:758} INFO - Processing file /home/steve/.local/lib/python3.8/site-packages/airflow/example_dags/example_latest_only_with_trigger.py for tasks to queue
[2022-11-08T20:40:35.686+0900] {logging_mixin.py:117} INFO - [2022-11-08T20:40:35.686+0900] {dagbag.py:525} INFO - Filling up the DagBag from /home/steve/.local/lib/python3.8/site-packages/airflow/example_dags/example_latest_only_with_trigger.py
[2022-11-08T20:40:35.693+0900] {processor.py:768} INFO - DAG(s) dict_keys(['latest_only_with_trigger']) retrieved from /home/steve/.local/lib/python3.8/site-packages/airflow/example_dags/example_latest_only_with_trigger.py
[2022-11-08T20:40:35.707+0900] {logging_mixin.py:117} INFO - [2022-11-08T20:40:35.707+0900] {dag.py:2573} INFO - Sync 1 DAGs
[2022-11-08T20:40:35.717+0900] {logging_mixin.py:117} INFO - [2022-11-08T20:40:35.717+0900] {dag.py:3324} INFO - Setting next_dagrun for latest_only_with_trigger to 2022-11-08T07:40:35.717319+00:00, run_after=2022-11-08T11:40:35.717319+00:00
[2022-11-08T20:40:35.735+0900] {processor.py:178} INFO - Processing /home/steve/.local/lib/python3.8/site-packages/airflow/example_dags/example_latest_only_with_trigger.py took 0.052 seconds
[2022-11-08T20:41:13.749+0900] {processor.py:156} INFO - Started process (PID=11524) to work on /home/steve/.local/lib/python3.8/site-packages/airflow/example_dags/example_latest_only_with_trigger.py
[2022-11-08T20:41:13.751+0900] {processor.py:758} INFO - Processing file /home/steve/.local/lib/python3.8/site-packages/airflow/example_dags/example_latest_only_with_trigger.py for tasks to queue
[2022-11-08T20:41:13.752+0900] {logging_mixin.py:117} INFO - [2022-11-08T20:41:13.752+0900] {dagbag.py:525} INFO - Filling up the DagBag from /home/steve/.local/lib/python3.8/site-packages/airflow/example_dags/example_latest_only_with_trigger.py
[2022-11-08T20:41:13.760+0900] {processor.py:768} INFO - DAG(s) dict_keys(['latest_only_with_trigger']) retrieved from /home/steve/.local/lib/python3.8/site-packages/airflow/example_dags/example_latest_only_with_trigger.py
[2022-11-08T20:41:13.777+0900] {logging_mixin.py:117} INFO - [2022-11-08T20:41:13.776+0900] {dag.py:2573} INFO - Sync 1 DAGs
[2022-11-08T20:41:13.788+0900] {logging_mixin.py:117} INFO - [2022-11-08T20:41:13.788+0900] {dag.py:3324} INFO - Setting next_dagrun for latest_only_with_trigger to 2022-11-08T07:41:13.788294+00:00, run_after=2022-11-08T11:41:13.788294+00:00
[2022-11-08T20:41:13.805+0900] {processor.py:178} INFO - Processing /home/steve/.local/lib/python3.8/site-packages/airflow/example_dags/example_latest_only_with_trigger.py took 0.057 seconds
[2022-11-08T20:41:48.620+0900] {processor.py:156} INFO - Started process (PID=11560) to work on /home/steve/.local/lib/python3.8/site-packages/airflow/example_dags/example_latest_only_with_trigger.py
[2022-11-08T20:41:48.622+0900] {processor.py:758} INFO - Processing file /home/steve/.local/lib/python3.8/site-packages/airflow/example_dags/example_latest_only_with_trigger.py for tasks to queue
[2022-11-08T20:41:48.622+0900] {logging_mixin.py:117} INFO - [2022-11-08T20:41:48.622+0900] {dagbag.py:525} INFO - Filling up the DagBag from /home/steve/.local/lib/python3.8/site-packages/airflow/example_dags/example_latest_only_with_trigger.py
[2022-11-08T20:41:48.630+0900] {processor.py:768} INFO - DAG(s) dict_keys(['latest_only_with_trigger']) retrieved from /home/steve/.local/lib/python3.8/site-packages/airflow/example_dags/example_latest_only_with_trigger.py
[2022-11-08T20:41:48.645+0900] {logging_mixin.py:117} INFO - [2022-11-08T20:41:48.645+0900] {dag.py:2573} INFO - Sync 1 DAGs
[2022-11-08T20:41:48.655+0900] {logging_mixin.py:117} INFO - [2022-11-08T20:41:48.655+0900] {dag.py:3324} INFO - Setting next_dagrun for latest_only_with_trigger to 2022-11-08T07:41:48.655619+00:00, run_after=2022-11-08T11:41:48.655619+00:00
[2022-11-08T20:41:48.672+0900] {processor.py:178} INFO - Processing /home/steve/.local/lib/python3.8/site-packages/airflow/example_dags/example_latest_only_with_trigger.py took 0.053 seconds
[2022-11-08T20:42:24.409+0900] {processor.py:156} INFO - Started process (PID=11626) to work on /home/steve/.local/lib/python3.8/site-packages/airflow/example_dags/example_latest_only_with_trigger.py
[2022-11-08T20:42:24.410+0900] {processor.py:758} INFO - Processing file /home/steve/.local/lib/python3.8/site-packages/airflow/example_dags/example_latest_only_with_trigger.py for tasks to queue
[2022-11-08T20:42:24.410+0900] {logging_mixin.py:117} INFO - [2022-11-08T20:42:24.410+0900] {dagbag.py:525} INFO - Filling up the DagBag from /home/steve/.local/lib/python3.8/site-packages/airflow/example_dags/example_latest_only_with_trigger.py
[2022-11-08T20:42:24.417+0900] {processor.py:768} INFO - DAG(s) dict_keys(['latest_only_with_trigger']) retrieved from /home/steve/.local/lib/python3.8/site-packages/airflow/example_dags/example_latest_only_with_trigger.py
[2022-11-08T20:42:24.432+0900] {logging_mixin.py:117} INFO - [2022-11-08T20:42:24.432+0900] {dag.py:2573} INFO - Sync 1 DAGs
[2022-11-08T20:42:24.441+0900] {logging_mixin.py:117} INFO - [2022-11-08T20:42:24.441+0900] {dag.py:3324} INFO - Setting next_dagrun for latest_only_with_trigger to 2022-11-08T07:42:24.441314+00:00, run_after=2022-11-08T11:42:24.441314+00:00
[2022-11-08T20:42:24.458+0900] {processor.py:178} INFO - Processing /home/steve/.local/lib/python3.8/site-packages/airflow/example_dags/example_latest_only_with_trigger.py took 0.051 seconds
[2022-11-08T20:43:01.029+0900] {processor.py:156} INFO - Started process (PID=11665) to work on /home/steve/.local/lib/python3.8/site-packages/airflow/example_dags/example_latest_only_with_trigger.py
[2022-11-08T20:43:01.032+0900] {processor.py:758} INFO - Processing file /home/steve/.local/lib/python3.8/site-packages/airflow/example_dags/example_latest_only_with_trigger.py for tasks to queue
[2022-11-08T20:43:01.032+0900] {logging_mixin.py:117} INFO - [2022-11-08T20:43:01.032+0900] {dagbag.py:525} INFO - Filling up the DagBag from /home/steve/.local/lib/python3.8/site-packages/airflow/example_dags/example_latest_only_with_trigger.py
[2022-11-08T20:43:01.040+0900] {processor.py:768} INFO - DAG(s) dict_keys(['latest_only_with_trigger']) retrieved from /home/steve/.local/lib/python3.8/site-packages/airflow/example_dags/example_latest_only_with_trigger.py
[2022-11-08T20:43:01.058+0900] {logging_mixin.py:117} INFO - [2022-11-08T20:43:01.058+0900] {dag.py:2573} INFO - Sync 1 DAGs
[2022-11-08T20:43:01.069+0900] {logging_mixin.py:117} INFO - [2022-11-08T20:43:01.069+0900] {dag.py:3324} INFO - Setting next_dagrun for latest_only_with_trigger to 2022-11-08T07:43:01.069438+00:00, run_after=2022-11-08T11:43:01.069438+00:00
[2022-11-08T20:43:01.089+0900] {processor.py:178} INFO - Processing /home/steve/.local/lib/python3.8/site-packages/airflow/example_dags/example_latest_only_with_trigger.py took 0.063 seconds
[2022-11-08T20:43:36.834+0900] {processor.py:156} INFO - Started process (PID=11701) to work on /home/steve/.local/lib/python3.8/site-packages/airflow/example_dags/example_latest_only_with_trigger.py
[2022-11-08T20:43:36.837+0900] {processor.py:758} INFO - Processing file /home/steve/.local/lib/python3.8/site-packages/airflow/example_dags/example_latest_only_with_trigger.py for tasks to queue
[2022-11-08T20:43:36.837+0900] {logging_mixin.py:117} INFO - [2022-11-08T20:43:36.837+0900] {dagbag.py:525} INFO - Filling up the DagBag from /home/steve/.local/lib/python3.8/site-packages/airflow/example_dags/example_latest_only_with_trigger.py
[2022-11-08T20:43:36.845+0900] {processor.py:768} INFO - DAG(s) dict_keys(['latest_only_with_trigger']) retrieved from /home/steve/.local/lib/python3.8/site-packages/airflow/example_dags/example_latest_only_with_trigger.py
[2022-11-08T20:43:36.861+0900] {logging_mixin.py:117} INFO - [2022-11-08T20:43:36.861+0900] {dag.py:2573} INFO - Sync 1 DAGs
[2022-11-08T20:43:36.871+0900] {logging_mixin.py:117} INFO - [2022-11-08T20:43:36.871+0900] {dag.py:3324} INFO - Setting next_dagrun for latest_only_with_trigger to 2022-11-08T07:43:36.871781+00:00, run_after=2022-11-08T11:43:36.871781+00:00
[2022-11-08T20:43:36.889+0900] {processor.py:178} INFO - Processing /home/steve/.local/lib/python3.8/site-packages/airflow/example_dags/example_latest_only_with_trigger.py took 0.057 seconds
[2022-11-08T20:44:12.465+0900] {processor.py:156} INFO - Started process (PID=11739) to work on /home/steve/.local/lib/python3.8/site-packages/airflow/example_dags/example_latest_only_with_trigger.py
[2022-11-08T20:44:12.466+0900] {processor.py:758} INFO - Processing file /home/steve/.local/lib/python3.8/site-packages/airflow/example_dags/example_latest_only_with_trigger.py for tasks to queue
[2022-11-08T20:44:12.466+0900] {logging_mixin.py:117} INFO - [2022-11-08T20:44:12.466+0900] {dagbag.py:525} INFO - Filling up the DagBag from /home/steve/.local/lib/python3.8/site-packages/airflow/example_dags/example_latest_only_with_trigger.py
[2022-11-08T20:44:12.474+0900] {processor.py:768} INFO - DAG(s) dict_keys(['latest_only_with_trigger']) retrieved from /home/steve/.local/lib/python3.8/site-packages/airflow/example_dags/example_latest_only_with_trigger.py
[2022-11-08T20:44:12.489+0900] {logging_mixin.py:117} INFO - [2022-11-08T20:44:12.489+0900] {dag.py:2573} INFO - Sync 1 DAGs
[2022-11-08T20:44:12.500+0900] {logging_mixin.py:117} INFO - [2022-11-08T20:44:12.500+0900] {dag.py:3324} INFO - Setting next_dagrun for latest_only_with_trigger to 2022-11-08T07:44:12.500154+00:00, run_after=2022-11-08T11:44:12.500154+00:00
[2022-11-08T20:44:12.518+0900] {processor.py:178} INFO - Processing /home/steve/.local/lib/python3.8/site-packages/airflow/example_dags/example_latest_only_with_trigger.py took 0.055 seconds
[2022-11-08T20:44:47.313+0900] {processor.py:156} INFO - Started process (PID=11777) to work on /home/steve/.local/lib/python3.8/site-packages/airflow/example_dags/example_latest_only_with_trigger.py
[2022-11-08T20:44:47.314+0900] {processor.py:758} INFO - Processing file /home/steve/.local/lib/python3.8/site-packages/airflow/example_dags/example_latest_only_with_trigger.py for tasks to queue
[2022-11-08T20:44:47.315+0900] {logging_mixin.py:117} INFO - [2022-11-08T20:44:47.315+0900] {dagbag.py:525} INFO - Filling up the DagBag from /home/steve/.local/lib/python3.8/site-packages/airflow/example_dags/example_latest_only_with_trigger.py
[2022-11-08T20:44:47.324+0900] {processor.py:768} INFO - DAG(s) dict_keys(['latest_only_with_trigger']) retrieved from /home/steve/.local/lib/python3.8/site-packages/airflow/example_dags/example_latest_only_with_trigger.py
[2022-11-08T20:44:47.344+0900] {logging_mixin.py:117} INFO - [2022-11-08T20:44:47.344+0900] {dag.py:2573} INFO - Sync 1 DAGs
[2022-11-08T20:44:47.358+0900] {logging_mixin.py:117} INFO - [2022-11-08T20:44:47.358+0900] {dag.py:3324} INFO - Setting next_dagrun for latest_only_with_trigger to 2022-11-08T07:44:47.358039+00:00, run_after=2022-11-08T11:44:47.358039+00:00
[2022-11-08T20:44:47.379+0900] {processor.py:178} INFO - Processing /home/steve/.local/lib/python3.8/site-packages/airflow/example_dags/example_latest_only_with_trigger.py took 0.067 seconds
[2022-11-08T20:45:25.623+0900] {processor.py:156} INFO - Started process (PID=11814) to work on /home/steve/.local/lib/python3.8/site-packages/airflow/example_dags/example_latest_only_with_trigger.py
[2022-11-08T20:45:25.625+0900] {processor.py:758} INFO - Processing file /home/steve/.local/lib/python3.8/site-packages/airflow/example_dags/example_latest_only_with_trigger.py for tasks to queue
[2022-11-08T20:45:25.625+0900] {logging_mixin.py:117} INFO - [2022-11-08T20:45:25.625+0900] {dagbag.py:525} INFO - Filling up the DagBag from /home/steve/.local/lib/python3.8/site-packages/airflow/example_dags/example_latest_only_with_trigger.py
[2022-11-08T20:45:25.632+0900] {processor.py:768} INFO - DAG(s) dict_keys(['latest_only_with_trigger']) retrieved from /home/steve/.local/lib/python3.8/site-packages/airflow/example_dags/example_latest_only_with_trigger.py
[2022-11-08T20:45:25.647+0900] {logging_mixin.py:117} INFO - [2022-11-08T20:45:25.647+0900] {dag.py:2573} INFO - Sync 1 DAGs
[2022-11-08T20:45:25.657+0900] {logging_mixin.py:117} INFO - [2022-11-08T20:45:25.657+0900] {dag.py:3324} INFO - Setting next_dagrun for latest_only_with_trigger to 2022-11-08T07:45:25.657309+00:00, run_after=2022-11-08T11:45:25.657309+00:00
[2022-11-08T20:45:25.673+0900] {processor.py:178} INFO - Processing /home/steve/.local/lib/python3.8/site-packages/airflow/example_dags/example_latest_only_with_trigger.py took 0.051 seconds
[2022-11-08T20:46:00.454+0900] {processor.py:156} INFO - Started process (PID=11851) to work on /home/steve/.local/lib/python3.8/site-packages/airflow/example_dags/example_latest_only_with_trigger.py
[2022-11-08T20:46:00.457+0900] {processor.py:758} INFO - Processing file /home/steve/.local/lib/python3.8/site-packages/airflow/example_dags/example_latest_only_with_trigger.py for tasks to queue
[2022-11-08T20:46:00.457+0900] {logging_mixin.py:117} INFO - [2022-11-08T20:46:00.457+0900] {dagbag.py:525} INFO - Filling up the DagBag from /home/steve/.local/lib/python3.8/site-packages/airflow/example_dags/example_latest_only_with_trigger.py
[2022-11-08T20:46:00.464+0900] {processor.py:768} INFO - DAG(s) dict_keys(['latest_only_with_trigger']) retrieved from /home/steve/.local/lib/python3.8/site-packages/airflow/example_dags/example_latest_only_with_trigger.py
[2022-11-08T20:46:00.479+0900] {logging_mixin.py:117} INFO - [2022-11-08T20:46:00.479+0900] {dag.py:2573} INFO - Sync 1 DAGs
[2022-11-08T20:46:00.489+0900] {logging_mixin.py:117} INFO - [2022-11-08T20:46:00.488+0900] {dag.py:3324} INFO - Setting next_dagrun for latest_only_with_trigger to 2022-11-08T07:46:00.488818+00:00, run_after=2022-11-08T11:46:00.488818+00:00
[2022-11-08T20:46:00.506+0900] {processor.py:178} INFO - Processing /home/steve/.local/lib/python3.8/site-packages/airflow/example_dags/example_latest_only_with_trigger.py took 0.053 seconds
[2022-11-08T20:46:41.432+0900] {processor.py:156} INFO - Started process (PID=11891) to work on /home/steve/.local/lib/python3.8/site-packages/airflow/example_dags/example_latest_only_with_trigger.py
[2022-11-08T20:46:41.434+0900] {processor.py:758} INFO - Processing file /home/steve/.local/lib/python3.8/site-packages/airflow/example_dags/example_latest_only_with_trigger.py for tasks to queue
[2022-11-08T20:46:41.435+0900] {logging_mixin.py:117} INFO - [2022-11-08T20:46:41.434+0900] {dagbag.py:525} INFO - Filling up the DagBag from /home/steve/.local/lib/python3.8/site-packages/airflow/example_dags/example_latest_only_with_trigger.py
[2022-11-08T20:46:41.443+0900] {processor.py:768} INFO - DAG(s) dict_keys(['latest_only_with_trigger']) retrieved from /home/steve/.local/lib/python3.8/site-packages/airflow/example_dags/example_latest_only_with_trigger.py
[2022-11-08T20:46:41.460+0900] {logging_mixin.py:117} INFO - [2022-11-08T20:46:41.460+0900] {dag.py:2573} INFO - Sync 1 DAGs
[2022-11-08T20:46:41.470+0900] {logging_mixin.py:117} INFO - [2022-11-08T20:46:41.470+0900] {dag.py:3324} INFO - Setting next_dagrun for latest_only_with_trigger to 2022-11-08T07:46:41.470268+00:00, run_after=2022-11-08T11:46:41.470268+00:00
[2022-11-08T20:46:41.486+0900] {processor.py:178} INFO - Processing /home/steve/.local/lib/python3.8/site-packages/airflow/example_dags/example_latest_only_with_trigger.py took 0.056 seconds
[2022-11-08T20:47:14.508+0900] {processor.py:156} INFO - Started process (PID=12039) to work on /home/steve/.local/lib/python3.8/site-packages/airflow/example_dags/example_latest_only_with_trigger.py
[2022-11-08T20:47:14.511+0900] {processor.py:758} INFO - Processing file /home/steve/.local/lib/python3.8/site-packages/airflow/example_dags/example_latest_only_with_trigger.py for tasks to queue
[2022-11-08T20:47:14.511+0900] {logging_mixin.py:117} INFO - [2022-11-08T20:47:14.511+0900] {dagbag.py:525} INFO - Filling up the DagBag from /home/steve/.local/lib/python3.8/site-packages/airflow/example_dags/example_latest_only_with_trigger.py
[2022-11-08T20:47:14.521+0900] {processor.py:768} INFO - DAG(s) dict_keys(['latest_only_with_trigger']) retrieved from /home/steve/.local/lib/python3.8/site-packages/airflow/example_dags/example_latest_only_with_trigger.py
[2022-11-08T20:47:14.540+0900] {logging_mixin.py:117} INFO - [2022-11-08T20:47:14.540+0900] {dag.py:2573} INFO - Sync 1 DAGs
[2022-11-08T20:47:14.556+0900] {logging_mixin.py:117} INFO - [2022-11-08T20:47:14.556+0900] {dag.py:3324} INFO - Setting next_dagrun for latest_only_with_trigger to 2022-11-08T07:47:14.556529+00:00, run_after=2022-11-08T11:47:14.556529+00:00
[2022-11-08T20:47:14.575+0900] {processor.py:178} INFO - Processing /home/steve/.local/lib/python3.8/site-packages/airflow/example_dags/example_latest_only_with_trigger.py took 0.068 seconds
[2022-11-08T20:47:51.285+0900] {processor.py:156} INFO - Started process (PID=12251) to work on /home/steve/.local/lib/python3.8/site-packages/airflow/example_dags/example_latest_only_with_trigger.py
[2022-11-08T20:47:51.287+0900] {processor.py:758} INFO - Processing file /home/steve/.local/lib/python3.8/site-packages/airflow/example_dags/example_latest_only_with_trigger.py for tasks to queue
[2022-11-08T20:47:51.288+0900] {logging_mixin.py:117} INFO - [2022-11-08T20:47:51.287+0900] {dagbag.py:525} INFO - Filling up the DagBag from /home/steve/.local/lib/python3.8/site-packages/airflow/example_dags/example_latest_only_with_trigger.py
[2022-11-08T20:47:51.295+0900] {processor.py:768} INFO - DAG(s) dict_keys(['latest_only_with_trigger']) retrieved from /home/steve/.local/lib/python3.8/site-packages/airflow/example_dags/example_latest_only_with_trigger.py
[2022-11-08T20:47:51.312+0900] {logging_mixin.py:117} INFO - [2022-11-08T20:47:51.312+0900] {dag.py:2573} INFO - Sync 1 DAGs
[2022-11-08T20:47:51.324+0900] {logging_mixin.py:117} INFO - [2022-11-08T20:47:51.323+0900] {dag.py:3324} INFO - Setting next_dagrun for latest_only_with_trigger to 2022-11-08T07:47:51.323768+00:00, run_after=2022-11-08T11:47:51.323768+00:00
[2022-11-08T20:47:51.343+0900] {processor.py:178} INFO - Processing /home/steve/.local/lib/python3.8/site-packages/airflow/example_dags/example_latest_only_with_trigger.py took 0.060 seconds
[2022-11-08T20:48:30.600+0900] {processor.py:156} INFO - Started process (PID=12291) to work on /home/steve/.local/lib/python3.8/site-packages/airflow/example_dags/example_latest_only_with_trigger.py
[2022-11-08T20:48:30.602+0900] {processor.py:758} INFO - Processing file /home/steve/.local/lib/python3.8/site-packages/airflow/example_dags/example_latest_only_with_trigger.py for tasks to queue
[2022-11-08T20:48:30.602+0900] {logging_mixin.py:117} INFO - [2022-11-08T20:48:30.602+0900] {dagbag.py:525} INFO - Filling up the DagBag from /home/steve/.local/lib/python3.8/site-packages/airflow/example_dags/example_latest_only_with_trigger.py
[2022-11-08T20:48:30.610+0900] {processor.py:768} INFO - DAG(s) dict_keys(['latest_only_with_trigger']) retrieved from /home/steve/.local/lib/python3.8/site-packages/airflow/example_dags/example_latest_only_with_trigger.py
[2022-11-08T20:48:30.628+0900] {logging_mixin.py:117} INFO - [2022-11-08T20:48:30.628+0900] {dag.py:2573} INFO - Sync 1 DAGs
[2022-11-08T20:48:30.640+0900] {logging_mixin.py:117} INFO - [2022-11-08T20:48:30.640+0900] {dag.py:3324} INFO - Setting next_dagrun for latest_only_with_trigger to 2022-11-08T07:48:30.640445+00:00, run_after=2022-11-08T11:48:30.640445+00:00
[2022-11-08T20:48:30.657+0900] {processor.py:178} INFO - Processing /home/steve/.local/lib/python3.8/site-packages/airflow/example_dags/example_latest_only_with_trigger.py took 0.059 seconds
[2022-11-08T20:49:04.656+0900] {processor.py:156} INFO - Started process (PID=12327) to work on /home/steve/.local/lib/python3.8/site-packages/airflow/example_dags/example_latest_only_with_trigger.py
[2022-11-08T20:49:04.658+0900] {processor.py:758} INFO - Processing file /home/steve/.local/lib/python3.8/site-packages/airflow/example_dags/example_latest_only_with_trigger.py for tasks to queue
[2022-11-08T20:49:04.658+0900] {logging_mixin.py:117} INFO - [2022-11-08T20:49:04.658+0900] {dagbag.py:525} INFO - Filling up the DagBag from /home/steve/.local/lib/python3.8/site-packages/airflow/example_dags/example_latest_only_with_trigger.py
[2022-11-08T20:49:04.668+0900] {processor.py:768} INFO - DAG(s) dict_keys(['latest_only_with_trigger']) retrieved from /home/steve/.local/lib/python3.8/site-packages/airflow/example_dags/example_latest_only_with_trigger.py
[2022-11-08T20:49:04.686+0900] {logging_mixin.py:117} INFO - [2022-11-08T20:49:04.686+0900] {dag.py:2573} INFO - Sync 1 DAGs
[2022-11-08T20:49:04.698+0900] {logging_mixin.py:117} INFO - [2022-11-08T20:49:04.697+0900] {dag.py:3324} INFO - Setting next_dagrun for latest_only_with_trigger to 2022-11-08T07:49:04.697572+00:00, run_after=2022-11-08T11:49:04.697572+00:00
[2022-11-08T20:49:04.714+0900] {processor.py:178} INFO - Processing /home/steve/.local/lib/python3.8/site-packages/airflow/example_dags/example_latest_only_with_trigger.py took 0.060 seconds
[2022-11-08T20:49:40.334+0900] {processor.py:156} INFO - Started process (PID=12364) to work on /home/steve/.local/lib/python3.8/site-packages/airflow/example_dags/example_latest_only_with_trigger.py
[2022-11-08T20:49:40.335+0900] {processor.py:758} INFO - Processing file /home/steve/.local/lib/python3.8/site-packages/airflow/example_dags/example_latest_only_with_trigger.py for tasks to queue
[2022-11-08T20:49:40.336+0900] {logging_mixin.py:117} INFO - [2022-11-08T20:49:40.336+0900] {dagbag.py:525} INFO - Filling up the DagBag from /home/steve/.local/lib/python3.8/site-packages/airflow/example_dags/example_latest_only_with_trigger.py
[2022-11-08T20:49:40.345+0900] {processor.py:768} INFO - DAG(s) dict_keys(['latest_only_with_trigger']) retrieved from /home/steve/.local/lib/python3.8/site-packages/airflow/example_dags/example_latest_only_with_trigger.py
[2022-11-08T20:49:40.362+0900] {logging_mixin.py:117} INFO - [2022-11-08T20:49:40.362+0900] {dag.py:2573} INFO - Sync 1 DAGs
[2022-11-08T20:49:40.374+0900] {logging_mixin.py:117} INFO - [2022-11-08T20:49:40.374+0900] {dag.py:3324} INFO - Setting next_dagrun for latest_only_with_trigger to 2022-11-08T07:49:40.373866+00:00, run_after=2022-11-08T11:49:40.373866+00:00
[2022-11-08T20:49:40.391+0900] {processor.py:178} INFO - Processing /home/steve/.local/lib/python3.8/site-packages/airflow/example_dags/example_latest_only_with_trigger.py took 0.058 seconds
[2022-11-08T20:50:16.682+0900] {processor.py:156} INFO - Started process (PID=12402) to work on /home/steve/.local/lib/python3.8/site-packages/airflow/example_dags/example_latest_only_with_trigger.py
[2022-11-08T20:50:16.684+0900] {processor.py:758} INFO - Processing file /home/steve/.local/lib/python3.8/site-packages/airflow/example_dags/example_latest_only_with_trigger.py for tasks to queue
[2022-11-08T20:50:16.684+0900] {logging_mixin.py:117} INFO - [2022-11-08T20:50:16.684+0900] {dagbag.py:525} INFO - Filling up the DagBag from /home/steve/.local/lib/python3.8/site-packages/airflow/example_dags/example_latest_only_with_trigger.py
[2022-11-08T20:50:16.693+0900] {processor.py:768} INFO - DAG(s) dict_keys(['latest_only_with_trigger']) retrieved from /home/steve/.local/lib/python3.8/site-packages/airflow/example_dags/example_latest_only_with_trigger.py
[2022-11-08T20:50:16.713+0900] {logging_mixin.py:117} INFO - [2022-11-08T20:50:16.713+0900] {dag.py:2573} INFO - Sync 1 DAGs
[2022-11-08T20:50:16.726+0900] {logging_mixin.py:117} INFO - [2022-11-08T20:50:16.726+0900] {dag.py:3324} INFO - Setting next_dagrun for latest_only_with_trigger to 2022-11-08T07:50:16.726187+00:00, run_after=2022-11-08T11:50:16.726187+00:00
[2022-11-08T20:50:16.742+0900] {processor.py:178} INFO - Processing /home/steve/.local/lib/python3.8/site-packages/airflow/example_dags/example_latest_only_with_trigger.py took 0.063 seconds
[2022-11-08T20:50:53.929+0900] {processor.py:156} INFO - Started process (PID=12688) to work on /home/steve/.local/lib/python3.8/site-packages/airflow/example_dags/example_latest_only_with_trigger.py
[2022-11-08T20:50:53.930+0900] {processor.py:758} INFO - Processing file /home/steve/.local/lib/python3.8/site-packages/airflow/example_dags/example_latest_only_with_trigger.py for tasks to queue
[2022-11-08T20:50:53.930+0900] {logging_mixin.py:117} INFO - [2022-11-08T20:50:53.930+0900] {dagbag.py:525} INFO - Filling up the DagBag from /home/steve/.local/lib/python3.8/site-packages/airflow/example_dags/example_latest_only_with_trigger.py
[2022-11-08T20:50:53.941+0900] {processor.py:768} INFO - DAG(s) dict_keys(['latest_only_with_trigger']) retrieved from /home/steve/.local/lib/python3.8/site-packages/airflow/example_dags/example_latest_only_with_trigger.py
[2022-11-08T20:50:53.963+0900] {logging_mixin.py:117} INFO - [2022-11-08T20:50:53.963+0900] {dag.py:2573} INFO - Sync 1 DAGs
[2022-11-08T20:50:53.977+0900] {logging_mixin.py:117} INFO - [2022-11-08T20:50:53.976+0900] {dag.py:3324} INFO - Setting next_dagrun for latest_only_with_trigger to 2022-11-08T07:50:53.976511+00:00, run_after=2022-11-08T11:50:53.976511+00:00
[2022-11-08T20:50:54.004+0900] {processor.py:178} INFO - Processing /home/steve/.local/lib/python3.8/site-packages/airflow/example_dags/example_latest_only_with_trigger.py took 0.076 seconds
