[2022-11-08T19:44:54.705+0900] {processor.py:156} INFO - Started process (PID=7396) to work on /home/steve/.local/lib/python3.8/site-packages/airflow/example_dags/example_branch_operator_decorator.py
[2022-11-08T19:44:54.705+0900] {processor.py:758} INFO - Processing file /home/steve/.local/lib/python3.8/site-packages/airflow/example_dags/example_branch_operator_decorator.py for tasks to queue
[2022-11-08T19:44:54.705+0900] {logging_mixin.py:117} INFO - [2022-11-08T19:44:54.705+0900] {dagbag.py:525} INFO - Filling up the DagBag from /home/steve/.local/lib/python3.8/site-packages/airflow/example_dags/example_branch_operator_decorator.py
[2022-11-08T19:44:54.718+0900] {processor.py:768} INFO - DAG(s) dict_keys(['example_branch_python_operator_decorator']) retrieved from /home/steve/.local/lib/python3.8/site-packages/airflow/example_dags/example_branch_operator_decorator.py
[2022-11-08T19:44:54.854+0900] {logging_mixin.py:117} INFO - [2022-11-08T19:44:54.854+0900] {manager.py:507} INFO - Created Permission View: can edit on DAG:example_branch_python_operator_decorator
[2022-11-08T19:44:54.863+0900] {logging_mixin.py:117} INFO - [2022-11-08T19:44:54.863+0900] {manager.py:507} INFO - Created Permission View: can delete on DAG:example_branch_python_operator_decorator
[2022-11-08T19:44:54.872+0900] {logging_mixin.py:117} INFO - [2022-11-08T19:44:54.872+0900] {manager.py:507} INFO - Created Permission View: can read on DAG:example_branch_python_operator_decorator
[2022-11-08T19:44:54.872+0900] {logging_mixin.py:117} INFO - [2022-11-08T19:44:54.872+0900] {dag.py:2573} INFO - Sync 1 DAGs
[2022-11-08T19:44:54.877+0900] {logging_mixin.py:117} INFO - [2022-11-08T19:44:54.877+0900] {dag.py:2594} INFO - Creating ORM DAG for example_branch_python_operator_decorator
[2022-11-08T19:44:54.882+0900] {logging_mixin.py:117} INFO - [2022-11-08T19:44:54.882+0900] {dag.py:3324} INFO - Setting next_dagrun for example_branch_python_operator_decorator to 2022-11-07T00:00:00+00:00, run_after=2022-11-08T00:00:00+00:00
[2022-11-08T19:44:54.895+0900] {processor.py:178} INFO - Processing /home/steve/.local/lib/python3.8/site-packages/airflow/example_dags/example_branch_operator_decorator.py took 0.192 seconds
[2022-11-08T19:45:31.057+0900] {processor.py:156} INFO - Started process (PID=7661) to work on /home/steve/.local/lib/python3.8/site-packages/airflow/example_dags/example_branch_operator_decorator.py
[2022-11-08T19:45:31.059+0900] {processor.py:758} INFO - Processing file /home/steve/.local/lib/python3.8/site-packages/airflow/example_dags/example_branch_operator_decorator.py for tasks to queue
[2022-11-08T19:45:31.059+0900] {logging_mixin.py:117} INFO - [2022-11-08T19:45:31.059+0900] {dagbag.py:525} INFO - Filling up the DagBag from /home/steve/.local/lib/python3.8/site-packages/airflow/example_dags/example_branch_operator_decorator.py
[2022-11-08T19:45:31.073+0900] {processor.py:768} INFO - DAG(s) dict_keys(['example_branch_python_operator_decorator']) retrieved from /home/steve/.local/lib/python3.8/site-packages/airflow/example_dags/example_branch_operator_decorator.py
[2022-11-08T19:45:31.088+0900] {logging_mixin.py:117} INFO - [2022-11-08T19:45:31.088+0900] {dag.py:2573} INFO - Sync 1 DAGs
[2022-11-08T19:45:31.098+0900] {logging_mixin.py:117} INFO - [2022-11-08T19:45:31.098+0900] {dag.py:3324} INFO - Setting next_dagrun for example_branch_python_operator_decorator to 2022-11-07T00:00:00+00:00, run_after=2022-11-08T00:00:00+00:00
[2022-11-08T19:45:31.114+0900] {processor.py:178} INFO - Processing /home/steve/.local/lib/python3.8/site-packages/airflow/example_dags/example_branch_operator_decorator.py took 0.058 seconds
[2022-11-08T19:46:06.643+0900] {processor.py:156} INFO - Started process (PID=7795) to work on /home/steve/.local/lib/python3.8/site-packages/airflow/example_dags/example_branch_operator_decorator.py
[2022-11-08T19:46:06.645+0900] {processor.py:758} INFO - Processing file /home/steve/.local/lib/python3.8/site-packages/airflow/example_dags/example_branch_operator_decorator.py for tasks to queue
[2022-11-08T19:46:06.645+0900] {logging_mixin.py:117} INFO - [2022-11-08T19:46:06.645+0900] {dagbag.py:525} INFO - Filling up the DagBag from /home/steve/.local/lib/python3.8/site-packages/airflow/example_dags/example_branch_operator_decorator.py
[2022-11-08T19:46:06.659+0900] {processor.py:768} INFO - DAG(s) dict_keys(['example_branch_python_operator_decorator']) retrieved from /home/steve/.local/lib/python3.8/site-packages/airflow/example_dags/example_branch_operator_decorator.py
[2022-11-08T19:46:06.674+0900] {logging_mixin.py:117} INFO - [2022-11-08T19:46:06.674+0900] {dag.py:2573} INFO - Sync 1 DAGs
[2022-11-08T19:46:06.685+0900] {logging_mixin.py:117} INFO - [2022-11-08T19:46:06.685+0900] {dag.py:3324} INFO - Setting next_dagrun for example_branch_python_operator_decorator to 2022-11-07T00:00:00+00:00, run_after=2022-11-08T00:00:00+00:00
[2022-11-08T19:46:06.702+0900] {processor.py:178} INFO - Processing /home/steve/.local/lib/python3.8/site-packages/airflow/example_dags/example_branch_operator_decorator.py took 0.061 seconds
[2022-11-08T19:46:43.111+0900] {processor.py:156} INFO - Started process (PID=7831) to work on /home/steve/.local/lib/python3.8/site-packages/airflow/example_dags/example_branch_operator_decorator.py
[2022-11-08T19:46:43.113+0900] {processor.py:758} INFO - Processing file /home/steve/.local/lib/python3.8/site-packages/airflow/example_dags/example_branch_operator_decorator.py for tasks to queue
[2022-11-08T19:46:43.114+0900] {logging_mixin.py:117} INFO - [2022-11-08T19:46:43.113+0900] {dagbag.py:525} INFO - Filling up the DagBag from /home/steve/.local/lib/python3.8/site-packages/airflow/example_dags/example_branch_operator_decorator.py
[2022-11-08T19:46:43.126+0900] {processor.py:768} INFO - DAG(s) dict_keys(['example_branch_python_operator_decorator']) retrieved from /home/steve/.local/lib/python3.8/site-packages/airflow/example_dags/example_branch_operator_decorator.py
[2022-11-08T19:46:43.141+0900] {logging_mixin.py:117} INFO - [2022-11-08T19:46:43.140+0900] {dag.py:2573} INFO - Sync 1 DAGs
[2022-11-08T19:46:43.151+0900] {logging_mixin.py:117} INFO - [2022-11-08T19:46:43.151+0900] {dag.py:3324} INFO - Setting next_dagrun for example_branch_python_operator_decorator to 2022-11-07T00:00:00+00:00, run_after=2022-11-08T00:00:00+00:00
[2022-11-08T19:46:43.232+0900] {processor.py:178} INFO - Processing /home/steve/.local/lib/python3.8/site-packages/airflow/example_dags/example_branch_operator_decorator.py took 0.122 seconds
[2022-11-08T19:47:19.735+0900] {processor.py:156} INFO - Started process (PID=7909) to work on /home/steve/.local/lib/python3.8/site-packages/airflow/example_dags/example_branch_operator_decorator.py
[2022-11-08T19:47:19.736+0900] {processor.py:758} INFO - Processing file /home/steve/.local/lib/python3.8/site-packages/airflow/example_dags/example_branch_operator_decorator.py for tasks to queue
[2022-11-08T19:47:19.736+0900] {logging_mixin.py:117} INFO - [2022-11-08T19:47:19.736+0900] {dagbag.py:525} INFO - Filling up the DagBag from /home/steve/.local/lib/python3.8/site-packages/airflow/example_dags/example_branch_operator_decorator.py
[2022-11-08T19:47:19.749+0900] {processor.py:768} INFO - DAG(s) dict_keys(['example_branch_python_operator_decorator']) retrieved from /home/steve/.local/lib/python3.8/site-packages/airflow/example_dags/example_branch_operator_decorator.py
[2022-11-08T19:47:19.764+0900] {logging_mixin.py:117} INFO - [2022-11-08T19:47:19.764+0900] {dag.py:2573} INFO - Sync 1 DAGs
[2022-11-08T19:47:19.840+0900] {logging_mixin.py:117} INFO - [2022-11-08T19:47:19.839+0900] {dag.py:3324} INFO - Setting next_dagrun for example_branch_python_operator_decorator to 2022-11-07T00:00:00+00:00, run_after=2022-11-08T00:00:00+00:00
[2022-11-08T19:47:19.855+0900] {processor.py:178} INFO - Processing /home/steve/.local/lib/python3.8/site-packages/airflow/example_dags/example_branch_operator_decorator.py took 0.122 seconds
[2022-11-08T19:47:56.485+0900] {processor.py:156} INFO - Started process (PID=7945) to work on /home/steve/.local/lib/python3.8/site-packages/airflow/example_dags/example_branch_operator_decorator.py
[2022-11-08T19:47:56.487+0900] {processor.py:758} INFO - Processing file /home/steve/.local/lib/python3.8/site-packages/airflow/example_dags/example_branch_operator_decorator.py for tasks to queue
[2022-11-08T19:47:56.487+0900] {logging_mixin.py:117} INFO - [2022-11-08T19:47:56.487+0900] {dagbag.py:525} INFO - Filling up the DagBag from /home/steve/.local/lib/python3.8/site-packages/airflow/example_dags/example_branch_operator_decorator.py
[2022-11-08T19:47:56.500+0900] {processor.py:768} INFO - DAG(s) dict_keys(['example_branch_python_operator_decorator']) retrieved from /home/steve/.local/lib/python3.8/site-packages/airflow/example_dags/example_branch_operator_decorator.py
[2022-11-08T19:47:56.516+0900] {logging_mixin.py:117} INFO - [2022-11-08T19:47:56.516+0900] {dag.py:2573} INFO - Sync 1 DAGs
[2022-11-08T19:47:56.597+0900] {logging_mixin.py:117} INFO - [2022-11-08T19:47:56.597+0900] {dag.py:3324} INFO - Setting next_dagrun for example_branch_python_operator_decorator to 2022-11-07T00:00:00+00:00, run_after=2022-11-08T00:00:00+00:00
[2022-11-08T19:47:56.613+0900] {processor.py:178} INFO - Processing /home/steve/.local/lib/python3.8/site-packages/airflow/example_dags/example_branch_operator_decorator.py took 0.130 seconds
[2022-11-08T19:48:35.450+0900] {processor.py:156} INFO - Started process (PID=7982) to work on /home/steve/.local/lib/python3.8/site-packages/airflow/example_dags/example_branch_operator_decorator.py
[2022-11-08T19:48:35.452+0900] {processor.py:758} INFO - Processing file /home/steve/.local/lib/python3.8/site-packages/airflow/example_dags/example_branch_operator_decorator.py for tasks to queue
[2022-11-08T19:48:35.453+0900] {logging_mixin.py:117} INFO - [2022-11-08T19:48:35.453+0900] {dagbag.py:525} INFO - Filling up the DagBag from /home/steve/.local/lib/python3.8/site-packages/airflow/example_dags/example_branch_operator_decorator.py
[2022-11-08T19:48:35.465+0900] {processor.py:768} INFO - DAG(s) dict_keys(['example_branch_python_operator_decorator']) retrieved from /home/steve/.local/lib/python3.8/site-packages/airflow/example_dags/example_branch_operator_decorator.py
[2022-11-08T19:48:35.480+0900] {logging_mixin.py:117} INFO - [2022-11-08T19:48:35.480+0900] {dag.py:2573} INFO - Sync 1 DAGs
[2022-11-08T19:48:35.554+0900] {logging_mixin.py:117} INFO - [2022-11-08T19:48:35.554+0900] {dag.py:3324} INFO - Setting next_dagrun for example_branch_python_operator_decorator to 2022-11-07T00:00:00+00:00, run_after=2022-11-08T00:00:00+00:00
[2022-11-08T19:48:35.570+0900] {processor.py:178} INFO - Processing /home/steve/.local/lib/python3.8/site-packages/airflow/example_dags/example_branch_operator_decorator.py took 0.121 seconds
[2022-11-08T19:49:11.679+0900] {processor.py:156} INFO - Started process (PID=8017) to work on /home/steve/.local/lib/python3.8/site-packages/airflow/example_dags/example_branch_operator_decorator.py
[2022-11-08T19:49:11.680+0900] {processor.py:758} INFO - Processing file /home/steve/.local/lib/python3.8/site-packages/airflow/example_dags/example_branch_operator_decorator.py for tasks to queue
[2022-11-08T19:49:11.680+0900] {logging_mixin.py:117} INFO - [2022-11-08T19:49:11.680+0900] {dagbag.py:525} INFO - Filling up the DagBag from /home/steve/.local/lib/python3.8/site-packages/airflow/example_dags/example_branch_operator_decorator.py
[2022-11-08T19:49:11.693+0900] {processor.py:768} INFO - DAG(s) dict_keys(['example_branch_python_operator_decorator']) retrieved from /home/steve/.local/lib/python3.8/site-packages/airflow/example_dags/example_branch_operator_decorator.py
[2022-11-08T19:49:11.773+0900] {logging_mixin.py:117} INFO - [2022-11-08T19:49:11.772+0900] {dag.py:2573} INFO - Sync 1 DAGs
[2022-11-08T19:49:11.782+0900] {logging_mixin.py:117} INFO - [2022-11-08T19:49:11.782+0900] {dag.py:3324} INFO - Setting next_dagrun for example_branch_python_operator_decorator to 2022-11-07T00:00:00+00:00, run_after=2022-11-08T00:00:00+00:00
[2022-11-08T19:49:11.798+0900] {processor.py:178} INFO - Processing /home/steve/.local/lib/python3.8/site-packages/airflow/example_dags/example_branch_operator_decorator.py took 0.120 seconds
[2022-11-08T19:49:48.112+0900] {processor.py:156} INFO - Started process (PID=8080) to work on /home/steve/.local/lib/python3.8/site-packages/airflow/example_dags/example_branch_operator_decorator.py
[2022-11-08T19:49:48.114+0900] {processor.py:758} INFO - Processing file /home/steve/.local/lib/python3.8/site-packages/airflow/example_dags/example_branch_operator_decorator.py for tasks to queue
[2022-11-08T19:49:48.115+0900] {logging_mixin.py:117} INFO - [2022-11-08T19:49:48.115+0900] {dagbag.py:525} INFO - Filling up the DagBag from /home/steve/.local/lib/python3.8/site-packages/airflow/example_dags/example_branch_operator_decorator.py
[2022-11-08T19:49:48.127+0900] {processor.py:768} INFO - DAG(s) dict_keys(['example_branch_python_operator_decorator']) retrieved from /home/steve/.local/lib/python3.8/site-packages/airflow/example_dags/example_branch_operator_decorator.py
[2022-11-08T19:49:48.208+0900] {logging_mixin.py:117} INFO - [2022-11-08T19:49:48.208+0900] {dag.py:2573} INFO - Sync 1 DAGs
[2022-11-08T19:49:48.217+0900] {logging_mixin.py:117} INFO - [2022-11-08T19:49:48.217+0900] {dag.py:3324} INFO - Setting next_dagrun for example_branch_python_operator_decorator to 2022-11-07T00:00:00+00:00, run_after=2022-11-08T00:00:00+00:00
[2022-11-08T19:49:48.234+0900] {processor.py:178} INFO - Processing /home/steve/.local/lib/python3.8/site-packages/airflow/example_dags/example_branch_operator_decorator.py took 0.123 seconds
[2022-11-08T19:50:22.874+0900] {processor.py:156} INFO - Started process (PID=8114) to work on /home/steve/.local/lib/python3.8/site-packages/airflow/example_dags/example_branch_operator_decorator.py
[2022-11-08T19:50:22.876+0900] {processor.py:758} INFO - Processing file /home/steve/.local/lib/python3.8/site-packages/airflow/example_dags/example_branch_operator_decorator.py for tasks to queue
[2022-11-08T19:50:22.876+0900] {logging_mixin.py:117} INFO - [2022-11-08T19:50:22.876+0900] {dagbag.py:525} INFO - Filling up the DagBag from /home/steve/.local/lib/python3.8/site-packages/airflow/example_dags/example_branch_operator_decorator.py
[2022-11-08T19:50:22.889+0900] {processor.py:768} INFO - DAG(s) dict_keys(['example_branch_python_operator_decorator']) retrieved from /home/steve/.local/lib/python3.8/site-packages/airflow/example_dags/example_branch_operator_decorator.py
[2022-11-08T19:50:22.968+0900] {logging_mixin.py:117} INFO - [2022-11-08T19:50:22.968+0900] {dag.py:2573} INFO - Sync 1 DAGs
[2022-11-08T19:50:22.977+0900] {logging_mixin.py:117} INFO - [2022-11-08T19:50:22.977+0900] {dag.py:3324} INFO - Setting next_dagrun for example_branch_python_operator_decorator to 2022-11-07T00:00:00+00:00, run_after=2022-11-08T00:00:00+00:00
[2022-11-08T19:50:22.993+0900] {processor.py:178} INFO - Processing /home/steve/.local/lib/python3.8/site-packages/airflow/example_dags/example_branch_operator_decorator.py took 0.121 seconds
[2022-11-08T19:50:57.792+0900] {processor.py:156} INFO - Started process (PID=8148) to work on /home/steve/.local/lib/python3.8/site-packages/airflow/example_dags/example_branch_operator_decorator.py
[2022-11-08T19:50:57.794+0900] {processor.py:758} INFO - Processing file /home/steve/.local/lib/python3.8/site-packages/airflow/example_dags/example_branch_operator_decorator.py for tasks to queue
[2022-11-08T19:50:57.795+0900] {logging_mixin.py:117} INFO - [2022-11-08T19:50:57.795+0900] {dagbag.py:525} INFO - Filling up the DagBag from /home/steve/.local/lib/python3.8/site-packages/airflow/example_dags/example_branch_operator_decorator.py
[2022-11-08T19:50:57.874+0900] {processor.py:768} INFO - DAG(s) dict_keys(['example_branch_python_operator_decorator']) retrieved from /home/steve/.local/lib/python3.8/site-packages/airflow/example_dags/example_branch_operator_decorator.py
[2022-11-08T19:50:57.886+0900] {logging_mixin.py:117} INFO - [2022-11-08T19:50:57.886+0900] {dag.py:2573} INFO - Sync 1 DAGs
[2022-11-08T19:50:57.896+0900] {logging_mixin.py:117} INFO - [2022-11-08T19:50:57.896+0900] {dag.py:3324} INFO - Setting next_dagrun for example_branch_python_operator_decorator to 2022-11-07T00:00:00+00:00, run_after=2022-11-08T00:00:00+00:00
[2022-11-08T19:50:57.911+0900] {processor.py:178} INFO - Processing /home/steve/.local/lib/python3.8/site-packages/airflow/example_dags/example_branch_operator_decorator.py took 0.120 seconds
[2022-11-08T19:51:33.154+0900] {processor.py:156} INFO - Started process (PID=8182) to work on /home/steve/.local/lib/python3.8/site-packages/airflow/example_dags/example_branch_operator_decorator.py
[2022-11-08T19:51:33.156+0900] {processor.py:758} INFO - Processing file /home/steve/.local/lib/python3.8/site-packages/airflow/example_dags/example_branch_operator_decorator.py for tasks to queue
[2022-11-08T19:51:33.156+0900] {logging_mixin.py:117} INFO - [2022-11-08T19:51:33.156+0900] {dagbag.py:525} INFO - Filling up the DagBag from /home/steve/.local/lib/python3.8/site-packages/airflow/example_dags/example_branch_operator_decorator.py
[2022-11-08T19:51:33.236+0900] {processor.py:768} INFO - DAG(s) dict_keys(['example_branch_python_operator_decorator']) retrieved from /home/steve/.local/lib/python3.8/site-packages/airflow/example_dags/example_branch_operator_decorator.py
[2022-11-08T19:51:33.248+0900] {logging_mixin.py:117} INFO - [2022-11-08T19:51:33.248+0900] {dag.py:2573} INFO - Sync 1 DAGs
[2022-11-08T19:51:33.258+0900] {logging_mixin.py:117} INFO - [2022-11-08T19:51:33.258+0900] {dag.py:3324} INFO - Setting next_dagrun for example_branch_python_operator_decorator to 2022-11-07T00:00:00+00:00, run_after=2022-11-08T00:00:00+00:00
[2022-11-08T19:51:33.274+0900] {processor.py:178} INFO - Processing /home/steve/.local/lib/python3.8/site-packages/airflow/example_dags/example_branch_operator_decorator.py took 0.122 seconds
[2022-11-08T19:52:08.424+0900] {processor.py:156} INFO - Started process (PID=8219) to work on /home/steve/.local/lib/python3.8/site-packages/airflow/example_dags/example_branch_operator_decorator.py
[2022-11-08T19:52:08.426+0900] {processor.py:758} INFO - Processing file /home/steve/.local/lib/python3.8/site-packages/airflow/example_dags/example_branch_operator_decorator.py for tasks to queue
[2022-11-08T19:52:08.427+0900] {logging_mixin.py:117} INFO - [2022-11-08T19:52:08.427+0900] {dagbag.py:525} INFO - Filling up the DagBag from /home/steve/.local/lib/python3.8/site-packages/airflow/example_dags/example_branch_operator_decorator.py
[2022-11-08T19:52:08.440+0900] {processor.py:768} INFO - DAG(s) dict_keys(['example_branch_python_operator_decorator']) retrieved from /home/steve/.local/lib/python3.8/site-packages/airflow/example_dags/example_branch_operator_decorator.py
[2022-11-08T19:52:08.455+0900] {logging_mixin.py:117} INFO - [2022-11-08T19:52:08.455+0900] {dag.py:2573} INFO - Sync 1 DAGs
[2022-11-08T19:52:08.465+0900] {logging_mixin.py:117} INFO - [2022-11-08T19:52:08.465+0900] {dag.py:3324} INFO - Setting next_dagrun for example_branch_python_operator_decorator to 2022-11-07T00:00:00+00:00, run_after=2022-11-08T00:00:00+00:00
[2022-11-08T19:52:08.480+0900] {processor.py:178} INFO - Processing /home/steve/.local/lib/python3.8/site-packages/airflow/example_dags/example_branch_operator_decorator.py took 0.058 seconds
[2022-11-08T19:52:42.571+0900] {processor.py:156} INFO - Started process (PID=8255) to work on /home/steve/.local/lib/python3.8/site-packages/airflow/example_dags/example_branch_operator_decorator.py
[2022-11-08T19:52:42.573+0900] {processor.py:758} INFO - Processing file /home/steve/.local/lib/python3.8/site-packages/airflow/example_dags/example_branch_operator_decorator.py for tasks to queue
[2022-11-08T19:52:42.573+0900] {logging_mixin.py:117} INFO - [2022-11-08T19:52:42.573+0900] {dagbag.py:525} INFO - Filling up the DagBag from /home/steve/.local/lib/python3.8/site-packages/airflow/example_dags/example_branch_operator_decorator.py
[2022-11-08T19:52:42.589+0900] {processor.py:768} INFO - DAG(s) dict_keys(['example_branch_python_operator_decorator']) retrieved from /home/steve/.local/lib/python3.8/site-packages/airflow/example_dags/example_branch_operator_decorator.py
[2022-11-08T19:52:42.609+0900] {logging_mixin.py:117} INFO - [2022-11-08T19:52:42.608+0900] {dag.py:2573} INFO - Sync 1 DAGs
[2022-11-08T19:52:42.621+0900] {logging_mixin.py:117} INFO - [2022-11-08T19:52:42.621+0900] {dag.py:3324} INFO - Setting next_dagrun for example_branch_python_operator_decorator to 2022-11-07T00:00:00+00:00, run_after=2022-11-08T00:00:00+00:00
[2022-11-08T19:52:42.638+0900] {processor.py:178} INFO - Processing /home/steve/.local/lib/python3.8/site-packages/airflow/example_dags/example_branch_operator_decorator.py took 0.070 seconds
[2022-11-08T19:53:16.591+0900] {processor.py:156} INFO - Started process (PID=8475) to work on /home/steve/.local/lib/python3.8/site-packages/airflow/example_dags/example_branch_operator_decorator.py
[2022-11-08T19:53:16.592+0900] {processor.py:758} INFO - Processing file /home/steve/.local/lib/python3.8/site-packages/airflow/example_dags/example_branch_operator_decorator.py for tasks to queue
[2022-11-08T19:53:16.592+0900] {logging_mixin.py:117} INFO - [2022-11-08T19:53:16.592+0900] {dagbag.py:525} INFO - Filling up the DagBag from /home/steve/.local/lib/python3.8/site-packages/airflow/example_dags/example_branch_operator_decorator.py
[2022-11-08T19:53:16.605+0900] {processor.py:768} INFO - DAG(s) dict_keys(['example_branch_python_operator_decorator']) retrieved from /home/steve/.local/lib/python3.8/site-packages/airflow/example_dags/example_branch_operator_decorator.py
[2022-11-08T19:53:16.616+0900] {logging_mixin.py:117} INFO - [2022-11-08T19:53:16.616+0900] {dag.py:2573} INFO - Sync 1 DAGs
[2022-11-08T19:53:16.628+0900] {logging_mixin.py:117} INFO - [2022-11-08T19:53:16.628+0900] {dag.py:3324} INFO - Setting next_dagrun for example_branch_python_operator_decorator to 2022-11-07T00:00:00+00:00, run_after=2022-11-08T00:00:00+00:00
[2022-11-08T19:53:16.644+0900] {processor.py:178} INFO - Processing /home/steve/.local/lib/python3.8/site-packages/airflow/example_dags/example_branch_operator_decorator.py took 0.055 seconds
[2022-11-08T19:53:52.491+0900] {processor.py:156} INFO - Started process (PID=8566) to work on /home/steve/.local/lib/python3.8/site-packages/airflow/example_dags/example_branch_operator_decorator.py
[2022-11-08T19:53:52.492+0900] {processor.py:758} INFO - Processing file /home/steve/.local/lib/python3.8/site-packages/airflow/example_dags/example_branch_operator_decorator.py for tasks to queue
[2022-11-08T19:53:52.492+0900] {logging_mixin.py:117} INFO - [2022-11-08T19:53:52.492+0900] {dagbag.py:525} INFO - Filling up the DagBag from /home/steve/.local/lib/python3.8/site-packages/airflow/example_dags/example_branch_operator_decorator.py
[2022-11-08T19:53:52.508+0900] {processor.py:768} INFO - DAG(s) dict_keys(['example_branch_python_operator_decorator']) retrieved from /home/steve/.local/lib/python3.8/site-packages/airflow/example_dags/example_branch_operator_decorator.py
[2022-11-08T19:53:52.527+0900] {logging_mixin.py:117} INFO - [2022-11-08T19:53:52.527+0900] {dag.py:2573} INFO - Sync 1 DAGs
[2022-11-08T19:53:52.540+0900] {logging_mixin.py:117} INFO - [2022-11-08T19:53:52.540+0900] {dag.py:3324} INFO - Setting next_dagrun for example_branch_python_operator_decorator to 2022-11-07T00:00:00+00:00, run_after=2022-11-08T00:00:00+00:00
[2022-11-08T19:53:52.557+0900] {processor.py:178} INFO - Processing /home/steve/.local/lib/python3.8/site-packages/airflow/example_dags/example_branch_operator_decorator.py took 0.068 seconds
[2022-11-08T19:54:28.451+0900] {processor.py:156} INFO - Started process (PID=8745) to work on /home/steve/.local/lib/python3.8/site-packages/airflow/example_dags/example_branch_operator_decorator.py
[2022-11-08T19:54:28.453+0900] {processor.py:758} INFO - Processing file /home/steve/.local/lib/python3.8/site-packages/airflow/example_dags/example_branch_operator_decorator.py for tasks to queue
[2022-11-08T19:54:28.453+0900] {logging_mixin.py:117} INFO - [2022-11-08T19:54:28.453+0900] {dagbag.py:525} INFO - Filling up the DagBag from /home/steve/.local/lib/python3.8/site-packages/airflow/example_dags/example_branch_operator_decorator.py
[2022-11-08T19:54:28.468+0900] {processor.py:768} INFO - DAG(s) dict_keys(['example_branch_python_operator_decorator']) retrieved from /home/steve/.local/lib/python3.8/site-packages/airflow/example_dags/example_branch_operator_decorator.py
[2022-11-08T19:54:28.483+0900] {logging_mixin.py:117} INFO - [2022-11-08T19:54:28.483+0900] {dag.py:2573} INFO - Sync 1 DAGs
[2022-11-08T19:54:28.494+0900] {logging_mixin.py:117} INFO - [2022-11-08T19:54:28.494+0900] {dag.py:3324} INFO - Setting next_dagrun for example_branch_python_operator_decorator to 2022-11-07T00:00:00+00:00, run_after=2022-11-08T00:00:00+00:00
[2022-11-08T19:54:28.511+0900] {processor.py:178} INFO - Processing /home/steve/.local/lib/python3.8/site-packages/airflow/example_dags/example_branch_operator_decorator.py took 0.062 seconds
[2022-11-08T19:55:05.135+0900] {processor.py:156} INFO - Started process (PID=9003) to work on /home/steve/.local/lib/python3.8/site-packages/airflow/example_dags/example_branch_operator_decorator.py
[2022-11-08T19:55:05.137+0900] {processor.py:758} INFO - Processing file /home/steve/.local/lib/python3.8/site-packages/airflow/example_dags/example_branch_operator_decorator.py for tasks to queue
[2022-11-08T19:55:05.138+0900] {logging_mixin.py:117} INFO - [2022-11-08T19:55:05.138+0900] {dagbag.py:525} INFO - Filling up the DagBag from /home/steve/.local/lib/python3.8/site-packages/airflow/example_dags/example_branch_operator_decorator.py
[2022-11-08T19:55:05.151+0900] {processor.py:768} INFO - DAG(s) dict_keys(['example_branch_python_operator_decorator']) retrieved from /home/steve/.local/lib/python3.8/site-packages/airflow/example_dags/example_branch_operator_decorator.py
[2022-11-08T19:55:05.165+0900] {logging_mixin.py:117} INFO - [2022-11-08T19:55:05.165+0900] {dag.py:2573} INFO - Sync 1 DAGs
[2022-11-08T19:55:05.175+0900] {logging_mixin.py:117} INFO - [2022-11-08T19:55:05.175+0900] {dag.py:3324} INFO - Setting next_dagrun for example_branch_python_operator_decorator to 2022-11-07T00:00:00+00:00, run_after=2022-11-08T00:00:00+00:00
[2022-11-08T19:55:05.191+0900] {processor.py:178} INFO - Processing /home/steve/.local/lib/python3.8/site-packages/airflow/example_dags/example_branch_operator_decorator.py took 0.057 seconds
[2022-11-08T20:27:05.741+0900] {processor.py:156} INFO - Started process (PID=9780) to work on /home/steve/.local/lib/python3.8/site-packages/airflow/example_dags/example_branch_operator_decorator.py
[2022-11-08T20:27:05.742+0900] {processor.py:758} INFO - Processing file /home/steve/.local/lib/python3.8/site-packages/airflow/example_dags/example_branch_operator_decorator.py for tasks to queue
[2022-11-08T20:27:05.743+0900] {logging_mixin.py:117} INFO - [2022-11-08T20:27:05.743+0900] {dagbag.py:525} INFO - Filling up the DagBag from /home/steve/.local/lib/python3.8/site-packages/airflow/example_dags/example_branch_operator_decorator.py
[2022-11-08T20:27:05.757+0900] {processor.py:768} INFO - DAG(s) dict_keys(['example_branch_python_operator_decorator']) retrieved from /home/steve/.local/lib/python3.8/site-packages/airflow/example_dags/example_branch_operator_decorator.py
[2022-11-08T20:27:05.773+0900] {logging_mixin.py:117} INFO - [2022-11-08T20:27:05.773+0900] {dag.py:2573} INFO - Sync 1 DAGs
[2022-11-08T20:27:05.785+0900] {logging_mixin.py:117} INFO - [2022-11-08T20:27:05.785+0900] {dag.py:3324} INFO - Setting next_dagrun for example_branch_python_operator_decorator to 2022-11-07T00:00:00+00:00, run_after=2022-11-08T00:00:00+00:00
[2022-11-08T20:27:05.802+0900] {processor.py:178} INFO - Processing /home/steve/.local/lib/python3.8/site-packages/airflow/example_dags/example_branch_operator_decorator.py took 0.063 seconds
[2022-11-08T20:27:41.044+0900] {processor.py:156} INFO - Started process (PID=9836) to work on /home/steve/.local/lib/python3.8/site-packages/airflow/example_dags/example_branch_operator_decorator.py
[2022-11-08T20:27:41.045+0900] {processor.py:758} INFO - Processing file /home/steve/.local/lib/python3.8/site-packages/airflow/example_dags/example_branch_operator_decorator.py for tasks to queue
[2022-11-08T20:27:41.045+0900] {logging_mixin.py:117} INFO - [2022-11-08T20:27:41.045+0900] {dagbag.py:525} INFO - Filling up the DagBag from /home/steve/.local/lib/python3.8/site-packages/airflow/example_dags/example_branch_operator_decorator.py
[2022-11-08T20:27:41.059+0900] {processor.py:768} INFO - DAG(s) dict_keys(['example_branch_python_operator_decorator']) retrieved from /home/steve/.local/lib/python3.8/site-packages/airflow/example_dags/example_branch_operator_decorator.py
[2022-11-08T20:27:41.075+0900] {logging_mixin.py:117} INFO - [2022-11-08T20:27:41.075+0900] {dag.py:2573} INFO - Sync 1 DAGs
[2022-11-08T20:27:41.086+0900] {logging_mixin.py:117} INFO - [2022-11-08T20:27:41.086+0900] {dag.py:3324} INFO - Setting next_dagrun for example_branch_python_operator_decorator to 2022-11-07T00:00:00+00:00, run_after=2022-11-08T00:00:00+00:00
[2022-11-08T20:27:41.107+0900] {processor.py:178} INFO - Processing /home/steve/.local/lib/python3.8/site-packages/airflow/example_dags/example_branch_operator_decorator.py took 0.065 seconds
[2022-11-08T20:28:17.799+0900] {processor.py:156} INFO - Started process (PID=9872) to work on /home/steve/.local/lib/python3.8/site-packages/airflow/example_dags/example_branch_operator_decorator.py
[2022-11-08T20:28:17.800+0900] {processor.py:758} INFO - Processing file /home/steve/.local/lib/python3.8/site-packages/airflow/example_dags/example_branch_operator_decorator.py for tasks to queue
[2022-11-08T20:28:17.800+0900] {logging_mixin.py:117} INFO - [2022-11-08T20:28:17.800+0900] {dagbag.py:525} INFO - Filling up the DagBag from /home/steve/.local/lib/python3.8/site-packages/airflow/example_dags/example_branch_operator_decorator.py
[2022-11-08T20:28:17.816+0900] {processor.py:768} INFO - DAG(s) dict_keys(['example_branch_python_operator_decorator']) retrieved from /home/steve/.local/lib/python3.8/site-packages/airflow/example_dags/example_branch_operator_decorator.py
[2022-11-08T20:28:17.833+0900] {logging_mixin.py:117} INFO - [2022-11-08T20:28:17.833+0900] {dag.py:2573} INFO - Sync 1 DAGs
[2022-11-08T20:28:17.845+0900] {logging_mixin.py:117} INFO - [2022-11-08T20:28:17.845+0900] {dag.py:3324} INFO - Setting next_dagrun for example_branch_python_operator_decorator to 2022-11-07T00:00:00+00:00, run_after=2022-11-08T00:00:00+00:00
[2022-11-08T20:28:17.862+0900] {processor.py:178} INFO - Processing /home/steve/.local/lib/python3.8/site-packages/airflow/example_dags/example_branch_operator_decorator.py took 0.066 seconds
[2022-11-08T20:28:52.066+0900] {processor.py:156} INFO - Started process (PID=10061) to work on /home/steve/.local/lib/python3.8/site-packages/airflow/example_dags/example_branch_operator_decorator.py
[2022-11-08T20:28:52.066+0900] {processor.py:758} INFO - Processing file /home/steve/.local/lib/python3.8/site-packages/airflow/example_dags/example_branch_operator_decorator.py for tasks to queue
[2022-11-08T20:28:52.067+0900] {logging_mixin.py:117} INFO - [2022-11-08T20:28:52.067+0900] {dagbag.py:525} INFO - Filling up the DagBag from /home/steve/.local/lib/python3.8/site-packages/airflow/example_dags/example_branch_operator_decorator.py
[2022-11-08T20:28:52.083+0900] {processor.py:768} INFO - DAG(s) dict_keys(['example_branch_python_operator_decorator']) retrieved from /home/steve/.local/lib/python3.8/site-packages/airflow/example_dags/example_branch_operator_decorator.py
[2022-11-08T20:28:52.101+0900] {logging_mixin.py:117} INFO - [2022-11-08T20:28:52.100+0900] {dag.py:2573} INFO - Sync 1 DAGs
[2022-11-08T20:28:52.113+0900] {logging_mixin.py:117} INFO - [2022-11-08T20:28:52.112+0900] {dag.py:3324} INFO - Setting next_dagrun for example_branch_python_operator_decorator to 2022-11-07T00:00:00+00:00, run_after=2022-11-08T00:00:00+00:00
[2022-11-08T20:28:52.206+0900] {processor.py:178} INFO - Processing /home/steve/.local/lib/python3.8/site-packages/airflow/example_dags/example_branch_operator_decorator.py took 0.142 seconds
[2022-11-08T20:29:30.042+0900] {processor.py:156} INFO - Started process (PID=10254) to work on /home/steve/.local/lib/python3.8/site-packages/airflow/example_dags/example_branch_operator_decorator.py
[2022-11-08T20:29:30.044+0900] {processor.py:758} INFO - Processing file /home/steve/.local/lib/python3.8/site-packages/airflow/example_dags/example_branch_operator_decorator.py for tasks to queue
[2022-11-08T20:29:30.044+0900] {logging_mixin.py:117} INFO - [2022-11-08T20:29:30.044+0900] {dagbag.py:525} INFO - Filling up the DagBag from /home/steve/.local/lib/python3.8/site-packages/airflow/example_dags/example_branch_operator_decorator.py
[2022-11-08T20:29:30.059+0900] {processor.py:768} INFO - DAG(s) dict_keys(['example_branch_python_operator_decorator']) retrieved from /home/steve/.local/lib/python3.8/site-packages/airflow/example_dags/example_branch_operator_decorator.py
[2022-11-08T20:29:30.076+0900] {logging_mixin.py:117} INFO - [2022-11-08T20:29:30.076+0900] {dag.py:2573} INFO - Sync 1 DAGs
[2022-11-08T20:29:30.089+0900] {logging_mixin.py:117} INFO - [2022-11-08T20:29:30.089+0900] {dag.py:3324} INFO - Setting next_dagrun for example_branch_python_operator_decorator to 2022-11-07T00:00:00+00:00, run_after=2022-11-08T00:00:00+00:00
[2022-11-08T20:29:30.185+0900] {processor.py:178} INFO - Processing /home/steve/.local/lib/python3.8/site-packages/airflow/example_dags/example_branch_operator_decorator.py took 0.145 seconds
[2022-11-08T20:30:09.327+0900] {processor.py:156} INFO - Started process (PID=10440) to work on /home/steve/.local/lib/python3.8/site-packages/airflow/example_dags/example_branch_operator_decorator.py
[2022-11-08T20:30:09.329+0900] {processor.py:758} INFO - Processing file /home/steve/.local/lib/python3.8/site-packages/airflow/example_dags/example_branch_operator_decorator.py for tasks to queue
[2022-11-08T20:30:09.329+0900] {logging_mixin.py:117} INFO - [2022-11-08T20:30:09.329+0900] {dagbag.py:525} INFO - Filling up the DagBag from /home/steve/.local/lib/python3.8/site-packages/airflow/example_dags/example_branch_operator_decorator.py
[2022-11-08T20:30:09.344+0900] {processor.py:768} INFO - DAG(s) dict_keys(['example_branch_python_operator_decorator']) retrieved from /home/steve/.local/lib/python3.8/site-packages/airflow/example_dags/example_branch_operator_decorator.py
[2022-11-08T20:30:09.359+0900] {logging_mixin.py:117} INFO - [2022-11-08T20:30:09.359+0900] {dag.py:2573} INFO - Sync 1 DAGs
[2022-11-08T20:30:09.440+0900] {logging_mixin.py:117} INFO - [2022-11-08T20:30:09.439+0900] {dag.py:3324} INFO - Setting next_dagrun for example_branch_python_operator_decorator to 2022-11-07T00:00:00+00:00, run_after=2022-11-08T00:00:00+00:00
[2022-11-08T20:30:09.455+0900] {processor.py:178} INFO - Processing /home/steve/.local/lib/python3.8/site-packages/airflow/example_dags/example_branch_operator_decorator.py took 0.130 seconds
[2022-11-08T20:30:46.485+0900] {processor.py:156} INFO - Started process (PID=10596) to work on /home/steve/.local/lib/python3.8/site-packages/airflow/example_dags/example_branch_operator_decorator.py
[2022-11-08T20:30:46.486+0900] {processor.py:758} INFO - Processing file /home/steve/.local/lib/python3.8/site-packages/airflow/example_dags/example_branch_operator_decorator.py for tasks to queue
[2022-11-08T20:30:46.487+0900] {logging_mixin.py:117} INFO - [2022-11-08T20:30:46.486+0900] {dagbag.py:525} INFO - Filling up the DagBag from /home/steve/.local/lib/python3.8/site-packages/airflow/example_dags/example_branch_operator_decorator.py
[2022-11-08T20:30:46.503+0900] {processor.py:768} INFO - DAG(s) dict_keys(['example_branch_python_operator_decorator']) retrieved from /home/steve/.local/lib/python3.8/site-packages/airflow/example_dags/example_branch_operator_decorator.py
[2022-11-08T20:30:46.522+0900] {logging_mixin.py:117} INFO - [2022-11-08T20:30:46.522+0900] {dag.py:2573} INFO - Sync 1 DAGs
[2022-11-08T20:30:46.624+0900] {logging_mixin.py:117} INFO - [2022-11-08T20:30:46.624+0900] {dag.py:3324} INFO - Setting next_dagrun for example_branch_python_operator_decorator to 2022-11-07T00:00:00+00:00, run_after=2022-11-08T00:00:00+00:00
[2022-11-08T20:30:46.642+0900] {processor.py:178} INFO - Processing /home/steve/.local/lib/python3.8/site-packages/airflow/example_dags/example_branch_operator_decorator.py took 0.159 seconds
[2022-11-08T20:31:22.985+0900] {processor.py:156} INFO - Started process (PID=10714) to work on /home/steve/.local/lib/python3.8/site-packages/airflow/example_dags/example_branch_operator_decorator.py
[2022-11-08T20:31:22.986+0900] {processor.py:758} INFO - Processing file /home/steve/.local/lib/python3.8/site-packages/airflow/example_dags/example_branch_operator_decorator.py for tasks to queue
[2022-11-08T20:31:22.986+0900] {logging_mixin.py:117} INFO - [2022-11-08T20:31:22.986+0900] {dagbag.py:525} INFO - Filling up the DagBag from /home/steve/.local/lib/python3.8/site-packages/airflow/example_dags/example_branch_operator_decorator.py
[2022-11-08T20:31:23.000+0900] {processor.py:768} INFO - DAG(s) dict_keys(['example_branch_python_operator_decorator']) retrieved from /home/steve/.local/lib/python3.8/site-packages/airflow/example_dags/example_branch_operator_decorator.py
[2022-11-08T20:31:23.087+0900] {logging_mixin.py:117} INFO - [2022-11-08T20:31:23.087+0900] {dag.py:2573} INFO - Sync 1 DAGs
[2022-11-08T20:31:23.097+0900] {logging_mixin.py:117} INFO - [2022-11-08T20:31:23.097+0900] {dag.py:3324} INFO - Setting next_dagrun for example_branch_python_operator_decorator to 2022-11-07T00:00:00+00:00, run_after=2022-11-08T00:00:00+00:00
[2022-11-08T20:31:23.113+0900] {processor.py:178} INFO - Processing /home/steve/.local/lib/python3.8/site-packages/airflow/example_dags/example_branch_operator_decorator.py took 0.129 seconds
[2022-11-08T20:32:01.571+0900] {processor.py:156} INFO - Started process (PID=10779) to work on /home/steve/.local/lib/python3.8/site-packages/airflow/example_dags/example_branch_operator_decorator.py
[2022-11-08T20:32:01.573+0900] {processor.py:758} INFO - Processing file /home/steve/.local/lib/python3.8/site-packages/airflow/example_dags/example_branch_operator_decorator.py for tasks to queue
[2022-11-08T20:32:01.574+0900] {logging_mixin.py:117} INFO - [2022-11-08T20:32:01.573+0900] {dagbag.py:525} INFO - Filling up the DagBag from /home/steve/.local/lib/python3.8/site-packages/airflow/example_dags/example_branch_operator_decorator.py
[2022-11-08T20:32:01.589+0900] {processor.py:768} INFO - DAG(s) dict_keys(['example_branch_python_operator_decorator']) retrieved from /home/steve/.local/lib/python3.8/site-packages/airflow/example_dags/example_branch_operator_decorator.py
[2022-11-08T20:32:01.682+0900] {logging_mixin.py:117} INFO - [2022-11-08T20:32:01.681+0900] {dag.py:2573} INFO - Sync 1 DAGs
[2022-11-08T20:32:01.691+0900] {logging_mixin.py:117} INFO - [2022-11-08T20:32:01.691+0900] {dag.py:3324} INFO - Setting next_dagrun for example_branch_python_operator_decorator to 2022-11-07T00:00:00+00:00, run_after=2022-11-08T00:00:00+00:00
[2022-11-08T20:32:01.706+0900] {processor.py:178} INFO - Processing /home/steve/.local/lib/python3.8/site-packages/airflow/example_dags/example_branch_operator_decorator.py took 0.137 seconds
[2022-11-08T20:32:40.199+0900] {processor.py:156} INFO - Started process (PID=10957) to work on /home/steve/.local/lib/python3.8/site-packages/airflow/example_dags/example_branch_operator_decorator.py
[2022-11-08T20:32:40.201+0900] {processor.py:758} INFO - Processing file /home/steve/.local/lib/python3.8/site-packages/airflow/example_dags/example_branch_operator_decorator.py for tasks to queue
[2022-11-08T20:32:40.201+0900] {logging_mixin.py:117} INFO - [2022-11-08T20:32:40.201+0900] {dagbag.py:525} INFO - Filling up the DagBag from /home/steve/.local/lib/python3.8/site-packages/airflow/example_dags/example_branch_operator_decorator.py
[2022-11-08T20:32:40.292+0900] {processor.py:768} INFO - DAG(s) dict_keys(['example_branch_python_operator_decorator']) retrieved from /home/steve/.local/lib/python3.8/site-packages/airflow/example_dags/example_branch_operator_decorator.py
[2022-11-08T20:32:40.306+0900] {logging_mixin.py:117} INFO - [2022-11-08T20:32:40.306+0900] {dag.py:2573} INFO - Sync 1 DAGs
[2022-11-08T20:32:40.317+0900] {logging_mixin.py:117} INFO - [2022-11-08T20:32:40.317+0900] {dag.py:3324} INFO - Setting next_dagrun for example_branch_python_operator_decorator to 2022-11-07T00:00:00+00:00, run_after=2022-11-08T00:00:00+00:00
[2022-11-08T20:32:40.335+0900] {processor.py:178} INFO - Processing /home/steve/.local/lib/python3.8/site-packages/airflow/example_dags/example_branch_operator_decorator.py took 0.137 seconds
[2022-11-08T20:33:17.108+0900] {processor.py:156} INFO - Started process (PID=11005) to work on /home/steve/.local/lib/python3.8/site-packages/airflow/example_dags/example_branch_operator_decorator.py
[2022-11-08T20:33:17.109+0900] {processor.py:758} INFO - Processing file /home/steve/.local/lib/python3.8/site-packages/airflow/example_dags/example_branch_operator_decorator.py for tasks to queue
[2022-11-08T20:33:17.109+0900] {logging_mixin.py:117} INFO - [2022-11-08T20:33:17.109+0900] {dagbag.py:525} INFO - Filling up the DagBag from /home/steve/.local/lib/python3.8/site-packages/airflow/example_dags/example_branch_operator_decorator.py
[2022-11-08T20:33:17.190+0900] {processor.py:768} INFO - DAG(s) dict_keys(['example_branch_python_operator_decorator']) retrieved from /home/steve/.local/lib/python3.8/site-packages/airflow/example_dags/example_branch_operator_decorator.py
[2022-11-08T20:33:17.202+0900] {logging_mixin.py:117} INFO - [2022-11-08T20:33:17.202+0900] {dag.py:2573} INFO - Sync 1 DAGs
[2022-11-08T20:33:17.212+0900] {logging_mixin.py:117} INFO - [2022-11-08T20:33:17.212+0900] {dag.py:3324} INFO - Setting next_dagrun for example_branch_python_operator_decorator to 2022-11-07T00:00:00+00:00, run_after=2022-11-08T00:00:00+00:00
[2022-11-08T20:33:17.228+0900] {processor.py:178} INFO - Processing /home/steve/.local/lib/python3.8/site-packages/airflow/example_dags/example_branch_operator_decorator.py took 0.121 seconds
[2022-11-08T20:33:52.955+0900] {processor.py:156} INFO - Started process (PID=11038) to work on /home/steve/.local/lib/python3.8/site-packages/airflow/example_dags/example_branch_operator_decorator.py
[2022-11-08T20:33:52.957+0900] {processor.py:758} INFO - Processing file /home/steve/.local/lib/python3.8/site-packages/airflow/example_dags/example_branch_operator_decorator.py for tasks to queue
[2022-11-08T20:33:52.957+0900] {logging_mixin.py:117} INFO - [2022-11-08T20:33:52.957+0900] {dagbag.py:525} INFO - Filling up the DagBag from /home/steve/.local/lib/python3.8/site-packages/airflow/example_dags/example_branch_operator_decorator.py
[2022-11-08T20:33:53.043+0900] {processor.py:768} INFO - DAG(s) dict_keys(['example_branch_python_operator_decorator']) retrieved from /home/steve/.local/lib/python3.8/site-packages/airflow/example_dags/example_branch_operator_decorator.py
[2022-11-08T20:33:53.056+0900] {logging_mixin.py:117} INFO - [2022-11-08T20:33:53.056+0900] {dag.py:2573} INFO - Sync 1 DAGs
[2022-11-08T20:33:53.066+0900] {logging_mixin.py:117} INFO - [2022-11-08T20:33:53.066+0900] {dag.py:3324} INFO - Setting next_dagrun for example_branch_python_operator_decorator to 2022-11-07T00:00:00+00:00, run_after=2022-11-08T00:00:00+00:00
[2022-11-08T20:33:53.082+0900] {processor.py:178} INFO - Processing /home/steve/.local/lib/python3.8/site-packages/airflow/example_dags/example_branch_operator_decorator.py took 0.129 seconds
[2022-11-08T20:34:28.489+0900] {processor.py:156} INFO - Started process (PID=11074) to work on /home/steve/.local/lib/python3.8/site-packages/airflow/example_dags/example_branch_operator_decorator.py
[2022-11-08T20:34:28.491+0900] {processor.py:758} INFO - Processing file /home/steve/.local/lib/python3.8/site-packages/airflow/example_dags/example_branch_operator_decorator.py for tasks to queue
[2022-11-08T20:34:28.491+0900] {logging_mixin.py:117} INFO - [2022-11-08T20:34:28.491+0900] {dagbag.py:525} INFO - Filling up the DagBag from /home/steve/.local/lib/python3.8/site-packages/airflow/example_dags/example_branch_operator_decorator.py
[2022-11-08T20:34:28.505+0900] {processor.py:768} INFO - DAG(s) dict_keys(['example_branch_python_operator_decorator']) retrieved from /home/steve/.local/lib/python3.8/site-packages/airflow/example_dags/example_branch_operator_decorator.py
[2022-11-08T20:34:28.521+0900] {logging_mixin.py:117} INFO - [2022-11-08T20:34:28.521+0900] {dag.py:2573} INFO - Sync 1 DAGs
[2022-11-08T20:34:28.533+0900] {logging_mixin.py:117} INFO - [2022-11-08T20:34:28.533+0900] {dag.py:3324} INFO - Setting next_dagrun for example_branch_python_operator_decorator to 2022-11-07T00:00:00+00:00, run_after=2022-11-08T00:00:00+00:00
[2022-11-08T20:34:28.548+0900] {processor.py:178} INFO - Processing /home/steve/.local/lib/python3.8/site-packages/airflow/example_dags/example_branch_operator_decorator.py took 0.062 seconds
[2022-11-08T20:35:02.494+0900] {processor.py:156} INFO - Started process (PID=11110) to work on /home/steve/.local/lib/python3.8/site-packages/airflow/example_dags/example_branch_operator_decorator.py
[2022-11-08T20:35:02.496+0900] {processor.py:758} INFO - Processing file /home/steve/.local/lib/python3.8/site-packages/airflow/example_dags/example_branch_operator_decorator.py for tasks to queue
[2022-11-08T20:35:02.496+0900] {logging_mixin.py:117} INFO - [2022-11-08T20:35:02.496+0900] {dagbag.py:525} INFO - Filling up the DagBag from /home/steve/.local/lib/python3.8/site-packages/airflow/example_dags/example_branch_operator_decorator.py
[2022-11-08T20:35:02.509+0900] {processor.py:768} INFO - DAG(s) dict_keys(['example_branch_python_operator_decorator']) retrieved from /home/steve/.local/lib/python3.8/site-packages/airflow/example_dags/example_branch_operator_decorator.py
[2022-11-08T20:35:02.524+0900] {logging_mixin.py:117} INFO - [2022-11-08T20:35:02.524+0900] {dag.py:2573} INFO - Sync 1 DAGs
[2022-11-08T20:35:02.534+0900] {logging_mixin.py:117} INFO - [2022-11-08T20:35:02.534+0900] {dag.py:3324} INFO - Setting next_dagrun for example_branch_python_operator_decorator to 2022-11-07T00:00:00+00:00, run_after=2022-11-08T00:00:00+00:00
[2022-11-08T20:35:02.550+0900] {processor.py:178} INFO - Processing /home/steve/.local/lib/python3.8/site-packages/airflow/example_dags/example_branch_operator_decorator.py took 0.057 seconds
[2022-11-08T20:35:39.442+0900] {processor.py:156} INFO - Started process (PID=11147) to work on /home/steve/.local/lib/python3.8/site-packages/airflow/example_dags/example_branch_operator_decorator.py
[2022-11-08T20:35:39.445+0900] {processor.py:758} INFO - Processing file /home/steve/.local/lib/python3.8/site-packages/airflow/example_dags/example_branch_operator_decorator.py for tasks to queue
[2022-11-08T20:35:39.445+0900] {logging_mixin.py:117} INFO - [2022-11-08T20:35:39.445+0900] {dagbag.py:525} INFO - Filling up the DagBag from /home/steve/.local/lib/python3.8/site-packages/airflow/example_dags/example_branch_operator_decorator.py
[2022-11-08T20:35:39.458+0900] {processor.py:768} INFO - DAG(s) dict_keys(['example_branch_python_operator_decorator']) retrieved from /home/steve/.local/lib/python3.8/site-packages/airflow/example_dags/example_branch_operator_decorator.py
[2022-11-08T20:35:39.475+0900] {logging_mixin.py:117} INFO - [2022-11-08T20:35:39.475+0900] {dag.py:2573} INFO - Sync 1 DAGs
[2022-11-08T20:35:39.486+0900] {logging_mixin.py:117} INFO - [2022-11-08T20:35:39.486+0900] {dag.py:3324} INFO - Setting next_dagrun for example_branch_python_operator_decorator to 2022-11-07T00:00:00+00:00, run_after=2022-11-08T00:00:00+00:00
[2022-11-08T20:35:39.504+0900] {processor.py:178} INFO - Processing /home/steve/.local/lib/python3.8/site-packages/airflow/example_dags/example_branch_operator_decorator.py took 0.064 seconds
[2022-11-08T20:36:12.426+0900] {processor.py:156} INFO - Started process (PID=11182) to work on /home/steve/.local/lib/python3.8/site-packages/airflow/example_dags/example_branch_operator_decorator.py
[2022-11-08T20:36:12.427+0900] {processor.py:758} INFO - Processing file /home/steve/.local/lib/python3.8/site-packages/airflow/example_dags/example_branch_operator_decorator.py for tasks to queue
[2022-11-08T20:36:12.427+0900] {logging_mixin.py:117} INFO - [2022-11-08T20:36:12.427+0900] {dagbag.py:525} INFO - Filling up the DagBag from /home/steve/.local/lib/python3.8/site-packages/airflow/example_dags/example_branch_operator_decorator.py
[2022-11-08T20:36:12.440+0900] {processor.py:768} INFO - DAG(s) dict_keys(['example_branch_python_operator_decorator']) retrieved from /home/steve/.local/lib/python3.8/site-packages/airflow/example_dags/example_branch_operator_decorator.py
[2022-11-08T20:36:12.455+0900] {logging_mixin.py:117} INFO - [2022-11-08T20:36:12.455+0900] {dag.py:2573} INFO - Sync 1 DAGs
[2022-11-08T20:36:12.465+0900] {logging_mixin.py:117} INFO - [2022-11-08T20:36:12.465+0900] {dag.py:3324} INFO - Setting next_dagrun for example_branch_python_operator_decorator to 2022-11-07T00:00:00+00:00, run_after=2022-11-08T00:00:00+00:00
[2022-11-08T20:36:12.482+0900] {processor.py:178} INFO - Processing /home/steve/.local/lib/python3.8/site-packages/airflow/example_dags/example_branch_operator_decorator.py took 0.058 seconds
[2022-11-08T20:36:45.330+0900] {processor.py:156} INFO - Started process (PID=11217) to work on /home/steve/.local/lib/python3.8/site-packages/airflow/example_dags/example_branch_operator_decorator.py
[2022-11-08T20:36:45.330+0900] {processor.py:758} INFO - Processing file /home/steve/.local/lib/python3.8/site-packages/airflow/example_dags/example_branch_operator_decorator.py for tasks to queue
[2022-11-08T20:36:45.331+0900] {logging_mixin.py:117} INFO - [2022-11-08T20:36:45.331+0900] {dagbag.py:525} INFO - Filling up the DagBag from /home/steve/.local/lib/python3.8/site-packages/airflow/example_dags/example_branch_operator_decorator.py
[2022-11-08T20:36:45.345+0900] {processor.py:768} INFO - DAG(s) dict_keys(['example_branch_python_operator_decorator']) retrieved from /home/steve/.local/lib/python3.8/site-packages/airflow/example_dags/example_branch_operator_decorator.py
[2022-11-08T20:36:45.359+0900] {logging_mixin.py:117} INFO - [2022-11-08T20:36:45.359+0900] {dag.py:2573} INFO - Sync 1 DAGs
[2022-11-08T20:36:45.370+0900] {logging_mixin.py:117} INFO - [2022-11-08T20:36:45.370+0900] {dag.py:3324} INFO - Setting next_dagrun for example_branch_python_operator_decorator to 2022-11-07T00:00:00+00:00, run_after=2022-11-08T00:00:00+00:00
[2022-11-08T20:36:45.387+0900] {processor.py:178} INFO - Processing /home/steve/.local/lib/python3.8/site-packages/airflow/example_dags/example_branch_operator_decorator.py took 0.059 seconds
[2022-11-08T20:37:20.701+0900] {processor.py:156} INFO - Started process (PID=11281) to work on /home/steve/.local/lib/python3.8/site-packages/airflow/example_dags/example_branch_operator_decorator.py
[2022-11-08T20:37:20.703+0900] {processor.py:758} INFO - Processing file /home/steve/.local/lib/python3.8/site-packages/airflow/example_dags/example_branch_operator_decorator.py for tasks to queue
[2022-11-08T20:37:20.704+0900] {logging_mixin.py:117} INFO - [2022-11-08T20:37:20.704+0900] {dagbag.py:525} INFO - Filling up the DagBag from /home/steve/.local/lib/python3.8/site-packages/airflow/example_dags/example_branch_operator_decorator.py
[2022-11-08T20:37:20.717+0900] {processor.py:768} INFO - DAG(s) dict_keys(['example_branch_python_operator_decorator']) retrieved from /home/steve/.local/lib/python3.8/site-packages/airflow/example_dags/example_branch_operator_decorator.py
[2022-11-08T20:37:20.731+0900] {logging_mixin.py:117} INFO - [2022-11-08T20:37:20.731+0900] {dag.py:2573} INFO - Sync 1 DAGs
[2022-11-08T20:37:20.742+0900] {logging_mixin.py:117} INFO - [2022-11-08T20:37:20.742+0900] {dag.py:3324} INFO - Setting next_dagrun for example_branch_python_operator_decorator to 2022-11-07T00:00:00+00:00, run_after=2022-11-08T00:00:00+00:00
[2022-11-08T20:37:20.760+0900] {processor.py:178} INFO - Processing /home/steve/.local/lib/python3.8/site-packages/airflow/example_dags/example_branch_operator_decorator.py took 0.060 seconds
[2022-11-08T20:37:52.293+0900] {processor.py:156} INFO - Started process (PID=11316) to work on /home/steve/.local/lib/python3.8/site-packages/airflow/example_dags/example_branch_operator_decorator.py
[2022-11-08T20:37:52.294+0900] {processor.py:758} INFO - Processing file /home/steve/.local/lib/python3.8/site-packages/airflow/example_dags/example_branch_operator_decorator.py for tasks to queue
[2022-11-08T20:37:52.294+0900] {logging_mixin.py:117} INFO - [2022-11-08T20:37:52.294+0900] {dagbag.py:525} INFO - Filling up the DagBag from /home/steve/.local/lib/python3.8/site-packages/airflow/example_dags/example_branch_operator_decorator.py
[2022-11-08T20:37:52.308+0900] {processor.py:768} INFO - DAG(s) dict_keys(['example_branch_python_operator_decorator']) retrieved from /home/steve/.local/lib/python3.8/site-packages/airflow/example_dags/example_branch_operator_decorator.py
[2022-11-08T20:37:52.323+0900] {logging_mixin.py:117} INFO - [2022-11-08T20:37:52.323+0900] {dag.py:2573} INFO - Sync 1 DAGs
[2022-11-08T20:37:52.333+0900] {logging_mixin.py:117} INFO - [2022-11-08T20:37:52.333+0900] {dag.py:3324} INFO - Setting next_dagrun for example_branch_python_operator_decorator to 2022-11-07T00:00:00+00:00, run_after=2022-11-08T00:00:00+00:00
[2022-11-08T20:37:52.352+0900] {processor.py:178} INFO - Processing /home/steve/.local/lib/python3.8/site-packages/airflow/example_dags/example_branch_operator_decorator.py took 0.060 seconds
[2022-11-08T20:38:27.110+0900] {processor.py:156} INFO - Started process (PID=11352) to work on /home/steve/.local/lib/python3.8/site-packages/airflow/example_dags/example_branch_operator_decorator.py
[2022-11-08T20:38:27.113+0900] {processor.py:758} INFO - Processing file /home/steve/.local/lib/python3.8/site-packages/airflow/example_dags/example_branch_operator_decorator.py for tasks to queue
[2022-11-08T20:38:27.113+0900] {logging_mixin.py:117} INFO - [2022-11-08T20:38:27.113+0900] {dagbag.py:525} INFO - Filling up the DagBag from /home/steve/.local/lib/python3.8/site-packages/airflow/example_dags/example_branch_operator_decorator.py
[2022-11-08T20:38:27.126+0900] {processor.py:768} INFO - DAG(s) dict_keys(['example_branch_python_operator_decorator']) retrieved from /home/steve/.local/lib/python3.8/site-packages/airflow/example_dags/example_branch_operator_decorator.py
[2022-11-08T20:38:27.140+0900] {logging_mixin.py:117} INFO - [2022-11-08T20:38:27.140+0900] {dag.py:2573} INFO - Sync 1 DAGs
[2022-11-08T20:38:27.150+0900] {logging_mixin.py:117} INFO - [2022-11-08T20:38:27.150+0900] {dag.py:3324} INFO - Setting next_dagrun for example_branch_python_operator_decorator to 2022-11-07T00:00:00+00:00, run_after=2022-11-08T00:00:00+00:00
[2022-11-08T20:38:27.166+0900] {processor.py:178} INFO - Processing /home/steve/.local/lib/python3.8/site-packages/airflow/example_dags/example_branch_operator_decorator.py took 0.057 seconds
[2022-11-08T20:39:00.289+0900] {processor.py:156} INFO - Started process (PID=11388) to work on /home/steve/.local/lib/python3.8/site-packages/airflow/example_dags/example_branch_operator_decorator.py
[2022-11-08T20:39:00.290+0900] {processor.py:758} INFO - Processing file /home/steve/.local/lib/python3.8/site-packages/airflow/example_dags/example_branch_operator_decorator.py for tasks to queue
[2022-11-08T20:39:00.291+0900] {logging_mixin.py:117} INFO - [2022-11-08T20:39:00.291+0900] {dagbag.py:525} INFO - Filling up the DagBag from /home/steve/.local/lib/python3.8/site-packages/airflow/example_dags/example_branch_operator_decorator.py
[2022-11-08T20:39:00.303+0900] {processor.py:768} INFO - DAG(s) dict_keys(['example_branch_python_operator_decorator']) retrieved from /home/steve/.local/lib/python3.8/site-packages/airflow/example_dags/example_branch_operator_decorator.py
[2022-11-08T20:39:00.319+0900] {logging_mixin.py:117} INFO - [2022-11-08T20:39:00.319+0900] {dag.py:2573} INFO - Sync 1 DAGs
[2022-11-08T20:39:00.329+0900] {logging_mixin.py:117} INFO - [2022-11-08T20:39:00.329+0900] {dag.py:3324} INFO - Setting next_dagrun for example_branch_python_operator_decorator to 2022-11-07T00:00:00+00:00, run_after=2022-11-08T00:00:00+00:00
[2022-11-08T20:39:00.345+0900] {processor.py:178} INFO - Processing /home/steve/.local/lib/python3.8/site-packages/airflow/example_dags/example_branch_operator_decorator.py took 0.057 seconds
[2022-11-08T20:39:37.445+0900] {processor.py:156} INFO - Started process (PID=11425) to work on /home/steve/.local/lib/python3.8/site-packages/airflow/example_dags/example_branch_operator_decorator.py
[2022-11-08T20:39:37.447+0900] {processor.py:758} INFO - Processing file /home/steve/.local/lib/python3.8/site-packages/airflow/example_dags/example_branch_operator_decorator.py for tasks to queue
[2022-11-08T20:39:37.447+0900] {logging_mixin.py:117} INFO - [2022-11-08T20:39:37.447+0900] {dagbag.py:525} INFO - Filling up the DagBag from /home/steve/.local/lib/python3.8/site-packages/airflow/example_dags/example_branch_operator_decorator.py
[2022-11-08T20:39:37.460+0900] {processor.py:768} INFO - DAG(s) dict_keys(['example_branch_python_operator_decorator']) retrieved from /home/steve/.local/lib/python3.8/site-packages/airflow/example_dags/example_branch_operator_decorator.py
[2022-11-08T20:39:37.474+0900] {logging_mixin.py:117} INFO - [2022-11-08T20:39:37.474+0900] {dag.py:2573} INFO - Sync 1 DAGs
[2022-11-08T20:39:37.485+0900] {logging_mixin.py:117} INFO - [2022-11-08T20:39:37.485+0900] {dag.py:3324} INFO - Setting next_dagrun for example_branch_python_operator_decorator to 2022-11-07T00:00:00+00:00, run_after=2022-11-08T00:00:00+00:00
[2022-11-08T20:39:37.502+0900] {processor.py:178} INFO - Processing /home/steve/.local/lib/python3.8/site-packages/airflow/example_dags/example_branch_operator_decorator.py took 0.059 seconds
[2022-11-08T20:40:12.265+0900] {processor.py:156} INFO - Started process (PID=11459) to work on /home/steve/.local/lib/python3.8/site-packages/airflow/example_dags/example_branch_operator_decorator.py
[2022-11-08T20:40:12.267+0900] {processor.py:758} INFO - Processing file /home/steve/.local/lib/python3.8/site-packages/airflow/example_dags/example_branch_operator_decorator.py for tasks to queue
[2022-11-08T20:40:12.268+0900] {logging_mixin.py:117} INFO - [2022-11-08T20:40:12.267+0900] {dagbag.py:525} INFO - Filling up the DagBag from /home/steve/.local/lib/python3.8/site-packages/airflow/example_dags/example_branch_operator_decorator.py
[2022-11-08T20:40:12.281+0900] {processor.py:768} INFO - DAG(s) dict_keys(['example_branch_python_operator_decorator']) retrieved from /home/steve/.local/lib/python3.8/site-packages/airflow/example_dags/example_branch_operator_decorator.py
[2022-11-08T20:40:12.295+0900] {logging_mixin.py:117} INFO - [2022-11-08T20:40:12.295+0900] {dag.py:2573} INFO - Sync 1 DAGs
[2022-11-08T20:40:12.306+0900] {logging_mixin.py:117} INFO - [2022-11-08T20:40:12.305+0900] {dag.py:3324} INFO - Setting next_dagrun for example_branch_python_operator_decorator to 2022-11-07T00:00:00+00:00, run_after=2022-11-08T00:00:00+00:00
[2022-11-08T20:40:12.324+0900] {processor.py:178} INFO - Processing /home/steve/.local/lib/python3.8/site-packages/airflow/example_dags/example_branch_operator_decorator.py took 0.060 seconds
[2022-11-08T20:40:45.003+0900] {processor.py:156} INFO - Started process (PID=11495) to work on /home/steve/.local/lib/python3.8/site-packages/airflow/example_dags/example_branch_operator_decorator.py
[2022-11-08T20:40:45.005+0900] {processor.py:758} INFO - Processing file /home/steve/.local/lib/python3.8/site-packages/airflow/example_dags/example_branch_operator_decorator.py for tasks to queue
[2022-11-08T20:40:45.005+0900] {logging_mixin.py:117} INFO - [2022-11-08T20:40:45.005+0900] {dagbag.py:525} INFO - Filling up the DagBag from /home/steve/.local/lib/python3.8/site-packages/airflow/example_dags/example_branch_operator_decorator.py
[2022-11-08T20:40:45.018+0900] {processor.py:768} INFO - DAG(s) dict_keys(['example_branch_python_operator_decorator']) retrieved from /home/steve/.local/lib/python3.8/site-packages/airflow/example_dags/example_branch_operator_decorator.py
[2022-11-08T20:40:45.033+0900] {logging_mixin.py:117} INFO - [2022-11-08T20:40:45.033+0900] {dag.py:2573} INFO - Sync 1 DAGs
[2022-11-08T20:40:45.044+0900] {logging_mixin.py:117} INFO - [2022-11-08T20:40:45.044+0900] {dag.py:3324} INFO - Setting next_dagrun for example_branch_python_operator_decorator to 2022-11-07T00:00:00+00:00, run_after=2022-11-08T00:00:00+00:00
[2022-11-08T20:40:45.061+0900] {processor.py:178} INFO - Processing /home/steve/.local/lib/python3.8/site-packages/airflow/example_dags/example_branch_operator_decorator.py took 0.059 seconds
[2022-11-08T20:41:21.804+0900] {processor.py:156} INFO - Started process (PID=11533) to work on /home/steve/.local/lib/python3.8/site-packages/airflow/example_dags/example_branch_operator_decorator.py
[2022-11-08T20:41:21.806+0900] {processor.py:758} INFO - Processing file /home/steve/.local/lib/python3.8/site-packages/airflow/example_dags/example_branch_operator_decorator.py for tasks to queue
[2022-11-08T20:41:21.806+0900] {logging_mixin.py:117} INFO - [2022-11-08T20:41:21.806+0900] {dagbag.py:525} INFO - Filling up the DagBag from /home/steve/.local/lib/python3.8/site-packages/airflow/example_dags/example_branch_operator_decorator.py
[2022-11-08T20:41:21.819+0900] {processor.py:768} INFO - DAG(s) dict_keys(['example_branch_python_operator_decorator']) retrieved from /home/steve/.local/lib/python3.8/site-packages/airflow/example_dags/example_branch_operator_decorator.py
[2022-11-08T20:41:21.834+0900] {logging_mixin.py:117} INFO - [2022-11-08T20:41:21.834+0900] {dag.py:2573} INFO - Sync 1 DAGs
[2022-11-08T20:41:21.846+0900] {logging_mixin.py:117} INFO - [2022-11-08T20:41:21.846+0900] {dag.py:3324} INFO - Setting next_dagrun for example_branch_python_operator_decorator to 2022-11-07T00:00:00+00:00, run_after=2022-11-08T00:00:00+00:00
[2022-11-08T20:41:21.862+0900] {processor.py:178} INFO - Processing /home/steve/.local/lib/python3.8/site-packages/airflow/example_dags/example_branch_operator_decorator.py took 0.060 seconds
[2022-11-08T20:41:56.607+0900] {processor.py:156} INFO - Started process (PID=11598) to work on /home/steve/.local/lib/python3.8/site-packages/airflow/example_dags/example_branch_operator_decorator.py
[2022-11-08T20:41:56.610+0900] {processor.py:758} INFO - Processing file /home/steve/.local/lib/python3.8/site-packages/airflow/example_dags/example_branch_operator_decorator.py for tasks to queue
[2022-11-08T20:41:56.610+0900] {logging_mixin.py:117} INFO - [2022-11-08T20:41:56.610+0900] {dagbag.py:525} INFO - Filling up the DagBag from /home/steve/.local/lib/python3.8/site-packages/airflow/example_dags/example_branch_operator_decorator.py
[2022-11-08T20:41:56.623+0900] {processor.py:768} INFO - DAG(s) dict_keys(['example_branch_python_operator_decorator']) retrieved from /home/steve/.local/lib/python3.8/site-packages/airflow/example_dags/example_branch_operator_decorator.py
[2022-11-08T20:41:56.639+0900] {logging_mixin.py:117} INFO - [2022-11-08T20:41:56.638+0900] {dag.py:2573} INFO - Sync 1 DAGs
[2022-11-08T20:41:56.649+0900] {logging_mixin.py:117} INFO - [2022-11-08T20:41:56.649+0900] {dag.py:3324} INFO - Setting next_dagrun for example_branch_python_operator_decorator to 2022-11-07T00:00:00+00:00, run_after=2022-11-08T00:00:00+00:00
[2022-11-08T20:41:56.664+0900] {processor.py:178} INFO - Processing /home/steve/.local/lib/python3.8/site-packages/airflow/example_dags/example_branch_operator_decorator.py took 0.059 seconds
[2022-11-08T20:42:33.543+0900] {processor.py:156} INFO - Started process (PID=11636) to work on /home/steve/.local/lib/python3.8/site-packages/airflow/example_dags/example_branch_operator_decorator.py
[2022-11-08T20:42:33.545+0900] {processor.py:758} INFO - Processing file /home/steve/.local/lib/python3.8/site-packages/airflow/example_dags/example_branch_operator_decorator.py for tasks to queue
[2022-11-08T20:42:33.545+0900] {logging_mixin.py:117} INFO - [2022-11-08T20:42:33.545+0900] {dagbag.py:525} INFO - Filling up the DagBag from /home/steve/.local/lib/python3.8/site-packages/airflow/example_dags/example_branch_operator_decorator.py
[2022-11-08T20:42:33.559+0900] {processor.py:768} INFO - DAG(s) dict_keys(['example_branch_python_operator_decorator']) retrieved from /home/steve/.local/lib/python3.8/site-packages/airflow/example_dags/example_branch_operator_decorator.py
[2022-11-08T20:42:33.573+0900] {logging_mixin.py:117} INFO - [2022-11-08T20:42:33.573+0900] {dag.py:2573} INFO - Sync 1 DAGs
[2022-11-08T20:42:33.584+0900] {logging_mixin.py:117} INFO - [2022-11-08T20:42:33.584+0900] {dag.py:3324} INFO - Setting next_dagrun for example_branch_python_operator_decorator to 2022-11-07T00:00:00+00:00, run_after=2022-11-08T00:00:00+00:00
[2022-11-08T20:42:33.599+0900] {processor.py:178} INFO - Processing /home/steve/.local/lib/python3.8/site-packages/airflow/example_dags/example_branch_operator_decorator.py took 0.058 seconds
[2022-11-08T20:43:10.637+0900] {processor.py:156} INFO - Started process (PID=11674) to work on /home/steve/.local/lib/python3.8/site-packages/airflow/example_dags/example_branch_operator_decorator.py
[2022-11-08T20:43:10.639+0900] {processor.py:758} INFO - Processing file /home/steve/.local/lib/python3.8/site-packages/airflow/example_dags/example_branch_operator_decorator.py for tasks to queue
[2022-11-08T20:43:10.639+0900] {logging_mixin.py:117} INFO - [2022-11-08T20:43:10.639+0900] {dagbag.py:525} INFO - Filling up the DagBag from /home/steve/.local/lib/python3.8/site-packages/airflow/example_dags/example_branch_operator_decorator.py
[2022-11-08T20:43:10.654+0900] {processor.py:768} INFO - DAG(s) dict_keys(['example_branch_python_operator_decorator']) retrieved from /home/steve/.local/lib/python3.8/site-packages/airflow/example_dags/example_branch_operator_decorator.py
[2022-11-08T20:43:10.670+0900] {logging_mixin.py:117} INFO - [2022-11-08T20:43:10.670+0900] {dag.py:2573} INFO - Sync 1 DAGs
[2022-11-08T20:43:10.681+0900] {logging_mixin.py:117} INFO - [2022-11-08T20:43:10.681+0900] {dag.py:3324} INFO - Setting next_dagrun for example_branch_python_operator_decorator to 2022-11-07T00:00:00+00:00, run_after=2022-11-08T00:00:00+00:00
[2022-11-08T20:43:10.699+0900] {processor.py:178} INFO - Processing /home/steve/.local/lib/python3.8/site-packages/airflow/example_dags/example_branch_operator_decorator.py took 0.063 seconds
[2022-11-08T20:43:48.085+0900] {processor.py:156} INFO - Started process (PID=11713) to work on /home/steve/.local/lib/python3.8/site-packages/airflow/example_dags/example_branch_operator_decorator.py
[2022-11-08T20:43:48.087+0900] {processor.py:758} INFO - Processing file /home/steve/.local/lib/python3.8/site-packages/airflow/example_dags/example_branch_operator_decorator.py for tasks to queue
[2022-11-08T20:43:48.087+0900] {logging_mixin.py:117} INFO - [2022-11-08T20:43:48.087+0900] {dagbag.py:525} INFO - Filling up the DagBag from /home/steve/.local/lib/python3.8/site-packages/airflow/example_dags/example_branch_operator_decorator.py
[2022-11-08T20:43:48.100+0900] {processor.py:768} INFO - DAG(s) dict_keys(['example_branch_python_operator_decorator']) retrieved from /home/steve/.local/lib/python3.8/site-packages/airflow/example_dags/example_branch_operator_decorator.py
[2022-11-08T20:43:48.118+0900] {logging_mixin.py:117} INFO - [2022-11-08T20:43:48.118+0900] {dag.py:2573} INFO - Sync 1 DAGs
[2022-11-08T20:43:48.130+0900] {logging_mixin.py:117} INFO - [2022-11-08T20:43:48.130+0900] {dag.py:3324} INFO - Setting next_dagrun for example_branch_python_operator_decorator to 2022-11-07T00:00:00+00:00, run_after=2022-11-08T00:00:00+00:00
[2022-11-08T20:43:48.150+0900] {processor.py:178} INFO - Processing /home/steve/.local/lib/python3.8/site-packages/airflow/example_dags/example_branch_operator_decorator.py took 0.067 seconds
[2022-11-08T20:44:22.739+0900] {processor.py:156} INFO - Started process (PID=11750) to work on /home/steve/.local/lib/python3.8/site-packages/airflow/example_dags/example_branch_operator_decorator.py
[2022-11-08T20:44:22.740+0900] {processor.py:758} INFO - Processing file /home/steve/.local/lib/python3.8/site-packages/airflow/example_dags/example_branch_operator_decorator.py for tasks to queue
[2022-11-08T20:44:22.740+0900] {logging_mixin.py:117} INFO - [2022-11-08T20:44:22.740+0900] {dagbag.py:525} INFO - Filling up the DagBag from /home/steve/.local/lib/python3.8/site-packages/airflow/example_dags/example_branch_operator_decorator.py
[2022-11-08T20:44:22.755+0900] {processor.py:768} INFO - DAG(s) dict_keys(['example_branch_python_operator_decorator']) retrieved from /home/steve/.local/lib/python3.8/site-packages/airflow/example_dags/example_branch_operator_decorator.py
[2022-11-08T20:44:22.773+0900] {logging_mixin.py:117} INFO - [2022-11-08T20:44:22.773+0900] {dag.py:2573} INFO - Sync 1 DAGs
[2022-11-08T20:44:22.787+0900] {logging_mixin.py:117} INFO - [2022-11-08T20:44:22.787+0900] {dag.py:3324} INFO - Setting next_dagrun for example_branch_python_operator_decorator to 2022-11-07T00:00:00+00:00, run_after=2022-11-08T00:00:00+00:00
[2022-11-08T20:44:22.803+0900] {processor.py:178} INFO - Processing /home/steve/.local/lib/python3.8/site-packages/airflow/example_dags/example_branch_operator_decorator.py took 0.066 seconds
[2022-11-08T20:44:55.508+0900] {processor.py:156} INFO - Started process (PID=11785) to work on /home/steve/.local/lib/python3.8/site-packages/airflow/example_dags/example_branch_operator_decorator.py
[2022-11-08T20:44:55.510+0900] {processor.py:758} INFO - Processing file /home/steve/.local/lib/python3.8/site-packages/airflow/example_dags/example_branch_operator_decorator.py for tasks to queue
[2022-11-08T20:44:55.511+0900] {logging_mixin.py:117} INFO - [2022-11-08T20:44:55.510+0900] {dagbag.py:525} INFO - Filling up the DagBag from /home/steve/.local/lib/python3.8/site-packages/airflow/example_dags/example_branch_operator_decorator.py
[2022-11-08T20:44:55.525+0900] {processor.py:768} INFO - DAG(s) dict_keys(['example_branch_python_operator_decorator']) retrieved from /home/steve/.local/lib/python3.8/site-packages/airflow/example_dags/example_branch_operator_decorator.py
[2022-11-08T20:44:55.540+0900] {logging_mixin.py:117} INFO - [2022-11-08T20:44:55.540+0900] {dag.py:2573} INFO - Sync 1 DAGs
[2022-11-08T20:44:55.552+0900] {logging_mixin.py:117} INFO - [2022-11-08T20:44:55.552+0900] {dag.py:3324} INFO - Setting next_dagrun for example_branch_python_operator_decorator to 2022-11-07T00:00:00+00:00, run_after=2022-11-08T00:00:00+00:00
[2022-11-08T20:44:55.568+0900] {processor.py:178} INFO - Processing /home/steve/.local/lib/python3.8/site-packages/airflow/example_dags/example_branch_operator_decorator.py took 0.062 seconds
[2022-11-08T20:45:30.759+0900] {processor.py:156} INFO - Started process (PID=11820) to work on /home/steve/.local/lib/python3.8/site-packages/airflow/example_dags/example_branch_operator_decorator.py
[2022-11-08T20:45:30.761+0900] {processor.py:758} INFO - Processing file /home/steve/.local/lib/python3.8/site-packages/airflow/example_dags/example_branch_operator_decorator.py for tasks to queue
[2022-11-08T20:45:30.761+0900] {logging_mixin.py:117} INFO - [2022-11-08T20:45:30.761+0900] {dagbag.py:525} INFO - Filling up the DagBag from /home/steve/.local/lib/python3.8/site-packages/airflow/example_dags/example_branch_operator_decorator.py
[2022-11-08T20:45:30.775+0900] {processor.py:768} INFO - DAG(s) dict_keys(['example_branch_python_operator_decorator']) retrieved from /home/steve/.local/lib/python3.8/site-packages/airflow/example_dags/example_branch_operator_decorator.py
[2022-11-08T20:45:30.791+0900] {logging_mixin.py:117} INFO - [2022-11-08T20:45:30.791+0900] {dag.py:2573} INFO - Sync 1 DAGs
[2022-11-08T20:45:30.801+0900] {logging_mixin.py:117} INFO - [2022-11-08T20:45:30.801+0900] {dag.py:3324} INFO - Setting next_dagrun for example_branch_python_operator_decorator to 2022-11-07T00:00:00+00:00, run_after=2022-11-08T00:00:00+00:00
[2022-11-08T20:45:30.817+0900] {processor.py:178} INFO - Processing /home/steve/.local/lib/python3.8/site-packages/airflow/example_dags/example_branch_operator_decorator.py took 0.060 seconds
[2022-11-08T20:46:05.592+0900] {processor.py:156} INFO - Started process (PID=11856) to work on /home/steve/.local/lib/python3.8/site-packages/airflow/example_dags/example_branch_operator_decorator.py
[2022-11-08T20:46:05.593+0900] {processor.py:758} INFO - Processing file /home/steve/.local/lib/python3.8/site-packages/airflow/example_dags/example_branch_operator_decorator.py for tasks to queue
[2022-11-08T20:46:05.593+0900] {logging_mixin.py:117} INFO - [2022-11-08T20:46:05.593+0900] {dagbag.py:525} INFO - Filling up the DagBag from /home/steve/.local/lib/python3.8/site-packages/airflow/example_dags/example_branch_operator_decorator.py
[2022-11-08T20:46:05.607+0900] {processor.py:768} INFO - DAG(s) dict_keys(['example_branch_python_operator_decorator']) retrieved from /home/steve/.local/lib/python3.8/site-packages/airflow/example_dags/example_branch_operator_decorator.py
[2022-11-08T20:46:05.623+0900] {logging_mixin.py:117} INFO - [2022-11-08T20:46:05.623+0900] {dag.py:2573} INFO - Sync 1 DAGs
[2022-11-08T20:46:05.633+0900] {logging_mixin.py:117} INFO - [2022-11-08T20:46:05.633+0900] {dag.py:3324} INFO - Setting next_dagrun for example_branch_python_operator_decorator to 2022-11-07T00:00:00+00:00, run_after=2022-11-08T00:00:00+00:00
[2022-11-08T20:46:05.649+0900] {processor.py:178} INFO - Processing /home/steve/.local/lib/python3.8/site-packages/airflow/example_dags/example_branch_operator_decorator.py took 0.058 seconds
[2022-11-08T20:46:39.168+0900] {processor.py:156} INFO - Started process (PID=11889) to work on /home/steve/.local/lib/python3.8/site-packages/airflow/example_dags/example_branch_operator_decorator.py
[2022-11-08T20:46:39.170+0900] {processor.py:758} INFO - Processing file /home/steve/.local/lib/python3.8/site-packages/airflow/example_dags/example_branch_operator_decorator.py for tasks to queue
[2022-11-08T20:46:39.171+0900] {logging_mixin.py:117} INFO - [2022-11-08T20:46:39.170+0900] {dagbag.py:525} INFO - Filling up the DagBag from /home/steve/.local/lib/python3.8/site-packages/airflow/example_dags/example_branch_operator_decorator.py
[2022-11-08T20:46:39.184+0900] {processor.py:768} INFO - DAG(s) dict_keys(['example_branch_python_operator_decorator']) retrieved from /home/steve/.local/lib/python3.8/site-packages/airflow/example_dags/example_branch_operator_decorator.py
[2022-11-08T20:46:39.201+0900] {logging_mixin.py:117} INFO - [2022-11-08T20:46:39.201+0900] {dag.py:2573} INFO - Sync 1 DAGs
[2022-11-08T20:46:39.212+0900] {logging_mixin.py:117} INFO - [2022-11-08T20:46:39.212+0900] {dag.py:3324} INFO - Setting next_dagrun for example_branch_python_operator_decorator to 2022-11-07T00:00:00+00:00, run_after=2022-11-08T00:00:00+00:00
[2022-11-08T20:46:39.230+0900] {processor.py:178} INFO - Processing /home/steve/.local/lib/python3.8/site-packages/airflow/example_dags/example_branch_operator_decorator.py took 0.063 seconds
[2022-11-08T20:47:12.253+0900] {processor.py:156} INFO - Started process (PID=12037) to work on /home/steve/.local/lib/python3.8/site-packages/airflow/example_dags/example_branch_operator_decorator.py
[2022-11-08T20:47:12.255+0900] {processor.py:758} INFO - Processing file /home/steve/.local/lib/python3.8/site-packages/airflow/example_dags/example_branch_operator_decorator.py for tasks to queue
[2022-11-08T20:47:12.256+0900] {logging_mixin.py:117} INFO - [2022-11-08T20:47:12.256+0900] {dagbag.py:525} INFO - Filling up the DagBag from /home/steve/.local/lib/python3.8/site-packages/airflow/example_dags/example_branch_operator_decorator.py
[2022-11-08T20:47:12.270+0900] {processor.py:768} INFO - DAG(s) dict_keys(['example_branch_python_operator_decorator']) retrieved from /home/steve/.local/lib/python3.8/site-packages/airflow/example_dags/example_branch_operator_decorator.py
[2022-11-08T20:47:12.286+0900] {logging_mixin.py:117} INFO - [2022-11-08T20:47:12.286+0900] {dag.py:2573} INFO - Sync 1 DAGs
[2022-11-08T20:47:12.297+0900] {logging_mixin.py:117} INFO - [2022-11-08T20:47:12.297+0900] {dag.py:3324} INFO - Setting next_dagrun for example_branch_python_operator_decorator to 2022-11-07T00:00:00+00:00, run_after=2022-11-08T00:00:00+00:00
[2022-11-08T20:47:12.315+0900] {processor.py:178} INFO - Processing /home/steve/.local/lib/python3.8/site-packages/airflow/example_dags/example_branch_operator_decorator.py took 0.063 seconds
[2022-11-08T20:47:48.417+0900] {processor.py:156} INFO - Started process (PID=12248) to work on /home/steve/.local/lib/python3.8/site-packages/airflow/example_dags/example_branch_operator_decorator.py
[2022-11-08T20:47:48.419+0900] {processor.py:758} INFO - Processing file /home/steve/.local/lib/python3.8/site-packages/airflow/example_dags/example_branch_operator_decorator.py for tasks to queue
[2022-11-08T20:47:48.419+0900] {logging_mixin.py:117} INFO - [2022-11-08T20:47:48.419+0900] {dagbag.py:525} INFO - Filling up the DagBag from /home/steve/.local/lib/python3.8/site-packages/airflow/example_dags/example_branch_operator_decorator.py
[2022-11-08T20:47:48.433+0900] {processor.py:768} INFO - DAG(s) dict_keys(['example_branch_python_operator_decorator']) retrieved from /home/steve/.local/lib/python3.8/site-packages/airflow/example_dags/example_branch_operator_decorator.py
[2022-11-08T20:47:48.451+0900] {logging_mixin.py:117} INFO - [2022-11-08T20:47:48.451+0900] {dag.py:2573} INFO - Sync 1 DAGs
[2022-11-08T20:47:48.464+0900] {logging_mixin.py:117} INFO - [2022-11-08T20:47:48.464+0900] {dag.py:3324} INFO - Setting next_dagrun for example_branch_python_operator_decorator to 2022-11-07T00:00:00+00:00, run_after=2022-11-08T00:00:00+00:00
[2022-11-08T20:47:48.481+0900] {processor.py:178} INFO - Processing /home/steve/.local/lib/python3.8/site-packages/airflow/example_dags/example_branch_operator_decorator.py took 0.066 seconds
[2022-11-08T20:48:22.724+0900] {processor.py:156} INFO - Started process (PID=12283) to work on /home/steve/.local/lib/python3.8/site-packages/airflow/example_dags/example_branch_operator_decorator.py
[2022-11-08T20:48:22.726+0900] {processor.py:758} INFO - Processing file /home/steve/.local/lib/python3.8/site-packages/airflow/example_dags/example_branch_operator_decorator.py for tasks to queue
[2022-11-08T20:48:22.726+0900] {logging_mixin.py:117} INFO - [2022-11-08T20:48:22.726+0900] {dagbag.py:525} INFO - Filling up the DagBag from /home/steve/.local/lib/python3.8/site-packages/airflow/example_dags/example_branch_operator_decorator.py
[2022-11-08T20:48:22.740+0900] {processor.py:768} INFO - DAG(s) dict_keys(['example_branch_python_operator_decorator']) retrieved from /home/steve/.local/lib/python3.8/site-packages/airflow/example_dags/example_branch_operator_decorator.py
[2022-11-08T20:48:22.757+0900] {logging_mixin.py:117} INFO - [2022-11-08T20:48:22.757+0900] {dag.py:2573} INFO - Sync 1 DAGs
[2022-11-08T20:48:22.769+0900] {logging_mixin.py:117} INFO - [2022-11-08T20:48:22.769+0900] {dag.py:3324} INFO - Setting next_dagrun for example_branch_python_operator_decorator to 2022-11-07T00:00:00+00:00, run_after=2022-11-08T00:00:00+00:00
[2022-11-08T20:48:22.786+0900] {processor.py:178} INFO - Processing /home/steve/.local/lib/python3.8/site-packages/airflow/example_dags/example_branch_operator_decorator.py took 0.063 seconds
[2022-11-08T20:48:57.775+0900] {processor.py:156} INFO - Started process (PID=12319) to work on /home/steve/.local/lib/python3.8/site-packages/airflow/example_dags/example_branch_operator_decorator.py
[2022-11-08T20:48:57.778+0900] {processor.py:758} INFO - Processing file /home/steve/.local/lib/python3.8/site-packages/airflow/example_dags/example_branch_operator_decorator.py for tasks to queue
[2022-11-08T20:48:57.778+0900] {logging_mixin.py:117} INFO - [2022-11-08T20:48:57.778+0900] {dagbag.py:525} INFO - Filling up the DagBag from /home/steve/.local/lib/python3.8/site-packages/airflow/example_dags/example_branch_operator_decorator.py
[2022-11-08T20:48:57.792+0900] {processor.py:768} INFO - DAG(s) dict_keys(['example_branch_python_operator_decorator']) retrieved from /home/steve/.local/lib/python3.8/site-packages/airflow/example_dags/example_branch_operator_decorator.py
[2022-11-08T20:48:57.810+0900] {logging_mixin.py:117} INFO - [2022-11-08T20:48:57.810+0900] {dag.py:2573} INFO - Sync 1 DAGs
[2022-11-08T20:48:57.822+0900] {logging_mixin.py:117} INFO - [2022-11-08T20:48:57.822+0900] {dag.py:3324} INFO - Setting next_dagrun for example_branch_python_operator_decorator to 2022-11-07T00:00:00+00:00, run_after=2022-11-08T00:00:00+00:00
[2022-11-08T20:48:57.838+0900] {processor.py:178} INFO - Processing /home/steve/.local/lib/python3.8/site-packages/airflow/example_dags/example_branch_operator_decorator.py took 0.065 seconds
[2022-11-08T20:49:32.609+0900] {processor.py:156} INFO - Started process (PID=12356) to work on /home/steve/.local/lib/python3.8/site-packages/airflow/example_dags/example_branch_operator_decorator.py
[2022-11-08T20:49:32.609+0900] {processor.py:758} INFO - Processing file /home/steve/.local/lib/python3.8/site-packages/airflow/example_dags/example_branch_operator_decorator.py for tasks to queue
[2022-11-08T20:49:32.610+0900] {logging_mixin.py:117} INFO - [2022-11-08T20:49:32.610+0900] {dagbag.py:525} INFO - Filling up the DagBag from /home/steve/.local/lib/python3.8/site-packages/airflow/example_dags/example_branch_operator_decorator.py
[2022-11-08T20:49:32.625+0900] {processor.py:768} INFO - DAG(s) dict_keys(['example_branch_python_operator_decorator']) retrieved from /home/steve/.local/lib/python3.8/site-packages/airflow/example_dags/example_branch_operator_decorator.py
[2022-11-08T20:49:32.643+0900] {logging_mixin.py:117} INFO - [2022-11-08T20:49:32.643+0900] {dag.py:2573} INFO - Sync 1 DAGs
[2022-11-08T20:49:32.655+0900] {logging_mixin.py:117} INFO - [2022-11-08T20:49:32.655+0900] {dag.py:3324} INFO - Setting next_dagrun for example_branch_python_operator_decorator to 2022-11-07T00:00:00+00:00, run_after=2022-11-08T00:00:00+00:00
[2022-11-08T20:49:32.672+0900] {processor.py:178} INFO - Processing /home/steve/.local/lib/python3.8/site-packages/airflow/example_dags/example_branch_operator_decorator.py took 0.065 seconds
[2022-11-08T20:50:05.894+0900] {processor.py:156} INFO - Started process (PID=12391) to work on /home/steve/.local/lib/python3.8/site-packages/airflow/example_dags/example_branch_operator_decorator.py
[2022-11-08T20:50:05.896+0900] {processor.py:758} INFO - Processing file /home/steve/.local/lib/python3.8/site-packages/airflow/example_dags/example_branch_operator_decorator.py for tasks to queue
[2022-11-08T20:50:05.897+0900] {logging_mixin.py:117} INFO - [2022-11-08T20:50:05.897+0900] {dagbag.py:525} INFO - Filling up the DagBag from /home/steve/.local/lib/python3.8/site-packages/airflow/example_dags/example_branch_operator_decorator.py
[2022-11-08T20:50:05.911+0900] {processor.py:768} INFO - DAG(s) dict_keys(['example_branch_python_operator_decorator']) retrieved from /home/steve/.local/lib/python3.8/site-packages/airflow/example_dags/example_branch_operator_decorator.py
[2022-11-08T20:50:05.927+0900] {logging_mixin.py:117} INFO - [2022-11-08T20:50:05.927+0900] {dag.py:2573} INFO - Sync 1 DAGs
[2022-11-08T20:50:05.938+0900] {logging_mixin.py:117} INFO - [2022-11-08T20:50:05.938+0900] {dag.py:3324} INFO - Setting next_dagrun for example_branch_python_operator_decorator to 2022-11-07T00:00:00+00:00, run_after=2022-11-08T00:00:00+00:00
[2022-11-08T20:50:05.954+0900] {processor.py:178} INFO - Processing /home/steve/.local/lib/python3.8/site-packages/airflow/example_dags/example_branch_operator_decorator.py took 0.061 seconds
[2022-11-08T20:50:42.412+0900] {processor.py:156} INFO - Started process (PID=12582) to work on /home/steve/.local/lib/python3.8/site-packages/airflow/example_dags/example_branch_operator_decorator.py
[2022-11-08T20:50:42.413+0900] {processor.py:758} INFO - Processing file /home/steve/.local/lib/python3.8/site-packages/airflow/example_dags/example_branch_operator_decorator.py for tasks to queue
[2022-11-08T20:50:42.413+0900] {logging_mixin.py:117} INFO - [2022-11-08T20:50:42.413+0900] {dagbag.py:525} INFO - Filling up the DagBag from /home/steve/.local/lib/python3.8/site-packages/airflow/example_dags/example_branch_operator_decorator.py
[2022-11-08T20:50:42.427+0900] {processor.py:768} INFO - DAG(s) dict_keys(['example_branch_python_operator_decorator']) retrieved from /home/steve/.local/lib/python3.8/site-packages/airflow/example_dags/example_branch_operator_decorator.py
[2022-11-08T20:50:42.441+0900] {logging_mixin.py:117} INFO - [2022-11-08T20:50:42.441+0900] {dag.py:2573} INFO - Sync 1 DAGs
[2022-11-08T20:50:42.452+0900] {logging_mixin.py:117} INFO - [2022-11-08T20:50:42.452+0900] {dag.py:3324} INFO - Setting next_dagrun for example_branch_python_operator_decorator to 2022-11-07T00:00:00+00:00, run_after=2022-11-08T00:00:00+00:00
[2022-11-08T20:50:42.468+0900] {processor.py:178} INFO - Processing /home/steve/.local/lib/python3.8/site-packages/airflow/example_dags/example_branch_operator_decorator.py took 0.057 seconds
