[2022-11-08T19:44:43.114+0900] {processor.py:156} INFO - Started process (PID=7252) to work on /home/steve/.local/lib/python3.8/site-packages/airflow/example_dags/example_time_delta_sensor_async.py
[2022-11-08T19:44:43.114+0900] {processor.py:758} INFO - Processing file /home/steve/.local/lib/python3.8/site-packages/airflow/example_dags/example_time_delta_sensor_async.py for tasks to queue
[2022-11-08T19:44:43.114+0900] {logging_mixin.py:117} INFO - [2022-11-08T19:44:43.114+0900] {dagbag.py:525} INFO - Filling up the DagBag from /home/steve/.local/lib/python3.8/site-packages/airflow/example_dags/example_time_delta_sensor_async.py
[2022-11-08T19:44:43.123+0900] {processor.py:768} INFO - DAG(s) dict_keys(['example_time_delta_sensor_async']) retrieved from /home/steve/.local/lib/python3.8/site-packages/airflow/example_dags/example_time_delta_sensor_async.py
[2022-11-08T19:44:43.368+0900] {logging_mixin.py:117} INFO - [2022-11-08T19:44:43.368+0900] {manager.py:507} INFO - Created Permission View: can edit on DAG:example_time_delta_sensor_async
[2022-11-08T19:44:43.378+0900] {logging_mixin.py:117} INFO - [2022-11-08T19:44:43.378+0900] {manager.py:507} INFO - Created Permission View: can delete on DAG:example_time_delta_sensor_async
[2022-11-08T19:44:43.387+0900] {logging_mixin.py:117} INFO - [2022-11-08T19:44:43.387+0900] {manager.py:507} INFO - Created Permission View: can read on DAG:example_time_delta_sensor_async
[2022-11-08T19:44:43.387+0900] {logging_mixin.py:117} INFO - [2022-11-08T19:44:43.387+0900] {dag.py:2573} INFO - Sync 1 DAGs
[2022-11-08T19:44:43.393+0900] {logging_mixin.py:117} INFO - [2022-11-08T19:44:43.392+0900] {dag.py:2594} INFO - Creating ORM DAG for example_time_delta_sensor_async
[2022-11-08T19:44:43.397+0900] {logging_mixin.py:117} INFO - [2022-11-08T19:44:43.397+0900] {dag.py:3324} INFO - Setting next_dagrun for example_time_delta_sensor_async to None, run_after=None
[2022-11-08T19:44:43.415+0900] {processor.py:178} INFO - Processing /home/steve/.local/lib/python3.8/site-packages/airflow/example_dags/example_time_delta_sensor_async.py took 0.303 seconds
[2022-11-08T19:45:21.106+0900] {processor.py:156} INFO - Started process (PID=7570) to work on /home/steve/.local/lib/python3.8/site-packages/airflow/example_dags/example_time_delta_sensor_async.py
[2022-11-08T19:45:21.108+0900] {processor.py:758} INFO - Processing file /home/steve/.local/lib/python3.8/site-packages/airflow/example_dags/example_time_delta_sensor_async.py for tasks to queue
[2022-11-08T19:45:21.108+0900] {logging_mixin.py:117} INFO - [2022-11-08T19:45:21.108+0900] {dagbag.py:525} INFO - Filling up the DagBag from /home/steve/.local/lib/python3.8/site-packages/airflow/example_dags/example_time_delta_sensor_async.py
[2022-11-08T19:45:21.114+0900] {processor.py:768} INFO - DAG(s) dict_keys(['example_time_delta_sensor_async']) retrieved from /home/steve/.local/lib/python3.8/site-packages/airflow/example_dags/example_time_delta_sensor_async.py
[2022-11-08T19:45:21.183+0900] {logging_mixin.py:117} INFO - [2022-11-08T19:45:21.183+0900] {dag.py:2573} INFO - Sync 1 DAGs
[2022-11-08T19:45:21.192+0900] {logging_mixin.py:117} INFO - [2022-11-08T19:45:21.192+0900] {dag.py:3324} INFO - Setting next_dagrun for example_time_delta_sensor_async to None, run_after=None
[2022-11-08T19:45:21.208+0900] {processor.py:178} INFO - Processing /home/steve/.local/lib/python3.8/site-packages/airflow/example_dags/example_time_delta_sensor_async.py took 0.104 seconds
[2022-11-08T19:45:55.714+0900] {processor.py:156} INFO - Started process (PID=7781) to work on /home/steve/.local/lib/python3.8/site-packages/airflow/example_dags/example_time_delta_sensor_async.py
[2022-11-08T19:45:55.716+0900] {processor.py:758} INFO - Processing file /home/steve/.local/lib/python3.8/site-packages/airflow/example_dags/example_time_delta_sensor_async.py for tasks to queue
[2022-11-08T19:45:55.716+0900] {logging_mixin.py:117} INFO - [2022-11-08T19:45:55.716+0900] {dagbag.py:525} INFO - Filling up the DagBag from /home/steve/.local/lib/python3.8/site-packages/airflow/example_dags/example_time_delta_sensor_async.py
[2022-11-08T19:45:55.724+0900] {processor.py:768} INFO - DAG(s) dict_keys(['example_time_delta_sensor_async']) retrieved from /home/steve/.local/lib/python3.8/site-packages/airflow/example_dags/example_time_delta_sensor_async.py
[2022-11-08T19:45:55.817+0900] {logging_mixin.py:117} INFO - [2022-11-08T19:45:55.817+0900] {dag.py:2573} INFO - Sync 1 DAGs
[2022-11-08T19:45:55.828+0900] {logging_mixin.py:117} INFO - [2022-11-08T19:45:55.828+0900] {dag.py:3324} INFO - Setting next_dagrun for example_time_delta_sensor_async to None, run_after=None
[2022-11-08T19:45:55.845+0900] {processor.py:178} INFO - Processing /home/steve/.local/lib/python3.8/site-packages/airflow/example_dags/example_time_delta_sensor_async.py took 0.132 seconds
[2022-11-08T19:46:31.611+0900] {processor.py:156} INFO - Started process (PID=7820) to work on /home/steve/.local/lib/python3.8/site-packages/airflow/example_dags/example_time_delta_sensor_async.py
[2022-11-08T19:46:31.613+0900] {processor.py:758} INFO - Processing file /home/steve/.local/lib/python3.8/site-packages/airflow/example_dags/example_time_delta_sensor_async.py for tasks to queue
[2022-11-08T19:46:31.613+0900] {logging_mixin.py:117} INFO - [2022-11-08T19:46:31.613+0900] {dagbag.py:525} INFO - Filling up the DagBag from /home/steve/.local/lib/python3.8/site-packages/airflow/example_dags/example_time_delta_sensor_async.py
[2022-11-08T19:46:31.620+0900] {processor.py:768} INFO - DAG(s) dict_keys(['example_time_delta_sensor_async']) retrieved from /home/steve/.local/lib/python3.8/site-packages/airflow/example_dags/example_time_delta_sensor_async.py
[2022-11-08T19:46:31.686+0900] {logging_mixin.py:117} INFO - [2022-11-08T19:46:31.686+0900] {dag.py:2573} INFO - Sync 1 DAGs
[2022-11-08T19:46:31.696+0900] {logging_mixin.py:117} INFO - [2022-11-08T19:46:31.695+0900] {dag.py:3324} INFO - Setting next_dagrun for example_time_delta_sensor_async to None, run_after=None
[2022-11-08T19:46:31.712+0900] {processor.py:178} INFO - Processing /home/steve/.local/lib/python3.8/site-packages/airflow/example_dags/example_time_delta_sensor_async.py took 0.103 seconds
[2022-11-08T19:47:06.742+0900] {processor.py:156} INFO - Started process (PID=7896) to work on /home/steve/.local/lib/python3.8/site-packages/airflow/example_dags/example_time_delta_sensor_async.py
[2022-11-08T19:47:06.743+0900] {processor.py:758} INFO - Processing file /home/steve/.local/lib/python3.8/site-packages/airflow/example_dags/example_time_delta_sensor_async.py for tasks to queue
[2022-11-08T19:47:06.744+0900] {logging_mixin.py:117} INFO - [2022-11-08T19:47:06.744+0900] {dagbag.py:525} INFO - Filling up the DagBag from /home/steve/.local/lib/python3.8/site-packages/airflow/example_dags/example_time_delta_sensor_async.py
[2022-11-08T19:47:06.751+0900] {processor.py:768} INFO - DAG(s) dict_keys(['example_time_delta_sensor_async']) retrieved from /home/steve/.local/lib/python3.8/site-packages/airflow/example_dags/example_time_delta_sensor_async.py
[2022-11-08T19:47:06.818+0900] {logging_mixin.py:117} INFO - [2022-11-08T19:47:06.818+0900] {dag.py:2573} INFO - Sync 1 DAGs
[2022-11-08T19:47:06.828+0900] {logging_mixin.py:117} INFO - [2022-11-08T19:47:06.827+0900] {dag.py:3324} INFO - Setting next_dagrun for example_time_delta_sensor_async to None, run_after=None
[2022-11-08T19:47:06.909+0900] {processor.py:178} INFO - Processing /home/steve/.local/lib/python3.8/site-packages/airflow/example_dags/example_time_delta_sensor_async.py took 0.169 seconds
[2022-11-08T19:47:41.360+0900] {processor.py:156} INFO - Started process (PID=7930) to work on /home/steve/.local/lib/python3.8/site-packages/airflow/example_dags/example_time_delta_sensor_async.py
[2022-11-08T19:47:41.363+0900] {processor.py:758} INFO - Processing file /home/steve/.local/lib/python3.8/site-packages/airflow/example_dags/example_time_delta_sensor_async.py for tasks to queue
[2022-11-08T19:47:41.363+0900] {logging_mixin.py:117} INFO - [2022-11-08T19:47:41.363+0900] {dagbag.py:525} INFO - Filling up the DagBag from /home/steve/.local/lib/python3.8/site-packages/airflow/example_dags/example_time_delta_sensor_async.py
[2022-11-08T19:47:41.370+0900] {processor.py:768} INFO - DAG(s) dict_keys(['example_time_delta_sensor_async']) retrieved from /home/steve/.local/lib/python3.8/site-packages/airflow/example_dags/example_time_delta_sensor_async.py
[2022-11-08T19:47:41.436+0900] {logging_mixin.py:117} INFO - [2022-11-08T19:47:41.436+0900] {dag.py:2573} INFO - Sync 1 DAGs
[2022-11-08T19:47:41.512+0900] {logging_mixin.py:117} INFO - [2022-11-08T19:47:41.512+0900] {dag.py:3324} INFO - Setting next_dagrun for example_time_delta_sensor_async to None, run_after=None
[2022-11-08T19:47:41.527+0900] {processor.py:178} INFO - Processing /home/steve/.local/lib/python3.8/site-packages/airflow/example_dags/example_time_delta_sensor_async.py took 0.168 seconds
[2022-11-08T19:48:18.184+0900] {processor.py:156} INFO - Started process (PID=7965) to work on /home/steve/.local/lib/python3.8/site-packages/airflow/example_dags/example_time_delta_sensor_async.py
[2022-11-08T19:48:18.186+0900] {processor.py:758} INFO - Processing file /home/steve/.local/lib/python3.8/site-packages/airflow/example_dags/example_time_delta_sensor_async.py for tasks to queue
[2022-11-08T19:48:18.187+0900] {logging_mixin.py:117} INFO - [2022-11-08T19:48:18.187+0900] {dagbag.py:525} INFO - Filling up the DagBag from /home/steve/.local/lib/python3.8/site-packages/airflow/example_dags/example_time_delta_sensor_async.py
[2022-11-08T19:48:18.193+0900] {processor.py:768} INFO - DAG(s) dict_keys(['example_time_delta_sensor_async']) retrieved from /home/steve/.local/lib/python3.8/site-packages/airflow/example_dags/example_time_delta_sensor_async.py
[2022-11-08T19:48:18.325+0900] {logging_mixin.py:117} INFO - [2022-11-08T19:48:18.325+0900] {dag.py:2573} INFO - Sync 1 DAGs
[2022-11-08T19:48:18.333+0900] {logging_mixin.py:117} INFO - [2022-11-08T19:48:18.333+0900] {dag.py:3324} INFO - Setting next_dagrun for example_time_delta_sensor_async to None, run_after=None
[2022-11-08T19:48:18.348+0900] {processor.py:178} INFO - Processing /home/steve/.local/lib/python3.8/site-packages/airflow/example_dags/example_time_delta_sensor_async.py took 0.165 seconds
[2022-11-08T19:48:54.835+0900] {processor.py:156} INFO - Started process (PID=8001) to work on /home/steve/.local/lib/python3.8/site-packages/airflow/example_dags/example_time_delta_sensor_async.py
[2022-11-08T19:48:54.837+0900] {processor.py:758} INFO - Processing file /home/steve/.local/lib/python3.8/site-packages/airflow/example_dags/example_time_delta_sensor_async.py for tasks to queue
[2022-11-08T19:48:54.837+0900] {logging_mixin.py:117} INFO - [2022-11-08T19:48:54.837+0900] {dagbag.py:525} INFO - Filling up the DagBag from /home/steve/.local/lib/python3.8/site-packages/airflow/example_dags/example_time_delta_sensor_async.py
[2022-11-08T19:48:54.844+0900] {processor.py:768} INFO - DAG(s) dict_keys(['example_time_delta_sensor_async']) retrieved from /home/steve/.local/lib/python3.8/site-packages/airflow/example_dags/example_time_delta_sensor_async.py
[2022-11-08T19:48:54.977+0900] {logging_mixin.py:117} INFO - [2022-11-08T19:48:54.977+0900] {dag.py:2573} INFO - Sync 1 DAGs
[2022-11-08T19:48:54.985+0900] {logging_mixin.py:117} INFO - [2022-11-08T19:48:54.985+0900] {dag.py:3324} INFO - Setting next_dagrun for example_time_delta_sensor_async to None, run_after=None
[2022-11-08T19:48:55.000+0900] {processor.py:178} INFO - Processing /home/steve/.local/lib/python3.8/site-packages/airflow/example_dags/example_time_delta_sensor_async.py took 0.167 seconds
[2022-11-08T19:49:28.614+0900] {processor.py:156} INFO - Started process (PID=8033) to work on /home/steve/.local/lib/python3.8/site-packages/airflow/example_dags/example_time_delta_sensor_async.py
[2022-11-08T19:49:28.615+0900] {processor.py:758} INFO - Processing file /home/steve/.local/lib/python3.8/site-packages/airflow/example_dags/example_time_delta_sensor_async.py for tasks to queue
[2022-11-08T19:49:28.615+0900] {logging_mixin.py:117} INFO - [2022-11-08T19:49:28.615+0900] {dagbag.py:525} INFO - Filling up the DagBag from /home/steve/.local/lib/python3.8/site-packages/airflow/example_dags/example_time_delta_sensor_async.py
[2022-11-08T19:49:28.622+0900] {processor.py:768} INFO - DAG(s) dict_keys(['example_time_delta_sensor_async']) retrieved from /home/steve/.local/lib/python3.8/site-packages/airflow/example_dags/example_time_delta_sensor_async.py
[2022-11-08T19:49:28.766+0900] {logging_mixin.py:117} INFO - [2022-11-08T19:49:28.766+0900] {dag.py:2573} INFO - Sync 1 DAGs
[2022-11-08T19:49:28.776+0900] {logging_mixin.py:117} INFO - [2022-11-08T19:49:28.776+0900] {dag.py:3324} INFO - Setting next_dagrun for example_time_delta_sensor_async to None, run_after=None
[2022-11-08T19:49:28.791+0900] {processor.py:178} INFO - Processing /home/steve/.local/lib/python3.8/site-packages/airflow/example_dags/example_time_delta_sensor_async.py took 0.179 seconds
[2022-11-08T19:50:04.982+0900] {processor.py:156} INFO - Started process (PID=8096) to work on /home/steve/.local/lib/python3.8/site-packages/airflow/example_dags/example_time_delta_sensor_async.py
[2022-11-08T19:50:04.984+0900] {processor.py:758} INFO - Processing file /home/steve/.local/lib/python3.8/site-packages/airflow/example_dags/example_time_delta_sensor_async.py for tasks to queue
[2022-11-08T19:50:04.985+0900] {logging_mixin.py:117} INFO - [2022-11-08T19:50:04.985+0900] {dagbag.py:525} INFO - Filling up the DagBag from /home/steve/.local/lib/python3.8/site-packages/airflow/example_dags/example_time_delta_sensor_async.py
[2022-11-08T19:50:04.991+0900] {processor.py:768} INFO - DAG(s) dict_keys(['example_time_delta_sensor_async']) retrieved from /home/steve/.local/lib/python3.8/site-packages/airflow/example_dags/example_time_delta_sensor_async.py
[2022-11-08T19:50:05.123+0900] {logging_mixin.py:117} INFO - [2022-11-08T19:50:05.123+0900] {dag.py:2573} INFO - Sync 1 DAGs
[2022-11-08T19:50:05.131+0900] {logging_mixin.py:117} INFO - [2022-11-08T19:50:05.131+0900] {dag.py:3324} INFO - Setting next_dagrun for example_time_delta_sensor_async to None, run_after=None
[2022-11-08T19:50:05.148+0900] {processor.py:178} INFO - Processing /home/steve/.local/lib/python3.8/site-packages/airflow/example_dags/example_time_delta_sensor_async.py took 0.167 seconds
[2022-11-08T19:50:40.874+0900] {processor.py:156} INFO - Started process (PID=8132) to work on /home/steve/.local/lib/python3.8/site-packages/airflow/example_dags/example_time_delta_sensor_async.py
[2022-11-08T19:50:40.875+0900] {processor.py:758} INFO - Processing file /home/steve/.local/lib/python3.8/site-packages/airflow/example_dags/example_time_delta_sensor_async.py for tasks to queue
[2022-11-08T19:50:40.875+0900] {logging_mixin.py:117} INFO - [2022-11-08T19:50:40.875+0900] {dagbag.py:525} INFO - Filling up the DagBag from /home/steve/.local/lib/python3.8/site-packages/airflow/example_dags/example_time_delta_sensor_async.py
[2022-11-08T19:50:40.882+0900] {processor.py:768} INFO - DAG(s) dict_keys(['example_time_delta_sensor_async']) retrieved from /home/steve/.local/lib/python3.8/site-packages/airflow/example_dags/example_time_delta_sensor_async.py
[2022-11-08T19:50:41.013+0900] {logging_mixin.py:117} INFO - [2022-11-08T19:50:41.013+0900] {dag.py:2573} INFO - Sync 1 DAGs
[2022-11-08T19:50:41.023+0900] {logging_mixin.py:117} INFO - [2022-11-08T19:50:41.023+0900] {dag.py:3324} INFO - Setting next_dagrun for example_time_delta_sensor_async to None, run_after=None
[2022-11-08T19:50:41.038+0900] {processor.py:178} INFO - Processing /home/steve/.local/lib/python3.8/site-packages/airflow/example_dags/example_time_delta_sensor_async.py took 0.165 seconds
[2022-11-08T19:51:15.229+0900] {processor.py:156} INFO - Started process (PID=8165) to work on /home/steve/.local/lib/python3.8/site-packages/airflow/example_dags/example_time_delta_sensor_async.py
[2022-11-08T19:51:15.232+0900] {processor.py:758} INFO - Processing file /home/steve/.local/lib/python3.8/site-packages/airflow/example_dags/example_time_delta_sensor_async.py for tasks to queue
[2022-11-08T19:51:15.232+0900] {logging_mixin.py:117} INFO - [2022-11-08T19:51:15.232+0900] {dagbag.py:525} INFO - Filling up the DagBag from /home/steve/.local/lib/python3.8/site-packages/airflow/example_dags/example_time_delta_sensor_async.py
[2022-11-08T19:51:15.305+0900] {processor.py:768} INFO - DAG(s) dict_keys(['example_time_delta_sensor_async']) retrieved from /home/steve/.local/lib/python3.8/site-packages/airflow/example_dags/example_time_delta_sensor_async.py
[2022-11-08T19:51:15.369+0900] {logging_mixin.py:117} INFO - [2022-11-08T19:51:15.369+0900] {dag.py:2573} INFO - Sync 1 DAGs
[2022-11-08T19:51:15.378+0900] {logging_mixin.py:117} INFO - [2022-11-08T19:51:15.378+0900] {dag.py:3324} INFO - Setting next_dagrun for example_time_delta_sensor_async to None, run_after=None
[2022-11-08T19:51:15.393+0900] {processor.py:178} INFO - Processing /home/steve/.local/lib/python3.8/site-packages/airflow/example_dags/example_time_delta_sensor_async.py took 0.165 seconds
[2022-11-08T19:51:51.780+0900] {processor.py:156} INFO - Started process (PID=8201) to work on /home/steve/.local/lib/python3.8/site-packages/airflow/example_dags/example_time_delta_sensor_async.py
[2022-11-08T19:51:51.781+0900] {processor.py:758} INFO - Processing file /home/steve/.local/lib/python3.8/site-packages/airflow/example_dags/example_time_delta_sensor_async.py for tasks to queue
[2022-11-08T19:51:51.781+0900] {logging_mixin.py:117} INFO - [2022-11-08T19:51:51.781+0900] {dagbag.py:525} INFO - Filling up the DagBag from /home/steve/.local/lib/python3.8/site-packages/airflow/example_dags/example_time_delta_sensor_async.py
[2022-11-08T19:51:51.788+0900] {processor.py:768} INFO - DAG(s) dict_keys(['example_time_delta_sensor_async']) retrieved from /home/steve/.local/lib/python3.8/site-packages/airflow/example_dags/example_time_delta_sensor_async.py
[2022-11-08T19:51:51.855+0900] {logging_mixin.py:117} INFO - [2022-11-08T19:51:51.855+0900] {dag.py:2573} INFO - Sync 1 DAGs
[2022-11-08T19:51:51.864+0900] {logging_mixin.py:117} INFO - [2022-11-08T19:51:51.864+0900] {dag.py:3324} INFO - Setting next_dagrun for example_time_delta_sensor_async to None, run_after=None
[2022-11-08T19:51:51.880+0900] {processor.py:178} INFO - Processing /home/steve/.local/lib/python3.8/site-packages/airflow/example_dags/example_time_delta_sensor_async.py took 0.101 seconds
[2022-11-08T19:52:26.076+0900] {processor.py:156} INFO - Started process (PID=8237) to work on /home/steve/.local/lib/python3.8/site-packages/airflow/example_dags/example_time_delta_sensor_async.py
[2022-11-08T19:52:26.078+0900] {processor.py:758} INFO - Processing file /home/steve/.local/lib/python3.8/site-packages/airflow/example_dags/example_time_delta_sensor_async.py for tasks to queue
[2022-11-08T19:52:26.078+0900] {logging_mixin.py:117} INFO - [2022-11-08T19:52:26.078+0900] {dagbag.py:525} INFO - Filling up the DagBag from /home/steve/.local/lib/python3.8/site-packages/airflow/example_dags/example_time_delta_sensor_async.py
[2022-11-08T19:52:26.085+0900] {processor.py:768} INFO - DAG(s) dict_keys(['example_time_delta_sensor_async']) retrieved from /home/steve/.local/lib/python3.8/site-packages/airflow/example_dags/example_time_delta_sensor_async.py
[2022-11-08T19:52:26.155+0900] {logging_mixin.py:117} INFO - [2022-11-08T19:52:26.155+0900] {dag.py:2573} INFO - Sync 1 DAGs
[2022-11-08T19:52:26.164+0900] {logging_mixin.py:117} INFO - [2022-11-08T19:52:26.164+0900] {dag.py:3324} INFO - Setting next_dagrun for example_time_delta_sensor_async to None, run_after=None
[2022-11-08T19:52:26.179+0900] {processor.py:178} INFO - Processing /home/steve/.local/lib/python3.8/site-packages/airflow/example_dags/example_time_delta_sensor_async.py took 0.105 seconds
[2022-11-08T19:52:58.821+0900] {processor.py:156} INFO - Started process (PID=8377) to work on /home/steve/.local/lib/python3.8/site-packages/airflow/example_dags/example_time_delta_sensor_async.py
[2022-11-08T19:52:58.823+0900] {processor.py:758} INFO - Processing file /home/steve/.local/lib/python3.8/site-packages/airflow/example_dags/example_time_delta_sensor_async.py for tasks to queue
[2022-11-08T19:52:58.823+0900] {logging_mixin.py:117} INFO - [2022-11-08T19:52:58.823+0900] {dagbag.py:525} INFO - Filling up the DagBag from /home/steve/.local/lib/python3.8/site-packages/airflow/example_dags/example_time_delta_sensor_async.py
[2022-11-08T19:52:58.829+0900] {processor.py:768} INFO - DAG(s) dict_keys(['example_time_delta_sensor_async']) retrieved from /home/steve/.local/lib/python3.8/site-packages/airflow/example_dags/example_time_delta_sensor_async.py
[2022-11-08T19:52:58.840+0900] {logging_mixin.py:117} INFO - [2022-11-08T19:52:58.840+0900] {dag.py:2573} INFO - Sync 1 DAGs
[2022-11-08T19:52:58.850+0900] {logging_mixin.py:117} INFO - [2022-11-08T19:52:58.850+0900] {dag.py:3324} INFO - Setting next_dagrun for example_time_delta_sensor_async to None, run_after=None
[2022-11-08T19:52:58.866+0900] {processor.py:178} INFO - Processing /home/steve/.local/lib/python3.8/site-packages/airflow/example_dags/example_time_delta_sensor_async.py took 0.047 seconds
[2022-11-08T19:53:33.106+0900] {processor.py:156} INFO - Started process (PID=8531) to work on /home/steve/.local/lib/python3.8/site-packages/airflow/example_dags/example_time_delta_sensor_async.py
[2022-11-08T19:53:33.108+0900] {processor.py:758} INFO - Processing file /home/steve/.local/lib/python3.8/site-packages/airflow/example_dags/example_time_delta_sensor_async.py for tasks to queue
[2022-11-08T19:53:33.108+0900] {logging_mixin.py:117} INFO - [2022-11-08T19:53:33.108+0900] {dagbag.py:525} INFO - Filling up the DagBag from /home/steve/.local/lib/python3.8/site-packages/airflow/example_dags/example_time_delta_sensor_async.py
[2022-11-08T19:53:33.115+0900] {processor.py:768} INFO - DAG(s) dict_keys(['example_time_delta_sensor_async']) retrieved from /home/steve/.local/lib/python3.8/site-packages/airflow/example_dags/example_time_delta_sensor_async.py
[2022-11-08T19:53:33.184+0900] {logging_mixin.py:117} INFO - [2022-11-08T19:53:33.184+0900] {dag.py:2573} INFO - Sync 1 DAGs
[2022-11-08T19:53:33.193+0900] {logging_mixin.py:117} INFO - [2022-11-08T19:53:33.193+0900] {dag.py:3324} INFO - Setting next_dagrun for example_time_delta_sensor_async to None, run_after=None
[2022-11-08T19:53:33.208+0900] {processor.py:178} INFO - Processing /home/steve/.local/lib/python3.8/site-packages/airflow/example_dags/example_time_delta_sensor_async.py took 0.104 seconds
[2022-11-08T19:54:07.897+0900] {processor.py:156} INFO - Started process (PID=8592) to work on /home/steve/.local/lib/python3.8/site-packages/airflow/example_dags/example_time_delta_sensor_async.py
[2022-11-08T19:54:07.900+0900] {processor.py:758} INFO - Processing file /home/steve/.local/lib/python3.8/site-packages/airflow/example_dags/example_time_delta_sensor_async.py for tasks to queue
[2022-11-08T19:54:07.900+0900] {logging_mixin.py:117} INFO - [2022-11-08T19:54:07.900+0900] {dagbag.py:525} INFO - Filling up the DagBag from /home/steve/.local/lib/python3.8/site-packages/airflow/example_dags/example_time_delta_sensor_async.py
[2022-11-08T19:54:07.908+0900] {processor.py:768} INFO - DAG(s) dict_keys(['example_time_delta_sensor_async']) retrieved from /home/steve/.local/lib/python3.8/site-packages/airflow/example_dags/example_time_delta_sensor_async.py
[2022-11-08T19:54:07.979+0900] {logging_mixin.py:117} INFO - [2022-11-08T19:54:07.979+0900] {dag.py:2573} INFO - Sync 1 DAGs
[2022-11-08T19:54:07.989+0900] {logging_mixin.py:117} INFO - [2022-11-08T19:54:07.989+0900] {dag.py:3324} INFO - Setting next_dagrun for example_time_delta_sensor_async to None, run_after=None
[2022-11-08T19:54:08.004+0900] {processor.py:178} INFO - Processing /home/steve/.local/lib/python3.8/site-packages/airflow/example_dags/example_time_delta_sensor_async.py took 0.109 seconds
[2022-11-08T19:54:44.108+0900] {processor.py:156} INFO - Started process (PID=8893) to work on /home/steve/.local/lib/python3.8/site-packages/airflow/example_dags/example_time_delta_sensor_async.py
[2022-11-08T19:54:44.109+0900] {processor.py:758} INFO - Processing file /home/steve/.local/lib/python3.8/site-packages/airflow/example_dags/example_time_delta_sensor_async.py for tasks to queue
[2022-11-08T19:54:44.109+0900] {logging_mixin.py:117} INFO - [2022-11-08T19:54:44.109+0900] {dagbag.py:525} INFO - Filling up the DagBag from /home/steve/.local/lib/python3.8/site-packages/airflow/example_dags/example_time_delta_sensor_async.py
[2022-11-08T19:54:44.119+0900] {processor.py:768} INFO - DAG(s) dict_keys(['example_time_delta_sensor_async']) retrieved from /home/steve/.local/lib/python3.8/site-packages/airflow/example_dags/example_time_delta_sensor_async.py
[2022-11-08T19:54:44.201+0900] {logging_mixin.py:117} INFO - [2022-11-08T19:54:44.201+0900] {dag.py:2573} INFO - Sync 1 DAGs
[2022-11-08T19:54:44.235+0900] {logging_mixin.py:117} INFO - [2022-11-08T19:54:44.235+0900] {dag.py:3324} INFO - Setting next_dagrun for example_time_delta_sensor_async to None, run_after=None
[2022-11-08T19:54:44.313+0900] {processor.py:178} INFO - Processing /home/steve/.local/lib/python3.8/site-packages/airflow/example_dags/example_time_delta_sensor_async.py took 0.206 seconds
[2022-11-08T19:55:21.044+0900] {processor.py:156} INFO - Started process (PID=9019) to work on /home/steve/.local/lib/python3.8/site-packages/airflow/example_dags/example_time_delta_sensor_async.py
[2022-11-08T19:55:21.045+0900] {processor.py:758} INFO - Processing file /home/steve/.local/lib/python3.8/site-packages/airflow/example_dags/example_time_delta_sensor_async.py for tasks to queue
[2022-11-08T19:55:21.045+0900] {logging_mixin.py:117} INFO - [2022-11-08T19:55:21.045+0900] {dagbag.py:525} INFO - Filling up the DagBag from /home/steve/.local/lib/python3.8/site-packages/airflow/example_dags/example_time_delta_sensor_async.py
[2022-11-08T19:55:21.052+0900] {processor.py:768} INFO - DAG(s) dict_keys(['example_time_delta_sensor_async']) retrieved from /home/steve/.local/lib/python3.8/site-packages/airflow/example_dags/example_time_delta_sensor_async.py
[2022-11-08T19:55:21.127+0900] {logging_mixin.py:117} INFO - [2022-11-08T19:55:21.127+0900] {dag.py:2573} INFO - Sync 1 DAGs
[2022-11-08T19:55:21.137+0900] {logging_mixin.py:117} INFO - [2022-11-08T19:55:21.137+0900] {dag.py:3324} INFO - Setting next_dagrun for example_time_delta_sensor_async to None, run_after=None
[2022-11-08T19:55:21.154+0900] {processor.py:178} INFO - Processing /home/steve/.local/lib/python3.8/site-packages/airflow/example_dags/example_time_delta_sensor_async.py took 0.112 seconds
[2022-11-08T20:26:56.605+0900] {processor.py:156} INFO - Started process (PID=9763) to work on /home/steve/.local/lib/python3.8/site-packages/airflow/example_dags/example_time_delta_sensor_async.py
[2022-11-08T20:26:56.607+0900] {processor.py:758} INFO - Processing file /home/steve/.local/lib/python3.8/site-packages/airflow/example_dags/example_time_delta_sensor_async.py for tasks to queue
[2022-11-08T20:26:56.608+0900] {logging_mixin.py:117} INFO - [2022-11-08T20:26:56.608+0900] {dagbag.py:525} INFO - Filling up the DagBag from /home/steve/.local/lib/python3.8/site-packages/airflow/example_dags/example_time_delta_sensor_async.py
[2022-11-08T20:26:56.615+0900] {processor.py:768} INFO - DAG(s) dict_keys(['example_time_delta_sensor_async']) retrieved from /home/steve/.local/lib/python3.8/site-packages/airflow/example_dags/example_time_delta_sensor_async.py
[2022-11-08T20:26:56.688+0900] {logging_mixin.py:117} INFO - [2022-11-08T20:26:56.688+0900] {dag.py:2573} INFO - Sync 1 DAGs
[2022-11-08T20:26:56.699+0900] {logging_mixin.py:117} INFO - [2022-11-08T20:26:56.698+0900] {dag.py:3324} INFO - Setting next_dagrun for example_time_delta_sensor_async to None, run_after=None
[2022-11-08T20:26:56.713+0900] {processor.py:178} INFO - Processing /home/steve/.local/lib/python3.8/site-packages/airflow/example_dags/example_time_delta_sensor_async.py took 0.110 seconds
[2022-11-08T20:27:29.775+0900] {processor.py:156} INFO - Started process (PID=9825) to work on /home/steve/.local/lib/python3.8/site-packages/airflow/example_dags/example_time_delta_sensor_async.py
[2022-11-08T20:27:29.776+0900] {processor.py:758} INFO - Processing file /home/steve/.local/lib/python3.8/site-packages/airflow/example_dags/example_time_delta_sensor_async.py for tasks to queue
[2022-11-08T20:27:29.776+0900] {logging_mixin.py:117} INFO - [2022-11-08T20:27:29.776+0900] {dagbag.py:525} INFO - Filling up the DagBag from /home/steve/.local/lib/python3.8/site-packages/airflow/example_dags/example_time_delta_sensor_async.py
[2022-11-08T20:27:29.785+0900] {processor.py:768} INFO - DAG(s) dict_keys(['example_time_delta_sensor_async']) retrieved from /home/steve/.local/lib/python3.8/site-packages/airflow/example_dags/example_time_delta_sensor_async.py
[2022-11-08T20:27:29.874+0900] {logging_mixin.py:117} INFO - [2022-11-08T20:27:29.874+0900] {dag.py:2573} INFO - Sync 1 DAGs
[2022-11-08T20:27:29.885+0900] {logging_mixin.py:117} INFO - [2022-11-08T20:27:29.885+0900] {dag.py:3324} INFO - Setting next_dagrun for example_time_delta_sensor_async to None, run_after=None
[2022-11-08T20:27:29.901+0900] {processor.py:178} INFO - Processing /home/steve/.local/lib/python3.8/site-packages/airflow/example_dags/example_time_delta_sensor_async.py took 0.127 seconds
[2022-11-08T20:28:06.923+0900] {processor.py:156} INFO - Started process (PID=9861) to work on /home/steve/.local/lib/python3.8/site-packages/airflow/example_dags/example_time_delta_sensor_async.py
[2022-11-08T20:28:06.923+0900] {processor.py:758} INFO - Processing file /home/steve/.local/lib/python3.8/site-packages/airflow/example_dags/example_time_delta_sensor_async.py for tasks to queue
[2022-11-08T20:28:06.924+0900] {logging_mixin.py:117} INFO - [2022-11-08T20:28:06.924+0900] {dagbag.py:525} INFO - Filling up the DagBag from /home/steve/.local/lib/python3.8/site-packages/airflow/example_dags/example_time_delta_sensor_async.py
[2022-11-08T20:28:06.931+0900] {processor.py:768} INFO - DAG(s) dict_keys(['example_time_delta_sensor_async']) retrieved from /home/steve/.local/lib/python3.8/site-packages/airflow/example_dags/example_time_delta_sensor_async.py
[2022-11-08T20:28:07.009+0900] {logging_mixin.py:117} INFO - [2022-11-08T20:28:07.009+0900] {dag.py:2573} INFO - Sync 1 DAGs
[2022-11-08T20:28:07.019+0900] {logging_mixin.py:117} INFO - [2022-11-08T20:28:07.019+0900] {dag.py:3324} INFO - Setting next_dagrun for example_time_delta_sensor_async to None, run_after=None
[2022-11-08T20:28:07.035+0900] {processor.py:178} INFO - Processing /home/steve/.local/lib/python3.8/site-packages/airflow/example_dags/example_time_delta_sensor_async.py took 0.114 seconds
[2022-11-08T20:28:41.838+0900] {processor.py:156} INFO - Started process (PID=9990) to work on /home/steve/.local/lib/python3.8/site-packages/airflow/example_dags/example_time_delta_sensor_async.py
[2022-11-08T20:28:41.839+0900] {processor.py:758} INFO - Processing file /home/steve/.local/lib/python3.8/site-packages/airflow/example_dags/example_time_delta_sensor_async.py for tasks to queue
[2022-11-08T20:28:41.839+0900] {logging_mixin.py:117} INFO - [2022-11-08T20:28:41.839+0900] {dagbag.py:525} INFO - Filling up the DagBag from /home/steve/.local/lib/python3.8/site-packages/airflow/example_dags/example_time_delta_sensor_async.py
[2022-11-08T20:28:41.845+0900] {processor.py:768} INFO - DAG(s) dict_keys(['example_time_delta_sensor_async']) retrieved from /home/steve/.local/lib/python3.8/site-packages/airflow/example_dags/example_time_delta_sensor_async.py
[2022-11-08T20:28:41.914+0900] {logging_mixin.py:117} INFO - [2022-11-08T20:28:41.913+0900] {dag.py:2573} INFO - Sync 1 DAGs
[2022-11-08T20:28:41.923+0900] {logging_mixin.py:117} INFO - [2022-11-08T20:28:41.923+0900] {dag.py:3324} INFO - Setting next_dagrun for example_time_delta_sensor_async to None, run_after=None
[2022-11-08T20:28:41.941+0900] {processor.py:178} INFO - Processing /home/steve/.local/lib/python3.8/site-packages/airflow/example_dags/example_time_delta_sensor_async.py took 0.104 seconds
[2022-11-08T20:29:18.405+0900] {processor.py:156} INFO - Started process (PID=10231) to work on /home/steve/.local/lib/python3.8/site-packages/airflow/example_dags/example_time_delta_sensor_async.py
[2022-11-08T20:29:18.406+0900] {processor.py:758} INFO - Processing file /home/steve/.local/lib/python3.8/site-packages/airflow/example_dags/example_time_delta_sensor_async.py for tasks to queue
[2022-11-08T20:29:18.406+0900] {logging_mixin.py:117} INFO - [2022-11-08T20:29:18.406+0900] {dagbag.py:525} INFO - Filling up the DagBag from /home/steve/.local/lib/python3.8/site-packages/airflow/example_dags/example_time_delta_sensor_async.py
[2022-11-08T20:29:18.414+0900] {processor.py:768} INFO - DAG(s) dict_keys(['example_time_delta_sensor_async']) retrieved from /home/steve/.local/lib/python3.8/site-packages/airflow/example_dags/example_time_delta_sensor_async.py
[2022-11-08T20:29:18.497+0900] {logging_mixin.py:117} INFO - [2022-11-08T20:29:18.496+0900] {dag.py:2573} INFO - Sync 1 DAGs
[2022-11-08T20:29:18.512+0900] {logging_mixin.py:117} INFO - [2022-11-08T20:29:18.511+0900] {dag.py:3324} INFO - Setting next_dagrun for example_time_delta_sensor_async to None, run_after=None
[2022-11-08T20:29:18.623+0900] {processor.py:178} INFO - Processing /home/steve/.local/lib/python3.8/site-packages/airflow/example_dags/example_time_delta_sensor_async.py took 0.221 seconds
[2022-11-08T20:29:55.445+0900] {processor.py:156} INFO - Started process (PID=10397) to work on /home/steve/.local/lib/python3.8/site-packages/airflow/example_dags/example_time_delta_sensor_async.py
[2022-11-08T20:29:55.447+0900] {processor.py:758} INFO - Processing file /home/steve/.local/lib/python3.8/site-packages/airflow/example_dags/example_time_delta_sensor_async.py for tasks to queue
[2022-11-08T20:29:55.447+0900] {logging_mixin.py:117} INFO - [2022-11-08T20:29:55.447+0900] {dagbag.py:525} INFO - Filling up the DagBag from /home/steve/.local/lib/python3.8/site-packages/airflow/example_dags/example_time_delta_sensor_async.py
[2022-11-08T20:29:55.455+0900] {processor.py:768} INFO - DAG(s) dict_keys(['example_time_delta_sensor_async']) retrieved from /home/steve/.local/lib/python3.8/site-packages/airflow/example_dags/example_time_delta_sensor_async.py
[2022-11-08T20:29:55.531+0900] {logging_mixin.py:117} INFO - [2022-11-08T20:29:55.531+0900] {dag.py:2573} INFO - Sync 1 DAGs
[2022-11-08T20:29:55.636+0900] {logging_mixin.py:117} INFO - [2022-11-08T20:29:55.636+0900] {dag.py:3324} INFO - Setting next_dagrun for example_time_delta_sensor_async to None, run_after=None
[2022-11-08T20:29:55.653+0900] {processor.py:178} INFO - Processing /home/steve/.local/lib/python3.8/site-packages/airflow/example_dags/example_time_delta_sensor_async.py took 0.210 seconds
[2022-11-08T20:30:32.055+0900] {processor.py:156} INFO - Started process (PID=10522) to work on /home/steve/.local/lib/python3.8/site-packages/airflow/example_dags/example_time_delta_sensor_async.py
[2022-11-08T20:30:32.057+0900] {processor.py:758} INFO - Processing file /home/steve/.local/lib/python3.8/site-packages/airflow/example_dags/example_time_delta_sensor_async.py for tasks to queue
[2022-11-08T20:30:32.057+0900] {logging_mixin.py:117} INFO - [2022-11-08T20:30:32.057+0900] {dagbag.py:525} INFO - Filling up the DagBag from /home/steve/.local/lib/python3.8/site-packages/airflow/example_dags/example_time_delta_sensor_async.py
[2022-11-08T20:30:32.065+0900] {processor.py:768} INFO - DAG(s) dict_keys(['example_time_delta_sensor_async']) retrieved from /home/steve/.local/lib/python3.8/site-packages/airflow/example_dags/example_time_delta_sensor_async.py
[2022-11-08T20:30:32.212+0900] {logging_mixin.py:117} INFO - [2022-11-08T20:30:32.212+0900] {dag.py:2573} INFO - Sync 1 DAGs
[2022-11-08T20:30:32.221+0900] {logging_mixin.py:117} INFO - [2022-11-08T20:30:32.221+0900] {dag.py:3324} INFO - Setting next_dagrun for example_time_delta_sensor_async to None, run_after=None
[2022-11-08T20:30:32.238+0900] {processor.py:178} INFO - Processing /home/steve/.local/lib/python3.8/site-packages/airflow/example_dags/example_time_delta_sensor_async.py took 0.185 seconds
[2022-11-08T20:31:09.656+0900] {processor.py:156} INFO - Started process (PID=10648) to work on /home/steve/.local/lib/python3.8/site-packages/airflow/example_dags/example_time_delta_sensor_async.py
[2022-11-08T20:31:09.658+0900] {processor.py:758} INFO - Processing file /home/steve/.local/lib/python3.8/site-packages/airflow/example_dags/example_time_delta_sensor_async.py for tasks to queue
[2022-11-08T20:31:09.658+0900] {logging_mixin.py:117} INFO - [2022-11-08T20:31:09.658+0900] {dagbag.py:525} INFO - Filling up the DagBag from /home/steve/.local/lib/python3.8/site-packages/airflow/example_dags/example_time_delta_sensor_async.py
[2022-11-08T20:31:09.667+0900] {processor.py:768} INFO - DAG(s) dict_keys(['example_time_delta_sensor_async']) retrieved from /home/steve/.local/lib/python3.8/site-packages/airflow/example_dags/example_time_delta_sensor_async.py
[2022-11-08T20:31:09.846+0900] {logging_mixin.py:117} INFO - [2022-11-08T20:31:09.846+0900] {dag.py:2573} INFO - Sync 1 DAGs
[2022-11-08T20:31:09.857+0900] {logging_mixin.py:117} INFO - [2022-11-08T20:31:09.856+0900] {dag.py:3324} INFO - Setting next_dagrun for example_time_delta_sensor_async to None, run_after=None
[2022-11-08T20:31:09.887+0900] {processor.py:178} INFO - Processing /home/steve/.local/lib/python3.8/site-packages/airflow/example_dags/example_time_delta_sensor_async.py took 0.233 seconds
[2022-11-08T20:31:45.294+0900] {processor.py:156} INFO - Started process (PID=10736) to work on /home/steve/.local/lib/python3.8/site-packages/airflow/example_dags/example_time_delta_sensor_async.py
[2022-11-08T20:31:45.296+0900] {processor.py:758} INFO - Processing file /home/steve/.local/lib/python3.8/site-packages/airflow/example_dags/example_time_delta_sensor_async.py for tasks to queue
[2022-11-08T20:31:45.297+0900] {logging_mixin.py:117} INFO - [2022-11-08T20:31:45.297+0900] {dagbag.py:525} INFO - Filling up the DagBag from /home/steve/.local/lib/python3.8/site-packages/airflow/example_dags/example_time_delta_sensor_async.py
[2022-11-08T20:31:45.303+0900] {processor.py:768} INFO - DAG(s) dict_keys(['example_time_delta_sensor_async']) retrieved from /home/steve/.local/lib/python3.8/site-packages/airflow/example_dags/example_time_delta_sensor_async.py
[2022-11-08T20:31:45.446+0900] {logging_mixin.py:117} INFO - [2022-11-08T20:31:45.446+0900] {dag.py:2573} INFO - Sync 1 DAGs
[2022-11-08T20:31:45.455+0900] {logging_mixin.py:117} INFO - [2022-11-08T20:31:45.455+0900] {dag.py:3324} INFO - Setting next_dagrun for example_time_delta_sensor_async to None, run_after=None
[2022-11-08T20:31:45.471+0900] {processor.py:178} INFO - Processing /home/steve/.local/lib/python3.8/site-packages/airflow/example_dags/example_time_delta_sensor_async.py took 0.179 seconds
[2022-11-08T20:32:22.024+0900] {processor.py:156} INFO - Started process (PID=10798) to work on /home/steve/.local/lib/python3.8/site-packages/airflow/example_dags/example_time_delta_sensor_async.py
[2022-11-08T20:32:22.025+0900] {processor.py:758} INFO - Processing file /home/steve/.local/lib/python3.8/site-packages/airflow/example_dags/example_time_delta_sensor_async.py for tasks to queue
[2022-11-08T20:32:22.025+0900] {logging_mixin.py:117} INFO - [2022-11-08T20:32:22.025+0900] {dagbag.py:525} INFO - Filling up the DagBag from /home/steve/.local/lib/python3.8/site-packages/airflow/example_dags/example_time_delta_sensor_async.py
[2022-11-08T20:32:22.033+0900] {processor.py:768} INFO - DAG(s) dict_keys(['example_time_delta_sensor_async']) retrieved from /home/steve/.local/lib/python3.8/site-packages/airflow/example_dags/example_time_delta_sensor_async.py
[2022-11-08T20:32:22.184+0900] {logging_mixin.py:117} INFO - [2022-11-08T20:32:22.184+0900] {dag.py:2573} INFO - Sync 1 DAGs
[2022-11-08T20:32:22.194+0900] {logging_mixin.py:117} INFO - [2022-11-08T20:32:22.194+0900] {dag.py:3324} INFO - Setting next_dagrun for example_time_delta_sensor_async to None, run_after=None
[2022-11-08T20:32:22.223+0900] {processor.py:178} INFO - Processing /home/steve/.local/lib/python3.8/site-packages/airflow/example_dags/example_time_delta_sensor_async.py took 0.200 seconds
[2022-11-08T20:32:58.687+0900] {processor.py:156} INFO - Started process (PID=10987) to work on /home/steve/.local/lib/python3.8/site-packages/airflow/example_dags/example_time_delta_sensor_async.py
[2022-11-08T20:32:58.688+0900] {processor.py:758} INFO - Processing file /home/steve/.local/lib/python3.8/site-packages/airflow/example_dags/example_time_delta_sensor_async.py for tasks to queue
[2022-11-08T20:32:58.689+0900] {logging_mixin.py:117} INFO - [2022-11-08T20:32:58.689+0900] {dagbag.py:525} INFO - Filling up the DagBag from /home/steve/.local/lib/python3.8/site-packages/airflow/example_dags/example_time_delta_sensor_async.py
[2022-11-08T20:32:58.697+0900] {processor.py:768} INFO - DAG(s) dict_keys(['example_time_delta_sensor_async']) retrieved from /home/steve/.local/lib/python3.8/site-packages/airflow/example_dags/example_time_delta_sensor_async.py
[2022-11-08T20:32:58.850+0900] {logging_mixin.py:117} INFO - [2022-11-08T20:32:58.850+0900] {dag.py:2573} INFO - Sync 1 DAGs
[2022-11-08T20:32:58.861+0900] {logging_mixin.py:117} INFO - [2022-11-08T20:32:58.861+0900] {dag.py:3324} INFO - Setting next_dagrun for example_time_delta_sensor_async to None, run_after=None
[2022-11-08T20:32:58.878+0900] {processor.py:178} INFO - Processing /home/steve/.local/lib/python3.8/site-packages/airflow/example_dags/example_time_delta_sensor_async.py took 0.193 seconds
[2022-11-08T20:33:37.562+0900] {processor.py:156} INFO - Started process (PID=11023) to work on /home/steve/.local/lib/python3.8/site-packages/airflow/example_dags/example_time_delta_sensor_async.py
[2022-11-08T20:33:37.562+0900] {processor.py:758} INFO - Processing file /home/steve/.local/lib/python3.8/site-packages/airflow/example_dags/example_time_delta_sensor_async.py for tasks to queue
[2022-11-08T20:33:37.563+0900] {logging_mixin.py:117} INFO - [2022-11-08T20:33:37.563+0900] {dagbag.py:525} INFO - Filling up the DagBag from /home/steve/.local/lib/python3.8/site-packages/airflow/example_dags/example_time_delta_sensor_async.py
[2022-11-08T20:33:37.649+0900] {processor.py:768} INFO - DAG(s) dict_keys(['example_time_delta_sensor_async']) retrieved from /home/steve/.local/lib/python3.8/site-packages/airflow/example_dags/example_time_delta_sensor_async.py
[2022-11-08T20:33:37.718+0900] {logging_mixin.py:117} INFO - [2022-11-08T20:33:37.717+0900] {dag.py:2573} INFO - Sync 1 DAGs
[2022-11-08T20:33:37.727+0900] {logging_mixin.py:117} INFO - [2022-11-08T20:33:37.727+0900] {dag.py:3324} INFO - Setting next_dagrun for example_time_delta_sensor_async to None, run_after=None
[2022-11-08T20:33:37.744+0900] {processor.py:178} INFO - Processing /home/steve/.local/lib/python3.8/site-packages/airflow/example_dags/example_time_delta_sensor_async.py took 0.183 seconds
[2022-11-08T20:34:10.176+0900] {processor.py:156} INFO - Started process (PID=11056) to work on /home/steve/.local/lib/python3.8/site-packages/airflow/example_dags/example_time_delta_sensor_async.py
[2022-11-08T20:34:10.177+0900] {processor.py:758} INFO - Processing file /home/steve/.local/lib/python3.8/site-packages/airflow/example_dags/example_time_delta_sensor_async.py for tasks to queue
[2022-11-08T20:34:10.177+0900] {logging_mixin.py:117} INFO - [2022-11-08T20:34:10.177+0900] {dagbag.py:525} INFO - Filling up the DagBag from /home/steve/.local/lib/python3.8/site-packages/airflow/example_dags/example_time_delta_sensor_async.py
[2022-11-08T20:34:10.184+0900] {processor.py:768} INFO - DAG(s) dict_keys(['example_time_delta_sensor_async']) retrieved from /home/steve/.local/lib/python3.8/site-packages/airflow/example_dags/example_time_delta_sensor_async.py
[2022-11-08T20:34:10.255+0900] {logging_mixin.py:117} INFO - [2022-11-08T20:34:10.255+0900] {dag.py:2573} INFO - Sync 1 DAGs
[2022-11-08T20:34:10.265+0900] {logging_mixin.py:117} INFO - [2022-11-08T20:34:10.265+0900] {dag.py:3324} INFO - Setting next_dagrun for example_time_delta_sensor_async to None, run_after=None
[2022-11-08T20:34:10.283+0900] {processor.py:178} INFO - Processing /home/steve/.local/lib/python3.8/site-packages/airflow/example_dags/example_time_delta_sensor_async.py took 0.109 seconds
[2022-11-08T20:34:44.403+0900] {processor.py:156} INFO - Started process (PID=11090) to work on /home/steve/.local/lib/python3.8/site-packages/airflow/example_dags/example_time_delta_sensor_async.py
[2022-11-08T20:34:44.405+0900] {processor.py:758} INFO - Processing file /home/steve/.local/lib/python3.8/site-packages/airflow/example_dags/example_time_delta_sensor_async.py for tasks to queue
[2022-11-08T20:34:44.406+0900] {logging_mixin.py:117} INFO - [2022-11-08T20:34:44.406+0900] {dagbag.py:525} INFO - Filling up the DagBag from /home/steve/.local/lib/python3.8/site-packages/airflow/example_dags/example_time_delta_sensor_async.py
[2022-11-08T20:34:44.413+0900] {processor.py:768} INFO - DAG(s) dict_keys(['example_time_delta_sensor_async']) retrieved from /home/steve/.local/lib/python3.8/site-packages/airflow/example_dags/example_time_delta_sensor_async.py
[2022-11-08T20:34:44.486+0900] {logging_mixin.py:117} INFO - [2022-11-08T20:34:44.486+0900] {dag.py:2573} INFO - Sync 1 DAGs
[2022-11-08T20:34:44.496+0900] {logging_mixin.py:117} INFO - [2022-11-08T20:34:44.496+0900] {dag.py:3324} INFO - Setting next_dagrun for example_time_delta_sensor_async to None, run_after=None
[2022-11-08T20:34:44.512+0900] {processor.py:178} INFO - Processing /home/steve/.local/lib/python3.8/site-packages/airflow/example_dags/example_time_delta_sensor_async.py took 0.110 seconds
[2022-11-08T20:35:18.007+0900] {processor.py:156} INFO - Started process (PID=11126) to work on /home/steve/.local/lib/python3.8/site-packages/airflow/example_dags/example_time_delta_sensor_async.py
[2022-11-08T20:35:18.009+0900] {processor.py:758} INFO - Processing file /home/steve/.local/lib/python3.8/site-packages/airflow/example_dags/example_time_delta_sensor_async.py for tasks to queue
[2022-11-08T20:35:18.009+0900] {logging_mixin.py:117} INFO - [2022-11-08T20:35:18.009+0900] {dagbag.py:525} INFO - Filling up the DagBag from /home/steve/.local/lib/python3.8/site-packages/airflow/example_dags/example_time_delta_sensor_async.py
[2022-11-08T20:35:18.016+0900] {processor.py:768} INFO - DAG(s) dict_keys(['example_time_delta_sensor_async']) retrieved from /home/steve/.local/lib/python3.8/site-packages/airflow/example_dags/example_time_delta_sensor_async.py
[2022-11-08T20:35:18.084+0900] {logging_mixin.py:117} INFO - [2022-11-08T20:35:18.084+0900] {dag.py:2573} INFO - Sync 1 DAGs
[2022-11-08T20:35:18.093+0900] {logging_mixin.py:117} INFO - [2022-11-08T20:35:18.093+0900] {dag.py:3324} INFO - Setting next_dagrun for example_time_delta_sensor_async to None, run_after=None
[2022-11-08T20:35:18.109+0900] {processor.py:178} INFO - Processing /home/steve/.local/lib/python3.8/site-packages/airflow/example_dags/example_time_delta_sensor_async.py took 0.104 seconds
[2022-11-08T20:35:49.569+0900] {processor.py:156} INFO - Started process (PID=11158) to work on /home/steve/.local/lib/python3.8/site-packages/airflow/example_dags/example_time_delta_sensor_async.py
[2022-11-08T20:35:49.570+0900] {processor.py:758} INFO - Processing file /home/steve/.local/lib/python3.8/site-packages/airflow/example_dags/example_time_delta_sensor_async.py for tasks to queue
[2022-11-08T20:35:49.570+0900] {logging_mixin.py:117} INFO - [2022-11-08T20:35:49.570+0900] {dagbag.py:525} INFO - Filling up the DagBag from /home/steve/.local/lib/python3.8/site-packages/airflow/example_dags/example_time_delta_sensor_async.py
[2022-11-08T20:35:49.578+0900] {processor.py:768} INFO - DAG(s) dict_keys(['example_time_delta_sensor_async']) retrieved from /home/steve/.local/lib/python3.8/site-packages/airflow/example_dags/example_time_delta_sensor_async.py
[2022-11-08T20:35:49.656+0900] {logging_mixin.py:117} INFO - [2022-11-08T20:35:49.656+0900] {dag.py:2573} INFO - Sync 1 DAGs
[2022-11-08T20:35:49.667+0900] {logging_mixin.py:117} INFO - [2022-11-08T20:35:49.666+0900] {dag.py:3324} INFO - Setting next_dagrun for example_time_delta_sensor_async to None, run_after=None
[2022-11-08T20:35:49.683+0900] {processor.py:178} INFO - Processing /home/steve/.local/lib/python3.8/site-packages/airflow/example_dags/example_time_delta_sensor_async.py took 0.116 seconds
[2022-11-08T20:36:23.644+0900] {processor.py:156} INFO - Started process (PID=11194) to work on /home/steve/.local/lib/python3.8/site-packages/airflow/example_dags/example_time_delta_sensor_async.py
[2022-11-08T20:36:23.645+0900] {processor.py:758} INFO - Processing file /home/steve/.local/lib/python3.8/site-packages/airflow/example_dags/example_time_delta_sensor_async.py for tasks to queue
[2022-11-08T20:36:23.646+0900] {logging_mixin.py:117} INFO - [2022-11-08T20:36:23.645+0900] {dagbag.py:525} INFO - Filling up the DagBag from /home/steve/.local/lib/python3.8/site-packages/airflow/example_dags/example_time_delta_sensor_async.py
[2022-11-08T20:36:23.652+0900] {processor.py:768} INFO - DAG(s) dict_keys(['example_time_delta_sensor_async']) retrieved from /home/steve/.local/lib/python3.8/site-packages/airflow/example_dags/example_time_delta_sensor_async.py
[2022-11-08T20:36:23.719+0900] {logging_mixin.py:117} INFO - [2022-11-08T20:36:23.719+0900] {dag.py:2573} INFO - Sync 1 DAGs
[2022-11-08T20:36:23.729+0900] {logging_mixin.py:117} INFO - [2022-11-08T20:36:23.729+0900] {dag.py:3324} INFO - Setting next_dagrun for example_time_delta_sensor_async to None, run_after=None
[2022-11-08T20:36:23.745+0900] {processor.py:178} INFO - Processing /home/steve/.local/lib/python3.8/site-packages/airflow/example_dags/example_time_delta_sensor_async.py took 0.102 seconds
[2022-11-08T20:36:54.457+0900] {processor.py:156} INFO - Started process (PID=11254) to work on /home/steve/.local/lib/python3.8/site-packages/airflow/example_dags/example_time_delta_sensor_async.py
[2022-11-08T20:36:54.457+0900] {processor.py:758} INFO - Processing file /home/steve/.local/lib/python3.8/site-packages/airflow/example_dags/example_time_delta_sensor_async.py for tasks to queue
[2022-11-08T20:36:54.457+0900] {logging_mixin.py:117} INFO - [2022-11-08T20:36:54.457+0900] {dagbag.py:525} INFO - Filling up the DagBag from /home/steve/.local/lib/python3.8/site-packages/airflow/example_dags/example_time_delta_sensor_async.py
[2022-11-08T20:36:54.464+0900] {processor.py:768} INFO - DAG(s) dict_keys(['example_time_delta_sensor_async']) retrieved from /home/steve/.local/lib/python3.8/site-packages/airflow/example_dags/example_time_delta_sensor_async.py
[2022-11-08T20:36:54.531+0900] {logging_mixin.py:117} INFO - [2022-11-08T20:36:54.531+0900] {dag.py:2573} INFO - Sync 1 DAGs
[2022-11-08T20:36:54.541+0900] {logging_mixin.py:117} INFO - [2022-11-08T20:36:54.541+0900] {dag.py:3324} INFO - Setting next_dagrun for example_time_delta_sensor_async to None, run_after=None
[2022-11-08T20:36:54.557+0900] {processor.py:178} INFO - Processing /home/steve/.local/lib/python3.8/site-packages/airflow/example_dags/example_time_delta_sensor_async.py took 0.102 seconds
[2022-11-08T20:37:25.375+0900] {processor.py:156} INFO - Started process (PID=11286) to work on /home/steve/.local/lib/python3.8/site-packages/airflow/example_dags/example_time_delta_sensor_async.py
[2022-11-08T20:37:25.376+0900] {processor.py:758} INFO - Processing file /home/steve/.local/lib/python3.8/site-packages/airflow/example_dags/example_time_delta_sensor_async.py for tasks to queue
[2022-11-08T20:37:25.376+0900] {logging_mixin.py:117} INFO - [2022-11-08T20:37:25.376+0900] {dagbag.py:525} INFO - Filling up the DagBag from /home/steve/.local/lib/python3.8/site-packages/airflow/example_dags/example_time_delta_sensor_async.py
[2022-11-08T20:37:25.382+0900] {processor.py:768} INFO - DAG(s) dict_keys(['example_time_delta_sensor_async']) retrieved from /home/steve/.local/lib/python3.8/site-packages/airflow/example_dags/example_time_delta_sensor_async.py
[2022-11-08T20:37:25.450+0900] {logging_mixin.py:117} INFO - [2022-11-08T20:37:25.450+0900] {dag.py:2573} INFO - Sync 1 DAGs
[2022-11-08T20:37:25.459+0900] {logging_mixin.py:117} INFO - [2022-11-08T20:37:25.459+0900] {dag.py:3324} INFO - Setting next_dagrun for example_time_delta_sensor_async to None, run_after=None
[2022-11-08T20:37:25.475+0900] {processor.py:178} INFO - Processing /home/steve/.local/lib/python3.8/site-packages/airflow/example_dags/example_time_delta_sensor_async.py took 0.101 seconds
[2022-11-08T20:37:58.410+0900] {processor.py:156} INFO - Started process (PID=11322) to work on /home/steve/.local/lib/python3.8/site-packages/airflow/example_dags/example_time_delta_sensor_async.py
[2022-11-08T20:37:58.411+0900] {processor.py:758} INFO - Processing file /home/steve/.local/lib/python3.8/site-packages/airflow/example_dags/example_time_delta_sensor_async.py for tasks to queue
[2022-11-08T20:37:58.411+0900] {logging_mixin.py:117} INFO - [2022-11-08T20:37:58.411+0900] {dagbag.py:525} INFO - Filling up the DagBag from /home/steve/.local/lib/python3.8/site-packages/airflow/example_dags/example_time_delta_sensor_async.py
[2022-11-08T20:37:58.418+0900] {processor.py:768} INFO - DAG(s) dict_keys(['example_time_delta_sensor_async']) retrieved from /home/steve/.local/lib/python3.8/site-packages/airflow/example_dags/example_time_delta_sensor_async.py
[2022-11-08T20:37:58.486+0900] {logging_mixin.py:117} INFO - [2022-11-08T20:37:58.486+0900] {dag.py:2573} INFO - Sync 1 DAGs
[2022-11-08T20:37:58.496+0900] {logging_mixin.py:117} INFO - [2022-11-08T20:37:58.496+0900] {dag.py:3324} INFO - Setting next_dagrun for example_time_delta_sensor_async to None, run_after=None
[2022-11-08T20:37:58.514+0900] {processor.py:178} INFO - Processing /home/steve/.local/lib/python3.8/site-packages/airflow/example_dags/example_time_delta_sensor_async.py took 0.106 seconds
[2022-11-08T20:38:32.247+0900] {processor.py:156} INFO - Started process (PID=11358) to work on /home/steve/.local/lib/python3.8/site-packages/airflow/example_dags/example_time_delta_sensor_async.py
[2022-11-08T20:38:32.249+0900] {processor.py:758} INFO - Processing file /home/steve/.local/lib/python3.8/site-packages/airflow/example_dags/example_time_delta_sensor_async.py for tasks to queue
[2022-11-08T20:38:32.249+0900] {logging_mixin.py:117} INFO - [2022-11-08T20:38:32.249+0900] {dagbag.py:525} INFO - Filling up the DagBag from /home/steve/.local/lib/python3.8/site-packages/airflow/example_dags/example_time_delta_sensor_async.py
[2022-11-08T20:38:32.256+0900] {processor.py:768} INFO - DAG(s) dict_keys(['example_time_delta_sensor_async']) retrieved from /home/steve/.local/lib/python3.8/site-packages/airflow/example_dags/example_time_delta_sensor_async.py
[2022-11-08T20:38:32.325+0900] {logging_mixin.py:117} INFO - [2022-11-08T20:38:32.325+0900] {dag.py:2573} INFO - Sync 1 DAGs
[2022-11-08T20:38:32.334+0900] {logging_mixin.py:117} INFO - [2022-11-08T20:38:32.334+0900] {dag.py:3324} INFO - Setting next_dagrun for example_time_delta_sensor_async to None, run_after=None
[2022-11-08T20:38:32.353+0900] {processor.py:178} INFO - Processing /home/steve/.local/lib/python3.8/site-packages/airflow/example_dags/example_time_delta_sensor_async.py took 0.108 seconds
[2022-11-08T20:39:05.397+0900] {processor.py:156} INFO - Started process (PID=11393) to work on /home/steve/.local/lib/python3.8/site-packages/airflow/example_dags/example_time_delta_sensor_async.py
[2022-11-08T20:39:05.399+0900] {processor.py:758} INFO - Processing file /home/steve/.local/lib/python3.8/site-packages/airflow/example_dags/example_time_delta_sensor_async.py for tasks to queue
[2022-11-08T20:39:05.399+0900] {logging_mixin.py:117} INFO - [2022-11-08T20:39:05.399+0900] {dagbag.py:525} INFO - Filling up the DagBag from /home/steve/.local/lib/python3.8/site-packages/airflow/example_dags/example_time_delta_sensor_async.py
[2022-11-08T20:39:05.406+0900] {processor.py:768} INFO - DAG(s) dict_keys(['example_time_delta_sensor_async']) retrieved from /home/steve/.local/lib/python3.8/site-packages/airflow/example_dags/example_time_delta_sensor_async.py
[2022-11-08T20:39:05.476+0900] {logging_mixin.py:117} INFO - [2022-11-08T20:39:05.475+0900] {dag.py:2573} INFO - Sync 1 DAGs
[2022-11-08T20:39:05.485+0900] {logging_mixin.py:117} INFO - [2022-11-08T20:39:05.485+0900] {dag.py:3324} INFO - Setting next_dagrun for example_time_delta_sensor_async to None, run_after=None
[2022-11-08T20:39:05.500+0900] {processor.py:178} INFO - Processing /home/steve/.local/lib/python3.8/site-packages/airflow/example_dags/example_time_delta_sensor_async.py took 0.105 seconds
[2022-11-08T20:39:42.395+0900] {processor.py:156} INFO - Started process (PID=11430) to work on /home/steve/.local/lib/python3.8/site-packages/airflow/example_dags/example_time_delta_sensor_async.py
[2022-11-08T20:39:42.397+0900] {processor.py:758} INFO - Processing file /home/steve/.local/lib/python3.8/site-packages/airflow/example_dags/example_time_delta_sensor_async.py for tasks to queue
[2022-11-08T20:39:42.397+0900] {logging_mixin.py:117} INFO - [2022-11-08T20:39:42.397+0900] {dagbag.py:525} INFO - Filling up the DagBag from /home/steve/.local/lib/python3.8/site-packages/airflow/example_dags/example_time_delta_sensor_async.py
[2022-11-08T20:39:42.404+0900] {processor.py:768} INFO - DAG(s) dict_keys(['example_time_delta_sensor_async']) retrieved from /home/steve/.local/lib/python3.8/site-packages/airflow/example_dags/example_time_delta_sensor_async.py
[2022-11-08T20:39:42.471+0900] {logging_mixin.py:117} INFO - [2022-11-08T20:39:42.471+0900] {dag.py:2573} INFO - Sync 1 DAGs
[2022-11-08T20:39:42.480+0900] {logging_mixin.py:117} INFO - [2022-11-08T20:39:42.480+0900] {dag.py:3324} INFO - Setting next_dagrun for example_time_delta_sensor_async to None, run_after=None
[2022-11-08T20:39:42.496+0900] {processor.py:178} INFO - Processing /home/steve/.local/lib/python3.8/site-packages/airflow/example_dags/example_time_delta_sensor_async.py took 0.103 seconds
[2022-11-08T20:40:17.401+0900] {processor.py:156} INFO - Started process (PID=11465) to work on /home/steve/.local/lib/python3.8/site-packages/airflow/example_dags/example_time_delta_sensor_async.py
[2022-11-08T20:40:17.403+0900] {processor.py:758} INFO - Processing file /home/steve/.local/lib/python3.8/site-packages/airflow/example_dags/example_time_delta_sensor_async.py for tasks to queue
[2022-11-08T20:40:17.403+0900] {logging_mixin.py:117} INFO - [2022-11-08T20:40:17.403+0900] {dagbag.py:525} INFO - Filling up the DagBag from /home/steve/.local/lib/python3.8/site-packages/airflow/example_dags/example_time_delta_sensor_async.py
[2022-11-08T20:40:17.410+0900] {processor.py:768} INFO - DAG(s) dict_keys(['example_time_delta_sensor_async']) retrieved from /home/steve/.local/lib/python3.8/site-packages/airflow/example_dags/example_time_delta_sensor_async.py
[2022-11-08T20:40:17.479+0900] {logging_mixin.py:117} INFO - [2022-11-08T20:40:17.479+0900] {dag.py:2573} INFO - Sync 1 DAGs
[2022-11-08T20:40:17.489+0900] {logging_mixin.py:117} INFO - [2022-11-08T20:40:17.489+0900] {dag.py:3324} INFO - Setting next_dagrun for example_time_delta_sensor_async to None, run_after=None
[2022-11-08T20:40:17.505+0900] {processor.py:178} INFO - Processing /home/steve/.local/lib/python3.8/site-packages/airflow/example_dags/example_time_delta_sensor_async.py took 0.106 seconds
[2022-11-08T20:40:49.343+0900] {processor.py:156} INFO - Started process (PID=11499) to work on /home/steve/.local/lib/python3.8/site-packages/airflow/example_dags/example_time_delta_sensor_async.py
[2022-11-08T20:40:49.343+0900] {processor.py:758} INFO - Processing file /home/steve/.local/lib/python3.8/site-packages/airflow/example_dags/example_time_delta_sensor_async.py for tasks to queue
[2022-11-08T20:40:49.343+0900] {logging_mixin.py:117} INFO - [2022-11-08T20:40:49.343+0900] {dagbag.py:525} INFO - Filling up the DagBag from /home/steve/.local/lib/python3.8/site-packages/airflow/example_dags/example_time_delta_sensor_async.py
[2022-11-08T20:40:49.350+0900] {processor.py:768} INFO - DAG(s) dict_keys(['example_time_delta_sensor_async']) retrieved from /home/steve/.local/lib/python3.8/site-packages/airflow/example_dags/example_time_delta_sensor_async.py
[2022-11-08T20:40:49.420+0900] {logging_mixin.py:117} INFO - [2022-11-08T20:40:49.420+0900] {dag.py:2573} INFO - Sync 1 DAGs
[2022-11-08T20:40:49.431+0900] {logging_mixin.py:117} INFO - [2022-11-08T20:40:49.431+0900] {dag.py:3324} INFO - Setting next_dagrun for example_time_delta_sensor_async to None, run_after=None
[2022-11-08T20:40:49.446+0900] {processor.py:178} INFO - Processing /home/steve/.local/lib/python3.8/site-packages/airflow/example_dags/example_time_delta_sensor_async.py took 0.105 seconds
[2022-11-08T20:41:21.285+0900] {processor.py:156} INFO - Started process (PID=11532) to work on /home/steve/.local/lib/python3.8/site-packages/airflow/example_dags/example_time_delta_sensor_async.py
[2022-11-08T20:41:21.286+0900] {processor.py:758} INFO - Processing file /home/steve/.local/lib/python3.8/site-packages/airflow/example_dags/example_time_delta_sensor_async.py for tasks to queue
[2022-11-08T20:41:21.287+0900] {logging_mixin.py:117} INFO - [2022-11-08T20:41:21.287+0900] {dagbag.py:525} INFO - Filling up the DagBag from /home/steve/.local/lib/python3.8/site-packages/airflow/example_dags/example_time_delta_sensor_async.py
[2022-11-08T20:41:21.293+0900] {processor.py:768} INFO - DAG(s) dict_keys(['example_time_delta_sensor_async']) retrieved from /home/steve/.local/lib/python3.8/site-packages/airflow/example_dags/example_time_delta_sensor_async.py
[2022-11-08T20:41:21.362+0900] {logging_mixin.py:117} INFO - [2022-11-08T20:41:21.362+0900] {dag.py:2573} INFO - Sync 1 DAGs
[2022-11-08T20:41:21.372+0900] {logging_mixin.py:117} INFO - [2022-11-08T20:41:21.372+0900] {dag.py:3324} INFO - Setting next_dagrun for example_time_delta_sensor_async to None, run_after=None
[2022-11-08T20:41:21.388+0900] {processor.py:178} INFO - Processing /home/steve/.local/lib/python3.8/site-packages/airflow/example_dags/example_time_delta_sensor_async.py took 0.106 seconds
[2022-11-08T20:41:55.382+0900] {processor.py:156} INFO - Started process (PID=11597) to work on /home/steve/.local/lib/python3.8/site-packages/airflow/example_dags/example_time_delta_sensor_async.py
[2022-11-08T20:41:55.383+0900] {processor.py:758} INFO - Processing file /home/steve/.local/lib/python3.8/site-packages/airflow/example_dags/example_time_delta_sensor_async.py for tasks to queue
[2022-11-08T20:41:55.383+0900] {logging_mixin.py:117} INFO - [2022-11-08T20:41:55.383+0900] {dagbag.py:525} INFO - Filling up the DagBag from /home/steve/.local/lib/python3.8/site-packages/airflow/example_dags/example_time_delta_sensor_async.py
[2022-11-08T20:41:55.390+0900] {processor.py:768} INFO - DAG(s) dict_keys(['example_time_delta_sensor_async']) retrieved from /home/steve/.local/lib/python3.8/site-packages/airflow/example_dags/example_time_delta_sensor_async.py
[2022-11-08T20:41:55.457+0900] {logging_mixin.py:117} INFO - [2022-11-08T20:41:55.457+0900] {dag.py:2573} INFO - Sync 1 DAGs
[2022-11-08T20:41:55.466+0900] {logging_mixin.py:117} INFO - [2022-11-08T20:41:55.466+0900] {dag.py:3324} INFO - Setting next_dagrun for example_time_delta_sensor_async to None, run_after=None
[2022-11-08T20:41:55.481+0900] {processor.py:178} INFO - Processing /home/steve/.local/lib/python3.8/site-packages/airflow/example_dags/example_time_delta_sensor_async.py took 0.101 seconds
[2022-11-08T20:42:30.771+0900] {processor.py:156} INFO - Started process (PID=11633) to work on /home/steve/.local/lib/python3.8/site-packages/airflow/example_dags/example_time_delta_sensor_async.py
[2022-11-08T20:42:30.773+0900] {processor.py:758} INFO - Processing file /home/steve/.local/lib/python3.8/site-packages/airflow/example_dags/example_time_delta_sensor_async.py for tasks to queue
[2022-11-08T20:42:30.774+0900] {logging_mixin.py:117} INFO - [2022-11-08T20:42:30.774+0900] {dagbag.py:525} INFO - Filling up the DagBag from /home/steve/.local/lib/python3.8/site-packages/airflow/example_dags/example_time_delta_sensor_async.py
[2022-11-08T20:42:30.780+0900] {processor.py:768} INFO - DAG(s) dict_keys(['example_time_delta_sensor_async']) retrieved from /home/steve/.local/lib/python3.8/site-packages/airflow/example_dags/example_time_delta_sensor_async.py
[2022-11-08T20:42:30.849+0900] {logging_mixin.py:117} INFO - [2022-11-08T20:42:30.849+0900] {dag.py:2573} INFO - Sync 1 DAGs
[2022-11-08T20:42:30.859+0900] {logging_mixin.py:117} INFO - [2022-11-08T20:42:30.859+0900] {dag.py:3324} INFO - Setting next_dagrun for example_time_delta_sensor_async to None, run_after=None
[2022-11-08T20:42:30.875+0900] {processor.py:178} INFO - Processing /home/steve/.local/lib/python3.8/site-packages/airflow/example_dags/example_time_delta_sensor_async.py took 0.105 seconds
[2022-11-08T20:43:02.155+0900] {processor.py:156} INFO - Started process (PID=11666) to work on /home/steve/.local/lib/python3.8/site-packages/airflow/example_dags/example_time_delta_sensor_async.py
[2022-11-08T20:43:02.158+0900] {processor.py:758} INFO - Processing file /home/steve/.local/lib/python3.8/site-packages/airflow/example_dags/example_time_delta_sensor_async.py for tasks to queue
[2022-11-08T20:43:02.158+0900] {logging_mixin.py:117} INFO - [2022-11-08T20:43:02.158+0900] {dagbag.py:525} INFO - Filling up the DagBag from /home/steve/.local/lib/python3.8/site-packages/airflow/example_dags/example_time_delta_sensor_async.py
[2022-11-08T20:43:02.167+0900] {processor.py:768} INFO - DAG(s) dict_keys(['example_time_delta_sensor_async']) retrieved from /home/steve/.local/lib/python3.8/site-packages/airflow/example_dags/example_time_delta_sensor_async.py
[2022-11-08T20:43:02.243+0900] {logging_mixin.py:117} INFO - [2022-11-08T20:43:02.243+0900] {dag.py:2573} INFO - Sync 1 DAGs
[2022-11-08T20:43:02.254+0900] {logging_mixin.py:117} INFO - [2022-11-08T20:43:02.254+0900] {dag.py:3324} INFO - Setting next_dagrun for example_time_delta_sensor_async to None, run_after=None
[2022-11-08T20:43:02.270+0900] {processor.py:178} INFO - Processing /home/steve/.local/lib/python3.8/site-packages/airflow/example_dags/example_time_delta_sensor_async.py took 0.116 seconds
[2022-11-08T20:43:33.542+0900] {processor.py:156} INFO - Started process (PID=11697) to work on /home/steve/.local/lib/python3.8/site-packages/airflow/example_dags/example_time_delta_sensor_async.py
[2022-11-08T20:43:33.545+0900] {processor.py:758} INFO - Processing file /home/steve/.local/lib/python3.8/site-packages/airflow/example_dags/example_time_delta_sensor_async.py for tasks to queue
[2022-11-08T20:43:33.545+0900] {logging_mixin.py:117} INFO - [2022-11-08T20:43:33.545+0900] {dagbag.py:525} INFO - Filling up the DagBag from /home/steve/.local/lib/python3.8/site-packages/airflow/example_dags/example_time_delta_sensor_async.py
[2022-11-08T20:43:33.554+0900] {processor.py:768} INFO - DAG(s) dict_keys(['example_time_delta_sensor_async']) retrieved from /home/steve/.local/lib/python3.8/site-packages/airflow/example_dags/example_time_delta_sensor_async.py
[2022-11-08T20:43:33.632+0900] {logging_mixin.py:117} INFO - [2022-11-08T20:43:33.632+0900] {dag.py:2573} INFO - Sync 1 DAGs
[2022-11-08T20:43:33.643+0900] {logging_mixin.py:117} INFO - [2022-11-08T20:43:33.642+0900] {dag.py:3324} INFO - Setting next_dagrun for example_time_delta_sensor_async to None, run_after=None
[2022-11-08T20:43:33.667+0900] {processor.py:178} INFO - Processing /home/steve/.local/lib/python3.8/site-packages/airflow/example_dags/example_time_delta_sensor_async.py took 0.126 seconds
[2022-11-08T20:44:06.084+0900] {processor.py:156} INFO - Started process (PID=11733) to work on /home/steve/.local/lib/python3.8/site-packages/airflow/example_dags/example_time_delta_sensor_async.py
[2022-11-08T20:44:06.085+0900] {processor.py:758} INFO - Processing file /home/steve/.local/lib/python3.8/site-packages/airflow/example_dags/example_time_delta_sensor_async.py for tasks to queue
[2022-11-08T20:44:06.085+0900] {logging_mixin.py:117} INFO - [2022-11-08T20:44:06.085+0900] {dagbag.py:525} INFO - Filling up the DagBag from /home/steve/.local/lib/python3.8/site-packages/airflow/example_dags/example_time_delta_sensor_async.py
[2022-11-08T20:44:06.092+0900] {processor.py:768} INFO - DAG(s) dict_keys(['example_time_delta_sensor_async']) retrieved from /home/steve/.local/lib/python3.8/site-packages/airflow/example_dags/example_time_delta_sensor_async.py
[2022-11-08T20:44:06.163+0900] {logging_mixin.py:117} INFO - [2022-11-08T20:44:06.163+0900] {dag.py:2573} INFO - Sync 1 DAGs
[2022-11-08T20:44:06.173+0900] {logging_mixin.py:117} INFO - [2022-11-08T20:44:06.173+0900] {dag.py:3324} INFO - Setting next_dagrun for example_time_delta_sensor_async to None, run_after=None
[2022-11-08T20:44:06.190+0900] {processor.py:178} INFO - Processing /home/steve/.local/lib/python3.8/site-packages/airflow/example_dags/example_time_delta_sensor_async.py took 0.107 seconds
[2022-11-08T20:44:36.936+0900] {processor.py:156} INFO - Started process (PID=11766) to work on /home/steve/.local/lib/python3.8/site-packages/airflow/example_dags/example_time_delta_sensor_async.py
[2022-11-08T20:44:36.939+0900] {processor.py:758} INFO - Processing file /home/steve/.local/lib/python3.8/site-packages/airflow/example_dags/example_time_delta_sensor_async.py for tasks to queue
[2022-11-08T20:44:36.939+0900] {logging_mixin.py:117} INFO - [2022-11-08T20:44:36.939+0900] {dagbag.py:525} INFO - Filling up the DagBag from /home/steve/.local/lib/python3.8/site-packages/airflow/example_dags/example_time_delta_sensor_async.py
[2022-11-08T20:44:36.948+0900] {processor.py:768} INFO - DAG(s) dict_keys(['example_time_delta_sensor_async']) retrieved from /home/steve/.local/lib/python3.8/site-packages/airflow/example_dags/example_time_delta_sensor_async.py
[2022-11-08T20:44:37.022+0900] {logging_mixin.py:117} INFO - [2022-11-08T20:44:37.022+0900] {dag.py:2573} INFO - Sync 1 DAGs
[2022-11-08T20:44:37.034+0900] {logging_mixin.py:117} INFO - [2022-11-08T20:44:37.034+0900] {dag.py:3324} INFO - Setting next_dagrun for example_time_delta_sensor_async to None, run_after=None
[2022-11-08T20:44:37.051+0900] {processor.py:178} INFO - Processing /home/steve/.local/lib/python3.8/site-packages/airflow/example_dags/example_time_delta_sensor_async.py took 0.117 seconds
[2022-11-08T20:45:09.000+0900] {processor.py:156} INFO - Started process (PID=11798) to work on /home/steve/.local/lib/python3.8/site-packages/airflow/example_dags/example_time_delta_sensor_async.py
[2022-11-08T20:45:09.002+0900] {processor.py:758} INFO - Processing file /home/steve/.local/lib/python3.8/site-packages/airflow/example_dags/example_time_delta_sensor_async.py for tasks to queue
[2022-11-08T20:45:09.003+0900] {logging_mixin.py:117} INFO - [2022-11-08T20:45:09.003+0900] {dagbag.py:525} INFO - Filling up the DagBag from /home/steve/.local/lib/python3.8/site-packages/airflow/example_dags/example_time_delta_sensor_async.py
[2022-11-08T20:45:09.009+0900] {processor.py:768} INFO - DAG(s) dict_keys(['example_time_delta_sensor_async']) retrieved from /home/steve/.local/lib/python3.8/site-packages/airflow/example_dags/example_time_delta_sensor_async.py
[2022-11-08T20:45:09.078+0900] {logging_mixin.py:117} INFO - [2022-11-08T20:45:09.078+0900] {dag.py:2573} INFO - Sync 1 DAGs
[2022-11-08T20:45:09.088+0900] {logging_mixin.py:117} INFO - [2022-11-08T20:45:09.088+0900] {dag.py:3324} INFO - Setting next_dagrun for example_time_delta_sensor_async to None, run_after=None
[2022-11-08T20:45:09.104+0900] {processor.py:178} INFO - Processing /home/steve/.local/lib/python3.8/site-packages/airflow/example_dags/example_time_delta_sensor_async.py took 0.106 seconds
[2022-11-08T20:45:43.804+0900] {processor.py:156} INFO - Started process (PID=11834) to work on /home/steve/.local/lib/python3.8/site-packages/airflow/example_dags/example_time_delta_sensor_async.py
[2022-11-08T20:45:43.805+0900] {processor.py:758} INFO - Processing file /home/steve/.local/lib/python3.8/site-packages/airflow/example_dags/example_time_delta_sensor_async.py for tasks to queue
[2022-11-08T20:45:43.805+0900] {logging_mixin.py:117} INFO - [2022-11-08T20:45:43.805+0900] {dagbag.py:525} INFO - Filling up the DagBag from /home/steve/.local/lib/python3.8/site-packages/airflow/example_dags/example_time_delta_sensor_async.py
[2022-11-08T20:45:43.812+0900] {processor.py:768} INFO - DAG(s) dict_keys(['example_time_delta_sensor_async']) retrieved from /home/steve/.local/lib/python3.8/site-packages/airflow/example_dags/example_time_delta_sensor_async.py
[2022-11-08T20:45:43.887+0900] {logging_mixin.py:117} INFO - [2022-11-08T20:45:43.887+0900] {dag.py:2573} INFO - Sync 1 DAGs
[2022-11-08T20:45:43.898+0900] {logging_mixin.py:117} INFO - [2022-11-08T20:45:43.898+0900] {dag.py:3324} INFO - Setting next_dagrun for example_time_delta_sensor_async to None, run_after=None
[2022-11-08T20:45:43.915+0900] {processor.py:178} INFO - Processing /home/steve/.local/lib/python3.8/site-packages/airflow/example_dags/example_time_delta_sensor_async.py took 0.112 seconds
[2022-11-08T20:46:15.863+0900] {processor.py:156} INFO - Started process (PID=11866) to work on /home/steve/.local/lib/python3.8/site-packages/airflow/example_dags/example_time_delta_sensor_async.py
[2022-11-08T20:46:15.865+0900] {processor.py:758} INFO - Processing file /home/steve/.local/lib/python3.8/site-packages/airflow/example_dags/example_time_delta_sensor_async.py for tasks to queue
[2022-11-08T20:46:15.865+0900] {logging_mixin.py:117} INFO - [2022-11-08T20:46:15.865+0900] {dagbag.py:525} INFO - Filling up the DagBag from /home/steve/.local/lib/python3.8/site-packages/airflow/example_dags/example_time_delta_sensor_async.py
[2022-11-08T20:46:15.872+0900] {processor.py:768} INFO - DAG(s) dict_keys(['example_time_delta_sensor_async']) retrieved from /home/steve/.local/lib/python3.8/site-packages/airflow/example_dags/example_time_delta_sensor_async.py
[2022-11-08T20:46:15.942+0900] {logging_mixin.py:117} INFO - [2022-11-08T20:46:15.942+0900] {dag.py:2573} INFO - Sync 1 DAGs
[2022-11-08T20:46:15.953+0900] {logging_mixin.py:117} INFO - [2022-11-08T20:46:15.953+0900] {dag.py:3324} INFO - Setting next_dagrun for example_time_delta_sensor_async to None, run_after=None
[2022-11-08T20:46:15.969+0900] {processor.py:178} INFO - Processing /home/steve/.local/lib/python3.8/site-packages/airflow/example_dags/example_time_delta_sensor_async.py took 0.107 seconds
[2022-11-08T20:46:49.393+0900] {processor.py:156} INFO - Started process (PID=11900) to work on /home/steve/.local/lib/python3.8/site-packages/airflow/example_dags/example_time_delta_sensor_async.py
[2022-11-08T20:46:49.395+0900] {processor.py:758} INFO - Processing file /home/steve/.local/lib/python3.8/site-packages/airflow/example_dags/example_time_delta_sensor_async.py for tasks to queue
[2022-11-08T20:46:49.395+0900] {logging_mixin.py:117} INFO - [2022-11-08T20:46:49.395+0900] {dagbag.py:525} INFO - Filling up the DagBag from /home/steve/.local/lib/python3.8/site-packages/airflow/example_dags/example_time_delta_sensor_async.py
[2022-11-08T20:46:49.402+0900] {processor.py:768} INFO - DAG(s) dict_keys(['example_time_delta_sensor_async']) retrieved from /home/steve/.local/lib/python3.8/site-packages/airflow/example_dags/example_time_delta_sensor_async.py
[2022-11-08T20:46:49.472+0900] {logging_mixin.py:117} INFO - [2022-11-08T20:46:49.472+0900] {dag.py:2573} INFO - Sync 1 DAGs
[2022-11-08T20:46:49.482+0900] {logging_mixin.py:117} INFO - [2022-11-08T20:46:49.482+0900] {dag.py:3324} INFO - Setting next_dagrun for example_time_delta_sensor_async to None, run_after=None
[2022-11-08T20:46:49.498+0900] {processor.py:178} INFO - Processing /home/steve/.local/lib/python3.8/site-packages/airflow/example_dags/example_time_delta_sensor_async.py took 0.107 seconds
[2022-11-08T20:47:22.629+0900] {processor.py:156} INFO - Started process (PID=12048) to work on /home/steve/.local/lib/python3.8/site-packages/airflow/example_dags/example_time_delta_sensor_async.py
[2022-11-08T20:47:22.631+0900] {processor.py:758} INFO - Processing file /home/steve/.local/lib/python3.8/site-packages/airflow/example_dags/example_time_delta_sensor_async.py for tasks to queue
[2022-11-08T20:47:22.632+0900] {logging_mixin.py:117} INFO - [2022-11-08T20:47:22.631+0900] {dagbag.py:525} INFO - Filling up the DagBag from /home/steve/.local/lib/python3.8/site-packages/airflow/example_dags/example_time_delta_sensor_async.py
[2022-11-08T20:47:22.639+0900] {processor.py:768} INFO - DAG(s) dict_keys(['example_time_delta_sensor_async']) retrieved from /home/steve/.local/lib/python3.8/site-packages/airflow/example_dags/example_time_delta_sensor_async.py
[2022-11-08T20:47:22.711+0900] {logging_mixin.py:117} INFO - [2022-11-08T20:47:22.710+0900] {dag.py:2573} INFO - Sync 1 DAGs
[2022-11-08T20:47:22.722+0900] {logging_mixin.py:117} INFO - [2022-11-08T20:47:22.722+0900] {dag.py:3324} INFO - Setting next_dagrun for example_time_delta_sensor_async to None, run_after=None
[2022-11-08T20:47:22.738+0900] {processor.py:178} INFO - Processing /home/steve/.local/lib/python3.8/site-packages/airflow/example_dags/example_time_delta_sensor_async.py took 0.111 seconds
[2022-11-08T20:48:00.287+0900] {processor.py:156} INFO - Started process (PID=12260) to work on /home/steve/.local/lib/python3.8/site-packages/airflow/example_dags/example_time_delta_sensor_async.py
[2022-11-08T20:48:00.289+0900] {processor.py:758} INFO - Processing file /home/steve/.local/lib/python3.8/site-packages/airflow/example_dags/example_time_delta_sensor_async.py for tasks to queue
[2022-11-08T20:48:00.289+0900] {logging_mixin.py:117} INFO - [2022-11-08T20:48:00.289+0900] {dagbag.py:525} INFO - Filling up the DagBag from /home/steve/.local/lib/python3.8/site-packages/airflow/example_dags/example_time_delta_sensor_async.py
[2022-11-08T20:48:00.296+0900] {processor.py:768} INFO - DAG(s) dict_keys(['example_time_delta_sensor_async']) retrieved from /home/steve/.local/lib/python3.8/site-packages/airflow/example_dags/example_time_delta_sensor_async.py
[2022-11-08T20:48:00.371+0900] {logging_mixin.py:117} INFO - [2022-11-08T20:48:00.371+0900] {dag.py:2573} INFO - Sync 1 DAGs
[2022-11-08T20:48:00.382+0900] {logging_mixin.py:117} INFO - [2022-11-08T20:48:00.382+0900] {dag.py:3324} INFO - Setting next_dagrun for example_time_delta_sensor_async to None, run_after=None
[2022-11-08T20:48:00.402+0900] {processor.py:178} INFO - Processing /home/steve/.local/lib/python3.8/site-packages/airflow/example_dags/example_time_delta_sensor_async.py took 0.117 seconds
[2022-11-08T20:48:33.723+0900] {processor.py:156} INFO - Started process (PID=12294) to work on /home/steve/.local/lib/python3.8/site-packages/airflow/example_dags/example_time_delta_sensor_async.py
[2022-11-08T20:48:33.725+0900] {processor.py:758} INFO - Processing file /home/steve/.local/lib/python3.8/site-packages/airflow/example_dags/example_time_delta_sensor_async.py for tasks to queue
[2022-11-08T20:48:33.725+0900] {logging_mixin.py:117} INFO - [2022-11-08T20:48:33.725+0900] {dagbag.py:525} INFO - Filling up the DagBag from /home/steve/.local/lib/python3.8/site-packages/airflow/example_dags/example_time_delta_sensor_async.py
[2022-11-08T20:48:33.734+0900] {processor.py:768} INFO - DAG(s) dict_keys(['example_time_delta_sensor_async']) retrieved from /home/steve/.local/lib/python3.8/site-packages/airflow/example_dags/example_time_delta_sensor_async.py
[2022-11-08T20:48:33.809+0900] {logging_mixin.py:117} INFO - [2022-11-08T20:48:33.809+0900] {dag.py:2573} INFO - Sync 1 DAGs
[2022-11-08T20:48:33.821+0900] {logging_mixin.py:117} INFO - [2022-11-08T20:48:33.821+0900] {dag.py:3324} INFO - Setting next_dagrun for example_time_delta_sensor_async to None, run_after=None
[2022-11-08T20:48:33.838+0900] {processor.py:178} INFO - Processing /home/steve/.local/lib/python3.8/site-packages/airflow/example_dags/example_time_delta_sensor_async.py took 0.117 seconds
[2022-11-08T20:49:08.148+0900] {processor.py:156} INFO - Started process (PID=12330) to work on /home/steve/.local/lib/python3.8/site-packages/airflow/example_dags/example_time_delta_sensor_async.py
[2022-11-08T20:49:08.150+0900] {processor.py:758} INFO - Processing file /home/steve/.local/lib/python3.8/site-packages/airflow/example_dags/example_time_delta_sensor_async.py for tasks to queue
[2022-11-08T20:49:08.150+0900] {logging_mixin.py:117} INFO - [2022-11-08T20:49:08.150+0900] {dagbag.py:525} INFO - Filling up the DagBag from /home/steve/.local/lib/python3.8/site-packages/airflow/example_dags/example_time_delta_sensor_async.py
[2022-11-08T20:49:08.157+0900] {processor.py:768} INFO - DAG(s) dict_keys(['example_time_delta_sensor_async']) retrieved from /home/steve/.local/lib/python3.8/site-packages/airflow/example_dags/example_time_delta_sensor_async.py
[2022-11-08T20:49:08.236+0900] {logging_mixin.py:117} INFO - [2022-11-08T20:49:08.236+0900] {dag.py:2573} INFO - Sync 1 DAGs
[2022-11-08T20:49:08.248+0900] {logging_mixin.py:117} INFO - [2022-11-08T20:49:08.247+0900] {dag.py:3324} INFO - Setting next_dagrun for example_time_delta_sensor_async to None, run_after=None
[2022-11-08T20:49:08.265+0900] {processor.py:178} INFO - Processing /home/steve/.local/lib/python3.8/site-packages/airflow/example_dags/example_time_delta_sensor_async.py took 0.119 seconds
[2022-11-08T20:49:42.889+0900] {processor.py:156} INFO - Started process (PID=12367) to work on /home/steve/.local/lib/python3.8/site-packages/airflow/example_dags/example_time_delta_sensor_async.py
[2022-11-08T20:49:42.892+0900] {processor.py:758} INFO - Processing file /home/steve/.local/lib/python3.8/site-packages/airflow/example_dags/example_time_delta_sensor_async.py for tasks to queue
[2022-11-08T20:49:42.892+0900] {logging_mixin.py:117} INFO - [2022-11-08T20:49:42.892+0900] {dagbag.py:525} INFO - Filling up the DagBag from /home/steve/.local/lib/python3.8/site-packages/airflow/example_dags/example_time_delta_sensor_async.py
[2022-11-08T20:49:42.901+0900] {processor.py:768} INFO - DAG(s) dict_keys(['example_time_delta_sensor_async']) retrieved from /home/steve/.local/lib/python3.8/site-packages/airflow/example_dags/example_time_delta_sensor_async.py
[2022-11-08T20:49:42.983+0900] {logging_mixin.py:117} INFO - [2022-11-08T20:49:42.983+0900] {dag.py:2573} INFO - Sync 1 DAGs
[2022-11-08T20:49:42.995+0900] {logging_mixin.py:117} INFO - [2022-11-08T20:49:42.995+0900] {dag.py:3324} INFO - Setting next_dagrun for example_time_delta_sensor_async to None, run_after=None
[2022-11-08T20:49:43.012+0900] {processor.py:178} INFO - Processing /home/steve/.local/lib/python3.8/site-packages/airflow/example_dags/example_time_delta_sensor_async.py took 0.124 seconds
[2022-11-08T20:50:17.820+0900] {processor.py:156} INFO - Started process (PID=12403) to work on /home/steve/.local/lib/python3.8/site-packages/airflow/example_dags/example_time_delta_sensor_async.py
[2022-11-08T20:50:17.821+0900] {processor.py:758} INFO - Processing file /home/steve/.local/lib/python3.8/site-packages/airflow/example_dags/example_time_delta_sensor_async.py for tasks to queue
[2022-11-08T20:50:17.822+0900] {logging_mixin.py:117} INFO - [2022-11-08T20:50:17.821+0900] {dagbag.py:525} INFO - Filling up the DagBag from /home/steve/.local/lib/python3.8/site-packages/airflow/example_dags/example_time_delta_sensor_async.py
[2022-11-08T20:50:17.832+0900] {processor.py:768} INFO - DAG(s) dict_keys(['example_time_delta_sensor_async']) retrieved from /home/steve/.local/lib/python3.8/site-packages/airflow/example_dags/example_time_delta_sensor_async.py
[2022-11-08T20:50:17.922+0900] {logging_mixin.py:117} INFO - [2022-11-08T20:50:17.922+0900] {dag.py:2573} INFO - Sync 1 DAGs
[2022-11-08T20:50:17.935+0900] {logging_mixin.py:117} INFO - [2022-11-08T20:50:17.935+0900] {dag.py:3324} INFO - Setting next_dagrun for example_time_delta_sensor_async to None, run_after=None
[2022-11-08T20:50:17.957+0900] {processor.py:178} INFO - Processing /home/steve/.local/lib/python3.8/site-packages/airflow/example_dags/example_time_delta_sensor_async.py took 0.138 seconds
[2022-11-08T20:50:50.149+0900] {processor.py:156} INFO - Started process (PID=12600) to work on /home/steve/.local/lib/python3.8/site-packages/airflow/example_dags/example_time_delta_sensor_async.py
[2022-11-08T20:50:50.151+0900] {processor.py:758} INFO - Processing file /home/steve/.local/lib/python3.8/site-packages/airflow/example_dags/example_time_delta_sensor_async.py for tasks to queue
[2022-11-08T20:50:50.152+0900] {logging_mixin.py:117} INFO - [2022-11-08T20:50:50.152+0900] {dagbag.py:525} INFO - Filling up the DagBag from /home/steve/.local/lib/python3.8/site-packages/airflow/example_dags/example_time_delta_sensor_async.py
[2022-11-08T20:50:50.158+0900] {processor.py:768} INFO - DAG(s) dict_keys(['example_time_delta_sensor_async']) retrieved from /home/steve/.local/lib/python3.8/site-packages/airflow/example_dags/example_time_delta_sensor_async.py
[2022-11-08T20:50:50.227+0900] {logging_mixin.py:117} INFO - [2022-11-08T20:50:50.227+0900] {dag.py:2573} INFO - Sync 1 DAGs
[2022-11-08T20:50:50.236+0900] {logging_mixin.py:117} INFO - [2022-11-08T20:50:50.236+0900] {dag.py:3324} INFO - Setting next_dagrun for example_time_delta_sensor_async to None, run_after=None
[2022-11-08T20:50:50.253+0900] {processor.py:178} INFO - Processing /home/steve/.local/lib/python3.8/site-packages/airflow/example_dags/example_time_delta_sensor_async.py took 0.106 seconds
