[2022-11-08T19:44:57.787+0900] {processor.py:156} INFO - Started process (PID=7402) to work on /home/steve/.local/lib/python3.8/site-packages/airflow/example_dags/example_complex.py
[2022-11-08T19:44:57.788+0900] {processor.py:758} INFO - Processing file /home/steve/.local/lib/python3.8/site-packages/airflow/example_dags/example_complex.py for tasks to queue
[2022-11-08T19:44:57.788+0900] {logging_mixin.py:117} INFO - [2022-11-08T19:44:57.788+0900] {dagbag.py:525} INFO - Filling up the DagBag from /home/steve/.local/lib/python3.8/site-packages/airflow/example_dags/example_complex.py
[2022-11-08T19:44:57.797+0900] {processor.py:768} INFO - DAG(s) dict_keys(['example_complex']) retrieved from /home/steve/.local/lib/python3.8/site-packages/airflow/example_dags/example_complex.py
[2022-11-08T19:44:57.867+0900] {logging_mixin.py:117} INFO - [2022-11-08T19:44:57.867+0900] {manager.py:507} INFO - Created Permission View: can edit on DAG:example_complex
[2022-11-08T19:44:57.877+0900] {logging_mixin.py:117} INFO - [2022-11-08T19:44:57.877+0900] {manager.py:507} INFO - Created Permission View: can delete on DAG:example_complex
[2022-11-08T19:44:57.885+0900] {logging_mixin.py:117} INFO - [2022-11-08T19:44:57.885+0900] {manager.py:507} INFO - Created Permission View: can read on DAG:example_complex
[2022-11-08T19:44:57.885+0900] {logging_mixin.py:117} INFO - [2022-11-08T19:44:57.885+0900] {dag.py:2573} INFO - Sync 1 DAGs
[2022-11-08T19:44:57.962+0900] {logging_mixin.py:117} INFO - [2022-11-08T19:44:57.962+0900] {dag.py:2594} INFO - Creating ORM DAG for example_complex
[2022-11-08T19:44:57.967+0900] {logging_mixin.py:117} INFO - [2022-11-08T19:44:57.966+0900] {dag.py:3324} INFO - Setting next_dagrun for example_complex to None, run_after=None
[2022-11-08T19:44:57.983+0900] {processor.py:178} INFO - Processing /home/steve/.local/lib/python3.8/site-packages/airflow/example_dags/example_complex.py took 0.197 seconds
[2022-11-08T19:45:33.943+0900] {processor.py:156} INFO - Started process (PID=7664) to work on /home/steve/.local/lib/python3.8/site-packages/airflow/example_dags/example_complex.py
[2022-11-08T19:45:33.945+0900] {processor.py:758} INFO - Processing file /home/steve/.local/lib/python3.8/site-packages/airflow/example_dags/example_complex.py for tasks to queue
[2022-11-08T19:45:33.945+0900] {logging_mixin.py:117} INFO - [2022-11-08T19:45:33.945+0900] {dagbag.py:525} INFO - Filling up the DagBag from /home/steve/.local/lib/python3.8/site-packages/airflow/example_dags/example_complex.py
[2022-11-08T19:45:33.955+0900] {processor.py:768} INFO - DAG(s) dict_keys(['example_complex']) retrieved from /home/steve/.local/lib/python3.8/site-packages/airflow/example_dags/example_complex.py
[2022-11-08T19:45:33.972+0900] {logging_mixin.py:117} INFO - [2022-11-08T19:45:33.972+0900] {dag.py:2573} INFO - Sync 1 DAGs
[2022-11-08T19:45:33.981+0900] {logging_mixin.py:117} INFO - [2022-11-08T19:45:33.981+0900] {dag.py:3324} INFO - Setting next_dagrun for example_complex to None, run_after=None
[2022-11-08T19:45:33.997+0900] {processor.py:178} INFO - Processing /home/steve/.local/lib/python3.8/site-packages/airflow/example_dags/example_complex.py took 0.056 seconds
[2022-11-08T19:46:09.999+0900] {processor.py:156} INFO - Started process (PID=7798) to work on /home/steve/.local/lib/python3.8/site-packages/airflow/example_dags/example_complex.py
[2022-11-08T19:46:10.001+0900] {processor.py:758} INFO - Processing file /home/steve/.local/lib/python3.8/site-packages/airflow/example_dags/example_complex.py for tasks to queue
[2022-11-08T19:46:10.001+0900] {logging_mixin.py:117} INFO - [2022-11-08T19:46:10.001+0900] {dagbag.py:525} INFO - Filling up the DagBag from /home/steve/.local/lib/python3.8/site-packages/airflow/example_dags/example_complex.py
[2022-11-08T19:46:10.011+0900] {processor.py:768} INFO - DAG(s) dict_keys(['example_complex']) retrieved from /home/steve/.local/lib/python3.8/site-packages/airflow/example_dags/example_complex.py
[2022-11-08T19:46:10.028+0900] {logging_mixin.py:117} INFO - [2022-11-08T19:46:10.028+0900] {dag.py:2573} INFO - Sync 1 DAGs
[2022-11-08T19:46:10.037+0900] {logging_mixin.py:117} INFO - [2022-11-08T19:46:10.037+0900] {dag.py:3324} INFO - Setting next_dagrun for example_complex to None, run_after=None
[2022-11-08T19:46:10.054+0900] {processor.py:178} INFO - Processing /home/steve/.local/lib/python3.8/site-packages/airflow/example_dags/example_complex.py took 0.057 seconds
[2022-11-08T19:46:45.999+0900] {processor.py:156} INFO - Started process (PID=7834) to work on /home/steve/.local/lib/python3.8/site-packages/airflow/example_dags/example_complex.py
[2022-11-08T19:46:46.000+0900] {processor.py:758} INFO - Processing file /home/steve/.local/lib/python3.8/site-packages/airflow/example_dags/example_complex.py for tasks to queue
[2022-11-08T19:46:46.000+0900] {logging_mixin.py:117} INFO - [2022-11-08T19:46:46.000+0900] {dagbag.py:525} INFO - Filling up the DagBag from /home/steve/.local/lib/python3.8/site-packages/airflow/example_dags/example_complex.py
[2022-11-08T19:46:46.009+0900] {processor.py:768} INFO - DAG(s) dict_keys(['example_complex']) retrieved from /home/steve/.local/lib/python3.8/site-packages/airflow/example_dags/example_complex.py
[2022-11-08T19:46:46.026+0900] {logging_mixin.py:117} INFO - [2022-11-08T19:46:46.026+0900] {dag.py:2573} INFO - Sync 1 DAGs
[2022-11-08T19:46:46.035+0900] {logging_mixin.py:117} INFO - [2022-11-08T19:46:46.035+0900] {dag.py:3324} INFO - Setting next_dagrun for example_complex to None, run_after=None
[2022-11-08T19:46:46.051+0900] {processor.py:178} INFO - Processing /home/steve/.local/lib/python3.8/site-packages/airflow/example_dags/example_complex.py took 0.054 seconds
[2022-11-08T19:47:22.450+0900] {processor.py:156} INFO - Started process (PID=7912) to work on /home/steve/.local/lib/python3.8/site-packages/airflow/example_dags/example_complex.py
[2022-11-08T19:47:22.451+0900] {processor.py:758} INFO - Processing file /home/steve/.local/lib/python3.8/site-packages/airflow/example_dags/example_complex.py for tasks to queue
[2022-11-08T19:47:22.451+0900] {logging_mixin.py:117} INFO - [2022-11-08T19:47:22.451+0900] {dagbag.py:525} INFO - Filling up the DagBag from /home/steve/.local/lib/python3.8/site-packages/airflow/example_dags/example_complex.py
[2022-11-08T19:47:22.461+0900] {processor.py:768} INFO - DAG(s) dict_keys(['example_complex']) retrieved from /home/steve/.local/lib/python3.8/site-packages/airflow/example_dags/example_complex.py
[2022-11-08T19:47:22.478+0900] {logging_mixin.py:117} INFO - [2022-11-08T19:47:22.478+0900] {dag.py:2573} INFO - Sync 1 DAGs
[2022-11-08T19:47:22.488+0900] {logging_mixin.py:117} INFO - [2022-11-08T19:47:22.488+0900] {dag.py:3324} INFO - Setting next_dagrun for example_complex to None, run_after=None
[2022-11-08T19:47:22.573+0900] {processor.py:178} INFO - Processing /home/steve/.local/lib/python3.8/site-packages/airflow/example_dags/example_complex.py took 0.124 seconds
[2022-11-08T19:47:59.260+0900] {processor.py:156} INFO - Started process (PID=7948) to work on /home/steve/.local/lib/python3.8/site-packages/airflow/example_dags/example_complex.py
[2022-11-08T19:47:59.261+0900] {processor.py:758} INFO - Processing file /home/steve/.local/lib/python3.8/site-packages/airflow/example_dags/example_complex.py for tasks to queue
[2022-11-08T19:47:59.262+0900] {logging_mixin.py:117} INFO - [2022-11-08T19:47:59.261+0900] {dagbag.py:525} INFO - Filling up the DagBag from /home/steve/.local/lib/python3.8/site-packages/airflow/example_dags/example_complex.py
[2022-11-08T19:47:59.271+0900] {processor.py:768} INFO - DAG(s) dict_keys(['example_complex']) retrieved from /home/steve/.local/lib/python3.8/site-packages/airflow/example_dags/example_complex.py
[2022-11-08T19:47:59.287+0900] {logging_mixin.py:117} INFO - [2022-11-08T19:47:59.287+0900] {dag.py:2573} INFO - Sync 1 DAGs
[2022-11-08T19:47:59.362+0900] {logging_mixin.py:117} INFO - [2022-11-08T19:47:59.362+0900] {dag.py:3324} INFO - Setting next_dagrun for example_complex to None, run_after=None
[2022-11-08T19:47:59.378+0900] {processor.py:178} INFO - Processing /home/steve/.local/lib/python3.8/site-packages/airflow/example_dags/example_complex.py took 0.119 seconds
[2022-11-08T19:48:38.396+0900] {processor.py:156} INFO - Started process (PID=7985) to work on /home/steve/.local/lib/python3.8/site-packages/airflow/example_dags/example_complex.py
[2022-11-08T19:48:38.398+0900] {processor.py:758} INFO - Processing file /home/steve/.local/lib/python3.8/site-packages/airflow/example_dags/example_complex.py for tasks to queue
[2022-11-08T19:48:38.398+0900] {logging_mixin.py:117} INFO - [2022-11-08T19:48:38.398+0900] {dagbag.py:525} INFO - Filling up the DagBag from /home/steve/.local/lib/python3.8/site-packages/airflow/example_dags/example_complex.py
[2022-11-08T19:48:38.408+0900] {processor.py:768} INFO - DAG(s) dict_keys(['example_complex']) retrieved from /home/steve/.local/lib/python3.8/site-packages/airflow/example_dags/example_complex.py
[2022-11-08T19:48:38.425+0900] {logging_mixin.py:117} INFO - [2022-11-08T19:48:38.425+0900] {dag.py:2573} INFO - Sync 1 DAGs
[2022-11-08T19:48:38.503+0900] {logging_mixin.py:117} INFO - [2022-11-08T19:48:38.503+0900] {dag.py:3324} INFO - Setting next_dagrun for example_complex to None, run_after=None
[2022-11-08T19:48:38.519+0900] {processor.py:178} INFO - Processing /home/steve/.local/lib/python3.8/site-packages/airflow/example_dags/example_complex.py took 0.125 seconds
[2022-11-08T19:49:15.355+0900] {processor.py:156} INFO - Started process (PID=8020) to work on /home/steve/.local/lib/python3.8/site-packages/airflow/example_dags/example_complex.py
[2022-11-08T19:49:15.357+0900] {processor.py:758} INFO - Processing file /home/steve/.local/lib/python3.8/site-packages/airflow/example_dags/example_complex.py for tasks to queue
[2022-11-08T19:49:15.358+0900] {logging_mixin.py:117} INFO - [2022-11-08T19:49:15.358+0900] {dagbag.py:525} INFO - Filling up the DagBag from /home/steve/.local/lib/python3.8/site-packages/airflow/example_dags/example_complex.py
[2022-11-08T19:49:15.367+0900] {processor.py:768} INFO - DAG(s) dict_keys(['example_complex']) retrieved from /home/steve/.local/lib/python3.8/site-packages/airflow/example_dags/example_complex.py
[2022-11-08T19:49:15.384+0900] {logging_mixin.py:117} INFO - [2022-11-08T19:49:15.384+0900] {dag.py:2573} INFO - Sync 1 DAGs
[2022-11-08T19:49:15.457+0900] {logging_mixin.py:117} INFO - [2022-11-08T19:49:15.457+0900] {dag.py:3324} INFO - Setting next_dagrun for example_complex to None, run_after=None
[2022-11-08T19:49:15.473+0900] {processor.py:178} INFO - Processing /home/steve/.local/lib/python3.8/site-packages/airflow/example_dags/example_complex.py took 0.119 seconds
[2022-11-08T19:49:51.071+0900] {processor.py:156} INFO - Started process (PID=8083) to work on /home/steve/.local/lib/python3.8/site-packages/airflow/example_dags/example_complex.py
[2022-11-08T19:49:51.072+0900] {processor.py:758} INFO - Processing file /home/steve/.local/lib/python3.8/site-packages/airflow/example_dags/example_complex.py for tasks to queue
[2022-11-08T19:49:51.072+0900] {logging_mixin.py:117} INFO - [2022-11-08T19:49:51.072+0900] {dagbag.py:525} INFO - Filling up the DagBag from /home/steve/.local/lib/python3.8/site-packages/airflow/example_dags/example_complex.py
[2022-11-08T19:49:51.082+0900] {processor.py:768} INFO - DAG(s) dict_keys(['example_complex']) retrieved from /home/steve/.local/lib/python3.8/site-packages/airflow/example_dags/example_complex.py
[2022-11-08T19:49:51.168+0900] {logging_mixin.py:117} INFO - [2022-11-08T19:49:51.168+0900] {dag.py:2573} INFO - Sync 1 DAGs
[2022-11-08T19:49:51.176+0900] {logging_mixin.py:117} INFO - [2022-11-08T19:49:51.176+0900] {dag.py:3324} INFO - Setting next_dagrun for example_complex to None, run_after=None
[2022-11-08T19:49:51.191+0900] {processor.py:178} INFO - Processing /home/steve/.local/lib/python3.8/site-packages/airflow/example_dags/example_complex.py took 0.122 seconds
[2022-11-08T19:50:24.888+0900] {processor.py:156} INFO - Started process (PID=8117) to work on /home/steve/.local/lib/python3.8/site-packages/airflow/example_dags/example_complex.py
[2022-11-08T19:50:24.889+0900] {processor.py:758} INFO - Processing file /home/steve/.local/lib/python3.8/site-packages/airflow/example_dags/example_complex.py for tasks to queue
[2022-11-08T19:50:24.889+0900] {logging_mixin.py:117} INFO - [2022-11-08T19:50:24.889+0900] {dagbag.py:525} INFO - Filling up the DagBag from /home/steve/.local/lib/python3.8/site-packages/airflow/example_dags/example_complex.py
[2022-11-08T19:50:24.899+0900] {processor.py:768} INFO - DAG(s) dict_keys(['example_complex']) retrieved from /home/steve/.local/lib/python3.8/site-packages/airflow/example_dags/example_complex.py
[2022-11-08T19:50:24.982+0900] {logging_mixin.py:117} INFO - [2022-11-08T19:50:24.982+0900] {dag.py:2573} INFO - Sync 1 DAGs
[2022-11-08T19:50:24.991+0900] {logging_mixin.py:117} INFO - [2022-11-08T19:50:24.991+0900] {dag.py:3324} INFO - Setting next_dagrun for example_complex to None, run_after=None
[2022-11-08T19:50:25.007+0900] {processor.py:178} INFO - Processing /home/steve/.local/lib/python3.8/site-packages/airflow/example_dags/example_complex.py took 0.120 seconds
[2022-11-08T19:51:01.017+0900] {processor.py:156} INFO - Started process (PID=8151) to work on /home/steve/.local/lib/python3.8/site-packages/airflow/example_dags/example_complex.py
[2022-11-08T19:51:01.019+0900] {processor.py:758} INFO - Processing file /home/steve/.local/lib/python3.8/site-packages/airflow/example_dags/example_complex.py for tasks to queue
[2022-11-08T19:51:01.019+0900] {logging_mixin.py:117} INFO - [2022-11-08T19:51:01.019+0900] {dagbag.py:525} INFO - Filling up the DagBag from /home/steve/.local/lib/python3.8/site-packages/airflow/example_dags/example_complex.py
[2022-11-08T19:51:01.095+0900] {processor.py:768} INFO - DAG(s) dict_keys(['example_complex']) retrieved from /home/steve/.local/lib/python3.8/site-packages/airflow/example_dags/example_complex.py
[2022-11-08T19:51:01.109+0900] {logging_mixin.py:117} INFO - [2022-11-08T19:51:01.109+0900] {dag.py:2573} INFO - Sync 1 DAGs
[2022-11-08T19:51:01.118+0900] {logging_mixin.py:117} INFO - [2022-11-08T19:51:01.118+0900] {dag.py:3324} INFO - Setting next_dagrun for example_complex to None, run_after=None
[2022-11-08T19:51:01.133+0900] {processor.py:178} INFO - Processing /home/steve/.local/lib/python3.8/site-packages/airflow/example_dags/example_complex.py took 0.118 seconds
[2022-11-08T19:51:39.317+0900] {processor.py:156} INFO - Started process (PID=8188) to work on /home/steve/.local/lib/python3.8/site-packages/airflow/example_dags/example_complex.py
[2022-11-08T19:51:39.319+0900] {processor.py:758} INFO - Processing file /home/steve/.local/lib/python3.8/site-packages/airflow/example_dags/example_complex.py for tasks to queue
[2022-11-08T19:51:39.320+0900] {logging_mixin.py:117} INFO - [2022-11-08T19:51:39.319+0900] {dagbag.py:525} INFO - Filling up the DagBag from /home/steve/.local/lib/python3.8/site-packages/airflow/example_dags/example_complex.py
[2022-11-08T19:51:39.397+0900] {processor.py:768} INFO - DAG(s) dict_keys(['example_complex']) retrieved from /home/steve/.local/lib/python3.8/site-packages/airflow/example_dags/example_complex.py
[2022-11-08T19:51:39.411+0900] {logging_mixin.py:117} INFO - [2022-11-08T19:51:39.411+0900] {dag.py:2573} INFO - Sync 1 DAGs
[2022-11-08T19:51:39.419+0900] {logging_mixin.py:117} INFO - [2022-11-08T19:51:39.419+0900] {dag.py:3324} INFO - Setting next_dagrun for example_complex to None, run_after=None
[2022-11-08T19:51:39.434+0900] {processor.py:178} INFO - Processing /home/steve/.local/lib/python3.8/site-packages/airflow/example_dags/example_complex.py took 0.119 seconds
[2022-11-08T19:52:12.631+0900] {processor.py:156} INFO - Started process (PID=8224) to work on /home/steve/.local/lib/python3.8/site-packages/airflow/example_dags/example_complex.py
[2022-11-08T19:52:12.632+0900] {processor.py:758} INFO - Processing file /home/steve/.local/lib/python3.8/site-packages/airflow/example_dags/example_complex.py for tasks to queue
[2022-11-08T19:52:12.632+0900] {logging_mixin.py:117} INFO - [2022-11-08T19:52:12.632+0900] {dagbag.py:525} INFO - Filling up the DagBag from /home/steve/.local/lib/python3.8/site-packages/airflow/example_dags/example_complex.py
[2022-11-08T19:52:12.641+0900] {processor.py:768} INFO - DAG(s) dict_keys(['example_complex']) retrieved from /home/steve/.local/lib/python3.8/site-packages/airflow/example_dags/example_complex.py
[2022-11-08T19:52:12.658+0900] {logging_mixin.py:117} INFO - [2022-11-08T19:52:12.658+0900] {dag.py:2573} INFO - Sync 1 DAGs
[2022-11-08T19:52:12.668+0900] {logging_mixin.py:117} INFO - [2022-11-08T19:52:12.668+0900] {dag.py:3324} INFO - Setting next_dagrun for example_complex to None, run_after=None
[2022-11-08T19:52:12.685+0900] {processor.py:178} INFO - Processing /home/steve/.local/lib/python3.8/site-packages/airflow/example_dags/example_complex.py took 0.055 seconds
[2022-11-08T19:52:45.493+0900] {processor.py:156} INFO - Started process (PID=8270) to work on /home/steve/.local/lib/python3.8/site-packages/airflow/example_dags/example_complex.py
[2022-11-08T19:52:45.494+0900] {processor.py:758} INFO - Processing file /home/steve/.local/lib/python3.8/site-packages/airflow/example_dags/example_complex.py for tasks to queue
[2022-11-08T19:52:45.495+0900] {logging_mixin.py:117} INFO - [2022-11-08T19:52:45.495+0900] {dagbag.py:525} INFO - Filling up the DagBag from /home/steve/.local/lib/python3.8/site-packages/airflow/example_dags/example_complex.py
[2022-11-08T19:52:45.504+0900] {processor.py:768} INFO - DAG(s) dict_keys(['example_complex']) retrieved from /home/steve/.local/lib/python3.8/site-packages/airflow/example_dags/example_complex.py
[2022-11-08T19:52:45.522+0900] {logging_mixin.py:117} INFO - [2022-11-08T19:52:45.522+0900] {dag.py:2573} INFO - Sync 1 DAGs
[2022-11-08T19:52:45.533+0900] {logging_mixin.py:117} INFO - [2022-11-08T19:52:45.533+0900] {dag.py:3324} INFO - Setting next_dagrun for example_complex to None, run_after=None
[2022-11-08T19:52:45.549+0900] {processor.py:178} INFO - Processing /home/steve/.local/lib/python3.8/site-packages/airflow/example_dags/example_complex.py took 0.057 seconds
[2022-11-08T19:53:22.858+0900] {processor.py:156} INFO - Started process (PID=8516) to work on /home/steve/.local/lib/python3.8/site-packages/airflow/example_dags/example_complex.py
[2022-11-08T19:53:22.860+0900] {processor.py:758} INFO - Processing file /home/steve/.local/lib/python3.8/site-packages/airflow/example_dags/example_complex.py for tasks to queue
[2022-11-08T19:53:22.860+0900] {logging_mixin.py:117} INFO - [2022-11-08T19:53:22.860+0900] {dagbag.py:525} INFO - Filling up the DagBag from /home/steve/.local/lib/python3.8/site-packages/airflow/example_dags/example_complex.py
[2022-11-08T19:53:22.870+0900] {processor.py:768} INFO - DAG(s) dict_keys(['example_complex']) retrieved from /home/steve/.local/lib/python3.8/site-packages/airflow/example_dags/example_complex.py
[2022-11-08T19:53:22.881+0900] {logging_mixin.py:117} INFO - [2022-11-08T19:53:22.881+0900] {dag.py:2573} INFO - Sync 1 DAGs
[2022-11-08T19:53:22.891+0900] {logging_mixin.py:117} INFO - [2022-11-08T19:53:22.891+0900] {dag.py:3324} INFO - Setting next_dagrun for example_complex to None, run_after=None
[2022-11-08T19:53:22.907+0900] {processor.py:178} INFO - Processing /home/steve/.local/lib/python3.8/site-packages/airflow/example_dags/example_complex.py took 0.051 seconds
[2022-11-08T19:53:57.180+0900] {processor.py:156} INFO - Started process (PID=8572) to work on /home/steve/.local/lib/python3.8/site-packages/airflow/example_dags/example_complex.py
[2022-11-08T19:53:57.182+0900] {processor.py:758} INFO - Processing file /home/steve/.local/lib/python3.8/site-packages/airflow/example_dags/example_complex.py for tasks to queue
[2022-11-08T19:53:57.182+0900] {logging_mixin.py:117} INFO - [2022-11-08T19:53:57.182+0900] {dagbag.py:525} INFO - Filling up the DagBag from /home/steve/.local/lib/python3.8/site-packages/airflow/example_dags/example_complex.py
[2022-11-08T19:53:57.192+0900] {processor.py:768} INFO - DAG(s) dict_keys(['example_complex']) retrieved from /home/steve/.local/lib/python3.8/site-packages/airflow/example_dags/example_complex.py
[2022-11-08T19:53:57.212+0900] {logging_mixin.py:117} INFO - [2022-11-08T19:53:57.212+0900] {dag.py:2573} INFO - Sync 1 DAGs
[2022-11-08T19:53:57.222+0900] {logging_mixin.py:117} INFO - [2022-11-08T19:53:57.222+0900] {dag.py:3324} INFO - Setting next_dagrun for example_complex to None, run_after=None
[2022-11-08T19:53:57.239+0900] {processor.py:178} INFO - Processing /home/steve/.local/lib/python3.8/site-packages/airflow/example_dags/example_complex.py took 0.061 seconds
[2022-11-08T19:54:33.591+0900] {processor.py:156} INFO - Started process (PID=8750) to work on /home/steve/.local/lib/python3.8/site-packages/airflow/example_dags/example_complex.py
[2022-11-08T19:54:33.593+0900] {processor.py:758} INFO - Processing file /home/steve/.local/lib/python3.8/site-packages/airflow/example_dags/example_complex.py for tasks to queue
[2022-11-08T19:54:33.594+0900] {logging_mixin.py:117} INFO - [2022-11-08T19:54:33.594+0900] {dagbag.py:525} INFO - Filling up the DagBag from /home/steve/.local/lib/python3.8/site-packages/airflow/example_dags/example_complex.py
[2022-11-08T19:54:33.606+0900] {processor.py:768} INFO - DAG(s) dict_keys(['example_complex']) retrieved from /home/steve/.local/lib/python3.8/site-packages/airflow/example_dags/example_complex.py
[2022-11-08T19:54:33.625+0900] {logging_mixin.py:117} INFO - [2022-11-08T19:54:33.625+0900] {dag.py:2573} INFO - Sync 1 DAGs
[2022-11-08T19:54:33.636+0900] {logging_mixin.py:117} INFO - [2022-11-08T19:54:33.636+0900] {dag.py:3324} INFO - Setting next_dagrun for example_complex to None, run_after=None
[2022-11-08T19:54:33.654+0900] {processor.py:178} INFO - Processing /home/steve/.local/lib/python3.8/site-packages/airflow/example_dags/example_complex.py took 0.064 seconds
[2022-11-08T19:55:08.522+0900] {processor.py:156} INFO - Started process (PID=9006) to work on /home/steve/.local/lib/python3.8/site-packages/airflow/example_dags/example_complex.py
[2022-11-08T19:55:08.524+0900] {processor.py:758} INFO - Processing file /home/steve/.local/lib/python3.8/site-packages/airflow/example_dags/example_complex.py for tasks to queue
[2022-11-08T19:55:08.524+0900] {logging_mixin.py:117} INFO - [2022-11-08T19:55:08.524+0900] {dagbag.py:525} INFO - Filling up the DagBag from /home/steve/.local/lib/python3.8/site-packages/airflow/example_dags/example_complex.py
[2022-11-08T19:55:08.534+0900] {processor.py:768} INFO - DAG(s) dict_keys(['example_complex']) retrieved from /home/steve/.local/lib/python3.8/site-packages/airflow/example_dags/example_complex.py
[2022-11-08T19:55:08.550+0900] {logging_mixin.py:117} INFO - [2022-11-08T19:55:08.550+0900] {dag.py:2573} INFO - Sync 1 DAGs
[2022-11-08T19:55:08.560+0900] {logging_mixin.py:117} INFO - [2022-11-08T19:55:08.559+0900] {dag.py:3324} INFO - Setting next_dagrun for example_complex to None, run_after=None
[2022-11-08T19:55:08.575+0900] {processor.py:178} INFO - Processing /home/steve/.local/lib/python3.8/site-packages/airflow/example_dags/example_complex.py took 0.054 seconds
[2022-11-08T20:27:09.232+0900] {processor.py:156} INFO - Started process (PID=9788) to work on /home/steve/.local/lib/python3.8/site-packages/airflow/example_dags/example_complex.py
[2022-11-08T20:27:09.234+0900] {processor.py:758} INFO - Processing file /home/steve/.local/lib/python3.8/site-packages/airflow/example_dags/example_complex.py for tasks to queue
[2022-11-08T20:27:09.234+0900] {logging_mixin.py:117} INFO - [2022-11-08T20:27:09.234+0900] {dagbag.py:525} INFO - Filling up the DagBag from /home/steve/.local/lib/python3.8/site-packages/airflow/example_dags/example_complex.py
[2022-11-08T20:27:09.245+0900] {processor.py:768} INFO - DAG(s) dict_keys(['example_complex']) retrieved from /home/steve/.local/lib/python3.8/site-packages/airflow/example_dags/example_complex.py
[2022-11-08T20:27:09.264+0900] {logging_mixin.py:117} INFO - [2022-11-08T20:27:09.264+0900] {dag.py:2573} INFO - Sync 1 DAGs
[2022-11-08T20:27:09.276+0900] {logging_mixin.py:117} INFO - [2022-11-08T20:27:09.276+0900] {dag.py:3324} INFO - Setting next_dagrun for example_complex to None, run_after=None
[2022-11-08T20:27:09.292+0900] {processor.py:178} INFO - Processing /home/steve/.local/lib/python3.8/site-packages/airflow/example_dags/example_complex.py took 0.061 seconds
[2022-11-08T20:27:44.157+0900] {processor.py:156} INFO - Started process (PID=9839) to work on /home/steve/.local/lib/python3.8/site-packages/airflow/example_dags/example_complex.py
[2022-11-08T20:27:44.158+0900] {processor.py:758} INFO - Processing file /home/steve/.local/lib/python3.8/site-packages/airflow/example_dags/example_complex.py for tasks to queue
[2022-11-08T20:27:44.159+0900] {logging_mixin.py:117} INFO - [2022-11-08T20:27:44.158+0900] {dagbag.py:525} INFO - Filling up the DagBag from /home/steve/.local/lib/python3.8/site-packages/airflow/example_dags/example_complex.py
[2022-11-08T20:27:44.169+0900] {processor.py:768} INFO - DAG(s) dict_keys(['example_complex']) retrieved from /home/steve/.local/lib/python3.8/site-packages/airflow/example_dags/example_complex.py
[2022-11-08T20:27:44.187+0900] {logging_mixin.py:117} INFO - [2022-11-08T20:27:44.186+0900] {dag.py:2573} INFO - Sync 1 DAGs
[2022-11-08T20:27:44.196+0900] {logging_mixin.py:117} INFO - [2022-11-08T20:27:44.196+0900] {dag.py:3324} INFO - Setting next_dagrun for example_complex to None, run_after=None
[2022-11-08T20:27:44.211+0900] {processor.py:178} INFO - Processing /home/steve/.local/lib/python3.8/site-packages/airflow/example_dags/example_complex.py took 0.055 seconds
[2022-11-08T20:28:20.921+0900] {processor.py:156} INFO - Started process (PID=9875) to work on /home/steve/.local/lib/python3.8/site-packages/airflow/example_dags/example_complex.py
[2022-11-08T20:28:20.921+0900] {processor.py:758} INFO - Processing file /home/steve/.local/lib/python3.8/site-packages/airflow/example_dags/example_complex.py for tasks to queue
[2022-11-08T20:28:20.922+0900] {logging_mixin.py:117} INFO - [2022-11-08T20:28:20.922+0900] {dagbag.py:525} INFO - Filling up the DagBag from /home/steve/.local/lib/python3.8/site-packages/airflow/example_dags/example_complex.py
[2022-11-08T20:28:20.931+0900] {processor.py:768} INFO - DAG(s) dict_keys(['example_complex']) retrieved from /home/steve/.local/lib/python3.8/site-packages/airflow/example_dags/example_complex.py
[2022-11-08T20:28:20.948+0900] {logging_mixin.py:117} INFO - [2022-11-08T20:28:20.948+0900] {dag.py:2573} INFO - Sync 1 DAGs
[2022-11-08T20:28:20.958+0900] {logging_mixin.py:117} INFO - [2022-11-08T20:28:20.958+0900] {dag.py:3324} INFO - Setting next_dagrun for example_complex to None, run_after=None
[2022-11-08T20:28:20.973+0900] {processor.py:178} INFO - Processing /home/steve/.local/lib/python3.8/site-packages/airflow/example_dags/example_complex.py took 0.054 seconds
[2022-11-08T20:28:55.098+0900] {processor.py:156} INFO - Started process (PID=10064) to work on /home/steve/.local/lib/python3.8/site-packages/airflow/example_dags/example_complex.py
[2022-11-08T20:28:55.099+0900] {processor.py:758} INFO - Processing file /home/steve/.local/lib/python3.8/site-packages/airflow/example_dags/example_complex.py for tasks to queue
[2022-11-08T20:28:55.099+0900] {logging_mixin.py:117} INFO - [2022-11-08T20:28:55.099+0900] {dagbag.py:525} INFO - Filling up the DagBag from /home/steve/.local/lib/python3.8/site-packages/airflow/example_dags/example_complex.py
[2022-11-08T20:28:55.109+0900] {processor.py:768} INFO - DAG(s) dict_keys(['example_complex']) retrieved from /home/steve/.local/lib/python3.8/site-packages/airflow/example_dags/example_complex.py
[2022-11-08T20:28:55.129+0900] {logging_mixin.py:117} INFO - [2022-11-08T20:28:55.129+0900] {dag.py:2573} INFO - Sync 1 DAGs
[2022-11-08T20:28:55.139+0900] {logging_mixin.py:117} INFO - [2022-11-08T20:28:55.139+0900] {dag.py:3324} INFO - Setting next_dagrun for example_complex to None, run_after=None
[2022-11-08T20:28:55.156+0900] {processor.py:178} INFO - Processing /home/steve/.local/lib/python3.8/site-packages/airflow/example_dags/example_complex.py took 0.060 seconds
[2022-11-08T20:29:33.836+0900] {processor.py:156} INFO - Started process (PID=10257) to work on /home/steve/.local/lib/python3.8/site-packages/airflow/example_dags/example_complex.py
[2022-11-08T20:29:33.838+0900] {processor.py:758} INFO - Processing file /home/steve/.local/lib/python3.8/site-packages/airflow/example_dags/example_complex.py for tasks to queue
[2022-11-08T20:29:33.838+0900] {logging_mixin.py:117} INFO - [2022-11-08T20:29:33.838+0900] {dagbag.py:525} INFO - Filling up the DagBag from /home/steve/.local/lib/python3.8/site-packages/airflow/example_dags/example_complex.py
[2022-11-08T20:29:33.848+0900] {processor.py:768} INFO - DAG(s) dict_keys(['example_complex']) retrieved from /home/steve/.local/lib/python3.8/site-packages/airflow/example_dags/example_complex.py
[2022-11-08T20:29:33.867+0900] {logging_mixin.py:117} INFO - [2022-11-08T20:29:33.867+0900] {dag.py:2573} INFO - Sync 1 DAGs
[2022-11-08T20:29:33.878+0900] {logging_mixin.py:117} INFO - [2022-11-08T20:29:33.878+0900] {dag.py:3324} INFO - Setting next_dagrun for example_complex to None, run_after=None
[2022-11-08T20:29:33.979+0900] {processor.py:178} INFO - Processing /home/steve/.local/lib/python3.8/site-packages/airflow/example_dags/example_complex.py took 0.145 seconds
[2022-11-08T20:30:12.555+0900] {processor.py:156} INFO - Started process (PID=10443) to work on /home/steve/.local/lib/python3.8/site-packages/airflow/example_dags/example_complex.py
[2022-11-08T20:30:12.559+0900] {processor.py:758} INFO - Processing file /home/steve/.local/lib/python3.8/site-packages/airflow/example_dags/example_complex.py for tasks to queue
[2022-11-08T20:30:12.560+0900] {logging_mixin.py:117} INFO - [2022-11-08T20:30:12.560+0900] {dagbag.py:525} INFO - Filling up the DagBag from /home/steve/.local/lib/python3.8/site-packages/airflow/example_dags/example_complex.py
[2022-11-08T20:30:12.571+0900] {processor.py:768} INFO - DAG(s) dict_keys(['example_complex']) retrieved from /home/steve/.local/lib/python3.8/site-packages/airflow/example_dags/example_complex.py
[2022-11-08T20:30:12.592+0900] {logging_mixin.py:117} INFO - [2022-11-08T20:30:12.592+0900] {dag.py:2573} INFO - Sync 1 DAGs
[2022-11-08T20:30:12.683+0900] {logging_mixin.py:117} INFO - [2022-11-08T20:30:12.682+0900] {dag.py:3324} INFO - Setting next_dagrun for example_complex to None, run_after=None
[2022-11-08T20:30:12.700+0900] {processor.py:178} INFO - Processing /home/steve/.local/lib/python3.8/site-packages/airflow/example_dags/example_complex.py took 0.147 seconds
[2022-11-08T20:30:50.139+0900] {processor.py:156} INFO - Started process (PID=10614) to work on /home/steve/.local/lib/python3.8/site-packages/airflow/example_dags/example_complex.py
[2022-11-08T20:30:50.141+0900] {processor.py:758} INFO - Processing file /home/steve/.local/lib/python3.8/site-packages/airflow/example_dags/example_complex.py for tasks to queue
[2022-11-08T20:30:50.141+0900] {logging_mixin.py:117} INFO - [2022-11-08T20:30:50.141+0900] {dagbag.py:525} INFO - Filling up the DagBag from /home/steve/.local/lib/python3.8/site-packages/airflow/example_dags/example_complex.py
[2022-11-08T20:30:50.153+0900] {processor.py:768} INFO - DAG(s) dict_keys(['example_complex']) retrieved from /home/steve/.local/lib/python3.8/site-packages/airflow/example_dags/example_complex.py
[2022-11-08T20:30:50.172+0900] {logging_mixin.py:117} INFO - [2022-11-08T20:30:50.171+0900] {dag.py:2573} INFO - Sync 1 DAGs
[2022-11-08T20:30:50.261+0900] {logging_mixin.py:117} INFO - [2022-11-08T20:30:50.261+0900] {dag.py:3324} INFO - Setting next_dagrun for example_complex to None, run_after=None
[2022-11-08T20:30:50.277+0900] {processor.py:178} INFO - Processing /home/steve/.local/lib/python3.8/site-packages/airflow/example_dags/example_complex.py took 0.140 seconds
[2022-11-08T20:31:30.416+0900] {processor.py:156} INFO - Started process (PID=10721) to work on /home/steve/.local/lib/python3.8/site-packages/airflow/example_dags/example_complex.py
[2022-11-08T20:31:30.417+0900] {processor.py:758} INFO - Processing file /home/steve/.local/lib/python3.8/site-packages/airflow/example_dags/example_complex.py for tasks to queue
[2022-11-08T20:31:30.417+0900] {logging_mixin.py:117} INFO - [2022-11-08T20:31:30.417+0900] {dagbag.py:525} INFO - Filling up the DagBag from /home/steve/.local/lib/python3.8/site-packages/airflow/example_dags/example_complex.py
[2022-11-08T20:31:30.427+0900] {processor.py:768} INFO - DAG(s) dict_keys(['example_complex']) retrieved from /home/steve/.local/lib/python3.8/site-packages/airflow/example_dags/example_complex.py
[2022-11-08T20:31:30.447+0900] {logging_mixin.py:117} INFO - [2022-11-08T20:31:30.447+0900] {dag.py:2573} INFO - Sync 1 DAGs
[2022-11-08T20:31:30.529+0900] {logging_mixin.py:117} INFO - [2022-11-08T20:31:30.529+0900] {dag.py:3324} INFO - Setting next_dagrun for example_complex to None, run_after=None
[2022-11-08T20:31:30.543+0900] {processor.py:178} INFO - Processing /home/steve/.local/lib/python3.8/site-packages/airflow/example_dags/example_complex.py took 0.129 seconds
[2022-11-08T20:32:08.103+0900] {processor.py:156} INFO - Started process (PID=10785) to work on /home/steve/.local/lib/python3.8/site-packages/airflow/example_dags/example_complex.py
[2022-11-08T20:32:08.105+0900] {processor.py:758} INFO - Processing file /home/steve/.local/lib/python3.8/site-packages/airflow/example_dags/example_complex.py for tasks to queue
[2022-11-08T20:32:08.106+0900] {logging_mixin.py:117} INFO - [2022-11-08T20:32:08.106+0900] {dagbag.py:525} INFO - Filling up the DagBag from /home/steve/.local/lib/python3.8/site-packages/airflow/example_dags/example_complex.py
[2022-11-08T20:32:08.116+0900] {processor.py:768} INFO - DAG(s) dict_keys(['example_complex']) retrieved from /home/steve/.local/lib/python3.8/site-packages/airflow/example_dags/example_complex.py
[2022-11-08T20:32:08.212+0900] {logging_mixin.py:117} INFO - [2022-11-08T20:32:08.212+0900] {dag.py:2573} INFO - Sync 1 DAGs
[2022-11-08T20:32:08.221+0900] {logging_mixin.py:117} INFO - [2022-11-08T20:32:08.221+0900] {dag.py:3324} INFO - Setting next_dagrun for example_complex to None, run_after=None
[2022-11-08T20:32:08.236+0900] {processor.py:178} INFO - Processing /home/steve/.local/lib/python3.8/site-packages/airflow/example_dags/example_complex.py took 0.135 seconds
[2022-11-08T20:32:46.493+0900] {processor.py:156} INFO - Started process (PID=10975) to work on /home/steve/.local/lib/python3.8/site-packages/airflow/example_dags/example_complex.py
[2022-11-08T20:32:46.494+0900] {processor.py:758} INFO - Processing file /home/steve/.local/lib/python3.8/site-packages/airflow/example_dags/example_complex.py for tasks to queue
[2022-11-08T20:32:46.494+0900] {logging_mixin.py:117} INFO - [2022-11-08T20:32:46.494+0900] {dagbag.py:525} INFO - Filling up the DagBag from /home/steve/.local/lib/python3.8/site-packages/airflow/example_dags/example_complex.py
[2022-11-08T20:32:46.504+0900] {processor.py:768} INFO - DAG(s) dict_keys(['example_complex']) retrieved from /home/steve/.local/lib/python3.8/site-packages/airflow/example_dags/example_complex.py
[2022-11-08T20:32:46.599+0900] {logging_mixin.py:117} INFO - [2022-11-08T20:32:46.598+0900] {dag.py:2573} INFO - Sync 1 DAGs
[2022-11-08T20:32:46.607+0900] {logging_mixin.py:117} INFO - [2022-11-08T20:32:46.607+0900] {dag.py:3324} INFO - Setting next_dagrun for example_complex to None, run_after=None
[2022-11-08T20:32:46.624+0900] {processor.py:178} INFO - Processing /home/steve/.local/lib/python3.8/site-packages/airflow/example_dags/example_complex.py took 0.134 seconds
[2022-11-08T20:33:23.260+0900] {processor.py:156} INFO - Started process (PID=11010) to work on /home/steve/.local/lib/python3.8/site-packages/airflow/example_dags/example_complex.py
[2022-11-08T20:33:23.262+0900] {processor.py:758} INFO - Processing file /home/steve/.local/lib/python3.8/site-packages/airflow/example_dags/example_complex.py for tasks to queue
[2022-11-08T20:33:23.262+0900] {logging_mixin.py:117} INFO - [2022-11-08T20:33:23.262+0900] {dagbag.py:525} INFO - Filling up the DagBag from /home/steve/.local/lib/python3.8/site-packages/airflow/example_dags/example_complex.py
[2022-11-08T20:33:23.345+0900] {processor.py:768} INFO - DAG(s) dict_keys(['example_complex']) retrieved from /home/steve/.local/lib/python3.8/site-packages/airflow/example_dags/example_complex.py
[2022-11-08T20:33:23.360+0900] {logging_mixin.py:117} INFO - [2022-11-08T20:33:23.360+0900] {dag.py:2573} INFO - Sync 1 DAGs
[2022-11-08T20:33:23.369+0900] {logging_mixin.py:117} INFO - [2022-11-08T20:33:23.369+0900] {dag.py:3324} INFO - Setting next_dagrun for example_complex to None, run_after=None
[2022-11-08T20:33:23.386+0900] {processor.py:178} INFO - Processing /home/steve/.local/lib/python3.8/site-packages/airflow/example_dags/example_complex.py took 0.127 seconds
[2022-11-08T20:33:59.419+0900] {processor.py:156} INFO - Started process (PID=11045) to work on /home/steve/.local/lib/python3.8/site-packages/airflow/example_dags/example_complex.py
[2022-11-08T20:33:59.420+0900] {processor.py:758} INFO - Processing file /home/steve/.local/lib/python3.8/site-packages/airflow/example_dags/example_complex.py for tasks to queue
[2022-11-08T20:33:59.420+0900] {logging_mixin.py:117} INFO - [2022-11-08T20:33:59.420+0900] {dagbag.py:525} INFO - Filling up the DagBag from /home/steve/.local/lib/python3.8/site-packages/airflow/example_dags/example_complex.py
[2022-11-08T20:33:59.503+0900] {processor.py:768} INFO - DAG(s) dict_keys(['example_complex']) retrieved from /home/steve/.local/lib/python3.8/site-packages/airflow/example_dags/example_complex.py
[2022-11-08T20:33:59.518+0900] {logging_mixin.py:117} INFO - [2022-11-08T20:33:59.518+0900] {dag.py:2573} INFO - Sync 1 DAGs
[2022-11-08T20:33:59.528+0900] {logging_mixin.py:117} INFO - [2022-11-08T20:33:59.528+0900] {dag.py:3324} INFO - Setting next_dagrun for example_complex to None, run_after=None
[2022-11-08T20:33:59.545+0900] {processor.py:178} INFO - Processing /home/steve/.local/lib/python3.8/site-packages/airflow/example_dags/example_complex.py took 0.128 seconds
[2022-11-08T20:34:35.675+0900] {processor.py:156} INFO - Started process (PID=11081) to work on /home/steve/.local/lib/python3.8/site-packages/airflow/example_dags/example_complex.py
[2022-11-08T20:34:35.677+0900] {processor.py:758} INFO - Processing file /home/steve/.local/lib/python3.8/site-packages/airflow/example_dags/example_complex.py for tasks to queue
[2022-11-08T20:34:35.677+0900] {logging_mixin.py:117} INFO - [2022-11-08T20:34:35.677+0900] {dagbag.py:525} INFO - Filling up the DagBag from /home/steve/.local/lib/python3.8/site-packages/airflow/example_dags/example_complex.py
[2022-11-08T20:34:35.688+0900] {processor.py:768} INFO - DAG(s) dict_keys(['example_complex']) retrieved from /home/steve/.local/lib/python3.8/site-packages/airflow/example_dags/example_complex.py
[2022-11-08T20:34:35.707+0900] {logging_mixin.py:117} INFO - [2022-11-08T20:34:35.706+0900] {dag.py:2573} INFO - Sync 1 DAGs
[2022-11-08T20:34:35.717+0900] {logging_mixin.py:117} INFO - [2022-11-08T20:34:35.717+0900] {dag.py:3324} INFO - Setting next_dagrun for example_complex to None, run_after=None
[2022-11-08T20:34:35.733+0900] {processor.py:178} INFO - Processing /home/steve/.local/lib/python3.8/site-packages/airflow/example_dags/example_complex.py took 0.060 seconds
[2022-11-08T20:35:08.757+0900] {processor.py:156} INFO - Started process (PID=11116) to work on /home/steve/.local/lib/python3.8/site-packages/airflow/example_dags/example_complex.py
[2022-11-08T20:35:08.759+0900] {processor.py:758} INFO - Processing file /home/steve/.local/lib/python3.8/site-packages/airflow/example_dags/example_complex.py for tasks to queue
[2022-11-08T20:35:08.760+0900] {logging_mixin.py:117} INFO - [2022-11-08T20:35:08.760+0900] {dagbag.py:525} INFO - Filling up the DagBag from /home/steve/.local/lib/python3.8/site-packages/airflow/example_dags/example_complex.py
[2022-11-08T20:35:08.769+0900] {processor.py:768} INFO - DAG(s) dict_keys(['example_complex']) retrieved from /home/steve/.local/lib/python3.8/site-packages/airflow/example_dags/example_complex.py
[2022-11-08T20:35:08.787+0900] {logging_mixin.py:117} INFO - [2022-11-08T20:35:08.787+0900] {dag.py:2573} INFO - Sync 1 DAGs
[2022-11-08T20:35:08.797+0900] {logging_mixin.py:117} INFO - [2022-11-08T20:35:08.796+0900] {dag.py:3324} INFO - Setting next_dagrun for example_complex to None, run_after=None
[2022-11-08T20:35:08.812+0900] {processor.py:178} INFO - Processing /home/steve/.local/lib/python3.8/site-packages/airflow/example_dags/example_complex.py took 0.056 seconds
[2022-11-08T20:35:45.845+0900] {processor.py:156} INFO - Started process (PID=11154) to work on /home/steve/.local/lib/python3.8/site-packages/airflow/example_dags/example_complex.py
[2022-11-08T20:35:45.847+0900] {processor.py:758} INFO - Processing file /home/steve/.local/lib/python3.8/site-packages/airflow/example_dags/example_complex.py for tasks to queue
[2022-11-08T20:35:45.847+0900] {logging_mixin.py:117} INFO - [2022-11-08T20:35:45.847+0900] {dagbag.py:525} INFO - Filling up the DagBag from /home/steve/.local/lib/python3.8/site-packages/airflow/example_dags/example_complex.py
[2022-11-08T20:35:45.858+0900] {processor.py:768} INFO - DAG(s) dict_keys(['example_complex']) retrieved from /home/steve/.local/lib/python3.8/site-packages/airflow/example_dags/example_complex.py
[2022-11-08T20:35:45.877+0900] {logging_mixin.py:117} INFO - [2022-11-08T20:35:45.877+0900] {dag.py:2573} INFO - Sync 1 DAGs
[2022-11-08T20:35:45.888+0900] {logging_mixin.py:117} INFO - [2022-11-08T20:35:45.888+0900] {dag.py:3324} INFO - Setting next_dagrun for example_complex to None, run_after=None
[2022-11-08T20:35:45.905+0900] {processor.py:178} INFO - Processing /home/steve/.local/lib/python3.8/site-packages/airflow/example_dags/example_complex.py took 0.062 seconds
[2022-11-08T20:36:20.050+0900] {processor.py:156} INFO - Started process (PID=11190) to work on /home/steve/.local/lib/python3.8/site-packages/airflow/example_dags/example_complex.py
[2022-11-08T20:36:20.052+0900] {processor.py:758} INFO - Processing file /home/steve/.local/lib/python3.8/site-packages/airflow/example_dags/example_complex.py for tasks to queue
[2022-11-08T20:36:20.052+0900] {logging_mixin.py:117} INFO - [2022-11-08T20:36:20.052+0900] {dagbag.py:525} INFO - Filling up the DagBag from /home/steve/.local/lib/python3.8/site-packages/airflow/example_dags/example_complex.py
[2022-11-08T20:36:20.062+0900] {processor.py:768} INFO - DAG(s) dict_keys(['example_complex']) retrieved from /home/steve/.local/lib/python3.8/site-packages/airflow/example_dags/example_complex.py
[2022-11-08T20:36:20.079+0900] {logging_mixin.py:117} INFO - [2022-11-08T20:36:20.079+0900] {dag.py:2573} INFO - Sync 1 DAGs
[2022-11-08T20:36:20.089+0900] {logging_mixin.py:117} INFO - [2022-11-08T20:36:20.089+0900] {dag.py:3324} INFO - Setting next_dagrun for example_complex to None, run_after=None
[2022-11-08T20:36:20.104+0900] {processor.py:178} INFO - Processing /home/steve/.local/lib/python3.8/site-packages/airflow/example_dags/example_complex.py took 0.056 seconds
[2022-11-08T20:36:51.744+0900] {processor.py:156} INFO - Started process (PID=11228) to work on /home/steve/.local/lib/python3.8/site-packages/airflow/example_dags/example_complex.py
[2022-11-08T20:36:51.744+0900] {processor.py:758} INFO - Processing file /home/steve/.local/lib/python3.8/site-packages/airflow/example_dags/example_complex.py for tasks to queue
[2022-11-08T20:36:51.744+0900] {logging_mixin.py:117} INFO - [2022-11-08T20:36:51.744+0900] {dagbag.py:525} INFO - Filling up the DagBag from /home/steve/.local/lib/python3.8/site-packages/airflow/example_dags/example_complex.py
[2022-11-08T20:36:51.755+0900] {processor.py:768} INFO - DAG(s) dict_keys(['example_complex']) retrieved from /home/steve/.local/lib/python3.8/site-packages/airflow/example_dags/example_complex.py
[2022-11-08T20:36:51.773+0900] {logging_mixin.py:117} INFO - [2022-11-08T20:36:51.772+0900] {dag.py:2573} INFO - Sync 1 DAGs
[2022-11-08T20:36:51.782+0900] {logging_mixin.py:117} INFO - [2022-11-08T20:36:51.782+0900] {dag.py:3324} INFO - Setting next_dagrun for example_complex to None, run_after=None
[2022-11-08T20:36:51.799+0900] {processor.py:178} INFO - Processing /home/steve/.local/lib/python3.8/site-packages/airflow/example_dags/example_complex.py took 0.057 seconds
[2022-11-08T20:37:26.610+0900] {processor.py:156} INFO - Started process (PID=11287) to work on /home/steve/.local/lib/python3.8/site-packages/airflow/example_dags/example_complex.py
[2022-11-08T20:37:26.612+0900] {processor.py:758} INFO - Processing file /home/steve/.local/lib/python3.8/site-packages/airflow/example_dags/example_complex.py for tasks to queue
[2022-11-08T20:37:26.612+0900] {logging_mixin.py:117} INFO - [2022-11-08T20:37:26.612+0900] {dagbag.py:525} INFO - Filling up the DagBag from /home/steve/.local/lib/python3.8/site-packages/airflow/example_dags/example_complex.py
[2022-11-08T20:37:26.622+0900] {processor.py:768} INFO - DAG(s) dict_keys(['example_complex']) retrieved from /home/steve/.local/lib/python3.8/site-packages/airflow/example_dags/example_complex.py
[2022-11-08T20:37:26.638+0900] {logging_mixin.py:117} INFO - [2022-11-08T20:37:26.638+0900] {dag.py:2573} INFO - Sync 1 DAGs
[2022-11-08T20:37:26.648+0900] {logging_mixin.py:117} INFO - [2022-11-08T20:37:26.648+0900] {dag.py:3324} INFO - Setting next_dagrun for example_complex to None, run_after=None
[2022-11-08T20:37:26.663+0900] {processor.py:178} INFO - Processing /home/steve/.local/lib/python3.8/site-packages/airflow/example_dags/example_complex.py took 0.054 seconds
[2022-11-08T20:37:59.636+0900] {processor.py:156} INFO - Started process (PID=11323) to work on /home/steve/.local/lib/python3.8/site-packages/airflow/example_dags/example_complex.py
[2022-11-08T20:37:59.638+0900] {processor.py:758} INFO - Processing file /home/steve/.local/lib/python3.8/site-packages/airflow/example_dags/example_complex.py for tasks to queue
[2022-11-08T20:37:59.638+0900] {logging_mixin.py:117} INFO - [2022-11-08T20:37:59.638+0900] {dagbag.py:525} INFO - Filling up the DagBag from /home/steve/.local/lib/python3.8/site-packages/airflow/example_dags/example_complex.py
[2022-11-08T20:37:59.648+0900] {processor.py:768} INFO - DAG(s) dict_keys(['example_complex']) retrieved from /home/steve/.local/lib/python3.8/site-packages/airflow/example_dags/example_complex.py
[2022-11-08T20:37:59.666+0900] {logging_mixin.py:117} INFO - [2022-11-08T20:37:59.665+0900] {dag.py:2573} INFO - Sync 1 DAGs
[2022-11-08T20:37:59.676+0900] {logging_mixin.py:117} INFO - [2022-11-08T20:37:59.676+0900] {dag.py:3324} INFO - Setting next_dagrun for example_complex to None, run_after=None
[2022-11-08T20:37:59.691+0900] {processor.py:178} INFO - Processing /home/steve/.local/lib/python3.8/site-packages/airflow/example_dags/example_complex.py took 0.056 seconds
[2022-11-08T20:38:35.735+0900] {processor.py:156} INFO - Started process (PID=11361) to work on /home/steve/.local/lib/python3.8/site-packages/airflow/example_dags/example_complex.py
[2022-11-08T20:38:35.735+0900] {processor.py:758} INFO - Processing file /home/steve/.local/lib/python3.8/site-packages/airflow/example_dags/example_complex.py for tasks to queue
[2022-11-08T20:38:35.736+0900] {logging_mixin.py:117} INFO - [2022-11-08T20:38:35.736+0900] {dagbag.py:525} INFO - Filling up the DagBag from /home/steve/.local/lib/python3.8/site-packages/airflow/example_dags/example_complex.py
[2022-11-08T20:38:35.745+0900] {processor.py:768} INFO - DAG(s) dict_keys(['example_complex']) retrieved from /home/steve/.local/lib/python3.8/site-packages/airflow/example_dags/example_complex.py
[2022-11-08T20:38:35.762+0900] {logging_mixin.py:117} INFO - [2022-11-08T20:38:35.762+0900] {dag.py:2573} INFO - Sync 1 DAGs
[2022-11-08T20:38:35.772+0900] {logging_mixin.py:117} INFO - [2022-11-08T20:38:35.772+0900] {dag.py:3324} INFO - Setting next_dagrun for example_complex to None, run_after=None
[2022-11-08T20:38:35.787+0900] {processor.py:178} INFO - Processing /home/steve/.local/lib/python3.8/site-packages/airflow/example_dags/example_complex.py took 0.054 seconds
[2022-11-08T20:39:10.634+0900] {processor.py:156} INFO - Started process (PID=11398) to work on /home/steve/.local/lib/python3.8/site-packages/airflow/example_dags/example_complex.py
[2022-11-08T20:39:10.636+0900] {processor.py:758} INFO - Processing file /home/steve/.local/lib/python3.8/site-packages/airflow/example_dags/example_complex.py for tasks to queue
[2022-11-08T20:39:10.636+0900] {logging_mixin.py:117} INFO - [2022-11-08T20:39:10.636+0900] {dagbag.py:525} INFO - Filling up the DagBag from /home/steve/.local/lib/python3.8/site-packages/airflow/example_dags/example_complex.py
[2022-11-08T20:39:10.646+0900] {processor.py:768} INFO - DAG(s) dict_keys(['example_complex']) retrieved from /home/steve/.local/lib/python3.8/site-packages/airflow/example_dags/example_complex.py
[2022-11-08T20:39:10.664+0900] {logging_mixin.py:117} INFO - [2022-11-08T20:39:10.664+0900] {dag.py:2573} INFO - Sync 1 DAGs
[2022-11-08T20:39:10.673+0900] {logging_mixin.py:117} INFO - [2022-11-08T20:39:10.673+0900] {dag.py:3324} INFO - Setting next_dagrun for example_complex to None, run_after=None
[2022-11-08T20:39:10.690+0900] {processor.py:178} INFO - Processing /home/steve/.local/lib/python3.8/site-packages/airflow/example_dags/example_complex.py took 0.058 seconds
[2022-11-08T20:39:45.468+0900] {processor.py:156} INFO - Started process (PID=11433) to work on /home/steve/.local/lib/python3.8/site-packages/airflow/example_dags/example_complex.py
[2022-11-08T20:39:45.470+0900] {processor.py:758} INFO - Processing file /home/steve/.local/lib/python3.8/site-packages/airflow/example_dags/example_complex.py for tasks to queue
[2022-11-08T20:39:45.470+0900] {logging_mixin.py:117} INFO - [2022-11-08T20:39:45.470+0900] {dagbag.py:525} INFO - Filling up the DagBag from /home/steve/.local/lib/python3.8/site-packages/airflow/example_dags/example_complex.py
[2022-11-08T20:39:45.480+0900] {processor.py:768} INFO - DAG(s) dict_keys(['example_complex']) retrieved from /home/steve/.local/lib/python3.8/site-packages/airflow/example_dags/example_complex.py
[2022-11-08T20:39:45.497+0900] {logging_mixin.py:117} INFO - [2022-11-08T20:39:45.497+0900] {dag.py:2573} INFO - Sync 1 DAGs
[2022-11-08T20:39:45.507+0900] {logging_mixin.py:117} INFO - [2022-11-08T20:39:45.506+0900] {dag.py:3324} INFO - Setting next_dagrun for example_complex to None, run_after=None
[2022-11-08T20:39:45.525+0900] {processor.py:178} INFO - Processing /home/steve/.local/lib/python3.8/site-packages/airflow/example_dags/example_complex.py took 0.058 seconds
[2022-11-08T20:40:20.275+0900] {processor.py:156} INFO - Started process (PID=11468) to work on /home/steve/.local/lib/python3.8/site-packages/airflow/example_dags/example_complex.py
[2022-11-08T20:40:20.277+0900] {processor.py:758} INFO - Processing file /home/steve/.local/lib/python3.8/site-packages/airflow/example_dags/example_complex.py for tasks to queue
[2022-11-08T20:40:20.278+0900] {logging_mixin.py:117} INFO - [2022-11-08T20:40:20.277+0900] {dagbag.py:525} INFO - Filling up the DagBag from /home/steve/.local/lib/python3.8/site-packages/airflow/example_dags/example_complex.py
[2022-11-08T20:40:20.287+0900] {processor.py:768} INFO - DAG(s) dict_keys(['example_complex']) retrieved from /home/steve/.local/lib/python3.8/site-packages/airflow/example_dags/example_complex.py
[2022-11-08T20:40:20.303+0900] {logging_mixin.py:117} INFO - [2022-11-08T20:40:20.303+0900] {dag.py:2573} INFO - Sync 1 DAGs
[2022-11-08T20:40:20.313+0900] {logging_mixin.py:117} INFO - [2022-11-08T20:40:20.313+0900] {dag.py:3324} INFO - Setting next_dagrun for example_complex to None, run_after=None
[2022-11-08T20:40:20.331+0900] {processor.py:178} INFO - Processing /home/steve/.local/lib/python3.8/site-packages/airflow/example_dags/example_complex.py took 0.058 seconds
[2022-11-08T20:40:53.485+0900] {processor.py:156} INFO - Started process (PID=11504) to work on /home/steve/.local/lib/python3.8/site-packages/airflow/example_dags/example_complex.py
[2022-11-08T20:40:53.486+0900] {processor.py:758} INFO - Processing file /home/steve/.local/lib/python3.8/site-packages/airflow/example_dags/example_complex.py for tasks to queue
[2022-11-08T20:40:53.486+0900] {logging_mixin.py:117} INFO - [2022-11-08T20:40:53.486+0900] {dagbag.py:525} INFO - Filling up the DagBag from /home/steve/.local/lib/python3.8/site-packages/airflow/example_dags/example_complex.py
[2022-11-08T20:40:53.495+0900] {processor.py:768} INFO - DAG(s) dict_keys(['example_complex']) retrieved from /home/steve/.local/lib/python3.8/site-packages/airflow/example_dags/example_complex.py
[2022-11-08T20:40:53.512+0900] {logging_mixin.py:117} INFO - [2022-11-08T20:40:53.512+0900] {dag.py:2573} INFO - Sync 1 DAGs
[2022-11-08T20:40:53.522+0900] {logging_mixin.py:117} INFO - [2022-11-08T20:40:53.522+0900] {dag.py:3324} INFO - Setting next_dagrun for example_complex to None, run_after=None
[2022-11-08T20:40:53.539+0900] {processor.py:178} INFO - Processing /home/steve/.local/lib/python3.8/site-packages/airflow/example_dags/example_complex.py took 0.055 seconds
[2022-11-08T20:41:26.941+0900] {processor.py:156} INFO - Started process (PID=11538) to work on /home/steve/.local/lib/python3.8/site-packages/airflow/example_dags/example_complex.py
[2022-11-08T20:41:26.943+0900] {processor.py:758} INFO - Processing file /home/steve/.local/lib/python3.8/site-packages/airflow/example_dags/example_complex.py for tasks to queue
[2022-11-08T20:41:26.944+0900] {logging_mixin.py:117} INFO - [2022-11-08T20:41:26.944+0900] {dagbag.py:525} INFO - Filling up the DagBag from /home/steve/.local/lib/python3.8/site-packages/airflow/example_dags/example_complex.py
[2022-11-08T20:41:26.953+0900] {processor.py:768} INFO - DAG(s) dict_keys(['example_complex']) retrieved from /home/steve/.local/lib/python3.8/site-packages/airflow/example_dags/example_complex.py
[2022-11-08T20:41:26.970+0900] {logging_mixin.py:117} INFO - [2022-11-08T20:41:26.970+0900] {dag.py:2573} INFO - Sync 1 DAGs
[2022-11-08T20:41:26.980+0900] {logging_mixin.py:117} INFO - [2022-11-08T20:41:26.980+0900] {dag.py:3324} INFO - Setting next_dagrun for example_complex to None, run_after=None
[2022-11-08T20:41:26.996+0900] {processor.py:178} INFO - Processing /home/steve/.local/lib/python3.8/site-packages/airflow/example_dags/example_complex.py took 0.057 seconds
[2022-11-08T20:42:01.710+0900] {processor.py:156} INFO - Started process (PID=11603) to work on /home/steve/.local/lib/python3.8/site-packages/airflow/example_dags/example_complex.py
[2022-11-08T20:42:01.710+0900] {processor.py:758} INFO - Processing file /home/steve/.local/lib/python3.8/site-packages/airflow/example_dags/example_complex.py for tasks to queue
[2022-11-08T20:42:01.711+0900] {logging_mixin.py:117} INFO - [2022-11-08T20:42:01.711+0900] {dagbag.py:525} INFO - Filling up the DagBag from /home/steve/.local/lib/python3.8/site-packages/airflow/example_dags/example_complex.py
[2022-11-08T20:42:01.721+0900] {processor.py:768} INFO - DAG(s) dict_keys(['example_complex']) retrieved from /home/steve/.local/lib/python3.8/site-packages/airflow/example_dags/example_complex.py
[2022-11-08T20:42:01.741+0900] {logging_mixin.py:117} INFO - [2022-11-08T20:42:01.741+0900] {dag.py:2573} INFO - Sync 1 DAGs
[2022-11-08T20:42:01.752+0900] {logging_mixin.py:117} INFO - [2022-11-08T20:42:01.751+0900] {dag.py:3324} INFO - Setting next_dagrun for example_complex to None, run_after=None
[2022-11-08T20:42:01.768+0900] {processor.py:178} INFO - Processing /home/steve/.local/lib/python3.8/site-packages/airflow/example_dags/example_complex.py took 0.059 seconds
[2022-11-08T20:42:38.314+0900] {processor.py:156} INFO - Started process (PID=11641) to work on /home/steve/.local/lib/python3.8/site-packages/airflow/example_dags/example_complex.py
[2022-11-08T20:42:38.316+0900] {processor.py:758} INFO - Processing file /home/steve/.local/lib/python3.8/site-packages/airflow/example_dags/example_complex.py for tasks to queue
[2022-11-08T20:42:38.317+0900] {logging_mixin.py:117} INFO - [2022-11-08T20:42:38.316+0900] {dagbag.py:525} INFO - Filling up the DagBag from /home/steve/.local/lib/python3.8/site-packages/airflow/example_dags/example_complex.py
[2022-11-08T20:42:38.326+0900] {processor.py:768} INFO - DAG(s) dict_keys(['example_complex']) retrieved from /home/steve/.local/lib/python3.8/site-packages/airflow/example_dags/example_complex.py
[2022-11-08T20:42:38.345+0900] {logging_mixin.py:117} INFO - [2022-11-08T20:42:38.345+0900] {dag.py:2573} INFO - Sync 1 DAGs
[2022-11-08T20:42:38.355+0900] {logging_mixin.py:117} INFO - [2022-11-08T20:42:38.355+0900] {dag.py:3324} INFO - Setting next_dagrun for example_complex to None, run_after=None
[2022-11-08T20:42:38.372+0900] {processor.py:178} INFO - Processing /home/steve/.local/lib/python3.8/site-packages/airflow/example_dags/example_complex.py took 0.060 seconds
[2022-11-08T20:43:15.447+0900] {processor.py:156} INFO - Started process (PID=11680) to work on /home/steve/.local/lib/python3.8/site-packages/airflow/example_dags/example_complex.py
[2022-11-08T20:43:15.449+0900] {processor.py:758} INFO - Processing file /home/steve/.local/lib/python3.8/site-packages/airflow/example_dags/example_complex.py for tasks to queue
[2022-11-08T20:43:15.449+0900] {logging_mixin.py:117} INFO - [2022-11-08T20:43:15.449+0900] {dagbag.py:525} INFO - Filling up the DagBag from /home/steve/.local/lib/python3.8/site-packages/airflow/example_dags/example_complex.py
[2022-11-08T20:43:15.459+0900] {processor.py:768} INFO - DAG(s) dict_keys(['example_complex']) retrieved from /home/steve/.local/lib/python3.8/site-packages/airflow/example_dags/example_complex.py
[2022-11-08T20:43:15.476+0900] {logging_mixin.py:117} INFO - [2022-11-08T20:43:15.475+0900] {dag.py:2573} INFO - Sync 1 DAGs
[2022-11-08T20:43:15.485+0900] {logging_mixin.py:117} INFO - [2022-11-08T20:43:15.485+0900] {dag.py:3324} INFO - Setting next_dagrun for example_complex to None, run_after=None
[2022-11-08T20:43:15.501+0900] {processor.py:178} INFO - Processing /home/steve/.local/lib/python3.8/site-packages/airflow/example_dags/example_complex.py took 0.055 seconds
[2022-11-08T20:43:51.818+0900] {processor.py:156} INFO - Started process (PID=11717) to work on /home/steve/.local/lib/python3.8/site-packages/airflow/example_dags/example_complex.py
[2022-11-08T20:43:51.820+0900] {processor.py:758} INFO - Processing file /home/steve/.local/lib/python3.8/site-packages/airflow/example_dags/example_complex.py for tasks to queue
[2022-11-08T20:43:51.821+0900] {logging_mixin.py:117} INFO - [2022-11-08T20:43:51.821+0900] {dagbag.py:525} INFO - Filling up the DagBag from /home/steve/.local/lib/python3.8/site-packages/airflow/example_dags/example_complex.py
[2022-11-08T20:43:51.831+0900] {processor.py:768} INFO - DAG(s) dict_keys(['example_complex']) retrieved from /home/steve/.local/lib/python3.8/site-packages/airflow/example_dags/example_complex.py
[2022-11-08T20:43:51.848+0900] {logging_mixin.py:117} INFO - [2022-11-08T20:43:51.848+0900] {dag.py:2573} INFO - Sync 1 DAGs
[2022-11-08T20:43:51.857+0900] {logging_mixin.py:117} INFO - [2022-11-08T20:43:51.857+0900] {dag.py:3324} INFO - Setting next_dagrun for example_complex to None, run_after=None
[2022-11-08T20:43:51.873+0900] {processor.py:178} INFO - Processing /home/steve/.local/lib/python3.8/site-packages/airflow/example_dags/example_complex.py took 0.056 seconds
[2022-11-08T20:44:26.738+0900] {processor.py:156} INFO - Started process (PID=11755) to work on /home/steve/.local/lib/python3.8/site-packages/airflow/example_dags/example_complex.py
[2022-11-08T20:44:26.740+0900] {processor.py:758} INFO - Processing file /home/steve/.local/lib/python3.8/site-packages/airflow/example_dags/example_complex.py for tasks to queue
[2022-11-08T20:44:26.740+0900] {logging_mixin.py:117} INFO - [2022-11-08T20:44:26.740+0900] {dagbag.py:525} INFO - Filling up the DagBag from /home/steve/.local/lib/python3.8/site-packages/airflow/example_dags/example_complex.py
[2022-11-08T20:44:26.755+0900] {processor.py:768} INFO - DAG(s) dict_keys(['example_complex']) retrieved from /home/steve/.local/lib/python3.8/site-packages/airflow/example_dags/example_complex.py
[2022-11-08T20:44:26.775+0900] {logging_mixin.py:117} INFO - [2022-11-08T20:44:26.775+0900] {dag.py:2573} INFO - Sync 1 DAGs
[2022-11-08T20:44:26.786+0900] {logging_mixin.py:117} INFO - [2022-11-08T20:44:26.785+0900] {dag.py:3324} INFO - Setting next_dagrun for example_complex to None, run_after=None
[2022-11-08T20:44:26.803+0900] {processor.py:178} INFO - Processing /home/steve/.local/lib/python3.8/site-packages/airflow/example_dags/example_complex.py took 0.067 seconds
[2022-11-08T20:45:02.055+0900] {processor.py:156} INFO - Started process (PID=11791) to work on /home/steve/.local/lib/python3.8/site-packages/airflow/example_dags/example_complex.py
[2022-11-08T20:45:02.058+0900] {processor.py:758} INFO - Processing file /home/steve/.local/lib/python3.8/site-packages/airflow/example_dags/example_complex.py for tasks to queue
[2022-11-08T20:45:02.059+0900] {logging_mixin.py:117} INFO - [2022-11-08T20:45:02.059+0900] {dagbag.py:525} INFO - Filling up the DagBag from /home/steve/.local/lib/python3.8/site-packages/airflow/example_dags/example_complex.py
[2022-11-08T20:45:02.068+0900] {processor.py:768} INFO - DAG(s) dict_keys(['example_complex']) retrieved from /home/steve/.local/lib/python3.8/site-packages/airflow/example_dags/example_complex.py
[2022-11-08T20:45:02.088+0900] {logging_mixin.py:117} INFO - [2022-11-08T20:45:02.088+0900] {dag.py:2573} INFO - Sync 1 DAGs
[2022-11-08T20:45:02.100+0900] {logging_mixin.py:117} INFO - [2022-11-08T20:45:02.100+0900] {dag.py:3324} INFO - Setting next_dagrun for example_complex to None, run_after=None
[2022-11-08T20:45:02.115+0900] {processor.py:178} INFO - Processing /home/steve/.local/lib/python3.8/site-packages/airflow/example_dags/example_complex.py took 0.062 seconds
[2022-11-08T20:45:38.369+0900] {processor.py:156} INFO - Started process (PID=11828) to work on /home/steve/.local/lib/python3.8/site-packages/airflow/example_dags/example_complex.py
[2022-11-08T20:45:38.370+0900] {processor.py:758} INFO - Processing file /home/steve/.local/lib/python3.8/site-packages/airflow/example_dags/example_complex.py for tasks to queue
[2022-11-08T20:45:38.370+0900] {logging_mixin.py:117} INFO - [2022-11-08T20:45:38.370+0900] {dagbag.py:525} INFO - Filling up the DagBag from /home/steve/.local/lib/python3.8/site-packages/airflow/example_dags/example_complex.py
[2022-11-08T20:45:38.381+0900] {processor.py:768} INFO - DAG(s) dict_keys(['example_complex']) retrieved from /home/steve/.local/lib/python3.8/site-packages/airflow/example_dags/example_complex.py
[2022-11-08T20:45:38.399+0900] {logging_mixin.py:117} INFO - [2022-11-08T20:45:38.399+0900] {dag.py:2573} INFO - Sync 1 DAGs
[2022-11-08T20:45:38.410+0900] {logging_mixin.py:117} INFO - [2022-11-08T20:45:38.410+0900] {dag.py:3324} INFO - Setting next_dagrun for example_complex to None, run_after=None
[2022-11-08T20:45:38.426+0900] {processor.py:178} INFO - Processing /home/steve/.local/lib/python3.8/site-packages/airflow/example_dags/example_complex.py took 0.059 seconds
[2022-11-08T20:46:14.727+0900] {processor.py:156} INFO - Started process (PID=11865) to work on /home/steve/.local/lib/python3.8/site-packages/airflow/example_dags/example_complex.py
[2022-11-08T20:46:14.729+0900] {processor.py:758} INFO - Processing file /home/steve/.local/lib/python3.8/site-packages/airflow/example_dags/example_complex.py for tasks to queue
[2022-11-08T20:46:14.729+0900] {logging_mixin.py:117} INFO - [2022-11-08T20:46:14.729+0900] {dagbag.py:525} INFO - Filling up the DagBag from /home/steve/.local/lib/python3.8/site-packages/airflow/example_dags/example_complex.py
[2022-11-08T20:46:14.739+0900] {processor.py:768} INFO - DAG(s) dict_keys(['example_complex']) retrieved from /home/steve/.local/lib/python3.8/site-packages/airflow/example_dags/example_complex.py
[2022-11-08T20:46:14.756+0900] {logging_mixin.py:117} INFO - [2022-11-08T20:46:14.756+0900] {dag.py:2573} INFO - Sync 1 DAGs
[2022-11-08T20:46:14.765+0900] {logging_mixin.py:117} INFO - [2022-11-08T20:46:14.765+0900] {dag.py:3324} INFO - Setting next_dagrun for example_complex to None, run_after=None
[2022-11-08T20:46:14.789+0900] {processor.py:178} INFO - Processing /home/steve/.local/lib/python3.8/site-packages/airflow/example_dags/example_complex.py took 0.063 seconds
[2022-11-08T20:46:52.019+0900] {processor.py:156} INFO - Started process (PID=11907) to work on /home/steve/.local/lib/python3.8/site-packages/airflow/example_dags/example_complex.py
[2022-11-08T20:46:52.020+0900] {processor.py:758} INFO - Processing file /home/steve/.local/lib/python3.8/site-packages/airflow/example_dags/example_complex.py for tasks to queue
[2022-11-08T20:46:52.021+0900] {logging_mixin.py:117} INFO - [2022-11-08T20:46:52.021+0900] {dagbag.py:525} INFO - Filling up the DagBag from /home/steve/.local/lib/python3.8/site-packages/airflow/example_dags/example_complex.py
[2022-11-08T20:46:52.032+0900] {processor.py:768} INFO - DAG(s) dict_keys(['example_complex']) retrieved from /home/steve/.local/lib/python3.8/site-packages/airflow/example_dags/example_complex.py
[2022-11-08T20:46:52.050+0900] {logging_mixin.py:117} INFO - [2022-11-08T20:46:52.050+0900] {dag.py:2573} INFO - Sync 1 DAGs
[2022-11-08T20:46:52.060+0900] {logging_mixin.py:117} INFO - [2022-11-08T20:46:52.060+0900] {dag.py:3324} INFO - Setting next_dagrun for example_complex to None, run_after=None
[2022-11-08T20:46:52.074+0900] {processor.py:178} INFO - Processing /home/steve/.local/lib/python3.8/site-packages/airflow/example_dags/example_complex.py took 0.057 seconds
[2022-11-08T20:47:26.112+0900] {processor.py:156} INFO - Started process (PID=12054) to work on /home/steve/.local/lib/python3.8/site-packages/airflow/example_dags/example_complex.py
[2022-11-08T20:47:26.113+0900] {processor.py:758} INFO - Processing file /home/steve/.local/lib/python3.8/site-packages/airflow/example_dags/example_complex.py for tasks to queue
[2022-11-08T20:47:26.113+0900] {logging_mixin.py:117} INFO - [2022-11-08T20:47:26.113+0900] {dagbag.py:525} INFO - Filling up the DagBag from /home/steve/.local/lib/python3.8/site-packages/airflow/example_dags/example_complex.py
[2022-11-08T20:47:26.127+0900] {processor.py:768} INFO - DAG(s) dict_keys(['example_complex']) retrieved from /home/steve/.local/lib/python3.8/site-packages/airflow/example_dags/example_complex.py
[2022-11-08T20:47:26.153+0900] {logging_mixin.py:117} INFO - [2022-11-08T20:47:26.153+0900] {dag.py:2573} INFO - Sync 1 DAGs
[2022-11-08T20:47:26.168+0900] {logging_mixin.py:117} INFO - [2022-11-08T20:47:26.168+0900] {dag.py:3324} INFO - Setting next_dagrun for example_complex to None, run_after=None
[2022-11-08T20:47:26.189+0900] {processor.py:178} INFO - Processing /home/steve/.local/lib/python3.8/site-packages/airflow/example_dags/example_complex.py took 0.080 seconds
[2022-11-08T20:48:02.787+0900] {processor.py:156} INFO - Started process (PID=12263) to work on /home/steve/.local/lib/python3.8/site-packages/airflow/example_dags/example_complex.py
[2022-11-08T20:48:02.787+0900] {processor.py:758} INFO - Processing file /home/steve/.local/lib/python3.8/site-packages/airflow/example_dags/example_complex.py for tasks to queue
[2022-11-08T20:48:02.788+0900] {logging_mixin.py:117} INFO - [2022-11-08T20:48:02.788+0900] {dagbag.py:525} INFO - Filling up the DagBag from /home/steve/.local/lib/python3.8/site-packages/airflow/example_dags/example_complex.py
[2022-11-08T20:48:02.797+0900] {processor.py:768} INFO - DAG(s) dict_keys(['example_complex']) retrieved from /home/steve/.local/lib/python3.8/site-packages/airflow/example_dags/example_complex.py
[2022-11-08T20:48:02.817+0900] {logging_mixin.py:117} INFO - [2022-11-08T20:48:02.817+0900] {dag.py:2573} INFO - Sync 1 DAGs
[2022-11-08T20:48:02.827+0900] {logging_mixin.py:117} INFO - [2022-11-08T20:48:02.827+0900] {dag.py:3324} INFO - Setting next_dagrun for example_complex to None, run_after=None
[2022-11-08T20:48:02.844+0900] {processor.py:178} INFO - Processing /home/steve/.local/lib/python3.8/site-packages/airflow/example_dags/example_complex.py took 0.059 seconds
[2022-11-08T20:48:40.729+0900] {processor.py:156} INFO - Started process (PID=12301) to work on /home/steve/.local/lib/python3.8/site-packages/airflow/example_dags/example_complex.py
[2022-11-08T20:48:40.732+0900] {processor.py:758} INFO - Processing file /home/steve/.local/lib/python3.8/site-packages/airflow/example_dags/example_complex.py for tasks to queue
[2022-11-08T20:48:40.732+0900] {logging_mixin.py:117} INFO - [2022-11-08T20:48:40.732+0900] {dagbag.py:525} INFO - Filling up the DagBag from /home/steve/.local/lib/python3.8/site-packages/airflow/example_dags/example_complex.py
[2022-11-08T20:48:40.742+0900] {processor.py:768} INFO - DAG(s) dict_keys(['example_complex']) retrieved from /home/steve/.local/lib/python3.8/site-packages/airflow/example_dags/example_complex.py
[2022-11-08T20:48:40.760+0900] {logging_mixin.py:117} INFO - [2022-11-08T20:48:40.760+0900] {dag.py:2573} INFO - Sync 1 DAGs
[2022-11-08T20:48:40.771+0900] {logging_mixin.py:117} INFO - [2022-11-08T20:48:40.771+0900] {dag.py:3324} INFO - Setting next_dagrun for example_complex to None, run_after=None
[2022-11-08T20:48:40.788+0900] {processor.py:178} INFO - Processing /home/steve/.local/lib/python3.8/site-packages/airflow/example_dags/example_complex.py took 0.060 seconds
[2022-11-08T20:49:14.692+0900] {processor.py:156} INFO - Started process (PID=12337) to work on /home/steve/.local/lib/python3.8/site-packages/airflow/example_dags/example_complex.py
[2022-11-08T20:49:14.694+0900] {processor.py:758} INFO - Processing file /home/steve/.local/lib/python3.8/site-packages/airflow/example_dags/example_complex.py for tasks to queue
[2022-11-08T20:49:14.694+0900] {logging_mixin.py:117} INFO - [2022-11-08T20:49:14.694+0900] {dagbag.py:525} INFO - Filling up the DagBag from /home/steve/.local/lib/python3.8/site-packages/airflow/example_dags/example_complex.py
[2022-11-08T20:49:14.704+0900] {processor.py:768} INFO - DAG(s) dict_keys(['example_complex']) retrieved from /home/steve/.local/lib/python3.8/site-packages/airflow/example_dags/example_complex.py
[2022-11-08T20:49:14.723+0900] {logging_mixin.py:117} INFO - [2022-11-08T20:49:14.723+0900] {dag.py:2573} INFO - Sync 1 DAGs
[2022-11-08T20:49:14.733+0900] {logging_mixin.py:117} INFO - [2022-11-08T20:49:14.733+0900] {dag.py:3324} INFO - Setting next_dagrun for example_complex to None, run_after=None
[2022-11-08T20:49:14.748+0900] {processor.py:178} INFO - Processing /home/steve/.local/lib/python3.8/site-packages/airflow/example_dags/example_complex.py took 0.058 seconds
[2022-11-08T20:49:46.900+0900] {processor.py:156} INFO - Started process (PID=12371) to work on /home/steve/.local/lib/python3.8/site-packages/airflow/example_dags/example_complex.py
[2022-11-08T20:49:46.900+0900] {processor.py:758} INFO - Processing file /home/steve/.local/lib/python3.8/site-packages/airflow/example_dags/example_complex.py for tasks to queue
[2022-11-08T20:49:46.900+0900] {logging_mixin.py:117} INFO - [2022-11-08T20:49:46.900+0900] {dagbag.py:525} INFO - Filling up the DagBag from /home/steve/.local/lib/python3.8/site-packages/airflow/example_dags/example_complex.py
[2022-11-08T20:49:46.911+0900] {processor.py:768} INFO - DAG(s) dict_keys(['example_complex']) retrieved from /home/steve/.local/lib/python3.8/site-packages/airflow/example_dags/example_complex.py
[2022-11-08T20:49:46.930+0900] {logging_mixin.py:117} INFO - [2022-11-08T20:49:46.930+0900] {dag.py:2573} INFO - Sync 1 DAGs
[2022-11-08T20:49:46.940+0900] {logging_mixin.py:117} INFO - [2022-11-08T20:49:46.940+0900] {dag.py:3324} INFO - Setting next_dagrun for example_complex to None, run_after=None
[2022-11-08T20:49:46.958+0900] {processor.py:178} INFO - Processing /home/steve/.local/lib/python3.8/site-packages/airflow/example_dags/example_complex.py took 0.060 seconds
[2022-11-08T20:50:21.820+0900] {processor.py:156} INFO - Started process (PID=12446) to work on /home/steve/.local/lib/python3.8/site-packages/airflow/example_dags/example_complex.py
[2022-11-08T20:50:21.821+0900] {processor.py:758} INFO - Processing file /home/steve/.local/lib/python3.8/site-packages/airflow/example_dags/example_complex.py for tasks to queue
[2022-11-08T20:50:21.821+0900] {logging_mixin.py:117} INFO - [2022-11-08T20:50:21.821+0900] {dagbag.py:525} INFO - Filling up the DagBag from /home/steve/.local/lib/python3.8/site-packages/airflow/example_dags/example_complex.py
[2022-11-08T20:50:21.833+0900] {processor.py:768} INFO - DAG(s) dict_keys(['example_complex']) retrieved from /home/steve/.local/lib/python3.8/site-packages/airflow/example_dags/example_complex.py
[2022-11-08T20:50:21.853+0900] {logging_mixin.py:117} INFO - [2022-11-08T20:50:21.853+0900] {dag.py:2573} INFO - Sync 1 DAGs
[2022-11-08T20:50:21.863+0900] {logging_mixin.py:117} INFO - [2022-11-08T20:50:21.863+0900] {dag.py:3324} INFO - Setting next_dagrun for example_complex to None, run_after=None
[2022-11-08T20:50:21.879+0900] {processor.py:178} INFO - Processing /home/steve/.local/lib/python3.8/site-packages/airflow/example_dags/example_complex.py took 0.061 seconds
[2022-11-08T20:50:57.931+0900] {processor.py:156} INFO - Started process (PID=12872) to work on /home/steve/.local/lib/python3.8/site-packages/airflow/example_dags/example_complex.py
[2022-11-08T20:50:57.933+0900] {processor.py:758} INFO - Processing file /home/steve/.local/lib/python3.8/site-packages/airflow/example_dags/example_complex.py for tasks to queue
[2022-11-08T20:50:57.934+0900] {logging_mixin.py:117} INFO - [2022-11-08T20:50:57.934+0900] {dagbag.py:525} INFO - Filling up the DagBag from /home/steve/.local/lib/python3.8/site-packages/airflow/example_dags/example_complex.py
[2022-11-08T20:50:57.944+0900] {processor.py:768} INFO - DAG(s) dict_keys(['example_complex']) retrieved from /home/steve/.local/lib/python3.8/site-packages/airflow/example_dags/example_complex.py
[2022-11-08T20:50:57.962+0900] {logging_mixin.py:117} INFO - [2022-11-08T20:50:57.962+0900] {dag.py:2573} INFO - Sync 1 DAGs
[2022-11-08T20:50:57.973+0900] {logging_mixin.py:117} INFO - [2022-11-08T20:50:57.973+0900] {dag.py:3324} INFO - Setting next_dagrun for example_complex to None, run_after=None
[2022-11-08T20:50:57.989+0900] {processor.py:178} INFO - Processing /home/steve/.local/lib/python3.8/site-packages/airflow/example_dags/example_complex.py took 0.059 seconds
