[2022-11-08T19:44:38.124+0900] {processor.py:156} INFO - Started process (PID=7176) to work on /home/steve/.local/lib/python3.8/site-packages/airflow/example_dags/example_task_group.py
[2022-11-08T19:44:38.124+0900] {processor.py:758} INFO - Processing file /home/steve/.local/lib/python3.8/site-packages/airflow/example_dags/example_task_group.py for tasks to queue
[2022-11-08T19:44:38.125+0900] {logging_mixin.py:117} INFO - [2022-11-08T19:44:38.125+0900] {dagbag.py:525} INFO - Filling up the DagBag from /home/steve/.local/lib/python3.8/site-packages/airflow/example_dags/example_task_group.py
[2022-11-08T19:44:38.135+0900] {processor.py:768} INFO - DAG(s) dict_keys(['example_task_group']) retrieved from /home/steve/.local/lib/python3.8/site-packages/airflow/example_dags/example_task_group.py
[2022-11-08T19:44:38.214+0900] {logging_mixin.py:117} INFO - [2022-11-08T19:44:38.214+0900] {manager.py:507} INFO - Created Permission View: can edit on DAG:example_task_group
[2022-11-08T19:44:38.225+0900] {logging_mixin.py:117} INFO - [2022-11-08T19:44:38.224+0900] {manager.py:507} INFO - Created Permission View: can delete on DAG:example_task_group
[2022-11-08T19:44:38.234+0900] {logging_mixin.py:117} INFO - [2022-11-08T19:44:38.234+0900] {manager.py:507} INFO - Created Permission View: can read on DAG:example_task_group
[2022-11-08T19:44:38.234+0900] {logging_mixin.py:117} INFO - [2022-11-08T19:44:38.234+0900] {dag.py:2573} INFO - Sync 1 DAGs
[2022-11-08T19:44:38.325+0900] {logging_mixin.py:117} INFO - [2022-11-08T19:44:38.325+0900] {dag.py:2594} INFO - Creating ORM DAG for example_task_group
[2022-11-08T19:44:38.330+0900] {logging_mixin.py:117} INFO - [2022-11-08T19:44:38.330+0900] {dag.py:3324} INFO - Setting next_dagrun for example_task_group to 2022-11-07T10:44:38.330183+00:00, run_after=2022-11-08T10:44:38.330183+00:00
[2022-11-08T19:44:38.348+0900] {processor.py:178} INFO - Processing /home/steve/.local/lib/python3.8/site-packages/airflow/example_dags/example_task_group.py took 0.226 seconds
[2022-11-08T19:45:17.380+0900] {processor.py:156} INFO - Started process (PID=7566) to work on /home/steve/.local/lib/python3.8/site-packages/airflow/example_dags/example_task_group.py
[2022-11-08T19:45:17.382+0900] {processor.py:758} INFO - Processing file /home/steve/.local/lib/python3.8/site-packages/airflow/example_dags/example_task_group.py for tasks to queue
[2022-11-08T19:45:17.383+0900] {logging_mixin.py:117} INFO - [2022-11-08T19:45:17.383+0900] {dagbag.py:525} INFO - Filling up the DagBag from /home/steve/.local/lib/python3.8/site-packages/airflow/example_dags/example_task_group.py
[2022-11-08T19:45:17.391+0900] {processor.py:768} INFO - DAG(s) dict_keys(['example_task_group']) retrieved from /home/steve/.local/lib/python3.8/site-packages/airflow/example_dags/example_task_group.py
[2022-11-08T19:45:17.405+0900] {logging_mixin.py:117} INFO - [2022-11-08T19:45:17.405+0900] {dag.py:2573} INFO - Sync 1 DAGs
[2022-11-08T19:45:17.415+0900] {logging_mixin.py:117} INFO - [2022-11-08T19:45:17.414+0900] {dag.py:3324} INFO - Setting next_dagrun for example_task_group to 2022-11-07T10:45:17.414812+00:00, run_after=2022-11-08T10:45:17.414812+00:00
[2022-11-08T19:45:17.430+0900] {processor.py:178} INFO - Processing /home/steve/.local/lib/python3.8/site-packages/airflow/example_dags/example_task_group.py took 0.051 seconds
[2022-11-08T19:45:49.452+0900] {processor.py:156} INFO - Started process (PID=7750) to work on /home/steve/.local/lib/python3.8/site-packages/airflow/example_dags/example_task_group.py
[2022-11-08T19:45:49.454+0900] {processor.py:758} INFO - Processing file /home/steve/.local/lib/python3.8/site-packages/airflow/example_dags/example_task_group.py for tasks to queue
[2022-11-08T19:45:49.454+0900] {logging_mixin.py:117} INFO - [2022-11-08T19:45:49.454+0900] {dagbag.py:525} INFO - Filling up the DagBag from /home/steve/.local/lib/python3.8/site-packages/airflow/example_dags/example_task_group.py
[2022-11-08T19:45:49.462+0900] {processor.py:768} INFO - DAG(s) dict_keys(['example_task_group']) retrieved from /home/steve/.local/lib/python3.8/site-packages/airflow/example_dags/example_task_group.py
[2022-11-08T19:45:49.477+0900] {logging_mixin.py:117} INFO - [2022-11-08T19:45:49.477+0900] {dag.py:2573} INFO - Sync 1 DAGs
[2022-11-08T19:45:49.486+0900] {logging_mixin.py:117} INFO - [2022-11-08T19:45:49.486+0900] {dag.py:3324} INFO - Setting next_dagrun for example_task_group to 2022-11-07T10:45:49.486694+00:00, run_after=2022-11-08T10:45:49.486694+00:00
[2022-11-08T19:45:49.503+0900] {processor.py:178} INFO - Processing /home/steve/.local/lib/python3.8/site-packages/airflow/example_dags/example_task_group.py took 0.053 seconds
[2022-11-08T19:46:25.296+0900] {processor.py:156} INFO - Started process (PID=7814) to work on /home/steve/.local/lib/python3.8/site-packages/airflow/example_dags/example_task_group.py
[2022-11-08T19:46:25.297+0900] {processor.py:758} INFO - Processing file /home/steve/.local/lib/python3.8/site-packages/airflow/example_dags/example_task_group.py for tasks to queue
[2022-11-08T19:46:25.298+0900] {logging_mixin.py:117} INFO - [2022-11-08T19:46:25.297+0900] {dagbag.py:525} INFO - Filling up the DagBag from /home/steve/.local/lib/python3.8/site-packages/airflow/example_dags/example_task_group.py
[2022-11-08T19:46:25.305+0900] {processor.py:768} INFO - DAG(s) dict_keys(['example_task_group']) retrieved from /home/steve/.local/lib/python3.8/site-packages/airflow/example_dags/example_task_group.py
[2022-11-08T19:46:25.320+0900] {logging_mixin.py:117} INFO - [2022-11-08T19:46:25.320+0900] {dag.py:2573} INFO - Sync 1 DAGs
[2022-11-08T19:46:25.330+0900] {logging_mixin.py:117} INFO - [2022-11-08T19:46:25.329+0900] {dag.py:3324} INFO - Setting next_dagrun for example_task_group to 2022-11-07T10:46:25.329844+00:00, run_after=2022-11-08T10:46:25.329844+00:00
[2022-11-08T19:46:25.345+0900] {processor.py:178} INFO - Processing /home/steve/.local/lib/python3.8/site-packages/airflow/example_dags/example_task_group.py took 0.050 seconds
[2022-11-08T19:46:58.282+0900] {processor.py:156} INFO - Started process (PID=7876) to work on /home/steve/.local/lib/python3.8/site-packages/airflow/example_dags/example_task_group.py
[2022-11-08T19:46:58.284+0900] {processor.py:758} INFO - Processing file /home/steve/.local/lib/python3.8/site-packages/airflow/example_dags/example_task_group.py for tasks to queue
[2022-11-08T19:46:58.284+0900] {logging_mixin.py:117} INFO - [2022-11-08T19:46:58.284+0900] {dagbag.py:525} INFO - Filling up the DagBag from /home/steve/.local/lib/python3.8/site-packages/airflow/example_dags/example_task_group.py
[2022-11-08T19:46:58.293+0900] {processor.py:768} INFO - DAG(s) dict_keys(['example_task_group']) retrieved from /home/steve/.local/lib/python3.8/site-packages/airflow/example_dags/example_task_group.py
[2022-11-08T19:46:58.308+0900] {logging_mixin.py:117} INFO - [2022-11-08T19:46:58.307+0900] {dag.py:2573} INFO - Sync 1 DAGs
[2022-11-08T19:46:58.317+0900] {logging_mixin.py:117} INFO - [2022-11-08T19:46:58.317+0900] {dag.py:3324} INFO - Setting next_dagrun for example_task_group to 2022-11-07T10:46:58.317755+00:00, run_after=2022-11-08T10:46:58.317755+00:00
[2022-11-08T19:46:58.334+0900] {processor.py:178} INFO - Processing /home/steve/.local/lib/python3.8/site-packages/airflow/example_dags/example_task_group.py took 0.053 seconds
[2022-11-08T19:47:34.046+0900] {processor.py:156} INFO - Started process (PID=7923) to work on /home/steve/.local/lib/python3.8/site-packages/airflow/example_dags/example_task_group.py
[2022-11-08T19:47:34.048+0900] {processor.py:758} INFO - Processing file /home/steve/.local/lib/python3.8/site-packages/airflow/example_dags/example_task_group.py for tasks to queue
[2022-11-08T19:47:34.049+0900] {logging_mixin.py:117} INFO - [2022-11-08T19:47:34.049+0900] {dagbag.py:525} INFO - Filling up the DagBag from /home/steve/.local/lib/python3.8/site-packages/airflow/example_dags/example_task_group.py
[2022-11-08T19:47:34.057+0900] {processor.py:768} INFO - DAG(s) dict_keys(['example_task_group']) retrieved from /home/steve/.local/lib/python3.8/site-packages/airflow/example_dags/example_task_group.py
[2022-11-08T19:47:34.071+0900] {logging_mixin.py:117} INFO - [2022-11-08T19:47:34.071+0900] {dag.py:2573} INFO - Sync 1 DAGs
[2022-11-08T19:47:34.080+0900] {logging_mixin.py:117} INFO - [2022-11-08T19:47:34.080+0900] {dag.py:3324} INFO - Setting next_dagrun for example_task_group to 2022-11-07T10:47:34.080706+00:00, run_after=2022-11-08T10:47:34.080706+00:00
[2022-11-08T19:47:34.162+0900] {processor.py:178} INFO - Processing /home/steve/.local/lib/python3.8/site-packages/airflow/example_dags/example_task_group.py took 0.118 seconds
[2022-11-08T19:48:09.272+0900] {processor.py:156} INFO - Started process (PID=7957) to work on /home/steve/.local/lib/python3.8/site-packages/airflow/example_dags/example_task_group.py
[2022-11-08T19:48:09.274+0900] {processor.py:758} INFO - Processing file /home/steve/.local/lib/python3.8/site-packages/airflow/example_dags/example_task_group.py for tasks to queue
[2022-11-08T19:48:09.274+0900] {logging_mixin.py:117} INFO - [2022-11-08T19:48:09.274+0900] {dagbag.py:525} INFO - Filling up the DagBag from /home/steve/.local/lib/python3.8/site-packages/airflow/example_dags/example_task_group.py
[2022-11-08T19:48:09.283+0900] {processor.py:768} INFO - DAG(s) dict_keys(['example_task_group']) retrieved from /home/steve/.local/lib/python3.8/site-packages/airflow/example_dags/example_task_group.py
[2022-11-08T19:48:09.298+0900] {logging_mixin.py:117} INFO - [2022-11-08T19:48:09.298+0900] {dag.py:2573} INFO - Sync 1 DAGs
[2022-11-08T19:48:09.376+0900] {logging_mixin.py:117} INFO - [2022-11-08T19:48:09.376+0900] {dag.py:3324} INFO - Setting next_dagrun for example_task_group to 2022-11-07T10:48:09.376442+00:00, run_after=2022-11-08T10:48:09.376442+00:00
[2022-11-08T19:48:09.392+0900] {processor.py:178} INFO - Processing /home/steve/.local/lib/python3.8/site-packages/airflow/example_dags/example_task_group.py took 0.121 seconds
[2022-11-08T19:48:46.825+0900] {processor.py:156} INFO - Started process (PID=7993) to work on /home/steve/.local/lib/python3.8/site-packages/airflow/example_dags/example_task_group.py
[2022-11-08T19:48:46.826+0900] {processor.py:758} INFO - Processing file /home/steve/.local/lib/python3.8/site-packages/airflow/example_dags/example_task_group.py for tasks to queue
[2022-11-08T19:48:46.826+0900] {logging_mixin.py:117} INFO - [2022-11-08T19:48:46.826+0900] {dagbag.py:525} INFO - Filling up the DagBag from /home/steve/.local/lib/python3.8/site-packages/airflow/example_dags/example_task_group.py
[2022-11-08T19:48:46.834+0900] {processor.py:768} INFO - DAG(s) dict_keys(['example_task_group']) retrieved from /home/steve/.local/lib/python3.8/site-packages/airflow/example_dags/example_task_group.py
[2022-11-08T19:48:46.849+0900] {logging_mixin.py:117} INFO - [2022-11-08T19:48:46.849+0900] {dag.py:2573} INFO - Sync 1 DAGs
[2022-11-08T19:48:46.925+0900] {logging_mixin.py:117} INFO - [2022-11-08T19:48:46.925+0900] {dag.py:3324} INFO - Setting next_dagrun for example_task_group to 2022-11-07T10:48:46.925017+00:00, run_after=2022-11-08T10:48:46.925017+00:00
[2022-11-08T19:48:46.942+0900] {processor.py:178} INFO - Processing /home/steve/.local/lib/python3.8/site-packages/airflow/example_dags/example_task_group.py took 0.118 seconds
[2022-11-08T19:49:19.265+0900] {processor.py:156} INFO - Started process (PID=8024) to work on /home/steve/.local/lib/python3.8/site-packages/airflow/example_dags/example_task_group.py
[2022-11-08T19:49:19.267+0900] {processor.py:758} INFO - Processing file /home/steve/.local/lib/python3.8/site-packages/airflow/example_dags/example_task_group.py for tasks to queue
[2022-11-08T19:49:19.267+0900] {logging_mixin.py:117} INFO - [2022-11-08T19:49:19.267+0900] {dagbag.py:525} INFO - Filling up the DagBag from /home/steve/.local/lib/python3.8/site-packages/airflow/example_dags/example_task_group.py
[2022-11-08T19:49:19.275+0900] {processor.py:768} INFO - DAG(s) dict_keys(['example_task_group']) retrieved from /home/steve/.local/lib/python3.8/site-packages/airflow/example_dags/example_task_group.py
[2022-11-08T19:49:19.290+0900] {logging_mixin.py:117} INFO - [2022-11-08T19:49:19.290+0900] {dag.py:2573} INFO - Sync 1 DAGs
[2022-11-08T19:49:19.365+0900] {logging_mixin.py:117} INFO - [2022-11-08T19:49:19.365+0900] {dag.py:3324} INFO - Setting next_dagrun for example_task_group to 2022-11-07T10:49:19.365406+00:00, run_after=2022-11-08T10:49:19.365406+00:00
[2022-11-08T19:49:19.381+0900] {processor.py:178} INFO - Processing /home/steve/.local/lib/python3.8/site-packages/airflow/example_dags/example_task_group.py took 0.118 seconds
[2022-11-08T19:49:55.661+0900] {processor.py:156} INFO - Started process (PID=8087) to work on /home/steve/.local/lib/python3.8/site-packages/airflow/example_dags/example_task_group.py
[2022-11-08T19:49:55.663+0900] {processor.py:758} INFO - Processing file /home/steve/.local/lib/python3.8/site-packages/airflow/example_dags/example_task_group.py for tasks to queue
[2022-11-08T19:49:55.663+0900] {logging_mixin.py:117} INFO - [2022-11-08T19:49:55.663+0900] {dagbag.py:525} INFO - Filling up the DagBag from /home/steve/.local/lib/python3.8/site-packages/airflow/example_dags/example_task_group.py
[2022-11-08T19:49:55.671+0900] {processor.py:768} INFO - DAG(s) dict_keys(['example_task_group']) retrieved from /home/steve/.local/lib/python3.8/site-packages/airflow/example_dags/example_task_group.py
[2022-11-08T19:49:55.751+0900] {logging_mixin.py:117} INFO - [2022-11-08T19:49:55.750+0900] {dag.py:2573} INFO - Sync 1 DAGs
[2022-11-08T19:49:55.759+0900] {logging_mixin.py:117} INFO - [2022-11-08T19:49:55.759+0900] {dag.py:3324} INFO - Setting next_dagrun for example_task_group to 2022-11-07T10:49:55.759354+00:00, run_after=2022-11-08T10:49:55.759354+00:00
[2022-11-08T19:49:55.776+0900] {processor.py:178} INFO - Processing /home/steve/.local/lib/python3.8/site-packages/airflow/example_dags/example_task_group.py took 0.117 seconds
[2022-11-08T19:50:29.702+0900] {processor.py:156} INFO - Started process (PID=8121) to work on /home/steve/.local/lib/python3.8/site-packages/airflow/example_dags/example_task_group.py
[2022-11-08T19:50:29.703+0900] {processor.py:758} INFO - Processing file /home/steve/.local/lib/python3.8/site-packages/airflow/example_dags/example_task_group.py for tasks to queue
[2022-11-08T19:50:29.704+0900] {logging_mixin.py:117} INFO - [2022-11-08T19:50:29.704+0900] {dagbag.py:525} INFO - Filling up the DagBag from /home/steve/.local/lib/python3.8/site-packages/airflow/example_dags/example_task_group.py
[2022-11-08T19:50:29.712+0900] {processor.py:768} INFO - DAG(s) dict_keys(['example_task_group']) retrieved from /home/steve/.local/lib/python3.8/site-packages/airflow/example_dags/example_task_group.py
[2022-11-08T19:50:29.796+0900] {logging_mixin.py:117} INFO - [2022-11-08T19:50:29.795+0900] {dag.py:2573} INFO - Sync 1 DAGs
[2022-11-08T19:50:29.804+0900] {logging_mixin.py:117} INFO - [2022-11-08T19:50:29.804+0900] {dag.py:3324} INFO - Setting next_dagrun for example_task_group to 2022-11-07T10:50:29.804339+00:00, run_after=2022-11-08T10:50:29.804339+00:00
[2022-11-08T19:50:29.820+0900] {processor.py:178} INFO - Processing /home/steve/.local/lib/python3.8/site-packages/airflow/example_dags/example_task_group.py took 0.120 seconds
[2022-11-08T19:51:06.141+0900] {processor.py:156} INFO - Started process (PID=8156) to work on /home/steve/.local/lib/python3.8/site-packages/airflow/example_dags/example_task_group.py
[2022-11-08T19:51:06.142+0900] {processor.py:758} INFO - Processing file /home/steve/.local/lib/python3.8/site-packages/airflow/example_dags/example_task_group.py for tasks to queue
[2022-11-08T19:51:06.142+0900] {logging_mixin.py:117} INFO - [2022-11-08T19:51:06.142+0900] {dagbag.py:525} INFO - Filling up the DagBag from /home/steve/.local/lib/python3.8/site-packages/airflow/example_dags/example_task_group.py
[2022-11-08T19:51:06.216+0900] {processor.py:768} INFO - DAG(s) dict_keys(['example_task_group']) retrieved from /home/steve/.local/lib/python3.8/site-packages/airflow/example_dags/example_task_group.py
[2022-11-08T19:51:06.229+0900] {logging_mixin.py:117} INFO - [2022-11-08T19:51:06.229+0900] {dag.py:2573} INFO - Sync 1 DAGs
[2022-11-08T19:51:06.237+0900] {logging_mixin.py:117} INFO - [2022-11-08T19:51:06.237+0900] {dag.py:3324} INFO - Setting next_dagrun for example_task_group to 2022-11-07T10:51:06.237340+00:00, run_after=2022-11-08T10:51:06.237340+00:00
[2022-11-08T19:51:06.254+0900] {processor.py:178} INFO - Processing /home/steve/.local/lib/python3.8/site-packages/airflow/example_dags/example_task_group.py took 0.114 seconds
[2022-11-08T19:51:42.153+0900] {processor.py:156} INFO - Started process (PID=8192) to work on /home/steve/.local/lib/python3.8/site-packages/airflow/example_dags/example_task_group.py
[2022-11-08T19:51:42.156+0900] {processor.py:758} INFO - Processing file /home/steve/.local/lib/python3.8/site-packages/airflow/example_dags/example_task_group.py for tasks to queue
[2022-11-08T19:51:42.156+0900] {logging_mixin.py:117} INFO - [2022-11-08T19:51:42.156+0900] {dagbag.py:525} INFO - Filling up the DagBag from /home/steve/.local/lib/python3.8/site-packages/airflow/example_dags/example_task_group.py
[2022-11-08T19:51:42.230+0900] {processor.py:768} INFO - DAG(s) dict_keys(['example_task_group']) retrieved from /home/steve/.local/lib/python3.8/site-packages/airflow/example_dags/example_task_group.py
[2022-11-08T19:51:42.243+0900] {logging_mixin.py:117} INFO - [2022-11-08T19:51:42.243+0900] {dag.py:2573} INFO - Sync 1 DAGs
[2022-11-08T19:51:42.252+0900] {logging_mixin.py:117} INFO - [2022-11-08T19:51:42.252+0900] {dag.py:3324} INFO - Setting next_dagrun for example_task_group to 2022-11-07T10:51:42.251946+00:00, run_after=2022-11-08T10:51:42.251946+00:00
[2022-11-08T19:51:42.267+0900] {processor.py:178} INFO - Processing /home/steve/.local/lib/python3.8/site-packages/airflow/example_dags/example_task_group.py took 0.115 seconds
[2022-11-08T19:52:16.008+0900] {processor.py:156} INFO - Started process (PID=8227) to work on /home/steve/.local/lib/python3.8/site-packages/airflow/example_dags/example_task_group.py
[2022-11-08T19:52:16.009+0900] {processor.py:758} INFO - Processing file /home/steve/.local/lib/python3.8/site-packages/airflow/example_dags/example_task_group.py for tasks to queue
[2022-11-08T19:52:16.010+0900] {logging_mixin.py:117} INFO - [2022-11-08T19:52:16.010+0900] {dagbag.py:525} INFO - Filling up the DagBag from /home/steve/.local/lib/python3.8/site-packages/airflow/example_dags/example_task_group.py
[2022-11-08T19:52:16.018+0900] {processor.py:768} INFO - DAG(s) dict_keys(['example_task_group']) retrieved from /home/steve/.local/lib/python3.8/site-packages/airflow/example_dags/example_task_group.py
[2022-11-08T19:52:16.033+0900] {logging_mixin.py:117} INFO - [2022-11-08T19:52:16.033+0900] {dag.py:2573} INFO - Sync 1 DAGs
[2022-11-08T19:52:16.043+0900] {logging_mixin.py:117} INFO - [2022-11-08T19:52:16.043+0900] {dag.py:3324} INFO - Setting next_dagrun for example_task_group to 2022-11-07T10:52:16.043389+00:00, run_after=2022-11-08T10:52:16.043389+00:00
[2022-11-08T19:52:16.059+0900] {processor.py:178} INFO - Processing /home/steve/.local/lib/python3.8/site-packages/airflow/example_dags/example_task_group.py took 0.053 seconds
[2022-11-08T19:52:47.742+0900] {processor.py:156} INFO - Started process (PID=8283) to work on /home/steve/.local/lib/python3.8/site-packages/airflow/example_dags/example_task_group.py
[2022-11-08T19:52:47.743+0900] {processor.py:758} INFO - Processing file /home/steve/.local/lib/python3.8/site-packages/airflow/example_dags/example_task_group.py for tasks to queue
[2022-11-08T19:52:47.743+0900] {logging_mixin.py:117} INFO - [2022-11-08T19:52:47.743+0900] {dagbag.py:525} INFO - Filling up the DagBag from /home/steve/.local/lib/python3.8/site-packages/airflow/example_dags/example_task_group.py
[2022-11-08T19:52:47.752+0900] {processor.py:768} INFO - DAG(s) dict_keys(['example_task_group']) retrieved from /home/steve/.local/lib/python3.8/site-packages/airflow/example_dags/example_task_group.py
[2022-11-08T19:52:47.770+0900] {logging_mixin.py:117} INFO - [2022-11-08T19:52:47.770+0900] {dag.py:2573} INFO - Sync 1 DAGs
[2022-11-08T19:52:47.780+0900] {logging_mixin.py:117} INFO - [2022-11-08T19:52:47.780+0900] {dag.py:3324} INFO - Setting next_dagrun for example_task_group to 2022-11-07T10:52:47.780030+00:00, run_after=2022-11-08T10:52:47.780030+00:00
[2022-11-08T19:52:47.796+0900] {processor.py:178} INFO - Processing /home/steve/.local/lib/python3.8/site-packages/airflow/example_dags/example_task_group.py took 0.055 seconds
[2022-11-08T19:53:19.465+0900] {processor.py:156} INFO - Started process (PID=8510) to work on /home/steve/.local/lib/python3.8/site-packages/airflow/example_dags/example_task_group.py
[2022-11-08T19:53:19.467+0900] {processor.py:758} INFO - Processing file /home/steve/.local/lib/python3.8/site-packages/airflow/example_dags/example_task_group.py for tasks to queue
[2022-11-08T19:53:19.467+0900] {logging_mixin.py:117} INFO - [2022-11-08T19:53:19.467+0900] {dagbag.py:525} INFO - Filling up the DagBag from /home/steve/.local/lib/python3.8/site-packages/airflow/example_dags/example_task_group.py
[2022-11-08T19:53:19.476+0900] {processor.py:768} INFO - DAG(s) dict_keys(['example_task_group']) retrieved from /home/steve/.local/lib/python3.8/site-packages/airflow/example_dags/example_task_group.py
[2022-11-08T19:53:19.488+0900] {logging_mixin.py:117} INFO - [2022-11-08T19:53:19.488+0900] {dag.py:2573} INFO - Sync 1 DAGs
[2022-11-08T19:53:19.499+0900] {logging_mixin.py:117} INFO - [2022-11-08T19:53:19.499+0900] {dag.py:3324} INFO - Setting next_dagrun for example_task_group to 2022-11-07T10:53:19.499430+00:00, run_after=2022-11-08T10:53:19.499430+00:00
[2022-11-08T19:53:19.515+0900] {processor.py:178} INFO - Processing /home/steve/.local/lib/python3.8/site-packages/airflow/example_dags/example_task_group.py took 0.051 seconds
[2022-11-08T19:53:50.228+0900] {processor.py:156} INFO - Started process (PID=8559) to work on /home/steve/.local/lib/python3.8/site-packages/airflow/example_dags/example_task_group.py
[2022-11-08T19:53:50.231+0900] {processor.py:758} INFO - Processing file /home/steve/.local/lib/python3.8/site-packages/airflow/example_dags/example_task_group.py for tasks to queue
[2022-11-08T19:53:50.231+0900] {logging_mixin.py:117} INFO - [2022-11-08T19:53:50.231+0900] {dagbag.py:525} INFO - Filling up the DagBag from /home/steve/.local/lib/python3.8/site-packages/airflow/example_dags/example_task_group.py
[2022-11-08T19:53:50.240+0900] {processor.py:768} INFO - DAG(s) dict_keys(['example_task_group']) retrieved from /home/steve/.local/lib/python3.8/site-packages/airflow/example_dags/example_task_group.py
[2022-11-08T19:53:50.257+0900] {logging_mixin.py:117} INFO - [2022-11-08T19:53:50.257+0900] {dag.py:2573} INFO - Sync 1 DAGs
[2022-11-08T19:53:50.268+0900] {logging_mixin.py:117} INFO - [2022-11-08T19:53:50.268+0900] {dag.py:3324} INFO - Setting next_dagrun for example_task_group to 2022-11-07T10:53:50.268238+00:00, run_after=2022-11-08T10:53:50.268238+00:00
[2022-11-08T19:53:50.285+0900] {processor.py:178} INFO - Processing /home/steve/.local/lib/python3.8/site-packages/airflow/example_dags/example_task_group.py took 0.058 seconds
[2022-11-08T19:54:22.180+0900] {processor.py:156} INFO - Started process (PID=8662) to work on /home/steve/.local/lib/python3.8/site-packages/airflow/example_dags/example_task_group.py
[2022-11-08T19:54:22.182+0900] {processor.py:758} INFO - Processing file /home/steve/.local/lib/python3.8/site-packages/airflow/example_dags/example_task_group.py for tasks to queue
[2022-11-08T19:54:22.183+0900] {logging_mixin.py:117} INFO - [2022-11-08T19:54:22.183+0900] {dagbag.py:525} INFO - Filling up the DagBag from /home/steve/.local/lib/python3.8/site-packages/airflow/example_dags/example_task_group.py
[2022-11-08T19:54:22.191+0900] {processor.py:768} INFO - DAG(s) dict_keys(['example_task_group']) retrieved from /home/steve/.local/lib/python3.8/site-packages/airflow/example_dags/example_task_group.py
[2022-11-08T19:54:22.207+0900] {logging_mixin.py:117} INFO - [2022-11-08T19:54:22.207+0900] {dag.py:2573} INFO - Sync 1 DAGs
[2022-11-08T19:54:22.218+0900] {logging_mixin.py:117} INFO - [2022-11-08T19:54:22.218+0900] {dag.py:3324} INFO - Setting next_dagrun for example_task_group to 2022-11-07T10:54:22.218071+00:00, run_after=2022-11-08T10:54:22.218071+00:00
[2022-11-08T19:54:22.235+0900] {processor.py:178} INFO - Processing /home/steve/.local/lib/python3.8/site-packages/airflow/example_dags/example_task_group.py took 0.057 seconds
[2022-11-08T19:54:58.088+0900] {processor.py:156} INFO - Started process (PID=8996) to work on /home/steve/.local/lib/python3.8/site-packages/airflow/example_dags/example_task_group.py
[2022-11-08T19:54:58.089+0900] {processor.py:758} INFO - Processing file /home/steve/.local/lib/python3.8/site-packages/airflow/example_dags/example_task_group.py for tasks to queue
[2022-11-08T19:54:58.089+0900] {logging_mixin.py:117} INFO - [2022-11-08T19:54:58.089+0900] {dagbag.py:525} INFO - Filling up the DagBag from /home/steve/.local/lib/python3.8/site-packages/airflow/example_dags/example_task_group.py
[2022-11-08T19:54:58.097+0900] {processor.py:768} INFO - DAG(s) dict_keys(['example_task_group']) retrieved from /home/steve/.local/lib/python3.8/site-packages/airflow/example_dags/example_task_group.py
[2022-11-08T19:54:58.113+0900] {logging_mixin.py:117} INFO - [2022-11-08T19:54:58.113+0900] {dag.py:2573} INFO - Sync 1 DAGs
[2022-11-08T19:54:58.124+0900] {logging_mixin.py:117} INFO - [2022-11-08T19:54:58.124+0900] {dag.py:3324} INFO - Setting next_dagrun for example_task_group to 2022-11-07T10:54:58.123867+00:00, run_after=2022-11-08T10:54:58.123867+00:00
[2022-11-08T19:54:58.140+0900] {processor.py:178} INFO - Processing /home/steve/.local/lib/python3.8/site-packages/airflow/example_dags/example_task_group.py took 0.054 seconds
[2022-11-08T20:26:52.862+0900] {processor.py:156} INFO - Started process (PID=9720) to work on /home/steve/.local/lib/python3.8/site-packages/airflow/example_dags/example_task_group.py
[2022-11-08T20:26:52.864+0900] {processor.py:758} INFO - Processing file /home/steve/.local/lib/python3.8/site-packages/airflow/example_dags/example_task_group.py for tasks to queue
[2022-11-08T20:26:52.865+0900] {logging_mixin.py:117} INFO - [2022-11-08T20:26:52.865+0900] {dagbag.py:525} INFO - Filling up the DagBag from /home/steve/.local/lib/python3.8/site-packages/airflow/example_dags/example_task_group.py
[2022-11-08T20:26:52.873+0900] {processor.py:768} INFO - DAG(s) dict_keys(['example_task_group']) retrieved from /home/steve/.local/lib/python3.8/site-packages/airflow/example_dags/example_task_group.py
[2022-11-08T20:26:52.888+0900] {logging_mixin.py:117} INFO - [2022-11-08T20:26:52.888+0900] {dag.py:2573} INFO - Sync 1 DAGs
[2022-11-08T20:26:52.899+0900] {logging_mixin.py:117} INFO - [2022-11-08T20:26:52.899+0900] {dag.py:3324} INFO - Setting next_dagrun for example_task_group to 2022-11-07T11:26:52.899713+00:00, run_after=2022-11-08T11:26:52.899713+00:00
[2022-11-08T20:26:52.915+0900] {processor.py:178} INFO - Processing /home/steve/.local/lib/python3.8/site-packages/airflow/example_dags/example_task_group.py took 0.054 seconds
[2022-11-08T20:27:25.864+0900] {processor.py:156} INFO - Started process (PID=9821) to work on /home/steve/.local/lib/python3.8/site-packages/airflow/example_dags/example_task_group.py
[2022-11-08T20:27:25.865+0900] {processor.py:758} INFO - Processing file /home/steve/.local/lib/python3.8/site-packages/airflow/example_dags/example_task_group.py for tasks to queue
[2022-11-08T20:27:25.865+0900] {logging_mixin.py:117} INFO - [2022-11-08T20:27:25.865+0900] {dagbag.py:525} INFO - Filling up the DagBag from /home/steve/.local/lib/python3.8/site-packages/airflow/example_dags/example_task_group.py
[2022-11-08T20:27:25.874+0900] {processor.py:768} INFO - DAG(s) dict_keys(['example_task_group']) retrieved from /home/steve/.local/lib/python3.8/site-packages/airflow/example_dags/example_task_group.py
[2022-11-08T20:27:25.891+0900] {logging_mixin.py:117} INFO - [2022-11-08T20:27:25.890+0900] {dag.py:2573} INFO - Sync 1 DAGs
[2022-11-08T20:27:25.901+0900] {logging_mixin.py:117} INFO - [2022-11-08T20:27:25.901+0900] {dag.py:3324} INFO - Setting next_dagrun for example_task_group to 2022-11-07T11:27:25.901033+00:00, run_after=2022-11-08T11:27:25.901033+00:00
[2022-11-08T20:27:25.916+0900] {processor.py:178} INFO - Processing /home/steve/.local/lib/python3.8/site-packages/airflow/example_dags/example_task_group.py took 0.054 seconds
[2022-11-08T20:28:02.445+0900] {processor.py:156} INFO - Started process (PID=9857) to work on /home/steve/.local/lib/python3.8/site-packages/airflow/example_dags/example_task_group.py
[2022-11-08T20:28:02.445+0900] {processor.py:758} INFO - Processing file /home/steve/.local/lib/python3.8/site-packages/airflow/example_dags/example_task_group.py for tasks to queue
[2022-11-08T20:28:02.446+0900] {logging_mixin.py:117} INFO - [2022-11-08T20:28:02.446+0900] {dagbag.py:525} INFO - Filling up the DagBag from /home/steve/.local/lib/python3.8/site-packages/airflow/example_dags/example_task_group.py
[2022-11-08T20:28:02.454+0900] {processor.py:768} INFO - DAG(s) dict_keys(['example_task_group']) retrieved from /home/steve/.local/lib/python3.8/site-packages/airflow/example_dags/example_task_group.py
[2022-11-08T20:28:02.469+0900] {logging_mixin.py:117} INFO - [2022-11-08T20:28:02.468+0900] {dag.py:2573} INFO - Sync 1 DAGs
[2022-11-08T20:28:02.478+0900] {logging_mixin.py:117} INFO - [2022-11-08T20:28:02.478+0900] {dag.py:3324} INFO - Setting next_dagrun for example_task_group to 2022-11-07T11:28:02.478338+00:00, run_after=2022-11-08T11:28:02.478338+00:00
[2022-11-08T20:28:02.494+0900] {processor.py:178} INFO - Processing /home/steve/.local/lib/python3.8/site-packages/airflow/example_dags/example_task_group.py took 0.051 seconds
[2022-11-08T20:28:35.470+0900] {processor.py:156} INFO - Started process (PID=9924) to work on /home/steve/.local/lib/python3.8/site-packages/airflow/example_dags/example_task_group.py
[2022-11-08T20:28:35.472+0900] {processor.py:758} INFO - Processing file /home/steve/.local/lib/python3.8/site-packages/airflow/example_dags/example_task_group.py for tasks to queue
[2022-11-08T20:28:35.473+0900] {logging_mixin.py:117} INFO - [2022-11-08T20:28:35.472+0900] {dagbag.py:525} INFO - Filling up the DagBag from /home/steve/.local/lib/python3.8/site-packages/airflow/example_dags/example_task_group.py
[2022-11-08T20:28:35.485+0900] {processor.py:768} INFO - DAG(s) dict_keys(['example_task_group']) retrieved from /home/steve/.local/lib/python3.8/site-packages/airflow/example_dags/example_task_group.py
[2022-11-08T20:28:35.514+0900] {logging_mixin.py:117} INFO - [2022-11-08T20:28:35.514+0900] {dag.py:2573} INFO - Sync 1 DAGs
[2022-11-08T20:28:35.535+0900] {logging_mixin.py:117} INFO - [2022-11-08T20:28:35.534+0900] {dag.py:3324} INFO - Setting next_dagrun for example_task_group to 2022-11-07T11:28:35.534566+00:00, run_after=2022-11-08T11:28:35.534566+00:00
[2022-11-08T20:28:35.576+0900] {processor.py:178} INFO - Processing /home/steve/.local/lib/python3.8/site-packages/airflow/example_dags/example_task_group.py took 0.107 seconds
[2022-11-08T20:29:11.736+0900] {processor.py:156} INFO - Started process (PID=10188) to work on /home/steve/.local/lib/python3.8/site-packages/airflow/example_dags/example_task_group.py
[2022-11-08T20:29:11.737+0900] {processor.py:758} INFO - Processing file /home/steve/.local/lib/python3.8/site-packages/airflow/example_dags/example_task_group.py for tasks to queue
[2022-11-08T20:29:11.737+0900] {logging_mixin.py:117} INFO - [2022-11-08T20:29:11.737+0900] {dagbag.py:525} INFO - Filling up the DagBag from /home/steve/.local/lib/python3.8/site-packages/airflow/example_dags/example_task_group.py
[2022-11-08T20:29:11.746+0900] {processor.py:768} INFO - DAG(s) dict_keys(['example_task_group']) retrieved from /home/steve/.local/lib/python3.8/site-packages/airflow/example_dags/example_task_group.py
[2022-11-08T20:29:11.761+0900] {logging_mixin.py:117} INFO - [2022-11-08T20:29:11.761+0900] {dag.py:2573} INFO - Sync 1 DAGs
[2022-11-08T20:29:11.771+0900] {logging_mixin.py:117} INFO - [2022-11-08T20:29:11.771+0900] {dag.py:3324} INFO - Setting next_dagrun for example_task_group to 2022-11-07T11:29:11.771396+00:00, run_after=2022-11-08T11:29:11.771396+00:00
[2022-11-08T20:29:11.788+0900] {processor.py:178} INFO - Processing /home/steve/.local/lib/python3.8/site-packages/airflow/example_dags/example_task_group.py took 0.053 seconds
[2022-11-08T20:29:45.221+0900] {processor.py:156} INFO - Started process (PID=10327) to work on /home/steve/.local/lib/python3.8/site-packages/airflow/example_dags/example_task_group.py
[2022-11-08T20:29:45.224+0900] {processor.py:758} INFO - Processing file /home/steve/.local/lib/python3.8/site-packages/airflow/example_dags/example_task_group.py for tasks to queue
[2022-11-08T20:29:45.224+0900] {logging_mixin.py:117} INFO - [2022-11-08T20:29:45.224+0900] {dagbag.py:525} INFO - Filling up the DagBag from /home/steve/.local/lib/python3.8/site-packages/airflow/example_dags/example_task_group.py
[2022-11-08T20:29:45.232+0900] {processor.py:768} INFO - DAG(s) dict_keys(['example_task_group']) retrieved from /home/steve/.local/lib/python3.8/site-packages/airflow/example_dags/example_task_group.py
[2022-11-08T20:29:45.249+0900] {logging_mixin.py:117} INFO - [2022-11-08T20:29:45.248+0900] {dag.py:2573} INFO - Sync 1 DAGs
[2022-11-08T20:29:45.259+0900] {logging_mixin.py:117} INFO - [2022-11-08T20:29:45.259+0900] {dag.py:3324} INFO - Setting next_dagrun for example_task_group to 2022-11-07T11:29:45.258974+00:00, run_after=2022-11-08T11:29:45.258974+00:00
[2022-11-08T20:29:45.341+0900] {processor.py:178} INFO - Processing /home/steve/.local/lib/python3.8/site-packages/airflow/example_dags/example_task_group.py took 0.122 seconds
[2022-11-08T20:30:23.329+0900] {processor.py:156} INFO - Started process (PID=10453) to work on /home/steve/.local/lib/python3.8/site-packages/airflow/example_dags/example_task_group.py
[2022-11-08T20:30:23.330+0900] {processor.py:758} INFO - Processing file /home/steve/.local/lib/python3.8/site-packages/airflow/example_dags/example_task_group.py for tasks to queue
[2022-11-08T20:30:23.330+0900] {logging_mixin.py:117} INFO - [2022-11-08T20:30:23.330+0900] {dagbag.py:525} INFO - Filling up the DagBag from /home/steve/.local/lib/python3.8/site-packages/airflow/example_dags/example_task_group.py
[2022-11-08T20:30:23.341+0900] {processor.py:768} INFO - DAG(s) dict_keys(['example_task_group']) retrieved from /home/steve/.local/lib/python3.8/site-packages/airflow/example_dags/example_task_group.py
[2022-11-08T20:30:23.359+0900] {logging_mixin.py:117} INFO - [2022-11-08T20:30:23.359+0900] {dag.py:2573} INFO - Sync 1 DAGs
[2022-11-08T20:30:23.458+0900] {logging_mixin.py:117} INFO - [2022-11-08T20:30:23.457+0900] {dag.py:3324} INFO - Setting next_dagrun for example_task_group to 2022-11-07T11:30:23.457763+00:00, run_after=2022-11-08T11:30:23.457763+00:00
[2022-11-08T20:30:23.474+0900] {processor.py:178} INFO - Processing /home/steve/.local/lib/python3.8/site-packages/airflow/example_dags/example_task_group.py took 0.147 seconds
[2022-11-08T20:31:00.409+0900] {processor.py:156} INFO - Started process (PID=10639) to work on /home/steve/.local/lib/python3.8/site-packages/airflow/example_dags/example_task_group.py
[2022-11-08T20:31:00.410+0900] {processor.py:758} INFO - Processing file /home/steve/.local/lib/python3.8/site-packages/airflow/example_dags/example_task_group.py for tasks to queue
[2022-11-08T20:31:00.410+0900] {logging_mixin.py:117} INFO - [2022-11-08T20:31:00.410+0900] {dagbag.py:525} INFO - Filling up the DagBag from /home/steve/.local/lib/python3.8/site-packages/airflow/example_dags/example_task_group.py
[2022-11-08T20:31:00.421+0900] {processor.py:768} INFO - DAG(s) dict_keys(['example_task_group']) retrieved from /home/steve/.local/lib/python3.8/site-packages/airflow/example_dags/example_task_group.py
[2022-11-08T20:31:00.442+0900] {logging_mixin.py:117} INFO - [2022-11-08T20:31:00.442+0900] {dag.py:2573} INFO - Sync 1 DAGs
[2022-11-08T20:31:00.541+0900] {logging_mixin.py:117} INFO - [2022-11-08T20:31:00.541+0900] {dag.py:3324} INFO - Setting next_dagrun for example_task_group to 2022-11-07T11:31:00.541005+00:00, run_after=2022-11-08T11:31:00.541005+00:00
[2022-11-08T20:31:00.558+0900] {processor.py:178} INFO - Processing /home/steve/.local/lib/python3.8/site-packages/airflow/example_dags/example_task_group.py took 0.151 seconds
[2022-11-08T20:31:35.066+0900] {processor.py:156} INFO - Started process (PID=10726) to work on /home/steve/.local/lib/python3.8/site-packages/airflow/example_dags/example_task_group.py
[2022-11-08T20:31:35.069+0900] {processor.py:758} INFO - Processing file /home/steve/.local/lib/python3.8/site-packages/airflow/example_dags/example_task_group.py for tasks to queue
[2022-11-08T20:31:35.069+0900] {logging_mixin.py:117} INFO - [2022-11-08T20:31:35.069+0900] {dagbag.py:525} INFO - Filling up the DagBag from /home/steve/.local/lib/python3.8/site-packages/airflow/example_dags/example_task_group.py
[2022-11-08T20:31:35.078+0900] {processor.py:768} INFO - DAG(s) dict_keys(['example_task_group']) retrieved from /home/steve/.local/lib/python3.8/site-packages/airflow/example_dags/example_task_group.py
[2022-11-08T20:31:35.094+0900] {logging_mixin.py:117} INFO - [2022-11-08T20:31:35.094+0900] {dag.py:2573} INFO - Sync 1 DAGs
[2022-11-08T20:31:35.179+0900] {logging_mixin.py:117} INFO - [2022-11-08T20:31:35.179+0900] {dag.py:3324} INFO - Setting next_dagrun for example_task_group to 2022-11-07T11:31:35.179438+00:00, run_after=2022-11-08T11:31:35.179438+00:00
[2022-11-08T20:31:35.194+0900] {processor.py:178} INFO - Processing /home/steve/.local/lib/python3.8/site-packages/airflow/example_dags/example_task_group.py took 0.130 seconds
[2022-11-08T20:32:05.352+0900] {processor.py:156} INFO - Started process (PID=10782) to work on /home/steve/.local/lib/python3.8/site-packages/airflow/example_dags/example_task_group.py
[2022-11-08T20:32:05.353+0900] {processor.py:758} INFO - Processing file /home/steve/.local/lib/python3.8/site-packages/airflow/example_dags/example_task_group.py for tasks to queue
[2022-11-08T20:32:05.353+0900] {logging_mixin.py:117} INFO - [2022-11-08T20:32:05.353+0900] {dagbag.py:525} INFO - Filling up the DagBag from /home/steve/.local/lib/python3.8/site-packages/airflow/example_dags/example_task_group.py
[2022-11-08T20:32:05.363+0900] {processor.py:768} INFO - DAG(s) dict_keys(['example_task_group']) retrieved from /home/steve/.local/lib/python3.8/site-packages/airflow/example_dags/example_task_group.py
[2022-11-08T20:32:05.450+0900] {logging_mixin.py:117} INFO - [2022-11-08T20:32:05.450+0900] {dag.py:2573} INFO - Sync 1 DAGs
[2022-11-08T20:32:05.459+0900] {logging_mixin.py:117} INFO - [2022-11-08T20:32:05.459+0900] {dag.py:3324} INFO - Setting next_dagrun for example_task_group to 2022-11-07T11:32:05.458951+00:00, run_after=2022-11-08T11:32:05.458951+00:00
[2022-11-08T20:32:05.478+0900] {processor.py:178} INFO - Processing /home/steve/.local/lib/python3.8/site-packages/airflow/example_dags/example_task_group.py took 0.127 seconds
[2022-11-08T20:32:37.743+0900] {processor.py:156} INFO - Started process (PID=10955) to work on /home/steve/.local/lib/python3.8/site-packages/airflow/example_dags/example_task_group.py
[2022-11-08T20:32:37.746+0900] {processor.py:758} INFO - Processing file /home/steve/.local/lib/python3.8/site-packages/airflow/example_dags/example_task_group.py for tasks to queue
[2022-11-08T20:32:37.746+0900] {logging_mixin.py:117} INFO - [2022-11-08T20:32:37.746+0900] {dagbag.py:525} INFO - Filling up the DagBag from /home/steve/.local/lib/python3.8/site-packages/airflow/example_dags/example_task_group.py
[2022-11-08T20:32:37.755+0900] {processor.py:768} INFO - DAG(s) dict_keys(['example_task_group']) retrieved from /home/steve/.local/lib/python3.8/site-packages/airflow/example_dags/example_task_group.py
[2022-11-08T20:32:37.859+0900] {logging_mixin.py:117} INFO - [2022-11-08T20:32:37.859+0900] {dag.py:2573} INFO - Sync 1 DAGs
[2022-11-08T20:32:37.868+0900] {logging_mixin.py:117} INFO - [2022-11-08T20:32:37.868+0900] {dag.py:3324} INFO - Setting next_dagrun for example_task_group to 2022-11-07T11:32:37.868297+00:00, run_after=2022-11-08T11:32:37.868297+00:00
[2022-11-08T20:32:37.885+0900] {processor.py:178} INFO - Processing /home/steve/.local/lib/python3.8/site-packages/airflow/example_dags/example_task_group.py took 0.144 seconds
[2022-11-08T20:33:15.366+0900] {processor.py:156} INFO - Started process (PID=11003) to work on /home/steve/.local/lib/python3.8/site-packages/airflow/example_dags/example_task_group.py
[2022-11-08T20:33:15.367+0900] {processor.py:758} INFO - Processing file /home/steve/.local/lib/python3.8/site-packages/airflow/example_dags/example_task_group.py for tasks to queue
[2022-11-08T20:33:15.368+0900] {logging_mixin.py:117} INFO - [2022-11-08T20:33:15.368+0900] {dagbag.py:525} INFO - Filling up the DagBag from /home/steve/.local/lib/python3.8/site-packages/airflow/example_dags/example_task_group.py
[2022-11-08T20:33:15.441+0900] {processor.py:768} INFO - DAG(s) dict_keys(['example_task_group']) retrieved from /home/steve/.local/lib/python3.8/site-packages/airflow/example_dags/example_task_group.py
[2022-11-08T20:33:15.454+0900] {logging_mixin.py:117} INFO - [2022-11-08T20:33:15.454+0900] {dag.py:2573} INFO - Sync 1 DAGs
[2022-11-08T20:33:15.462+0900] {logging_mixin.py:117} INFO - [2022-11-08T20:33:15.462+0900] {dag.py:3324} INFO - Setting next_dagrun for example_task_group to 2022-11-07T11:33:15.462337+00:00, run_after=2022-11-08T11:33:15.462337+00:00
[2022-11-08T20:33:15.478+0900] {processor.py:178} INFO - Processing /home/steve/.local/lib/python3.8/site-packages/airflow/example_dags/example_task_group.py took 0.113 seconds
[2022-11-08T20:33:49.130+0900] {processor.py:156} INFO - Started process (PID=11034) to work on /home/steve/.local/lib/python3.8/site-packages/airflow/example_dags/example_task_group.py
[2022-11-08T20:33:49.133+0900] {processor.py:758} INFO - Processing file /home/steve/.local/lib/python3.8/site-packages/airflow/example_dags/example_task_group.py for tasks to queue
[2022-11-08T20:33:49.133+0900] {logging_mixin.py:117} INFO - [2022-11-08T20:33:49.133+0900] {dagbag.py:525} INFO - Filling up the DagBag from /home/steve/.local/lib/python3.8/site-packages/airflow/example_dags/example_task_group.py
[2022-11-08T20:33:49.216+0900] {processor.py:768} INFO - DAG(s) dict_keys(['example_task_group']) retrieved from /home/steve/.local/lib/python3.8/site-packages/airflow/example_dags/example_task_group.py
[2022-11-08T20:33:49.230+0900] {logging_mixin.py:117} INFO - [2022-11-08T20:33:49.229+0900] {dag.py:2573} INFO - Sync 1 DAGs
[2022-11-08T20:33:49.240+0900] {logging_mixin.py:117} INFO - [2022-11-08T20:33:49.239+0900] {dag.py:3324} INFO - Setting next_dagrun for example_task_group to 2022-11-07T11:33:49.239818+00:00, run_after=2022-11-08T11:33:49.239818+00:00
[2022-11-08T20:33:49.256+0900] {processor.py:178} INFO - Processing /home/steve/.local/lib/python3.8/site-packages/airflow/example_dags/example_task_group.py took 0.127 seconds
[2022-11-08T20:34:23.749+0900] {processor.py:156} INFO - Started process (PID=11069) to work on /home/steve/.local/lib/python3.8/site-packages/airflow/example_dags/example_task_group.py
[2022-11-08T20:34:23.751+0900] {processor.py:758} INFO - Processing file /home/steve/.local/lib/python3.8/site-packages/airflow/example_dags/example_task_group.py for tasks to queue
[2022-11-08T20:34:23.752+0900] {logging_mixin.py:117} INFO - [2022-11-08T20:34:23.752+0900] {dagbag.py:525} INFO - Filling up the DagBag from /home/steve/.local/lib/python3.8/site-packages/airflow/example_dags/example_task_group.py
[2022-11-08T20:34:23.760+0900] {processor.py:768} INFO - DAG(s) dict_keys(['example_task_group']) retrieved from /home/steve/.local/lib/python3.8/site-packages/airflow/example_dags/example_task_group.py
[2022-11-08T20:34:23.775+0900] {logging_mixin.py:117} INFO - [2022-11-08T20:34:23.775+0900] {dag.py:2573} INFO - Sync 1 DAGs
[2022-11-08T20:34:23.785+0900] {logging_mixin.py:117} INFO - [2022-11-08T20:34:23.785+0900] {dag.py:3324} INFO - Setting next_dagrun for example_task_group to 2022-11-07T11:34:23.785204+00:00, run_after=2022-11-08T11:34:23.785204+00:00
[2022-11-08T20:34:23.801+0900] {processor.py:178} INFO - Processing /home/steve/.local/lib/python3.8/site-packages/airflow/example_dags/example_task_group.py took 0.053 seconds
[2022-11-08T20:34:57.359+0900] {processor.py:156} INFO - Started process (PID=11104) to work on /home/steve/.local/lib/python3.8/site-packages/airflow/example_dags/example_task_group.py
[2022-11-08T20:34:57.360+0900] {processor.py:758} INFO - Processing file /home/steve/.local/lib/python3.8/site-packages/airflow/example_dags/example_task_group.py for tasks to queue
[2022-11-08T20:34:57.360+0900] {logging_mixin.py:117} INFO - [2022-11-08T20:34:57.360+0900] {dagbag.py:525} INFO - Filling up the DagBag from /home/steve/.local/lib/python3.8/site-packages/airflow/example_dags/example_task_group.py
[2022-11-08T20:34:57.368+0900] {processor.py:768} INFO - DAG(s) dict_keys(['example_task_group']) retrieved from /home/steve/.local/lib/python3.8/site-packages/airflow/example_dags/example_task_group.py
[2022-11-08T20:34:57.384+0900] {logging_mixin.py:117} INFO - [2022-11-08T20:34:57.384+0900] {dag.py:2573} INFO - Sync 1 DAGs
[2022-11-08T20:34:57.394+0900] {logging_mixin.py:117} INFO - [2022-11-08T20:34:57.393+0900] {dag.py:3324} INFO - Setting next_dagrun for example_task_group to 2022-11-07T11:34:57.393832+00:00, run_after=2022-11-08T11:34:57.393832+00:00
[2022-11-08T20:34:57.409+0900] {processor.py:178} INFO - Processing /home/steve/.local/lib/python3.8/site-packages/airflow/example_dags/example_task_group.py took 0.052 seconds
[2022-11-08T20:35:32.185+0900] {processor.py:156} INFO - Started process (PID=11140) to work on /home/steve/.local/lib/python3.8/site-packages/airflow/example_dags/example_task_group.py
[2022-11-08T20:35:32.187+0900] {processor.py:758} INFO - Processing file /home/steve/.local/lib/python3.8/site-packages/airflow/example_dags/example_task_group.py for tasks to queue
[2022-11-08T20:35:32.188+0900] {logging_mixin.py:117} INFO - [2022-11-08T20:35:32.188+0900] {dagbag.py:525} INFO - Filling up the DagBag from /home/steve/.local/lib/python3.8/site-packages/airflow/example_dags/example_task_group.py
[2022-11-08T20:35:32.196+0900] {processor.py:768} INFO - DAG(s) dict_keys(['example_task_group']) retrieved from /home/steve/.local/lib/python3.8/site-packages/airflow/example_dags/example_task_group.py
[2022-11-08T20:35:32.212+0900] {logging_mixin.py:117} INFO - [2022-11-08T20:35:32.212+0900] {dag.py:2573} INFO - Sync 1 DAGs
[2022-11-08T20:35:32.223+0900] {logging_mixin.py:117} INFO - [2022-11-08T20:35:32.222+0900] {dag.py:3324} INFO - Setting next_dagrun for example_task_group to 2022-11-07T11:35:32.222813+00:00, run_after=2022-11-08T11:35:32.222813+00:00
[2022-11-08T20:35:32.239+0900] {processor.py:178} INFO - Processing /home/steve/.local/lib/python3.8/site-packages/airflow/example_dags/example_task_group.py took 0.055 seconds
[2022-11-08T20:36:06.590+0900] {processor.py:156} INFO - Started process (PID=11175) to work on /home/steve/.local/lib/python3.8/site-packages/airflow/example_dags/example_task_group.py
[2022-11-08T20:36:06.592+0900] {processor.py:758} INFO - Processing file /home/steve/.local/lib/python3.8/site-packages/airflow/example_dags/example_task_group.py for tasks to queue
[2022-11-08T20:36:06.592+0900] {logging_mixin.py:117} INFO - [2022-11-08T20:36:06.592+0900] {dagbag.py:525} INFO - Filling up the DagBag from /home/steve/.local/lib/python3.8/site-packages/airflow/example_dags/example_task_group.py
[2022-11-08T20:36:06.600+0900] {processor.py:768} INFO - DAG(s) dict_keys(['example_task_group']) retrieved from /home/steve/.local/lib/python3.8/site-packages/airflow/example_dags/example_task_group.py
[2022-11-08T20:36:06.615+0900] {logging_mixin.py:117} INFO - [2022-11-08T20:36:06.615+0900] {dag.py:2573} INFO - Sync 1 DAGs
[2022-11-08T20:36:06.625+0900] {logging_mixin.py:117} INFO - [2022-11-08T20:36:06.625+0900] {dag.py:3324} INFO - Setting next_dagrun for example_task_group to 2022-11-07T11:36:06.624948+00:00, run_after=2022-11-08T11:36:06.624948+00:00
[2022-11-08T20:36:06.641+0900] {processor.py:178} INFO - Processing /home/steve/.local/lib/python3.8/site-packages/airflow/example_dags/example_task_group.py took 0.053 seconds
[2022-11-08T20:36:39.054+0900] {processor.py:156} INFO - Started process (PID=11210) to work on /home/steve/.local/lib/python3.8/site-packages/airflow/example_dags/example_task_group.py
[2022-11-08T20:36:39.056+0900] {processor.py:758} INFO - Processing file /home/steve/.local/lib/python3.8/site-packages/airflow/example_dags/example_task_group.py for tasks to queue
[2022-11-08T20:36:39.057+0900] {logging_mixin.py:117} INFO - [2022-11-08T20:36:39.057+0900] {dagbag.py:525} INFO - Filling up the DagBag from /home/steve/.local/lib/python3.8/site-packages/airflow/example_dags/example_task_group.py
[2022-11-08T20:36:39.065+0900] {processor.py:768} INFO - DAG(s) dict_keys(['example_task_group']) retrieved from /home/steve/.local/lib/python3.8/site-packages/airflow/example_dags/example_task_group.py
[2022-11-08T20:36:39.080+0900] {logging_mixin.py:117} INFO - [2022-11-08T20:36:39.080+0900] {dag.py:2573} INFO - Sync 1 DAGs
[2022-11-08T20:36:39.091+0900] {logging_mixin.py:117} INFO - [2022-11-08T20:36:39.091+0900] {dag.py:3324} INFO - Setting next_dagrun for example_task_group to 2022-11-07T11:36:39.090908+00:00, run_after=2022-11-08T11:36:39.090908+00:00
[2022-11-08T20:36:39.107+0900] {processor.py:178} INFO - Processing /home/steve/.local/lib/python3.8/site-packages/airflow/example_dags/example_task_group.py took 0.054 seconds
[2022-11-08T20:37:09.965+0900] {processor.py:156} INFO - Started process (PID=11269) to work on /home/steve/.local/lib/python3.8/site-packages/airflow/example_dags/example_task_group.py
[2022-11-08T20:37:09.966+0900] {processor.py:758} INFO - Processing file /home/steve/.local/lib/python3.8/site-packages/airflow/example_dags/example_task_group.py for tasks to queue
[2022-11-08T20:37:09.966+0900] {logging_mixin.py:117} INFO - [2022-11-08T20:37:09.966+0900] {dagbag.py:525} INFO - Filling up the DagBag from /home/steve/.local/lib/python3.8/site-packages/airflow/example_dags/example_task_group.py
[2022-11-08T20:37:09.974+0900] {processor.py:768} INFO - DAG(s) dict_keys(['example_task_group']) retrieved from /home/steve/.local/lib/python3.8/site-packages/airflow/example_dags/example_task_group.py
[2022-11-08T20:37:09.989+0900] {logging_mixin.py:117} INFO - [2022-11-08T20:37:09.989+0900] {dag.py:2573} INFO - Sync 1 DAGs
[2022-11-08T20:37:09.998+0900] {logging_mixin.py:117} INFO - [2022-11-08T20:37:09.998+0900] {dag.py:3324} INFO - Setting next_dagrun for example_task_group to 2022-11-07T11:37:09.998210+00:00, run_after=2022-11-08T11:37:09.998210+00:00
[2022-11-08T20:37:10.014+0900] {processor.py:178} INFO - Processing /home/steve/.local/lib/python3.8/site-packages/airflow/example_dags/example_task_group.py took 0.050 seconds
[2022-11-08T20:37:42.022+0900] {processor.py:156} INFO - Started process (PID=11304) to work on /home/steve/.local/lib/python3.8/site-packages/airflow/example_dags/example_task_group.py
[2022-11-08T20:37:42.024+0900] {processor.py:758} INFO - Processing file /home/steve/.local/lib/python3.8/site-packages/airflow/example_dags/example_task_group.py for tasks to queue
[2022-11-08T20:37:42.024+0900] {logging_mixin.py:117} INFO - [2022-11-08T20:37:42.024+0900] {dagbag.py:525} INFO - Filling up the DagBag from /home/steve/.local/lib/python3.8/site-packages/airflow/example_dags/example_task_group.py
[2022-11-08T20:37:42.032+0900] {processor.py:768} INFO - DAG(s) dict_keys(['example_task_group']) retrieved from /home/steve/.local/lib/python3.8/site-packages/airflow/example_dags/example_task_group.py
[2022-11-08T20:37:42.047+0900] {logging_mixin.py:117} INFO - [2022-11-08T20:37:42.047+0900] {dag.py:2573} INFO - Sync 1 DAGs
[2022-11-08T20:37:42.057+0900] {logging_mixin.py:117} INFO - [2022-11-08T20:37:42.057+0900] {dag.py:3324} INFO - Setting next_dagrun for example_task_group to 2022-11-07T11:37:42.057254+00:00, run_after=2022-11-08T11:37:42.057254+00:00
[2022-11-08T20:37:42.074+0900] {processor.py:178} INFO - Processing /home/steve/.local/lib/python3.8/site-packages/airflow/example_dags/example_task_group.py took 0.054 seconds
[2022-11-08T20:38:14.760+0900] {processor.py:156} INFO - Started process (PID=11340) to work on /home/steve/.local/lib/python3.8/site-packages/airflow/example_dags/example_task_group.py
[2022-11-08T20:38:14.762+0900] {processor.py:758} INFO - Processing file /home/steve/.local/lib/python3.8/site-packages/airflow/example_dags/example_task_group.py for tasks to queue
[2022-11-08T20:38:14.762+0900] {logging_mixin.py:117} INFO - [2022-11-08T20:38:14.762+0900] {dagbag.py:525} INFO - Filling up the DagBag from /home/steve/.local/lib/python3.8/site-packages/airflow/example_dags/example_task_group.py
[2022-11-08T20:38:14.771+0900] {processor.py:768} INFO - DAG(s) dict_keys(['example_task_group']) retrieved from /home/steve/.local/lib/python3.8/site-packages/airflow/example_dags/example_task_group.py
[2022-11-08T20:38:14.787+0900] {logging_mixin.py:117} INFO - [2022-11-08T20:38:14.787+0900] {dag.py:2573} INFO - Sync 1 DAGs
[2022-11-08T20:38:14.797+0900] {logging_mixin.py:117} INFO - [2022-11-08T20:38:14.797+0900] {dag.py:3324} INFO - Setting next_dagrun for example_task_group to 2022-11-07T11:38:14.797259+00:00, run_after=2022-11-08T11:38:14.797259+00:00
[2022-11-08T20:38:14.813+0900] {processor.py:178} INFO - Processing /home/steve/.local/lib/python3.8/site-packages/airflow/example_dags/example_task_group.py took 0.054 seconds
[2022-11-08T20:38:48.892+0900] {processor.py:156} INFO - Started process (PID=11375) to work on /home/steve/.local/lib/python3.8/site-packages/airflow/example_dags/example_task_group.py
[2022-11-08T20:38:48.893+0900] {processor.py:758} INFO - Processing file /home/steve/.local/lib/python3.8/site-packages/airflow/example_dags/example_task_group.py for tasks to queue
[2022-11-08T20:38:48.894+0900] {logging_mixin.py:117} INFO - [2022-11-08T20:38:48.893+0900] {dagbag.py:525} INFO - Filling up the DagBag from /home/steve/.local/lib/python3.8/site-packages/airflow/example_dags/example_task_group.py
[2022-11-08T20:38:48.902+0900] {processor.py:768} INFO - DAG(s) dict_keys(['example_task_group']) retrieved from /home/steve/.local/lib/python3.8/site-packages/airflow/example_dags/example_task_group.py
[2022-11-08T20:38:48.918+0900] {logging_mixin.py:117} INFO - [2022-11-08T20:38:48.918+0900] {dag.py:2573} INFO - Sync 1 DAGs
[2022-11-08T20:38:48.927+0900] {logging_mixin.py:117} INFO - [2022-11-08T20:38:48.927+0900] {dag.py:3324} INFO - Setting next_dagrun for example_task_group to 2022-11-07T11:38:48.927798+00:00, run_after=2022-11-08T11:38:48.927798+00:00
[2022-11-08T20:38:48.946+0900] {processor.py:178} INFO - Processing /home/steve/.local/lib/python3.8/site-packages/airflow/example_dags/example_task_group.py took 0.055 seconds
[2022-11-08T20:39:23.266+0900] {processor.py:156} INFO - Started process (PID=11411) to work on /home/steve/.local/lib/python3.8/site-packages/airflow/example_dags/example_task_group.py
[2022-11-08T20:39:23.266+0900] {processor.py:758} INFO - Processing file /home/steve/.local/lib/python3.8/site-packages/airflow/example_dags/example_task_group.py for tasks to queue
[2022-11-08T20:39:23.266+0900] {logging_mixin.py:117} INFO - [2022-11-08T20:39:23.266+0900] {dagbag.py:525} INFO - Filling up the DagBag from /home/steve/.local/lib/python3.8/site-packages/airflow/example_dags/example_task_group.py
[2022-11-08T20:39:23.274+0900] {processor.py:768} INFO - DAG(s) dict_keys(['example_task_group']) retrieved from /home/steve/.local/lib/python3.8/site-packages/airflow/example_dags/example_task_group.py
[2022-11-08T20:39:23.290+0900] {logging_mixin.py:117} INFO - [2022-11-08T20:39:23.290+0900] {dag.py:2573} INFO - Sync 1 DAGs
[2022-11-08T20:39:23.299+0900] {logging_mixin.py:117} INFO - [2022-11-08T20:39:23.299+0900] {dag.py:3324} INFO - Setting next_dagrun for example_task_group to 2022-11-07T11:39:23.299601+00:00, run_after=2022-11-08T11:39:23.299601+00:00
[2022-11-08T20:39:23.315+0900] {processor.py:178} INFO - Processing /home/steve/.local/lib/python3.8/site-packages/airflow/example_dags/example_task_group.py took 0.051 seconds
[2022-11-08T20:39:54.605+0900] {processor.py:156} INFO - Started process (PID=11442) to work on /home/steve/.local/lib/python3.8/site-packages/airflow/example_dags/example_task_group.py
[2022-11-08T20:39:54.608+0900] {processor.py:758} INFO - Processing file /home/steve/.local/lib/python3.8/site-packages/airflow/example_dags/example_task_group.py for tasks to queue
[2022-11-08T20:39:54.608+0900] {logging_mixin.py:117} INFO - [2022-11-08T20:39:54.608+0900] {dagbag.py:525} INFO - Filling up the DagBag from /home/steve/.local/lib/python3.8/site-packages/airflow/example_dags/example_task_group.py
[2022-11-08T20:39:54.617+0900] {processor.py:768} INFO - DAG(s) dict_keys(['example_task_group']) retrieved from /home/steve/.local/lib/python3.8/site-packages/airflow/example_dags/example_task_group.py
[2022-11-08T20:39:54.636+0900] {logging_mixin.py:117} INFO - [2022-11-08T20:39:54.636+0900] {dag.py:2573} INFO - Sync 1 DAGs
[2022-11-08T20:39:54.649+0900] {logging_mixin.py:117} INFO - [2022-11-08T20:39:54.649+0900] {dag.py:3324} INFO - Setting next_dagrun for example_task_group to 2022-11-07T11:39:54.649038+00:00, run_after=2022-11-08T11:39:54.649038+00:00
[2022-11-08T20:39:54.666+0900] {processor.py:178} INFO - Processing /home/steve/.local/lib/python3.8/site-packages/airflow/example_dags/example_task_group.py took 0.063 seconds
[2022-11-08T20:40:27.777+0900] {processor.py:156} INFO - Started process (PID=11476) to work on /home/steve/.local/lib/python3.8/site-packages/airflow/example_dags/example_task_group.py
[2022-11-08T20:40:27.779+0900] {processor.py:758} INFO - Processing file /home/steve/.local/lib/python3.8/site-packages/airflow/example_dags/example_task_group.py for tasks to queue
[2022-11-08T20:40:27.779+0900] {logging_mixin.py:117} INFO - [2022-11-08T20:40:27.779+0900] {dagbag.py:525} INFO - Filling up the DagBag from /home/steve/.local/lib/python3.8/site-packages/airflow/example_dags/example_task_group.py
[2022-11-08T20:40:27.787+0900] {processor.py:768} INFO - DAG(s) dict_keys(['example_task_group']) retrieved from /home/steve/.local/lib/python3.8/site-packages/airflow/example_dags/example_task_group.py
[2022-11-08T20:40:27.802+0900] {logging_mixin.py:117} INFO - [2022-11-08T20:40:27.802+0900] {dag.py:2573} INFO - Sync 1 DAGs
[2022-11-08T20:40:27.812+0900] {logging_mixin.py:117} INFO - [2022-11-08T20:40:27.812+0900] {dag.py:3324} INFO - Setting next_dagrun for example_task_group to 2022-11-07T11:40:27.812011+00:00, run_after=2022-11-08T11:40:27.812011+00:00
[2022-11-08T20:40:27.828+0900] {processor.py:178} INFO - Processing /home/steve/.local/lib/python3.8/site-packages/airflow/example_dags/example_task_group.py took 0.053 seconds
[2022-11-08T20:41:00.129+0900] {processor.py:156} INFO - Started process (PID=11511) to work on /home/steve/.local/lib/python3.8/site-packages/airflow/example_dags/example_task_group.py
[2022-11-08T20:41:00.131+0900] {processor.py:758} INFO - Processing file /home/steve/.local/lib/python3.8/site-packages/airflow/example_dags/example_task_group.py for tasks to queue
[2022-11-08T20:41:00.131+0900] {logging_mixin.py:117} INFO - [2022-11-08T20:41:00.131+0900] {dagbag.py:525} INFO - Filling up the DagBag from /home/steve/.local/lib/python3.8/site-packages/airflow/example_dags/example_task_group.py
[2022-11-08T20:41:00.139+0900] {processor.py:768} INFO - DAG(s) dict_keys(['example_task_group']) retrieved from /home/steve/.local/lib/python3.8/site-packages/airflow/example_dags/example_task_group.py
[2022-11-08T20:41:00.154+0900] {logging_mixin.py:117} INFO - [2022-11-08T20:41:00.154+0900] {dag.py:2573} INFO - Sync 1 DAGs
[2022-11-08T20:41:00.165+0900] {logging_mixin.py:117} INFO - [2022-11-08T20:41:00.164+0900] {dag.py:3324} INFO - Setting next_dagrun for example_task_group to 2022-11-07T11:41:00.164858+00:00, run_after=2022-11-08T11:41:00.164858+00:00
[2022-11-08T20:41:00.180+0900] {processor.py:178} INFO - Processing /home/steve/.local/lib/python3.8/site-packages/airflow/example_dags/example_task_group.py took 0.053 seconds
[2022-11-08T20:41:32.076+0900] {processor.py:156} INFO - Started process (PID=11543) to work on /home/steve/.local/lib/python3.8/site-packages/airflow/example_dags/example_task_group.py
[2022-11-08T20:41:32.077+0900] {processor.py:758} INFO - Processing file /home/steve/.local/lib/python3.8/site-packages/airflow/example_dags/example_task_group.py for tasks to queue
[2022-11-08T20:41:32.078+0900] {logging_mixin.py:117} INFO - [2022-11-08T20:41:32.078+0900] {dagbag.py:525} INFO - Filling up the DagBag from /home/steve/.local/lib/python3.8/site-packages/airflow/example_dags/example_task_group.py
[2022-11-08T20:41:32.086+0900] {processor.py:768} INFO - DAG(s) dict_keys(['example_task_group']) retrieved from /home/steve/.local/lib/python3.8/site-packages/airflow/example_dags/example_task_group.py
[2022-11-08T20:41:32.101+0900] {logging_mixin.py:117} INFO - [2022-11-08T20:41:32.101+0900] {dag.py:2573} INFO - Sync 1 DAGs
[2022-11-08T20:41:32.111+0900] {logging_mixin.py:117} INFO - [2022-11-08T20:41:32.111+0900] {dag.py:3324} INFO - Setting next_dagrun for example_task_group to 2022-11-07T11:41:32.111349+00:00, run_after=2022-11-08T11:41:32.111349+00:00
[2022-11-08T20:41:32.128+0900] {processor.py:178} INFO - Processing /home/steve/.local/lib/python3.8/site-packages/airflow/example_dags/example_task_group.py took 0.054 seconds
[2022-11-08T20:42:05.612+0900] {processor.py:156} INFO - Started process (PID=11607) to work on /home/steve/.local/lib/python3.8/site-packages/airflow/example_dags/example_task_group.py
[2022-11-08T20:42:05.613+0900] {processor.py:758} INFO - Processing file /home/steve/.local/lib/python3.8/site-packages/airflow/example_dags/example_task_group.py for tasks to queue
[2022-11-08T20:42:05.613+0900] {logging_mixin.py:117} INFO - [2022-11-08T20:42:05.613+0900] {dagbag.py:525} INFO - Filling up the DagBag from /home/steve/.local/lib/python3.8/site-packages/airflow/example_dags/example_task_group.py
[2022-11-08T20:42:05.622+0900] {processor.py:768} INFO - DAG(s) dict_keys(['example_task_group']) retrieved from /home/steve/.local/lib/python3.8/site-packages/airflow/example_dags/example_task_group.py
[2022-11-08T20:42:05.639+0900] {logging_mixin.py:117} INFO - [2022-11-08T20:42:05.639+0900] {dag.py:2573} INFO - Sync 1 DAGs
[2022-11-08T20:42:05.650+0900] {logging_mixin.py:117} INFO - [2022-11-08T20:42:05.650+0900] {dag.py:3324} INFO - Setting next_dagrun for example_task_group to 2022-11-07T11:42:05.649968+00:00, run_after=2022-11-08T11:42:05.649968+00:00
[2022-11-08T20:42:05.681+0900] {processor.py:178} INFO - Processing /home/steve/.local/lib/python3.8/site-packages/airflow/example_dags/example_task_group.py took 0.071 seconds
[2022-11-08T20:42:37.189+0900] {processor.py:156} INFO - Started process (PID=11640) to work on /home/steve/.local/lib/python3.8/site-packages/airflow/example_dags/example_task_group.py
[2022-11-08T20:42:37.190+0900] {processor.py:758} INFO - Processing file /home/steve/.local/lib/python3.8/site-packages/airflow/example_dags/example_task_group.py for tasks to queue
[2022-11-08T20:42:37.191+0900] {logging_mixin.py:117} INFO - [2022-11-08T20:42:37.191+0900] {dagbag.py:525} INFO - Filling up the DagBag from /home/steve/.local/lib/python3.8/site-packages/airflow/example_dags/example_task_group.py
[2022-11-08T20:42:37.200+0900] {processor.py:768} INFO - DAG(s) dict_keys(['example_task_group']) retrieved from /home/steve/.local/lib/python3.8/site-packages/airflow/example_dags/example_task_group.py
[2022-11-08T20:42:37.217+0900] {logging_mixin.py:117} INFO - [2022-11-08T20:42:37.217+0900] {dag.py:2573} INFO - Sync 1 DAGs
[2022-11-08T20:42:37.227+0900] {logging_mixin.py:117} INFO - [2022-11-08T20:42:37.227+0900] {dag.py:3324} INFO - Setting next_dagrun for example_task_group to 2022-11-07T11:42:37.227456+00:00, run_after=2022-11-08T11:42:37.227456+00:00
[2022-11-08T20:42:37.244+0900] {processor.py:178} INFO - Processing /home/steve/.local/lib/python3.8/site-packages/airflow/example_dags/example_task_group.py took 0.057 seconds
[2022-11-08T20:43:08.901+0900] {processor.py:156} INFO - Started process (PID=11672) to work on /home/steve/.local/lib/python3.8/site-packages/airflow/example_dags/example_task_group.py
[2022-11-08T20:43:08.903+0900] {processor.py:758} INFO - Processing file /home/steve/.local/lib/python3.8/site-packages/airflow/example_dags/example_task_group.py for tasks to queue
[2022-11-08T20:43:08.903+0900] {logging_mixin.py:117} INFO - [2022-11-08T20:43:08.903+0900] {dagbag.py:525} INFO - Filling up the DagBag from /home/steve/.local/lib/python3.8/site-packages/airflow/example_dags/example_task_group.py
[2022-11-08T20:43:08.911+0900] {processor.py:768} INFO - DAG(s) dict_keys(['example_task_group']) retrieved from /home/steve/.local/lib/python3.8/site-packages/airflow/example_dags/example_task_group.py
[2022-11-08T20:43:08.929+0900] {logging_mixin.py:117} INFO - [2022-11-08T20:43:08.928+0900] {dag.py:2573} INFO - Sync 1 DAGs
[2022-11-08T20:43:08.939+0900] {logging_mixin.py:117} INFO - [2022-11-08T20:43:08.939+0900] {dag.py:3324} INFO - Setting next_dagrun for example_task_group to 2022-11-07T11:43:08.939148+00:00, run_after=2022-11-08T11:43:08.939148+00:00
[2022-11-08T20:43:08.957+0900] {processor.py:178} INFO - Processing /home/steve/.local/lib/python3.8/site-packages/airflow/example_dags/example_task_group.py took 0.058 seconds
[2022-11-08T20:43:40.412+0900] {processor.py:156} INFO - Started process (PID=11704) to work on /home/steve/.local/lib/python3.8/site-packages/airflow/example_dags/example_task_group.py
[2022-11-08T20:43:40.413+0900] {processor.py:758} INFO - Processing file /home/steve/.local/lib/python3.8/site-packages/airflow/example_dags/example_task_group.py for tasks to queue
[2022-11-08T20:43:40.413+0900] {logging_mixin.py:117} INFO - [2022-11-08T20:43:40.413+0900] {dagbag.py:525} INFO - Filling up the DagBag from /home/steve/.local/lib/python3.8/site-packages/airflow/example_dags/example_task_group.py
[2022-11-08T20:43:40.422+0900] {processor.py:768} INFO - DAG(s) dict_keys(['example_task_group']) retrieved from /home/steve/.local/lib/python3.8/site-packages/airflow/example_dags/example_task_group.py
[2022-11-08T20:43:40.439+0900] {logging_mixin.py:117} INFO - [2022-11-08T20:43:40.439+0900] {dag.py:2573} INFO - Sync 1 DAGs
[2022-11-08T20:43:40.449+0900] {logging_mixin.py:117} INFO - [2022-11-08T20:43:40.449+0900] {dag.py:3324} INFO - Setting next_dagrun for example_task_group to 2022-11-07T11:43:40.449284+00:00, run_after=2022-11-08T11:43:40.449284+00:00
[2022-11-08T20:43:40.465+0900] {processor.py:178} INFO - Processing /home/steve/.local/lib/python3.8/site-packages/airflow/example_dags/example_task_group.py took 0.054 seconds
[2022-11-08T20:44:11.325+0900] {processor.py:156} INFO - Started process (PID=11738) to work on /home/steve/.local/lib/python3.8/site-packages/airflow/example_dags/example_task_group.py
[2022-11-08T20:44:11.327+0900] {processor.py:758} INFO - Processing file /home/steve/.local/lib/python3.8/site-packages/airflow/example_dags/example_task_group.py for tasks to queue
[2022-11-08T20:44:11.328+0900] {logging_mixin.py:117} INFO - [2022-11-08T20:44:11.328+0900] {dagbag.py:525} INFO - Filling up the DagBag from /home/steve/.local/lib/python3.8/site-packages/airflow/example_dags/example_task_group.py
[2022-11-08T20:44:11.336+0900] {processor.py:768} INFO - DAG(s) dict_keys(['example_task_group']) retrieved from /home/steve/.local/lib/python3.8/site-packages/airflow/example_dags/example_task_group.py
[2022-11-08T20:44:11.352+0900] {logging_mixin.py:117} INFO - [2022-11-08T20:44:11.352+0900] {dag.py:2573} INFO - Sync 1 DAGs
[2022-11-08T20:44:11.363+0900] {logging_mixin.py:117} INFO - [2022-11-08T20:44:11.363+0900] {dag.py:3324} INFO - Setting next_dagrun for example_task_group to 2022-11-07T11:44:11.363046+00:00, run_after=2022-11-08T11:44:11.363046+00:00
[2022-11-08T20:44:11.380+0900] {processor.py:178} INFO - Processing /home/steve/.local/lib/python3.8/site-packages/airflow/example_dags/example_task_group.py took 0.057 seconds
[2022-11-08T20:44:42.174+0900] {processor.py:156} INFO - Started process (PID=11771) to work on /home/steve/.local/lib/python3.8/site-packages/airflow/example_dags/example_task_group.py
[2022-11-08T20:44:42.175+0900] {processor.py:758} INFO - Processing file /home/steve/.local/lib/python3.8/site-packages/airflow/example_dags/example_task_group.py for tasks to queue
[2022-11-08T20:44:42.175+0900] {logging_mixin.py:117} INFO - [2022-11-08T20:44:42.175+0900] {dagbag.py:525} INFO - Filling up the DagBag from /home/steve/.local/lib/python3.8/site-packages/airflow/example_dags/example_task_group.py
[2022-11-08T20:44:42.184+0900] {processor.py:768} INFO - DAG(s) dict_keys(['example_task_group']) retrieved from /home/steve/.local/lib/python3.8/site-packages/airflow/example_dags/example_task_group.py
[2022-11-08T20:44:42.199+0900] {logging_mixin.py:117} INFO - [2022-11-08T20:44:42.199+0900] {dag.py:2573} INFO - Sync 1 DAGs
[2022-11-08T20:44:42.210+0900] {logging_mixin.py:117} INFO - [2022-11-08T20:44:42.210+0900] {dag.py:3324} INFO - Setting next_dagrun for example_task_group to 2022-11-07T11:44:42.209937+00:00, run_after=2022-11-08T11:44:42.209937+00:00
[2022-11-08T20:44:42.228+0900] {processor.py:178} INFO - Processing /home/steve/.local/lib/python3.8/site-packages/airflow/example_dags/example_task_group.py took 0.056 seconds
[2022-11-08T20:45:15.261+0900] {processor.py:156} INFO - Started process (PID=11804) to work on /home/steve/.local/lib/python3.8/site-packages/airflow/example_dags/example_task_group.py
[2022-11-08T20:45:15.262+0900] {processor.py:758} INFO - Processing file /home/steve/.local/lib/python3.8/site-packages/airflow/example_dags/example_task_group.py for tasks to queue
[2022-11-08T20:45:15.262+0900] {logging_mixin.py:117} INFO - [2022-11-08T20:45:15.262+0900] {dagbag.py:525} INFO - Filling up the DagBag from /home/steve/.local/lib/python3.8/site-packages/airflow/example_dags/example_task_group.py
[2022-11-08T20:45:15.270+0900] {processor.py:768} INFO - DAG(s) dict_keys(['example_task_group']) retrieved from /home/steve/.local/lib/python3.8/site-packages/airflow/example_dags/example_task_group.py
[2022-11-08T20:45:15.286+0900] {logging_mixin.py:117} INFO - [2022-11-08T20:45:15.286+0900] {dag.py:2573} INFO - Sync 1 DAGs
[2022-11-08T20:45:15.296+0900] {logging_mixin.py:117} INFO - [2022-11-08T20:45:15.296+0900] {dag.py:3324} INFO - Setting next_dagrun for example_task_group to 2022-11-07T11:45:15.296523+00:00, run_after=2022-11-08T11:45:15.296523+00:00
[2022-11-08T20:45:15.312+0900] {processor.py:178} INFO - Processing /home/steve/.local/lib/python3.8/site-packages/airflow/example_dags/example_task_group.py took 0.053 seconds
[2022-11-08T20:45:49.043+0900] {processor.py:156} INFO - Started process (PID=11840) to work on /home/steve/.local/lib/python3.8/site-packages/airflow/example_dags/example_task_group.py
[2022-11-08T20:45:49.046+0900] {processor.py:758} INFO - Processing file /home/steve/.local/lib/python3.8/site-packages/airflow/example_dags/example_task_group.py for tasks to queue
[2022-11-08T20:45:49.046+0900] {logging_mixin.py:117} INFO - [2022-11-08T20:45:49.046+0900] {dagbag.py:525} INFO - Filling up the DagBag from /home/steve/.local/lib/python3.8/site-packages/airflow/example_dags/example_task_group.py
[2022-11-08T20:45:49.054+0900] {processor.py:768} INFO - DAG(s) dict_keys(['example_task_group']) retrieved from /home/steve/.local/lib/python3.8/site-packages/airflow/example_dags/example_task_group.py
[2022-11-08T20:45:49.069+0900] {logging_mixin.py:117} INFO - [2022-11-08T20:45:49.069+0900] {dag.py:2573} INFO - Sync 1 DAGs
[2022-11-08T20:45:49.079+0900] {logging_mixin.py:117} INFO - [2022-11-08T20:45:49.079+0900] {dag.py:3324} INFO - Setting next_dagrun for example_task_group to 2022-11-07T11:45:49.078878+00:00, run_after=2022-11-08T11:45:49.078878+00:00
[2022-11-08T20:45:49.094+0900] {processor.py:178} INFO - Processing /home/steve/.local/lib/python3.8/site-packages/airflow/example_dags/example_task_group.py took 0.052 seconds
[2022-11-08T20:46:23.353+0900] {processor.py:156} INFO - Started process (PID=11873) to work on /home/steve/.local/lib/python3.8/site-packages/airflow/example_dags/example_task_group.py
[2022-11-08T20:46:23.354+0900] {processor.py:758} INFO - Processing file /home/steve/.local/lib/python3.8/site-packages/airflow/example_dags/example_task_group.py for tasks to queue
[2022-11-08T20:46:23.354+0900] {logging_mixin.py:117} INFO - [2022-11-08T20:46:23.354+0900] {dagbag.py:525} INFO - Filling up the DagBag from /home/steve/.local/lib/python3.8/site-packages/airflow/example_dags/example_task_group.py
[2022-11-08T20:46:23.362+0900] {processor.py:768} INFO - DAG(s) dict_keys(['example_task_group']) retrieved from /home/steve/.local/lib/python3.8/site-packages/airflow/example_dags/example_task_group.py
[2022-11-08T20:46:23.378+0900] {logging_mixin.py:117} INFO - [2022-11-08T20:46:23.378+0900] {dag.py:2573} INFO - Sync 1 DAGs
[2022-11-08T20:46:23.387+0900] {logging_mixin.py:117} INFO - [2022-11-08T20:46:23.387+0900] {dag.py:3324} INFO - Setting next_dagrun for example_task_group to 2022-11-07T11:46:23.387772+00:00, run_after=2022-11-08T11:46:23.387772+00:00
[2022-11-08T20:46:23.402+0900] {processor.py:178} INFO - Processing /home/steve/.local/lib/python3.8/site-packages/airflow/example_dags/example_task_group.py took 0.051 seconds
[2022-11-08T20:46:55.705+0900] {processor.py:156} INFO - Started process (PID=11945) to work on /home/steve/.local/lib/python3.8/site-packages/airflow/example_dags/example_task_group.py
[2022-11-08T20:46:55.707+0900] {processor.py:758} INFO - Processing file /home/steve/.local/lib/python3.8/site-packages/airflow/example_dags/example_task_group.py for tasks to queue
[2022-11-08T20:46:55.707+0900] {logging_mixin.py:117} INFO - [2022-11-08T20:46:55.707+0900] {dagbag.py:525} INFO - Filling up the DagBag from /home/steve/.local/lib/python3.8/site-packages/airflow/example_dags/example_task_group.py
[2022-11-08T20:46:55.716+0900] {processor.py:768} INFO - DAG(s) dict_keys(['example_task_group']) retrieved from /home/steve/.local/lib/python3.8/site-packages/airflow/example_dags/example_task_group.py
[2022-11-08T20:46:55.731+0900] {logging_mixin.py:117} INFO - [2022-11-08T20:46:55.731+0900] {dag.py:2573} INFO - Sync 1 DAGs
[2022-11-08T20:46:55.741+0900] {logging_mixin.py:117} INFO - [2022-11-08T20:46:55.741+0900] {dag.py:3324} INFO - Setting next_dagrun for example_task_group to 2022-11-07T11:46:55.740913+00:00, run_after=2022-11-08T11:46:55.740913+00:00
[2022-11-08T20:46:55.757+0900] {processor.py:178} INFO - Processing /home/steve/.local/lib/python3.8/site-packages/airflow/example_dags/example_task_group.py took 0.054 seconds
[2022-11-08T20:47:27.768+0900] {processor.py:156} INFO - Started process (PID=12071) to work on /home/steve/.local/lib/python3.8/site-packages/airflow/example_dags/example_task_group.py
[2022-11-08T20:47:27.769+0900] {processor.py:758} INFO - Processing file /home/steve/.local/lib/python3.8/site-packages/airflow/example_dags/example_task_group.py for tasks to queue
[2022-11-08T20:47:27.769+0900] {logging_mixin.py:117} INFO - [2022-11-08T20:47:27.769+0900] {dagbag.py:525} INFO - Filling up the DagBag from /home/steve/.local/lib/python3.8/site-packages/airflow/example_dags/example_task_group.py
[2022-11-08T20:47:27.779+0900] {processor.py:768} INFO - DAG(s) dict_keys(['example_task_group']) retrieved from /home/steve/.local/lib/python3.8/site-packages/airflow/example_dags/example_task_group.py
[2022-11-08T20:47:27.795+0900] {logging_mixin.py:117} INFO - [2022-11-08T20:47:27.795+0900] {dag.py:2573} INFO - Sync 1 DAGs
[2022-11-08T20:47:27.808+0900] {logging_mixin.py:117} INFO - [2022-11-08T20:47:27.808+0900] {dag.py:3324} INFO - Setting next_dagrun for example_task_group to 2022-11-07T11:47:27.808328+00:00, run_after=2022-11-08T11:47:27.808328+00:00
[2022-11-08T20:47:27.827+0900] {processor.py:178} INFO - Processing /home/steve/.local/lib/python3.8/site-packages/airflow/example_dags/example_task_group.py took 0.061 seconds
[2022-11-08T20:47:59.160+0900] {processor.py:156} INFO - Started process (PID=12259) to work on /home/steve/.local/lib/python3.8/site-packages/airflow/example_dags/example_task_group.py
[2022-11-08T20:47:59.161+0900] {processor.py:758} INFO - Processing file /home/steve/.local/lib/python3.8/site-packages/airflow/example_dags/example_task_group.py for tasks to queue
[2022-11-08T20:47:59.161+0900] {logging_mixin.py:117} INFO - [2022-11-08T20:47:59.161+0900] {dagbag.py:525} INFO - Filling up the DagBag from /home/steve/.local/lib/python3.8/site-packages/airflow/example_dags/example_task_group.py
[2022-11-08T20:47:59.173+0900] {processor.py:768} INFO - DAG(s) dict_keys(['example_task_group']) retrieved from /home/steve/.local/lib/python3.8/site-packages/airflow/example_dags/example_task_group.py
[2022-11-08T20:47:59.192+0900] {logging_mixin.py:117} INFO - [2022-11-08T20:47:59.192+0900] {dag.py:2573} INFO - Sync 1 DAGs
[2022-11-08T20:47:59.205+0900] {logging_mixin.py:117} INFO - [2022-11-08T20:47:59.205+0900] {dag.py:3324} INFO - Setting next_dagrun for example_task_group to 2022-11-07T11:47:59.204290+00:00, run_after=2022-11-08T11:47:59.204290+00:00
[2022-11-08T20:47:59.222+0900] {processor.py:178} INFO - Processing /home/steve/.local/lib/python3.8/site-packages/airflow/example_dags/example_task_group.py took 0.064 seconds
[2022-11-08T20:48:32.674+0900] {processor.py:156} INFO - Started process (PID=12293) to work on /home/steve/.local/lib/python3.8/site-packages/airflow/example_dags/example_task_group.py
[2022-11-08T20:48:32.675+0900] {processor.py:758} INFO - Processing file /home/steve/.local/lib/python3.8/site-packages/airflow/example_dags/example_task_group.py for tasks to queue
[2022-11-08T20:48:32.676+0900] {logging_mixin.py:117} INFO - [2022-11-08T20:48:32.675+0900] {dagbag.py:525} INFO - Filling up the DagBag from /home/steve/.local/lib/python3.8/site-packages/airflow/example_dags/example_task_group.py
[2022-11-08T20:48:32.685+0900] {processor.py:768} INFO - DAG(s) dict_keys(['example_task_group']) retrieved from /home/steve/.local/lib/python3.8/site-packages/airflow/example_dags/example_task_group.py
[2022-11-08T20:48:32.702+0900] {logging_mixin.py:117} INFO - [2022-11-08T20:48:32.702+0900] {dag.py:2573} INFO - Sync 1 DAGs
[2022-11-08T20:48:32.715+0900] {logging_mixin.py:117} INFO - [2022-11-08T20:48:32.714+0900] {dag.py:3324} INFO - Setting next_dagrun for example_task_group to 2022-11-07T11:48:32.714514+00:00, run_after=2022-11-08T11:48:32.714514+00:00
[2022-11-08T20:48:32.733+0900] {processor.py:178} INFO - Processing /home/steve/.local/lib/python3.8/site-packages/airflow/example_dags/example_task_group.py took 0.061 seconds
[2022-11-08T20:49:07.021+0900] {processor.py:156} INFO - Started process (PID=12329) to work on /home/steve/.local/lib/python3.8/site-packages/airflow/example_dags/example_task_group.py
[2022-11-08T20:49:07.022+0900] {processor.py:758} INFO - Processing file /home/steve/.local/lib/python3.8/site-packages/airflow/example_dags/example_task_group.py for tasks to queue
[2022-11-08T20:49:07.023+0900] {logging_mixin.py:117} INFO - [2022-11-08T20:49:07.023+0900] {dagbag.py:525} INFO - Filling up the DagBag from /home/steve/.local/lib/python3.8/site-packages/airflow/example_dags/example_task_group.py
[2022-11-08T20:49:07.032+0900] {processor.py:768} INFO - DAG(s) dict_keys(['example_task_group']) retrieved from /home/steve/.local/lib/python3.8/site-packages/airflow/example_dags/example_task_group.py
[2022-11-08T20:49:07.049+0900] {logging_mixin.py:117} INFO - [2022-11-08T20:49:07.049+0900] {dag.py:2573} INFO - Sync 1 DAGs
[2022-11-08T20:49:07.060+0900] {logging_mixin.py:117} INFO - [2022-11-08T20:49:07.059+0900] {dag.py:3324} INFO - Setting next_dagrun for example_task_group to 2022-11-07T11:49:07.059811+00:00, run_after=2022-11-08T11:49:07.059811+00:00
[2022-11-08T20:49:07.076+0900] {processor.py:178} INFO - Processing /home/steve/.local/lib/python3.8/site-packages/airflow/example_dags/example_task_group.py took 0.056 seconds
[2022-11-08T20:49:40.623+0900] {processor.py:156} INFO - Started process (PID=12365) to work on /home/steve/.local/lib/python3.8/site-packages/airflow/example_dags/example_task_group.py
[2022-11-08T20:49:40.626+0900] {processor.py:758} INFO - Processing file /home/steve/.local/lib/python3.8/site-packages/airflow/example_dags/example_task_group.py for tasks to queue
[2022-11-08T20:49:40.626+0900] {logging_mixin.py:117} INFO - [2022-11-08T20:49:40.626+0900] {dagbag.py:525} INFO - Filling up the DagBag from /home/steve/.local/lib/python3.8/site-packages/airflow/example_dags/example_task_group.py
[2022-11-08T20:49:40.636+0900] {processor.py:768} INFO - DAG(s) dict_keys(['example_task_group']) retrieved from /home/steve/.local/lib/python3.8/site-packages/airflow/example_dags/example_task_group.py
[2022-11-08T20:49:40.655+0900] {logging_mixin.py:117} INFO - [2022-11-08T20:49:40.655+0900] {dag.py:2573} INFO - Sync 1 DAGs
[2022-11-08T20:49:40.668+0900] {logging_mixin.py:117} INFO - [2022-11-08T20:49:40.667+0900] {dag.py:3324} INFO - Setting next_dagrun for example_task_group to 2022-11-07T11:49:40.667756+00:00, run_after=2022-11-08T11:49:40.667756+00:00
[2022-11-08T20:49:40.687+0900] {processor.py:178} INFO - Processing /home/steve/.local/lib/python3.8/site-packages/airflow/example_dags/example_task_group.py took 0.065 seconds
[2022-11-08T20:50:12.683+0900] {processor.py:156} INFO - Started process (PID=12398) to work on /home/steve/.local/lib/python3.8/site-packages/airflow/example_dags/example_task_group.py
[2022-11-08T20:50:12.685+0900] {processor.py:758} INFO - Processing file /home/steve/.local/lib/python3.8/site-packages/airflow/example_dags/example_task_group.py for tasks to queue
[2022-11-08T20:50:12.685+0900] {logging_mixin.py:117} INFO - [2022-11-08T20:50:12.685+0900] {dagbag.py:525} INFO - Filling up the DagBag from /home/steve/.local/lib/python3.8/site-packages/airflow/example_dags/example_task_group.py
[2022-11-08T20:50:12.695+0900] {processor.py:768} INFO - DAG(s) dict_keys(['example_task_group']) retrieved from /home/steve/.local/lib/python3.8/site-packages/airflow/example_dags/example_task_group.py
[2022-11-08T20:50:12.714+0900] {logging_mixin.py:117} INFO - [2022-11-08T20:50:12.713+0900] {dag.py:2573} INFO - Sync 1 DAGs
[2022-11-08T20:50:12.725+0900] {logging_mixin.py:117} INFO - [2022-11-08T20:50:12.724+0900] {dag.py:3324} INFO - Setting next_dagrun for example_task_group to 2022-11-07T11:50:12.724781+00:00, run_after=2022-11-08T11:50:12.724781+00:00
[2022-11-08T20:50:12.740+0900] {processor.py:178} INFO - Processing /home/steve/.local/lib/python3.8/site-packages/airflow/example_dags/example_task_group.py took 0.059 seconds
[2022-11-08T20:50:45.900+0900] {processor.py:156} INFO - Started process (PID=12585) to work on /home/steve/.local/lib/python3.8/site-packages/airflow/example_dags/example_task_group.py
[2022-11-08T20:50:45.902+0900] {processor.py:758} INFO - Processing file /home/steve/.local/lib/python3.8/site-packages/airflow/example_dags/example_task_group.py for tasks to queue
[2022-11-08T20:50:45.902+0900] {logging_mixin.py:117} INFO - [2022-11-08T20:50:45.902+0900] {dagbag.py:525} INFO - Filling up the DagBag from /home/steve/.local/lib/python3.8/site-packages/airflow/example_dags/example_task_group.py
[2022-11-08T20:50:45.911+0900] {processor.py:768} INFO - DAG(s) dict_keys(['example_task_group']) retrieved from /home/steve/.local/lib/python3.8/site-packages/airflow/example_dags/example_task_group.py
[2022-11-08T20:50:45.926+0900] {logging_mixin.py:117} INFO - [2022-11-08T20:50:45.926+0900] {dag.py:2573} INFO - Sync 1 DAGs
[2022-11-08T20:50:45.936+0900] {logging_mixin.py:117} INFO - [2022-11-08T20:50:45.936+0900] {dag.py:3324} INFO - Setting next_dagrun for example_task_group to 2022-11-07T11:50:45.936052+00:00, run_after=2022-11-08T11:50:45.936052+00:00
[2022-11-08T20:50:45.951+0900] {processor.py:178} INFO - Processing /home/steve/.local/lib/python3.8/site-packages/airflow/example_dags/example_task_group.py took 0.052 seconds
