[2022-11-08T19:45:02.809+0900] {processor.py:156} INFO - Started process (PID=7424) to work on /home/steve/.local/lib/python3.8/site-packages/airflow/example_dags/example_latest_only.py
[2022-11-08T19:45:02.809+0900] {processor.py:758} INFO - Processing file /home/steve/.local/lib/python3.8/site-packages/airflow/example_dags/example_latest_only.py for tasks to queue
[2022-11-08T19:45:02.809+0900] {logging_mixin.py:117} INFO - [2022-11-08T19:45:02.809+0900] {dagbag.py:525} INFO - Filling up the DagBag from /home/steve/.local/lib/python3.8/site-packages/airflow/example_dags/example_latest_only.py
[2022-11-08T19:45:02.817+0900] {processor.py:768} INFO - DAG(s) dict_keys(['latest_only']) retrieved from /home/steve/.local/lib/python3.8/site-packages/airflow/example_dags/example_latest_only.py
[2022-11-08T19:45:02.886+0900] {logging_mixin.py:117} INFO - [2022-11-08T19:45:02.886+0900] {manager.py:507} INFO - Created Permission View: can edit on DAG:latest_only
[2022-11-08T19:45:02.896+0900] {logging_mixin.py:117} INFO - [2022-11-08T19:45:02.896+0900] {manager.py:507} INFO - Created Permission View: can delete on DAG:latest_only
[2022-11-08T19:45:02.905+0900] {logging_mixin.py:117} INFO - [2022-11-08T19:45:02.904+0900] {manager.py:507} INFO - Created Permission View: can read on DAG:latest_only
[2022-11-08T19:45:02.905+0900] {logging_mixin.py:117} INFO - [2022-11-08T19:45:02.905+0900] {dag.py:2573} INFO - Sync 1 DAGs
[2022-11-08T19:45:02.976+0900] {logging_mixin.py:117} INFO - [2022-11-08T19:45:02.976+0900] {dag.py:2594} INFO - Creating ORM DAG for latest_only
[2022-11-08T19:45:02.980+0900] {logging_mixin.py:117} INFO - [2022-11-08T19:45:02.980+0900] {dag.py:3324} INFO - Setting next_dagrun for latest_only to 2022-11-08T06:45:02.980505+00:00, run_after=2022-11-08T10:45:02.980505+00:00
[2022-11-08T19:45:02.995+0900] {processor.py:178} INFO - Processing /home/steve/.local/lib/python3.8/site-packages/airflow/example_dags/example_latest_only.py took 0.188 seconds
[2022-11-08T19:45:37.419+0900] {processor.py:156} INFO - Started process (PID=7668) to work on /home/steve/.local/lib/python3.8/site-packages/airflow/example_dags/example_latest_only.py
[2022-11-08T19:45:37.421+0900] {processor.py:758} INFO - Processing file /home/steve/.local/lib/python3.8/site-packages/airflow/example_dags/example_latest_only.py for tasks to queue
[2022-11-08T19:45:37.421+0900] {logging_mixin.py:117} INFO - [2022-11-08T19:45:37.421+0900] {dagbag.py:525} INFO - Filling up the DagBag from /home/steve/.local/lib/python3.8/site-packages/airflow/example_dags/example_latest_only.py
[2022-11-08T19:45:37.430+0900] {processor.py:768} INFO - DAG(s) dict_keys(['latest_only']) retrieved from /home/steve/.local/lib/python3.8/site-packages/airflow/example_dags/example_latest_only.py
[2022-11-08T19:45:37.447+0900] {logging_mixin.py:117} INFO - [2022-11-08T19:45:37.447+0900] {dag.py:2573} INFO - Sync 1 DAGs
[2022-11-08T19:45:37.459+0900] {logging_mixin.py:117} INFO - [2022-11-08T19:45:37.459+0900] {dag.py:3324} INFO - Setting next_dagrun for latest_only to 2022-11-08T06:45:37.459498+00:00, run_after=2022-11-08T10:45:37.459498+00:00
[2022-11-08T19:45:37.477+0900] {processor.py:178} INFO - Processing /home/steve/.local/lib/python3.8/site-packages/airflow/example_dags/example_latest_only.py took 0.060 seconds
[2022-11-08T19:46:13.998+0900] {processor.py:156} INFO - Started process (PID=7802) to work on /home/steve/.local/lib/python3.8/site-packages/airflow/example_dags/example_latest_only.py
[2022-11-08T19:46:13.999+0900] {processor.py:758} INFO - Processing file /home/steve/.local/lib/python3.8/site-packages/airflow/example_dags/example_latest_only.py for tasks to queue
[2022-11-08T19:46:13.999+0900] {logging_mixin.py:117} INFO - [2022-11-08T19:46:13.999+0900] {dagbag.py:525} INFO - Filling up the DagBag from /home/steve/.local/lib/python3.8/site-packages/airflow/example_dags/example_latest_only.py
[2022-11-08T19:46:14.006+0900] {processor.py:768} INFO - DAG(s) dict_keys(['latest_only']) retrieved from /home/steve/.local/lib/python3.8/site-packages/airflow/example_dags/example_latest_only.py
[2022-11-08T19:46:14.021+0900] {logging_mixin.py:117} INFO - [2022-11-08T19:46:14.021+0900] {dag.py:2573} INFO - Sync 1 DAGs
[2022-11-08T19:46:14.030+0900] {logging_mixin.py:117} INFO - [2022-11-08T19:46:14.030+0900] {dag.py:3324} INFO - Setting next_dagrun for latest_only to 2022-11-08T06:46:14.030794+00:00, run_after=2022-11-08T10:46:14.030794+00:00
[2022-11-08T19:46:14.046+0900] {processor.py:178} INFO - Processing /home/steve/.local/lib/python3.8/site-packages/airflow/example_dags/example_latest_only.py took 0.049 seconds
[2022-11-08T19:46:49.998+0900] {processor.py:156} INFO - Started process (PID=7838) to work on /home/steve/.local/lib/python3.8/site-packages/airflow/example_dags/example_latest_only.py
[2022-11-08T19:46:50.000+0900] {processor.py:758} INFO - Processing file /home/steve/.local/lib/python3.8/site-packages/airflow/example_dags/example_latest_only.py for tasks to queue
[2022-11-08T19:46:50.000+0900] {logging_mixin.py:117} INFO - [2022-11-08T19:46:50.000+0900] {dagbag.py:525} INFO - Filling up the DagBag from /home/steve/.local/lib/python3.8/site-packages/airflow/example_dags/example_latest_only.py
[2022-11-08T19:46:50.007+0900] {processor.py:768} INFO - DAG(s) dict_keys(['latest_only']) retrieved from /home/steve/.local/lib/python3.8/site-packages/airflow/example_dags/example_latest_only.py
[2022-11-08T19:46:50.022+0900] {logging_mixin.py:117} INFO - [2022-11-08T19:46:50.022+0900] {dag.py:2573} INFO - Sync 1 DAGs
[2022-11-08T19:46:50.032+0900] {logging_mixin.py:117} INFO - [2022-11-08T19:46:50.032+0900] {dag.py:3324} INFO - Setting next_dagrun for latest_only to 2022-11-08T06:46:50.031950+00:00, run_after=2022-11-08T10:46:50.031950+00:00
[2022-11-08T19:46:50.048+0900] {processor.py:178} INFO - Processing /home/steve/.local/lib/python3.8/site-packages/airflow/example_dags/example_latest_only.py took 0.052 seconds
[2022-11-08T19:47:27.611+0900] {processor.py:156} INFO - Started process (PID=7917) to work on /home/steve/.local/lib/python3.8/site-packages/airflow/example_dags/example_latest_only.py
[2022-11-08T19:47:27.613+0900] {processor.py:758} INFO - Processing file /home/steve/.local/lib/python3.8/site-packages/airflow/example_dags/example_latest_only.py for tasks to queue
[2022-11-08T19:47:27.613+0900] {logging_mixin.py:117} INFO - [2022-11-08T19:47:27.613+0900] {dagbag.py:525} INFO - Filling up the DagBag from /home/steve/.local/lib/python3.8/site-packages/airflow/example_dags/example_latest_only.py
[2022-11-08T19:47:27.621+0900] {processor.py:768} INFO - DAG(s) dict_keys(['latest_only']) retrieved from /home/steve/.local/lib/python3.8/site-packages/airflow/example_dags/example_latest_only.py
[2022-11-08T19:47:27.635+0900] {logging_mixin.py:117} INFO - [2022-11-08T19:47:27.634+0900] {dag.py:2573} INFO - Sync 1 DAGs
[2022-11-08T19:47:27.644+0900] {logging_mixin.py:117} INFO - [2022-11-08T19:47:27.644+0900] {dag.py:3324} INFO - Setting next_dagrun for latest_only to 2022-11-08T06:47:27.644239+00:00, run_after=2022-11-08T10:47:27.644239+00:00
[2022-11-08T19:47:27.726+0900] {processor.py:178} INFO - Processing /home/steve/.local/lib/python3.8/site-packages/airflow/example_dags/example_latest_only.py took 0.116 seconds
[2022-11-08T19:48:05.398+0900] {processor.py:156} INFO - Started process (PID=7953) to work on /home/steve/.local/lib/python3.8/site-packages/airflow/example_dags/example_latest_only.py
[2022-11-08T19:48:05.400+0900] {processor.py:758} INFO - Processing file /home/steve/.local/lib/python3.8/site-packages/airflow/example_dags/example_latest_only.py for tasks to queue
[2022-11-08T19:48:05.401+0900] {logging_mixin.py:117} INFO - [2022-11-08T19:48:05.401+0900] {dagbag.py:525} INFO - Filling up the DagBag from /home/steve/.local/lib/python3.8/site-packages/airflow/example_dags/example_latest_only.py
[2022-11-08T19:48:05.408+0900] {processor.py:768} INFO - DAG(s) dict_keys(['latest_only']) retrieved from /home/steve/.local/lib/python3.8/site-packages/airflow/example_dags/example_latest_only.py
[2022-11-08T19:48:05.422+0900] {logging_mixin.py:117} INFO - [2022-11-08T19:48:05.421+0900] {dag.py:2573} INFO - Sync 1 DAGs
[2022-11-08T19:48:05.432+0900] {logging_mixin.py:117} INFO - [2022-11-08T19:48:05.431+0900] {dag.py:3324} INFO - Setting next_dagrun for latest_only to 2022-11-08T06:48:05.431826+00:00, run_after=2022-11-08T10:48:05.431826+00:00
[2022-11-08T19:48:05.513+0900] {processor.py:178} INFO - Processing /home/steve/.local/lib/python3.8/site-packages/airflow/example_dags/example_latest_only.py took 0.116 seconds
[2022-11-08T19:48:43.037+0900] {processor.py:156} INFO - Started process (PID=7990) to work on /home/steve/.local/lib/python3.8/site-packages/airflow/example_dags/example_latest_only.py
[2022-11-08T19:48:43.039+0900] {processor.py:758} INFO - Processing file /home/steve/.local/lib/python3.8/site-packages/airflow/example_dags/example_latest_only.py for tasks to queue
[2022-11-08T19:48:43.040+0900] {logging_mixin.py:117} INFO - [2022-11-08T19:48:43.040+0900] {dagbag.py:525} INFO - Filling up the DagBag from /home/steve/.local/lib/python3.8/site-packages/airflow/example_dags/example_latest_only.py
[2022-11-08T19:48:43.047+0900] {processor.py:768} INFO - DAG(s) dict_keys(['latest_only']) retrieved from /home/steve/.local/lib/python3.8/site-packages/airflow/example_dags/example_latest_only.py
[2022-11-08T19:48:43.061+0900] {logging_mixin.py:117} INFO - [2022-11-08T19:48:43.061+0900] {dag.py:2573} INFO - Sync 1 DAGs
[2022-11-08T19:48:43.136+0900] {logging_mixin.py:117} INFO - [2022-11-08T19:48:43.136+0900] {dag.py:3324} INFO - Setting next_dagrun for latest_only to 2022-11-08T06:48:43.136313+00:00, run_after=2022-11-08T10:48:43.136313+00:00
[2022-11-08T19:48:43.152+0900] {processor.py:178} INFO - Processing /home/steve/.local/lib/python3.8/site-packages/airflow/example_dags/example_latest_only.py took 0.116 seconds
[2022-11-08T19:49:22.151+0900] {processor.py:156} INFO - Started process (PID=8027) to work on /home/steve/.local/lib/python3.8/site-packages/airflow/example_dags/example_latest_only.py
[2022-11-08T19:49:22.153+0900] {processor.py:758} INFO - Processing file /home/steve/.local/lib/python3.8/site-packages/airflow/example_dags/example_latest_only.py for tasks to queue
[2022-11-08T19:49:22.154+0900] {logging_mixin.py:117} INFO - [2022-11-08T19:49:22.154+0900] {dagbag.py:525} INFO - Filling up the DagBag from /home/steve/.local/lib/python3.8/site-packages/airflow/example_dags/example_latest_only.py
[2022-11-08T19:49:22.161+0900] {processor.py:768} INFO - DAG(s) dict_keys(['latest_only']) retrieved from /home/steve/.local/lib/python3.8/site-packages/airflow/example_dags/example_latest_only.py
[2022-11-08T19:49:22.177+0900] {logging_mixin.py:117} INFO - [2022-11-08T19:49:22.176+0900] {dag.py:2573} INFO - Sync 1 DAGs
[2022-11-08T19:49:22.251+0900] {logging_mixin.py:117} INFO - [2022-11-08T19:49:22.251+0900] {dag.py:3324} INFO - Setting next_dagrun for latest_only to 2022-11-08T06:49:22.251213+00:00, run_after=2022-11-08T10:49:22.251213+00:00
[2022-11-08T19:49:22.267+0900] {processor.py:178} INFO - Processing /home/steve/.local/lib/python3.8/site-packages/airflow/example_dags/example_latest_only.py took 0.117 seconds
[2022-11-08T19:49:58.585+0900] {processor.py:156} INFO - Started process (PID=8090) to work on /home/steve/.local/lib/python3.8/site-packages/airflow/example_dags/example_latest_only.py
[2022-11-08T19:49:58.588+0900] {processor.py:758} INFO - Processing file /home/steve/.local/lib/python3.8/site-packages/airflow/example_dags/example_latest_only.py for tasks to queue
[2022-11-08T19:49:58.588+0900] {logging_mixin.py:117} INFO - [2022-11-08T19:49:58.588+0900] {dagbag.py:525} INFO - Filling up the DagBag from /home/steve/.local/lib/python3.8/site-packages/airflow/example_dags/example_latest_only.py
[2022-11-08T19:49:58.595+0900] {processor.py:768} INFO - DAG(s) dict_keys(['latest_only']) retrieved from /home/steve/.local/lib/python3.8/site-packages/airflow/example_dags/example_latest_only.py
[2022-11-08T19:49:58.674+0900] {logging_mixin.py:117} INFO - [2022-11-08T19:49:58.674+0900] {dag.py:2573} INFO - Sync 1 DAGs
[2022-11-08T19:49:58.683+0900] {logging_mixin.py:117} INFO - [2022-11-08T19:49:58.682+0900] {dag.py:3324} INFO - Setting next_dagrun for latest_only to 2022-11-08T06:49:58.682890+00:00, run_after=2022-11-08T10:49:58.682890+00:00
[2022-11-08T19:49:58.698+0900] {processor.py:178} INFO - Processing /home/steve/.local/lib/python3.8/site-packages/airflow/example_dags/example_latest_only.py took 0.114 seconds
[2022-11-08T19:50:37.866+0900] {processor.py:156} INFO - Started process (PID=8129) to work on /home/steve/.local/lib/python3.8/site-packages/airflow/example_dags/example_latest_only.py
[2022-11-08T19:50:37.868+0900] {processor.py:758} INFO - Processing file /home/steve/.local/lib/python3.8/site-packages/airflow/example_dags/example_latest_only.py for tasks to queue
[2022-11-08T19:50:37.869+0900] {logging_mixin.py:117} INFO - [2022-11-08T19:50:37.868+0900] {dagbag.py:525} INFO - Filling up the DagBag from /home/steve/.local/lib/python3.8/site-packages/airflow/example_dags/example_latest_only.py
[2022-11-08T19:50:37.876+0900] {processor.py:768} INFO - DAG(s) dict_keys(['latest_only']) retrieved from /home/steve/.local/lib/python3.8/site-packages/airflow/example_dags/example_latest_only.py
[2022-11-08T19:50:37.958+0900] {logging_mixin.py:117} INFO - [2022-11-08T19:50:37.957+0900] {dag.py:2573} INFO - Sync 1 DAGs
[2022-11-08T19:50:37.966+0900] {logging_mixin.py:117} INFO - [2022-11-08T19:50:37.966+0900] {dag.py:3324} INFO - Setting next_dagrun for latest_only to 2022-11-08T06:50:37.966256+00:00, run_after=2022-11-08T10:50:37.966256+00:00
[2022-11-08T19:50:37.981+0900] {processor.py:178} INFO - Processing /home/steve/.local/lib/python3.8/site-packages/airflow/example_dags/example_latest_only.py took 0.116 seconds
[2022-11-08T19:51:16.465+0900] {processor.py:156} INFO - Started process (PID=8166) to work on /home/steve/.local/lib/python3.8/site-packages/airflow/example_dags/example_latest_only.py
[2022-11-08T19:51:16.466+0900] {processor.py:758} INFO - Processing file /home/steve/.local/lib/python3.8/site-packages/airflow/example_dags/example_latest_only.py for tasks to queue
[2022-11-08T19:51:16.466+0900] {logging_mixin.py:117} INFO - [2022-11-08T19:51:16.466+0900] {dagbag.py:525} INFO - Filling up the DagBag from /home/steve/.local/lib/python3.8/site-packages/airflow/example_dags/example_latest_only.py
[2022-11-08T19:51:16.542+0900] {processor.py:768} INFO - DAG(s) dict_keys(['latest_only']) retrieved from /home/steve/.local/lib/python3.8/site-packages/airflow/example_dags/example_latest_only.py
[2022-11-08T19:51:16.556+0900] {logging_mixin.py:117} INFO - [2022-11-08T19:51:16.556+0900] {dag.py:2573} INFO - Sync 1 DAGs
[2022-11-08T19:51:16.566+0900] {logging_mixin.py:117} INFO - [2022-11-08T19:51:16.566+0900] {dag.py:3324} INFO - Setting next_dagrun for latest_only to 2022-11-08T06:51:16.565932+00:00, run_after=2022-11-08T10:51:16.565932+00:00
[2022-11-08T19:51:16.582+0900] {processor.py:178} INFO - Processing /home/steve/.local/lib/python3.8/site-packages/airflow/example_dags/example_latest_only.py took 0.118 seconds
[2022-11-08T19:51:52.380+0900] {processor.py:156} INFO - Started process (PID=8202) to work on /home/steve/.local/lib/python3.8/site-packages/airflow/example_dags/example_latest_only.py
[2022-11-08T19:51:52.382+0900] {processor.py:758} INFO - Processing file /home/steve/.local/lib/python3.8/site-packages/airflow/example_dags/example_latest_only.py for tasks to queue
[2022-11-08T19:51:52.383+0900] {logging_mixin.py:117} INFO - [2022-11-08T19:51:52.383+0900] {dagbag.py:525} INFO - Filling up the DagBag from /home/steve/.local/lib/python3.8/site-packages/airflow/example_dags/example_latest_only.py
[2022-11-08T19:51:52.390+0900] {processor.py:768} INFO - DAG(s) dict_keys(['latest_only']) retrieved from /home/steve/.local/lib/python3.8/site-packages/airflow/example_dags/example_latest_only.py
[2022-11-08T19:51:52.404+0900] {logging_mixin.py:117} INFO - [2022-11-08T19:51:52.404+0900] {dag.py:2573} INFO - Sync 1 DAGs
[2022-11-08T19:51:52.414+0900] {logging_mixin.py:117} INFO - [2022-11-08T19:51:52.414+0900] {dag.py:3324} INFO - Setting next_dagrun for latest_only to 2022-11-08T06:51:52.414195+00:00, run_after=2022-11-08T10:51:52.414195+00:00
[2022-11-08T19:51:52.429+0900] {processor.py:178} INFO - Processing /home/steve/.local/lib/python3.8/site-packages/airflow/example_dags/example_latest_only.py took 0.051 seconds
[2022-11-08T19:52:26.314+0900] {processor.py:156} INFO - Started process (PID=8238) to work on /home/steve/.local/lib/python3.8/site-packages/airflow/example_dags/example_latest_only.py
[2022-11-08T19:52:26.314+0900] {processor.py:758} INFO - Processing file /home/steve/.local/lib/python3.8/site-packages/airflow/example_dags/example_latest_only.py for tasks to queue
[2022-11-08T19:52:26.315+0900] {logging_mixin.py:117} INFO - [2022-11-08T19:52:26.315+0900] {dagbag.py:525} INFO - Filling up the DagBag from /home/steve/.local/lib/python3.8/site-packages/airflow/example_dags/example_latest_only.py
[2022-11-08T19:52:26.322+0900] {processor.py:768} INFO - DAG(s) dict_keys(['latest_only']) retrieved from /home/steve/.local/lib/python3.8/site-packages/airflow/example_dags/example_latest_only.py
[2022-11-08T19:52:26.336+0900] {logging_mixin.py:117} INFO - [2022-11-08T19:52:26.336+0900] {dag.py:2573} INFO - Sync 1 DAGs
[2022-11-08T19:52:26.346+0900] {logging_mixin.py:117} INFO - [2022-11-08T19:52:26.346+0900] {dag.py:3324} INFO - Setting next_dagrun for latest_only to 2022-11-08T06:52:26.346261+00:00, run_after=2022-11-08T10:52:26.346261+00:00
[2022-11-08T19:52:26.361+0900] {processor.py:178} INFO - Processing /home/steve/.local/lib/python3.8/site-packages/airflow/example_dags/example_latest_only.py took 0.049 seconds
[2022-11-08T19:52:59.957+0900] {processor.py:156} INFO - Started process (PID=8378) to work on /home/steve/.local/lib/python3.8/site-packages/airflow/example_dags/example_latest_only.py
[2022-11-08T19:52:59.960+0900] {processor.py:758} INFO - Processing file /home/steve/.local/lib/python3.8/site-packages/airflow/example_dags/example_latest_only.py for tasks to queue
[2022-11-08T19:52:59.960+0900] {logging_mixin.py:117} INFO - [2022-11-08T19:52:59.960+0900] {dagbag.py:525} INFO - Filling up the DagBag from /home/steve/.local/lib/python3.8/site-packages/airflow/example_dags/example_latest_only.py
[2022-11-08T19:52:59.967+0900] {processor.py:768} INFO - DAG(s) dict_keys(['latest_only']) retrieved from /home/steve/.local/lib/python3.8/site-packages/airflow/example_dags/example_latest_only.py
[2022-11-08T19:52:59.977+0900] {logging_mixin.py:117} INFO - [2022-11-08T19:52:59.977+0900] {dag.py:2573} INFO - Sync 1 DAGs
[2022-11-08T19:52:59.988+0900] {logging_mixin.py:117} INFO - [2022-11-08T19:52:59.988+0900] {dag.py:3324} INFO - Setting next_dagrun for latest_only to 2022-11-08T06:52:59.988078+00:00, run_after=2022-11-08T10:52:59.988078+00:00
[2022-11-08T19:53:00.003+0900] {processor.py:178} INFO - Processing /home/steve/.local/lib/python3.8/site-packages/airflow/example_dags/example_latest_only.py took 0.048 seconds
[2022-11-08T19:53:33.584+0900] {processor.py:156} INFO - Started process (PID=8532) to work on /home/steve/.local/lib/python3.8/site-packages/airflow/example_dags/example_latest_only.py
[2022-11-08T19:53:33.587+0900] {processor.py:758} INFO - Processing file /home/steve/.local/lib/python3.8/site-packages/airflow/example_dags/example_latest_only.py for tasks to queue
[2022-11-08T19:53:33.587+0900] {logging_mixin.py:117} INFO - [2022-11-08T19:53:33.587+0900] {dagbag.py:525} INFO - Filling up the DagBag from /home/steve/.local/lib/python3.8/site-packages/airflow/example_dags/example_latest_only.py
[2022-11-08T19:53:33.594+0900] {processor.py:768} INFO - DAG(s) dict_keys(['latest_only']) retrieved from /home/steve/.local/lib/python3.8/site-packages/airflow/example_dags/example_latest_only.py
[2022-11-08T19:53:33.611+0900] {logging_mixin.py:117} INFO - [2022-11-08T19:53:33.611+0900] {dag.py:2573} INFO - Sync 1 DAGs
[2022-11-08T19:53:33.622+0900] {logging_mixin.py:117} INFO - [2022-11-08T19:53:33.622+0900] {dag.py:3324} INFO - Setting next_dagrun for latest_only to 2022-11-08T06:53:33.622668+00:00, run_after=2022-11-08T10:53:33.622668+00:00
[2022-11-08T19:53:33.639+0900] {processor.py:178} INFO - Processing /home/steve/.local/lib/python3.8/site-packages/airflow/example_dags/example_latest_only.py took 0.056 seconds
[2022-11-08T19:54:09.122+0900] {processor.py:156} INFO - Started process (PID=8611) to work on /home/steve/.local/lib/python3.8/site-packages/airflow/example_dags/example_latest_only.py
[2022-11-08T19:54:09.124+0900] {processor.py:758} INFO - Processing file /home/steve/.local/lib/python3.8/site-packages/airflow/example_dags/example_latest_only.py for tasks to queue
[2022-11-08T19:54:09.125+0900] {logging_mixin.py:117} INFO - [2022-11-08T19:54:09.125+0900] {dagbag.py:525} INFO - Filling up the DagBag from /home/steve/.local/lib/python3.8/site-packages/airflow/example_dags/example_latest_only.py
[2022-11-08T19:54:09.133+0900] {processor.py:768} INFO - DAG(s) dict_keys(['latest_only']) retrieved from /home/steve/.local/lib/python3.8/site-packages/airflow/example_dags/example_latest_only.py
[2022-11-08T19:54:09.150+0900] {logging_mixin.py:117} INFO - [2022-11-08T19:54:09.150+0900] {dag.py:2573} INFO - Sync 1 DAGs
[2022-11-08T19:54:09.161+0900] {logging_mixin.py:117} INFO - [2022-11-08T19:54:09.161+0900] {dag.py:3324} INFO - Setting next_dagrun for latest_only to 2022-11-08T06:54:09.160864+00:00, run_after=2022-11-08T10:54:09.160864+00:00
[2022-11-08T19:54:09.176+0900] {processor.py:178} INFO - Processing /home/steve/.local/lib/python3.8/site-packages/airflow/example_dags/example_latest_only.py took 0.055 seconds
[2022-11-08T19:54:47.971+0900] {processor.py:156} INFO - Started process (PID=8911) to work on /home/steve/.local/lib/python3.8/site-packages/airflow/example_dags/example_latest_only.py
[2022-11-08T19:54:47.973+0900] {processor.py:758} INFO - Processing file /home/steve/.local/lib/python3.8/site-packages/airflow/example_dags/example_latest_only.py for tasks to queue
[2022-11-08T19:54:47.973+0900] {logging_mixin.py:117} INFO - [2022-11-08T19:54:47.973+0900] {dagbag.py:525} INFO - Filling up the DagBag from /home/steve/.local/lib/python3.8/site-packages/airflow/example_dags/example_latest_only.py
[2022-11-08T19:54:47.980+0900] {processor.py:768} INFO - DAG(s) dict_keys(['latest_only']) retrieved from /home/steve/.local/lib/python3.8/site-packages/airflow/example_dags/example_latest_only.py
[2022-11-08T19:54:47.995+0900] {logging_mixin.py:117} INFO - [2022-11-08T19:54:47.994+0900] {dag.py:2573} INFO - Sync 1 DAGs
[2022-11-08T19:54:48.016+0900] {logging_mixin.py:117} INFO - [2022-11-08T19:54:48.016+0900] {dag.py:3324} INFO - Setting next_dagrun for latest_only to 2022-11-08T06:54:48.016688+00:00, run_after=2022-11-08T10:54:48.016688+00:00
[2022-11-08T19:54:48.036+0900] {processor.py:178} INFO - Processing /home/steve/.local/lib/python3.8/site-packages/airflow/example_dags/example_latest_only.py took 0.067 seconds
[2022-11-08T19:55:23.930+0900] {processor.py:156} INFO - Started process (PID=9022) to work on /home/steve/.local/lib/python3.8/site-packages/airflow/example_dags/example_latest_only.py
[2022-11-08T19:55:23.932+0900] {processor.py:758} INFO - Processing file /home/steve/.local/lib/python3.8/site-packages/airflow/example_dags/example_latest_only.py for tasks to queue
[2022-11-08T19:55:23.932+0900] {logging_mixin.py:117} INFO - [2022-11-08T19:55:23.932+0900] {dagbag.py:525} INFO - Filling up the DagBag from /home/steve/.local/lib/python3.8/site-packages/airflow/example_dags/example_latest_only.py
[2022-11-08T19:55:23.941+0900] {processor.py:768} INFO - DAG(s) dict_keys(['latest_only']) retrieved from /home/steve/.local/lib/python3.8/site-packages/airflow/example_dags/example_latest_only.py
[2022-11-08T19:55:23.958+0900] {logging_mixin.py:117} INFO - [2022-11-08T19:55:23.958+0900] {dag.py:2573} INFO - Sync 1 DAGs
[2022-11-08T19:55:23.969+0900] {logging_mixin.py:117} INFO - [2022-11-08T19:55:23.969+0900] {dag.py:3324} INFO - Setting next_dagrun for latest_only to 2022-11-08T06:55:23.969213+00:00, run_after=2022-11-08T10:55:23.969213+00:00
[2022-11-08T19:55:23.986+0900] {processor.py:178} INFO - Processing /home/steve/.local/lib/python3.8/site-packages/airflow/example_dags/example_latest_only.py took 0.058 seconds
[2022-11-08T20:27:12.014+0900] {processor.py:156} INFO - Started process (PID=9797) to work on /home/steve/.local/lib/python3.8/site-packages/airflow/example_dags/example_latest_only.py
[2022-11-08T20:27:12.016+0900] {processor.py:758} INFO - Processing file /home/steve/.local/lib/python3.8/site-packages/airflow/example_dags/example_latest_only.py for tasks to queue
[2022-11-08T20:27:12.017+0900] {logging_mixin.py:117} INFO - [2022-11-08T20:27:12.016+0900] {dagbag.py:525} INFO - Filling up the DagBag from /home/steve/.local/lib/python3.8/site-packages/airflow/example_dags/example_latest_only.py
[2022-11-08T20:27:12.025+0900] {processor.py:768} INFO - DAG(s) dict_keys(['latest_only']) retrieved from /home/steve/.local/lib/python3.8/site-packages/airflow/example_dags/example_latest_only.py
[2022-11-08T20:27:12.042+0900] {logging_mixin.py:117} INFO - [2022-11-08T20:27:12.041+0900] {dag.py:2573} INFO - Sync 1 DAGs
[2022-11-08T20:27:12.054+0900] {logging_mixin.py:117} INFO - [2022-11-08T20:27:12.054+0900] {dag.py:3324} INFO - Setting next_dagrun for latest_only to 2022-11-08T07:27:12.053884+00:00, run_after=2022-11-08T11:27:12.053884+00:00
[2022-11-08T20:27:12.071+0900] {processor.py:178} INFO - Processing /home/steve/.local/lib/python3.8/site-packages/airflow/example_dags/example_latest_only.py took 0.058 seconds
[2022-11-08T20:27:48.169+0900] {processor.py:156} INFO - Started process (PID=9843) to work on /home/steve/.local/lib/python3.8/site-packages/airflow/example_dags/example_latest_only.py
[2022-11-08T20:27:48.171+0900] {processor.py:758} INFO - Processing file /home/steve/.local/lib/python3.8/site-packages/airflow/example_dags/example_latest_only.py for tasks to queue
[2022-11-08T20:27:48.171+0900] {logging_mixin.py:117} INFO - [2022-11-08T20:27:48.171+0900] {dagbag.py:525} INFO - Filling up the DagBag from /home/steve/.local/lib/python3.8/site-packages/airflow/example_dags/example_latest_only.py
[2022-11-08T20:27:48.178+0900] {processor.py:768} INFO - DAG(s) dict_keys(['latest_only']) retrieved from /home/steve/.local/lib/python3.8/site-packages/airflow/example_dags/example_latest_only.py
[2022-11-08T20:27:48.194+0900] {logging_mixin.py:117} INFO - [2022-11-08T20:27:48.194+0900] {dag.py:2573} INFO - Sync 1 DAGs
[2022-11-08T20:27:48.204+0900] {logging_mixin.py:117} INFO - [2022-11-08T20:27:48.204+0900] {dag.py:3324} INFO - Setting next_dagrun for latest_only to 2022-11-08T07:27:48.204363+00:00, run_after=2022-11-08T11:27:48.204363+00:00
[2022-11-08T20:27:48.220+0900] {processor.py:178} INFO - Processing /home/steve/.local/lib/python3.8/site-packages/airflow/example_dags/example_latest_only.py took 0.053 seconds
[2022-11-08T20:28:24.075+0900] {processor.py:156} INFO - Started process (PID=9879) to work on /home/steve/.local/lib/python3.8/site-packages/airflow/example_dags/example_latest_only.py
[2022-11-08T20:28:24.077+0900] {processor.py:758} INFO - Processing file /home/steve/.local/lib/python3.8/site-packages/airflow/example_dags/example_latest_only.py for tasks to queue
[2022-11-08T20:28:24.077+0900] {logging_mixin.py:117} INFO - [2022-11-08T20:28:24.077+0900] {dagbag.py:525} INFO - Filling up the DagBag from /home/steve/.local/lib/python3.8/site-packages/airflow/example_dags/example_latest_only.py
[2022-11-08T20:28:24.088+0900] {processor.py:768} INFO - DAG(s) dict_keys(['latest_only']) retrieved from /home/steve/.local/lib/python3.8/site-packages/airflow/example_dags/example_latest_only.py
[2022-11-08T20:28:24.115+0900] {logging_mixin.py:117} INFO - [2022-11-08T20:28:24.114+0900] {dag.py:2573} INFO - Sync 1 DAGs
[2022-11-08T20:28:24.131+0900] {logging_mixin.py:117} INFO - [2022-11-08T20:28:24.130+0900] {dag.py:3324} INFO - Setting next_dagrun for latest_only to 2022-11-08T07:28:24.130839+00:00, run_after=2022-11-08T11:28:24.130839+00:00
[2022-11-08T20:28:24.150+0900] {processor.py:178} INFO - Processing /home/steve/.local/lib/python3.8/site-packages/airflow/example_dags/example_latest_only.py took 0.077 seconds
[2022-11-08T20:28:59.097+0900] {processor.py:156} INFO - Started process (PID=10068) to work on /home/steve/.local/lib/python3.8/site-packages/airflow/example_dags/example_latest_only.py
[2022-11-08T20:28:59.098+0900] {processor.py:758} INFO - Processing file /home/steve/.local/lib/python3.8/site-packages/airflow/example_dags/example_latest_only.py for tasks to queue
[2022-11-08T20:28:59.098+0900] {logging_mixin.py:117} INFO - [2022-11-08T20:28:59.098+0900] {dagbag.py:525} INFO - Filling up the DagBag from /home/steve/.local/lib/python3.8/site-packages/airflow/example_dags/example_latest_only.py
[2022-11-08T20:28:59.110+0900] {processor.py:768} INFO - DAG(s) dict_keys(['latest_only']) retrieved from /home/steve/.local/lib/python3.8/site-packages/airflow/example_dags/example_latest_only.py
[2022-11-08T20:28:59.127+0900] {logging_mixin.py:117} INFO - [2022-11-08T20:28:59.127+0900] {dag.py:2573} INFO - Sync 1 DAGs
[2022-11-08T20:28:59.137+0900] {logging_mixin.py:117} INFO - [2022-11-08T20:28:59.137+0900] {dag.py:3324} INFO - Setting next_dagrun for latest_only to 2022-11-08T07:28:59.137607+00:00, run_after=2022-11-08T11:28:59.137607+00:00
[2022-11-08T20:28:59.154+0900] {processor.py:178} INFO - Processing /home/steve/.local/lib/python3.8/site-packages/airflow/example_dags/example_latest_only.py took 0.058 seconds
[2022-11-08T20:29:37.745+0900] {processor.py:156} INFO - Started process (PID=10276) to work on /home/steve/.local/lib/python3.8/site-packages/airflow/example_dags/example_latest_only.py
[2022-11-08T20:29:37.745+0900] {processor.py:758} INFO - Processing file /home/steve/.local/lib/python3.8/site-packages/airflow/example_dags/example_latest_only.py for tasks to queue
[2022-11-08T20:29:37.746+0900] {logging_mixin.py:117} INFO - [2022-11-08T20:29:37.746+0900] {dagbag.py:525} INFO - Filling up the DagBag from /home/steve/.local/lib/python3.8/site-packages/airflow/example_dags/example_latest_only.py
[2022-11-08T20:29:37.754+0900] {processor.py:768} INFO - DAG(s) dict_keys(['latest_only']) retrieved from /home/steve/.local/lib/python3.8/site-packages/airflow/example_dags/example_latest_only.py
[2022-11-08T20:29:37.771+0900] {logging_mixin.py:117} INFO - [2022-11-08T20:29:37.771+0900] {dag.py:2573} INFO - Sync 1 DAGs
[2022-11-08T20:29:37.781+0900] {logging_mixin.py:117} INFO - [2022-11-08T20:29:37.781+0900] {dag.py:3324} INFO - Setting next_dagrun for latest_only to 2022-11-08T07:29:37.781136+00:00, run_after=2022-11-08T11:29:37.781136+00:00
[2022-11-08T20:29:37.874+0900] {processor.py:178} INFO - Processing /home/steve/.local/lib/python3.8/site-packages/airflow/example_dags/example_latest_only.py took 0.131 seconds
[2022-11-08T20:30:16.555+0900] {processor.py:156} INFO - Started process (PID=10447) to work on /home/steve/.local/lib/python3.8/site-packages/airflow/example_dags/example_latest_only.py
[2022-11-08T20:30:16.557+0900] {processor.py:758} INFO - Processing file /home/steve/.local/lib/python3.8/site-packages/airflow/example_dags/example_latest_only.py for tasks to queue
[2022-11-08T20:30:16.558+0900] {logging_mixin.py:117} INFO - [2022-11-08T20:30:16.558+0900] {dagbag.py:525} INFO - Filling up the DagBag from /home/steve/.local/lib/python3.8/site-packages/airflow/example_dags/example_latest_only.py
[2022-11-08T20:30:16.568+0900] {processor.py:768} INFO - DAG(s) dict_keys(['latest_only']) retrieved from /home/steve/.local/lib/python3.8/site-packages/airflow/example_dags/example_latest_only.py
[2022-11-08T20:30:16.587+0900] {logging_mixin.py:117} INFO - [2022-11-08T20:30:16.587+0900] {dag.py:2573} INFO - Sync 1 DAGs
[2022-11-08T20:30:16.601+0900] {logging_mixin.py:117} INFO - [2022-11-08T20:30:16.601+0900] {dag.py:3324} INFO - Setting next_dagrun for latest_only to 2022-11-08T07:30:16.601557+00:00, run_after=2022-11-08T11:30:16.601557+00:00
[2022-11-08T20:30:16.708+0900] {processor.py:178} INFO - Processing /home/steve/.local/lib/python3.8/site-packages/airflow/example_dags/example_latest_only.py took 0.154 seconds
[2022-11-08T20:30:55.379+0900] {processor.py:156} INFO - Started process (PID=10635) to work on /home/steve/.local/lib/python3.8/site-packages/airflow/example_dags/example_latest_only.py
[2022-11-08T20:30:55.382+0900] {processor.py:758} INFO - Processing file /home/steve/.local/lib/python3.8/site-packages/airflow/example_dags/example_latest_only.py for tasks to queue
[2022-11-08T20:30:55.382+0900] {logging_mixin.py:117} INFO - [2022-11-08T20:30:55.382+0900] {dagbag.py:525} INFO - Filling up the DagBag from /home/steve/.local/lib/python3.8/site-packages/airflow/example_dags/example_latest_only.py
[2022-11-08T20:30:55.390+0900] {processor.py:768} INFO - DAG(s) dict_keys(['latest_only']) retrieved from /home/steve/.local/lib/python3.8/site-packages/airflow/example_dags/example_latest_only.py
[2022-11-08T20:30:55.408+0900] {logging_mixin.py:117} INFO - [2022-11-08T20:30:55.408+0900] {dag.py:2573} INFO - Sync 1 DAGs
[2022-11-08T20:30:55.500+0900] {logging_mixin.py:117} INFO - [2022-11-08T20:30:55.500+0900] {dag.py:3324} INFO - Setting next_dagrun for latest_only to 2022-11-08T07:30:55.500081+00:00, run_after=2022-11-08T11:30:55.500081+00:00
[2022-11-08T20:30:55.516+0900] {processor.py:178} INFO - Processing /home/steve/.local/lib/python3.8/site-packages/airflow/example_dags/example_latest_only.py took 0.139 seconds
[2022-11-08T20:31:34.415+0900] {processor.py:156} INFO - Started process (PID=10725) to work on /home/steve/.local/lib/python3.8/site-packages/airflow/example_dags/example_latest_only.py
[2022-11-08T20:31:34.416+0900] {processor.py:758} INFO - Processing file /home/steve/.local/lib/python3.8/site-packages/airflow/example_dags/example_latest_only.py for tasks to queue
[2022-11-08T20:31:34.417+0900] {logging_mixin.py:117} INFO - [2022-11-08T20:31:34.417+0900] {dagbag.py:525} INFO - Filling up the DagBag from /home/steve/.local/lib/python3.8/site-packages/airflow/example_dags/example_latest_only.py
[2022-11-08T20:31:34.424+0900] {processor.py:768} INFO - DAG(s) dict_keys(['latest_only']) retrieved from /home/steve/.local/lib/python3.8/site-packages/airflow/example_dags/example_latest_only.py
[2022-11-08T20:31:34.440+0900] {logging_mixin.py:117} INFO - [2022-11-08T20:31:34.440+0900] {dag.py:2573} INFO - Sync 1 DAGs
[2022-11-08T20:31:34.521+0900] {logging_mixin.py:117} INFO - [2022-11-08T20:31:34.521+0900] {dag.py:3324} INFO - Setting next_dagrun for latest_only to 2022-11-08T07:31:34.521442+00:00, run_after=2022-11-08T11:31:34.521442+00:00
[2022-11-08T20:31:34.539+0900] {processor.py:178} INFO - Processing /home/steve/.local/lib/python3.8/site-packages/airflow/example_dags/example_latest_only.py took 0.126 seconds
[2022-11-08T20:32:11.832+0900] {processor.py:156} INFO - Started process (PID=10789) to work on /home/steve/.local/lib/python3.8/site-packages/airflow/example_dags/example_latest_only.py
[2022-11-08T20:32:11.835+0900] {processor.py:758} INFO - Processing file /home/steve/.local/lib/python3.8/site-packages/airflow/example_dags/example_latest_only.py for tasks to queue
[2022-11-08T20:32:11.835+0900] {logging_mixin.py:117} INFO - [2022-11-08T20:32:11.835+0900] {dagbag.py:525} INFO - Filling up the DagBag from /home/steve/.local/lib/python3.8/site-packages/airflow/example_dags/example_latest_only.py
[2022-11-08T20:32:11.843+0900] {processor.py:768} INFO - DAG(s) dict_keys(['latest_only']) retrieved from /home/steve/.local/lib/python3.8/site-packages/airflow/example_dags/example_latest_only.py
[2022-11-08T20:32:11.942+0900] {logging_mixin.py:117} INFO - [2022-11-08T20:32:11.941+0900] {dag.py:2573} INFO - Sync 1 DAGs
[2022-11-08T20:32:11.954+0900] {logging_mixin.py:117} INFO - [2022-11-08T20:32:11.954+0900] {dag.py:3324} INFO - Setting next_dagrun for latest_only to 2022-11-08T07:32:11.954281+00:00, run_after=2022-11-08T11:32:11.954281+00:00
[2022-11-08T20:32:11.971+0900] {processor.py:178} INFO - Processing /home/steve/.local/lib/python3.8/site-packages/airflow/example_dags/example_latest_only.py took 0.141 seconds
[2022-11-08T20:32:50.668+0900] {processor.py:156} INFO - Started process (PID=10979) to work on /home/steve/.local/lib/python3.8/site-packages/airflow/example_dags/example_latest_only.py
[2022-11-08T20:32:50.670+0900] {processor.py:758} INFO - Processing file /home/steve/.local/lib/python3.8/site-packages/airflow/example_dags/example_latest_only.py for tasks to queue
[2022-11-08T20:32:50.670+0900] {logging_mixin.py:117} INFO - [2022-11-08T20:32:50.670+0900] {dagbag.py:525} INFO - Filling up the DagBag from /home/steve/.local/lib/python3.8/site-packages/airflow/example_dags/example_latest_only.py
[2022-11-08T20:32:50.678+0900] {processor.py:768} INFO - DAG(s) dict_keys(['latest_only']) retrieved from /home/steve/.local/lib/python3.8/site-packages/airflow/example_dags/example_latest_only.py
[2022-11-08T20:32:50.765+0900] {logging_mixin.py:117} INFO - [2022-11-08T20:32:50.765+0900] {dag.py:2573} INFO - Sync 1 DAGs
[2022-11-08T20:32:50.774+0900] {logging_mixin.py:117} INFO - [2022-11-08T20:32:50.774+0900] {dag.py:3324} INFO - Setting next_dagrun for latest_only to 2022-11-08T07:32:50.774251+00:00, run_after=2022-11-08T11:32:50.774251+00:00
[2022-11-08T20:32:50.790+0900] {processor.py:178} INFO - Processing /home/steve/.local/lib/python3.8/site-packages/airflow/example_dags/example_latest_only.py took 0.124 seconds
[2022-11-08T20:33:30.961+0900] {processor.py:156} INFO - Started process (PID=11017) to work on /home/steve/.local/lib/python3.8/site-packages/airflow/example_dags/example_latest_only.py
[2022-11-08T20:33:30.963+0900] {processor.py:758} INFO - Processing file /home/steve/.local/lib/python3.8/site-packages/airflow/example_dags/example_latest_only.py for tasks to queue
[2022-11-08T20:33:30.964+0900] {logging_mixin.py:117} INFO - [2022-11-08T20:33:30.964+0900] {dagbag.py:525} INFO - Filling up the DagBag from /home/steve/.local/lib/python3.8/site-packages/airflow/example_dags/example_latest_only.py
[2022-11-08T20:33:31.057+0900] {processor.py:768} INFO - DAG(s) dict_keys(['latest_only']) retrieved from /home/steve/.local/lib/python3.8/site-packages/airflow/example_dags/example_latest_only.py
[2022-11-08T20:33:31.070+0900] {logging_mixin.py:117} INFO - [2022-11-08T20:33:31.070+0900] {dag.py:2573} INFO - Sync 1 DAGs
[2022-11-08T20:33:31.081+0900] {logging_mixin.py:117} INFO - [2022-11-08T20:33:31.080+0900] {dag.py:3324} INFO - Setting next_dagrun for latest_only to 2022-11-08T07:33:31.080779+00:00, run_after=2022-11-08T11:33:31.080779+00:00
[2022-11-08T20:33:31.099+0900] {processor.py:178} INFO - Processing /home/steve/.local/lib/python3.8/site-packages/airflow/example_dags/example_latest_only.py took 0.140 seconds
[2022-11-08T20:34:07.195+0900] {processor.py:156} INFO - Started process (PID=11052) to work on /home/steve/.local/lib/python3.8/site-packages/airflow/example_dags/example_latest_only.py
[2022-11-08T20:34:07.196+0900] {processor.py:758} INFO - Processing file /home/steve/.local/lib/python3.8/site-packages/airflow/example_dags/example_latest_only.py for tasks to queue
[2022-11-08T20:34:07.197+0900] {logging_mixin.py:117} INFO - [2022-11-08T20:34:07.197+0900] {dagbag.py:525} INFO - Filling up the DagBag from /home/steve/.local/lib/python3.8/site-packages/airflow/example_dags/example_latest_only.py
[2022-11-08T20:34:07.202+0900] {processor.py:768} INFO - DAG(s) dict_keys(['latest_only']) retrieved from /home/steve/.local/lib/python3.8/site-packages/airflow/example_dags/example_latest_only.py
[2022-11-08T20:34:07.215+0900] {logging_mixin.py:117} INFO - [2022-11-08T20:34:07.215+0900] {dag.py:2573} INFO - Sync 1 DAGs
[2022-11-08T20:34:07.224+0900] {logging_mixin.py:117} INFO - [2022-11-08T20:34:07.224+0900] {dag.py:3324} INFO - Setting next_dagrun for latest_only to 2022-11-08T07:34:07.224723+00:00, run_after=2022-11-08T11:34:07.224723+00:00
[2022-11-08T20:34:07.241+0900] {processor.py:178} INFO - Processing /home/steve/.local/lib/python3.8/site-packages/airflow/example_dags/example_latest_only.py took 0.124 seconds
[2022-11-08T20:34:40.813+0900] {processor.py:156} INFO - Started process (PID=11087) to work on /home/steve/.local/lib/python3.8/site-packages/airflow/example_dags/example_latest_only.py
[2022-11-08T20:34:40.816+0900] {processor.py:758} INFO - Processing file /home/steve/.local/lib/python3.8/site-packages/airflow/example_dags/example_latest_only.py for tasks to queue
[2022-11-08T20:34:40.816+0900] {logging_mixin.py:117} INFO - [2022-11-08T20:34:40.816+0900] {dagbag.py:525} INFO - Filling up the DagBag from /home/steve/.local/lib/python3.8/site-packages/airflow/example_dags/example_latest_only.py
[2022-11-08T20:34:40.824+0900] {processor.py:768} INFO - DAG(s) dict_keys(['latest_only']) retrieved from /home/steve/.local/lib/python3.8/site-packages/airflow/example_dags/example_latest_only.py
[2022-11-08T20:34:40.839+0900] {logging_mixin.py:117} INFO - [2022-11-08T20:34:40.839+0900] {dag.py:2573} INFO - Sync 1 DAGs
[2022-11-08T20:34:40.850+0900] {logging_mixin.py:117} INFO - [2022-11-08T20:34:40.850+0900] {dag.py:3324} INFO - Setting next_dagrun for latest_only to 2022-11-08T07:34:40.850175+00:00, run_after=2022-11-08T11:34:40.850175+00:00
[2022-11-08T20:34:40.866+0900] {processor.py:178} INFO - Processing /home/steve/.local/lib/python3.8/site-packages/airflow/example_dags/example_latest_only.py took 0.054 seconds
[2022-11-08T20:35:15.019+0900] {processor.py:156} INFO - Started process (PID=11123) to work on /home/steve/.local/lib/python3.8/site-packages/airflow/example_dags/example_latest_only.py
[2022-11-08T20:35:15.021+0900] {processor.py:758} INFO - Processing file /home/steve/.local/lib/python3.8/site-packages/airflow/example_dags/example_latest_only.py for tasks to queue
[2022-11-08T20:35:15.022+0900] {logging_mixin.py:117} INFO - [2022-11-08T20:35:15.022+0900] {dagbag.py:525} INFO - Filling up the DagBag from /home/steve/.local/lib/python3.8/site-packages/airflow/example_dags/example_latest_only.py
[2022-11-08T20:35:15.029+0900] {processor.py:768} INFO - DAG(s) dict_keys(['latest_only']) retrieved from /home/steve/.local/lib/python3.8/site-packages/airflow/example_dags/example_latest_only.py
[2022-11-08T20:35:15.043+0900] {logging_mixin.py:117} INFO - [2022-11-08T20:35:15.043+0900] {dag.py:2573} INFO - Sync 1 DAGs
[2022-11-08T20:35:15.053+0900] {logging_mixin.py:117} INFO - [2022-11-08T20:35:15.053+0900] {dag.py:3324} INFO - Setting next_dagrun for latest_only to 2022-11-08T07:35:15.053070+00:00, run_after=2022-11-08T11:35:15.053070+00:00
[2022-11-08T20:35:15.068+0900] {processor.py:178} INFO - Processing /home/steve/.local/lib/python3.8/site-packages/airflow/example_dags/example_latest_only.py took 0.050 seconds
[2022-11-08T20:35:52.082+0900] {processor.py:156} INFO - Started process (PID=11161) to work on /home/steve/.local/lib/python3.8/site-packages/airflow/example_dags/example_latest_only.py
[2022-11-08T20:35:52.083+0900] {processor.py:758} INFO - Processing file /home/steve/.local/lib/python3.8/site-packages/airflow/example_dags/example_latest_only.py for tasks to queue
[2022-11-08T20:35:52.083+0900] {logging_mixin.py:117} INFO - [2022-11-08T20:35:52.083+0900] {dagbag.py:525} INFO - Filling up the DagBag from /home/steve/.local/lib/python3.8/site-packages/airflow/example_dags/example_latest_only.py
[2022-11-08T20:35:52.090+0900] {processor.py:768} INFO - DAG(s) dict_keys(['latest_only']) retrieved from /home/steve/.local/lib/python3.8/site-packages/airflow/example_dags/example_latest_only.py
[2022-11-08T20:35:52.105+0900] {logging_mixin.py:117} INFO - [2022-11-08T20:35:52.105+0900] {dag.py:2573} INFO - Sync 1 DAGs
[2022-11-08T20:35:52.114+0900] {logging_mixin.py:117} INFO - [2022-11-08T20:35:52.114+0900] {dag.py:3324} INFO - Setting next_dagrun for latest_only to 2022-11-08T07:35:52.114660+00:00, run_after=2022-11-08T11:35:52.114660+00:00
[2022-11-08T20:35:52.135+0900] {processor.py:178} INFO - Processing /home/steve/.local/lib/python3.8/site-packages/airflow/example_dags/example_latest_only.py took 0.055 seconds
[2022-11-08T20:36:26.426+0900] {processor.py:156} INFO - Started process (PID=11197) to work on /home/steve/.local/lib/python3.8/site-packages/airflow/example_dags/example_latest_only.py
[2022-11-08T20:36:26.428+0900] {processor.py:758} INFO - Processing file /home/steve/.local/lib/python3.8/site-packages/airflow/example_dags/example_latest_only.py for tasks to queue
[2022-11-08T20:36:26.428+0900] {logging_mixin.py:117} INFO - [2022-11-08T20:36:26.428+0900] {dagbag.py:525} INFO - Filling up the DagBag from /home/steve/.local/lib/python3.8/site-packages/airflow/example_dags/example_latest_only.py
[2022-11-08T20:36:26.437+0900] {processor.py:768} INFO - DAG(s) dict_keys(['latest_only']) retrieved from /home/steve/.local/lib/python3.8/site-packages/airflow/example_dags/example_latest_only.py
[2022-11-08T20:36:26.453+0900] {logging_mixin.py:117} INFO - [2022-11-08T20:36:26.452+0900] {dag.py:2573} INFO - Sync 1 DAGs
[2022-11-08T20:36:26.463+0900] {logging_mixin.py:117} INFO - [2022-11-08T20:36:26.462+0900] {dag.py:3324} INFO - Setting next_dagrun for latest_only to 2022-11-08T07:36:26.462753+00:00, run_after=2022-11-08T11:36:26.462753+00:00
[2022-11-08T20:36:26.478+0900] {processor.py:178} INFO - Processing /home/steve/.local/lib/python3.8/site-packages/airflow/example_dags/example_latest_only.py took 0.054 seconds
[2022-11-08T20:37:01.576+0900] {processor.py:156} INFO - Started process (PID=11261) to work on /home/steve/.local/lib/python3.8/site-packages/airflow/example_dags/example_latest_only.py
[2022-11-08T20:37:01.579+0900] {processor.py:758} INFO - Processing file /home/steve/.local/lib/python3.8/site-packages/airflow/example_dags/example_latest_only.py for tasks to queue
[2022-11-08T20:37:01.579+0900] {logging_mixin.py:117} INFO - [2022-11-08T20:37:01.579+0900] {dagbag.py:525} INFO - Filling up the DagBag from /home/steve/.local/lib/python3.8/site-packages/airflow/example_dags/example_latest_only.py
[2022-11-08T20:37:01.586+0900] {processor.py:768} INFO - DAG(s) dict_keys(['latest_only']) retrieved from /home/steve/.local/lib/python3.8/site-packages/airflow/example_dags/example_latest_only.py
[2022-11-08T20:37:01.601+0900] {logging_mixin.py:117} INFO - [2022-11-08T20:37:01.601+0900] {dag.py:2573} INFO - Sync 1 DAGs
[2022-11-08T20:37:01.611+0900] {logging_mixin.py:117} INFO - [2022-11-08T20:37:01.611+0900] {dag.py:3324} INFO - Setting next_dagrun for latest_only to 2022-11-08T07:37:01.610915+00:00, run_after=2022-11-08T11:37:01.610915+00:00
[2022-11-08T20:37:01.626+0900] {processor.py:178} INFO - Processing /home/steve/.local/lib/python3.8/site-packages/airflow/example_dags/example_latest_only.py took 0.052 seconds
[2022-11-08T20:37:35.747+0900] {processor.py:156} INFO - Started process (PID=11298) to work on /home/steve/.local/lib/python3.8/site-packages/airflow/example_dags/example_latest_only.py
[2022-11-08T20:37:35.748+0900] {processor.py:758} INFO - Processing file /home/steve/.local/lib/python3.8/site-packages/airflow/example_dags/example_latest_only.py for tasks to queue
[2022-11-08T20:37:35.748+0900] {logging_mixin.py:117} INFO - [2022-11-08T20:37:35.748+0900] {dagbag.py:525} INFO - Filling up the DagBag from /home/steve/.local/lib/python3.8/site-packages/airflow/example_dags/example_latest_only.py
[2022-11-08T20:37:35.755+0900] {processor.py:768} INFO - DAG(s) dict_keys(['latest_only']) retrieved from /home/steve/.local/lib/python3.8/site-packages/airflow/example_dags/example_latest_only.py
[2022-11-08T20:37:35.769+0900] {logging_mixin.py:117} INFO - [2022-11-08T20:37:35.769+0900] {dag.py:2573} INFO - Sync 1 DAGs
[2022-11-08T20:37:35.779+0900] {logging_mixin.py:117} INFO - [2022-11-08T20:37:35.779+0900] {dag.py:3324} INFO - Setting next_dagrun for latest_only to 2022-11-08T07:37:35.779506+00:00, run_after=2022-11-08T11:37:35.779506+00:00
[2022-11-08T20:37:35.795+0900] {processor.py:178} INFO - Processing /home/steve/.local/lib/python3.8/site-packages/airflow/example_dags/example_latest_only.py took 0.050 seconds
[2022-11-08T20:38:08.823+0900] {processor.py:156} INFO - Started process (PID=11333) to work on /home/steve/.local/lib/python3.8/site-packages/airflow/example_dags/example_latest_only.py
[2022-11-08T20:38:08.824+0900] {processor.py:758} INFO - Processing file /home/steve/.local/lib/python3.8/site-packages/airflow/example_dags/example_latest_only.py for tasks to queue
[2022-11-08T20:38:08.824+0900] {logging_mixin.py:117} INFO - [2022-11-08T20:38:08.824+0900] {dagbag.py:525} INFO - Filling up the DagBag from /home/steve/.local/lib/python3.8/site-packages/airflow/example_dags/example_latest_only.py
[2022-11-08T20:38:08.831+0900] {processor.py:768} INFO - DAG(s) dict_keys(['latest_only']) retrieved from /home/steve/.local/lib/python3.8/site-packages/airflow/example_dags/example_latest_only.py
[2022-11-08T20:38:08.846+0900] {logging_mixin.py:117} INFO - [2022-11-08T20:38:08.846+0900] {dag.py:2573} INFO - Sync 1 DAGs
[2022-11-08T20:38:08.856+0900] {logging_mixin.py:117} INFO - [2022-11-08T20:38:08.856+0900] {dag.py:3324} INFO - Setting next_dagrun for latest_only to 2022-11-08T07:38:08.856085+00:00, run_after=2022-11-08T11:38:08.856085+00:00
[2022-11-08T20:38:08.873+0900] {processor.py:178} INFO - Processing /home/steve/.local/lib/python3.8/site-packages/airflow/example_dags/example_latest_only.py took 0.051 seconds
[2022-11-08T20:38:46.140+0900] {processor.py:156} INFO - Started process (PID=11372) to work on /home/steve/.local/lib/python3.8/site-packages/airflow/example_dags/example_latest_only.py
[2022-11-08T20:38:46.142+0900] {processor.py:758} INFO - Processing file /home/steve/.local/lib/python3.8/site-packages/airflow/example_dags/example_latest_only.py for tasks to queue
[2022-11-08T20:38:46.142+0900] {logging_mixin.py:117} INFO - [2022-11-08T20:38:46.142+0900] {dagbag.py:525} INFO - Filling up the DagBag from /home/steve/.local/lib/python3.8/site-packages/airflow/example_dags/example_latest_only.py
[2022-11-08T20:38:46.150+0900] {processor.py:768} INFO - DAG(s) dict_keys(['latest_only']) retrieved from /home/steve/.local/lib/python3.8/site-packages/airflow/example_dags/example_latest_only.py
[2022-11-08T20:38:46.166+0900] {logging_mixin.py:117} INFO - [2022-11-08T20:38:46.165+0900] {dag.py:2573} INFO - Sync 1 DAGs
[2022-11-08T20:38:46.176+0900] {logging_mixin.py:117} INFO - [2022-11-08T20:38:46.175+0900] {dag.py:3324} INFO - Setting next_dagrun for latest_only to 2022-11-08T07:38:46.175804+00:00, run_after=2022-11-08T11:38:46.175804+00:00
[2022-11-08T20:38:46.191+0900] {processor.py:178} INFO - Processing /home/steve/.local/lib/python3.8/site-packages/airflow/example_dags/example_latest_only.py took 0.053 seconds
[2022-11-08T20:39:19.787+0900] {processor.py:156} INFO - Started process (PID=11408) to work on /home/steve/.local/lib/python3.8/site-packages/airflow/example_dags/example_latest_only.py
[2022-11-08T20:39:19.789+0900] {processor.py:758} INFO - Processing file /home/steve/.local/lib/python3.8/site-packages/airflow/example_dags/example_latest_only.py for tasks to queue
[2022-11-08T20:39:19.789+0900] {logging_mixin.py:117} INFO - [2022-11-08T20:39:19.789+0900] {dagbag.py:525} INFO - Filling up the DagBag from /home/steve/.local/lib/python3.8/site-packages/airflow/example_dags/example_latest_only.py
[2022-11-08T20:39:19.797+0900] {processor.py:768} INFO - DAG(s) dict_keys(['latest_only']) retrieved from /home/steve/.local/lib/python3.8/site-packages/airflow/example_dags/example_latest_only.py
[2022-11-08T20:39:19.813+0900] {logging_mixin.py:117} INFO - [2022-11-08T20:39:19.813+0900] {dag.py:2573} INFO - Sync 1 DAGs
[2022-11-08T20:39:19.823+0900] {logging_mixin.py:117} INFO - [2022-11-08T20:39:19.823+0900] {dag.py:3324} INFO - Setting next_dagrun for latest_only to 2022-11-08T07:39:19.823688+00:00, run_after=2022-11-08T11:39:19.823688+00:00
[2022-11-08T20:39:19.842+0900] {processor.py:178} INFO - Processing /home/steve/.local/lib/python3.8/site-packages/airflow/example_dags/example_latest_only.py took 0.057 seconds
[2022-11-08T20:39:58.497+0900] {processor.py:156} INFO - Started process (PID=11446) to work on /home/steve/.local/lib/python3.8/site-packages/airflow/example_dags/example_latest_only.py
[2022-11-08T20:39:58.499+0900] {processor.py:758} INFO - Processing file /home/steve/.local/lib/python3.8/site-packages/airflow/example_dags/example_latest_only.py for tasks to queue
[2022-11-08T20:39:58.500+0900] {logging_mixin.py:117} INFO - [2022-11-08T20:39:58.500+0900] {dagbag.py:525} INFO - Filling up the DagBag from /home/steve/.local/lib/python3.8/site-packages/airflow/example_dags/example_latest_only.py
[2022-11-08T20:39:58.509+0900] {processor.py:768} INFO - DAG(s) dict_keys(['latest_only']) retrieved from /home/steve/.local/lib/python3.8/site-packages/airflow/example_dags/example_latest_only.py
[2022-11-08T20:39:58.526+0900] {logging_mixin.py:117} INFO - [2022-11-08T20:39:58.526+0900] {dag.py:2573} INFO - Sync 1 DAGs
[2022-11-08T20:39:58.536+0900] {logging_mixin.py:117} INFO - [2022-11-08T20:39:58.536+0900] {dag.py:3324} INFO - Setting next_dagrun for latest_only to 2022-11-08T07:39:58.536476+00:00, run_after=2022-11-08T11:39:58.536476+00:00
[2022-11-08T20:39:58.555+0900] {processor.py:178} INFO - Processing /home/steve/.local/lib/python3.8/site-packages/airflow/example_dags/example_latest_only.py took 0.060 seconds
[2022-11-08T20:40:34.260+0900] {processor.py:156} INFO - Started process (PID=11483) to work on /home/steve/.local/lib/python3.8/site-packages/airflow/example_dags/example_latest_only.py
[2022-11-08T20:40:34.262+0900] {processor.py:758} INFO - Processing file /home/steve/.local/lib/python3.8/site-packages/airflow/example_dags/example_latest_only.py for tasks to queue
[2022-11-08T20:40:34.262+0900] {logging_mixin.py:117} INFO - [2022-11-08T20:40:34.262+0900] {dagbag.py:525} INFO - Filling up the DagBag from /home/steve/.local/lib/python3.8/site-packages/airflow/example_dags/example_latest_only.py
[2022-11-08T20:40:34.269+0900] {processor.py:768} INFO - DAG(s) dict_keys(['latest_only']) retrieved from /home/steve/.local/lib/python3.8/site-packages/airflow/example_dags/example_latest_only.py
[2022-11-08T20:40:34.284+0900] {logging_mixin.py:117} INFO - [2022-11-08T20:40:34.284+0900] {dag.py:2573} INFO - Sync 1 DAGs
[2022-11-08T20:40:34.294+0900] {logging_mixin.py:117} INFO - [2022-11-08T20:40:34.294+0900] {dag.py:3324} INFO - Setting next_dagrun for latest_only to 2022-11-08T07:40:34.294019+00:00, run_after=2022-11-08T11:40:34.294019+00:00
[2022-11-08T20:40:34.311+0900] {processor.py:178} INFO - Processing /home/steve/.local/lib/python3.8/site-packages/airflow/example_dags/example_latest_only.py took 0.053 seconds
[2022-11-08T20:41:06.391+0900] {processor.py:156} INFO - Started process (PID=11517) to work on /home/steve/.local/lib/python3.8/site-packages/airflow/example_dags/example_latest_only.py
[2022-11-08T20:41:06.393+0900] {processor.py:758} INFO - Processing file /home/steve/.local/lib/python3.8/site-packages/airflow/example_dags/example_latest_only.py for tasks to queue
[2022-11-08T20:41:06.393+0900] {logging_mixin.py:117} INFO - [2022-11-08T20:41:06.393+0900] {dagbag.py:525} INFO - Filling up the DagBag from /home/steve/.local/lib/python3.8/site-packages/airflow/example_dags/example_latest_only.py
[2022-11-08T20:41:06.401+0900] {processor.py:768} INFO - DAG(s) dict_keys(['latest_only']) retrieved from /home/steve/.local/lib/python3.8/site-packages/airflow/example_dags/example_latest_only.py
[2022-11-08T20:41:06.417+0900] {logging_mixin.py:117} INFO - [2022-11-08T20:41:06.416+0900] {dag.py:2573} INFO - Sync 1 DAGs
[2022-11-08T20:41:06.428+0900] {logging_mixin.py:117} INFO - [2022-11-08T20:41:06.428+0900] {dag.py:3324} INFO - Setting next_dagrun for latest_only to 2022-11-08T07:41:06.428206+00:00, run_after=2022-11-08T11:41:06.428206+00:00
[2022-11-08T20:41:06.444+0900] {processor.py:178} INFO - Processing /home/steve/.local/lib/python3.8/site-packages/airflow/example_dags/example_latest_only.py took 0.054 seconds
[2022-11-08T20:41:41.723+0900] {processor.py:156} INFO - Started process (PID=11552) to work on /home/steve/.local/lib/python3.8/site-packages/airflow/example_dags/example_latest_only.py
[2022-11-08T20:41:41.725+0900] {processor.py:758} INFO - Processing file /home/steve/.local/lib/python3.8/site-packages/airflow/example_dags/example_latest_only.py for tasks to queue
[2022-11-08T20:41:41.726+0900] {logging_mixin.py:117} INFO - [2022-11-08T20:41:41.725+0900] {dagbag.py:525} INFO - Filling up the DagBag from /home/steve/.local/lib/python3.8/site-packages/airflow/example_dags/example_latest_only.py
[2022-11-08T20:41:41.732+0900] {processor.py:768} INFO - DAG(s) dict_keys(['latest_only']) retrieved from /home/steve/.local/lib/python3.8/site-packages/airflow/example_dags/example_latest_only.py
[2022-11-08T20:41:41.746+0900] {logging_mixin.py:117} INFO - [2022-11-08T20:41:41.746+0900] {dag.py:2573} INFO - Sync 1 DAGs
[2022-11-08T20:41:41.756+0900] {logging_mixin.py:117} INFO - [2022-11-08T20:41:41.756+0900] {dag.py:3324} INFO - Setting next_dagrun for latest_only to 2022-11-08T07:41:41.756492+00:00, run_after=2022-11-08T11:41:41.756492+00:00
[2022-11-08T20:41:41.772+0900] {processor.py:178} INFO - Processing /home/steve/.local/lib/python3.8/site-packages/airflow/example_dags/example_latest_only.py took 0.051 seconds
[2022-11-08T20:42:17.958+0900] {processor.py:156} INFO - Started process (PID=11619) to work on /home/steve/.local/lib/python3.8/site-packages/airflow/example_dags/example_latest_only.py
[2022-11-08T20:42:17.959+0900] {processor.py:758} INFO - Processing file /home/steve/.local/lib/python3.8/site-packages/airflow/example_dags/example_latest_only.py for tasks to queue
[2022-11-08T20:42:17.960+0900] {logging_mixin.py:117} INFO - [2022-11-08T20:42:17.960+0900] {dagbag.py:525} INFO - Filling up the DagBag from /home/steve/.local/lib/python3.8/site-packages/airflow/example_dags/example_latest_only.py
[2022-11-08T20:42:17.967+0900] {processor.py:768} INFO - DAG(s) dict_keys(['latest_only']) retrieved from /home/steve/.local/lib/python3.8/site-packages/airflow/example_dags/example_latest_only.py
[2022-11-08T20:42:17.982+0900] {logging_mixin.py:117} INFO - [2022-11-08T20:42:17.982+0900] {dag.py:2573} INFO - Sync 1 DAGs
[2022-11-08T20:42:17.991+0900] {logging_mixin.py:117} INFO - [2022-11-08T20:42:17.991+0900] {dag.py:3324} INFO - Setting next_dagrun for latest_only to 2022-11-08T07:42:17.991788+00:00, run_after=2022-11-08T11:42:17.991788+00:00
[2022-11-08T20:42:18.006+0900] {processor.py:178} INFO - Processing /home/steve/.local/lib/python3.8/site-packages/airflow/example_dags/example_latest_only.py took 0.050 seconds
[2022-11-08T20:42:51.215+0900] {processor.py:156} INFO - Started process (PID=11655) to work on /home/steve/.local/lib/python3.8/site-packages/airflow/example_dags/example_latest_only.py
[2022-11-08T20:42:51.217+0900] {processor.py:758} INFO - Processing file /home/steve/.local/lib/python3.8/site-packages/airflow/example_dags/example_latest_only.py for tasks to queue
[2022-11-08T20:42:51.217+0900] {logging_mixin.py:117} INFO - [2022-11-08T20:42:51.217+0900] {dagbag.py:525} INFO - Filling up the DagBag from /home/steve/.local/lib/python3.8/site-packages/airflow/example_dags/example_latest_only.py
[2022-11-08T20:42:51.225+0900] {processor.py:768} INFO - DAG(s) dict_keys(['latest_only']) retrieved from /home/steve/.local/lib/python3.8/site-packages/airflow/example_dags/example_latest_only.py
[2022-11-08T20:42:51.242+0900] {logging_mixin.py:117} INFO - [2022-11-08T20:42:51.242+0900] {dag.py:2573} INFO - Sync 1 DAGs
[2022-11-08T20:42:51.253+0900] {logging_mixin.py:117} INFO - [2022-11-08T20:42:51.252+0900] {dag.py:3324} INFO - Setting next_dagrun for latest_only to 2022-11-08T07:42:51.252796+00:00, run_after=2022-11-08T11:42:51.252796+00:00
[2022-11-08T20:42:51.268+0900] {processor.py:178} INFO - Processing /home/steve/.local/lib/python3.8/site-packages/airflow/example_dags/example_latest_only.py took 0.055 seconds
[2022-11-08T20:43:28.956+0900] {processor.py:156} INFO - Started process (PID=11693) to work on /home/steve/.local/lib/python3.8/site-packages/airflow/example_dags/example_latest_only.py
[2022-11-08T20:43:28.957+0900] {processor.py:758} INFO - Processing file /home/steve/.local/lib/python3.8/site-packages/airflow/example_dags/example_latest_only.py for tasks to queue
[2022-11-08T20:43:28.957+0900] {logging_mixin.py:117} INFO - [2022-11-08T20:43:28.957+0900] {dagbag.py:525} INFO - Filling up the DagBag from /home/steve/.local/lib/python3.8/site-packages/airflow/example_dags/example_latest_only.py
[2022-11-08T20:43:28.965+0900] {processor.py:768} INFO - DAG(s) dict_keys(['latest_only']) retrieved from /home/steve/.local/lib/python3.8/site-packages/airflow/example_dags/example_latest_only.py
[2022-11-08T20:43:28.980+0900] {logging_mixin.py:117} INFO - [2022-11-08T20:43:28.980+0900] {dag.py:2573} INFO - Sync 1 DAGs
[2022-11-08T20:43:28.991+0900] {logging_mixin.py:117} INFO - [2022-11-08T20:43:28.991+0900] {dag.py:3324} INFO - Setting next_dagrun for latest_only to 2022-11-08T07:43:28.991424+00:00, run_after=2022-11-08T11:43:28.991424+00:00
[2022-11-08T20:43:29.011+0900] {processor.py:178} INFO - Processing /home/steve/.local/lib/python3.8/site-packages/airflow/example_dags/example_latest_only.py took 0.057 seconds
[2022-11-08T20:44:02.094+0900] {processor.py:156} INFO - Started process (PID=11729) to work on /home/steve/.local/lib/python3.8/site-packages/airflow/example_dags/example_latest_only.py
[2022-11-08T20:44:02.095+0900] {processor.py:758} INFO - Processing file /home/steve/.local/lib/python3.8/site-packages/airflow/example_dags/example_latest_only.py for tasks to queue
[2022-11-08T20:44:02.095+0900] {logging_mixin.py:117} INFO - [2022-11-08T20:44:02.095+0900] {dagbag.py:525} INFO - Filling up the DagBag from /home/steve/.local/lib/python3.8/site-packages/airflow/example_dags/example_latest_only.py
[2022-11-08T20:44:02.103+0900] {processor.py:768} INFO - DAG(s) dict_keys(['latest_only']) retrieved from /home/steve/.local/lib/python3.8/site-packages/airflow/example_dags/example_latest_only.py
[2022-11-08T20:44:02.122+0900] {logging_mixin.py:117} INFO - [2022-11-08T20:44:02.122+0900] {dag.py:2573} INFO - Sync 1 DAGs
[2022-11-08T20:44:02.134+0900] {logging_mixin.py:117} INFO - [2022-11-08T20:44:02.134+0900] {dag.py:3324} INFO - Setting next_dagrun for latest_only to 2022-11-08T07:44:02.134390+00:00, run_after=2022-11-08T11:44:02.134390+00:00
[2022-11-08T20:44:02.155+0900] {processor.py:178} INFO - Processing /home/steve/.local/lib/python3.8/site-packages/airflow/example_dags/example_latest_only.py took 0.063 seconds
[2022-11-08T20:44:38.176+0900] {processor.py:156} INFO - Started process (PID=11767) to work on /home/steve/.local/lib/python3.8/site-packages/airflow/example_dags/example_latest_only.py
[2022-11-08T20:44:38.179+0900] {processor.py:758} INFO - Processing file /home/steve/.local/lib/python3.8/site-packages/airflow/example_dags/example_latest_only.py for tasks to queue
[2022-11-08T20:44:38.179+0900] {logging_mixin.py:117} INFO - [2022-11-08T20:44:38.179+0900] {dagbag.py:525} INFO - Filling up the DagBag from /home/steve/.local/lib/python3.8/site-packages/airflow/example_dags/example_latest_only.py
[2022-11-08T20:44:38.187+0900] {processor.py:768} INFO - DAG(s) dict_keys(['latest_only']) retrieved from /home/steve/.local/lib/python3.8/site-packages/airflow/example_dags/example_latest_only.py
[2022-11-08T20:44:38.203+0900] {logging_mixin.py:117} INFO - [2022-11-08T20:44:38.203+0900] {dag.py:2573} INFO - Sync 1 DAGs
[2022-11-08T20:44:38.217+0900] {logging_mixin.py:117} INFO - [2022-11-08T20:44:38.216+0900] {dag.py:3324} INFO - Setting next_dagrun for latest_only to 2022-11-08T07:44:38.216838+00:00, run_after=2022-11-08T11:44:38.216838+00:00
[2022-11-08T20:44:38.237+0900] {processor.py:178} INFO - Processing /home/steve/.local/lib/python3.8/site-packages/airflow/example_dags/example_latest_only.py took 0.063 seconds
[2022-11-08T20:45:16.990+0900] {processor.py:156} INFO - Started process (PID=11806) to work on /home/steve/.local/lib/python3.8/site-packages/airflow/example_dags/example_latest_only.py
[2022-11-08T20:45:16.993+0900] {processor.py:758} INFO - Processing file /home/steve/.local/lib/python3.8/site-packages/airflow/example_dags/example_latest_only.py for tasks to queue
[2022-11-08T20:45:16.993+0900] {logging_mixin.py:117} INFO - [2022-11-08T20:45:16.993+0900] {dagbag.py:525} INFO - Filling up the DagBag from /home/steve/.local/lib/python3.8/site-packages/airflow/example_dags/example_latest_only.py
[2022-11-08T20:45:17.000+0900] {processor.py:768} INFO - DAG(s) dict_keys(['latest_only']) retrieved from /home/steve/.local/lib/python3.8/site-packages/airflow/example_dags/example_latest_only.py
[2022-11-08T20:45:17.014+0900] {logging_mixin.py:117} INFO - [2022-11-08T20:45:17.014+0900] {dag.py:2573} INFO - Sync 1 DAGs
[2022-11-08T20:45:17.025+0900] {logging_mixin.py:117} INFO - [2022-11-08T20:45:17.024+0900] {dag.py:3324} INFO - Setting next_dagrun for latest_only to 2022-11-08T07:45:17.024828+00:00, run_after=2022-11-08T11:45:17.024828+00:00
[2022-11-08T20:45:17.041+0900] {processor.py:178} INFO - Processing /home/steve/.local/lib/python3.8/site-packages/airflow/example_dags/example_latest_only.py took 0.052 seconds
[2022-11-08T20:45:51.310+0900] {processor.py:156} INFO - Started process (PID=11842) to work on /home/steve/.local/lib/python3.8/site-packages/airflow/example_dags/example_latest_only.py
[2022-11-08T20:45:51.312+0900] {processor.py:758} INFO - Processing file /home/steve/.local/lib/python3.8/site-packages/airflow/example_dags/example_latest_only.py for tasks to queue
[2022-11-08T20:45:51.312+0900] {logging_mixin.py:117} INFO - [2022-11-08T20:45:51.312+0900] {dagbag.py:525} INFO - Filling up the DagBag from /home/steve/.local/lib/python3.8/site-packages/airflow/example_dags/example_latest_only.py
[2022-11-08T20:45:51.320+0900] {processor.py:768} INFO - DAG(s) dict_keys(['latest_only']) retrieved from /home/steve/.local/lib/python3.8/site-packages/airflow/example_dags/example_latest_only.py
[2022-11-08T20:45:51.335+0900] {logging_mixin.py:117} INFO - [2022-11-08T20:45:51.335+0900] {dag.py:2573} INFO - Sync 1 DAGs
[2022-11-08T20:45:51.345+0900] {logging_mixin.py:117} INFO - [2022-11-08T20:45:51.345+0900] {dag.py:3324} INFO - Setting next_dagrun for latest_only to 2022-11-08T07:45:51.345531+00:00, run_after=2022-11-08T11:45:51.345531+00:00
[2022-11-08T20:45:51.361+0900] {processor.py:178} INFO - Processing /home/steve/.local/lib/python3.8/site-packages/airflow/example_dags/example_latest_only.py took 0.053 seconds
[2022-11-08T20:46:27.262+0900] {processor.py:156} INFO - Started process (PID=11877) to work on /home/steve/.local/lib/python3.8/site-packages/airflow/example_dags/example_latest_only.py
[2022-11-08T20:46:27.264+0900] {processor.py:758} INFO - Processing file /home/steve/.local/lib/python3.8/site-packages/airflow/example_dags/example_latest_only.py for tasks to queue
[2022-11-08T20:46:27.265+0900] {logging_mixin.py:117} INFO - [2022-11-08T20:46:27.265+0900] {dagbag.py:525} INFO - Filling up the DagBag from /home/steve/.local/lib/python3.8/site-packages/airflow/example_dags/example_latest_only.py
[2022-11-08T20:46:27.271+0900] {processor.py:768} INFO - DAG(s) dict_keys(['latest_only']) retrieved from /home/steve/.local/lib/python3.8/site-packages/airflow/example_dags/example_latest_only.py
[2022-11-08T20:46:27.286+0900] {logging_mixin.py:117} INFO - [2022-11-08T20:46:27.286+0900] {dag.py:2573} INFO - Sync 1 DAGs
[2022-11-08T20:46:27.297+0900] {logging_mixin.py:117} INFO - [2022-11-08T20:46:27.297+0900] {dag.py:3324} INFO - Setting next_dagrun for latest_only to 2022-11-08T07:46:27.297311+00:00, run_after=2022-11-08T11:46:27.297311+00:00
[2022-11-08T20:46:27.312+0900] {processor.py:178} INFO - Processing /home/steve/.local/lib/python3.8/site-packages/airflow/example_dags/example_latest_only.py took 0.051 seconds
[2022-11-08T20:47:01.981+0900] {processor.py:156} INFO - Started process (PID=12023) to work on /home/steve/.local/lib/python3.8/site-packages/airflow/example_dags/example_latest_only.py
[2022-11-08T20:47:01.983+0900] {processor.py:758} INFO - Processing file /home/steve/.local/lib/python3.8/site-packages/airflow/example_dags/example_latest_only.py for tasks to queue
[2022-11-08T20:47:01.983+0900] {logging_mixin.py:117} INFO - [2022-11-08T20:47:01.983+0900] {dagbag.py:525} INFO - Filling up the DagBag from /home/steve/.local/lib/python3.8/site-packages/airflow/example_dags/example_latest_only.py
[2022-11-08T20:47:01.992+0900] {processor.py:768} INFO - DAG(s) dict_keys(['latest_only']) retrieved from /home/steve/.local/lib/python3.8/site-packages/airflow/example_dags/example_latest_only.py
[2022-11-08T20:47:02.009+0900] {logging_mixin.py:117} INFO - [2022-11-08T20:47:02.009+0900] {dag.py:2573} INFO - Sync 1 DAGs
[2022-11-08T20:47:02.022+0900] {logging_mixin.py:117} INFO - [2022-11-08T20:47:02.021+0900] {dag.py:3324} INFO - Setting next_dagrun for latest_only to 2022-11-08T07:47:02.021701+00:00, run_after=2022-11-08T11:47:02.021701+00:00
[2022-11-08T20:47:02.040+0900] {processor.py:178} INFO - Processing /home/steve/.local/lib/python3.8/site-packages/airflow/example_dags/example_latest_only.py took 0.061 seconds
[2022-11-08T20:47:38.900+0900] {processor.py:156} INFO - Started process (PID=12239) to work on /home/steve/.local/lib/python3.8/site-packages/airflow/example_dags/example_latest_only.py
[2022-11-08T20:47:38.903+0900] {processor.py:758} INFO - Processing file /home/steve/.local/lib/python3.8/site-packages/airflow/example_dags/example_latest_only.py for tasks to queue
[2022-11-08T20:47:38.903+0900] {logging_mixin.py:117} INFO - [2022-11-08T20:47:38.903+0900] {dagbag.py:525} INFO - Filling up the DagBag from /home/steve/.local/lib/python3.8/site-packages/airflow/example_dags/example_latest_only.py
[2022-11-08T20:47:38.912+0900] {processor.py:768} INFO - DAG(s) dict_keys(['latest_only']) retrieved from /home/steve/.local/lib/python3.8/site-packages/airflow/example_dags/example_latest_only.py
[2022-11-08T20:47:38.931+0900] {logging_mixin.py:117} INFO - [2022-11-08T20:47:38.930+0900] {dag.py:2573} INFO - Sync 1 DAGs
[2022-11-08T20:47:38.942+0900] {logging_mixin.py:117} INFO - [2022-11-08T20:47:38.942+0900] {dag.py:3324} INFO - Setting next_dagrun for latest_only to 2022-11-08T07:47:38.942628+00:00, run_after=2022-11-08T11:47:38.942628+00:00
[2022-11-08T20:47:38.959+0900] {processor.py:178} INFO - Processing /home/steve/.local/lib/python3.8/site-packages/airflow/example_dags/example_latest_only.py took 0.061 seconds
[2022-11-08T20:48:12.669+0900] {processor.py:156} INFO - Started process (PID=12273) to work on /home/steve/.local/lib/python3.8/site-packages/airflow/example_dags/example_latest_only.py
[2022-11-08T20:48:12.671+0900] {processor.py:758} INFO - Processing file /home/steve/.local/lib/python3.8/site-packages/airflow/example_dags/example_latest_only.py for tasks to queue
[2022-11-08T20:48:12.672+0900] {logging_mixin.py:117} INFO - [2022-11-08T20:48:12.672+0900] {dagbag.py:525} INFO - Filling up the DagBag from /home/steve/.local/lib/python3.8/site-packages/airflow/example_dags/example_latest_only.py
[2022-11-08T20:48:12.679+0900] {processor.py:768} INFO - DAG(s) dict_keys(['latest_only']) retrieved from /home/steve/.local/lib/python3.8/site-packages/airflow/example_dags/example_latest_only.py
[2022-11-08T20:48:12.698+0900] {logging_mixin.py:117} INFO - [2022-11-08T20:48:12.698+0900] {dag.py:2573} INFO - Sync 1 DAGs
[2022-11-08T20:48:12.711+0900] {logging_mixin.py:117} INFO - [2022-11-08T20:48:12.711+0900] {dag.py:3324} INFO - Setting next_dagrun for latest_only to 2022-11-08T07:48:12.711410+00:00, run_after=2022-11-08T11:48:12.711410+00:00
[2022-11-08T20:48:12.728+0900] {processor.py:178} INFO - Processing /home/steve/.local/lib/python3.8/site-packages/airflow/example_dags/example_latest_only.py took 0.060 seconds
[2022-11-08T20:48:47.803+0900] {processor.py:156} INFO - Started process (PID=12308) to work on /home/steve/.local/lib/python3.8/site-packages/airflow/example_dags/example_latest_only.py
[2022-11-08T20:48:47.804+0900] {processor.py:758} INFO - Processing file /home/steve/.local/lib/python3.8/site-packages/airflow/example_dags/example_latest_only.py for tasks to queue
[2022-11-08T20:48:47.804+0900] {logging_mixin.py:117} INFO - [2022-11-08T20:48:47.804+0900] {dagbag.py:525} INFO - Filling up the DagBag from /home/steve/.local/lib/python3.8/site-packages/airflow/example_dags/example_latest_only.py
[2022-11-08T20:48:47.812+0900] {processor.py:768} INFO - DAG(s) dict_keys(['latest_only']) retrieved from /home/steve/.local/lib/python3.8/site-packages/airflow/example_dags/example_latest_only.py
[2022-11-08T20:48:47.832+0900] {logging_mixin.py:117} INFO - [2022-11-08T20:48:47.832+0900] {dag.py:2573} INFO - Sync 1 DAGs
[2022-11-08T20:48:47.846+0900] {logging_mixin.py:117} INFO - [2022-11-08T20:48:47.846+0900] {dag.py:3324} INFO - Setting next_dagrun for latest_only to 2022-11-08T07:48:47.845811+00:00, run_after=2022-11-08T11:48:47.845811+00:00
[2022-11-08T20:48:47.862+0900] {processor.py:178} INFO - Processing /home/steve/.local/lib/python3.8/site-packages/airflow/example_dags/example_latest_only.py took 0.061 seconds
[2022-11-08T20:49:21.207+0900] {processor.py:156} INFO - Started process (PID=12344) to work on /home/steve/.local/lib/python3.8/site-packages/airflow/example_dags/example_latest_only.py
[2022-11-08T20:49:21.209+0900] {processor.py:758} INFO - Processing file /home/steve/.local/lib/python3.8/site-packages/airflow/example_dags/example_latest_only.py for tasks to queue
[2022-11-08T20:49:21.210+0900] {logging_mixin.py:117} INFO - [2022-11-08T20:49:21.209+0900] {dagbag.py:525} INFO - Filling up the DagBag from /home/steve/.local/lib/python3.8/site-packages/airflow/example_dags/example_latest_only.py
[2022-11-08T20:49:21.219+0900] {processor.py:768} INFO - DAG(s) dict_keys(['latest_only']) retrieved from /home/steve/.local/lib/python3.8/site-packages/airflow/example_dags/example_latest_only.py
[2022-11-08T20:49:21.235+0900] {logging_mixin.py:117} INFO - [2022-11-08T20:49:21.235+0900] {dag.py:2573} INFO - Sync 1 DAGs
[2022-11-08T20:49:21.246+0900] {logging_mixin.py:117} INFO - [2022-11-08T20:49:21.246+0900] {dag.py:3324} INFO - Setting next_dagrun for latest_only to 2022-11-08T07:49:21.246059+00:00, run_after=2022-11-08T11:49:21.246059+00:00
[2022-11-08T20:49:21.263+0900] {processor.py:178} INFO - Processing /home/steve/.local/lib/python3.8/site-packages/airflow/example_dags/example_latest_only.py took 0.057 seconds
[2022-11-08T20:49:57.172+0900] {processor.py:156} INFO - Started process (PID=12382) to work on /home/steve/.local/lib/python3.8/site-packages/airflow/example_dags/example_latest_only.py
[2022-11-08T20:49:57.175+0900] {processor.py:758} INFO - Processing file /home/steve/.local/lib/python3.8/site-packages/airflow/example_dags/example_latest_only.py for tasks to queue
[2022-11-08T20:49:57.175+0900] {logging_mixin.py:117} INFO - [2022-11-08T20:49:57.175+0900] {dagbag.py:525} INFO - Filling up the DagBag from /home/steve/.local/lib/python3.8/site-packages/airflow/example_dags/example_latest_only.py
[2022-11-08T20:49:57.183+0900] {processor.py:768} INFO - DAG(s) dict_keys(['latest_only']) retrieved from /home/steve/.local/lib/python3.8/site-packages/airflow/example_dags/example_latest_only.py
[2022-11-08T20:49:57.199+0900] {logging_mixin.py:117} INFO - [2022-11-08T20:49:57.199+0900] {dag.py:2573} INFO - Sync 1 DAGs
[2022-11-08T20:49:57.209+0900] {logging_mixin.py:117} INFO - [2022-11-08T20:49:57.209+0900] {dag.py:3324} INFO - Setting next_dagrun for latest_only to 2022-11-08T07:49:57.209540+00:00, run_after=2022-11-08T11:49:57.209540+00:00
[2022-11-08T20:49:57.228+0900] {processor.py:178} INFO - Processing /home/steve/.local/lib/python3.8/site-packages/airflow/example_dags/example_latest_only.py took 0.057 seconds
[2022-11-08T20:50:32.193+0900] {processor.py:156} INFO - Started process (PID=12517) to work on /home/steve/.local/lib/python3.8/site-packages/airflow/example_dags/example_latest_only.py
[2022-11-08T20:50:32.194+0900] {processor.py:758} INFO - Processing file /home/steve/.local/lib/python3.8/site-packages/airflow/example_dags/example_latest_only.py for tasks to queue
[2022-11-08T20:50:32.195+0900] {logging_mixin.py:117} INFO - [2022-11-08T20:50:32.195+0900] {dagbag.py:525} INFO - Filling up the DagBag from /home/steve/.local/lib/python3.8/site-packages/airflow/example_dags/example_latest_only.py
[2022-11-08T20:50:32.204+0900] {processor.py:768} INFO - DAG(s) dict_keys(['latest_only']) retrieved from /home/steve/.local/lib/python3.8/site-packages/airflow/example_dags/example_latest_only.py
[2022-11-08T20:50:32.223+0900] {logging_mixin.py:117} INFO - [2022-11-08T20:50:32.223+0900] {dag.py:2573} INFO - Sync 1 DAGs
[2022-11-08T20:50:32.234+0900] {logging_mixin.py:117} INFO - [2022-11-08T20:50:32.234+0900] {dag.py:3324} INFO - Setting next_dagrun for latest_only to 2022-11-08T07:50:32.234331+00:00, run_after=2022-11-08T11:50:32.234331+00:00
[2022-11-08T20:50:32.251+0900] {processor.py:178} INFO - Processing /home/steve/.local/lib/python3.8/site-packages/airflow/example_dags/example_latest_only.py took 0.060 seconds
[2022-11-08T20:51:07.529+0900] {processor.py:156} INFO - Started process (PID=12881) to work on /home/steve/.local/lib/python3.8/site-packages/airflow/example_dags/example_latest_only.py
[2022-11-08T20:51:07.531+0900] {processor.py:758} INFO - Processing file /home/steve/.local/lib/python3.8/site-packages/airflow/example_dags/example_latest_only.py for tasks to queue
[2022-11-08T20:51:07.531+0900] {logging_mixin.py:117} INFO - [2022-11-08T20:51:07.531+0900] {dagbag.py:525} INFO - Filling up the DagBag from /home/steve/.local/lib/python3.8/site-packages/airflow/example_dags/example_latest_only.py
[2022-11-08T20:51:07.538+0900] {processor.py:768} INFO - DAG(s) dict_keys(['latest_only']) retrieved from /home/steve/.local/lib/python3.8/site-packages/airflow/example_dags/example_latest_only.py
[2022-11-08T20:51:07.555+0900] {logging_mixin.py:117} INFO - [2022-11-08T20:51:07.555+0900] {dag.py:2573} INFO - Sync 1 DAGs
[2022-11-08T20:51:07.568+0900] {logging_mixin.py:117} INFO - [2022-11-08T20:51:07.568+0900] {dag.py:3324} INFO - Setting next_dagrun for latest_only to 2022-11-08T07:51:07.568626+00:00, run_after=2022-11-08T11:51:07.568626+00:00
[2022-11-08T20:51:07.591+0900] {processor.py:178} INFO - Processing /home/steve/.local/lib/python3.8/site-packages/airflow/example_dags/example_latest_only.py took 0.064 seconds
