[2022-11-08T19:44:51.114+0900] {processor.py:156} INFO - Started process (PID=7355) to work on /home/steve/.local/lib/python3.8/site-packages/airflow/example_dags/example_short_circuit_operator.py
[2022-11-08T19:44:51.115+0900] {processor.py:758} INFO - Processing file /home/steve/.local/lib/python3.8/site-packages/airflow/example_dags/example_short_circuit_operator.py for tasks to queue
[2022-11-08T19:44:51.115+0900] {logging_mixin.py:117} INFO - [2022-11-08T19:44:51.115+0900] {dagbag.py:525} INFO - Filling up the DagBag from /home/steve/.local/lib/python3.8/site-packages/airflow/example_dags/example_short_circuit_operator.py
[2022-11-08T19:44:51.125+0900] {processor.py:768} INFO - DAG(s) dict_keys(['example_short_circuit_operator']) retrieved from /home/steve/.local/lib/python3.8/site-packages/airflow/example_dags/example_short_circuit_operator.py
[2022-11-08T19:44:51.195+0900] {logging_mixin.py:117} INFO - [2022-11-08T19:44:51.194+0900] {manager.py:507} INFO - Created Permission View: can edit on DAG:example_short_circuit_operator
[2022-11-08T19:44:51.204+0900] {logging_mixin.py:117} INFO - [2022-11-08T19:44:51.204+0900] {manager.py:507} INFO - Created Permission View: can delete on DAG:example_short_circuit_operator
[2022-11-08T19:44:51.212+0900] {logging_mixin.py:117} INFO - [2022-11-08T19:44:51.211+0900] {manager.py:507} INFO - Created Permission View: can read on DAG:example_short_circuit_operator
[2022-11-08T19:44:51.212+0900] {logging_mixin.py:117} INFO - [2022-11-08T19:44:51.212+0900] {dag.py:2573} INFO - Sync 1 DAGs
[2022-11-08T19:44:51.282+0900] {logging_mixin.py:117} INFO - [2022-11-08T19:44:51.282+0900] {dag.py:2594} INFO - Creating ORM DAG for example_short_circuit_operator
[2022-11-08T19:44:51.287+0900] {logging_mixin.py:117} INFO - [2022-11-08T19:44:51.287+0900] {dag.py:3324} INFO - Setting next_dagrun for example_short_circuit_operator to 2022-11-07T10:44:51.286948+00:00, run_after=2022-11-08T10:44:51.286948+00:00
[2022-11-08T19:44:51.303+0900] {processor.py:178} INFO - Processing /home/steve/.local/lib/python3.8/site-packages/airflow/example_dags/example_short_circuit_operator.py took 0.190 seconds
[2022-11-08T19:45:27.651+0900] {processor.py:156} INFO - Started process (PID=7578) to work on /home/steve/.local/lib/python3.8/site-packages/airflow/example_dags/example_short_circuit_operator.py
[2022-11-08T19:45:27.653+0900] {processor.py:758} INFO - Processing file /home/steve/.local/lib/python3.8/site-packages/airflow/example_dags/example_short_circuit_operator.py for tasks to queue
[2022-11-08T19:45:27.654+0900] {logging_mixin.py:117} INFO - [2022-11-08T19:45:27.654+0900] {dagbag.py:525} INFO - Filling up the DagBag from /home/steve/.local/lib/python3.8/site-packages/airflow/example_dags/example_short_circuit_operator.py
[2022-11-08T19:45:27.666+0900] {processor.py:768} INFO - DAG(s) dict_keys(['example_short_circuit_operator']) retrieved from /home/steve/.local/lib/python3.8/site-packages/airflow/example_dags/example_short_circuit_operator.py
[2022-11-08T19:45:27.686+0900] {logging_mixin.py:117} INFO - [2022-11-08T19:45:27.686+0900] {dag.py:2573} INFO - Sync 1 DAGs
[2022-11-08T19:45:27.699+0900] {logging_mixin.py:117} INFO - [2022-11-08T19:45:27.699+0900] {dag.py:3324} INFO - Setting next_dagrun for example_short_circuit_operator to 2022-11-07T10:45:27.698915+00:00, run_after=2022-11-08T10:45:27.698915+00:00
[2022-11-08T19:45:27.717+0900] {processor.py:178} INFO - Processing /home/steve/.local/lib/python3.8/site-packages/airflow/example_dags/example_short_circuit_operator.py took 0.067 seconds
[2022-11-08T19:46:03.726+0900] {processor.py:156} INFO - Started process (PID=7792) to work on /home/steve/.local/lib/python3.8/site-packages/airflow/example_dags/example_short_circuit_operator.py
[2022-11-08T19:46:03.727+0900] {processor.py:758} INFO - Processing file /home/steve/.local/lib/python3.8/site-packages/airflow/example_dags/example_short_circuit_operator.py for tasks to queue
[2022-11-08T19:46:03.727+0900] {logging_mixin.py:117} INFO - [2022-11-08T19:46:03.727+0900] {dagbag.py:525} INFO - Filling up the DagBag from /home/steve/.local/lib/python3.8/site-packages/airflow/example_dags/example_short_circuit_operator.py
[2022-11-08T19:46:03.737+0900] {processor.py:768} INFO - DAG(s) dict_keys(['example_short_circuit_operator']) retrieved from /home/steve/.local/lib/python3.8/site-packages/airflow/example_dags/example_short_circuit_operator.py
[2022-11-08T19:46:03.754+0900] {logging_mixin.py:117} INFO - [2022-11-08T19:46:03.754+0900] {dag.py:2573} INFO - Sync 1 DAGs
[2022-11-08T19:46:03.765+0900] {logging_mixin.py:117} INFO - [2022-11-08T19:46:03.765+0900] {dag.py:3324} INFO - Setting next_dagrun for example_short_circuit_operator to 2022-11-07T10:46:03.765454+00:00, run_after=2022-11-08T10:46:03.765454+00:00
[2022-11-08T19:46:03.784+0900] {processor.py:178} INFO - Processing /home/steve/.local/lib/python3.8/site-packages/airflow/example_dags/example_short_circuit_operator.py took 0.060 seconds
[2022-11-08T19:46:39.724+0900] {processor.py:156} INFO - Started process (PID=7828) to work on /home/steve/.local/lib/python3.8/site-packages/airflow/example_dags/example_short_circuit_operator.py
[2022-11-08T19:46:39.725+0900] {processor.py:758} INFO - Processing file /home/steve/.local/lib/python3.8/site-packages/airflow/example_dags/example_short_circuit_operator.py for tasks to queue
[2022-11-08T19:46:39.726+0900] {logging_mixin.py:117} INFO - [2022-11-08T19:46:39.726+0900] {dagbag.py:525} INFO - Filling up the DagBag from /home/steve/.local/lib/python3.8/site-packages/airflow/example_dags/example_short_circuit_operator.py
[2022-11-08T19:46:39.734+0900] {processor.py:768} INFO - DAG(s) dict_keys(['example_short_circuit_operator']) retrieved from /home/steve/.local/lib/python3.8/site-packages/airflow/example_dags/example_short_circuit_operator.py
[2022-11-08T19:46:39.749+0900] {logging_mixin.py:117} INFO - [2022-11-08T19:46:39.749+0900] {dag.py:2573} INFO - Sync 1 DAGs
[2022-11-08T19:46:39.758+0900] {logging_mixin.py:117} INFO - [2022-11-08T19:46:39.758+0900] {dag.py:3324} INFO - Setting next_dagrun for example_short_circuit_operator to 2022-11-07T10:46:39.758450+00:00, run_after=2022-11-08T10:46:39.758450+00:00
[2022-11-08T19:46:39.775+0900] {processor.py:178} INFO - Processing /home/steve/.local/lib/python3.8/site-packages/airflow/example_dags/example_short_circuit_operator.py took 0.053 seconds
[2022-11-08T19:47:17.214+0900] {processor.py:156} INFO - Started process (PID=7906) to work on /home/steve/.local/lib/python3.8/site-packages/airflow/example_dags/example_short_circuit_operator.py
[2022-11-08T19:47:17.216+0900] {processor.py:758} INFO - Processing file /home/steve/.local/lib/python3.8/site-packages/airflow/example_dags/example_short_circuit_operator.py for tasks to queue
[2022-11-08T19:47:17.216+0900] {logging_mixin.py:117} INFO - [2022-11-08T19:47:17.216+0900] {dagbag.py:525} INFO - Filling up the DagBag from /home/steve/.local/lib/python3.8/site-packages/airflow/example_dags/example_short_circuit_operator.py
[2022-11-08T19:47:17.225+0900] {processor.py:768} INFO - DAG(s) dict_keys(['example_short_circuit_operator']) retrieved from /home/steve/.local/lib/python3.8/site-packages/airflow/example_dags/example_short_circuit_operator.py
[2022-11-08T19:47:17.239+0900] {logging_mixin.py:117} INFO - [2022-11-08T19:47:17.239+0900] {dag.py:2573} INFO - Sync 1 DAGs
[2022-11-08T19:47:17.249+0900] {logging_mixin.py:117} INFO - [2022-11-08T19:47:17.249+0900] {dag.py:3324} INFO - Setting next_dagrun for example_short_circuit_operator to 2022-11-07T10:47:17.249059+00:00, run_after=2022-11-08T10:47:17.249059+00:00
[2022-11-08T19:47:17.333+0900] {processor.py:178} INFO - Processing /home/steve/.local/lib/python3.8/site-packages/airflow/example_dags/example_short_circuit_operator.py took 0.120 seconds
[2022-11-08T19:47:52.907+0900] {processor.py:156} INFO - Started process (PID=7942) to work on /home/steve/.local/lib/python3.8/site-packages/airflow/example_dags/example_short_circuit_operator.py
[2022-11-08T19:47:52.908+0900] {processor.py:758} INFO - Processing file /home/steve/.local/lib/python3.8/site-packages/airflow/example_dags/example_short_circuit_operator.py for tasks to queue
[2022-11-08T19:47:52.908+0900] {logging_mixin.py:117} INFO - [2022-11-08T19:47:52.908+0900] {dagbag.py:525} INFO - Filling up the DagBag from /home/steve/.local/lib/python3.8/site-packages/airflow/example_dags/example_short_circuit_operator.py
[2022-11-08T19:47:52.916+0900] {processor.py:768} INFO - DAG(s) dict_keys(['example_short_circuit_operator']) retrieved from /home/steve/.local/lib/python3.8/site-packages/airflow/example_dags/example_short_circuit_operator.py
[2022-11-08T19:47:52.932+0900] {logging_mixin.py:117} INFO - [2022-11-08T19:47:52.931+0900] {dag.py:2573} INFO - Sync 1 DAGs
[2022-11-08T19:47:52.942+0900] {logging_mixin.py:117} INFO - [2022-11-08T19:47:52.942+0900] {dag.py:3324} INFO - Setting next_dagrun for example_short_circuit_operator to 2022-11-07T10:47:52.942043+00:00, run_after=2022-11-08T10:47:52.942043+00:00
[2022-11-08T19:47:53.024+0900] {processor.py:178} INFO - Processing /home/steve/.local/lib/python3.8/site-packages/airflow/example_dags/example_short_circuit_operator.py took 0.119 seconds
[2022-11-08T19:48:28.412+0900] {processor.py:156} INFO - Started process (PID=7975) to work on /home/steve/.local/lib/python3.8/site-packages/airflow/example_dags/example_short_circuit_operator.py
[2022-11-08T19:48:28.415+0900] {processor.py:758} INFO - Processing file /home/steve/.local/lib/python3.8/site-packages/airflow/example_dags/example_short_circuit_operator.py for tasks to queue
[2022-11-08T19:48:28.415+0900] {logging_mixin.py:117} INFO - [2022-11-08T19:48:28.415+0900] {dagbag.py:525} INFO - Filling up the DagBag from /home/steve/.local/lib/python3.8/site-packages/airflow/example_dags/example_short_circuit_operator.py
[2022-11-08T19:48:28.423+0900] {processor.py:768} INFO - DAG(s) dict_keys(['example_short_circuit_operator']) retrieved from /home/steve/.local/lib/python3.8/site-packages/airflow/example_dags/example_short_circuit_operator.py
[2022-11-08T19:48:28.438+0900] {logging_mixin.py:117} INFO - [2022-11-08T19:48:28.438+0900] {dag.py:2573} INFO - Sync 1 DAGs
[2022-11-08T19:48:28.512+0900] {logging_mixin.py:117} INFO - [2022-11-08T19:48:28.512+0900] {dag.py:3324} INFO - Setting next_dagrun for example_short_circuit_operator to 2022-11-07T10:48:28.512334+00:00, run_after=2022-11-08T10:48:28.512334+00:00
[2022-11-08T19:48:28.528+0900] {processor.py:178} INFO - Processing /home/steve/.local/lib/python3.8/site-packages/airflow/example_dags/example_short_circuit_operator.py took 0.118 seconds
[2022-11-08T19:49:05.205+0900] {processor.py:156} INFO - Started process (PID=8011) to work on /home/steve/.local/lib/python3.8/site-packages/airflow/example_dags/example_short_circuit_operator.py
[2022-11-08T19:49:05.207+0900] {processor.py:758} INFO - Processing file /home/steve/.local/lib/python3.8/site-packages/airflow/example_dags/example_short_circuit_operator.py for tasks to queue
[2022-11-08T19:49:05.207+0900] {logging_mixin.py:117} INFO - [2022-11-08T19:49:05.207+0900] {dagbag.py:525} INFO - Filling up the DagBag from /home/steve/.local/lib/python3.8/site-packages/airflow/example_dags/example_short_circuit_operator.py
[2022-11-08T19:49:05.216+0900] {processor.py:768} INFO - DAG(s) dict_keys(['example_short_circuit_operator']) retrieved from /home/steve/.local/lib/python3.8/site-packages/airflow/example_dags/example_short_circuit_operator.py
[2022-11-08T19:49:05.231+0900] {logging_mixin.py:117} INFO - [2022-11-08T19:49:05.231+0900] {dag.py:2573} INFO - Sync 1 DAGs
[2022-11-08T19:49:05.305+0900] {logging_mixin.py:117} INFO - [2022-11-08T19:49:05.305+0900] {dag.py:3324} INFO - Setting next_dagrun for example_short_circuit_operator to 2022-11-07T10:49:05.305482+00:00, run_after=2022-11-08T10:49:05.305482+00:00
[2022-11-08T19:49:05.321+0900] {processor.py:178} INFO - Processing /home/steve/.local/lib/python3.8/site-packages/airflow/example_dags/example_short_circuit_operator.py took 0.117 seconds
[2022-11-08T19:49:42.878+0900] {processor.py:156} INFO - Started process (PID=8075) to work on /home/steve/.local/lib/python3.8/site-packages/airflow/example_dags/example_short_circuit_operator.py
[2022-11-08T19:49:42.879+0900] {processor.py:758} INFO - Processing file /home/steve/.local/lib/python3.8/site-packages/airflow/example_dags/example_short_circuit_operator.py for tasks to queue
[2022-11-08T19:49:42.879+0900] {logging_mixin.py:117} INFO - [2022-11-08T19:49:42.879+0900] {dagbag.py:525} INFO - Filling up the DagBag from /home/steve/.local/lib/python3.8/site-packages/airflow/example_dags/example_short_circuit_operator.py
[2022-11-08T19:49:42.887+0900] {processor.py:768} INFO - DAG(s) dict_keys(['example_short_circuit_operator']) retrieved from /home/steve/.local/lib/python3.8/site-packages/airflow/example_dags/example_short_circuit_operator.py
[2022-11-08T19:49:42.970+0900] {logging_mixin.py:117} INFO - [2022-11-08T19:49:42.970+0900] {dag.py:2573} INFO - Sync 1 DAGs
[2022-11-08T19:49:42.978+0900] {logging_mixin.py:117} INFO - [2022-11-08T19:49:42.978+0900] {dag.py:3324} INFO - Setting next_dagrun for example_short_circuit_operator to 2022-11-07T10:49:42.978550+00:00, run_after=2022-11-08T10:49:42.978550+00:00
[2022-11-08T19:49:42.993+0900] {processor.py:178} INFO - Processing /home/steve/.local/lib/python3.8/site-packages/airflow/example_dags/example_short_circuit_operator.py took 0.117 seconds
[2022-11-08T19:50:17.803+0900] {processor.py:156} INFO - Started process (PID=8109) to work on /home/steve/.local/lib/python3.8/site-packages/airflow/example_dags/example_short_circuit_operator.py
[2022-11-08T19:50:17.806+0900] {processor.py:758} INFO - Processing file /home/steve/.local/lib/python3.8/site-packages/airflow/example_dags/example_short_circuit_operator.py for tasks to queue
[2022-11-08T19:50:17.806+0900] {logging_mixin.py:117} INFO - [2022-11-08T19:50:17.806+0900] {dagbag.py:525} INFO - Filling up the DagBag from /home/steve/.local/lib/python3.8/site-packages/airflow/example_dags/example_short_circuit_operator.py
[2022-11-08T19:50:17.814+0900] {processor.py:768} INFO - DAG(s) dict_keys(['example_short_circuit_operator']) retrieved from /home/steve/.local/lib/python3.8/site-packages/airflow/example_dags/example_short_circuit_operator.py
[2022-11-08T19:50:17.894+0900] {logging_mixin.py:117} INFO - [2022-11-08T19:50:17.894+0900] {dag.py:2573} INFO - Sync 1 DAGs
[2022-11-08T19:50:17.903+0900] {logging_mixin.py:117} INFO - [2022-11-08T19:50:17.902+0900] {dag.py:3324} INFO - Setting next_dagrun for example_short_circuit_operator to 2022-11-07T10:50:17.902876+00:00, run_after=2022-11-08T10:50:17.902876+00:00
[2022-11-08T19:50:17.919+0900] {processor.py:178} INFO - Processing /home/steve/.local/lib/python3.8/site-packages/airflow/example_dags/example_short_circuit_operator.py took 0.117 seconds
[2022-11-08T19:50:52.328+0900] {processor.py:156} INFO - Started process (PID=8143) to work on /home/steve/.local/lib/python3.8/site-packages/airflow/example_dags/example_short_circuit_operator.py
[2022-11-08T19:50:52.330+0900] {processor.py:758} INFO - Processing file /home/steve/.local/lib/python3.8/site-packages/airflow/example_dags/example_short_circuit_operator.py for tasks to queue
[2022-11-08T19:50:52.330+0900] {logging_mixin.py:117} INFO - [2022-11-08T19:50:52.330+0900] {dagbag.py:525} INFO - Filling up the DagBag from /home/steve/.local/lib/python3.8/site-packages/airflow/example_dags/example_short_circuit_operator.py
[2022-11-08T19:50:52.409+0900] {processor.py:768} INFO - DAG(s) dict_keys(['example_short_circuit_operator']) retrieved from /home/steve/.local/lib/python3.8/site-packages/airflow/example_dags/example_short_circuit_operator.py
[2022-11-08T19:50:52.422+0900] {logging_mixin.py:117} INFO - [2022-11-08T19:50:52.422+0900] {dag.py:2573} INFO - Sync 1 DAGs
[2022-11-08T19:50:52.430+0900] {logging_mixin.py:117} INFO - [2022-11-08T19:50:52.430+0900] {dag.py:3324} INFO - Setting next_dagrun for example_short_circuit_operator to 2022-11-07T10:50:52.430744+00:00, run_after=2022-11-08T10:50:52.430744+00:00
[2022-11-08T19:50:52.446+0900] {processor.py:178} INFO - Processing /home/steve/.local/lib/python3.8/site-packages/airflow/example_dags/example_short_circuit_operator.py took 0.120 seconds
[2022-11-08T19:51:30.512+0900] {processor.py:156} INFO - Started process (PID=8179) to work on /home/steve/.local/lib/python3.8/site-packages/airflow/example_dags/example_short_circuit_operator.py
[2022-11-08T19:51:30.514+0900] {processor.py:758} INFO - Processing file /home/steve/.local/lib/python3.8/site-packages/airflow/example_dags/example_short_circuit_operator.py for tasks to queue
[2022-11-08T19:51:30.514+0900] {logging_mixin.py:117} INFO - [2022-11-08T19:51:30.514+0900] {dagbag.py:525} INFO - Filling up the DagBag from /home/steve/.local/lib/python3.8/site-packages/airflow/example_dags/example_short_circuit_operator.py
[2022-11-08T19:51:30.589+0900] {processor.py:768} INFO - DAG(s) dict_keys(['example_short_circuit_operator']) retrieved from /home/steve/.local/lib/python3.8/site-packages/airflow/example_dags/example_short_circuit_operator.py
[2022-11-08T19:51:30.601+0900] {logging_mixin.py:117} INFO - [2022-11-08T19:51:30.601+0900] {dag.py:2573} INFO - Sync 1 DAGs
[2022-11-08T19:51:30.610+0900] {logging_mixin.py:117} INFO - [2022-11-08T19:51:30.610+0900] {dag.py:3324} INFO - Setting next_dagrun for example_short_circuit_operator to 2022-11-07T10:51:30.610067+00:00, run_after=2022-11-08T10:51:30.610067+00:00
[2022-11-08T19:51:30.625+0900] {processor.py:178} INFO - Processing /home/steve/.local/lib/python3.8/site-packages/airflow/example_dags/example_short_circuit_operator.py took 0.114 seconds
[2022-11-08T19:52:02.506+0900] {processor.py:156} INFO - Started process (PID=8213) to work on /home/steve/.local/lib/python3.8/site-packages/airflow/example_dags/example_short_circuit_operator.py
[2022-11-08T19:52:02.506+0900] {processor.py:758} INFO - Processing file /home/steve/.local/lib/python3.8/site-packages/airflow/example_dags/example_short_circuit_operator.py for tasks to queue
[2022-11-08T19:52:02.507+0900] {logging_mixin.py:117} INFO - [2022-11-08T19:52:02.506+0900] {dagbag.py:525} INFO - Filling up the DagBag from /home/steve/.local/lib/python3.8/site-packages/airflow/example_dags/example_short_circuit_operator.py
[2022-11-08T19:52:02.515+0900] {processor.py:768} INFO - DAG(s) dict_keys(['example_short_circuit_operator']) retrieved from /home/steve/.local/lib/python3.8/site-packages/airflow/example_dags/example_short_circuit_operator.py
[2022-11-08T19:52:02.530+0900] {logging_mixin.py:117} INFO - [2022-11-08T19:52:02.529+0900] {dag.py:2573} INFO - Sync 1 DAGs
[2022-11-08T19:52:02.540+0900] {logging_mixin.py:117} INFO - [2022-11-08T19:52:02.540+0900] {dag.py:3324} INFO - Setting next_dagrun for example_short_circuit_operator to 2022-11-07T10:52:02.539890+00:00, run_after=2022-11-08T10:52:02.539890+00:00
[2022-11-08T19:52:02.556+0900] {processor.py:178} INFO - Processing /home/steve/.local/lib/python3.8/site-packages/airflow/example_dags/example_short_circuit_operator.py took 0.051 seconds
[2022-11-08T19:52:36.343+0900] {processor.py:156} INFO - Started process (PID=8249) to work on /home/steve/.local/lib/python3.8/site-packages/airflow/example_dags/example_short_circuit_operator.py
[2022-11-08T19:52:36.345+0900] {processor.py:758} INFO - Processing file /home/steve/.local/lib/python3.8/site-packages/airflow/example_dags/example_short_circuit_operator.py for tasks to queue
[2022-11-08T19:52:36.346+0900] {logging_mixin.py:117} INFO - [2022-11-08T19:52:36.346+0900] {dagbag.py:525} INFO - Filling up the DagBag from /home/steve/.local/lib/python3.8/site-packages/airflow/example_dags/example_short_circuit_operator.py
[2022-11-08T19:52:36.354+0900] {processor.py:768} INFO - DAG(s) dict_keys(['example_short_circuit_operator']) retrieved from /home/steve/.local/lib/python3.8/site-packages/airflow/example_dags/example_short_circuit_operator.py
[2022-11-08T19:52:36.370+0900] {logging_mixin.py:117} INFO - [2022-11-08T19:52:36.370+0900] {dag.py:2573} INFO - Sync 1 DAGs
[2022-11-08T19:52:36.380+0900] {logging_mixin.py:117} INFO - [2022-11-08T19:52:36.380+0900] {dag.py:3324} INFO - Setting next_dagrun for example_short_circuit_operator to 2022-11-07T10:52:36.380138+00:00, run_after=2022-11-08T10:52:36.380138+00:00
[2022-11-08T19:52:36.396+0900] {processor.py:178} INFO - Processing /home/steve/.local/lib/python3.8/site-packages/airflow/example_dags/example_short_circuit_operator.py took 0.054 seconds
[2022-11-08T19:53:11.453+0900] {processor.py:156} INFO - Started process (PID=8454) to work on /home/steve/.local/lib/python3.8/site-packages/airflow/example_dags/example_short_circuit_operator.py
[2022-11-08T19:53:11.453+0900] {processor.py:758} INFO - Processing file /home/steve/.local/lib/python3.8/site-packages/airflow/example_dags/example_short_circuit_operator.py for tasks to queue
[2022-11-08T19:53:11.454+0900] {logging_mixin.py:117} INFO - [2022-11-08T19:53:11.454+0900] {dagbag.py:525} INFO - Filling up the DagBag from /home/steve/.local/lib/python3.8/site-packages/airflow/example_dags/example_short_circuit_operator.py
[2022-11-08T19:53:11.463+0900] {processor.py:768} INFO - DAG(s) dict_keys(['example_short_circuit_operator']) retrieved from /home/steve/.local/lib/python3.8/site-packages/airflow/example_dags/example_short_circuit_operator.py
[2022-11-08T19:53:11.473+0900] {logging_mixin.py:117} INFO - [2022-11-08T19:53:11.473+0900] {dag.py:2573} INFO - Sync 1 DAGs
[2022-11-08T19:53:11.483+0900] {logging_mixin.py:117} INFO - [2022-11-08T19:53:11.483+0900] {dag.py:3324} INFO - Setting next_dagrun for example_short_circuit_operator to 2022-11-07T10:53:11.483584+00:00, run_after=2022-11-08T10:53:11.483584+00:00
[2022-11-08T19:53:11.500+0900] {processor.py:178} INFO - Processing /home/steve/.local/lib/python3.8/site-packages/airflow/example_dags/example_short_circuit_operator.py took 0.048 seconds
[2022-11-08T19:53:45.086+0900] {processor.py:156} INFO - Started process (PID=8549) to work on /home/steve/.local/lib/python3.8/site-packages/airflow/example_dags/example_short_circuit_operator.py
[2022-11-08T19:53:45.086+0900] {processor.py:758} INFO - Processing file /home/steve/.local/lib/python3.8/site-packages/airflow/example_dags/example_short_circuit_operator.py for tasks to queue
[2022-11-08T19:53:45.087+0900] {logging_mixin.py:117} INFO - [2022-11-08T19:53:45.087+0900] {dagbag.py:525} INFO - Filling up the DagBag from /home/steve/.local/lib/python3.8/site-packages/airflow/example_dags/example_short_circuit_operator.py
[2022-11-08T19:53:45.095+0900] {processor.py:768} INFO - DAG(s) dict_keys(['example_short_circuit_operator']) retrieved from /home/steve/.local/lib/python3.8/site-packages/airflow/example_dags/example_short_circuit_operator.py
[2022-11-08T19:53:45.116+0900] {logging_mixin.py:117} INFO - [2022-11-08T19:53:45.116+0900] {dag.py:2573} INFO - Sync 1 DAGs
[2022-11-08T19:53:45.131+0900] {logging_mixin.py:117} INFO - [2022-11-08T19:53:45.131+0900] {dag.py:3324} INFO - Setting next_dagrun for example_short_circuit_operator to 2022-11-07T10:53:45.131361+00:00, run_after=2022-11-08T10:53:45.131361+00:00
[2022-11-08T19:53:45.154+0900] {processor.py:178} INFO - Processing /home/steve/.local/lib/python3.8/site-packages/airflow/example_dags/example_short_circuit_operator.py took 0.070 seconds
[2022-11-08T19:54:19.298+0900] {processor.py:156} INFO - Started process (PID=8659) to work on /home/steve/.local/lib/python3.8/site-packages/airflow/example_dags/example_short_circuit_operator.py
[2022-11-08T19:54:19.301+0900] {processor.py:758} INFO - Processing file /home/steve/.local/lib/python3.8/site-packages/airflow/example_dags/example_short_circuit_operator.py for tasks to queue
[2022-11-08T19:54:19.301+0900] {logging_mixin.py:117} INFO - [2022-11-08T19:54:19.301+0900] {dagbag.py:525} INFO - Filling up the DagBag from /home/steve/.local/lib/python3.8/site-packages/airflow/example_dags/example_short_circuit_operator.py
[2022-11-08T19:54:19.310+0900] {processor.py:768} INFO - DAG(s) dict_keys(['example_short_circuit_operator']) retrieved from /home/steve/.local/lib/python3.8/site-packages/airflow/example_dags/example_short_circuit_operator.py
[2022-11-08T19:54:19.327+0900] {logging_mixin.py:117} INFO - [2022-11-08T19:54:19.327+0900] {dag.py:2573} INFO - Sync 1 DAGs
[2022-11-08T19:54:19.337+0900] {logging_mixin.py:117} INFO - [2022-11-08T19:54:19.337+0900] {dag.py:3324} INFO - Setting next_dagrun for example_short_circuit_operator to 2022-11-07T10:54:19.337359+00:00, run_after=2022-11-08T10:54:19.337359+00:00
[2022-11-08T19:54:19.354+0900] {processor.py:178} INFO - Processing /home/steve/.local/lib/python3.8/site-packages/airflow/example_dags/example_short_circuit_operator.py took 0.058 seconds
[2022-11-08T19:54:55.009+0900] {processor.py:156} INFO - Started process (PID=8963) to work on /home/steve/.local/lib/python3.8/site-packages/airflow/example_dags/example_short_circuit_operator.py
[2022-11-08T19:54:55.010+0900] {processor.py:758} INFO - Processing file /home/steve/.local/lib/python3.8/site-packages/airflow/example_dags/example_short_circuit_operator.py for tasks to queue
[2022-11-08T19:54:55.010+0900] {logging_mixin.py:117} INFO - [2022-11-08T19:54:55.010+0900] {dagbag.py:525} INFO - Filling up the DagBag from /home/steve/.local/lib/python3.8/site-packages/airflow/example_dags/example_short_circuit_operator.py
[2022-11-08T19:54:55.018+0900] {processor.py:768} INFO - DAG(s) dict_keys(['example_short_circuit_operator']) retrieved from /home/steve/.local/lib/python3.8/site-packages/airflow/example_dags/example_short_circuit_operator.py
[2022-11-08T19:54:55.033+0900] {logging_mixin.py:117} INFO - [2022-11-08T19:54:55.033+0900] {dag.py:2573} INFO - Sync 1 DAGs
[2022-11-08T19:54:55.043+0900] {logging_mixin.py:117} INFO - [2022-11-08T19:54:55.043+0900] {dag.py:3324} INFO - Setting next_dagrun for example_short_circuit_operator to 2022-11-07T10:54:55.043514+00:00, run_after=2022-11-08T10:54:55.043514+00:00
[2022-11-08T19:54:55.060+0900] {processor.py:178} INFO - Processing /home/steve/.local/lib/python3.8/site-packages/airflow/example_dags/example_short_circuit_operator.py took 0.052 seconds
[2022-11-08T20:27:03.995+0900] {processor.py:156} INFO - Started process (PID=9777) to work on /home/steve/.local/lib/python3.8/site-packages/airflow/example_dags/example_short_circuit_operator.py
[2022-11-08T20:27:03.997+0900] {processor.py:758} INFO - Processing file /home/steve/.local/lib/python3.8/site-packages/airflow/example_dags/example_short_circuit_operator.py for tasks to queue
[2022-11-08T20:27:03.997+0900] {logging_mixin.py:117} INFO - [2022-11-08T20:27:03.997+0900] {dagbag.py:525} INFO - Filling up the DagBag from /home/steve/.local/lib/python3.8/site-packages/airflow/example_dags/example_short_circuit_operator.py
[2022-11-08T20:27:04.007+0900] {processor.py:768} INFO - DAG(s) dict_keys(['example_short_circuit_operator']) retrieved from /home/steve/.local/lib/python3.8/site-packages/airflow/example_dags/example_short_circuit_operator.py
[2022-11-08T20:27:04.023+0900] {logging_mixin.py:117} INFO - [2022-11-08T20:27:04.023+0900] {dag.py:2573} INFO - Sync 1 DAGs
[2022-11-08T20:27:04.033+0900] {logging_mixin.py:117} INFO - [2022-11-08T20:27:04.033+0900] {dag.py:3324} INFO - Setting next_dagrun for example_short_circuit_operator to 2022-11-07T11:27:04.033522+00:00, run_after=2022-11-08T11:27:04.033522+00:00
[2022-11-08T20:27:04.049+0900] {processor.py:178} INFO - Processing /home/steve/.local/lib/python3.8/site-packages/airflow/example_dags/example_short_circuit_operator.py took 0.056 seconds
[2022-11-08T20:27:37.797+0900] {processor.py:156} INFO - Started process (PID=9833) to work on /home/steve/.local/lib/python3.8/site-packages/airflow/example_dags/example_short_circuit_operator.py
[2022-11-08T20:27:37.798+0900] {processor.py:758} INFO - Processing file /home/steve/.local/lib/python3.8/site-packages/airflow/example_dags/example_short_circuit_operator.py for tasks to queue
[2022-11-08T20:27:37.799+0900] {logging_mixin.py:117} INFO - [2022-11-08T20:27:37.799+0900] {dagbag.py:525} INFO - Filling up the DagBag from /home/steve/.local/lib/python3.8/site-packages/airflow/example_dags/example_short_circuit_operator.py
[2022-11-08T20:27:37.810+0900] {processor.py:768} INFO - DAG(s) dict_keys(['example_short_circuit_operator']) retrieved from /home/steve/.local/lib/python3.8/site-packages/airflow/example_dags/example_short_circuit_operator.py
[2022-11-08T20:27:37.828+0900] {logging_mixin.py:117} INFO - [2022-11-08T20:27:37.828+0900] {dag.py:2573} INFO - Sync 1 DAGs
[2022-11-08T20:27:37.840+0900] {logging_mixin.py:117} INFO - [2022-11-08T20:27:37.840+0900] {dag.py:3324} INFO - Setting next_dagrun for example_short_circuit_operator to 2022-11-07T11:27:37.840060+00:00, run_after=2022-11-08T11:27:37.840060+00:00
[2022-11-08T20:27:37.857+0900] {processor.py:178} INFO - Processing /home/steve/.local/lib/python3.8/site-packages/airflow/example_dags/example_short_circuit_operator.py took 0.062 seconds
[2022-11-08T20:28:14.927+0900] {processor.py:156} INFO - Started process (PID=9869) to work on /home/steve/.local/lib/python3.8/site-packages/airflow/example_dags/example_short_circuit_operator.py
[2022-11-08T20:28:14.928+0900] {processor.py:758} INFO - Processing file /home/steve/.local/lib/python3.8/site-packages/airflow/example_dags/example_short_circuit_operator.py for tasks to queue
[2022-11-08T20:28:14.929+0900] {logging_mixin.py:117} INFO - [2022-11-08T20:28:14.929+0900] {dagbag.py:525} INFO - Filling up the DagBag from /home/steve/.local/lib/python3.8/site-packages/airflow/example_dags/example_short_circuit_operator.py
[2022-11-08T20:28:14.937+0900] {processor.py:768} INFO - DAG(s) dict_keys(['example_short_circuit_operator']) retrieved from /home/steve/.local/lib/python3.8/site-packages/airflow/example_dags/example_short_circuit_operator.py
[2022-11-08T20:28:14.954+0900] {logging_mixin.py:117} INFO - [2022-11-08T20:28:14.954+0900] {dag.py:2573} INFO - Sync 1 DAGs
[2022-11-08T20:28:14.964+0900] {logging_mixin.py:117} INFO - [2022-11-08T20:28:14.964+0900] {dag.py:3324} INFO - Setting next_dagrun for example_short_circuit_operator to 2022-11-07T11:28:14.964626+00:00, run_after=2022-11-08T11:28:14.964626+00:00
[2022-11-08T20:28:14.982+0900] {processor.py:178} INFO - Processing /home/steve/.local/lib/python3.8/site-packages/airflow/example_dags/example_short_circuit_operator.py took 0.056 seconds
[2022-11-08T20:28:49.963+0900] {processor.py:156} INFO - Started process (PID=10043) to work on /home/steve/.local/lib/python3.8/site-packages/airflow/example_dags/example_short_circuit_operator.py
[2022-11-08T20:28:49.964+0900] {processor.py:758} INFO - Processing file /home/steve/.local/lib/python3.8/site-packages/airflow/example_dags/example_short_circuit_operator.py for tasks to queue
[2022-11-08T20:28:49.964+0900] {logging_mixin.py:117} INFO - [2022-11-08T20:28:49.964+0900] {dagbag.py:525} INFO - Filling up the DagBag from /home/steve/.local/lib/python3.8/site-packages/airflow/example_dags/example_short_circuit_operator.py
[2022-11-08T20:28:49.973+0900] {processor.py:768} INFO - DAG(s) dict_keys(['example_short_circuit_operator']) retrieved from /home/steve/.local/lib/python3.8/site-packages/airflow/example_dags/example_short_circuit_operator.py
[2022-11-08T20:28:49.990+0900] {logging_mixin.py:117} INFO - [2022-11-08T20:28:49.990+0900] {dag.py:2573} INFO - Sync 1 DAGs
[2022-11-08T20:28:50.001+0900] {logging_mixin.py:117} INFO - [2022-11-08T20:28:50.001+0900] {dag.py:3324} INFO - Setting next_dagrun for example_short_circuit_operator to 2022-11-07T11:28:50.000988+00:00, run_after=2022-11-08T11:28:50.000988+00:00
[2022-11-08T20:28:50.016+0900] {processor.py:178} INFO - Processing /home/steve/.local/lib/python3.8/site-packages/airflow/example_dags/example_short_circuit_operator.py took 0.055 seconds
[2022-11-08T20:29:27.270+0900] {processor.py:156} INFO - Started process (PID=10251) to work on /home/steve/.local/lib/python3.8/site-packages/airflow/example_dags/example_short_circuit_operator.py
[2022-11-08T20:29:27.272+0900] {processor.py:758} INFO - Processing file /home/steve/.local/lib/python3.8/site-packages/airflow/example_dags/example_short_circuit_operator.py for tasks to queue
[2022-11-08T20:29:27.272+0900] {logging_mixin.py:117} INFO - [2022-11-08T20:29:27.272+0900] {dagbag.py:525} INFO - Filling up the DagBag from /home/steve/.local/lib/python3.8/site-packages/airflow/example_dags/example_short_circuit_operator.py
[2022-11-08T20:29:27.281+0900] {processor.py:768} INFO - DAG(s) dict_keys(['example_short_circuit_operator']) retrieved from /home/steve/.local/lib/python3.8/site-packages/airflow/example_dags/example_short_circuit_operator.py
[2022-11-08T20:29:27.297+0900] {logging_mixin.py:117} INFO - [2022-11-08T20:29:27.297+0900] {dag.py:2573} INFO - Sync 1 DAGs
[2022-11-08T20:29:27.307+0900] {logging_mixin.py:117} INFO - [2022-11-08T20:29:27.307+0900] {dag.py:3324} INFO - Setting next_dagrun for example_short_circuit_operator to 2022-11-07T11:29:27.307333+00:00, run_after=2022-11-08T11:29:27.307333+00:00
[2022-11-08T20:29:27.389+0900] {processor.py:178} INFO - Processing /home/steve/.local/lib/python3.8/site-packages/airflow/example_dags/example_short_circuit_operator.py took 0.120 seconds
[2022-11-08T20:30:06.078+0900] {processor.py:156} INFO - Started process (PID=10437) to work on /home/steve/.local/lib/python3.8/site-packages/airflow/example_dags/example_short_circuit_operator.py
[2022-11-08T20:30:06.079+0900] {processor.py:758} INFO - Processing file /home/steve/.local/lib/python3.8/site-packages/airflow/example_dags/example_short_circuit_operator.py for tasks to queue
[2022-11-08T20:30:06.079+0900] {logging_mixin.py:117} INFO - [2022-11-08T20:30:06.079+0900] {dagbag.py:525} INFO - Filling up the DagBag from /home/steve/.local/lib/python3.8/site-packages/airflow/example_dags/example_short_circuit_operator.py
[2022-11-08T20:30:06.089+0900] {processor.py:768} INFO - DAG(s) dict_keys(['example_short_circuit_operator']) retrieved from /home/steve/.local/lib/python3.8/site-packages/airflow/example_dags/example_short_circuit_operator.py
[2022-11-08T20:30:06.107+0900] {logging_mixin.py:117} INFO - [2022-11-08T20:30:06.106+0900] {dag.py:2573} INFO - Sync 1 DAGs
[2022-11-08T20:30:06.120+0900] {logging_mixin.py:117} INFO - [2022-11-08T20:30:06.120+0900] {dag.py:3324} INFO - Setting next_dagrun for example_short_circuit_operator to 2022-11-07T11:30:06.120716+00:00, run_after=2022-11-08T11:30:06.120716+00:00
[2022-11-08T20:30:06.220+0900] {processor.py:178} INFO - Processing /home/steve/.local/lib/python3.8/site-packages/airflow/example_dags/example_short_circuit_operator.py took 0.144 seconds
[2022-11-08T20:30:42.014+0900] {processor.py:156} INFO - Started process (PID=10561) to work on /home/steve/.local/lib/python3.8/site-packages/airflow/example_dags/example_short_circuit_operator.py
[2022-11-08T20:30:42.016+0900] {processor.py:758} INFO - Processing file /home/steve/.local/lib/python3.8/site-packages/airflow/example_dags/example_short_circuit_operator.py for tasks to queue
[2022-11-08T20:30:42.017+0900] {logging_mixin.py:117} INFO - [2022-11-08T20:30:42.017+0900] {dagbag.py:525} INFO - Filling up the DagBag from /home/steve/.local/lib/python3.8/site-packages/airflow/example_dags/example_short_circuit_operator.py
[2022-11-08T20:30:42.027+0900] {processor.py:768} INFO - DAG(s) dict_keys(['example_short_circuit_operator']) retrieved from /home/steve/.local/lib/python3.8/site-packages/airflow/example_dags/example_short_circuit_operator.py
[2022-11-08T20:30:42.044+0900] {logging_mixin.py:117} INFO - [2022-11-08T20:30:42.044+0900] {dag.py:2573} INFO - Sync 1 DAGs
[2022-11-08T20:30:42.144+0900] {logging_mixin.py:117} INFO - [2022-11-08T20:30:42.144+0900] {dag.py:3324} INFO - Setting next_dagrun for example_short_circuit_operator to 2022-11-07T11:30:42.144723+00:00, run_after=2022-11-08T11:30:42.144723+00:00
[2022-11-08T20:30:42.165+0900] {processor.py:178} INFO - Processing /home/steve/.local/lib/python3.8/site-packages/airflow/example_dags/example_short_circuit_operator.py took 0.153 seconds
[2022-11-08T20:31:19.930+0900] {processor.py:156} INFO - Started process (PID=10711) to work on /home/steve/.local/lib/python3.8/site-packages/airflow/example_dags/example_short_circuit_operator.py
[2022-11-08T20:31:19.932+0900] {processor.py:758} INFO - Processing file /home/steve/.local/lib/python3.8/site-packages/airflow/example_dags/example_short_circuit_operator.py for tasks to queue
[2022-11-08T20:31:19.932+0900] {logging_mixin.py:117} INFO - [2022-11-08T20:31:19.932+0900] {dagbag.py:525} INFO - Filling up the DagBag from /home/steve/.local/lib/python3.8/site-packages/airflow/example_dags/example_short_circuit_operator.py
[2022-11-08T20:31:19.941+0900] {processor.py:768} INFO - DAG(s) dict_keys(['example_short_circuit_operator']) retrieved from /home/steve/.local/lib/python3.8/site-packages/airflow/example_dags/example_short_circuit_operator.py
[2022-11-08T20:31:19.960+0900] {logging_mixin.py:117} INFO - [2022-11-08T20:31:19.959+0900] {dag.py:2573} INFO - Sync 1 DAGs
[2022-11-08T20:31:20.042+0900] {logging_mixin.py:117} INFO - [2022-11-08T20:31:20.042+0900] {dag.py:3324} INFO - Setting next_dagrun for example_short_circuit_operator to 2022-11-07T11:31:20.041954+00:00, run_after=2022-11-08T11:31:20.041954+00:00
[2022-11-08T20:31:20.074+0900] {processor.py:178} INFO - Processing /home/steve/.local/lib/python3.8/site-packages/airflow/example_dags/example_short_circuit_operator.py took 0.146 seconds
[2022-11-08T20:31:55.158+0900] {processor.py:156} INFO - Started process (PID=10773) to work on /home/steve/.local/lib/python3.8/site-packages/airflow/example_dags/example_short_circuit_operator.py
[2022-11-08T20:31:55.160+0900] {processor.py:758} INFO - Processing file /home/steve/.local/lib/python3.8/site-packages/airflow/example_dags/example_short_circuit_operator.py for tasks to queue
[2022-11-08T20:31:55.160+0900] {logging_mixin.py:117} INFO - [2022-11-08T20:31:55.160+0900] {dagbag.py:525} INFO - Filling up the DagBag from /home/steve/.local/lib/python3.8/site-packages/airflow/example_dags/example_short_circuit_operator.py
[2022-11-08T20:31:55.170+0900] {processor.py:768} INFO - DAG(s) dict_keys(['example_short_circuit_operator']) retrieved from /home/steve/.local/lib/python3.8/site-packages/airflow/example_dags/example_short_circuit_operator.py
[2022-11-08T20:31:55.260+0900] {logging_mixin.py:117} INFO - [2022-11-08T20:31:55.260+0900] {dag.py:2573} INFO - Sync 1 DAGs
[2022-11-08T20:31:55.269+0900] {logging_mixin.py:117} INFO - [2022-11-08T20:31:55.269+0900] {dag.py:3324} INFO - Setting next_dagrun for example_short_circuit_operator to 2022-11-07T11:31:55.269500+00:00, run_after=2022-11-08T11:31:55.269500+00:00
[2022-11-08T20:31:55.286+0900] {processor.py:178} INFO - Processing /home/steve/.local/lib/python3.8/site-packages/airflow/example_dags/example_short_circuit_operator.py took 0.129 seconds
[2022-11-08T20:32:31.264+0900] {processor.py:156} INFO - Started process (PID=10884) to work on /home/steve/.local/lib/python3.8/site-packages/airflow/example_dags/example_short_circuit_operator.py
[2022-11-08T20:32:31.266+0900] {processor.py:758} INFO - Processing file /home/steve/.local/lib/python3.8/site-packages/airflow/example_dags/example_short_circuit_operator.py for tasks to queue
[2022-11-08T20:32:31.266+0900] {logging_mixin.py:117} INFO - [2022-11-08T20:32:31.266+0900] {dagbag.py:525} INFO - Filling up the DagBag from /home/steve/.local/lib/python3.8/site-packages/airflow/example_dags/example_short_circuit_operator.py
[2022-11-08T20:32:31.275+0900] {processor.py:768} INFO - DAG(s) dict_keys(['example_short_circuit_operator']) retrieved from /home/steve/.local/lib/python3.8/site-packages/airflow/example_dags/example_short_circuit_operator.py
[2022-11-08T20:32:31.356+0900] {logging_mixin.py:117} INFO - [2022-11-08T20:32:31.356+0900] {dag.py:2573} INFO - Sync 1 DAGs
[2022-11-08T20:32:31.365+0900] {logging_mixin.py:117} INFO - [2022-11-08T20:32:31.365+0900] {dag.py:3324} INFO - Setting next_dagrun for example_short_circuit_operator to 2022-11-07T11:32:31.365231+00:00, run_after=2022-11-08T11:32:31.365231+00:00
[2022-11-08T20:32:31.382+0900] {processor.py:178} INFO - Processing /home/steve/.local/lib/python3.8/site-packages/airflow/example_dags/example_short_circuit_operator.py took 0.119 seconds
[2022-11-08T20:33:07.929+0900] {processor.py:156} INFO - Started process (PID=10996) to work on /home/steve/.local/lib/python3.8/site-packages/airflow/example_dags/example_short_circuit_operator.py
[2022-11-08T20:33:07.931+0900] {processor.py:758} INFO - Processing file /home/steve/.local/lib/python3.8/site-packages/airflow/example_dags/example_short_circuit_operator.py for tasks to queue
[2022-11-08T20:33:07.931+0900] {logging_mixin.py:117} INFO - [2022-11-08T20:33:07.931+0900] {dagbag.py:525} INFO - Filling up the DagBag from /home/steve/.local/lib/python3.8/site-packages/airflow/example_dags/example_short_circuit_operator.py
[2022-11-08T20:33:08.022+0900] {processor.py:768} INFO - DAG(s) dict_keys(['example_short_circuit_operator']) retrieved from /home/steve/.local/lib/python3.8/site-packages/airflow/example_dags/example_short_circuit_operator.py
[2022-11-08T20:33:08.036+0900] {logging_mixin.py:117} INFO - [2022-11-08T20:33:08.036+0900] {dag.py:2573} INFO - Sync 1 DAGs
[2022-11-08T20:33:08.047+0900] {logging_mixin.py:117} INFO - [2022-11-08T20:33:08.046+0900] {dag.py:3324} INFO - Setting next_dagrun for example_short_circuit_operator to 2022-11-07T11:33:08.046819+00:00, run_after=2022-11-08T11:33:08.046819+00:00
[2022-11-08T20:33:08.064+0900] {processor.py:178} INFO - Processing /home/steve/.local/lib/python3.8/site-packages/airflow/example_dags/example_short_circuit_operator.py took 0.136 seconds
[2022-11-08T20:33:50.368+0900] {processor.py:156} INFO - Started process (PID=11035) to work on /home/steve/.local/lib/python3.8/site-packages/airflow/example_dags/example_short_circuit_operator.py
[2022-11-08T20:33:50.370+0900] {processor.py:758} INFO - Processing file /home/steve/.local/lib/python3.8/site-packages/airflow/example_dags/example_short_circuit_operator.py for tasks to queue
[2022-11-08T20:33:50.370+0900] {logging_mixin.py:117} INFO - [2022-11-08T20:33:50.370+0900] {dagbag.py:525} INFO - Filling up the DagBag from /home/steve/.local/lib/python3.8/site-packages/airflow/example_dags/example_short_circuit_operator.py
[2022-11-08T20:33:50.454+0900] {processor.py:768} INFO - DAG(s) dict_keys(['example_short_circuit_operator']) retrieved from /home/steve/.local/lib/python3.8/site-packages/airflow/example_dags/example_short_circuit_operator.py
[2022-11-08T20:33:50.467+0900] {logging_mixin.py:117} INFO - [2022-11-08T20:33:50.467+0900] {dag.py:2573} INFO - Sync 1 DAGs
[2022-11-08T20:33:50.477+0900] {logging_mixin.py:117} INFO - [2022-11-08T20:33:50.477+0900] {dag.py:3324} INFO - Setting next_dagrun for example_short_circuit_operator to 2022-11-07T11:33:50.477584+00:00, run_after=2022-11-08T11:33:50.477584+00:00
[2022-11-08T20:33:50.493+0900] {processor.py:178} INFO - Processing /home/steve/.local/lib/python3.8/site-packages/airflow/example_dags/example_short_circuit_operator.py took 0.126 seconds
[2022-11-08T20:34:24.874+0900] {processor.py:156} INFO - Started process (PID=11070) to work on /home/steve/.local/lib/python3.8/site-packages/airflow/example_dags/example_short_circuit_operator.py
[2022-11-08T20:34:24.875+0900] {processor.py:758} INFO - Processing file /home/steve/.local/lib/python3.8/site-packages/airflow/example_dags/example_short_circuit_operator.py for tasks to queue
[2022-11-08T20:34:24.875+0900] {logging_mixin.py:117} INFO - [2022-11-08T20:34:24.875+0900] {dagbag.py:525} INFO - Filling up the DagBag from /home/steve/.local/lib/python3.8/site-packages/airflow/example_dags/example_short_circuit_operator.py
[2022-11-08T20:34:24.884+0900] {processor.py:768} INFO - DAG(s) dict_keys(['example_short_circuit_operator']) retrieved from /home/steve/.local/lib/python3.8/site-packages/airflow/example_dags/example_short_circuit_operator.py
[2022-11-08T20:34:24.898+0900] {logging_mixin.py:117} INFO - [2022-11-08T20:34:24.898+0900] {dag.py:2573} INFO - Sync 1 DAGs
[2022-11-08T20:34:24.908+0900] {logging_mixin.py:117} INFO - [2022-11-08T20:34:24.908+0900] {dag.py:3324} INFO - Setting next_dagrun for example_short_circuit_operator to 2022-11-07T11:34:24.908721+00:00, run_after=2022-11-08T11:34:24.908721+00:00
[2022-11-08T20:34:24.924+0900] {processor.py:178} INFO - Processing /home/steve/.local/lib/python3.8/site-packages/airflow/example_dags/example_short_circuit_operator.py took 0.051 seconds
[2022-11-08T20:34:58.970+0900] {processor.py:156} INFO - Started process (PID=11106) to work on /home/steve/.local/lib/python3.8/site-packages/airflow/example_dags/example_short_circuit_operator.py
[2022-11-08T20:34:58.971+0900] {processor.py:758} INFO - Processing file /home/steve/.local/lib/python3.8/site-packages/airflow/example_dags/example_short_circuit_operator.py for tasks to queue
[2022-11-08T20:34:58.971+0900] {logging_mixin.py:117} INFO - [2022-11-08T20:34:58.971+0900] {dagbag.py:525} INFO - Filling up the DagBag from /home/steve/.local/lib/python3.8/site-packages/airflow/example_dags/example_short_circuit_operator.py
[2022-11-08T20:34:58.980+0900] {processor.py:768} INFO - DAG(s) dict_keys(['example_short_circuit_operator']) retrieved from /home/steve/.local/lib/python3.8/site-packages/airflow/example_dags/example_short_circuit_operator.py
[2022-11-08T20:34:58.995+0900] {logging_mixin.py:117} INFO - [2022-11-08T20:34:58.995+0900] {dag.py:2573} INFO - Sync 1 DAGs
[2022-11-08T20:34:59.005+0900] {logging_mixin.py:117} INFO - [2022-11-08T20:34:59.005+0900] {dag.py:3324} INFO - Setting next_dagrun for example_short_circuit_operator to 2022-11-07T11:34:59.005221+00:00, run_after=2022-11-08T11:34:59.005221+00:00
[2022-11-08T20:34:59.023+0900] {processor.py:178} INFO - Processing /home/steve/.local/lib/python3.8/site-packages/airflow/example_dags/example_short_circuit_operator.py took 0.054 seconds
[2022-11-08T20:35:34.449+0900] {processor.py:156} INFO - Started process (PID=11142) to work on /home/steve/.local/lib/python3.8/site-packages/airflow/example_dags/example_short_circuit_operator.py
[2022-11-08T20:35:34.450+0900] {processor.py:758} INFO - Processing file /home/steve/.local/lib/python3.8/site-packages/airflow/example_dags/example_short_circuit_operator.py for tasks to queue
[2022-11-08T20:35:34.450+0900] {logging_mixin.py:117} INFO - [2022-11-08T20:35:34.450+0900] {dagbag.py:525} INFO - Filling up the DagBag from /home/steve/.local/lib/python3.8/site-packages/airflow/example_dags/example_short_circuit_operator.py
[2022-11-08T20:35:34.459+0900] {processor.py:768} INFO - DAG(s) dict_keys(['example_short_circuit_operator']) retrieved from /home/steve/.local/lib/python3.8/site-packages/airflow/example_dags/example_short_circuit_operator.py
[2022-11-08T20:35:34.474+0900] {logging_mixin.py:117} INFO - [2022-11-08T20:35:34.474+0900] {dag.py:2573} INFO - Sync 1 DAGs
[2022-11-08T20:35:34.484+0900] {logging_mixin.py:117} INFO - [2022-11-08T20:35:34.484+0900] {dag.py:3324} INFO - Setting next_dagrun for example_short_circuit_operator to 2022-11-07T11:35:34.484733+00:00, run_after=2022-11-08T11:35:34.484733+00:00
[2022-11-08T20:35:34.502+0900] {processor.py:178} INFO - Processing /home/steve/.local/lib/python3.8/site-packages/airflow/example_dags/example_short_circuit_operator.py took 0.054 seconds
[2022-11-08T20:36:08.238+0900] {processor.py:156} INFO - Started process (PID=11177) to work on /home/steve/.local/lib/python3.8/site-packages/airflow/example_dags/example_short_circuit_operator.py
[2022-11-08T20:36:08.240+0900] {processor.py:758} INFO - Processing file /home/steve/.local/lib/python3.8/site-packages/airflow/example_dags/example_short_circuit_operator.py for tasks to queue
[2022-11-08T20:36:08.241+0900] {logging_mixin.py:117} INFO - [2022-11-08T20:36:08.241+0900] {dagbag.py:525} INFO - Filling up the DagBag from /home/steve/.local/lib/python3.8/site-packages/airflow/example_dags/example_short_circuit_operator.py
[2022-11-08T20:36:08.249+0900] {processor.py:768} INFO - DAG(s) dict_keys(['example_short_circuit_operator']) retrieved from /home/steve/.local/lib/python3.8/site-packages/airflow/example_dags/example_short_circuit_operator.py
[2022-11-08T20:36:08.264+0900] {logging_mixin.py:117} INFO - [2022-11-08T20:36:08.264+0900] {dag.py:2573} INFO - Sync 1 DAGs
[2022-11-08T20:36:08.273+0900] {logging_mixin.py:117} INFO - [2022-11-08T20:36:08.273+0900] {dag.py:3324} INFO - Setting next_dagrun for example_short_circuit_operator to 2022-11-07T11:36:08.273780+00:00, run_after=2022-11-08T11:36:08.273780+00:00
[2022-11-08T20:36:08.289+0900] {processor.py:178} INFO - Processing /home/steve/.local/lib/python3.8/site-packages/airflow/example_dags/example_short_circuit_operator.py took 0.052 seconds
[2022-11-08T20:36:41.322+0900] {processor.py:156} INFO - Started process (PID=11212) to work on /home/steve/.local/lib/python3.8/site-packages/airflow/example_dags/example_short_circuit_operator.py
[2022-11-08T20:36:41.322+0900] {processor.py:758} INFO - Processing file /home/steve/.local/lib/python3.8/site-packages/airflow/example_dags/example_short_circuit_operator.py for tasks to queue
[2022-11-08T20:36:41.322+0900] {logging_mixin.py:117} INFO - [2022-11-08T20:36:41.322+0900] {dagbag.py:525} INFO - Filling up the DagBag from /home/steve/.local/lib/python3.8/site-packages/airflow/example_dags/example_short_circuit_operator.py
[2022-11-08T20:36:41.332+0900] {processor.py:768} INFO - DAG(s) dict_keys(['example_short_circuit_operator']) retrieved from /home/steve/.local/lib/python3.8/site-packages/airflow/example_dags/example_short_circuit_operator.py
[2022-11-08T20:36:41.349+0900] {logging_mixin.py:117} INFO - [2022-11-08T20:36:41.349+0900] {dag.py:2573} INFO - Sync 1 DAGs
[2022-11-08T20:36:41.360+0900] {logging_mixin.py:117} INFO - [2022-11-08T20:36:41.359+0900] {dag.py:3324} INFO - Setting next_dagrun for example_short_circuit_operator to 2022-11-07T11:36:41.359817+00:00, run_after=2022-11-08T11:36:41.359817+00:00
[2022-11-08T20:36:41.377+0900] {processor.py:178} INFO - Processing /home/steve/.local/lib/python3.8/site-packages/airflow/example_dags/example_short_circuit_operator.py took 0.057 seconds
[2022-11-08T20:37:16.240+0900] {processor.py:156} INFO - Started process (PID=11276) to work on /home/steve/.local/lib/python3.8/site-packages/airflow/example_dags/example_short_circuit_operator.py
[2022-11-08T20:37:16.242+0900] {processor.py:758} INFO - Processing file /home/steve/.local/lib/python3.8/site-packages/airflow/example_dags/example_short_circuit_operator.py for tasks to queue
[2022-11-08T20:37:16.242+0900] {logging_mixin.py:117} INFO - [2022-11-08T20:37:16.242+0900] {dagbag.py:525} INFO - Filling up the DagBag from /home/steve/.local/lib/python3.8/site-packages/airflow/example_dags/example_short_circuit_operator.py
[2022-11-08T20:37:16.251+0900] {processor.py:768} INFO - DAG(s) dict_keys(['example_short_circuit_operator']) retrieved from /home/steve/.local/lib/python3.8/site-packages/airflow/example_dags/example_short_circuit_operator.py
[2022-11-08T20:37:16.266+0900] {logging_mixin.py:117} INFO - [2022-11-08T20:37:16.265+0900] {dag.py:2573} INFO - Sync 1 DAGs
[2022-11-08T20:37:16.276+0900] {logging_mixin.py:117} INFO - [2022-11-08T20:37:16.276+0900] {dag.py:3324} INFO - Setting next_dagrun for example_short_circuit_operator to 2022-11-07T11:37:16.275965+00:00, run_after=2022-11-08T11:37:16.275965+00:00
[2022-11-08T20:37:16.291+0900] {processor.py:178} INFO - Processing /home/steve/.local/lib/python3.8/site-packages/airflow/example_dags/example_short_circuit_operator.py took 0.052 seconds
[2022-11-08T20:37:49.408+0900] {processor.py:156} INFO - Started process (PID=11312) to work on /home/steve/.local/lib/python3.8/site-packages/airflow/example_dags/example_short_circuit_operator.py
[2022-11-08T20:37:49.409+0900] {processor.py:758} INFO - Processing file /home/steve/.local/lib/python3.8/site-packages/airflow/example_dags/example_short_circuit_operator.py for tasks to queue
[2022-11-08T20:37:49.409+0900] {logging_mixin.py:117} INFO - [2022-11-08T20:37:49.409+0900] {dagbag.py:525} INFO - Filling up the DagBag from /home/steve/.local/lib/python3.8/site-packages/airflow/example_dags/example_short_circuit_operator.py
[2022-11-08T20:37:49.417+0900] {processor.py:768} INFO - DAG(s) dict_keys(['example_short_circuit_operator']) retrieved from /home/steve/.local/lib/python3.8/site-packages/airflow/example_dags/example_short_circuit_operator.py
[2022-11-08T20:37:49.432+0900] {logging_mixin.py:117} INFO - [2022-11-08T20:37:49.432+0900] {dag.py:2573} INFO - Sync 1 DAGs
[2022-11-08T20:37:49.442+0900] {logging_mixin.py:117} INFO - [2022-11-08T20:37:49.442+0900] {dag.py:3324} INFO - Setting next_dagrun for example_short_circuit_operator to 2022-11-07T11:37:49.442326+00:00, run_after=2022-11-08T11:37:49.442326+00:00
[2022-11-08T20:37:49.459+0900] {processor.py:178} INFO - Processing /home/steve/.local/lib/python3.8/site-packages/airflow/example_dags/example_short_circuit_operator.py took 0.052 seconds
[2022-11-08T20:38:24.236+0900] {processor.py:156} INFO - Started process (PID=11349) to work on /home/steve/.local/lib/python3.8/site-packages/airflow/example_dags/example_short_circuit_operator.py
[2022-11-08T20:38:24.237+0900] {processor.py:758} INFO - Processing file /home/steve/.local/lib/python3.8/site-packages/airflow/example_dags/example_short_circuit_operator.py for tasks to queue
[2022-11-08T20:38:24.238+0900] {logging_mixin.py:117} INFO - [2022-11-08T20:38:24.238+0900] {dagbag.py:525} INFO - Filling up the DagBag from /home/steve/.local/lib/python3.8/site-packages/airflow/example_dags/example_short_circuit_operator.py
[2022-11-08T20:38:24.246+0900] {processor.py:768} INFO - DAG(s) dict_keys(['example_short_circuit_operator']) retrieved from /home/steve/.local/lib/python3.8/site-packages/airflow/example_dags/example_short_circuit_operator.py
[2022-11-08T20:38:24.261+0900] {logging_mixin.py:117} INFO - [2022-11-08T20:38:24.261+0900] {dag.py:2573} INFO - Sync 1 DAGs
[2022-11-08T20:38:24.271+0900] {logging_mixin.py:117} INFO - [2022-11-08T20:38:24.271+0900] {dag.py:3324} INFO - Setting next_dagrun for example_short_circuit_operator to 2022-11-07T11:38:24.271708+00:00, run_after=2022-11-08T11:38:24.271708+00:00
[2022-11-08T20:38:24.289+0900] {processor.py:178} INFO - Processing /home/steve/.local/lib/python3.8/site-packages/airflow/example_dags/example_short_circuit_operator.py took 0.055 seconds
[2022-11-08T20:38:57.888+0900] {processor.py:156} INFO - Started process (PID=11385) to work on /home/steve/.local/lib/python3.8/site-packages/airflow/example_dags/example_short_circuit_operator.py
[2022-11-08T20:38:57.889+0900] {processor.py:758} INFO - Processing file /home/steve/.local/lib/python3.8/site-packages/airflow/example_dags/example_short_circuit_operator.py for tasks to queue
[2022-11-08T20:38:57.889+0900] {logging_mixin.py:117} INFO - [2022-11-08T20:38:57.889+0900] {dagbag.py:525} INFO - Filling up the DagBag from /home/steve/.local/lib/python3.8/site-packages/airflow/example_dags/example_short_circuit_operator.py
[2022-11-08T20:38:57.898+0900] {processor.py:768} INFO - DAG(s) dict_keys(['example_short_circuit_operator']) retrieved from /home/steve/.local/lib/python3.8/site-packages/airflow/example_dags/example_short_circuit_operator.py
[2022-11-08T20:38:57.912+0900] {logging_mixin.py:117} INFO - [2022-11-08T20:38:57.912+0900] {dag.py:2573} INFO - Sync 1 DAGs
[2022-11-08T20:38:57.922+0900] {logging_mixin.py:117} INFO - [2022-11-08T20:38:57.922+0900] {dag.py:3324} INFO - Setting next_dagrun for example_short_circuit_operator to 2022-11-07T11:38:57.922340+00:00, run_after=2022-11-08T11:38:57.922340+00:00
[2022-11-08T20:38:57.938+0900] {processor.py:178} INFO - Processing /home/steve/.local/lib/python3.8/site-packages/airflow/example_dags/example_short_circuit_operator.py took 0.051 seconds
[2022-11-08T20:39:31.186+0900] {processor.py:156} INFO - Started process (PID=11419) to work on /home/steve/.local/lib/python3.8/site-packages/airflow/example_dags/example_short_circuit_operator.py
[2022-11-08T20:39:31.188+0900] {processor.py:758} INFO - Processing file /home/steve/.local/lib/python3.8/site-packages/airflow/example_dags/example_short_circuit_operator.py for tasks to queue
[2022-11-08T20:39:31.188+0900] {logging_mixin.py:117} INFO - [2022-11-08T20:39:31.188+0900] {dagbag.py:525} INFO - Filling up the DagBag from /home/steve/.local/lib/python3.8/site-packages/airflow/example_dags/example_short_circuit_operator.py
[2022-11-08T20:39:31.198+0900] {processor.py:768} INFO - DAG(s) dict_keys(['example_short_circuit_operator']) retrieved from /home/steve/.local/lib/python3.8/site-packages/airflow/example_dags/example_short_circuit_operator.py
[2022-11-08T20:39:31.214+0900] {logging_mixin.py:117} INFO - [2022-11-08T20:39:31.214+0900] {dag.py:2573} INFO - Sync 1 DAGs
[2022-11-08T20:39:31.224+0900] {logging_mixin.py:117} INFO - [2022-11-08T20:39:31.224+0900] {dag.py:3324} INFO - Setting next_dagrun for example_short_circuit_operator to 2022-11-07T11:39:31.224354+00:00, run_after=2022-11-08T11:39:31.224354+00:00
[2022-11-08T20:39:31.240+0900] {processor.py:178} INFO - Processing /home/steve/.local/lib/python3.8/site-packages/airflow/example_dags/example_short_circuit_operator.py took 0.056 seconds
[2022-11-08T20:40:06.001+0900] {processor.py:156} INFO - Started process (PID=11453) to work on /home/steve/.local/lib/python3.8/site-packages/airflow/example_dags/example_short_circuit_operator.py
[2022-11-08T20:40:06.003+0900] {processor.py:758} INFO - Processing file /home/steve/.local/lib/python3.8/site-packages/airflow/example_dags/example_short_circuit_operator.py for tasks to queue
[2022-11-08T20:40:06.003+0900] {logging_mixin.py:117} INFO - [2022-11-08T20:40:06.003+0900] {dagbag.py:525} INFO - Filling up the DagBag from /home/steve/.local/lib/python3.8/site-packages/airflow/example_dags/example_short_circuit_operator.py
[2022-11-08T20:40:06.012+0900] {processor.py:768} INFO - DAG(s) dict_keys(['example_short_circuit_operator']) retrieved from /home/steve/.local/lib/python3.8/site-packages/airflow/example_dags/example_short_circuit_operator.py
[2022-11-08T20:40:06.027+0900] {logging_mixin.py:117} INFO - [2022-11-08T20:40:06.027+0900] {dag.py:2573} INFO - Sync 1 DAGs
[2022-11-08T20:40:06.037+0900] {logging_mixin.py:117} INFO - [2022-11-08T20:40:06.037+0900] {dag.py:3324} INFO - Setting next_dagrun for example_short_circuit_operator to 2022-11-07T11:40:06.037043+00:00, run_after=2022-11-08T11:40:06.037043+00:00
[2022-11-08T20:40:06.054+0900] {processor.py:178} INFO - Processing /home/steve/.local/lib/python3.8/site-packages/airflow/example_dags/example_short_circuit_operator.py took 0.055 seconds
[2022-11-08T20:40:40.196+0900] {processor.py:156} INFO - Started process (PID=11489) to work on /home/steve/.local/lib/python3.8/site-packages/airflow/example_dags/example_short_circuit_operator.py
[2022-11-08T20:40:40.198+0900] {processor.py:758} INFO - Processing file /home/steve/.local/lib/python3.8/site-packages/airflow/example_dags/example_short_circuit_operator.py for tasks to queue
[2022-11-08T20:40:40.199+0900] {logging_mixin.py:117} INFO - [2022-11-08T20:40:40.199+0900] {dagbag.py:525} INFO - Filling up the DagBag from /home/steve/.local/lib/python3.8/site-packages/airflow/example_dags/example_short_circuit_operator.py
[2022-11-08T20:40:40.207+0900] {processor.py:768} INFO - DAG(s) dict_keys(['example_short_circuit_operator']) retrieved from /home/steve/.local/lib/python3.8/site-packages/airflow/example_dags/example_short_circuit_operator.py
[2022-11-08T20:40:40.222+0900] {logging_mixin.py:117} INFO - [2022-11-08T20:40:40.222+0900] {dag.py:2573} INFO - Sync 1 DAGs
[2022-11-08T20:40:40.231+0900] {logging_mixin.py:117} INFO - [2022-11-08T20:40:40.231+0900] {dag.py:3324} INFO - Setting next_dagrun for example_short_circuit_operator to 2022-11-07T11:40:40.231683+00:00, run_after=2022-11-08T11:40:40.231683+00:00
[2022-11-08T20:40:40.247+0900] {processor.py:178} INFO - Processing /home/steve/.local/lib/python3.8/site-packages/airflow/example_dags/example_short_circuit_operator.py took 0.052 seconds
[2022-11-08T20:41:15.258+0900] {processor.py:156} INFO - Started process (PID=11526) to work on /home/steve/.local/lib/python3.8/site-packages/airflow/example_dags/example_short_circuit_operator.py
[2022-11-08T20:41:15.258+0900] {processor.py:758} INFO - Processing file /home/steve/.local/lib/python3.8/site-packages/airflow/example_dags/example_short_circuit_operator.py for tasks to queue
[2022-11-08T20:41:15.259+0900] {logging_mixin.py:117} INFO - [2022-11-08T20:41:15.259+0900] {dagbag.py:525} INFO - Filling up the DagBag from /home/steve/.local/lib/python3.8/site-packages/airflow/example_dags/example_short_circuit_operator.py
[2022-11-08T20:41:15.269+0900] {processor.py:768} INFO - DAG(s) dict_keys(['example_short_circuit_operator']) retrieved from /home/steve/.local/lib/python3.8/site-packages/airflow/example_dags/example_short_circuit_operator.py
[2022-11-08T20:41:15.286+0900] {logging_mixin.py:117} INFO - [2022-11-08T20:41:15.286+0900] {dag.py:2573} INFO - Sync 1 DAGs
[2022-11-08T20:41:15.298+0900] {logging_mixin.py:117} INFO - [2022-11-08T20:41:15.298+0900] {dag.py:3324} INFO - Setting next_dagrun for example_short_circuit_operator to 2022-11-07T11:41:15.298298+00:00, run_after=2022-11-08T11:41:15.298298+00:00
[2022-11-08T20:41:15.314+0900] {processor.py:178} INFO - Processing /home/steve/.local/lib/python3.8/site-packages/airflow/example_dags/example_short_circuit_operator.py took 0.059 seconds
[2022-11-08T20:41:50.752+0900] {processor.py:156} INFO - Started process (PID=11562) to work on /home/steve/.local/lib/python3.8/site-packages/airflow/example_dags/example_short_circuit_operator.py
[2022-11-08T20:41:50.753+0900] {processor.py:758} INFO - Processing file /home/steve/.local/lib/python3.8/site-packages/airflow/example_dags/example_short_circuit_operator.py for tasks to queue
[2022-11-08T20:41:50.753+0900] {logging_mixin.py:117} INFO - [2022-11-08T20:41:50.753+0900] {dagbag.py:525} INFO - Filling up the DagBag from /home/steve/.local/lib/python3.8/site-packages/airflow/example_dags/example_short_circuit_operator.py
[2022-11-08T20:41:50.762+0900] {processor.py:768} INFO - DAG(s) dict_keys(['example_short_circuit_operator']) retrieved from /home/steve/.local/lib/python3.8/site-packages/airflow/example_dags/example_short_circuit_operator.py
[2022-11-08T20:41:50.777+0900] {logging_mixin.py:117} INFO - [2022-11-08T20:41:50.777+0900] {dag.py:2573} INFO - Sync 1 DAGs
[2022-11-08T20:41:50.787+0900] {logging_mixin.py:117} INFO - [2022-11-08T20:41:50.787+0900] {dag.py:3324} INFO - Setting next_dagrun for example_short_circuit_operator to 2022-11-07T11:41:50.787390+00:00, run_after=2022-11-08T11:41:50.787390+00:00
[2022-11-08T20:41:50.805+0900] {processor.py:178} INFO - Processing /home/steve/.local/lib/python3.8/site-packages/airflow/example_dags/example_short_circuit_operator.py took 0.055 seconds
[2022-11-08T20:42:25.834+0900] {processor.py:156} INFO - Started process (PID=11628) to work on /home/steve/.local/lib/python3.8/site-packages/airflow/example_dags/example_short_circuit_operator.py
[2022-11-08T20:42:25.836+0900] {processor.py:758} INFO - Processing file /home/steve/.local/lib/python3.8/site-packages/airflow/example_dags/example_short_circuit_operator.py for tasks to queue
[2022-11-08T20:42:25.836+0900] {logging_mixin.py:117} INFO - [2022-11-08T20:42:25.836+0900] {dagbag.py:525} INFO - Filling up the DagBag from /home/steve/.local/lib/python3.8/site-packages/airflow/example_dags/example_short_circuit_operator.py
[2022-11-08T20:42:25.844+0900] {processor.py:768} INFO - DAG(s) dict_keys(['example_short_circuit_operator']) retrieved from /home/steve/.local/lib/python3.8/site-packages/airflow/example_dags/example_short_circuit_operator.py
[2022-11-08T20:42:25.859+0900] {logging_mixin.py:117} INFO - [2022-11-08T20:42:25.859+0900] {dag.py:2573} INFO - Sync 1 DAGs
[2022-11-08T20:42:25.869+0900] {logging_mixin.py:117} INFO - [2022-11-08T20:42:25.868+0900] {dag.py:3324} INFO - Setting next_dagrun for example_short_circuit_operator to 2022-11-07T11:42:25.868853+00:00, run_after=2022-11-08T11:42:25.868853+00:00
[2022-11-08T20:42:25.884+0900] {processor.py:178} INFO - Processing /home/steve/.local/lib/python3.8/site-packages/airflow/example_dags/example_short_circuit_operator.py took 0.052 seconds
[2022-11-08T20:42:58.673+0900] {processor.py:156} INFO - Started process (PID=11662) to work on /home/steve/.local/lib/python3.8/site-packages/airflow/example_dags/example_short_circuit_operator.py
[2022-11-08T20:42:58.675+0900] {processor.py:758} INFO - Processing file /home/steve/.local/lib/python3.8/site-packages/airflow/example_dags/example_short_circuit_operator.py for tasks to queue
[2022-11-08T20:42:58.675+0900] {logging_mixin.py:117} INFO - [2022-11-08T20:42:58.675+0900] {dagbag.py:525} INFO - Filling up the DagBag from /home/steve/.local/lib/python3.8/site-packages/airflow/example_dags/example_short_circuit_operator.py
[2022-11-08T20:42:58.686+0900] {processor.py:768} INFO - DAG(s) dict_keys(['example_short_circuit_operator']) retrieved from /home/steve/.local/lib/python3.8/site-packages/airflow/example_dags/example_short_circuit_operator.py
[2022-11-08T20:42:58.704+0900] {logging_mixin.py:117} INFO - [2022-11-08T20:42:58.703+0900] {dag.py:2573} INFO - Sync 1 DAGs
[2022-11-08T20:42:58.715+0900] {logging_mixin.py:117} INFO - [2022-11-08T20:42:58.715+0900] {dag.py:3324} INFO - Setting next_dagrun for example_short_circuit_operator to 2022-11-07T11:42:58.714910+00:00, run_after=2022-11-08T11:42:58.714910+00:00
[2022-11-08T20:42:58.736+0900] {processor.py:178} INFO - Processing /home/steve/.local/lib/python3.8/site-packages/airflow/example_dags/example_short_circuit_operator.py took 0.064 seconds
[2022-11-08T20:43:34.769+0900] {processor.py:156} INFO - Started process (PID=11698) to work on /home/steve/.local/lib/python3.8/site-packages/airflow/example_dags/example_short_circuit_operator.py
[2022-11-08T20:43:34.771+0900] {processor.py:758} INFO - Processing file /home/steve/.local/lib/python3.8/site-packages/airflow/example_dags/example_short_circuit_operator.py for tasks to queue
[2022-11-08T20:43:34.771+0900] {logging_mixin.py:117} INFO - [2022-11-08T20:43:34.771+0900] {dagbag.py:525} INFO - Filling up the DagBag from /home/steve/.local/lib/python3.8/site-packages/airflow/example_dags/example_short_circuit_operator.py
[2022-11-08T20:43:34.782+0900] {processor.py:768} INFO - DAG(s) dict_keys(['example_short_circuit_operator']) retrieved from /home/steve/.local/lib/python3.8/site-packages/airflow/example_dags/example_short_circuit_operator.py
[2022-11-08T20:43:34.799+0900] {logging_mixin.py:117} INFO - [2022-11-08T20:43:34.799+0900] {dag.py:2573} INFO - Sync 1 DAGs
[2022-11-08T20:43:34.809+0900] {logging_mixin.py:117} INFO - [2022-11-08T20:43:34.809+0900] {dag.py:3324} INFO - Setting next_dagrun for example_short_circuit_operator to 2022-11-07T11:43:34.809651+00:00, run_after=2022-11-08T11:43:34.809651+00:00
[2022-11-08T20:43:34.826+0900] {processor.py:178} INFO - Processing /home/steve/.local/lib/python3.8/site-packages/airflow/example_dags/example_short_circuit_operator.py took 0.059 seconds
[2022-11-08T20:44:07.326+0900] {processor.py:156} INFO - Started process (PID=11734) to work on /home/steve/.local/lib/python3.8/site-packages/airflow/example_dags/example_short_circuit_operator.py
[2022-11-08T20:44:07.327+0900] {processor.py:758} INFO - Processing file /home/steve/.local/lib/python3.8/site-packages/airflow/example_dags/example_short_circuit_operator.py for tasks to queue
[2022-11-08T20:44:07.327+0900] {logging_mixin.py:117} INFO - [2022-11-08T20:44:07.327+0900] {dagbag.py:525} INFO - Filling up the DagBag from /home/steve/.local/lib/python3.8/site-packages/airflow/example_dags/example_short_circuit_operator.py
[2022-11-08T20:44:07.336+0900] {processor.py:768} INFO - DAG(s) dict_keys(['example_short_circuit_operator']) retrieved from /home/steve/.local/lib/python3.8/site-packages/airflow/example_dags/example_short_circuit_operator.py
[2022-11-08T20:44:07.352+0900] {logging_mixin.py:117} INFO - [2022-11-08T20:44:07.352+0900] {dag.py:2573} INFO - Sync 1 DAGs
[2022-11-08T20:44:07.362+0900] {logging_mixin.py:117} INFO - [2022-11-08T20:44:07.362+0900] {dag.py:3324} INFO - Setting next_dagrun for example_short_circuit_operator to 2022-11-07T11:44:07.362287+00:00, run_after=2022-11-08T11:44:07.362287+00:00
[2022-11-08T20:44:07.379+0900] {processor.py:178} INFO - Processing /home/steve/.local/lib/python3.8/site-packages/airflow/example_dags/example_short_circuit_operator.py took 0.055 seconds
[2022-11-08T20:44:43.314+0900] {processor.py:156} INFO - Started process (PID=11772) to work on /home/steve/.local/lib/python3.8/site-packages/airflow/example_dags/example_short_circuit_operator.py
[2022-11-08T20:44:43.316+0900] {processor.py:758} INFO - Processing file /home/steve/.local/lib/python3.8/site-packages/airflow/example_dags/example_short_circuit_operator.py for tasks to queue
[2022-11-08T20:44:43.316+0900] {logging_mixin.py:117} INFO - [2022-11-08T20:44:43.316+0900] {dagbag.py:525} INFO - Filling up the DagBag from /home/steve/.local/lib/python3.8/site-packages/airflow/example_dags/example_short_circuit_operator.py
[2022-11-08T20:44:43.326+0900] {processor.py:768} INFO - DAG(s) dict_keys(['example_short_circuit_operator']) retrieved from /home/steve/.local/lib/python3.8/site-packages/airflow/example_dags/example_short_circuit_operator.py
[2022-11-08T20:44:43.344+0900] {logging_mixin.py:117} INFO - [2022-11-08T20:44:43.344+0900] {dag.py:2573} INFO - Sync 1 DAGs
[2022-11-08T20:44:43.356+0900] {logging_mixin.py:117} INFO - [2022-11-08T20:44:43.355+0900] {dag.py:3324} INFO - Setting next_dagrun for example_short_circuit_operator to 2022-11-07T11:44:43.355789+00:00, run_after=2022-11-08T11:44:43.355789+00:00
[2022-11-08T20:44:43.378+0900] {processor.py:178} INFO - Processing /home/steve/.local/lib/python3.8/site-packages/airflow/example_dags/example_short_circuit_operator.py took 0.065 seconds
[2022-11-08T20:45:16.054+0900] {processor.py:156} INFO - Started process (PID=11805) to work on /home/steve/.local/lib/python3.8/site-packages/airflow/example_dags/example_short_circuit_operator.py
[2022-11-08T20:45:16.056+0900] {processor.py:758} INFO - Processing file /home/steve/.local/lib/python3.8/site-packages/airflow/example_dags/example_short_circuit_operator.py for tasks to queue
[2022-11-08T20:45:16.056+0900] {logging_mixin.py:117} INFO - [2022-11-08T20:45:16.056+0900] {dagbag.py:525} INFO - Filling up the DagBag from /home/steve/.local/lib/python3.8/site-packages/airflow/example_dags/example_short_circuit_operator.py
[2022-11-08T20:45:16.064+0900] {processor.py:768} INFO - DAG(s) dict_keys(['example_short_circuit_operator']) retrieved from /home/steve/.local/lib/python3.8/site-packages/airflow/example_dags/example_short_circuit_operator.py
[2022-11-08T20:45:16.079+0900] {logging_mixin.py:117} INFO - [2022-11-08T20:45:16.079+0900] {dag.py:2573} INFO - Sync 1 DAGs
[2022-11-08T20:45:16.089+0900] {logging_mixin.py:117} INFO - [2022-11-08T20:45:16.089+0900] {dag.py:3324} INFO - Setting next_dagrun for example_short_circuit_operator to 2022-11-07T11:45:16.089273+00:00, run_after=2022-11-08T11:45:16.089273+00:00
[2022-11-08T20:45:16.104+0900] {processor.py:178} INFO - Processing /home/steve/.local/lib/python3.8/site-packages/airflow/example_dags/example_short_circuit_operator.py took 0.052 seconds
[2022-11-08T20:45:50.181+0900] {processor.py:156} INFO - Started process (PID=11841) to work on /home/steve/.local/lib/python3.8/site-packages/airflow/example_dags/example_short_circuit_operator.py
[2022-11-08T20:45:50.182+0900] {processor.py:758} INFO - Processing file /home/steve/.local/lib/python3.8/site-packages/airflow/example_dags/example_short_circuit_operator.py for tasks to queue
[2022-11-08T20:45:50.183+0900] {logging_mixin.py:117} INFO - [2022-11-08T20:45:50.183+0900] {dagbag.py:525} INFO - Filling up the DagBag from /home/steve/.local/lib/python3.8/site-packages/airflow/example_dags/example_short_circuit_operator.py
[2022-11-08T20:45:50.194+0900] {processor.py:768} INFO - DAG(s) dict_keys(['example_short_circuit_operator']) retrieved from /home/steve/.local/lib/python3.8/site-packages/airflow/example_dags/example_short_circuit_operator.py
[2022-11-08T20:45:50.214+0900] {logging_mixin.py:117} INFO - [2022-11-08T20:45:50.214+0900] {dag.py:2573} INFO - Sync 1 DAGs
[2022-11-08T20:45:50.227+0900] {logging_mixin.py:117} INFO - [2022-11-08T20:45:50.227+0900] {dag.py:3324} INFO - Setting next_dagrun for example_short_circuit_operator to 2022-11-07T11:45:50.227315+00:00, run_after=2022-11-08T11:45:50.227315+00:00
[2022-11-08T20:45:50.247+0900] {processor.py:178} INFO - Processing /home/steve/.local/lib/python3.8/site-packages/airflow/example_dags/example_short_circuit_operator.py took 0.067 seconds
[2022-11-08T20:46:24.479+0900] {processor.py:156} INFO - Started process (PID=11874) to work on /home/steve/.local/lib/python3.8/site-packages/airflow/example_dags/example_short_circuit_operator.py
[2022-11-08T20:46:24.481+0900] {processor.py:758} INFO - Processing file /home/steve/.local/lib/python3.8/site-packages/airflow/example_dags/example_short_circuit_operator.py for tasks to queue
[2022-11-08T20:46:24.481+0900] {logging_mixin.py:117} INFO - [2022-11-08T20:46:24.481+0900] {dagbag.py:525} INFO - Filling up the DagBag from /home/steve/.local/lib/python3.8/site-packages/airflow/example_dags/example_short_circuit_operator.py
[2022-11-08T20:46:24.490+0900] {processor.py:768} INFO - DAG(s) dict_keys(['example_short_circuit_operator']) retrieved from /home/steve/.local/lib/python3.8/site-packages/airflow/example_dags/example_short_circuit_operator.py
[2022-11-08T20:46:24.505+0900] {logging_mixin.py:117} INFO - [2022-11-08T20:46:24.505+0900] {dag.py:2573} INFO - Sync 1 DAGs
[2022-11-08T20:46:24.514+0900] {logging_mixin.py:117} INFO - [2022-11-08T20:46:24.514+0900] {dag.py:3324} INFO - Setting next_dagrun for example_short_circuit_operator to 2022-11-07T11:46:24.514516+00:00, run_after=2022-11-08T11:46:24.514516+00:00
[2022-11-08T20:46:24.538+0900] {processor.py:178} INFO - Processing /home/steve/.local/lib/python3.8/site-packages/airflow/example_dags/example_short_circuit_operator.py took 0.060 seconds
[2022-11-08T20:46:56.844+0900] {processor.py:156} INFO - Started process (PID=11967) to work on /home/steve/.local/lib/python3.8/site-packages/airflow/example_dags/example_short_circuit_operator.py
[2022-11-08T20:46:56.846+0900] {processor.py:758} INFO - Processing file /home/steve/.local/lib/python3.8/site-packages/airflow/example_dags/example_short_circuit_operator.py for tasks to queue
[2022-11-08T20:46:56.847+0900] {logging_mixin.py:117} INFO - [2022-11-08T20:46:56.846+0900] {dagbag.py:525} INFO - Filling up the DagBag from /home/steve/.local/lib/python3.8/site-packages/airflow/example_dags/example_short_circuit_operator.py
[2022-11-08T20:46:56.856+0900] {processor.py:768} INFO - DAG(s) dict_keys(['example_short_circuit_operator']) retrieved from /home/steve/.local/lib/python3.8/site-packages/airflow/example_dags/example_short_circuit_operator.py
[2022-11-08T20:46:56.871+0900] {logging_mixin.py:117} INFO - [2022-11-08T20:46:56.871+0900] {dag.py:2573} INFO - Sync 1 DAGs
[2022-11-08T20:46:56.881+0900] {logging_mixin.py:117} INFO - [2022-11-08T20:46:56.881+0900] {dag.py:3324} INFO - Setting next_dagrun for example_short_circuit_operator to 2022-11-07T11:46:56.881522+00:00, run_after=2022-11-08T11:46:56.881522+00:00
[2022-11-08T20:46:56.898+0900] {processor.py:178} INFO - Processing /home/steve/.local/lib/python3.8/site-packages/airflow/example_dags/example_short_circuit_operator.py took 0.055 seconds
[2022-11-08T20:47:31.766+0900] {processor.py:156} INFO - Started process (PID=12096) to work on /home/steve/.local/lib/python3.8/site-packages/airflow/example_dags/example_short_circuit_operator.py
[2022-11-08T20:47:31.768+0900] {processor.py:758} INFO - Processing file /home/steve/.local/lib/python3.8/site-packages/airflow/example_dags/example_short_circuit_operator.py for tasks to queue
[2022-11-08T20:47:31.768+0900] {logging_mixin.py:117} INFO - [2022-11-08T20:47:31.768+0900] {dagbag.py:525} INFO - Filling up the DagBag from /home/steve/.local/lib/python3.8/site-packages/airflow/example_dags/example_short_circuit_operator.py
[2022-11-08T20:47:31.777+0900] {processor.py:768} INFO - DAG(s) dict_keys(['example_short_circuit_operator']) retrieved from /home/steve/.local/lib/python3.8/site-packages/airflow/example_dags/example_short_circuit_operator.py
[2022-11-08T20:47:31.792+0900] {logging_mixin.py:117} INFO - [2022-11-08T20:47:31.792+0900] {dag.py:2573} INFO - Sync 1 DAGs
[2022-11-08T20:47:31.802+0900] {logging_mixin.py:117} INFO - [2022-11-08T20:47:31.801+0900] {dag.py:3324} INFO - Setting next_dagrun for example_short_circuit_operator to 2022-11-07T11:47:31.801807+00:00, run_after=2022-11-08T11:47:31.801807+00:00
[2022-11-08T20:47:31.818+0900] {processor.py:178} INFO - Processing /home/steve/.local/lib/python3.8/site-packages/airflow/example_dags/example_short_circuit_operator.py took 0.054 seconds
[2022-11-08T20:48:05.051+0900] {processor.py:156} INFO - Started process (PID=12265) to work on /home/steve/.local/lib/python3.8/site-packages/airflow/example_dags/example_short_circuit_operator.py
[2022-11-08T20:48:05.054+0900] {processor.py:758} INFO - Processing file /home/steve/.local/lib/python3.8/site-packages/airflow/example_dags/example_short_circuit_operator.py for tasks to queue
[2022-11-08T20:48:05.054+0900] {logging_mixin.py:117} INFO - [2022-11-08T20:48:05.054+0900] {dagbag.py:525} INFO - Filling up the DagBag from /home/steve/.local/lib/python3.8/site-packages/airflow/example_dags/example_short_circuit_operator.py
[2022-11-08T20:48:05.063+0900] {processor.py:768} INFO - DAG(s) dict_keys(['example_short_circuit_operator']) retrieved from /home/steve/.local/lib/python3.8/site-packages/airflow/example_dags/example_short_circuit_operator.py
[2022-11-08T20:48:05.079+0900] {logging_mixin.py:117} INFO - [2022-11-08T20:48:05.079+0900] {dag.py:2573} INFO - Sync 1 DAGs
[2022-11-08T20:48:05.091+0900] {logging_mixin.py:117} INFO - [2022-11-08T20:48:05.091+0900] {dag.py:3324} INFO - Setting next_dagrun for example_short_circuit_operator to 2022-11-07T11:48:05.091675+00:00, run_after=2022-11-08T11:48:05.091675+00:00
[2022-11-08T20:48:05.108+0900] {processor.py:178} INFO - Processing /home/steve/.local/lib/python3.8/site-packages/airflow/example_dags/example_short_circuit_operator.py took 0.059 seconds
[2022-11-08T20:48:38.959+0900] {processor.py:156} INFO - Started process (PID=12299) to work on /home/steve/.local/lib/python3.8/site-packages/airflow/example_dags/example_short_circuit_operator.py
[2022-11-08T20:48:38.962+0900] {processor.py:758} INFO - Processing file /home/steve/.local/lib/python3.8/site-packages/airflow/example_dags/example_short_circuit_operator.py for tasks to queue
[2022-11-08T20:48:38.962+0900] {logging_mixin.py:117} INFO - [2022-11-08T20:48:38.962+0900] {dagbag.py:525} INFO - Filling up the DagBag from /home/steve/.local/lib/python3.8/site-packages/airflow/example_dags/example_short_circuit_operator.py
[2022-11-08T20:48:38.972+0900] {processor.py:768} INFO - DAG(s) dict_keys(['example_short_circuit_operator']) retrieved from /home/steve/.local/lib/python3.8/site-packages/airflow/example_dags/example_short_circuit_operator.py
[2022-11-08T20:48:38.990+0900] {logging_mixin.py:117} INFO - [2022-11-08T20:48:38.990+0900] {dag.py:2573} INFO - Sync 1 DAGs
[2022-11-08T20:48:39.001+0900] {logging_mixin.py:117} INFO - [2022-11-08T20:48:39.001+0900] {dag.py:3324} INFO - Setting next_dagrun for example_short_circuit_operator to 2022-11-07T11:48:39.001667+00:00, run_after=2022-11-08T11:48:39.001667+00:00
[2022-11-08T20:48:39.018+0900] {processor.py:178} INFO - Processing /home/steve/.local/lib/python3.8/site-packages/airflow/example_dags/example_short_circuit_operator.py took 0.060 seconds
[2022-11-08T20:49:09.984+0900] {processor.py:156} INFO - Started process (PID=12333) to work on /home/steve/.local/lib/python3.8/site-packages/airflow/example_dags/example_short_circuit_operator.py
[2022-11-08T20:49:09.985+0900] {processor.py:758} INFO - Processing file /home/steve/.local/lib/python3.8/site-packages/airflow/example_dags/example_short_circuit_operator.py for tasks to queue
[2022-11-08T20:49:09.985+0900] {logging_mixin.py:117} INFO - [2022-11-08T20:49:09.985+0900] {dagbag.py:525} INFO - Filling up the DagBag from /home/steve/.local/lib/python3.8/site-packages/airflow/example_dags/example_short_circuit_operator.py
[2022-11-08T20:49:09.994+0900] {processor.py:768} INFO - DAG(s) dict_keys(['example_short_circuit_operator']) retrieved from /home/steve/.local/lib/python3.8/site-packages/airflow/example_dags/example_short_circuit_operator.py
[2022-11-08T20:49:10.013+0900] {logging_mixin.py:117} INFO - [2022-11-08T20:49:10.013+0900] {dag.py:2573} INFO - Sync 1 DAGs
[2022-11-08T20:49:10.024+0900] {logging_mixin.py:117} INFO - [2022-11-08T20:49:10.024+0900] {dag.py:3324} INFO - Setting next_dagrun for example_short_circuit_operator to 2022-11-07T11:49:10.023968+00:00, run_after=2022-11-08T11:49:10.023968+00:00
[2022-11-08T20:49:10.040+0900] {processor.py:178} INFO - Processing /home/steve/.local/lib/python3.8/site-packages/airflow/example_dags/example_short_circuit_operator.py took 0.058 seconds
[2022-11-08T20:49:45.242+0900] {processor.py:156} INFO - Started process (PID=12369) to work on /home/steve/.local/lib/python3.8/site-packages/airflow/example_dags/example_short_circuit_operator.py
[2022-11-08T20:49:45.244+0900] {processor.py:758} INFO - Processing file /home/steve/.local/lib/python3.8/site-packages/airflow/example_dags/example_short_circuit_operator.py for tasks to queue
[2022-11-08T20:49:45.245+0900] {logging_mixin.py:117} INFO - [2022-11-08T20:49:45.245+0900] {dagbag.py:525} INFO - Filling up the DagBag from /home/steve/.local/lib/python3.8/site-packages/airflow/example_dags/example_short_circuit_operator.py
[2022-11-08T20:49:45.253+0900] {processor.py:768} INFO - DAG(s) dict_keys(['example_short_circuit_operator']) retrieved from /home/steve/.local/lib/python3.8/site-packages/airflow/example_dags/example_short_circuit_operator.py
[2022-11-08T20:49:45.271+0900] {logging_mixin.py:117} INFO - [2022-11-08T20:49:45.271+0900] {dag.py:2573} INFO - Sync 1 DAGs
[2022-11-08T20:49:45.281+0900] {logging_mixin.py:117} INFO - [2022-11-08T20:49:45.281+0900] {dag.py:3324} INFO - Setting next_dagrun for example_short_circuit_operator to 2022-11-07T11:49:45.281703+00:00, run_after=2022-11-08T11:49:45.281703+00:00
[2022-11-08T20:49:45.298+0900] {processor.py:178} INFO - Processing /home/steve/.local/lib/python3.8/site-packages/airflow/example_dags/example_short_circuit_operator.py took 0.057 seconds
[2022-11-08T20:50:19.897+0900] {processor.py:156} INFO - Started process (PID=12430) to work on /home/steve/.local/lib/python3.8/site-packages/airflow/example_dags/example_short_circuit_operator.py
[2022-11-08T20:50:19.899+0900] {processor.py:758} INFO - Processing file /home/steve/.local/lib/python3.8/site-packages/airflow/example_dags/example_short_circuit_operator.py for tasks to queue
[2022-11-08T20:50:19.899+0900] {logging_mixin.py:117} INFO - [2022-11-08T20:50:19.899+0900] {dagbag.py:525} INFO - Filling up the DagBag from /home/steve/.local/lib/python3.8/site-packages/airflow/example_dags/example_short_circuit_operator.py
[2022-11-08T20:50:19.908+0900] {processor.py:768} INFO - DAG(s) dict_keys(['example_short_circuit_operator']) retrieved from /home/steve/.local/lib/python3.8/site-packages/airflow/example_dags/example_short_circuit_operator.py
[2022-11-08T20:50:19.925+0900] {logging_mixin.py:117} INFO - [2022-11-08T20:50:19.925+0900] {dag.py:2573} INFO - Sync 1 DAGs
[2022-11-08T20:50:19.936+0900] {logging_mixin.py:117} INFO - [2022-11-08T20:50:19.935+0900] {dag.py:3324} INFO - Setting next_dagrun for example_short_circuit_operator to 2022-11-07T11:50:19.935754+00:00, run_after=2022-11-08T11:50:19.935754+00:00
[2022-11-08T20:50:19.952+0900] {processor.py:178} INFO - Processing /home/steve/.local/lib/python3.8/site-packages/airflow/example_dags/example_short_circuit_operator.py took 0.057 seconds
[2022-11-08T20:50:52.316+0900] {processor.py:156} INFO - Started process (PID=12643) to work on /home/steve/.local/lib/python3.8/site-packages/airflow/example_dags/example_short_circuit_operator.py
[2022-11-08T20:50:52.318+0900] {processor.py:758} INFO - Processing file /home/steve/.local/lib/python3.8/site-packages/airflow/example_dags/example_short_circuit_operator.py for tasks to queue
[2022-11-08T20:50:52.319+0900] {logging_mixin.py:117} INFO - [2022-11-08T20:50:52.319+0900] {dagbag.py:525} INFO - Filling up the DagBag from /home/steve/.local/lib/python3.8/site-packages/airflow/example_dags/example_short_circuit_operator.py
[2022-11-08T20:50:52.330+0900] {processor.py:768} INFO - DAG(s) dict_keys(['example_short_circuit_operator']) retrieved from /home/steve/.local/lib/python3.8/site-packages/airflow/example_dags/example_short_circuit_operator.py
[2022-11-08T20:50:52.348+0900] {logging_mixin.py:117} INFO - [2022-11-08T20:50:52.348+0900] {dag.py:2573} INFO - Sync 1 DAGs
[2022-11-08T20:50:52.360+0900] {logging_mixin.py:117} INFO - [2022-11-08T20:50:52.360+0900] {dag.py:3324} INFO - Setting next_dagrun for example_short_circuit_operator to 2022-11-07T11:50:52.360623+00:00, run_after=2022-11-08T11:50:52.360623+00:00
[2022-11-08T20:50:52.380+0900] {processor.py:178} INFO - Processing /home/steve/.local/lib/python3.8/site-packages/airflow/example_dags/example_short_circuit_operator.py took 0.067 seconds
