[2022-11-08T19:45:14.707+0900] {processor.py:156} INFO - Started process (PID=7551) to work on /home/steve/.local/lib/python3.8/site-packages/airflow/example_dags/example_external_task_marker_dag.py
[2022-11-08T19:45:14.707+0900] {processor.py:758} INFO - Processing file /home/steve/.local/lib/python3.8/site-packages/airflow/example_dags/example_external_task_marker_dag.py for tasks to queue
[2022-11-08T19:45:14.708+0900] {logging_mixin.py:117} INFO - [2022-11-08T19:45:14.707+0900] {dagbag.py:525} INFO - Filling up the DagBag from /home/steve/.local/lib/python3.8/site-packages/airflow/example_dags/example_external_task_marker_dag.py
[2022-11-08T19:45:14.715+0900] {processor.py:768} INFO - DAG(s) dict_keys(['example_external_task_marker_child', 'example_external_task_marker_parent']) retrieved from /home/steve/.local/lib/python3.8/site-packages/airflow/example_dags/example_external_task_marker_dag.py
[2022-11-08T19:45:14.901+0900] {logging_mixin.py:117} INFO - [2022-11-08T19:45:14.900+0900] {manager.py:507} INFO - Created Permission View: can edit on DAG:example_external_task_marker_child
[2022-11-08T19:45:14.910+0900] {logging_mixin.py:117} INFO - [2022-11-08T19:45:14.909+0900] {manager.py:507} INFO - Created Permission View: can delete on DAG:example_external_task_marker_child
[2022-11-08T19:45:14.917+0900] {logging_mixin.py:117} INFO - [2022-11-08T19:45:14.917+0900] {manager.py:507} INFO - Created Permission View: can read on DAG:example_external_task_marker_child
[2022-11-08T19:45:14.935+0900] {logging_mixin.py:117} INFO - [2022-11-08T19:45:14.935+0900] {manager.py:507} INFO - Created Permission View: can edit on DAG:example_external_task_marker_parent
[2022-11-08T19:45:14.943+0900] {logging_mixin.py:117} INFO - [2022-11-08T19:45:14.943+0900] {manager.py:507} INFO - Created Permission View: can delete on DAG:example_external_task_marker_parent
[2022-11-08T19:45:14.951+0900] {logging_mixin.py:117} INFO - [2022-11-08T19:45:14.951+0900] {manager.py:507} INFO - Created Permission View: can read on DAG:example_external_task_marker_parent
[2022-11-08T19:45:14.951+0900] {logging_mixin.py:117} INFO - [2022-11-08T19:45:14.951+0900] {dag.py:2573} INFO - Sync 2 DAGs
[2022-11-08T19:45:14.956+0900] {logging_mixin.py:117} INFO - [2022-11-08T19:45:14.956+0900] {dag.py:2594} INFO - Creating ORM DAG for example_external_task_marker_parent
[2022-11-08T19:45:14.957+0900] {logging_mixin.py:117} INFO - [2022-11-08T19:45:14.957+0900] {dag.py:2594} INFO - Creating ORM DAG for example_external_task_marker_child
[2022-11-08T19:45:14.961+0900] {logging_mixin.py:117} INFO - [2022-11-08T19:45:14.961+0900] {dag.py:3324} INFO - Setting next_dagrun for example_external_task_marker_child to None, run_after=None
[2022-11-08T19:45:14.961+0900] {logging_mixin.py:117} INFO - [2022-11-08T19:45:14.961+0900] {dag.py:3324} INFO - Setting next_dagrun for example_external_task_marker_parent to None, run_after=None
[2022-11-08T19:45:14.976+0900] {processor.py:178} INFO - Processing /home/steve/.local/lib/python3.8/site-packages/airflow/example_dags/example_external_task_marker_dag.py took 0.270 seconds
[2022-11-08T19:45:51.416+0900] {processor.py:156} INFO - Started process (PID=7766) to work on /home/steve/.local/lib/python3.8/site-packages/airflow/example_dags/example_external_task_marker_dag.py
[2022-11-08T19:45:51.418+0900] {processor.py:758} INFO - Processing file /home/steve/.local/lib/python3.8/site-packages/airflow/example_dags/example_external_task_marker_dag.py for tasks to queue
[2022-11-08T19:45:51.419+0900] {logging_mixin.py:117} INFO - [2022-11-08T19:45:51.419+0900] {dagbag.py:525} INFO - Filling up the DagBag from /home/steve/.local/lib/python3.8/site-packages/airflow/example_dags/example_external_task_marker_dag.py
[2022-11-08T19:45:51.426+0900] {processor.py:768} INFO - DAG(s) dict_keys(['example_external_task_marker_parent', 'example_external_task_marker_child']) retrieved from /home/steve/.local/lib/python3.8/site-packages/airflow/example_dags/example_external_task_marker_dag.py
[2022-11-08T19:45:51.494+0900] {logging_mixin.py:117} INFO - [2022-11-08T19:45:51.494+0900] {dag.py:2573} INFO - Sync 2 DAGs
[2022-11-08T19:45:51.504+0900] {logging_mixin.py:117} INFO - [2022-11-08T19:45:51.504+0900] {dag.py:3324} INFO - Setting next_dagrun for example_external_task_marker_child to None, run_after=None
[2022-11-08T19:45:51.505+0900] {logging_mixin.py:117} INFO - [2022-11-08T19:45:51.505+0900] {dag.py:3324} INFO - Setting next_dagrun for example_external_task_marker_parent to None, run_after=None
[2022-11-08T19:45:51.520+0900] {processor.py:178} INFO - Processing /home/steve/.local/lib/python3.8/site-packages/airflow/example_dags/example_external_task_marker_dag.py took 0.106 seconds
[2022-11-08T19:46:29.249+0900] {processor.py:156} INFO - Started process (PID=7818) to work on /home/steve/.local/lib/python3.8/site-packages/airflow/example_dags/example_external_task_marker_dag.py
[2022-11-08T19:46:29.251+0900] {processor.py:758} INFO - Processing file /home/steve/.local/lib/python3.8/site-packages/airflow/example_dags/example_external_task_marker_dag.py for tasks to queue
[2022-11-08T19:46:29.252+0900] {logging_mixin.py:117} INFO - [2022-11-08T19:46:29.252+0900] {dagbag.py:525} INFO - Filling up the DagBag from /home/steve/.local/lib/python3.8/site-packages/airflow/example_dags/example_external_task_marker_dag.py
[2022-11-08T19:46:29.259+0900] {processor.py:768} INFO - DAG(s) dict_keys(['example_external_task_marker_parent', 'example_external_task_marker_child']) retrieved from /home/steve/.local/lib/python3.8/site-packages/airflow/example_dags/example_external_task_marker_dag.py
[2022-11-08T19:46:29.330+0900] {logging_mixin.py:117} INFO - [2022-11-08T19:46:29.330+0900] {dag.py:2573} INFO - Sync 2 DAGs
[2022-11-08T19:46:29.340+0900] {logging_mixin.py:117} INFO - [2022-11-08T19:46:29.340+0900] {dag.py:3324} INFO - Setting next_dagrun for example_external_task_marker_child to None, run_after=None
[2022-11-08T19:46:29.341+0900] {logging_mixin.py:117} INFO - [2022-11-08T19:46:29.341+0900] {dag.py:3324} INFO - Setting next_dagrun for example_external_task_marker_parent to None, run_after=None
[2022-11-08T19:46:29.357+0900] {processor.py:178} INFO - Processing /home/steve/.local/lib/python3.8/site-packages/airflow/example_dags/example_external_task_marker_dag.py took 0.109 seconds
[2022-11-08T19:47:11.979+0900] {processor.py:156} INFO - Started process (PID=7901) to work on /home/steve/.local/lib/python3.8/site-packages/airflow/example_dags/example_external_task_marker_dag.py
[2022-11-08T19:47:11.981+0900] {processor.py:758} INFO - Processing file /home/steve/.local/lib/python3.8/site-packages/airflow/example_dags/example_external_task_marker_dag.py for tasks to queue
[2022-11-08T19:47:11.981+0900] {logging_mixin.py:117} INFO - [2022-11-08T19:47:11.981+0900] {dagbag.py:525} INFO - Filling up the DagBag from /home/steve/.local/lib/python3.8/site-packages/airflow/example_dags/example_external_task_marker_dag.py
[2022-11-08T19:47:11.989+0900] {processor.py:768} INFO - DAG(s) dict_keys(['example_external_task_marker_child', 'example_external_task_marker_parent']) retrieved from /home/steve/.local/lib/python3.8/site-packages/airflow/example_dags/example_external_task_marker_dag.py
[2022-11-08T19:47:12.056+0900] {logging_mixin.py:117} INFO - [2022-11-08T19:47:12.056+0900] {dag.py:2573} INFO - Sync 2 DAGs
[2022-11-08T19:47:12.130+0900] {logging_mixin.py:117} INFO - [2022-11-08T19:47:12.130+0900] {dag.py:3324} INFO - Setting next_dagrun for example_external_task_marker_child to None, run_after=None
[2022-11-08T19:47:12.131+0900] {logging_mixin.py:117} INFO - [2022-11-08T19:47:12.131+0900] {dag.py:3324} INFO - Setting next_dagrun for example_external_task_marker_parent to None, run_after=None
[2022-11-08T19:47:12.146+0900] {processor.py:178} INFO - Processing /home/steve/.local/lib/python3.8/site-packages/airflow/example_dags/example_external_task_marker_dag.py took 0.169 seconds
[2022-11-08T19:47:52.610+0900] {processor.py:156} INFO - Started process (PID=7941) to work on /home/steve/.local/lib/python3.8/site-packages/airflow/example_dags/example_external_task_marker_dag.py
[2022-11-08T19:47:52.611+0900] {processor.py:758} INFO - Processing file /home/steve/.local/lib/python3.8/site-packages/airflow/example_dags/example_external_task_marker_dag.py for tasks to queue
[2022-11-08T19:47:52.612+0900] {logging_mixin.py:117} INFO - [2022-11-08T19:47:52.612+0900] {dagbag.py:525} INFO - Filling up the DagBag from /home/steve/.local/lib/python3.8/site-packages/airflow/example_dags/example_external_task_marker_dag.py
[2022-11-08T19:47:52.619+0900] {processor.py:768} INFO - DAG(s) dict_keys(['example_external_task_marker_parent', 'example_external_task_marker_child']) retrieved from /home/steve/.local/lib/python3.8/site-packages/airflow/example_dags/example_external_task_marker_dag.py
[2022-11-08T19:47:52.687+0900] {logging_mixin.py:117} INFO - [2022-11-08T19:47:52.687+0900] {dag.py:2573} INFO - Sync 2 DAGs
[2022-11-08T19:47:52.761+0900] {logging_mixin.py:117} INFO - [2022-11-08T19:47:52.761+0900] {dag.py:3324} INFO - Setting next_dagrun for example_external_task_marker_child to None, run_after=None
[2022-11-08T19:47:52.762+0900] {logging_mixin.py:117} INFO - [2022-11-08T19:47:52.762+0900] {dag.py:3324} INFO - Setting next_dagrun for example_external_task_marker_parent to None, run_after=None
[2022-11-08T19:47:52.777+0900] {processor.py:178} INFO - Processing /home/steve/.local/lib/python3.8/site-packages/airflow/example_dags/example_external_task_marker_dag.py took 0.168 seconds
[2022-11-08T19:48:31.440+0900] {processor.py:156} INFO - Started process (PID=7978) to work on /home/steve/.local/lib/python3.8/site-packages/airflow/example_dags/example_external_task_marker_dag.py
[2022-11-08T19:48:31.443+0900] {processor.py:758} INFO - Processing file /home/steve/.local/lib/python3.8/site-packages/airflow/example_dags/example_external_task_marker_dag.py for tasks to queue
[2022-11-08T19:48:31.443+0900] {logging_mixin.py:117} INFO - [2022-11-08T19:48:31.443+0900] {dagbag.py:525} INFO - Filling up the DagBag from /home/steve/.local/lib/python3.8/site-packages/airflow/example_dags/example_external_task_marker_dag.py
[2022-11-08T19:48:31.450+0900] {processor.py:768} INFO - DAG(s) dict_keys(['example_external_task_marker_parent', 'example_external_task_marker_child']) retrieved from /home/steve/.local/lib/python3.8/site-packages/airflow/example_dags/example_external_task_marker_dag.py
[2022-11-08T19:48:31.584+0900] {logging_mixin.py:117} INFO - [2022-11-08T19:48:31.583+0900] {dag.py:2573} INFO - Sync 2 DAGs
[2022-11-08T19:48:31.592+0900] {logging_mixin.py:117} INFO - [2022-11-08T19:48:31.592+0900] {dag.py:3324} INFO - Setting next_dagrun for example_external_task_marker_child to None, run_after=None
[2022-11-08T19:48:31.593+0900] {logging_mixin.py:117} INFO - [2022-11-08T19:48:31.593+0900] {dag.py:3324} INFO - Setting next_dagrun for example_external_task_marker_parent to None, run_after=None
[2022-11-08T19:48:31.608+0900] {processor.py:178} INFO - Processing /home/steve/.local/lib/python3.8/site-packages/airflow/example_dags/example_external_task_marker_dag.py took 0.169 seconds
[2022-11-08T19:49:16.914+0900] {processor.py:156} INFO - Started process (PID=8022) to work on /home/steve/.local/lib/python3.8/site-packages/airflow/example_dags/example_external_task_marker_dag.py
[2022-11-08T19:49:16.915+0900] {processor.py:758} INFO - Processing file /home/steve/.local/lib/python3.8/site-packages/airflow/example_dags/example_external_task_marker_dag.py for tasks to queue
[2022-11-08T19:49:16.916+0900] {logging_mixin.py:117} INFO - [2022-11-08T19:49:16.916+0900] {dagbag.py:525} INFO - Filling up the DagBag from /home/steve/.local/lib/python3.8/site-packages/airflow/example_dags/example_external_task_marker_dag.py
[2022-11-08T19:49:16.923+0900] {processor.py:768} INFO - DAG(s) dict_keys(['example_external_task_marker_parent', 'example_external_task_marker_child']) retrieved from /home/steve/.local/lib/python3.8/site-packages/airflow/example_dags/example_external_task_marker_dag.py
[2022-11-08T19:49:17.059+0900] {logging_mixin.py:117} INFO - [2022-11-08T19:49:17.059+0900] {dag.py:2573} INFO - Sync 2 DAGs
[2022-11-08T19:49:17.068+0900] {logging_mixin.py:117} INFO - [2022-11-08T19:49:17.068+0900] {dag.py:3324} INFO - Setting next_dagrun for example_external_task_marker_child to None, run_after=None
[2022-11-08T19:49:17.069+0900] {logging_mixin.py:117} INFO - [2022-11-08T19:49:17.069+0900] {dag.py:3324} INFO - Setting next_dagrun for example_external_task_marker_parent to None, run_after=None
[2022-11-08T19:49:17.084+0900] {processor.py:178} INFO - Processing /home/steve/.local/lib/python3.8/site-packages/airflow/example_dags/example_external_task_marker_dag.py took 0.171 seconds
[2022-11-08T19:49:53.350+0900] {processor.py:156} INFO - Started process (PID=8085) to work on /home/steve/.local/lib/python3.8/site-packages/airflow/example_dags/example_external_task_marker_dag.py
[2022-11-08T19:49:53.352+0900] {processor.py:758} INFO - Processing file /home/steve/.local/lib/python3.8/site-packages/airflow/example_dags/example_external_task_marker_dag.py for tasks to queue
[2022-11-08T19:49:53.353+0900] {logging_mixin.py:117} INFO - [2022-11-08T19:49:53.353+0900] {dagbag.py:525} INFO - Filling up the DagBag from /home/steve/.local/lib/python3.8/site-packages/airflow/example_dags/example_external_task_marker_dag.py
[2022-11-08T19:49:53.360+0900] {processor.py:768} INFO - DAG(s) dict_keys(['example_external_task_marker_child', 'example_external_task_marker_parent']) retrieved from /home/steve/.local/lib/python3.8/site-packages/airflow/example_dags/example_external_task_marker_dag.py
[2022-11-08T19:49:53.499+0900] {logging_mixin.py:117} INFO - [2022-11-08T19:49:53.499+0900] {dag.py:2573} INFO - Sync 2 DAGs
[2022-11-08T19:49:53.508+0900] {logging_mixin.py:117} INFO - [2022-11-08T19:49:53.508+0900] {dag.py:3324} INFO - Setting next_dagrun for example_external_task_marker_child to None, run_after=None
[2022-11-08T19:49:53.509+0900] {logging_mixin.py:117} INFO - [2022-11-08T19:49:53.509+0900] {dag.py:3324} INFO - Setting next_dagrun for example_external_task_marker_parent to None, run_after=None
[2022-11-08T19:49:53.524+0900] {processor.py:178} INFO - Processing /home/steve/.local/lib/python3.8/site-packages/airflow/example_dags/example_external_task_marker_dag.py took 0.176 seconds
[2022-11-08T19:50:33.700+0900] {processor.py:156} INFO - Started process (PID=8125) to work on /home/steve/.local/lib/python3.8/site-packages/airflow/example_dags/example_external_task_marker_dag.py
[2022-11-08T19:50:33.702+0900] {processor.py:758} INFO - Processing file /home/steve/.local/lib/python3.8/site-packages/airflow/example_dags/example_external_task_marker_dag.py for tasks to queue
[2022-11-08T19:50:33.703+0900] {logging_mixin.py:117} INFO - [2022-11-08T19:50:33.703+0900] {dagbag.py:525} INFO - Filling up the DagBag from /home/steve/.local/lib/python3.8/site-packages/airflow/example_dags/example_external_task_marker_dag.py
[2022-11-08T19:50:33.710+0900] {processor.py:768} INFO - DAG(s) dict_keys(['example_external_task_marker_parent', 'example_external_task_marker_child']) retrieved from /home/steve/.local/lib/python3.8/site-packages/airflow/example_dags/example_external_task_marker_dag.py
[2022-11-08T19:50:33.846+0900] {logging_mixin.py:117} INFO - [2022-11-08T19:50:33.846+0900] {dag.py:2573} INFO - Sync 2 DAGs
[2022-11-08T19:50:33.855+0900] {logging_mixin.py:117} INFO - [2022-11-08T19:50:33.855+0900] {dag.py:3324} INFO - Setting next_dagrun for example_external_task_marker_child to None, run_after=None
[2022-11-08T19:50:33.856+0900] {logging_mixin.py:117} INFO - [2022-11-08T19:50:33.856+0900] {dag.py:3324} INFO - Setting next_dagrun for example_external_task_marker_parent to None, run_after=None
[2022-11-08T19:50:33.870+0900] {processor.py:178} INFO - Processing /home/steve/.local/lib/python3.8/site-packages/airflow/example_dags/example_external_task_marker_dag.py took 0.172 seconds
[2022-11-08T19:51:10.567+0900] {processor.py:156} INFO - Started process (PID=8161) to work on /home/steve/.local/lib/python3.8/site-packages/airflow/example_dags/example_external_task_marker_dag.py
[2022-11-08T19:51:10.568+0900] {processor.py:758} INFO - Processing file /home/steve/.local/lib/python3.8/site-packages/airflow/example_dags/example_external_task_marker_dag.py for tasks to queue
[2022-11-08T19:51:10.568+0900] {logging_mixin.py:117} INFO - [2022-11-08T19:51:10.568+0900] {dagbag.py:525} INFO - Filling up the DagBag from /home/steve/.local/lib/python3.8/site-packages/airflow/example_dags/example_external_task_marker_dag.py
[2022-11-08T19:51:10.641+0900] {processor.py:768} INFO - DAG(s) dict_keys(['example_external_task_marker_parent', 'example_external_task_marker_child']) retrieved from /home/steve/.local/lib/python3.8/site-packages/airflow/example_dags/example_external_task_marker_dag.py
[2022-11-08T19:51:10.706+0900] {logging_mixin.py:117} INFO - [2022-11-08T19:51:10.706+0900] {dag.py:2573} INFO - Sync 2 DAGs
[2022-11-08T19:51:10.715+0900] {logging_mixin.py:117} INFO - [2022-11-08T19:51:10.715+0900] {dag.py:3324} INFO - Setting next_dagrun for example_external_task_marker_child to None, run_after=None
[2022-11-08T19:51:10.716+0900] {logging_mixin.py:117} INFO - [2022-11-08T19:51:10.716+0900] {dag.py:3324} INFO - Setting next_dagrun for example_external_task_marker_parent to None, run_after=None
[2022-11-08T19:51:10.730+0900] {processor.py:178} INFO - Processing /home/steve/.local/lib/python3.8/site-packages/airflow/example_dags/example_external_task_marker_dag.py took 0.165 seconds
[2022-11-08T19:51:49.076+0900] {processor.py:156} INFO - Started process (PID=8198) to work on /home/steve/.local/lib/python3.8/site-packages/airflow/example_dags/example_external_task_marker_dag.py
[2022-11-08T19:51:49.078+0900] {processor.py:758} INFO - Processing file /home/steve/.local/lib/python3.8/site-packages/airflow/example_dags/example_external_task_marker_dag.py for tasks to queue
[2022-11-08T19:51:49.078+0900] {logging_mixin.py:117} INFO - [2022-11-08T19:51:49.078+0900] {dagbag.py:525} INFO - Filling up the DagBag from /home/steve/.local/lib/python3.8/site-packages/airflow/example_dags/example_external_task_marker_dag.py
[2022-11-08T19:51:49.084+0900] {processor.py:768} INFO - DAG(s) dict_keys(['example_external_task_marker_child', 'example_external_task_marker_parent']) retrieved from /home/steve/.local/lib/python3.8/site-packages/airflow/example_dags/example_external_task_marker_dag.py
[2022-11-08T19:51:49.149+0900] {logging_mixin.py:117} INFO - [2022-11-08T19:51:49.149+0900] {dag.py:2573} INFO - Sync 2 DAGs
[2022-11-08T19:51:49.157+0900] {logging_mixin.py:117} INFO - [2022-11-08T19:51:49.157+0900] {dag.py:3324} INFO - Setting next_dagrun for example_external_task_marker_child to None, run_after=None
[2022-11-08T19:51:49.158+0900] {logging_mixin.py:117} INFO - [2022-11-08T19:51:49.158+0900] {dag.py:3324} INFO - Setting next_dagrun for example_external_task_marker_parent to None, run_after=None
[2022-11-08T19:51:49.173+0900] {processor.py:178} INFO - Processing /home/steve/.local/lib/python3.8/site-packages/airflow/example_dags/example_external_task_marker_dag.py took 0.168 seconds
[2022-11-08T19:52:22.587+0900] {processor.py:156} INFO - Started process (PID=8234) to work on /home/steve/.local/lib/python3.8/site-packages/airflow/example_dags/example_external_task_marker_dag.py
[2022-11-08T19:52:22.589+0900] {processor.py:758} INFO - Processing file /home/steve/.local/lib/python3.8/site-packages/airflow/example_dags/example_external_task_marker_dag.py for tasks to queue
[2022-11-08T19:52:22.590+0900] {logging_mixin.py:117} INFO - [2022-11-08T19:52:22.590+0900] {dagbag.py:525} INFO - Filling up the DagBag from /home/steve/.local/lib/python3.8/site-packages/airflow/example_dags/example_external_task_marker_dag.py
[2022-11-08T19:52:22.597+0900] {processor.py:768} INFO - DAG(s) dict_keys(['example_external_task_marker_parent', 'example_external_task_marker_child']) retrieved from /home/steve/.local/lib/python3.8/site-packages/airflow/example_dags/example_external_task_marker_dag.py
[2022-11-08T19:52:22.665+0900] {logging_mixin.py:117} INFO - [2022-11-08T19:52:22.665+0900] {dag.py:2573} INFO - Sync 2 DAGs
[2022-11-08T19:52:22.674+0900] {logging_mixin.py:117} INFO - [2022-11-08T19:52:22.674+0900] {dag.py:3324} INFO - Setting next_dagrun for example_external_task_marker_child to None, run_after=None
[2022-11-08T19:52:22.676+0900] {logging_mixin.py:117} INFO - [2022-11-08T19:52:22.676+0900] {dag.py:3324} INFO - Setting next_dagrun for example_external_task_marker_parent to None, run_after=None
[2022-11-08T19:52:22.690+0900] {processor.py:178} INFO - Processing /home/steve/.local/lib/python3.8/site-packages/airflow/example_dags/example_external_task_marker_dag.py took 0.104 seconds
[2022-11-08T19:52:56.005+0900] {processor.py:156} INFO - Started process (PID=8371) to work on /home/steve/.local/lib/python3.8/site-packages/airflow/example_dags/example_external_task_marker_dag.py
[2022-11-08T19:52:56.007+0900] {processor.py:758} INFO - Processing file /home/steve/.local/lib/python3.8/site-packages/airflow/example_dags/example_external_task_marker_dag.py for tasks to queue
[2022-11-08T19:52:56.007+0900] {logging_mixin.py:117} INFO - [2022-11-08T19:52:56.007+0900] {dagbag.py:525} INFO - Filling up the DagBag from /home/steve/.local/lib/python3.8/site-packages/airflow/example_dags/example_external_task_marker_dag.py
[2022-11-08T19:52:56.014+0900] {processor.py:768} INFO - DAG(s) dict_keys(['example_external_task_marker_parent', 'example_external_task_marker_child']) retrieved from /home/steve/.local/lib/python3.8/site-packages/airflow/example_dags/example_external_task_marker_dag.py
[2022-11-08T19:52:56.025+0900] {logging_mixin.py:117} INFO - [2022-11-08T19:52:56.025+0900] {dag.py:2573} INFO - Sync 2 DAGs
[2022-11-08T19:52:56.035+0900] {logging_mixin.py:117} INFO - [2022-11-08T19:52:56.035+0900] {dag.py:3324} INFO - Setting next_dagrun for example_external_task_marker_child to None, run_after=None
[2022-11-08T19:52:56.036+0900] {logging_mixin.py:117} INFO - [2022-11-08T19:52:56.036+0900] {dag.py:3324} INFO - Setting next_dagrun for example_external_task_marker_parent to None, run_after=None
[2022-11-08T19:52:56.052+0900] {processor.py:178} INFO - Processing /home/steve/.local/lib/python3.8/site-packages/airflow/example_dags/example_external_task_marker_dag.py took 0.048 seconds
[2022-11-08T19:53:35.948+0900] {processor.py:156} INFO - Started process (PID=8539) to work on /home/steve/.local/lib/python3.8/site-packages/airflow/example_dags/example_external_task_marker_dag.py
[2022-11-08T19:53:35.949+0900] {processor.py:758} INFO - Processing file /home/steve/.local/lib/python3.8/site-packages/airflow/example_dags/example_external_task_marker_dag.py for tasks to queue
[2022-11-08T19:53:35.950+0900] {logging_mixin.py:117} INFO - [2022-11-08T19:53:35.950+0900] {dagbag.py:525} INFO - Filling up the DagBag from /home/steve/.local/lib/python3.8/site-packages/airflow/example_dags/example_external_task_marker_dag.py
[2022-11-08T19:53:35.957+0900] {processor.py:768} INFO - DAG(s) dict_keys(['example_external_task_marker_child', 'example_external_task_marker_parent']) retrieved from /home/steve/.local/lib/python3.8/site-packages/airflow/example_dags/example_external_task_marker_dag.py
[2022-11-08T19:53:36.045+0900] {logging_mixin.py:117} INFO - [2022-11-08T19:53:36.045+0900] {dag.py:2573} INFO - Sync 2 DAGs
[2022-11-08T19:53:36.058+0900] {logging_mixin.py:117} INFO - [2022-11-08T19:53:36.058+0900] {dag.py:3324} INFO - Setting next_dagrun for example_external_task_marker_child to None, run_after=None
[2022-11-08T19:53:36.060+0900] {logging_mixin.py:117} INFO - [2022-11-08T19:53:36.060+0900] {dag.py:3324} INFO - Setting next_dagrun for example_external_task_marker_parent to None, run_after=None
[2022-11-08T19:53:36.077+0900] {processor.py:178} INFO - Processing /home/steve/.local/lib/python3.8/site-packages/airflow/example_dags/example_external_task_marker_dag.py took 0.131 seconds
[2022-11-08T19:54:14.017+0900] {processor.py:156} INFO - Started process (PID=8634) to work on /home/steve/.local/lib/python3.8/site-packages/airflow/example_dags/example_external_task_marker_dag.py
[2022-11-08T19:54:14.019+0900] {processor.py:758} INFO - Processing file /home/steve/.local/lib/python3.8/site-packages/airflow/example_dags/example_external_task_marker_dag.py for tasks to queue
[2022-11-08T19:54:14.019+0900] {logging_mixin.py:117} INFO - [2022-11-08T19:54:14.019+0900] {dagbag.py:525} INFO - Filling up the DagBag from /home/steve/.local/lib/python3.8/site-packages/airflow/example_dags/example_external_task_marker_dag.py
[2022-11-08T19:54:14.027+0900] {processor.py:768} INFO - DAG(s) dict_keys(['example_external_task_marker_parent', 'example_external_task_marker_child']) retrieved from /home/steve/.local/lib/python3.8/site-packages/airflow/example_dags/example_external_task_marker_dag.py
[2022-11-08T19:54:14.098+0900] {logging_mixin.py:117} INFO - [2022-11-08T19:54:14.098+0900] {dag.py:2573} INFO - Sync 2 DAGs
[2022-11-08T19:54:14.110+0900] {logging_mixin.py:117} INFO - [2022-11-08T19:54:14.110+0900] {dag.py:3324} INFO - Setting next_dagrun for example_external_task_marker_child to None, run_after=None
[2022-11-08T19:54:14.112+0900] {logging_mixin.py:117} INFO - [2022-11-08T19:54:14.112+0900] {dag.py:3324} INFO - Setting next_dagrun for example_external_task_marker_parent to None, run_after=None
[2022-11-08T19:54:14.128+0900] {processor.py:178} INFO - Processing /home/steve/.local/lib/python3.8/site-packages/airflow/example_dags/example_external_task_marker_dag.py took 0.112 seconds
[2022-11-08T19:54:56.136+0900] {processor.py:156} INFO - Started process (PID=8964) to work on /home/steve/.local/lib/python3.8/site-packages/airflow/example_dags/example_external_task_marker_dag.py
[2022-11-08T19:54:56.138+0900] {processor.py:758} INFO - Processing file /home/steve/.local/lib/python3.8/site-packages/airflow/example_dags/example_external_task_marker_dag.py for tasks to queue
[2022-11-08T19:54:56.138+0900] {logging_mixin.py:117} INFO - [2022-11-08T19:54:56.138+0900] {dagbag.py:525} INFO - Filling up the DagBag from /home/steve/.local/lib/python3.8/site-packages/airflow/example_dags/example_external_task_marker_dag.py
[2022-11-08T19:54:56.146+0900] {processor.py:768} INFO - DAG(s) dict_keys(['example_external_task_marker_parent', 'example_external_task_marker_child']) retrieved from /home/steve/.local/lib/python3.8/site-packages/airflow/example_dags/example_external_task_marker_dag.py
[2022-11-08T19:54:56.214+0900] {logging_mixin.py:117} INFO - [2022-11-08T19:54:56.214+0900] {dag.py:2573} INFO - Sync 2 DAGs
[2022-11-08T19:54:56.223+0900] {logging_mixin.py:117} INFO - [2022-11-08T19:54:56.223+0900] {dag.py:3324} INFO - Setting next_dagrun for example_external_task_marker_child to None, run_after=None
[2022-11-08T19:54:56.224+0900] {logging_mixin.py:117} INFO - [2022-11-08T19:54:56.224+0900] {dag.py:3324} INFO - Setting next_dagrun for example_external_task_marker_parent to None, run_after=None
[2022-11-08T19:54:56.239+0900] {processor.py:178} INFO - Processing /home/steve/.local/lib/python3.8/site-packages/airflow/example_dags/example_external_task_marker_dag.py took 0.105 seconds
[2022-11-08T20:27:22.386+0900] {processor.py:156} INFO - Started process (PID=9818) to work on /home/steve/.local/lib/python3.8/site-packages/airflow/example_dags/example_external_task_marker_dag.py
[2022-11-08T20:27:22.387+0900] {processor.py:758} INFO - Processing file /home/steve/.local/lib/python3.8/site-packages/airflow/example_dags/example_external_task_marker_dag.py for tasks to queue
[2022-11-08T20:27:22.387+0900] {logging_mixin.py:117} INFO - [2022-11-08T20:27:22.387+0900] {dagbag.py:525} INFO - Filling up the DagBag from /home/steve/.local/lib/python3.8/site-packages/airflow/example_dags/example_external_task_marker_dag.py
[2022-11-08T20:27:22.396+0900] {processor.py:768} INFO - DAG(s) dict_keys(['example_external_task_marker_child', 'example_external_task_marker_parent']) retrieved from /home/steve/.local/lib/python3.8/site-packages/airflow/example_dags/example_external_task_marker_dag.py
[2022-11-08T20:27:22.472+0900] {logging_mixin.py:117} INFO - [2022-11-08T20:27:22.471+0900] {dag.py:2573} INFO - Sync 2 DAGs
[2022-11-08T20:27:22.483+0900] {logging_mixin.py:117} INFO - [2022-11-08T20:27:22.483+0900] {dag.py:3324} INFO - Setting next_dagrun for example_external_task_marker_child to None, run_after=None
[2022-11-08T20:27:22.484+0900] {logging_mixin.py:117} INFO - [2022-11-08T20:27:22.484+0900] {dag.py:3324} INFO - Setting next_dagrun for example_external_task_marker_parent to None, run_after=None
[2022-11-08T20:27:22.500+0900] {processor.py:178} INFO - Processing /home/steve/.local/lib/python3.8/site-packages/airflow/example_dags/example_external_task_marker_dag.py took 0.116 seconds
[2022-11-08T20:28:00.797+0900] {processor.py:156} INFO - Started process (PID=9855) to work on /home/steve/.local/lib/python3.8/site-packages/airflow/example_dags/example_external_task_marker_dag.py
[2022-11-08T20:28:00.799+0900] {processor.py:758} INFO - Processing file /home/steve/.local/lib/python3.8/site-packages/airflow/example_dags/example_external_task_marker_dag.py for tasks to queue
[2022-11-08T20:28:00.799+0900] {logging_mixin.py:117} INFO - [2022-11-08T20:28:00.799+0900] {dagbag.py:525} INFO - Filling up the DagBag from /home/steve/.local/lib/python3.8/site-packages/airflow/example_dags/example_external_task_marker_dag.py
[2022-11-08T20:28:00.808+0900] {processor.py:768} INFO - DAG(s) dict_keys(['example_external_task_marker_parent', 'example_external_task_marker_child']) retrieved from /home/steve/.local/lib/python3.8/site-packages/airflow/example_dags/example_external_task_marker_dag.py
[2022-11-08T20:28:00.882+0900] {logging_mixin.py:117} INFO - [2022-11-08T20:28:00.882+0900] {dag.py:2573} INFO - Sync 2 DAGs
[2022-11-08T20:28:00.894+0900] {logging_mixin.py:117} INFO - [2022-11-08T20:28:00.893+0900] {dag.py:3324} INFO - Setting next_dagrun for example_external_task_marker_child to None, run_after=None
[2022-11-08T20:28:00.896+0900] {logging_mixin.py:117} INFO - [2022-11-08T20:28:00.896+0900] {dag.py:3324} INFO - Setting next_dagrun for example_external_task_marker_parent to None, run_after=None
[2022-11-08T20:28:00.912+0900] {processor.py:178} INFO - Processing /home/steve/.local/lib/python3.8/site-packages/airflow/example_dags/example_external_task_marker_dag.py took 0.117 seconds
[2022-11-08T20:28:38.345+0900] {processor.py:156} INFO - Started process (PID=9975) to work on /home/steve/.local/lib/python3.8/site-packages/airflow/example_dags/example_external_task_marker_dag.py
[2022-11-08T20:28:38.346+0900] {processor.py:758} INFO - Processing file /home/steve/.local/lib/python3.8/site-packages/airflow/example_dags/example_external_task_marker_dag.py for tasks to queue
[2022-11-08T20:28:38.347+0900] {logging_mixin.py:117} INFO - [2022-11-08T20:28:38.347+0900] {dagbag.py:525} INFO - Filling up the DagBag from /home/steve/.local/lib/python3.8/site-packages/airflow/example_dags/example_external_task_marker_dag.py
[2022-11-08T20:28:38.356+0900] {processor.py:768} INFO - DAG(s) dict_keys(['example_external_task_marker_child', 'example_external_task_marker_parent']) retrieved from /home/steve/.local/lib/python3.8/site-packages/airflow/example_dags/example_external_task_marker_dag.py
[2022-11-08T20:28:38.435+0900] {logging_mixin.py:117} INFO - [2022-11-08T20:28:38.435+0900] {dag.py:2573} INFO - Sync 2 DAGs
[2022-11-08T20:28:38.447+0900] {logging_mixin.py:117} INFO - [2022-11-08T20:28:38.447+0900] {dag.py:3324} INFO - Setting next_dagrun for example_external_task_marker_child to None, run_after=None
[2022-11-08T20:28:38.449+0900] {logging_mixin.py:117} INFO - [2022-11-08T20:28:38.449+0900] {dag.py:3324} INFO - Setting next_dagrun for example_external_task_marker_parent to None, run_after=None
[2022-11-08T20:28:38.467+0900] {processor.py:178} INFO - Processing /home/steve/.local/lib/python3.8/site-packages/airflow/example_dags/example_external_task_marker_dag.py took 0.123 seconds
[2022-11-08T20:29:15.950+0900] {processor.py:156} INFO - Started process (PID=10229) to work on /home/steve/.local/lib/python3.8/site-packages/airflow/example_dags/example_external_task_marker_dag.py
[2022-11-08T20:29:15.952+0900] {processor.py:758} INFO - Processing file /home/steve/.local/lib/python3.8/site-packages/airflow/example_dags/example_external_task_marker_dag.py for tasks to queue
[2022-11-08T20:29:15.952+0900] {logging_mixin.py:117} INFO - [2022-11-08T20:29:15.952+0900] {dagbag.py:525} INFO - Filling up the DagBag from /home/steve/.local/lib/python3.8/site-packages/airflow/example_dags/example_external_task_marker_dag.py
[2022-11-08T20:29:15.960+0900] {processor.py:768} INFO - DAG(s) dict_keys(['example_external_task_marker_parent', 'example_external_task_marker_child']) retrieved from /home/steve/.local/lib/python3.8/site-packages/airflow/example_dags/example_external_task_marker_dag.py
[2022-11-08T20:29:16.032+0900] {logging_mixin.py:117} INFO - [2022-11-08T20:29:16.032+0900] {dag.py:2573} INFO - Sync 2 DAGs
[2022-11-08T20:29:16.043+0900] {logging_mixin.py:117} INFO - [2022-11-08T20:29:16.043+0900] {dag.py:3324} INFO - Setting next_dagrun for example_external_task_marker_child to None, run_after=None
[2022-11-08T20:29:16.124+0900] {logging_mixin.py:117} INFO - [2022-11-08T20:29:16.124+0900] {dag.py:3324} INFO - Setting next_dagrun for example_external_task_marker_parent to None, run_after=None
[2022-11-08T20:29:16.139+0900] {processor.py:178} INFO - Processing /home/steve/.local/lib/python3.8/site-packages/airflow/example_dags/example_external_task_marker_dag.py took 0.191 seconds
[2022-11-08T20:30:02.078+0900] {processor.py:156} INFO - Started process (PID=10433) to work on /home/steve/.local/lib/python3.8/site-packages/airflow/example_dags/example_external_task_marker_dag.py
[2022-11-08T20:30:02.080+0900] {processor.py:758} INFO - Processing file /home/steve/.local/lib/python3.8/site-packages/airflow/example_dags/example_external_task_marker_dag.py for tasks to queue
[2022-11-08T20:30:02.080+0900] {logging_mixin.py:117} INFO - [2022-11-08T20:30:02.080+0900] {dagbag.py:525} INFO - Filling up the DagBag from /home/steve/.local/lib/python3.8/site-packages/airflow/example_dags/example_external_task_marker_dag.py
[2022-11-08T20:30:02.089+0900] {processor.py:768} INFO - DAG(s) dict_keys(['example_external_task_marker_parent', 'example_external_task_marker_child']) retrieved from /home/steve/.local/lib/python3.8/site-packages/airflow/example_dags/example_external_task_marker_dag.py
[2022-11-08T20:30:02.162+0900] {logging_mixin.py:117} INFO - [2022-11-08T20:30:02.162+0900] {dag.py:2573} INFO - Sync 2 DAGs
[2022-11-08T20:30:02.244+0900] {logging_mixin.py:117} INFO - [2022-11-08T20:30:02.244+0900] {dag.py:3324} INFO - Setting next_dagrun for example_external_task_marker_child to None, run_after=None
[2022-11-08T20:30:02.245+0900] {logging_mixin.py:117} INFO - [2022-11-08T20:30:02.245+0900] {dag.py:3324} INFO - Setting next_dagrun for example_external_task_marker_parent to None, run_after=None
[2022-11-08T20:30:02.260+0900] {processor.py:178} INFO - Processing /home/steve/.local/lib/python3.8/site-packages/airflow/example_dags/example_external_task_marker_dag.py took 0.184 seconds
[2022-11-08T20:30:45.259+0900] {processor.py:156} INFO - Started process (PID=10580) to work on /home/steve/.local/lib/python3.8/site-packages/airflow/example_dags/example_external_task_marker_dag.py
[2022-11-08T20:30:45.261+0900] {processor.py:758} INFO - Processing file /home/steve/.local/lib/python3.8/site-packages/airflow/example_dags/example_external_task_marker_dag.py for tasks to queue
[2022-11-08T20:30:45.261+0900] {logging_mixin.py:117} INFO - [2022-11-08T20:30:45.261+0900] {dagbag.py:525} INFO - Filling up the DagBag from /home/steve/.local/lib/python3.8/site-packages/airflow/example_dags/example_external_task_marker_dag.py
[2022-11-08T20:30:45.270+0900] {processor.py:768} INFO - DAG(s) dict_keys(['example_external_task_marker_child', 'example_external_task_marker_parent']) retrieved from /home/steve/.local/lib/python3.8/site-packages/airflow/example_dags/example_external_task_marker_dag.py
[2022-11-08T20:30:45.425+0900] {logging_mixin.py:117} INFO - [2022-11-08T20:30:45.425+0900] {dag.py:2573} INFO - Sync 2 DAGs
[2022-11-08T20:30:45.434+0900] {logging_mixin.py:117} INFO - [2022-11-08T20:30:45.434+0900] {dag.py:3324} INFO - Setting next_dagrun for example_external_task_marker_child to None, run_after=None
[2022-11-08T20:30:45.436+0900] {logging_mixin.py:117} INFO - [2022-11-08T20:30:45.436+0900] {dag.py:3324} INFO - Setting next_dagrun for example_external_task_marker_parent to None, run_after=None
[2022-11-08T20:30:45.450+0900] {processor.py:178} INFO - Processing /home/steve/.local/lib/python3.8/site-packages/airflow/example_dags/example_external_task_marker_dag.py took 0.193 seconds
[2022-11-08T20:31:24.837+0900] {processor.py:156} INFO - Started process (PID=10716) to work on /home/steve/.local/lib/python3.8/site-packages/airflow/example_dags/example_external_task_marker_dag.py
[2022-11-08T20:31:24.839+0900] {processor.py:758} INFO - Processing file /home/steve/.local/lib/python3.8/site-packages/airflow/example_dags/example_external_task_marker_dag.py for tasks to queue
[2022-11-08T20:31:24.839+0900] {logging_mixin.py:117} INFO - [2022-11-08T20:31:24.839+0900] {dagbag.py:525} INFO - Filling up the DagBag from /home/steve/.local/lib/python3.8/site-packages/airflow/example_dags/example_external_task_marker_dag.py
[2022-11-08T20:31:24.848+0900] {processor.py:768} INFO - DAG(s) dict_keys(['example_external_task_marker_parent', 'example_external_task_marker_child']) retrieved from /home/steve/.local/lib/python3.8/site-packages/airflow/example_dags/example_external_task_marker_dag.py
[2022-11-08T20:31:24.992+0900] {logging_mixin.py:117} INFO - [2022-11-08T20:31:24.992+0900] {dag.py:2573} INFO - Sync 2 DAGs
[2022-11-08T20:31:25.001+0900] {logging_mixin.py:117} INFO - [2022-11-08T20:31:25.001+0900] {dag.py:3324} INFO - Setting next_dagrun for example_external_task_marker_child to None, run_after=None
[2022-11-08T20:31:25.003+0900] {logging_mixin.py:117} INFO - [2022-11-08T20:31:25.003+0900] {dag.py:3324} INFO - Setting next_dagrun for example_external_task_marker_parent to None, run_after=None
[2022-11-08T20:31:25.017+0900] {processor.py:178} INFO - Processing /home/steve/.local/lib/python3.8/site-packages/airflow/example_dags/example_external_task_marker_dag.py took 0.182 seconds
[2022-11-08T20:32:04.125+0900] {processor.py:156} INFO - Started process (PID=10781) to work on /home/steve/.local/lib/python3.8/site-packages/airflow/example_dags/example_external_task_marker_dag.py
[2022-11-08T20:32:04.127+0900] {processor.py:758} INFO - Processing file /home/steve/.local/lib/python3.8/site-packages/airflow/example_dags/example_external_task_marker_dag.py for tasks to queue
[2022-11-08T20:32:04.127+0900] {logging_mixin.py:117} INFO - [2022-11-08T20:32:04.127+0900] {dagbag.py:525} INFO - Filling up the DagBag from /home/steve/.local/lib/python3.8/site-packages/airflow/example_dags/example_external_task_marker_dag.py
[2022-11-08T20:32:04.135+0900] {processor.py:768} INFO - DAG(s) dict_keys(['example_external_task_marker_child', 'example_external_task_marker_parent']) retrieved from /home/steve/.local/lib/python3.8/site-packages/airflow/example_dags/example_external_task_marker_dag.py
[2022-11-08T20:32:04.289+0900] {logging_mixin.py:117} INFO - [2022-11-08T20:32:04.289+0900] {dag.py:2573} INFO - Sync 2 DAGs
[2022-11-08T20:32:04.299+0900] {logging_mixin.py:117} INFO - [2022-11-08T20:32:04.299+0900] {dag.py:3324} INFO - Setting next_dagrun for example_external_task_marker_child to None, run_after=None
[2022-11-08T20:32:04.301+0900] {logging_mixin.py:117} INFO - [2022-11-08T20:32:04.301+0900] {dag.py:3324} INFO - Setting next_dagrun for example_external_task_marker_parent to None, run_after=None
[2022-11-08T20:32:04.316+0900] {processor.py:178} INFO - Processing /home/steve/.local/lib/python3.8/site-packages/airflow/example_dags/example_external_task_marker_dag.py took 0.193 seconds
[2022-11-08T20:32:42.979+0900] {processor.py:156} INFO - Started process (PID=10972) to work on /home/steve/.local/lib/python3.8/site-packages/airflow/example_dags/example_external_task_marker_dag.py
[2022-11-08T20:32:42.980+0900] {processor.py:758} INFO - Processing file /home/steve/.local/lib/python3.8/site-packages/airflow/example_dags/example_external_task_marker_dag.py for tasks to queue
[2022-11-08T20:32:42.980+0900] {logging_mixin.py:117} INFO - [2022-11-08T20:32:42.980+0900] {dagbag.py:525} INFO - Filling up the DagBag from /home/steve/.local/lib/python3.8/site-packages/airflow/example_dags/example_external_task_marker_dag.py
[2022-11-08T20:32:42.988+0900] {processor.py:768} INFO - DAG(s) dict_keys(['example_external_task_marker_child', 'example_external_task_marker_parent']) retrieved from /home/steve/.local/lib/python3.8/site-packages/airflow/example_dags/example_external_task_marker_dag.py
[2022-11-08T20:32:43.131+0900] {logging_mixin.py:117} INFO - [2022-11-08T20:32:43.131+0900] {dag.py:2573} INFO - Sync 2 DAGs
[2022-11-08T20:32:43.139+0900] {logging_mixin.py:117} INFO - [2022-11-08T20:32:43.139+0900] {dag.py:3324} INFO - Setting next_dagrun for example_external_task_marker_child to None, run_after=None
[2022-11-08T20:32:43.141+0900] {logging_mixin.py:117} INFO - [2022-11-08T20:32:43.141+0900] {dag.py:3324} INFO - Setting next_dagrun for example_external_task_marker_parent to None, run_after=None
[2022-11-08T20:32:43.156+0900] {processor.py:178} INFO - Processing /home/steve/.local/lib/python3.8/site-packages/airflow/example_dags/example_external_task_marker_dag.py took 0.178 seconds
[2022-11-08T20:33:27.334+0900] {processor.py:156} INFO - Started process (PID=11014) to work on /home/steve/.local/lib/python3.8/site-packages/airflow/example_dags/example_external_task_marker_dag.py
[2022-11-08T20:33:27.335+0900] {processor.py:758} INFO - Processing file /home/steve/.local/lib/python3.8/site-packages/airflow/example_dags/example_external_task_marker_dag.py for tasks to queue
[2022-11-08T20:33:27.335+0900] {logging_mixin.py:117} INFO - [2022-11-08T20:33:27.335+0900] {dagbag.py:525} INFO - Filling up the DagBag from /home/steve/.local/lib/python3.8/site-packages/airflow/example_dags/example_external_task_marker_dag.py
[2022-11-08T20:33:27.415+0900] {processor.py:768} INFO - DAG(s) dict_keys(['example_external_task_marker_parent', 'example_external_task_marker_child']) retrieved from /home/steve/.local/lib/python3.8/site-packages/airflow/example_dags/example_external_task_marker_dag.py
[2022-11-08T20:33:27.483+0900] {logging_mixin.py:117} INFO - [2022-11-08T20:33:27.483+0900] {dag.py:2573} INFO - Sync 2 DAGs
[2022-11-08T20:33:27.493+0900] {logging_mixin.py:117} INFO - [2022-11-08T20:33:27.493+0900] {dag.py:3324} INFO - Setting next_dagrun for example_external_task_marker_child to None, run_after=None
[2022-11-08T20:33:27.494+0900] {logging_mixin.py:117} INFO - [2022-11-08T20:33:27.494+0900] {dag.py:3324} INFO - Setting next_dagrun for example_external_task_marker_parent to None, run_after=None
[2022-11-08T20:33:27.509+0900] {processor.py:178} INFO - Processing /home/steve/.local/lib/python3.8/site-packages/airflow/example_dags/example_external_task_marker_dag.py took 0.177 seconds
[2022-11-08T20:34:09.891+0900] {processor.py:156} INFO - Started process (PID=11055) to work on /home/steve/.local/lib/python3.8/site-packages/airflow/example_dags/example_external_task_marker_dag.py
[2022-11-08T20:34:09.892+0900] {processor.py:758} INFO - Processing file /home/steve/.local/lib/python3.8/site-packages/airflow/example_dags/example_external_task_marker_dag.py for tasks to queue
[2022-11-08T20:34:09.892+0900] {logging_mixin.py:117} INFO - [2022-11-08T20:34:09.892+0900] {dagbag.py:525} INFO - Filling up the DagBag from /home/steve/.local/lib/python3.8/site-packages/airflow/example_dags/example_external_task_marker_dag.py
[2022-11-08T20:34:09.900+0900] {processor.py:768} INFO - DAG(s) dict_keys(['example_external_task_marker_child', 'example_external_task_marker_parent']) retrieved from /home/steve/.local/lib/python3.8/site-packages/airflow/example_dags/example_external_task_marker_dag.py
[2022-11-08T20:34:09.967+0900] {logging_mixin.py:117} INFO - [2022-11-08T20:34:09.967+0900] {dag.py:2573} INFO - Sync 2 DAGs
[2022-11-08T20:34:09.976+0900] {logging_mixin.py:117} INFO - [2022-11-08T20:34:09.976+0900] {dag.py:3324} INFO - Setting next_dagrun for example_external_task_marker_child to None, run_after=None
[2022-11-08T20:34:09.977+0900] {logging_mixin.py:117} INFO - [2022-11-08T20:34:09.977+0900] {dag.py:3324} INFO - Setting next_dagrun for example_external_task_marker_parent to None, run_after=None
[2022-11-08T20:34:09.992+0900] {processor.py:178} INFO - Processing /home/steve/.local/lib/python3.8/site-packages/airflow/example_dags/example_external_task_marker_dag.py took 0.102 seconds
[2022-11-08T20:34:48.745+0900] {processor.py:156} INFO - Started process (PID=11095) to work on /home/steve/.local/lib/python3.8/site-packages/airflow/example_dags/example_external_task_marker_dag.py
[2022-11-08T20:34:48.747+0900] {processor.py:758} INFO - Processing file /home/steve/.local/lib/python3.8/site-packages/airflow/example_dags/example_external_task_marker_dag.py for tasks to queue
[2022-11-08T20:34:48.747+0900] {logging_mixin.py:117} INFO - [2022-11-08T20:34:48.747+0900] {dagbag.py:525} INFO - Filling up the DagBag from /home/steve/.local/lib/python3.8/site-packages/airflow/example_dags/example_external_task_marker_dag.py
[2022-11-08T20:34:48.756+0900] {processor.py:768} INFO - DAG(s) dict_keys(['example_external_task_marker_child', 'example_external_task_marker_parent']) retrieved from /home/steve/.local/lib/python3.8/site-packages/airflow/example_dags/example_external_task_marker_dag.py
[2022-11-08T20:34:48.827+0900] {logging_mixin.py:117} INFO - [2022-11-08T20:34:48.827+0900] {dag.py:2573} INFO - Sync 2 DAGs
[2022-11-08T20:34:48.837+0900] {logging_mixin.py:117} INFO - [2022-11-08T20:34:48.837+0900] {dag.py:3324} INFO - Setting next_dagrun for example_external_task_marker_child to None, run_after=None
[2022-11-08T20:34:48.839+0900] {logging_mixin.py:117} INFO - [2022-11-08T20:34:48.839+0900] {dag.py:3324} INFO - Setting next_dagrun for example_external_task_marker_parent to None, run_after=None
[2022-11-08T20:34:48.854+0900] {processor.py:178} INFO - Processing /home/steve/.local/lib/python3.8/site-packages/airflow/example_dags/example_external_task_marker_dag.py took 0.111 seconds
[2022-11-08T20:35:25.392+0900] {processor.py:156} INFO - Started process (PID=11133) to work on /home/steve/.local/lib/python3.8/site-packages/airflow/example_dags/example_external_task_marker_dag.py
[2022-11-08T20:35:25.393+0900] {processor.py:758} INFO - Processing file /home/steve/.local/lib/python3.8/site-packages/airflow/example_dags/example_external_task_marker_dag.py for tasks to queue
[2022-11-08T20:35:25.393+0900] {logging_mixin.py:117} INFO - [2022-11-08T20:35:25.393+0900] {dagbag.py:525} INFO - Filling up the DagBag from /home/steve/.local/lib/python3.8/site-packages/airflow/example_dags/example_external_task_marker_dag.py
[2022-11-08T20:35:25.401+0900] {processor.py:768} INFO - DAG(s) dict_keys(['example_external_task_marker_child', 'example_external_task_marker_parent']) retrieved from /home/steve/.local/lib/python3.8/site-packages/airflow/example_dags/example_external_task_marker_dag.py
[2022-11-08T20:35:25.470+0900] {logging_mixin.py:117} INFO - [2022-11-08T20:35:25.470+0900] {dag.py:2573} INFO - Sync 2 DAGs
[2022-11-08T20:35:25.479+0900] {logging_mixin.py:117} INFO - [2022-11-08T20:35:25.479+0900] {dag.py:3324} INFO - Setting next_dagrun for example_external_task_marker_child to None, run_after=None
[2022-11-08T20:35:25.481+0900] {logging_mixin.py:117} INFO - [2022-11-08T20:35:25.481+0900] {dag.py:3324} INFO - Setting next_dagrun for example_external_task_marker_parent to None, run_after=None
[2022-11-08T20:35:25.495+0900] {processor.py:178} INFO - Processing /home/steve/.local/lib/python3.8/site-packages/airflow/example_dags/example_external_task_marker_dag.py took 0.104 seconds
[2022-11-08T20:36:04.239+0900] {processor.py:156} INFO - Started process (PID=11173) to work on /home/steve/.local/lib/python3.8/site-packages/airflow/example_dags/example_external_task_marker_dag.py
[2022-11-08T20:36:04.241+0900] {processor.py:758} INFO - Processing file /home/steve/.local/lib/python3.8/site-packages/airflow/example_dags/example_external_task_marker_dag.py for tasks to queue
[2022-11-08T20:36:04.241+0900] {logging_mixin.py:117} INFO - [2022-11-08T20:36:04.241+0900] {dagbag.py:525} INFO - Filling up the DagBag from /home/steve/.local/lib/python3.8/site-packages/airflow/example_dags/example_external_task_marker_dag.py
[2022-11-08T20:36:04.249+0900] {processor.py:768} INFO - DAG(s) dict_keys(['example_external_task_marker_parent', 'example_external_task_marker_child']) retrieved from /home/steve/.local/lib/python3.8/site-packages/airflow/example_dags/example_external_task_marker_dag.py
[2022-11-08T20:36:04.316+0900] {logging_mixin.py:117} INFO - [2022-11-08T20:36:04.316+0900] {dag.py:2573} INFO - Sync 2 DAGs
[2022-11-08T20:36:04.326+0900] {logging_mixin.py:117} INFO - [2022-11-08T20:36:04.326+0900] {dag.py:3324} INFO - Setting next_dagrun for example_external_task_marker_child to None, run_after=None
[2022-11-08T20:36:04.327+0900] {logging_mixin.py:117} INFO - [2022-11-08T20:36:04.327+0900] {dag.py:3324} INFO - Setting next_dagrun for example_external_task_marker_parent to None, run_after=None
[2022-11-08T20:36:04.343+0900] {processor.py:178} INFO - Processing /home/steve/.local/lib/python3.8/site-packages/airflow/example_dags/example_external_task_marker_dag.py took 0.106 seconds
[2022-11-08T20:36:41.554+0900] {processor.py:156} INFO - Started process (PID=11213) to work on /home/steve/.local/lib/python3.8/site-packages/airflow/example_dags/example_external_task_marker_dag.py
[2022-11-08T20:36:41.554+0900] {processor.py:758} INFO - Processing file /home/steve/.local/lib/python3.8/site-packages/airflow/example_dags/example_external_task_marker_dag.py for tasks to queue
[2022-11-08T20:36:41.555+0900] {logging_mixin.py:117} INFO - [2022-11-08T20:36:41.555+0900] {dagbag.py:525} INFO - Filling up the DagBag from /home/steve/.local/lib/python3.8/site-packages/airflow/example_dags/example_external_task_marker_dag.py
[2022-11-08T20:36:41.562+0900] {processor.py:768} INFO - DAG(s) dict_keys(['example_external_task_marker_child', 'example_external_task_marker_parent']) retrieved from /home/steve/.local/lib/python3.8/site-packages/airflow/example_dags/example_external_task_marker_dag.py
[2022-11-08T20:36:41.630+0900] {logging_mixin.py:117} INFO - [2022-11-08T20:36:41.630+0900] {dag.py:2573} INFO - Sync 2 DAGs
[2022-11-08T20:36:41.640+0900] {logging_mixin.py:117} INFO - [2022-11-08T20:36:41.640+0900] {dag.py:3324} INFO - Setting next_dagrun for example_external_task_marker_child to None, run_after=None
[2022-11-08T20:36:41.641+0900] {logging_mixin.py:117} INFO - [2022-11-08T20:36:41.641+0900] {dag.py:3324} INFO - Setting next_dagrun for example_external_task_marker_parent to None, run_after=None
[2022-11-08T20:36:41.656+0900] {processor.py:178} INFO - Processing /home/steve/.local/lib/python3.8/site-packages/airflow/example_dags/example_external_task_marker_dag.py took 0.104 seconds
[2022-11-08T20:37:18.490+0900] {processor.py:156} INFO - Started process (PID=11278) to work on /home/steve/.local/lib/python3.8/site-packages/airflow/example_dags/example_external_task_marker_dag.py
[2022-11-08T20:37:18.492+0900] {processor.py:758} INFO - Processing file /home/steve/.local/lib/python3.8/site-packages/airflow/example_dags/example_external_task_marker_dag.py for tasks to queue
[2022-11-08T20:37:18.492+0900] {logging_mixin.py:117} INFO - [2022-11-08T20:37:18.492+0900] {dagbag.py:525} INFO - Filling up the DagBag from /home/steve/.local/lib/python3.8/site-packages/airflow/example_dags/example_external_task_marker_dag.py
[2022-11-08T20:37:18.500+0900] {processor.py:768} INFO - DAG(s) dict_keys(['example_external_task_marker_parent', 'example_external_task_marker_child']) retrieved from /home/steve/.local/lib/python3.8/site-packages/airflow/example_dags/example_external_task_marker_dag.py
[2022-11-08T20:37:18.567+0900] {logging_mixin.py:117} INFO - [2022-11-08T20:37:18.567+0900] {dag.py:2573} INFO - Sync 2 DAGs
[2022-11-08T20:37:18.577+0900] {logging_mixin.py:117} INFO - [2022-11-08T20:37:18.577+0900] {dag.py:3324} INFO - Setting next_dagrun for example_external_task_marker_child to None, run_after=None
[2022-11-08T20:37:18.578+0900] {logging_mixin.py:117} INFO - [2022-11-08T20:37:18.578+0900] {dag.py:3324} INFO - Setting next_dagrun for example_external_task_marker_parent to None, run_after=None
[2022-11-08T20:37:18.593+0900] {processor.py:178} INFO - Processing /home/steve/.local/lib/python3.8/site-packages/airflow/example_dags/example_external_task_marker_dag.py took 0.105 seconds
[2022-11-08T20:37:53.419+0900] {processor.py:156} INFO - Started process (PID=11317) to work on /home/steve/.local/lib/python3.8/site-packages/airflow/example_dags/example_external_task_marker_dag.py
[2022-11-08T20:37:53.421+0900] {processor.py:758} INFO - Processing file /home/steve/.local/lib/python3.8/site-packages/airflow/example_dags/example_external_task_marker_dag.py for tasks to queue
[2022-11-08T20:37:53.421+0900] {logging_mixin.py:117} INFO - [2022-11-08T20:37:53.421+0900] {dagbag.py:525} INFO - Filling up the DagBag from /home/steve/.local/lib/python3.8/site-packages/airflow/example_dags/example_external_task_marker_dag.py
[2022-11-08T20:37:53.429+0900] {processor.py:768} INFO - DAG(s) dict_keys(['example_external_task_marker_child', 'example_external_task_marker_parent']) retrieved from /home/steve/.local/lib/python3.8/site-packages/airflow/example_dags/example_external_task_marker_dag.py
[2022-11-08T20:37:53.498+0900] {logging_mixin.py:117} INFO - [2022-11-08T20:37:53.498+0900] {dag.py:2573} INFO - Sync 2 DAGs
[2022-11-08T20:37:53.508+0900] {logging_mixin.py:117} INFO - [2022-11-08T20:37:53.507+0900] {dag.py:3324} INFO - Setting next_dagrun for example_external_task_marker_child to None, run_after=None
[2022-11-08T20:37:53.509+0900] {logging_mixin.py:117} INFO - [2022-11-08T20:37:53.509+0900] {dag.py:3324} INFO - Setting next_dagrun for example_external_task_marker_parent to None, run_after=None
[2022-11-08T20:37:53.524+0900] {processor.py:178} INFO - Processing /home/steve/.local/lib/python3.8/site-packages/airflow/example_dags/example_external_task_marker_dag.py took 0.106 seconds
[2022-11-08T20:38:31.526+0900] {processor.py:156} INFO - Started process (PID=11357) to work on /home/steve/.local/lib/python3.8/site-packages/airflow/example_dags/example_external_task_marker_dag.py
[2022-11-08T20:38:31.529+0900] {processor.py:758} INFO - Processing file /home/steve/.local/lib/python3.8/site-packages/airflow/example_dags/example_external_task_marker_dag.py for tasks to queue
[2022-11-08T20:38:31.529+0900] {logging_mixin.py:117} INFO - [2022-11-08T20:38:31.529+0900] {dagbag.py:525} INFO - Filling up the DagBag from /home/steve/.local/lib/python3.8/site-packages/airflow/example_dags/example_external_task_marker_dag.py
[2022-11-08T20:38:31.536+0900] {processor.py:768} INFO - DAG(s) dict_keys(['example_external_task_marker_parent', 'example_external_task_marker_child']) retrieved from /home/steve/.local/lib/python3.8/site-packages/airflow/example_dags/example_external_task_marker_dag.py
[2022-11-08T20:38:31.605+0900] {logging_mixin.py:117} INFO - [2022-11-08T20:38:31.605+0900] {dag.py:2573} INFO - Sync 2 DAGs
[2022-11-08T20:38:31.614+0900] {logging_mixin.py:117} INFO - [2022-11-08T20:38:31.614+0900] {dag.py:3324} INFO - Setting next_dagrun for example_external_task_marker_child to None, run_after=None
[2022-11-08T20:38:31.616+0900] {logging_mixin.py:117} INFO - [2022-11-08T20:38:31.616+0900] {dag.py:3324} INFO - Setting next_dagrun for example_external_task_marker_parent to None, run_after=None
[2022-11-08T20:38:31.630+0900] {processor.py:178} INFO - Processing /home/steve/.local/lib/python3.8/site-packages/airflow/example_dags/example_external_task_marker_dag.py took 0.105 seconds
[2022-11-08T20:39:08.271+0900] {processor.py:156} INFO - Started process (PID=11396) to work on /home/steve/.local/lib/python3.8/site-packages/airflow/example_dags/example_external_task_marker_dag.py
[2022-11-08T20:39:08.274+0900] {processor.py:758} INFO - Processing file /home/steve/.local/lib/python3.8/site-packages/airflow/example_dags/example_external_task_marker_dag.py for tasks to queue
[2022-11-08T20:39:08.274+0900] {logging_mixin.py:117} INFO - [2022-11-08T20:39:08.274+0900] {dagbag.py:525} INFO - Filling up the DagBag from /home/steve/.local/lib/python3.8/site-packages/airflow/example_dags/example_external_task_marker_dag.py
[2022-11-08T20:39:08.281+0900] {processor.py:768} INFO - DAG(s) dict_keys(['example_external_task_marker_parent', 'example_external_task_marker_child']) retrieved from /home/steve/.local/lib/python3.8/site-packages/airflow/example_dags/example_external_task_marker_dag.py
[2022-11-08T20:39:08.348+0900] {logging_mixin.py:117} INFO - [2022-11-08T20:39:08.348+0900] {dag.py:2573} INFO - Sync 2 DAGs
[2022-11-08T20:39:08.357+0900] {logging_mixin.py:117} INFO - [2022-11-08T20:39:08.357+0900] {dag.py:3324} INFO - Setting next_dagrun for example_external_task_marker_child to None, run_after=None
[2022-11-08T20:39:08.359+0900] {logging_mixin.py:117} INFO - [2022-11-08T20:39:08.359+0900] {dag.py:3324} INFO - Setting next_dagrun for example_external_task_marker_parent to None, run_after=None
[2022-11-08T20:39:08.373+0900] {processor.py:178} INFO - Processing /home/steve/.local/lib/python3.8/site-packages/airflow/example_dags/example_external_task_marker_dag.py took 0.103 seconds
[2022-11-08T20:39:46.593+0900] {processor.py:156} INFO - Started process (PID=11434) to work on /home/steve/.local/lib/python3.8/site-packages/airflow/example_dags/example_external_task_marker_dag.py
[2022-11-08T20:39:46.594+0900] {processor.py:758} INFO - Processing file /home/steve/.local/lib/python3.8/site-packages/airflow/example_dags/example_external_task_marker_dag.py for tasks to queue
[2022-11-08T20:39:46.594+0900] {logging_mixin.py:117} INFO - [2022-11-08T20:39:46.594+0900] {dagbag.py:525} INFO - Filling up the DagBag from /home/steve/.local/lib/python3.8/site-packages/airflow/example_dags/example_external_task_marker_dag.py
[2022-11-08T20:39:46.601+0900] {processor.py:768} INFO - DAG(s) dict_keys(['example_external_task_marker_child', 'example_external_task_marker_parent']) retrieved from /home/steve/.local/lib/python3.8/site-packages/airflow/example_dags/example_external_task_marker_dag.py
[2022-11-08T20:39:46.669+0900] {logging_mixin.py:117} INFO - [2022-11-08T20:39:46.669+0900] {dag.py:2573} INFO - Sync 2 DAGs
[2022-11-08T20:39:46.678+0900] {logging_mixin.py:117} INFO - [2022-11-08T20:39:46.678+0900] {dag.py:3324} INFO - Setting next_dagrun for example_external_task_marker_child to None, run_after=None
[2022-11-08T20:39:46.679+0900] {logging_mixin.py:117} INFO - [2022-11-08T20:39:46.679+0900] {dag.py:3324} INFO - Setting next_dagrun for example_external_task_marker_parent to None, run_after=None
[2022-11-08T20:39:46.694+0900] {processor.py:178} INFO - Processing /home/steve/.local/lib/python3.8/site-packages/airflow/example_dags/example_external_task_marker_dag.py took 0.103 seconds
[2022-11-08T20:40:26.551+0900] {processor.py:156} INFO - Started process (PID=11475) to work on /home/steve/.local/lib/python3.8/site-packages/airflow/example_dags/example_external_task_marker_dag.py
[2022-11-08T20:40:26.553+0900] {processor.py:758} INFO - Processing file /home/steve/.local/lib/python3.8/site-packages/airflow/example_dags/example_external_task_marker_dag.py for tasks to queue
[2022-11-08T20:40:26.554+0900] {logging_mixin.py:117} INFO - [2022-11-08T20:40:26.554+0900] {dagbag.py:525} INFO - Filling up the DagBag from /home/steve/.local/lib/python3.8/site-packages/airflow/example_dags/example_external_task_marker_dag.py
[2022-11-08T20:40:26.561+0900] {processor.py:768} INFO - DAG(s) dict_keys(['example_external_task_marker_child', 'example_external_task_marker_parent']) retrieved from /home/steve/.local/lib/python3.8/site-packages/airflow/example_dags/example_external_task_marker_dag.py
[2022-11-08T20:40:26.633+0900] {logging_mixin.py:117} INFO - [2022-11-08T20:40:26.633+0900] {dag.py:2573} INFO - Sync 2 DAGs
[2022-11-08T20:40:26.645+0900] {logging_mixin.py:117} INFO - [2022-11-08T20:40:26.645+0900] {dag.py:3324} INFO - Setting next_dagrun for example_external_task_marker_child to None, run_after=None
[2022-11-08T20:40:26.647+0900] {logging_mixin.py:117} INFO - [2022-11-08T20:40:26.647+0900] {dag.py:3324} INFO - Setting next_dagrun for example_external_task_marker_parent to None, run_after=None
[2022-11-08T20:40:26.661+0900] {processor.py:178} INFO - Processing /home/steve/.local/lib/python3.8/site-packages/airflow/example_dags/example_external_task_marker_dag.py took 0.111 seconds
[2022-11-08T20:41:03.518+0900] {processor.py:156} INFO - Started process (PID=11514) to work on /home/steve/.local/lib/python3.8/site-packages/airflow/example_dags/example_external_task_marker_dag.py
[2022-11-08T20:41:03.520+0900] {processor.py:758} INFO - Processing file /home/steve/.local/lib/python3.8/site-packages/airflow/example_dags/example_external_task_marker_dag.py for tasks to queue
[2022-11-08T20:41:03.521+0900] {logging_mixin.py:117} INFO - [2022-11-08T20:41:03.521+0900] {dagbag.py:525} INFO - Filling up the DagBag from /home/steve/.local/lib/python3.8/site-packages/airflow/example_dags/example_external_task_marker_dag.py
[2022-11-08T20:41:03.528+0900] {processor.py:768} INFO - DAG(s) dict_keys(['example_external_task_marker_child', 'example_external_task_marker_parent']) retrieved from /home/steve/.local/lib/python3.8/site-packages/airflow/example_dags/example_external_task_marker_dag.py
[2022-11-08T20:41:03.606+0900] {logging_mixin.py:117} INFO - [2022-11-08T20:41:03.606+0900] {dag.py:2573} INFO - Sync 2 DAGs
[2022-11-08T20:41:03.619+0900] {logging_mixin.py:117} INFO - [2022-11-08T20:41:03.619+0900] {dag.py:3324} INFO - Setting next_dagrun for example_external_task_marker_child to None, run_after=None
[2022-11-08T20:41:03.621+0900] {logging_mixin.py:117} INFO - [2022-11-08T20:41:03.621+0900] {dag.py:3324} INFO - Setting next_dagrun for example_external_task_marker_parent to None, run_after=None
[2022-11-08T20:41:03.638+0900] {processor.py:178} INFO - Processing /home/steve/.local/lib/python3.8/site-packages/airflow/example_dags/example_external_task_marker_dag.py took 0.122 seconds
[2022-11-08T20:41:43.486+0900] {processor.py:156} INFO - Started process (PID=11554) to work on /home/steve/.local/lib/python3.8/site-packages/airflow/example_dags/example_external_task_marker_dag.py
[2022-11-08T20:41:43.488+0900] {processor.py:758} INFO - Processing file /home/steve/.local/lib/python3.8/site-packages/airflow/example_dags/example_external_task_marker_dag.py for tasks to queue
[2022-11-08T20:41:43.489+0900] {logging_mixin.py:117} INFO - [2022-11-08T20:41:43.489+0900] {dagbag.py:525} INFO - Filling up the DagBag from /home/steve/.local/lib/python3.8/site-packages/airflow/example_dags/example_external_task_marker_dag.py
[2022-11-08T20:41:43.496+0900] {processor.py:768} INFO - DAG(s) dict_keys(['example_external_task_marker_parent', 'example_external_task_marker_child']) retrieved from /home/steve/.local/lib/python3.8/site-packages/airflow/example_dags/example_external_task_marker_dag.py
[2022-11-08T20:41:43.565+0900] {logging_mixin.py:117} INFO - [2022-11-08T20:41:43.565+0900] {dag.py:2573} INFO - Sync 2 DAGs
[2022-11-08T20:41:43.575+0900] {logging_mixin.py:117} INFO - [2022-11-08T20:41:43.575+0900] {dag.py:3324} INFO - Setting next_dagrun for example_external_task_marker_child to None, run_after=None
[2022-11-08T20:41:43.576+0900] {logging_mixin.py:117} INFO - [2022-11-08T20:41:43.576+0900] {dag.py:3324} INFO - Setting next_dagrun for example_external_task_marker_parent to None, run_after=None
[2022-11-08T20:41:43.592+0900] {processor.py:178} INFO - Processing /home/steve/.local/lib/python3.8/site-packages/airflow/example_dags/example_external_task_marker_dag.py took 0.107 seconds
[2022-11-08T20:42:19.271+0900] {processor.py:156} INFO - Started process (PID=11621) to work on /home/steve/.local/lib/python3.8/site-packages/airflow/example_dags/example_external_task_marker_dag.py
[2022-11-08T20:42:19.273+0900] {processor.py:758} INFO - Processing file /home/steve/.local/lib/python3.8/site-packages/airflow/example_dags/example_external_task_marker_dag.py for tasks to queue
[2022-11-08T20:42:19.273+0900] {logging_mixin.py:117} INFO - [2022-11-08T20:42:19.273+0900] {dagbag.py:525} INFO - Filling up the DagBag from /home/steve/.local/lib/python3.8/site-packages/airflow/example_dags/example_external_task_marker_dag.py
[2022-11-08T20:42:19.281+0900] {processor.py:768} INFO - DAG(s) dict_keys(['example_external_task_marker_parent', 'example_external_task_marker_child']) retrieved from /home/steve/.local/lib/python3.8/site-packages/airflow/example_dags/example_external_task_marker_dag.py
[2022-11-08T20:42:19.348+0900] {logging_mixin.py:117} INFO - [2022-11-08T20:42:19.348+0900] {dag.py:2573} INFO - Sync 2 DAGs
[2022-11-08T20:42:19.357+0900] {logging_mixin.py:117} INFO - [2022-11-08T20:42:19.357+0900] {dag.py:3324} INFO - Setting next_dagrun for example_external_task_marker_child to None, run_after=None
[2022-11-08T20:42:19.359+0900] {logging_mixin.py:117} INFO - [2022-11-08T20:42:19.359+0900] {dag.py:3324} INFO - Setting next_dagrun for example_external_task_marker_parent to None, run_after=None
[2022-11-08T20:42:19.372+0900] {processor.py:178} INFO - Processing /home/steve/.local/lib/python3.8/site-packages/airflow/example_dags/example_external_task_marker_dag.py took 0.103 seconds
[2022-11-08T20:42:56.319+0900] {processor.py:156} INFO - Started process (PID=11660) to work on /home/steve/.local/lib/python3.8/site-packages/airflow/example_dags/example_external_task_marker_dag.py
[2022-11-08T20:42:56.322+0900] {processor.py:758} INFO - Processing file /home/steve/.local/lib/python3.8/site-packages/airflow/example_dags/example_external_task_marker_dag.py for tasks to queue
[2022-11-08T20:42:56.322+0900] {logging_mixin.py:117} INFO - [2022-11-08T20:42:56.322+0900] {dagbag.py:525} INFO - Filling up the DagBag from /home/steve/.local/lib/python3.8/site-packages/airflow/example_dags/example_external_task_marker_dag.py
[2022-11-08T20:42:56.331+0900] {processor.py:768} INFO - DAG(s) dict_keys(['example_external_task_marker_child', 'example_external_task_marker_parent']) retrieved from /home/steve/.local/lib/python3.8/site-packages/airflow/example_dags/example_external_task_marker_dag.py
[2022-11-08T20:42:56.408+0900] {logging_mixin.py:117} INFO - [2022-11-08T20:42:56.408+0900] {dag.py:2573} INFO - Sync 2 DAGs
[2022-11-08T20:42:56.419+0900] {logging_mixin.py:117} INFO - [2022-11-08T20:42:56.419+0900] {dag.py:3324} INFO - Setting next_dagrun for example_external_task_marker_child to None, run_after=None
[2022-11-08T20:42:56.420+0900] {logging_mixin.py:117} INFO - [2022-11-08T20:42:56.420+0900] {dag.py:3324} INFO - Setting next_dagrun for example_external_task_marker_parent to None, run_after=None
[2022-11-08T20:42:56.436+0900] {processor.py:178} INFO - Processing /home/steve/.local/lib/python3.8/site-packages/airflow/example_dags/example_external_task_marker_dag.py took 0.118 seconds
[2022-11-08T20:43:37.960+0900] {processor.py:156} INFO - Started process (PID=11702) to work on /home/steve/.local/lib/python3.8/site-packages/airflow/example_dags/example_external_task_marker_dag.py
[2022-11-08T20:43:37.963+0900] {processor.py:758} INFO - Processing file /home/steve/.local/lib/python3.8/site-packages/airflow/example_dags/example_external_task_marker_dag.py for tasks to queue
[2022-11-08T20:43:37.963+0900] {logging_mixin.py:117} INFO - [2022-11-08T20:43:37.963+0900] {dagbag.py:525} INFO - Filling up the DagBag from /home/steve/.local/lib/python3.8/site-packages/airflow/example_dags/example_external_task_marker_dag.py
[2022-11-08T20:43:37.971+0900] {processor.py:768} INFO - DAG(s) dict_keys(['example_external_task_marker_parent', 'example_external_task_marker_child']) retrieved from /home/steve/.local/lib/python3.8/site-packages/airflow/example_dags/example_external_task_marker_dag.py
[2022-11-08T20:43:38.045+0900] {logging_mixin.py:117} INFO - [2022-11-08T20:43:38.045+0900] {dag.py:2573} INFO - Sync 2 DAGs
[2022-11-08T20:43:38.055+0900] {logging_mixin.py:117} INFO - [2022-11-08T20:43:38.055+0900] {dag.py:3324} INFO - Setting next_dagrun for example_external_task_marker_child to None, run_after=None
[2022-11-08T20:43:38.057+0900] {logging_mixin.py:117} INFO - [2022-11-08T20:43:38.057+0900] {dag.py:3324} INFO - Setting next_dagrun for example_external_task_marker_parent to None, run_after=None
[2022-11-08T20:43:38.073+0900] {processor.py:178} INFO - Processing /home/steve/.local/lib/python3.8/site-packages/airflow/example_dags/example_external_task_marker_dag.py took 0.114 seconds
[2022-11-08T20:44:13.594+0900] {processor.py:156} INFO - Started process (PID=11740) to work on /home/steve/.local/lib/python3.8/site-packages/airflow/example_dags/example_external_task_marker_dag.py
[2022-11-08T20:44:13.596+0900] {processor.py:758} INFO - Processing file /home/steve/.local/lib/python3.8/site-packages/airflow/example_dags/example_external_task_marker_dag.py for tasks to queue
[2022-11-08T20:44:13.596+0900] {logging_mixin.py:117} INFO - [2022-11-08T20:44:13.596+0900] {dagbag.py:525} INFO - Filling up the DagBag from /home/steve/.local/lib/python3.8/site-packages/airflow/example_dags/example_external_task_marker_dag.py
[2022-11-08T20:44:13.605+0900] {processor.py:768} INFO - DAG(s) dict_keys(['example_external_task_marker_parent', 'example_external_task_marker_child']) retrieved from /home/steve/.local/lib/python3.8/site-packages/airflow/example_dags/example_external_task_marker_dag.py
[2022-11-08T20:44:13.683+0900] {logging_mixin.py:117} INFO - [2022-11-08T20:44:13.683+0900] {dag.py:2573} INFO - Sync 2 DAGs
[2022-11-08T20:44:13.695+0900] {logging_mixin.py:117} INFO - [2022-11-08T20:44:13.695+0900] {dag.py:3324} INFO - Setting next_dagrun for example_external_task_marker_child to None, run_after=None
[2022-11-08T20:44:13.697+0900] {logging_mixin.py:117} INFO - [2022-11-08T20:44:13.697+0900] {dag.py:3324} INFO - Setting next_dagrun for example_external_task_marker_parent to None, run_after=None
[2022-11-08T20:44:13.711+0900] {processor.py:178} INFO - Processing /home/steve/.local/lib/python3.8/site-packages/airflow/example_dags/example_external_task_marker_dag.py took 0.121 seconds
[2022-11-08T20:44:48.450+0900] {processor.py:156} INFO - Started process (PID=11778) to work on /home/steve/.local/lib/python3.8/site-packages/airflow/example_dags/example_external_task_marker_dag.py
[2022-11-08T20:44:48.452+0900] {processor.py:758} INFO - Processing file /home/steve/.local/lib/python3.8/site-packages/airflow/example_dags/example_external_task_marker_dag.py for tasks to queue
[2022-11-08T20:44:48.453+0900] {logging_mixin.py:117} INFO - [2022-11-08T20:44:48.453+0900] {dagbag.py:525} INFO - Filling up the DagBag from /home/steve/.local/lib/python3.8/site-packages/airflow/example_dags/example_external_task_marker_dag.py
[2022-11-08T20:44:48.462+0900] {processor.py:768} INFO - DAG(s) dict_keys(['example_external_task_marker_parent', 'example_external_task_marker_child']) retrieved from /home/steve/.local/lib/python3.8/site-packages/airflow/example_dags/example_external_task_marker_dag.py
[2022-11-08T20:44:48.538+0900] {logging_mixin.py:117} INFO - [2022-11-08T20:44:48.538+0900] {dag.py:2573} INFO - Sync 2 DAGs
[2022-11-08T20:44:48.549+0900] {logging_mixin.py:117} INFO - [2022-11-08T20:44:48.549+0900] {dag.py:3324} INFO - Setting next_dagrun for example_external_task_marker_child to None, run_after=None
[2022-11-08T20:44:48.550+0900] {logging_mixin.py:117} INFO - [2022-11-08T20:44:48.550+0900] {dag.py:3324} INFO - Setting next_dagrun for example_external_task_marker_parent to None, run_after=None
[2022-11-08T20:44:48.565+0900] {processor.py:178} INFO - Processing /home/steve/.local/lib/python3.8/site-packages/airflow/example_dags/example_external_task_marker_dag.py took 0.117 seconds
[2022-11-08T20:45:26.749+0900] {processor.py:156} INFO - Started process (PID=11815) to work on /home/steve/.local/lib/python3.8/site-packages/airflow/example_dags/example_external_task_marker_dag.py
[2022-11-08T20:45:26.751+0900] {processor.py:758} INFO - Processing file /home/steve/.local/lib/python3.8/site-packages/airflow/example_dags/example_external_task_marker_dag.py for tasks to queue
[2022-11-08T20:45:26.751+0900] {logging_mixin.py:117} INFO - [2022-11-08T20:45:26.751+0900] {dagbag.py:525} INFO - Filling up the DagBag from /home/steve/.local/lib/python3.8/site-packages/airflow/example_dags/example_external_task_marker_dag.py
[2022-11-08T20:45:26.759+0900] {processor.py:768} INFO - DAG(s) dict_keys(['example_external_task_marker_parent', 'example_external_task_marker_child']) retrieved from /home/steve/.local/lib/python3.8/site-packages/airflow/example_dags/example_external_task_marker_dag.py
[2022-11-08T20:45:26.827+0900] {logging_mixin.py:117} INFO - [2022-11-08T20:45:26.827+0900] {dag.py:2573} INFO - Sync 2 DAGs
[2022-11-08T20:45:26.836+0900] {logging_mixin.py:117} INFO - [2022-11-08T20:45:26.836+0900] {dag.py:3324} INFO - Setting next_dagrun for example_external_task_marker_child to None, run_after=None
[2022-11-08T20:45:26.837+0900] {logging_mixin.py:117} INFO - [2022-11-08T20:45:26.837+0900] {dag.py:3324} INFO - Setting next_dagrun for example_external_task_marker_parent to None, run_after=None
[2022-11-08T20:45:26.853+0900] {processor.py:178} INFO - Processing /home/steve/.local/lib/python3.8/site-packages/airflow/example_dags/example_external_task_marker_dag.py took 0.106 seconds
[2022-11-08T20:46:01.431+0900] {processor.py:156} INFO - Started process (PID=11852) to work on /home/steve/.local/lib/python3.8/site-packages/airflow/example_dags/example_external_task_marker_dag.py
[2022-11-08T20:46:01.432+0900] {processor.py:758} INFO - Processing file /home/steve/.local/lib/python3.8/site-packages/airflow/example_dags/example_external_task_marker_dag.py for tasks to queue
[2022-11-08T20:46:01.433+0900] {logging_mixin.py:117} INFO - [2022-11-08T20:46:01.432+0900] {dagbag.py:525} INFO - Filling up the DagBag from /home/steve/.local/lib/python3.8/site-packages/airflow/example_dags/example_external_task_marker_dag.py
[2022-11-08T20:46:01.440+0900] {processor.py:768} INFO - DAG(s) dict_keys(['example_external_task_marker_parent', 'example_external_task_marker_child']) retrieved from /home/steve/.local/lib/python3.8/site-packages/airflow/example_dags/example_external_task_marker_dag.py
[2022-11-08T20:46:01.508+0900] {logging_mixin.py:117} INFO - [2022-11-08T20:46:01.508+0900] {dag.py:2573} INFO - Sync 2 DAGs
[2022-11-08T20:46:01.518+0900] {logging_mixin.py:117} INFO - [2022-11-08T20:46:01.518+0900] {dag.py:3324} INFO - Setting next_dagrun for example_external_task_marker_child to None, run_after=None
[2022-11-08T20:46:01.520+0900] {logging_mixin.py:117} INFO - [2022-11-08T20:46:01.520+0900] {dag.py:3324} INFO - Setting next_dagrun for example_external_task_marker_parent to None, run_after=None
[2022-11-08T20:46:01.534+0900] {processor.py:178} INFO - Processing /home/steve/.local/lib/python3.8/site-packages/airflow/example_dags/example_external_task_marker_dag.py took 0.105 seconds
[2022-11-08T20:46:42.558+0900] {processor.py:156} INFO - Started process (PID=11892) to work on /home/steve/.local/lib/python3.8/site-packages/airflow/example_dags/example_external_task_marker_dag.py
[2022-11-08T20:46:42.560+0900] {processor.py:758} INFO - Processing file /home/steve/.local/lib/python3.8/site-packages/airflow/example_dags/example_external_task_marker_dag.py for tasks to queue
[2022-11-08T20:46:42.560+0900] {logging_mixin.py:117} INFO - [2022-11-08T20:46:42.560+0900] {dagbag.py:525} INFO - Filling up the DagBag from /home/steve/.local/lib/python3.8/site-packages/airflow/example_dags/example_external_task_marker_dag.py
[2022-11-08T20:46:42.568+0900] {processor.py:768} INFO - DAG(s) dict_keys(['example_external_task_marker_parent', 'example_external_task_marker_child']) retrieved from /home/steve/.local/lib/python3.8/site-packages/airflow/example_dags/example_external_task_marker_dag.py
[2022-11-08T20:46:42.640+0900] {logging_mixin.py:117} INFO - [2022-11-08T20:46:42.640+0900] {dag.py:2573} INFO - Sync 2 DAGs
[2022-11-08T20:46:42.651+0900] {logging_mixin.py:117} INFO - [2022-11-08T20:46:42.650+0900] {dag.py:3324} INFO - Setting next_dagrun for example_external_task_marker_child to None, run_after=None
[2022-11-08T20:46:42.652+0900] {logging_mixin.py:117} INFO - [2022-11-08T20:46:42.652+0900] {dag.py:3324} INFO - Setting next_dagrun for example_external_task_marker_parent to None, run_after=None
[2022-11-08T20:46:42.667+0900] {processor.py:178} INFO - Processing /home/steve/.local/lib/python3.8/site-packages/airflow/example_dags/example_external_task_marker_dag.py took 0.110 seconds
[2022-11-08T20:47:18.242+0900] {processor.py:156} INFO - Started process (PID=12043) to work on /home/steve/.local/lib/python3.8/site-packages/airflow/example_dags/example_external_task_marker_dag.py
[2022-11-08T20:47:18.244+0900] {processor.py:758} INFO - Processing file /home/steve/.local/lib/python3.8/site-packages/airflow/example_dags/example_external_task_marker_dag.py for tasks to queue
[2022-11-08T20:47:18.245+0900] {logging_mixin.py:117} INFO - [2022-11-08T20:47:18.245+0900] {dagbag.py:525} INFO - Filling up the DagBag from /home/steve/.local/lib/python3.8/site-packages/airflow/example_dags/example_external_task_marker_dag.py
[2022-11-08T20:47:18.254+0900] {processor.py:768} INFO - DAG(s) dict_keys(['example_external_task_marker_parent', 'example_external_task_marker_child']) retrieved from /home/steve/.local/lib/python3.8/site-packages/airflow/example_dags/example_external_task_marker_dag.py
[2022-11-08T20:47:18.330+0900] {logging_mixin.py:117} INFO - [2022-11-08T20:47:18.330+0900] {dag.py:2573} INFO - Sync 2 DAGs
[2022-11-08T20:47:18.342+0900] {logging_mixin.py:117} INFO - [2022-11-08T20:47:18.342+0900] {dag.py:3324} INFO - Setting next_dagrun for example_external_task_marker_child to None, run_after=None
[2022-11-08T20:47:18.344+0900] {logging_mixin.py:117} INFO - [2022-11-08T20:47:18.344+0900] {dag.py:3324} INFO - Setting next_dagrun for example_external_task_marker_parent to None, run_after=None
[2022-11-08T20:47:18.359+0900] {processor.py:178} INFO - Processing /home/steve/.local/lib/python3.8/site-packages/airflow/example_dags/example_external_task_marker_dag.py took 0.119 seconds
[2022-11-08T20:47:57.545+0900] {processor.py:156} INFO - Started process (PID=12257) to work on /home/steve/.local/lib/python3.8/site-packages/airflow/example_dags/example_external_task_marker_dag.py
[2022-11-08T20:47:57.547+0900] {processor.py:758} INFO - Processing file /home/steve/.local/lib/python3.8/site-packages/airflow/example_dags/example_external_task_marker_dag.py for tasks to queue
[2022-11-08T20:47:57.548+0900] {logging_mixin.py:117} INFO - [2022-11-08T20:47:57.548+0900] {dagbag.py:525} INFO - Filling up the DagBag from /home/steve/.local/lib/python3.8/site-packages/airflow/example_dags/example_external_task_marker_dag.py
[2022-11-08T20:47:57.556+0900] {processor.py:768} INFO - DAG(s) dict_keys(['example_external_task_marker_parent', 'example_external_task_marker_child']) retrieved from /home/steve/.local/lib/python3.8/site-packages/airflow/example_dags/example_external_task_marker_dag.py
[2022-11-08T20:47:57.627+0900] {logging_mixin.py:117} INFO - [2022-11-08T20:47:57.627+0900] {dag.py:2573} INFO - Sync 2 DAGs
[2022-11-08T20:47:57.639+0900] {logging_mixin.py:117} INFO - [2022-11-08T20:47:57.639+0900] {dag.py:3324} INFO - Setting next_dagrun for example_external_task_marker_child to None, run_after=None
[2022-11-08T20:47:57.640+0900] {logging_mixin.py:117} INFO - [2022-11-08T20:47:57.640+0900] {dag.py:3324} INFO - Setting next_dagrun for example_external_task_marker_parent to None, run_after=None
[2022-11-08T20:47:57.655+0900] {processor.py:178} INFO - Processing /home/steve/.local/lib/python3.8/site-packages/airflow/example_dags/example_external_task_marker_dag.py took 0.111 seconds
[2022-11-08T20:48:37.315+0900] {processor.py:156} INFO - Started process (PID=12297) to work on /home/steve/.local/lib/python3.8/site-packages/airflow/example_dags/example_external_task_marker_dag.py
[2022-11-08T20:48:37.318+0900] {processor.py:758} INFO - Processing file /home/steve/.local/lib/python3.8/site-packages/airflow/example_dags/example_external_task_marker_dag.py for tasks to queue
[2022-11-08T20:48:37.318+0900] {logging_mixin.py:117} INFO - [2022-11-08T20:48:37.318+0900] {dagbag.py:525} INFO - Filling up the DagBag from /home/steve/.local/lib/python3.8/site-packages/airflow/example_dags/example_external_task_marker_dag.py
[2022-11-08T20:48:37.326+0900] {processor.py:768} INFO - DAG(s) dict_keys(['example_external_task_marker_child', 'example_external_task_marker_parent']) retrieved from /home/steve/.local/lib/python3.8/site-packages/airflow/example_dags/example_external_task_marker_dag.py
[2022-11-08T20:48:37.397+0900] {logging_mixin.py:117} INFO - [2022-11-08T20:48:37.397+0900] {dag.py:2573} INFO - Sync 2 DAGs
[2022-11-08T20:48:37.407+0900] {logging_mixin.py:117} INFO - [2022-11-08T20:48:37.407+0900] {dag.py:3324} INFO - Setting next_dagrun for example_external_task_marker_child to None, run_after=None
[2022-11-08T20:48:37.408+0900] {logging_mixin.py:117} INFO - [2022-11-08T20:48:37.408+0900] {dag.py:3324} INFO - Setting next_dagrun for example_external_task_marker_parent to None, run_after=None
[2022-11-08T20:48:37.423+0900] {processor.py:178} INFO - Processing /home/steve/.local/lib/python3.8/site-packages/airflow/example_dags/example_external_task_marker_dag.py took 0.110 seconds
[2022-11-08T20:49:13.468+0900] {processor.py:156} INFO - Started process (PID=12336) to work on /home/steve/.local/lib/python3.8/site-packages/airflow/example_dags/example_external_task_marker_dag.py
[2022-11-08T20:49:13.470+0900] {processor.py:758} INFO - Processing file /home/steve/.local/lib/python3.8/site-packages/airflow/example_dags/example_external_task_marker_dag.py for tasks to queue
[2022-11-08T20:49:13.471+0900] {logging_mixin.py:117} INFO - [2022-11-08T20:49:13.471+0900] {dagbag.py:525} INFO - Filling up the DagBag from /home/steve/.local/lib/python3.8/site-packages/airflow/example_dags/example_external_task_marker_dag.py
[2022-11-08T20:49:13.479+0900] {processor.py:768} INFO - DAG(s) dict_keys(['example_external_task_marker_parent', 'example_external_task_marker_child']) retrieved from /home/steve/.local/lib/python3.8/site-packages/airflow/example_dags/example_external_task_marker_dag.py
[2022-11-08T20:49:13.553+0900] {logging_mixin.py:117} INFO - [2022-11-08T20:49:13.553+0900] {dag.py:2573} INFO - Sync 2 DAGs
[2022-11-08T20:49:13.565+0900] {logging_mixin.py:117} INFO - [2022-11-08T20:49:13.564+0900] {dag.py:3324} INFO - Setting next_dagrun for example_external_task_marker_child to None, run_after=None
[2022-11-08T20:49:13.566+0900] {logging_mixin.py:117} INFO - [2022-11-08T20:49:13.566+0900] {dag.py:3324} INFO - Setting next_dagrun for example_external_task_marker_parent to None, run_after=None
[2022-11-08T20:49:13.583+0900] {processor.py:178} INFO - Processing /home/steve/.local/lib/python3.8/site-packages/airflow/example_dags/example_external_task_marker_dag.py took 0.117 seconds
[2022-11-08T20:49:49.642+0900] {processor.py:156} INFO - Started process (PID=12374) to work on /home/steve/.local/lib/python3.8/site-packages/airflow/example_dags/example_external_task_marker_dag.py
[2022-11-08T20:49:49.644+0900] {processor.py:758} INFO - Processing file /home/steve/.local/lib/python3.8/site-packages/airflow/example_dags/example_external_task_marker_dag.py for tasks to queue
[2022-11-08T20:49:49.645+0900] {logging_mixin.py:117} INFO - [2022-11-08T20:49:49.645+0900] {dagbag.py:525} INFO - Filling up the DagBag from /home/steve/.local/lib/python3.8/site-packages/airflow/example_dags/example_external_task_marker_dag.py
[2022-11-08T20:49:49.653+0900] {processor.py:768} INFO - DAG(s) dict_keys(['example_external_task_marker_parent', 'example_external_task_marker_child']) retrieved from /home/steve/.local/lib/python3.8/site-packages/airflow/example_dags/example_external_task_marker_dag.py
[2022-11-08T20:49:49.726+0900] {logging_mixin.py:117} INFO - [2022-11-08T20:49:49.726+0900] {dag.py:2573} INFO - Sync 2 DAGs
[2022-11-08T20:49:49.737+0900] {logging_mixin.py:117} INFO - [2022-11-08T20:49:49.737+0900] {dag.py:3324} INFO - Setting next_dagrun for example_external_task_marker_child to None, run_after=None
[2022-11-08T20:49:49.739+0900] {logging_mixin.py:117} INFO - [2022-11-08T20:49:49.739+0900] {dag.py:3324} INFO - Setting next_dagrun for example_external_task_marker_parent to None, run_after=None
[2022-11-08T20:49:49.753+0900] {processor.py:178} INFO - Processing /home/steve/.local/lib/python3.8/site-packages/airflow/example_dags/example_external_task_marker_dag.py took 0.113 seconds
[2022-11-08T20:50:28.198+0900] {processor.py:156} INFO - Started process (PID=12497) to work on /home/steve/.local/lib/python3.8/site-packages/airflow/example_dags/example_external_task_marker_dag.py
[2022-11-08T20:50:28.200+0900] {processor.py:758} INFO - Processing file /home/steve/.local/lib/python3.8/site-packages/airflow/example_dags/example_external_task_marker_dag.py for tasks to queue
[2022-11-08T20:50:28.200+0900] {logging_mixin.py:117} INFO - [2022-11-08T20:50:28.200+0900] {dagbag.py:525} INFO - Filling up the DagBag from /home/steve/.local/lib/python3.8/site-packages/airflow/example_dags/example_external_task_marker_dag.py
[2022-11-08T20:50:28.208+0900] {processor.py:768} INFO - DAG(s) dict_keys(['example_external_task_marker_parent', 'example_external_task_marker_child']) retrieved from /home/steve/.local/lib/python3.8/site-packages/airflow/example_dags/example_external_task_marker_dag.py
[2022-11-08T20:50:28.289+0900] {logging_mixin.py:117} INFO - [2022-11-08T20:50:28.289+0900] {dag.py:2573} INFO - Sync 2 DAGs
[2022-11-08T20:50:28.302+0900] {logging_mixin.py:117} INFO - [2022-11-08T20:50:28.302+0900] {dag.py:3324} INFO - Setting next_dagrun for example_external_task_marker_child to None, run_after=None
[2022-11-08T20:50:28.303+0900] {logging_mixin.py:117} INFO - [2022-11-08T20:50:28.303+0900] {dag.py:3324} INFO - Setting next_dagrun for example_external_task_marker_parent to None, run_after=None
[2022-11-08T20:50:28.320+0900] {processor.py:178} INFO - Processing /home/steve/.local/lib/python3.8/site-packages/airflow/example_dags/example_external_task_marker_dag.py took 0.125 seconds
[2022-11-08T20:51:02.542+0900] {processor.py:156} INFO - Started process (PID=12876) to work on /home/steve/.local/lib/python3.8/site-packages/airflow/example_dags/example_external_task_marker_dag.py
[2022-11-08T20:51:02.544+0900] {processor.py:758} INFO - Processing file /home/steve/.local/lib/python3.8/site-packages/airflow/example_dags/example_external_task_marker_dag.py for tasks to queue
[2022-11-08T20:51:02.544+0900] {logging_mixin.py:117} INFO - [2022-11-08T20:51:02.544+0900] {dagbag.py:525} INFO - Filling up the DagBag from /home/steve/.local/lib/python3.8/site-packages/airflow/example_dags/example_external_task_marker_dag.py
[2022-11-08T20:51:02.552+0900] {processor.py:768} INFO - DAG(s) dict_keys(['example_external_task_marker_parent', 'example_external_task_marker_child']) retrieved from /home/steve/.local/lib/python3.8/site-packages/airflow/example_dags/example_external_task_marker_dag.py
[2022-11-08T20:51:02.622+0900] {logging_mixin.py:117} INFO - [2022-11-08T20:51:02.622+0900] {dag.py:2573} INFO - Sync 2 DAGs
[2022-11-08T20:51:02.633+0900] {logging_mixin.py:117} INFO - [2022-11-08T20:51:02.633+0900] {dag.py:3324} INFO - Setting next_dagrun for example_external_task_marker_child to None, run_after=None
[2022-11-08T20:51:02.634+0900] {logging_mixin.py:117} INFO - [2022-11-08T20:51:02.634+0900] {dag.py:3324} INFO - Setting next_dagrun for example_external_task_marker_parent to None, run_after=None
[2022-11-08T20:51:02.649+0900] {processor.py:178} INFO - Processing /home/steve/.local/lib/python3.8/site-packages/airflow/example_dags/example_external_task_marker_dag.py took 0.109 seconds
