[2022-11-08T19:44:35.556+0900] {processor.py:156} INFO - Started process (PID=7162) to work on /home/steve/.local/lib/python3.8/site-packages/airflow/example_dags/example_xcom.py
[2022-11-08T19:44:35.556+0900] {processor.py:758} INFO - Processing file /home/steve/.local/lib/python3.8/site-packages/airflow/example_dags/example_xcom.py for tasks to queue
[2022-11-08T19:44:35.557+0900] {logging_mixin.py:117} INFO - [2022-11-08T19:44:35.556+0900] {dagbag.py:525} INFO - Filling up the DagBag from /home/steve/.local/lib/python3.8/site-packages/airflow/example_dags/example_xcom.py
[2022-11-08T19:44:35.577+0900] {processor.py:768} INFO - DAG(s) dict_keys(['example_xcom']) retrieved from /home/steve/.local/lib/python3.8/site-packages/airflow/example_dags/example_xcom.py
[2022-11-08T19:44:35.671+0900] {logging_mixin.py:117} INFO - [2022-11-08T19:44:35.671+0900] {manager.py:507} INFO - Created Permission View: can edit on DAG:example_xcom
[2022-11-08T19:44:35.684+0900] {logging_mixin.py:117} INFO - [2022-11-08T19:44:35.684+0900] {manager.py:507} INFO - Created Permission View: can delete on DAG:example_xcom
[2022-11-08T19:44:35.698+0900] {logging_mixin.py:117} INFO - [2022-11-08T19:44:35.698+0900] {manager.py:507} INFO - Created Permission View: can read on DAG:example_xcom
[2022-11-08T19:44:35.698+0900] {logging_mixin.py:117} INFO - [2022-11-08T19:44:35.698+0900] {dag.py:2573} INFO - Sync 1 DAGs
[2022-11-08T19:44:35.770+0900] {logging_mixin.py:117} INFO - [2022-11-08T19:44:35.770+0900] {dag.py:2594} INFO - Creating ORM DAG for example_xcom
[2022-11-08T19:44:35.774+0900] {logging_mixin.py:117} INFO - [2022-11-08T19:44:35.774+0900] {dag.py:3324} INFO - Setting next_dagrun for example_xcom to 2021-01-01T00:00:00+00:00, run_after=2021-01-01T00:00:00+00:00
[2022-11-08T19:44:35.788+0900] {processor.py:178} INFO - Processing /home/steve/.local/lib/python3.8/site-packages/airflow/example_dags/example_xcom.py took 0.234 seconds
[2022-11-08T19:45:16.032+0900] {processor.py:156} INFO - Started process (PID=7561) to work on /home/steve/.local/lib/python3.8/site-packages/airflow/example_dags/example_xcom.py
[2022-11-08T19:45:16.034+0900] {processor.py:758} INFO - Processing file /home/steve/.local/lib/python3.8/site-packages/airflow/example_dags/example_xcom.py for tasks to queue
[2022-11-08T19:45:16.034+0900] {logging_mixin.py:117} INFO - [2022-11-08T19:45:16.034+0900] {dagbag.py:525} INFO - Filling up the DagBag from /home/steve/.local/lib/python3.8/site-packages/airflow/example_dags/example_xcom.py
[2022-11-08T19:45:16.046+0900] {processor.py:768} INFO - DAG(s) dict_keys(['example_xcom']) retrieved from /home/steve/.local/lib/python3.8/site-packages/airflow/example_dags/example_xcom.py
[2022-11-08T19:45:16.062+0900] {logging_mixin.py:117} INFO - [2022-11-08T19:45:16.062+0900] {dag.py:2573} INFO - Sync 1 DAGs
[2022-11-08T19:45:16.071+0900] {logging_mixin.py:117} INFO - [2022-11-08T19:45:16.071+0900] {dag.py:3324} INFO - Setting next_dagrun for example_xcom to 2021-01-01T00:00:00+00:00, run_after=2021-01-01T00:00:00+00:00
[2022-11-08T19:45:16.087+0900] {processor.py:178} INFO - Processing /home/steve/.local/lib/python3.8/site-packages/airflow/example_dags/example_xcom.py took 0.056 seconds
[2022-11-08T19:45:47.541+0900] {processor.py:156} INFO - Started process (PID=7739) to work on /home/steve/.local/lib/python3.8/site-packages/airflow/example_dags/example_xcom.py
[2022-11-08T19:45:47.543+0900] {processor.py:758} INFO - Processing file /home/steve/.local/lib/python3.8/site-packages/airflow/example_dags/example_xcom.py for tasks to queue
[2022-11-08T19:45:47.544+0900] {logging_mixin.py:117} INFO - [2022-11-08T19:45:47.544+0900] {dagbag.py:525} INFO - Filling up the DagBag from /home/steve/.local/lib/python3.8/site-packages/airflow/example_dags/example_xcom.py
[2022-11-08T19:45:47.556+0900] {processor.py:768} INFO - DAG(s) dict_keys(['example_xcom']) retrieved from /home/steve/.local/lib/python3.8/site-packages/airflow/example_dags/example_xcom.py
[2022-11-08T19:45:47.571+0900] {logging_mixin.py:117} INFO - [2022-11-08T19:45:47.571+0900] {dag.py:2573} INFO - Sync 1 DAGs
[2022-11-08T19:45:47.580+0900] {logging_mixin.py:117} INFO - [2022-11-08T19:45:47.580+0900] {dag.py:3324} INFO - Setting next_dagrun for example_xcom to 2021-01-01T00:00:00+00:00, run_after=2021-01-01T00:00:00+00:00
[2022-11-08T19:45:47.597+0900] {processor.py:178} INFO - Processing /home/steve/.local/lib/python3.8/site-packages/airflow/example_dags/example_xcom.py took 0.057 seconds
[2022-11-08T19:46:17.898+0900] {processor.py:156} INFO - Started process (PID=7806) to work on /home/steve/.local/lib/python3.8/site-packages/airflow/example_dags/example_xcom.py
[2022-11-08T19:46:17.901+0900] {processor.py:758} INFO - Processing file /home/steve/.local/lib/python3.8/site-packages/airflow/example_dags/example_xcom.py for tasks to queue
[2022-11-08T19:46:17.901+0900] {logging_mixin.py:117} INFO - [2022-11-08T19:46:17.901+0900] {dagbag.py:525} INFO - Filling up the DagBag from /home/steve/.local/lib/python3.8/site-packages/airflow/example_dags/example_xcom.py
[2022-11-08T19:46:17.914+0900] {processor.py:768} INFO - DAG(s) dict_keys(['example_xcom']) retrieved from /home/steve/.local/lib/python3.8/site-packages/airflow/example_dags/example_xcom.py
[2022-11-08T19:46:17.929+0900] {logging_mixin.py:117} INFO - [2022-11-08T19:46:17.929+0900] {dag.py:2573} INFO - Sync 1 DAGs
[2022-11-08T19:46:17.939+0900] {logging_mixin.py:117} INFO - [2022-11-08T19:46:17.939+0900] {dag.py:3324} INFO - Setting next_dagrun for example_xcom to 2021-01-01T00:00:00+00:00, run_after=2021-01-01T00:00:00+00:00
[2022-11-08T19:46:17.955+0900] {processor.py:178} INFO - Processing /home/steve/.local/lib/python3.8/site-packages/airflow/example_dags/example_xcom.py took 0.059 seconds
[2022-11-08T19:46:51.133+0900] {processor.py:156} INFO - Started process (PID=7839) to work on /home/steve/.local/lib/python3.8/site-packages/airflow/example_dags/example_xcom.py
[2022-11-08T19:46:51.133+0900] {processor.py:758} INFO - Processing file /home/steve/.local/lib/python3.8/site-packages/airflow/example_dags/example_xcom.py for tasks to queue
[2022-11-08T19:46:51.134+0900] {logging_mixin.py:117} INFO - [2022-11-08T19:46:51.134+0900] {dagbag.py:525} INFO - Filling up the DagBag from /home/steve/.local/lib/python3.8/site-packages/airflow/example_dags/example_xcom.py
[2022-11-08T19:46:51.146+0900] {processor.py:768} INFO - DAG(s) dict_keys(['example_xcom']) retrieved from /home/steve/.local/lib/python3.8/site-packages/airflow/example_dags/example_xcom.py
[2022-11-08T19:46:51.161+0900] {logging_mixin.py:117} INFO - [2022-11-08T19:46:51.161+0900] {dag.py:2573} INFO - Sync 1 DAGs
[2022-11-08T19:46:51.171+0900] {logging_mixin.py:117} INFO - [2022-11-08T19:46:51.171+0900] {dag.py:3324} INFO - Setting next_dagrun for example_xcom to 2021-01-01T00:00:00+00:00, run_after=2021-01-01T00:00:00+00:00
[2022-11-08T19:46:51.252+0900] {processor.py:178} INFO - Processing /home/steve/.local/lib/python3.8/site-packages/airflow/example_dags/example_xcom.py took 0.120 seconds
[2022-11-08T19:47:26.448+0900] {processor.py:156} INFO - Started process (PID=7916) to work on /home/steve/.local/lib/python3.8/site-packages/airflow/example_dags/example_xcom.py
[2022-11-08T19:47:26.450+0900] {processor.py:758} INFO - Processing file /home/steve/.local/lib/python3.8/site-packages/airflow/example_dags/example_xcom.py for tasks to queue
[2022-11-08T19:47:26.450+0900] {logging_mixin.py:117} INFO - [2022-11-08T19:47:26.450+0900] {dagbag.py:525} INFO - Filling up the DagBag from /home/steve/.local/lib/python3.8/site-packages/airflow/example_dags/example_xcom.py
[2022-11-08T19:47:26.463+0900] {processor.py:768} INFO - DAG(s) dict_keys(['example_xcom']) retrieved from /home/steve/.local/lib/python3.8/site-packages/airflow/example_dags/example_xcom.py
[2022-11-08T19:47:26.479+0900] {logging_mixin.py:117} INFO - [2022-11-08T19:47:26.479+0900] {dag.py:2573} INFO - Sync 1 DAGs
[2022-11-08T19:47:26.554+0900] {logging_mixin.py:117} INFO - [2022-11-08T19:47:26.554+0900] {dag.py:3324} INFO - Setting next_dagrun for example_xcom to 2021-01-01T00:00:00+00:00, run_after=2021-01-01T00:00:00+00:00
[2022-11-08T19:47:26.569+0900] {processor.py:178} INFO - Processing /home/steve/.local/lib/python3.8/site-packages/airflow/example_dags/example_xcom.py took 0.123 seconds
[2022-11-08T19:48:00.485+0900] {processor.py:156} INFO - Started process (PID=7949) to work on /home/steve/.local/lib/python3.8/site-packages/airflow/example_dags/example_xcom.py
[2022-11-08T19:48:00.487+0900] {processor.py:758} INFO - Processing file /home/steve/.local/lib/python3.8/site-packages/airflow/example_dags/example_xcom.py for tasks to queue
[2022-11-08T19:48:00.487+0900] {logging_mixin.py:117} INFO - [2022-11-08T19:48:00.487+0900] {dagbag.py:525} INFO - Filling up the DagBag from /home/steve/.local/lib/python3.8/site-packages/airflow/example_dags/example_xcom.py
[2022-11-08T19:48:00.500+0900] {processor.py:768} INFO - DAG(s) dict_keys(['example_xcom']) retrieved from /home/steve/.local/lib/python3.8/site-packages/airflow/example_dags/example_xcom.py
[2022-11-08T19:48:00.515+0900] {logging_mixin.py:117} INFO - [2022-11-08T19:48:00.515+0900] {dag.py:2573} INFO - Sync 1 DAGs
[2022-11-08T19:48:00.592+0900] {logging_mixin.py:117} INFO - [2022-11-08T19:48:00.592+0900] {dag.py:3324} INFO - Setting next_dagrun for example_xcom to 2021-01-01T00:00:00+00:00, run_after=2021-01-01T00:00:00+00:00
[2022-11-08T19:48:00.607+0900] {processor.py:178} INFO - Processing /home/steve/.local/lib/python3.8/site-packages/airflow/example_dags/example_xcom.py took 0.124 seconds
[2022-11-08T19:48:32.666+0900] {processor.py:156} INFO - Started process (PID=7979) to work on /home/steve/.local/lib/python3.8/site-packages/airflow/example_dags/example_xcom.py
[2022-11-08T19:48:32.666+0900] {processor.py:758} INFO - Processing file /home/steve/.local/lib/python3.8/site-packages/airflow/example_dags/example_xcom.py for tasks to queue
[2022-11-08T19:48:32.666+0900] {logging_mixin.py:117} INFO - [2022-11-08T19:48:32.666+0900] {dagbag.py:525} INFO - Filling up the DagBag from /home/steve/.local/lib/python3.8/site-packages/airflow/example_dags/example_xcom.py
[2022-11-08T19:48:32.678+0900] {processor.py:768} INFO - DAG(s) dict_keys(['example_xcom']) retrieved from /home/steve/.local/lib/python3.8/site-packages/airflow/example_dags/example_xcom.py
[2022-11-08T19:48:32.694+0900] {logging_mixin.py:117} INFO - [2022-11-08T19:48:32.693+0900] {dag.py:2573} INFO - Sync 1 DAGs
[2022-11-08T19:48:32.767+0900] {logging_mixin.py:117} INFO - [2022-11-08T19:48:32.767+0900] {dag.py:3324} INFO - Setting next_dagrun for example_xcom to 2021-01-01T00:00:00+00:00, run_after=2021-01-01T00:00:00+00:00
[2022-11-08T19:48:32.785+0900] {processor.py:178} INFO - Processing /home/steve/.local/lib/python3.8/site-packages/airflow/example_dags/example_xcom.py took 0.121 seconds
[2022-11-08T19:49:08.851+0900] {processor.py:156} INFO - Started process (PID=8014) to work on /home/steve/.local/lib/python3.8/site-packages/airflow/example_dags/example_xcom.py
[2022-11-08T19:49:08.852+0900] {processor.py:758} INFO - Processing file /home/steve/.local/lib/python3.8/site-packages/airflow/example_dags/example_xcom.py for tasks to queue
[2022-11-08T19:49:08.852+0900] {logging_mixin.py:117} INFO - [2022-11-08T19:49:08.852+0900] {dagbag.py:525} INFO - Filling up the DagBag from /home/steve/.local/lib/python3.8/site-packages/airflow/example_dags/example_xcom.py
[2022-11-08T19:49:08.864+0900] {processor.py:768} INFO - DAG(s) dict_keys(['example_xcom']) retrieved from /home/steve/.local/lib/python3.8/site-packages/airflow/example_dags/example_xcom.py
[2022-11-08T19:49:08.945+0900] {logging_mixin.py:117} INFO - [2022-11-08T19:49:08.945+0900] {dag.py:2573} INFO - Sync 1 DAGs
[2022-11-08T19:49:08.953+0900] {logging_mixin.py:117} INFO - [2022-11-08T19:49:08.953+0900] {dag.py:3324} INFO - Setting next_dagrun for example_xcom to 2021-01-01T00:00:00+00:00, run_after=2021-01-01T00:00:00+00:00
[2022-11-08T19:49:08.969+0900] {processor.py:178} INFO - Processing /home/steve/.local/lib/python3.8/site-packages/airflow/example_dags/example_xcom.py took 0.120 seconds
[2022-11-08T19:49:40.844+0900] {processor.py:156} INFO - Started process (PID=8073) to work on /home/steve/.local/lib/python3.8/site-packages/airflow/example_dags/example_xcom.py
[2022-11-08T19:49:40.844+0900] {processor.py:758} INFO - Processing file /home/steve/.local/lib/python3.8/site-packages/airflow/example_dags/example_xcom.py for tasks to queue
[2022-11-08T19:49:40.844+0900] {logging_mixin.py:117} INFO - [2022-11-08T19:49:40.844+0900] {dagbag.py:525} INFO - Filling up the DagBag from /home/steve/.local/lib/python3.8/site-packages/airflow/example_dags/example_xcom.py
[2022-11-08T19:49:40.856+0900] {processor.py:768} INFO - DAG(s) dict_keys(['example_xcom']) retrieved from /home/steve/.local/lib/python3.8/site-packages/airflow/example_dags/example_xcom.py
[2022-11-08T19:49:40.936+0900] {logging_mixin.py:117} INFO - [2022-11-08T19:49:40.936+0900] {dag.py:2573} INFO - Sync 1 DAGs
[2022-11-08T19:49:40.944+0900] {logging_mixin.py:117} INFO - [2022-11-08T19:49:40.944+0900] {dag.py:3324} INFO - Setting next_dagrun for example_xcom to 2021-01-01T00:00:00+00:00, run_after=2021-01-01T00:00:00+00:00
[2022-11-08T19:49:40.960+0900] {processor.py:178} INFO - Processing /home/steve/.local/lib/python3.8/site-packages/airflow/example_dags/example_xcom.py took 0.118 seconds
[2022-11-08T19:50:14.228+0900] {processor.py:156} INFO - Started process (PID=8106) to work on /home/steve/.local/lib/python3.8/site-packages/airflow/example_dags/example_xcom.py
[2022-11-08T19:50:14.229+0900] {processor.py:758} INFO - Processing file /home/steve/.local/lib/python3.8/site-packages/airflow/example_dags/example_xcom.py for tasks to queue
[2022-11-08T19:50:14.229+0900] {logging_mixin.py:117} INFO - [2022-11-08T19:50:14.229+0900] {dagbag.py:525} INFO - Filling up the DagBag from /home/steve/.local/lib/python3.8/site-packages/airflow/example_dags/example_xcom.py
[2022-11-08T19:50:14.242+0900] {processor.py:768} INFO - DAG(s) dict_keys(['example_xcom']) retrieved from /home/steve/.local/lib/python3.8/site-packages/airflow/example_dags/example_xcom.py
[2022-11-08T19:50:14.321+0900] {logging_mixin.py:117} INFO - [2022-11-08T19:50:14.321+0900] {dag.py:2573} INFO - Sync 1 DAGs
[2022-11-08T19:50:14.329+0900] {logging_mixin.py:117} INFO - [2022-11-08T19:50:14.329+0900] {dag.py:3324} INFO - Setting next_dagrun for example_xcom to 2021-01-01T00:00:00+00:00, run_after=2021-01-01T00:00:00+00:00
[2022-11-08T19:50:14.345+0900] {processor.py:178} INFO - Processing /home/steve/.local/lib/python3.8/site-packages/airflow/example_dags/example_xcom.py took 0.118 seconds
[2022-11-08T19:50:49.084+0900] {processor.py:156} INFO - Started process (PID=8139) to work on /home/steve/.local/lib/python3.8/site-packages/airflow/example_dags/example_xcom.py
[2022-11-08T19:50:49.084+0900] {processor.py:758} INFO - Processing file /home/steve/.local/lib/python3.8/site-packages/airflow/example_dags/example_xcom.py for tasks to queue
[2022-11-08T19:50:49.085+0900] {logging_mixin.py:117} INFO - [2022-11-08T19:50:49.084+0900] {dagbag.py:525} INFO - Filling up the DagBag from /home/steve/.local/lib/python3.8/site-packages/airflow/example_dags/example_xcom.py
[2022-11-08T19:50:49.168+0900] {processor.py:768} INFO - DAG(s) dict_keys(['example_xcom']) retrieved from /home/steve/.local/lib/python3.8/site-packages/airflow/example_dags/example_xcom.py
[2022-11-08T19:50:49.180+0900] {logging_mixin.py:117} INFO - [2022-11-08T19:50:49.180+0900] {dag.py:2573} INFO - Sync 1 DAGs
[2022-11-08T19:50:49.189+0900] {logging_mixin.py:117} INFO - [2022-11-08T19:50:49.189+0900] {dag.py:3324} INFO - Setting next_dagrun for example_xcom to 2021-01-01T00:00:00+00:00, run_after=2021-01-01T00:00:00+00:00
[2022-11-08T19:50:49.204+0900] {processor.py:178} INFO - Processing /home/steve/.local/lib/python3.8/site-packages/airflow/example_dags/example_xcom.py took 0.122 seconds
[2022-11-08T19:51:20.139+0900] {processor.py:156} INFO - Started process (PID=8169) to work on /home/steve/.local/lib/python3.8/site-packages/airflow/example_dags/example_xcom.py
[2022-11-08T19:51:20.142+0900] {processor.py:758} INFO - Processing file /home/steve/.local/lib/python3.8/site-packages/airflow/example_dags/example_xcom.py for tasks to queue
[2022-11-08T19:51:20.142+0900] {logging_mixin.py:117} INFO - [2022-11-08T19:51:20.142+0900] {dagbag.py:525} INFO - Filling up the DagBag from /home/steve/.local/lib/python3.8/site-packages/airflow/example_dags/example_xcom.py
[2022-11-08T19:51:20.220+0900] {processor.py:768} INFO - DAG(s) dict_keys(['example_xcom']) retrieved from /home/steve/.local/lib/python3.8/site-packages/airflow/example_dags/example_xcom.py
[2022-11-08T19:51:20.232+0900] {logging_mixin.py:117} INFO - [2022-11-08T19:51:20.232+0900] {dag.py:2573} INFO - Sync 1 DAGs
[2022-11-08T19:51:20.241+0900] {logging_mixin.py:117} INFO - [2022-11-08T19:51:20.241+0900] {dag.py:3324} INFO - Setting next_dagrun for example_xcom to 2021-01-01T00:00:00+00:00, run_after=2021-01-01T00:00:00+00:00
[2022-11-08T19:51:20.257+0900] {processor.py:178} INFO - Processing /home/steve/.local/lib/python3.8/site-packages/airflow/example_dags/example_xcom.py took 0.120 seconds
[2022-11-08T19:51:55.857+0900] {processor.py:156} INFO - Started process (PID=8205) to work on /home/steve/.local/lib/python3.8/site-packages/airflow/example_dags/example_xcom.py
[2022-11-08T19:51:55.859+0900] {processor.py:758} INFO - Processing file /home/steve/.local/lib/python3.8/site-packages/airflow/example_dags/example_xcom.py for tasks to queue
[2022-11-08T19:51:55.859+0900] {logging_mixin.py:117} INFO - [2022-11-08T19:51:55.859+0900] {dagbag.py:525} INFO - Filling up the DagBag from /home/steve/.local/lib/python3.8/site-packages/airflow/example_dags/example_xcom.py
[2022-11-08T19:51:55.872+0900] {processor.py:768} INFO - DAG(s) dict_keys(['example_xcom']) retrieved from /home/steve/.local/lib/python3.8/site-packages/airflow/example_dags/example_xcom.py
[2022-11-08T19:51:55.888+0900] {logging_mixin.py:117} INFO - [2022-11-08T19:51:55.888+0900] {dag.py:2573} INFO - Sync 1 DAGs
[2022-11-08T19:51:55.898+0900] {logging_mixin.py:117} INFO - [2022-11-08T19:51:55.898+0900] {dag.py:3324} INFO - Setting next_dagrun for example_xcom to 2021-01-01T00:00:00+00:00, run_after=2021-01-01T00:00:00+00:00
[2022-11-08T19:51:55.914+0900] {processor.py:178} INFO - Processing /home/steve/.local/lib/python3.8/site-packages/airflow/example_dags/example_xcom.py took 0.059 seconds
[2022-11-08T19:52:27.823+0900] {processor.py:156} INFO - Started process (PID=8240) to work on /home/steve/.local/lib/python3.8/site-packages/airflow/example_dags/example_xcom.py
[2022-11-08T19:52:27.823+0900] {processor.py:758} INFO - Processing file /home/steve/.local/lib/python3.8/site-packages/airflow/example_dags/example_xcom.py for tasks to queue
[2022-11-08T19:52:27.824+0900] {logging_mixin.py:117} INFO - [2022-11-08T19:52:27.824+0900] {dagbag.py:525} INFO - Filling up the DagBag from /home/steve/.local/lib/python3.8/site-packages/airflow/example_dags/example_xcom.py
[2022-11-08T19:52:27.838+0900] {processor.py:768} INFO - DAG(s) dict_keys(['example_xcom']) retrieved from /home/steve/.local/lib/python3.8/site-packages/airflow/example_dags/example_xcom.py
[2022-11-08T19:52:27.855+0900] {logging_mixin.py:117} INFO - [2022-11-08T19:52:27.855+0900] {dag.py:2573} INFO - Sync 1 DAGs
[2022-11-08T19:52:27.866+0900] {logging_mixin.py:117} INFO - [2022-11-08T19:52:27.866+0900] {dag.py:3324} INFO - Setting next_dagrun for example_xcom to 2021-01-01T00:00:00+00:00, run_after=2021-01-01T00:00:00+00:00
[2022-11-08T19:52:27.882+0900] {processor.py:178} INFO - Processing /home/steve/.local/lib/python3.8/site-packages/airflow/example_dags/example_xcom.py took 0.061 seconds
[2022-11-08T19:53:01.082+0900] {processor.py:156} INFO - Started process (PID=8379) to work on /home/steve/.local/lib/python3.8/site-packages/airflow/example_dags/example_xcom.py
[2022-11-08T19:53:01.084+0900] {processor.py:758} INFO - Processing file /home/steve/.local/lib/python3.8/site-packages/airflow/example_dags/example_xcom.py for tasks to queue
[2022-11-08T19:53:01.085+0900] {logging_mixin.py:117} INFO - [2022-11-08T19:53:01.085+0900] {dagbag.py:525} INFO - Filling up the DagBag from /home/steve/.local/lib/python3.8/site-packages/airflow/example_dags/example_xcom.py
[2022-11-08T19:53:01.097+0900] {processor.py:768} INFO - DAG(s) dict_keys(['example_xcom']) retrieved from /home/steve/.local/lib/python3.8/site-packages/airflow/example_dags/example_xcom.py
[2022-11-08T19:53:01.107+0900] {logging_mixin.py:117} INFO - [2022-11-08T19:53:01.107+0900] {dag.py:2573} INFO - Sync 1 DAGs
[2022-11-08T19:53:01.117+0900] {logging_mixin.py:117} INFO - [2022-11-08T19:53:01.117+0900] {dag.py:3324} INFO - Setting next_dagrun for example_xcom to 2021-01-01T00:00:00+00:00, run_after=2021-01-01T00:00:00+00:00
[2022-11-08T19:53:01.133+0900] {processor.py:178} INFO - Processing /home/steve/.local/lib/python3.8/site-packages/airflow/example_dags/example_xcom.py took 0.052 seconds
[2022-11-08T19:53:37.181+0900] {processor.py:156} INFO - Started process (PID=8540) to work on /home/steve/.local/lib/python3.8/site-packages/airflow/example_dags/example_xcom.py
[2022-11-08T19:53:37.182+0900] {processor.py:758} INFO - Processing file /home/steve/.local/lib/python3.8/site-packages/airflow/example_dags/example_xcom.py for tasks to queue
[2022-11-08T19:53:37.183+0900] {logging_mixin.py:117} INFO - [2022-11-08T19:53:37.183+0900] {dagbag.py:525} INFO - Filling up the DagBag from /home/steve/.local/lib/python3.8/site-packages/airflow/example_dags/example_xcom.py
[2022-11-08T19:53:37.208+0900] {processor.py:768} INFO - DAG(s) dict_keys(['example_xcom']) retrieved from /home/steve/.local/lib/python3.8/site-packages/airflow/example_dags/example_xcom.py
[2022-11-08T19:53:37.237+0900] {logging_mixin.py:117} INFO - [2022-11-08T19:53:37.237+0900] {dag.py:2573} INFO - Sync 1 DAGs
[2022-11-08T19:53:37.254+0900] {logging_mixin.py:117} INFO - [2022-11-08T19:53:37.253+0900] {dag.py:3324} INFO - Setting next_dagrun for example_xcom to 2021-01-01T00:00:00+00:00, run_after=2021-01-01T00:00:00+00:00
[2022-11-08T19:53:37.271+0900] {processor.py:178} INFO - Processing /home/steve/.local/lib/python3.8/site-packages/airflow/example_dags/example_xcom.py took 0.095 seconds
[2022-11-08T19:54:10.771+0900] {processor.py:156} INFO - Started process (PID=8622) to work on /home/steve/.local/lib/python3.8/site-packages/airflow/example_dags/example_xcom.py
[2022-11-08T19:54:10.772+0900] {processor.py:758} INFO - Processing file /home/steve/.local/lib/python3.8/site-packages/airflow/example_dags/example_xcom.py for tasks to queue
[2022-11-08T19:54:10.772+0900] {logging_mixin.py:117} INFO - [2022-11-08T19:54:10.772+0900] {dagbag.py:525} INFO - Filling up the DagBag from /home/steve/.local/lib/python3.8/site-packages/airflow/example_dags/example_xcom.py
[2022-11-08T19:54:10.788+0900] {processor.py:768} INFO - DAG(s) dict_keys(['example_xcom']) retrieved from /home/steve/.local/lib/python3.8/site-packages/airflow/example_dags/example_xcom.py
[2022-11-08T19:54:10.805+0900] {logging_mixin.py:117} INFO - [2022-11-08T19:54:10.805+0900] {dag.py:2573} INFO - Sync 1 DAGs
[2022-11-08T19:54:10.816+0900] {logging_mixin.py:117} INFO - [2022-11-08T19:54:10.815+0900] {dag.py:3324} INFO - Setting next_dagrun for example_xcom to 2021-01-01T00:00:00+00:00, run_after=2021-01-01T00:00:00+00:00
[2022-11-08T19:54:10.833+0900] {processor.py:178} INFO - Processing /home/steve/.local/lib/python3.8/site-packages/airflow/example_dags/example_xcom.py took 0.063 seconds
[2022-11-08T19:54:42.451+0900] {processor.py:156} INFO - Started process (PID=8889) to work on /home/steve/.local/lib/python3.8/site-packages/airflow/example_dags/example_xcom.py
[2022-11-08T19:54:42.452+0900] {processor.py:758} INFO - Processing file /home/steve/.local/lib/python3.8/site-packages/airflow/example_dags/example_xcom.py for tasks to queue
[2022-11-08T19:54:42.452+0900] {logging_mixin.py:117} INFO - [2022-11-08T19:54:42.452+0900] {dagbag.py:525} INFO - Filling up the DagBag from /home/steve/.local/lib/python3.8/site-packages/airflow/example_dags/example_xcom.py
[2022-11-08T19:54:42.469+0900] {processor.py:768} INFO - DAG(s) dict_keys(['example_xcom']) retrieved from /home/steve/.local/lib/python3.8/site-packages/airflow/example_dags/example_xcom.py
[2022-11-08T19:54:42.499+0900] {logging_mixin.py:117} INFO - [2022-11-08T19:54:42.499+0900] {dag.py:2573} INFO - Sync 1 DAGs
[2022-11-08T19:54:42.522+0900] {logging_mixin.py:117} INFO - [2022-11-08T19:54:42.522+0900] {dag.py:3324} INFO - Setting next_dagrun for example_xcom to 2021-01-01T00:00:00+00:00, run_after=2021-01-01T00:00:00+00:00
[2022-11-08T19:54:42.676+0900] {processor.py:178} INFO - Processing /home/steve/.local/lib/python3.8/site-packages/airflow/example_dags/example_xcom.py took 0.227 seconds
[2022-11-08T19:55:19.919+0900] {processor.py:156} INFO - Started process (PID=9018) to work on /home/steve/.local/lib/python3.8/site-packages/airflow/example_dags/example_xcom.py
[2022-11-08T19:55:19.921+0900] {processor.py:758} INFO - Processing file /home/steve/.local/lib/python3.8/site-packages/airflow/example_dags/example_xcom.py for tasks to queue
[2022-11-08T19:55:19.921+0900] {logging_mixin.py:117} INFO - [2022-11-08T19:55:19.921+0900] {dagbag.py:525} INFO - Filling up the DagBag from /home/steve/.local/lib/python3.8/site-packages/airflow/example_dags/example_xcom.py
[2022-11-08T19:55:19.934+0900] {processor.py:768} INFO - DAG(s) dict_keys(['example_xcom']) retrieved from /home/steve/.local/lib/python3.8/site-packages/airflow/example_dags/example_xcom.py
[2022-11-08T19:55:19.952+0900] {logging_mixin.py:117} INFO - [2022-11-08T19:55:19.951+0900] {dag.py:2573} INFO - Sync 1 DAGs
[2022-11-08T19:55:19.962+0900] {logging_mixin.py:117} INFO - [2022-11-08T19:55:19.962+0900] {dag.py:3324} INFO - Setting next_dagrun for example_xcom to 2021-01-01T00:00:00+00:00, run_after=2021-01-01T00:00:00+00:00
[2022-11-08T19:55:19.977+0900] {processor.py:178} INFO - Processing /home/steve/.local/lib/python3.8/site-packages/airflow/example_dags/example_xcom.py took 0.060 seconds
[2022-11-08T20:26:50.493+0900] {processor.py:156} INFO - Started process (PID=9702) to work on /home/steve/.local/lib/python3.8/site-packages/airflow/example_dags/example_xcom.py
[2022-11-08T20:26:50.494+0900] {processor.py:758} INFO - Processing file /home/steve/.local/lib/python3.8/site-packages/airflow/example_dags/example_xcom.py for tasks to queue
[2022-11-08T20:26:50.494+0900] {logging_mixin.py:117} INFO - [2022-11-08T20:26:50.494+0900] {dagbag.py:525} INFO - Filling up the DagBag from /home/steve/.local/lib/python3.8/site-packages/airflow/example_dags/example_xcom.py
[2022-11-08T20:26:50.510+0900] {processor.py:768} INFO - DAG(s) dict_keys(['example_xcom']) retrieved from /home/steve/.local/lib/python3.8/site-packages/airflow/example_dags/example_xcom.py
[2022-11-08T20:26:50.529+0900] {logging_mixin.py:117} INFO - [2022-11-08T20:26:50.529+0900] {dag.py:2573} INFO - Sync 1 DAGs
[2022-11-08T20:26:50.542+0900] {logging_mixin.py:117} INFO - [2022-11-08T20:26:50.542+0900] {dag.py:3324} INFO - Setting next_dagrun for example_xcom to 2021-01-01T00:00:00+00:00, run_after=2021-01-01T00:00:00+00:00
[2022-11-08T20:26:50.561+0900] {processor.py:178} INFO - Processing /home/steve/.local/lib/python3.8/site-packages/airflow/example_dags/example_xcom.py took 0.070 seconds
[2022-11-08T20:27:23.612+0900] {processor.py:156} INFO - Started process (PID=9819) to work on /home/steve/.local/lib/python3.8/site-packages/airflow/example_dags/example_xcom.py
[2022-11-08T20:27:23.614+0900] {processor.py:758} INFO - Processing file /home/steve/.local/lib/python3.8/site-packages/airflow/example_dags/example_xcom.py for tasks to queue
[2022-11-08T20:27:23.614+0900] {logging_mixin.py:117} INFO - [2022-11-08T20:27:23.614+0900] {dagbag.py:525} INFO - Filling up the DagBag from /home/steve/.local/lib/python3.8/site-packages/airflow/example_dags/example_xcom.py
[2022-11-08T20:27:23.628+0900] {processor.py:768} INFO - DAG(s) dict_keys(['example_xcom']) retrieved from /home/steve/.local/lib/python3.8/site-packages/airflow/example_dags/example_xcom.py
[2022-11-08T20:27:23.646+0900] {logging_mixin.py:117} INFO - [2022-11-08T20:27:23.646+0900] {dag.py:2573} INFO - Sync 1 DAGs
[2022-11-08T20:27:23.657+0900] {logging_mixin.py:117} INFO - [2022-11-08T20:27:23.657+0900] {dag.py:3324} INFO - Setting next_dagrun for example_xcom to 2021-01-01T00:00:00+00:00, run_after=2021-01-01T00:00:00+00:00
[2022-11-08T20:27:23.674+0900] {processor.py:178} INFO - Processing /home/steve/.local/lib/python3.8/site-packages/airflow/example_dags/example_xcom.py took 0.063 seconds
[2022-11-08T20:27:54.432+0900] {processor.py:156} INFO - Started process (PID=9849) to work on /home/steve/.local/lib/python3.8/site-packages/airflow/example_dags/example_xcom.py
[2022-11-08T20:27:54.434+0900] {processor.py:758} INFO - Processing file /home/steve/.local/lib/python3.8/site-packages/airflow/example_dags/example_xcom.py for tasks to queue
[2022-11-08T20:27:54.434+0900] {logging_mixin.py:117} INFO - [2022-11-08T20:27:54.434+0900] {dagbag.py:525} INFO - Filling up the DagBag from /home/steve/.local/lib/python3.8/site-packages/airflow/example_dags/example_xcom.py
[2022-11-08T20:27:54.447+0900] {processor.py:768} INFO - DAG(s) dict_keys(['example_xcom']) retrieved from /home/steve/.local/lib/python3.8/site-packages/airflow/example_dags/example_xcom.py
[2022-11-08T20:27:54.464+0900] {logging_mixin.py:117} INFO - [2022-11-08T20:27:54.464+0900] {dag.py:2573} INFO - Sync 1 DAGs
[2022-11-08T20:27:54.474+0900] {logging_mixin.py:117} INFO - [2022-11-08T20:27:54.473+0900] {dag.py:3324} INFO - Setting next_dagrun for example_xcom to 2021-01-01T00:00:00+00:00, run_after=2021-01-01T00:00:00+00:00
[2022-11-08T20:27:54.489+0900] {processor.py:178} INFO - Processing /home/steve/.local/lib/python3.8/site-packages/airflow/example_dags/example_xcom.py took 0.059 seconds
[2022-11-08T20:28:29.209+0900] {processor.py:156} INFO - Started process (PID=9888) to work on /home/steve/.local/lib/python3.8/site-packages/airflow/example_dags/example_xcom.py
[2022-11-08T20:28:29.210+0900] {processor.py:758} INFO - Processing file /home/steve/.local/lib/python3.8/site-packages/airflow/example_dags/example_xcom.py for tasks to queue
[2022-11-08T20:28:29.210+0900] {logging_mixin.py:117} INFO - [2022-11-08T20:28:29.210+0900] {dagbag.py:525} INFO - Filling up the DagBag from /home/steve/.local/lib/python3.8/site-packages/airflow/example_dags/example_xcom.py
[2022-11-08T20:28:29.225+0900] {processor.py:768} INFO - DAG(s) dict_keys(['example_xcom']) retrieved from /home/steve/.local/lib/python3.8/site-packages/airflow/example_dags/example_xcom.py
[2022-11-08T20:28:29.242+0900] {logging_mixin.py:117} INFO - [2022-11-08T20:28:29.242+0900] {dag.py:2573} INFO - Sync 1 DAGs
[2022-11-08T20:28:29.252+0900] {logging_mixin.py:117} INFO - [2022-11-08T20:28:29.252+0900] {dag.py:3324} INFO - Setting next_dagrun for example_xcom to 2021-01-01T00:00:00+00:00, run_after=2021-01-01T00:00:00+00:00
[2022-11-08T20:28:29.268+0900] {processor.py:178} INFO - Processing /home/steve/.local/lib/python3.8/site-packages/airflow/example_dags/example_xcom.py took 0.061 seconds
[2022-11-08T20:29:04.235+0900] {processor.py:156} INFO - Started process (PID=10130) to work on /home/steve/.local/lib/python3.8/site-packages/airflow/example_dags/example_xcom.py
[2022-11-08T20:29:04.237+0900] {processor.py:758} INFO - Processing file /home/steve/.local/lib/python3.8/site-packages/airflow/example_dags/example_xcom.py for tasks to queue
[2022-11-08T20:29:04.238+0900] {logging_mixin.py:117} INFO - [2022-11-08T20:29:04.238+0900] {dagbag.py:525} INFO - Filling up the DagBag from /home/steve/.local/lib/python3.8/site-packages/airflow/example_dags/example_xcom.py
[2022-11-08T20:29:04.251+0900] {processor.py:768} INFO - DAG(s) dict_keys(['example_xcom']) retrieved from /home/steve/.local/lib/python3.8/site-packages/airflow/example_dags/example_xcom.py
[2022-11-08T20:29:04.267+0900] {logging_mixin.py:117} INFO - [2022-11-08T20:29:04.267+0900] {dag.py:2573} INFO - Sync 1 DAGs
[2022-11-08T20:29:04.279+0900] {logging_mixin.py:117} INFO - [2022-11-08T20:29:04.279+0900] {dag.py:3324} INFO - Setting next_dagrun for example_xcom to 2021-01-01T00:00:00+00:00, run_after=2021-01-01T00:00:00+00:00
[2022-11-08T20:29:04.366+0900] {processor.py:178} INFO - Processing /home/steve/.local/lib/python3.8/site-packages/airflow/example_dags/example_xcom.py took 0.132 seconds
[2022-11-08T20:29:42.765+0900] {processor.py:156} INFO - Started process (PID=10310) to work on /home/steve/.local/lib/python3.8/site-packages/airflow/example_dags/example_xcom.py
[2022-11-08T20:29:42.765+0900] {processor.py:758} INFO - Processing file /home/steve/.local/lib/python3.8/site-packages/airflow/example_dags/example_xcom.py for tasks to queue
[2022-11-08T20:29:42.766+0900] {logging_mixin.py:117} INFO - [2022-11-08T20:29:42.766+0900] {dagbag.py:525} INFO - Filling up the DagBag from /home/steve/.local/lib/python3.8/site-packages/airflow/example_dags/example_xcom.py
[2022-11-08T20:29:42.779+0900] {processor.py:768} INFO - DAG(s) dict_keys(['example_xcom']) retrieved from /home/steve/.local/lib/python3.8/site-packages/airflow/example_dags/example_xcom.py
[2022-11-08T20:29:42.796+0900] {logging_mixin.py:117} INFO - [2022-11-08T20:29:42.796+0900] {dag.py:2573} INFO - Sync 1 DAGs
[2022-11-08T20:29:42.873+0900] {logging_mixin.py:117} INFO - [2022-11-08T20:29:42.873+0900] {dag.py:3324} INFO - Setting next_dagrun for example_xcom to 2021-01-01T00:00:00+00:00, run_after=2021-01-01T00:00:00+00:00
[2022-11-08T20:29:42.889+0900] {processor.py:178} INFO - Processing /home/steve/.local/lib/python3.8/site-packages/airflow/example_dags/example_xcom.py took 0.127 seconds
[2022-11-08T20:30:21.576+0900] {processor.py:156} INFO - Started process (PID=10451) to work on /home/steve/.local/lib/python3.8/site-packages/airflow/example_dags/example_xcom.py
[2022-11-08T20:30:21.580+0900] {processor.py:758} INFO - Processing file /home/steve/.local/lib/python3.8/site-packages/airflow/example_dags/example_xcom.py for tasks to queue
[2022-11-08T20:30:21.581+0900] {logging_mixin.py:117} INFO - [2022-11-08T20:30:21.580+0900] {dagbag.py:525} INFO - Filling up the DagBag from /home/steve/.local/lib/python3.8/site-packages/airflow/example_dags/example_xcom.py
[2022-11-08T20:30:21.595+0900] {processor.py:768} INFO - DAG(s) dict_keys(['example_xcom']) retrieved from /home/steve/.local/lib/python3.8/site-packages/airflow/example_dags/example_xcom.py
[2022-11-08T20:30:21.612+0900] {logging_mixin.py:117} INFO - [2022-11-08T20:30:21.612+0900] {dag.py:2573} INFO - Sync 1 DAGs
[2022-11-08T20:30:21.703+0900] {logging_mixin.py:117} INFO - [2022-11-08T20:30:21.703+0900] {dag.py:3324} INFO - Setting next_dagrun for example_xcom to 2021-01-01T00:00:00+00:00, run_after=2021-01-01T00:00:00+00:00
[2022-11-08T20:30:21.721+0900] {processor.py:178} INFO - Processing /home/steve/.local/lib/python3.8/site-packages/airflow/example_dags/example_xcom.py took 0.147 seconds
[2022-11-08T20:30:52.909+0900] {processor.py:156} INFO - Started process (PID=10633) to work on /home/steve/.local/lib/python3.8/site-packages/airflow/example_dags/example_xcom.py
[2022-11-08T20:30:52.911+0900] {processor.py:758} INFO - Processing file /home/steve/.local/lib/python3.8/site-packages/airflow/example_dags/example_xcom.py for tasks to queue
[2022-11-08T20:30:52.911+0900] {logging_mixin.py:117} INFO - [2022-11-08T20:30:52.911+0900] {dagbag.py:525} INFO - Filling up the DagBag from /home/steve/.local/lib/python3.8/site-packages/airflow/example_dags/example_xcom.py
[2022-11-08T20:30:52.927+0900] {processor.py:768} INFO - DAG(s) dict_keys(['example_xcom']) retrieved from /home/steve/.local/lib/python3.8/site-packages/airflow/example_dags/example_xcom.py
[2022-11-08T20:30:52.946+0900] {logging_mixin.py:117} INFO - [2022-11-08T20:30:52.946+0900] {dag.py:2573} INFO - Sync 1 DAGs
[2022-11-08T20:30:53.038+0900] {logging_mixin.py:117} INFO - [2022-11-08T20:30:53.038+0900] {dag.py:3324} INFO - Setting next_dagrun for example_xcom to 2021-01-01T00:00:00+00:00, run_after=2021-01-01T00:00:00+00:00
[2022-11-08T20:30:53.054+0900] {processor.py:178} INFO - Processing /home/steve/.local/lib/python3.8/site-packages/airflow/example_dags/example_xcom.py took 0.147 seconds
[2022-11-08T20:31:26.067+0900] {processor.py:156} INFO - Started process (PID=10717) to work on /home/steve/.local/lib/python3.8/site-packages/airflow/example_dags/example_xcom.py
[2022-11-08T20:31:26.069+0900] {processor.py:758} INFO - Processing file /home/steve/.local/lib/python3.8/site-packages/airflow/example_dags/example_xcom.py for tasks to queue
[2022-11-08T20:31:26.069+0900] {logging_mixin.py:117} INFO - [2022-11-08T20:31:26.069+0900] {dagbag.py:525} INFO - Filling up the DagBag from /home/steve/.local/lib/python3.8/site-packages/airflow/example_dags/example_xcom.py
[2022-11-08T20:31:26.082+0900] {processor.py:768} INFO - DAG(s) dict_keys(['example_xcom']) retrieved from /home/steve/.local/lib/python3.8/site-packages/airflow/example_dags/example_xcom.py
[2022-11-08T20:31:26.172+0900] {logging_mixin.py:117} INFO - [2022-11-08T20:31:26.172+0900] {dag.py:2573} INFO - Sync 1 DAGs
[2022-11-08T20:31:26.182+0900] {logging_mixin.py:117} INFO - [2022-11-08T20:31:26.182+0900] {dag.py:3324} INFO - Setting next_dagrun for example_xcom to 2021-01-01T00:00:00+00:00, run_after=2021-01-01T00:00:00+00:00
[2022-11-08T20:31:26.197+0900] {processor.py:178} INFO - Processing /home/steve/.local/lib/python3.8/site-packages/airflow/example_dags/example_xcom.py took 0.132 seconds
[2022-11-08T20:31:57.875+0900] {processor.py:156} INFO - Started process (PID=10776) to work on /home/steve/.local/lib/python3.8/site-packages/airflow/example_dags/example_xcom.py
[2022-11-08T20:31:57.877+0900] {processor.py:758} INFO - Processing file /home/steve/.local/lib/python3.8/site-packages/airflow/example_dags/example_xcom.py for tasks to queue
[2022-11-08T20:31:57.877+0900] {logging_mixin.py:117} INFO - [2022-11-08T20:31:57.877+0900] {dagbag.py:525} INFO - Filling up the DagBag from /home/steve/.local/lib/python3.8/site-packages/airflow/example_dags/example_xcom.py
[2022-11-08T20:31:57.890+0900] {processor.py:768} INFO - DAG(s) dict_keys(['example_xcom']) retrieved from /home/steve/.local/lib/python3.8/site-packages/airflow/example_dags/example_xcom.py
[2022-11-08T20:31:57.985+0900] {logging_mixin.py:117} INFO - [2022-11-08T20:31:57.984+0900] {dag.py:2573} INFO - Sync 1 DAGs
[2022-11-08T20:31:57.995+0900] {logging_mixin.py:117} INFO - [2022-11-08T20:31:57.995+0900] {dag.py:3324} INFO - Setting next_dagrun for example_xcom to 2021-01-01T00:00:00+00:00, run_after=2021-01-01T00:00:00+00:00
[2022-11-08T20:31:58.013+0900] {processor.py:178} INFO - Processing /home/steve/.local/lib/python3.8/site-packages/airflow/example_dags/example_xcom.py took 0.140 seconds
[2022-11-08T20:32:36.264+0900] {processor.py:156} INFO - Started process (PID=10932) to work on /home/steve/.local/lib/python3.8/site-packages/airflow/example_dags/example_xcom.py
[2022-11-08T20:32:36.265+0900] {processor.py:758} INFO - Processing file /home/steve/.local/lib/python3.8/site-packages/airflow/example_dags/example_xcom.py for tasks to queue
[2022-11-08T20:32:36.265+0900] {logging_mixin.py:117} INFO - [2022-11-08T20:32:36.265+0900] {dagbag.py:525} INFO - Filling up the DagBag from /home/steve/.local/lib/python3.8/site-packages/airflow/example_dags/example_xcom.py
[2022-11-08T20:32:36.350+0900] {processor.py:768} INFO - DAG(s) dict_keys(['example_xcom']) retrieved from /home/steve/.local/lib/python3.8/site-packages/airflow/example_dags/example_xcom.py
[2022-11-08T20:32:36.367+0900] {logging_mixin.py:117} INFO - [2022-11-08T20:32:36.366+0900] {dag.py:2573} INFO - Sync 1 DAGs
[2022-11-08T20:32:36.375+0900] {logging_mixin.py:117} INFO - [2022-11-08T20:32:36.375+0900] {dag.py:3324} INFO - Setting next_dagrun for example_xcom to 2021-01-01T00:00:00+00:00, run_after=2021-01-01T00:00:00+00:00
[2022-11-08T20:32:36.396+0900] {processor.py:178} INFO - Processing /home/steve/.local/lib/python3.8/site-packages/airflow/example_dags/example_xcom.py took 0.133 seconds
[2022-11-08T20:33:13.003+0900] {processor.py:156} INFO - Started process (PID=11001) to work on /home/steve/.local/lib/python3.8/site-packages/airflow/example_dags/example_xcom.py
[2022-11-08T20:33:13.005+0900] {processor.py:758} INFO - Processing file /home/steve/.local/lib/python3.8/site-packages/airflow/example_dags/example_xcom.py for tasks to queue
[2022-11-08T20:33:13.005+0900] {logging_mixin.py:117} INFO - [2022-11-08T20:33:13.005+0900] {dagbag.py:525} INFO - Filling up the DagBag from /home/steve/.local/lib/python3.8/site-packages/airflow/example_dags/example_xcom.py
[2022-11-08T20:33:13.085+0900] {processor.py:768} INFO - DAG(s) dict_keys(['example_xcom']) retrieved from /home/steve/.local/lib/python3.8/site-packages/airflow/example_dags/example_xcom.py
[2022-11-08T20:33:13.097+0900] {logging_mixin.py:117} INFO - [2022-11-08T20:33:13.097+0900] {dag.py:2573} INFO - Sync 1 DAGs
[2022-11-08T20:33:13.106+0900] {logging_mixin.py:117} INFO - [2022-11-08T20:33:13.106+0900] {dag.py:3324} INFO - Setting next_dagrun for example_xcom to 2021-01-01T00:00:00+00:00, run_after=2021-01-01T00:00:00+00:00
[2022-11-08T20:33:13.122+0900] {processor.py:178} INFO - Processing /home/steve/.local/lib/python3.8/site-packages/airflow/example_dags/example_xcom.py took 0.120 seconds
[2022-11-08T20:33:47.581+0900] {processor.py:156} INFO - Started process (PID=11032) to work on /home/steve/.local/lib/python3.8/site-packages/airflow/example_dags/example_xcom.py
[2022-11-08T20:33:47.583+0900] {processor.py:758} INFO - Processing file /home/steve/.local/lib/python3.8/site-packages/airflow/example_dags/example_xcom.py for tasks to queue
[2022-11-08T20:33:47.584+0900] {logging_mixin.py:117} INFO - [2022-11-08T20:33:47.584+0900] {dagbag.py:525} INFO - Filling up the DagBag from /home/steve/.local/lib/python3.8/site-packages/airflow/example_dags/example_xcom.py
[2022-11-08T20:33:47.671+0900] {processor.py:768} INFO - DAG(s) dict_keys(['example_xcom']) retrieved from /home/steve/.local/lib/python3.8/site-packages/airflow/example_dags/example_xcom.py
[2022-11-08T20:33:47.685+0900] {logging_mixin.py:117} INFO - [2022-11-08T20:33:47.685+0900] {dag.py:2573} INFO - Sync 1 DAGs
[2022-11-08T20:33:47.696+0900] {logging_mixin.py:117} INFO - [2022-11-08T20:33:47.696+0900] {dag.py:3324} INFO - Setting next_dagrun for example_xcom to 2021-01-01T00:00:00+00:00, run_after=2021-01-01T00:00:00+00:00
[2022-11-08T20:33:47.713+0900] {processor.py:178} INFO - Processing /home/steve/.local/lib/python3.8/site-packages/airflow/example_dags/example_xcom.py took 0.133 seconds
[2022-11-08T20:34:21.398+0900] {processor.py:156} INFO - Started process (PID=11067) to work on /home/steve/.local/lib/python3.8/site-packages/airflow/example_dags/example_xcom.py
[2022-11-08T20:34:21.400+0900] {processor.py:758} INFO - Processing file /home/steve/.local/lib/python3.8/site-packages/airflow/example_dags/example_xcom.py for tasks to queue
[2022-11-08T20:34:21.400+0900] {logging_mixin.py:117} INFO - [2022-11-08T20:34:21.400+0900] {dagbag.py:525} INFO - Filling up the DagBag from /home/steve/.local/lib/python3.8/site-packages/airflow/example_dags/example_xcom.py
[2022-11-08T20:34:21.413+0900] {processor.py:768} INFO - DAG(s) dict_keys(['example_xcom']) retrieved from /home/steve/.local/lib/python3.8/site-packages/airflow/example_dags/example_xcom.py
[2022-11-08T20:34:21.429+0900] {logging_mixin.py:117} INFO - [2022-11-08T20:34:21.429+0900] {dag.py:2573} INFO - Sync 1 DAGs
[2022-11-08T20:34:21.439+0900] {logging_mixin.py:117} INFO - [2022-11-08T20:34:21.439+0900] {dag.py:3324} INFO - Setting next_dagrun for example_xcom to 2021-01-01T00:00:00+00:00, run_after=2021-01-01T00:00:00+00:00
[2022-11-08T20:34:21.454+0900] {processor.py:178} INFO - Processing /home/steve/.local/lib/python3.8/site-packages/airflow/example_dags/example_xcom.py took 0.058 seconds
[2022-11-08T20:34:55.663+0900] {processor.py:156} INFO - Started process (PID=11102) to work on /home/steve/.local/lib/python3.8/site-packages/airflow/example_dags/example_xcom.py
[2022-11-08T20:34:55.664+0900] {processor.py:758} INFO - Processing file /home/steve/.local/lib/python3.8/site-packages/airflow/example_dags/example_xcom.py for tasks to queue
[2022-11-08T20:34:55.665+0900] {logging_mixin.py:117} INFO - [2022-11-08T20:34:55.665+0900] {dagbag.py:525} INFO - Filling up the DagBag from /home/steve/.local/lib/python3.8/site-packages/airflow/example_dags/example_xcom.py
[2022-11-08T20:34:55.677+0900] {processor.py:768} INFO - DAG(s) dict_keys(['example_xcom']) retrieved from /home/steve/.local/lib/python3.8/site-packages/airflow/example_dags/example_xcom.py
[2022-11-08T20:34:55.692+0900] {logging_mixin.py:117} INFO - [2022-11-08T20:34:55.692+0900] {dag.py:2573} INFO - Sync 1 DAGs
[2022-11-08T20:34:55.702+0900] {logging_mixin.py:117} INFO - [2022-11-08T20:34:55.702+0900] {dag.py:3324} INFO - Setting next_dagrun for example_xcom to 2021-01-01T00:00:00+00:00, run_after=2021-01-01T00:00:00+00:00
[2022-11-08T20:34:55.719+0900] {processor.py:178} INFO - Processing /home/steve/.local/lib/python3.8/site-packages/airflow/example_dags/example_xcom.py took 0.057 seconds
[2022-11-08T20:35:25.916+0900] {processor.py:156} INFO - Started process (PID=11134) to work on /home/steve/.local/lib/python3.8/site-packages/airflow/example_dags/example_xcom.py
[2022-11-08T20:35:25.919+0900] {processor.py:758} INFO - Processing file /home/steve/.local/lib/python3.8/site-packages/airflow/example_dags/example_xcom.py for tasks to queue
[2022-11-08T20:35:25.919+0900] {logging_mixin.py:117} INFO - [2022-11-08T20:35:25.919+0900] {dagbag.py:525} INFO - Filling up the DagBag from /home/steve/.local/lib/python3.8/site-packages/airflow/example_dags/example_xcom.py
[2022-11-08T20:35:25.932+0900] {processor.py:768} INFO - DAG(s) dict_keys(['example_xcom']) retrieved from /home/steve/.local/lib/python3.8/site-packages/airflow/example_dags/example_xcom.py
[2022-11-08T20:35:25.949+0900] {logging_mixin.py:117} INFO - [2022-11-08T20:35:25.949+0900] {dag.py:2573} INFO - Sync 1 DAGs
[2022-11-08T20:35:25.959+0900] {logging_mixin.py:117} INFO - [2022-11-08T20:35:25.959+0900] {dag.py:3324} INFO - Setting next_dagrun for example_xcom to 2021-01-01T00:00:00+00:00, run_after=2021-01-01T00:00:00+00:00
[2022-11-08T20:35:25.974+0900] {processor.py:178} INFO - Processing /home/steve/.local/lib/python3.8/site-packages/airflow/example_dags/example_xcom.py took 0.059 seconds
[2022-11-08T20:35:59.796+0900] {processor.py:156} INFO - Started process (PID=11169) to work on /home/steve/.local/lib/python3.8/site-packages/airflow/example_dags/example_xcom.py
[2022-11-08T20:35:59.798+0900] {processor.py:758} INFO - Processing file /home/steve/.local/lib/python3.8/site-packages/airflow/example_dags/example_xcom.py for tasks to queue
[2022-11-08T20:35:59.798+0900] {logging_mixin.py:117} INFO - [2022-11-08T20:35:59.798+0900] {dagbag.py:525} INFO - Filling up the DagBag from /home/steve/.local/lib/python3.8/site-packages/airflow/example_dags/example_xcom.py
[2022-11-08T20:35:59.811+0900] {processor.py:768} INFO - DAG(s) dict_keys(['example_xcom']) retrieved from /home/steve/.local/lib/python3.8/site-packages/airflow/example_dags/example_xcom.py
[2022-11-08T20:35:59.826+0900] {logging_mixin.py:117} INFO - [2022-11-08T20:35:59.826+0900] {dag.py:2573} INFO - Sync 1 DAGs
[2022-11-08T20:35:59.835+0900] {logging_mixin.py:117} INFO - [2022-11-08T20:35:59.835+0900] {dag.py:3324} INFO - Setting next_dagrun for example_xcom to 2021-01-01T00:00:00+00:00, run_after=2021-01-01T00:00:00+00:00
[2022-11-08T20:35:59.851+0900] {processor.py:178} INFO - Processing /home/steve/.local/lib/python3.8/site-packages/airflow/example_dags/example_xcom.py took 0.057 seconds
[2022-11-08T20:36:33.656+0900] {processor.py:156} INFO - Started process (PID=11204) to work on /home/steve/.local/lib/python3.8/site-packages/airflow/example_dags/example_xcom.py
[2022-11-08T20:36:33.658+0900] {processor.py:758} INFO - Processing file /home/steve/.local/lib/python3.8/site-packages/airflow/example_dags/example_xcom.py for tasks to queue
[2022-11-08T20:36:33.658+0900] {logging_mixin.py:117} INFO - [2022-11-08T20:36:33.658+0900] {dagbag.py:525} INFO - Filling up the DagBag from /home/steve/.local/lib/python3.8/site-packages/airflow/example_dags/example_xcom.py
[2022-11-08T20:36:33.671+0900] {processor.py:768} INFO - DAG(s) dict_keys(['example_xcom']) retrieved from /home/steve/.local/lib/python3.8/site-packages/airflow/example_dags/example_xcom.py
[2022-11-08T20:36:33.688+0900] {logging_mixin.py:117} INFO - [2022-11-08T20:36:33.688+0900] {dag.py:2573} INFO - Sync 1 DAGs
[2022-11-08T20:36:33.699+0900] {logging_mixin.py:117} INFO - [2022-11-08T20:36:33.699+0900] {dag.py:3324} INFO - Setting next_dagrun for example_xcom to 2021-01-01T00:00:00+00:00, run_after=2021-01-01T00:00:00+00:00
[2022-11-08T20:36:33.716+0900] {processor.py:178} INFO - Processing /home/steve/.local/lib/python3.8/site-packages/airflow/example_dags/example_xcom.py took 0.061 seconds
[2022-11-08T20:37:03.927+0900] {processor.py:156} INFO - Started process (PID=11263) to work on /home/steve/.local/lib/python3.8/site-packages/airflow/example_dags/example_xcom.py
[2022-11-08T20:37:03.928+0900] {processor.py:758} INFO - Processing file /home/steve/.local/lib/python3.8/site-packages/airflow/example_dags/example_xcom.py for tasks to queue
[2022-11-08T20:37:03.928+0900] {logging_mixin.py:117} INFO - [2022-11-08T20:37:03.928+0900] {dagbag.py:525} INFO - Filling up the DagBag from /home/steve/.local/lib/python3.8/site-packages/airflow/example_dags/example_xcom.py
[2022-11-08T20:37:03.940+0900] {processor.py:768} INFO - DAG(s) dict_keys(['example_xcom']) retrieved from /home/steve/.local/lib/python3.8/site-packages/airflow/example_dags/example_xcom.py
[2022-11-08T20:37:03.955+0900] {logging_mixin.py:117} INFO - [2022-11-08T20:37:03.955+0900] {dag.py:2573} INFO - Sync 1 DAGs
[2022-11-08T20:37:03.965+0900] {logging_mixin.py:117} INFO - [2022-11-08T20:37:03.965+0900] {dag.py:3324} INFO - Setting next_dagrun for example_xcom to 2021-01-01T00:00:00+00:00, run_after=2021-01-01T00:00:00+00:00
[2022-11-08T20:37:03.980+0900] {processor.py:178} INFO - Processing /home/steve/.local/lib/python3.8/site-packages/airflow/example_dags/example_xcom.py took 0.055 seconds
[2022-11-08T20:37:34.203+0900] {processor.py:156} INFO - Started process (PID=11296) to work on /home/steve/.local/lib/python3.8/site-packages/airflow/example_dags/example_xcom.py
[2022-11-08T20:37:34.205+0900] {processor.py:758} INFO - Processing file /home/steve/.local/lib/python3.8/site-packages/airflow/example_dags/example_xcom.py for tasks to queue
[2022-11-08T20:37:34.205+0900] {logging_mixin.py:117} INFO - [2022-11-08T20:37:34.205+0900] {dagbag.py:525} INFO - Filling up the DagBag from /home/steve/.local/lib/python3.8/site-packages/airflow/example_dags/example_xcom.py
[2022-11-08T20:37:34.218+0900] {processor.py:768} INFO - DAG(s) dict_keys(['example_xcom']) retrieved from /home/steve/.local/lib/python3.8/site-packages/airflow/example_dags/example_xcom.py
[2022-11-08T20:37:34.236+0900] {logging_mixin.py:117} INFO - [2022-11-08T20:37:34.236+0900] {dag.py:2573} INFO - Sync 1 DAGs
[2022-11-08T20:37:34.247+0900] {logging_mixin.py:117} INFO - [2022-11-08T20:37:34.247+0900] {dag.py:3324} INFO - Setting next_dagrun for example_xcom to 2021-01-01T00:00:00+00:00, run_after=2021-01-01T00:00:00+00:00
[2022-11-08T20:37:34.262+0900] {processor.py:178} INFO - Processing /home/steve/.local/lib/python3.8/site-packages/airflow/example_dags/example_xcom.py took 0.060 seconds
[2022-11-08T20:38:05.939+0900] {processor.py:156} INFO - Started process (PID=11330) to work on /home/steve/.local/lib/python3.8/site-packages/airflow/example_dags/example_xcom.py
[2022-11-08T20:38:05.939+0900] {processor.py:758} INFO - Processing file /home/steve/.local/lib/python3.8/site-packages/airflow/example_dags/example_xcom.py for tasks to queue
[2022-11-08T20:38:05.940+0900] {logging_mixin.py:117} INFO - [2022-11-08T20:38:05.940+0900] {dagbag.py:525} INFO - Filling up the DagBag from /home/steve/.local/lib/python3.8/site-packages/airflow/example_dags/example_xcom.py
[2022-11-08T20:38:05.952+0900] {processor.py:768} INFO - DAG(s) dict_keys(['example_xcom']) retrieved from /home/steve/.local/lib/python3.8/site-packages/airflow/example_dags/example_xcom.py
[2022-11-08T20:38:05.969+0900] {logging_mixin.py:117} INFO - [2022-11-08T20:38:05.969+0900] {dag.py:2573} INFO - Sync 1 DAGs
[2022-11-08T20:38:05.979+0900] {logging_mixin.py:117} INFO - [2022-11-08T20:38:05.979+0900] {dag.py:3324} INFO - Setting next_dagrun for example_xcom to 2021-01-01T00:00:00+00:00, run_after=2021-01-01T00:00:00+00:00
[2022-11-08T20:38:05.997+0900] {processor.py:178} INFO - Processing /home/steve/.local/lib/python3.8/site-packages/airflow/example_dags/example_xcom.py took 0.059 seconds
[2022-11-08T20:38:37.483+0900] {processor.py:156} INFO - Started process (PID=11363) to work on /home/steve/.local/lib/python3.8/site-packages/airflow/example_dags/example_xcom.py
[2022-11-08T20:38:37.485+0900] {processor.py:758} INFO - Processing file /home/steve/.local/lib/python3.8/site-packages/airflow/example_dags/example_xcom.py for tasks to queue
[2022-11-08T20:38:37.485+0900] {logging_mixin.py:117} INFO - [2022-11-08T20:38:37.485+0900] {dagbag.py:525} INFO - Filling up the DagBag from /home/steve/.local/lib/python3.8/site-packages/airflow/example_dags/example_xcom.py
[2022-11-08T20:38:37.498+0900] {processor.py:768} INFO - DAG(s) dict_keys(['example_xcom']) retrieved from /home/steve/.local/lib/python3.8/site-packages/airflow/example_dags/example_xcom.py
[2022-11-08T20:38:37.513+0900] {logging_mixin.py:117} INFO - [2022-11-08T20:38:37.513+0900] {dag.py:2573} INFO - Sync 1 DAGs
[2022-11-08T20:38:37.523+0900] {logging_mixin.py:117} INFO - [2022-11-08T20:38:37.523+0900] {dag.py:3324} INFO - Setting next_dagrun for example_xcom to 2021-01-01T00:00:00+00:00, run_after=2021-01-01T00:00:00+00:00
[2022-11-08T20:38:37.541+0900] {processor.py:178} INFO - Processing /home/steve/.local/lib/python3.8/site-packages/airflow/example_dags/example_xcom.py took 0.060 seconds
[2022-11-08T20:39:09.507+0900] {processor.py:156} INFO - Started process (PID=11397) to work on /home/steve/.local/lib/python3.8/site-packages/airflow/example_dags/example_xcom.py
[2022-11-08T20:39:09.509+0900] {processor.py:758} INFO - Processing file /home/steve/.local/lib/python3.8/site-packages/airflow/example_dags/example_xcom.py for tasks to queue
[2022-11-08T20:39:09.510+0900] {logging_mixin.py:117} INFO - [2022-11-08T20:39:09.510+0900] {dagbag.py:525} INFO - Filling up the DagBag from /home/steve/.local/lib/python3.8/site-packages/airflow/example_dags/example_xcom.py
[2022-11-08T20:39:09.522+0900] {processor.py:768} INFO - DAG(s) dict_keys(['example_xcom']) retrieved from /home/steve/.local/lib/python3.8/site-packages/airflow/example_dags/example_xcom.py
[2022-11-08T20:39:09.538+0900] {logging_mixin.py:117} INFO - [2022-11-08T20:39:09.538+0900] {dag.py:2573} INFO - Sync 1 DAGs
[2022-11-08T20:39:09.548+0900] {logging_mixin.py:117} INFO - [2022-11-08T20:39:09.547+0900] {dag.py:3324} INFO - Setting next_dagrun for example_xcom to 2021-01-01T00:00:00+00:00, run_after=2021-01-01T00:00:00+00:00
[2022-11-08T20:39:09.563+0900] {processor.py:178} INFO - Processing /home/steve/.local/lib/python3.8/site-packages/airflow/example_dags/example_xcom.py took 0.057 seconds
[2022-11-08T20:39:41.459+0900] {processor.py:156} INFO - Started process (PID=11429) to work on /home/steve/.local/lib/python3.8/site-packages/airflow/example_dags/example_xcom.py
[2022-11-08T20:39:41.461+0900] {processor.py:758} INFO - Processing file /home/steve/.local/lib/python3.8/site-packages/airflow/example_dags/example_xcom.py for tasks to queue
[2022-11-08T20:39:41.462+0900] {logging_mixin.py:117} INFO - [2022-11-08T20:39:41.461+0900] {dagbag.py:525} INFO - Filling up the DagBag from /home/steve/.local/lib/python3.8/site-packages/airflow/example_dags/example_xcom.py
[2022-11-08T20:39:41.474+0900] {processor.py:768} INFO - DAG(s) dict_keys(['example_xcom']) retrieved from /home/steve/.local/lib/python3.8/site-packages/airflow/example_dags/example_xcom.py
[2022-11-08T20:39:41.490+0900] {logging_mixin.py:117} INFO - [2022-11-08T20:39:41.490+0900] {dag.py:2573} INFO - Sync 1 DAGs
[2022-11-08T20:39:41.499+0900] {logging_mixin.py:117} INFO - [2022-11-08T20:39:41.499+0900] {dag.py:3324} INFO - Setting next_dagrun for example_xcom to 2021-01-01T00:00:00+00:00, run_after=2021-01-01T00:00:00+00:00
[2022-11-08T20:39:41.516+0900] {processor.py:178} INFO - Processing /home/steve/.local/lib/python3.8/site-packages/airflow/example_dags/example_xcom.py took 0.059 seconds
[2022-11-08T20:40:16.275+0900] {processor.py:156} INFO - Started process (PID=11464) to work on /home/steve/.local/lib/python3.8/site-packages/airflow/example_dags/example_xcom.py
[2022-11-08T20:40:16.277+0900] {processor.py:758} INFO - Processing file /home/steve/.local/lib/python3.8/site-packages/airflow/example_dags/example_xcom.py for tasks to queue
[2022-11-08T20:40:16.278+0900] {logging_mixin.py:117} INFO - [2022-11-08T20:40:16.277+0900] {dagbag.py:525} INFO - Filling up the DagBag from /home/steve/.local/lib/python3.8/site-packages/airflow/example_dags/example_xcom.py
[2022-11-08T20:40:16.290+0900] {processor.py:768} INFO - DAG(s) dict_keys(['example_xcom']) retrieved from /home/steve/.local/lib/python3.8/site-packages/airflow/example_dags/example_xcom.py
[2022-11-08T20:40:16.305+0900] {logging_mixin.py:117} INFO - [2022-11-08T20:40:16.305+0900] {dag.py:2573} INFO - Sync 1 DAGs
[2022-11-08T20:40:16.314+0900] {logging_mixin.py:117} INFO - [2022-11-08T20:40:16.314+0900] {dag.py:3324} INFO - Setting next_dagrun for example_xcom to 2021-01-01T00:00:00+00:00, run_after=2021-01-01T00:00:00+00:00
[2022-11-08T20:40:16.330+0900] {processor.py:178} INFO - Processing /home/steve/.local/lib/python3.8/site-packages/airflow/example_dags/example_xcom.py took 0.057 seconds
[2022-11-08T20:40:48.217+0900] {processor.py:156} INFO - Started process (PID=11498) to work on /home/steve/.local/lib/python3.8/site-packages/airflow/example_dags/example_xcom.py
[2022-11-08T20:40:48.217+0900] {processor.py:758} INFO - Processing file /home/steve/.local/lib/python3.8/site-packages/airflow/example_dags/example_xcom.py for tasks to queue
[2022-11-08T20:40:48.217+0900] {logging_mixin.py:117} INFO - [2022-11-08T20:40:48.217+0900] {dagbag.py:525} INFO - Filling up the DagBag from /home/steve/.local/lib/python3.8/site-packages/airflow/example_dags/example_xcom.py
[2022-11-08T20:40:48.230+0900] {processor.py:768} INFO - DAG(s) dict_keys(['example_xcom']) retrieved from /home/steve/.local/lib/python3.8/site-packages/airflow/example_dags/example_xcom.py
[2022-11-08T20:40:48.245+0900] {logging_mixin.py:117} INFO - [2022-11-08T20:40:48.245+0900] {dag.py:2573} INFO - Sync 1 DAGs
[2022-11-08T20:40:48.255+0900] {logging_mixin.py:117} INFO - [2022-11-08T20:40:48.255+0900] {dag.py:3324} INFO - Setting next_dagrun for example_xcom to 2021-01-01T00:00:00+00:00, run_after=2021-01-01T00:00:00+00:00
[2022-11-08T20:40:48.271+0900] {processor.py:178} INFO - Processing /home/steve/.local/lib/python3.8/site-packages/airflow/example_dags/example_xcom.py took 0.056 seconds
[2022-11-08T20:41:20.158+0900] {processor.py:156} INFO - Started process (PID=11531) to work on /home/steve/.local/lib/python3.8/site-packages/airflow/example_dags/example_xcom.py
[2022-11-08T20:41:20.159+0900] {processor.py:758} INFO - Processing file /home/steve/.local/lib/python3.8/site-packages/airflow/example_dags/example_xcom.py for tasks to queue
[2022-11-08T20:41:20.160+0900] {logging_mixin.py:117} INFO - [2022-11-08T20:41:20.160+0900] {dagbag.py:525} INFO - Filling up the DagBag from /home/steve/.local/lib/python3.8/site-packages/airflow/example_dags/example_xcom.py
[2022-11-08T20:41:20.172+0900] {processor.py:768} INFO - DAG(s) dict_keys(['example_xcom']) retrieved from /home/steve/.local/lib/python3.8/site-packages/airflow/example_dags/example_xcom.py
[2022-11-08T20:41:20.188+0900] {logging_mixin.py:117} INFO - [2022-11-08T20:41:20.187+0900] {dag.py:2573} INFO - Sync 1 DAGs
[2022-11-08T20:41:20.198+0900] {logging_mixin.py:117} INFO - [2022-11-08T20:41:20.198+0900] {dag.py:3324} INFO - Setting next_dagrun for example_xcom to 2021-01-01T00:00:00+00:00, run_after=2021-01-01T00:00:00+00:00
[2022-11-08T20:41:20.213+0900] {processor.py:178} INFO - Processing /home/steve/.local/lib/python3.8/site-packages/airflow/example_dags/example_xcom.py took 0.056 seconds
[2022-11-08T20:41:54.255+0900] {processor.py:156} INFO - Started process (PID=11596) to work on /home/steve/.local/lib/python3.8/site-packages/airflow/example_dags/example_xcom.py
[2022-11-08T20:41:54.256+0900] {processor.py:758} INFO - Processing file /home/steve/.local/lib/python3.8/site-packages/airflow/example_dags/example_xcom.py for tasks to queue
[2022-11-08T20:41:54.256+0900] {logging_mixin.py:117} INFO - [2022-11-08T20:41:54.256+0900] {dagbag.py:525} INFO - Filling up the DagBag from /home/steve/.local/lib/python3.8/site-packages/airflow/example_dags/example_xcom.py
[2022-11-08T20:41:54.268+0900] {processor.py:768} INFO - DAG(s) dict_keys(['example_xcom']) retrieved from /home/steve/.local/lib/python3.8/site-packages/airflow/example_dags/example_xcom.py
[2022-11-08T20:41:54.284+0900] {logging_mixin.py:117} INFO - [2022-11-08T20:41:54.284+0900] {dag.py:2573} INFO - Sync 1 DAGs
[2022-11-08T20:41:54.293+0900] {logging_mixin.py:117} INFO - [2022-11-08T20:41:54.293+0900] {dag.py:3324} INFO - Setting next_dagrun for example_xcom to 2021-01-01T00:00:00+00:00, run_after=2021-01-01T00:00:00+00:00
[2022-11-08T20:41:54.308+0900] {processor.py:178} INFO - Processing /home/steve/.local/lib/python3.8/site-packages/airflow/example_dags/example_xcom.py took 0.054 seconds
[2022-11-08T20:42:24.708+0900] {processor.py:156} INFO - Started process (PID=11627) to work on /home/steve/.local/lib/python3.8/site-packages/airflow/example_dags/example_xcom.py
[2022-11-08T20:42:24.708+0900] {processor.py:758} INFO - Processing file /home/steve/.local/lib/python3.8/site-packages/airflow/example_dags/example_xcom.py for tasks to queue
[2022-11-08T20:42:24.709+0900] {logging_mixin.py:117} INFO - [2022-11-08T20:42:24.709+0900] {dagbag.py:525} INFO - Filling up the DagBag from /home/steve/.local/lib/python3.8/site-packages/airflow/example_dags/example_xcom.py
[2022-11-08T20:42:24.720+0900] {processor.py:768} INFO - DAG(s) dict_keys(['example_xcom']) retrieved from /home/steve/.local/lib/python3.8/site-packages/airflow/example_dags/example_xcom.py
[2022-11-08T20:42:24.736+0900] {logging_mixin.py:117} INFO - [2022-11-08T20:42:24.736+0900] {dag.py:2573} INFO - Sync 1 DAGs
[2022-11-08T20:42:24.745+0900] {logging_mixin.py:117} INFO - [2022-11-08T20:42:24.745+0900] {dag.py:3324} INFO - Setting next_dagrun for example_xcom to 2021-01-01T00:00:00+00:00, run_after=2021-01-01T00:00:00+00:00
[2022-11-08T20:42:24.760+0900] {processor.py:178} INFO - Processing /home/steve/.local/lib/python3.8/site-packages/airflow/example_dags/example_xcom.py took 0.055 seconds
[2022-11-08T20:42:57.544+0900] {processor.py:156} INFO - Started process (PID=11661) to work on /home/steve/.local/lib/python3.8/site-packages/airflow/example_dags/example_xcom.py
[2022-11-08T20:42:57.545+0900] {processor.py:758} INFO - Processing file /home/steve/.local/lib/python3.8/site-packages/airflow/example_dags/example_xcom.py for tasks to queue
[2022-11-08T20:42:57.546+0900] {logging_mixin.py:117} INFO - [2022-11-08T20:42:57.546+0900] {dagbag.py:525} INFO - Filling up the DagBag from /home/steve/.local/lib/python3.8/site-packages/airflow/example_dags/example_xcom.py
[2022-11-08T20:42:57.559+0900] {processor.py:768} INFO - DAG(s) dict_keys(['example_xcom']) retrieved from /home/steve/.local/lib/python3.8/site-packages/airflow/example_dags/example_xcom.py
[2022-11-08T20:42:57.577+0900] {logging_mixin.py:117} INFO - [2022-11-08T20:42:57.577+0900] {dag.py:2573} INFO - Sync 1 DAGs
[2022-11-08T20:42:57.589+0900] {logging_mixin.py:117} INFO - [2022-11-08T20:42:57.589+0900] {dag.py:3324} INFO - Setting next_dagrun for example_xcom to 2021-01-01T00:00:00+00:00, run_after=2021-01-01T00:00:00+00:00
[2022-11-08T20:42:57.605+0900] {processor.py:178} INFO - Processing /home/steve/.local/lib/python3.8/site-packages/airflow/example_dags/example_xcom.py took 0.063 seconds
[2022-11-08T20:43:32.413+0900] {processor.py:156} INFO - Started process (PID=11696) to work on /home/steve/.local/lib/python3.8/site-packages/airflow/example_dags/example_xcom.py
[2022-11-08T20:43:32.414+0900] {processor.py:758} INFO - Processing file /home/steve/.local/lib/python3.8/site-packages/airflow/example_dags/example_xcom.py for tasks to queue
[2022-11-08T20:43:32.414+0900] {logging_mixin.py:117} INFO - [2022-11-08T20:43:32.414+0900] {dagbag.py:525} INFO - Filling up the DagBag from /home/steve/.local/lib/python3.8/site-packages/airflow/example_dags/example_xcom.py
[2022-11-08T20:43:32.428+0900] {processor.py:768} INFO - DAG(s) dict_keys(['example_xcom']) retrieved from /home/steve/.local/lib/python3.8/site-packages/airflow/example_dags/example_xcom.py
[2022-11-08T20:43:32.446+0900] {logging_mixin.py:117} INFO - [2022-11-08T20:43:32.446+0900] {dag.py:2573} INFO - Sync 1 DAGs
[2022-11-08T20:43:32.456+0900] {logging_mixin.py:117} INFO - [2022-11-08T20:43:32.456+0900] {dag.py:3324} INFO - Setting next_dagrun for example_xcom to 2021-01-01T00:00:00+00:00, run_after=2021-01-01T00:00:00+00:00
[2022-11-08T20:43:32.476+0900] {processor.py:178} INFO - Processing /home/steve/.local/lib/python3.8/site-packages/airflow/example_dags/example_xcom.py took 0.064 seconds
[2022-11-08T20:44:03.220+0900] {processor.py:156} INFO - Started process (PID=11730) to work on /home/steve/.local/lib/python3.8/site-packages/airflow/example_dags/example_xcom.py
[2022-11-08T20:44:03.222+0900] {processor.py:758} INFO - Processing file /home/steve/.local/lib/python3.8/site-packages/airflow/example_dags/example_xcom.py for tasks to queue
[2022-11-08T20:44:03.222+0900] {logging_mixin.py:117} INFO - [2022-11-08T20:44:03.222+0900] {dagbag.py:525} INFO - Filling up the DagBag from /home/steve/.local/lib/python3.8/site-packages/airflow/example_dags/example_xcom.py
[2022-11-08T20:44:03.238+0900] {processor.py:768} INFO - DAG(s) dict_keys(['example_xcom']) retrieved from /home/steve/.local/lib/python3.8/site-packages/airflow/example_dags/example_xcom.py
[2022-11-08T20:44:03.257+0900] {logging_mixin.py:117} INFO - [2022-11-08T20:44:03.257+0900] {dag.py:2573} INFO - Sync 1 DAGs
[2022-11-08T20:44:03.269+0900] {logging_mixin.py:117} INFO - [2022-11-08T20:44:03.269+0900] {dag.py:3324} INFO - Setting next_dagrun for example_xcom to 2021-01-01T00:00:00+00:00, run_after=2021-01-01T00:00:00+00:00
[2022-11-08T20:44:03.286+0900] {processor.py:178} INFO - Processing /home/steve/.local/lib/python3.8/site-packages/airflow/example_dags/example_xcom.py took 0.068 seconds
[2022-11-08T20:44:36.583+0900] {processor.py:156} INFO - Started process (PID=11765) to work on /home/steve/.local/lib/python3.8/site-packages/airflow/example_dags/example_xcom.py
[2022-11-08T20:44:36.583+0900] {processor.py:758} INFO - Processing file /home/steve/.local/lib/python3.8/site-packages/airflow/example_dags/example_xcom.py for tasks to queue
[2022-11-08T20:44:36.584+0900] {logging_mixin.py:117} INFO - [2022-11-08T20:44:36.584+0900] {dagbag.py:525} INFO - Filling up the DagBag from /home/steve/.local/lib/python3.8/site-packages/airflow/example_dags/example_xcom.py
[2022-11-08T20:44:36.598+0900] {processor.py:768} INFO - DAG(s) dict_keys(['example_xcom']) retrieved from /home/steve/.local/lib/python3.8/site-packages/airflow/example_dags/example_xcom.py
[2022-11-08T20:44:36.617+0900] {logging_mixin.py:117} INFO - [2022-11-08T20:44:36.617+0900] {dag.py:2573} INFO - Sync 1 DAGs
[2022-11-08T20:44:36.629+0900] {logging_mixin.py:117} INFO - [2022-11-08T20:44:36.629+0900] {dag.py:3324} INFO - Setting next_dagrun for example_xcom to 2021-01-01T00:00:00+00:00, run_after=2021-01-01T00:00:00+00:00
[2022-11-08T20:44:36.647+0900] {processor.py:178} INFO - Processing /home/steve/.local/lib/python3.8/site-packages/airflow/example_dags/example_xcom.py took 0.066 seconds
[2022-11-08T20:45:07.862+0900] {processor.py:156} INFO - Started process (PID=11797) to work on /home/steve/.local/lib/python3.8/site-packages/airflow/example_dags/example_xcom.py
[2022-11-08T20:45:07.865+0900] {processor.py:758} INFO - Processing file /home/steve/.local/lib/python3.8/site-packages/airflow/example_dags/example_xcom.py for tasks to queue
[2022-11-08T20:45:07.865+0900] {logging_mixin.py:117} INFO - [2022-11-08T20:45:07.865+0900] {dagbag.py:525} INFO - Filling up the DagBag from /home/steve/.local/lib/python3.8/site-packages/airflow/example_dags/example_xcom.py
[2022-11-08T20:45:07.880+0900] {processor.py:768} INFO - DAG(s) dict_keys(['example_xcom']) retrieved from /home/steve/.local/lib/python3.8/site-packages/airflow/example_dags/example_xcom.py
[2022-11-08T20:45:07.900+0900] {logging_mixin.py:117} INFO - [2022-11-08T20:45:07.900+0900] {dag.py:2573} INFO - Sync 1 DAGs
[2022-11-08T20:45:07.912+0900] {logging_mixin.py:117} INFO - [2022-11-08T20:45:07.911+0900] {dag.py:3324} INFO - Setting next_dagrun for example_xcom to 2021-01-01T00:00:00+00:00, run_after=2021-01-01T00:00:00+00:00
[2022-11-08T20:45:07.928+0900] {processor.py:178} INFO - Processing /home/steve/.local/lib/python3.8/site-packages/airflow/example_dags/example_xcom.py took 0.067 seconds
[2022-11-08T20:45:38.667+0900] {processor.py:156} INFO - Started process (PID=11829) to work on /home/steve/.local/lib/python3.8/site-packages/airflow/example_dags/example_xcom.py
[2022-11-08T20:45:38.668+0900] {processor.py:758} INFO - Processing file /home/steve/.local/lib/python3.8/site-packages/airflow/example_dags/example_xcom.py for tasks to queue
[2022-11-08T20:45:38.668+0900] {logging_mixin.py:117} INFO - [2022-11-08T20:45:38.668+0900] {dagbag.py:525} INFO - Filling up the DagBag from /home/steve/.local/lib/python3.8/site-packages/airflow/example_dags/example_xcom.py
[2022-11-08T20:45:38.681+0900] {processor.py:768} INFO - DAG(s) dict_keys(['example_xcom']) retrieved from /home/steve/.local/lib/python3.8/site-packages/airflow/example_dags/example_xcom.py
[2022-11-08T20:45:38.699+0900] {logging_mixin.py:117} INFO - [2022-11-08T20:45:38.699+0900] {dag.py:2573} INFO - Sync 1 DAGs
[2022-11-08T20:45:38.709+0900] {logging_mixin.py:117} INFO - [2022-11-08T20:45:38.709+0900] {dag.py:3324} INFO - Setting next_dagrun for example_xcom to 2021-01-01T00:00:00+00:00, run_after=2021-01-01T00:00:00+00:00
[2022-11-08T20:45:38.734+0900] {processor.py:178} INFO - Processing /home/steve/.local/lib/python3.8/site-packages/airflow/example_dags/example_xcom.py took 0.068 seconds
[2022-11-08T20:46:08.854+0900] {processor.py:156} INFO - Started process (PID=11859) to work on /home/steve/.local/lib/python3.8/site-packages/airflow/example_dags/example_xcom.py
[2022-11-08T20:46:08.855+0900] {processor.py:758} INFO - Processing file /home/steve/.local/lib/python3.8/site-packages/airflow/example_dags/example_xcom.py for tasks to queue
[2022-11-08T20:46:08.856+0900] {logging_mixin.py:117} INFO - [2022-11-08T20:46:08.856+0900] {dagbag.py:525} INFO - Filling up the DagBag from /home/steve/.local/lib/python3.8/site-packages/airflow/example_dags/example_xcom.py
[2022-11-08T20:46:08.869+0900] {processor.py:768} INFO - DAG(s) dict_keys(['example_xcom']) retrieved from /home/steve/.local/lib/python3.8/site-packages/airflow/example_dags/example_xcom.py
[2022-11-08T20:46:08.886+0900] {logging_mixin.py:117} INFO - [2022-11-08T20:46:08.886+0900] {dag.py:2573} INFO - Sync 1 DAGs
[2022-11-08T20:46:08.896+0900] {logging_mixin.py:117} INFO - [2022-11-08T20:46:08.896+0900] {dag.py:3324} INFO - Setting next_dagrun for example_xcom to 2021-01-01T00:00:00+00:00, run_after=2021-01-01T00:00:00+00:00
[2022-11-08T20:46:08.911+0900] {processor.py:178} INFO - Processing /home/steve/.local/lib/python3.8/site-packages/airflow/example_dags/example_xcom.py took 0.058 seconds
[2022-11-08T20:46:43.784+0900] {processor.py:156} INFO - Started process (PID=11893) to work on /home/steve/.local/lib/python3.8/site-packages/airflow/example_dags/example_xcom.py
[2022-11-08T20:46:43.785+0900] {processor.py:758} INFO - Processing file /home/steve/.local/lib/python3.8/site-packages/airflow/example_dags/example_xcom.py for tasks to queue
[2022-11-08T20:46:43.786+0900] {logging_mixin.py:117} INFO - [2022-11-08T20:46:43.786+0900] {dagbag.py:525} INFO - Filling up the DagBag from /home/steve/.local/lib/python3.8/site-packages/airflow/example_dags/example_xcom.py
[2022-11-08T20:46:43.800+0900] {processor.py:768} INFO - DAG(s) dict_keys(['example_xcom']) retrieved from /home/steve/.local/lib/python3.8/site-packages/airflow/example_dags/example_xcom.py
[2022-11-08T20:46:43.817+0900] {logging_mixin.py:117} INFO - [2022-11-08T20:46:43.817+0900] {dag.py:2573} INFO - Sync 1 DAGs
[2022-11-08T20:46:43.830+0900] {logging_mixin.py:117} INFO - [2022-11-08T20:46:43.830+0900] {dag.py:3324} INFO - Setting next_dagrun for example_xcom to 2021-01-01T00:00:00+00:00, run_after=2021-01-01T00:00:00+00:00
[2022-11-08T20:46:43.849+0900] {processor.py:178} INFO - Processing /home/steve/.local/lib/python3.8/site-packages/airflow/example_dags/example_xcom.py took 0.067 seconds
[2022-11-08T20:47:15.635+0900] {processor.py:156} INFO - Started process (PID=12040) to work on /home/steve/.local/lib/python3.8/site-packages/airflow/example_dags/example_xcom.py
[2022-11-08T20:47:15.638+0900] {processor.py:758} INFO - Processing file /home/steve/.local/lib/python3.8/site-packages/airflow/example_dags/example_xcom.py for tasks to queue
[2022-11-08T20:47:15.638+0900] {logging_mixin.py:117} INFO - [2022-11-08T20:47:15.638+0900] {dagbag.py:525} INFO - Filling up the DagBag from /home/steve/.local/lib/python3.8/site-packages/airflow/example_dags/example_xcom.py
[2022-11-08T20:47:15.652+0900] {processor.py:768} INFO - DAG(s) dict_keys(['example_xcom']) retrieved from /home/steve/.local/lib/python3.8/site-packages/airflow/example_dags/example_xcom.py
[2022-11-08T20:47:15.669+0900] {logging_mixin.py:117} INFO - [2022-11-08T20:47:15.669+0900] {dag.py:2573} INFO - Sync 1 DAGs
[2022-11-08T20:47:15.680+0900] {logging_mixin.py:117} INFO - [2022-11-08T20:47:15.680+0900] {dag.py:3324} INFO - Setting next_dagrun for example_xcom to 2021-01-01T00:00:00+00:00, run_after=2021-01-01T00:00:00+00:00
[2022-11-08T20:47:15.698+0900] {processor.py:178} INFO - Processing /home/steve/.local/lib/python3.8/site-packages/airflow/example_dags/example_xcom.py took 0.065 seconds
[2022-11-08T20:47:46.759+0900] {processor.py:156} INFO - Started process (PID=12246) to work on /home/steve/.local/lib/python3.8/site-packages/airflow/example_dags/example_xcom.py
[2022-11-08T20:47:46.761+0900] {processor.py:758} INFO - Processing file /home/steve/.local/lib/python3.8/site-packages/airflow/example_dags/example_xcom.py for tasks to queue
[2022-11-08T20:47:46.761+0900] {logging_mixin.py:117} INFO - [2022-11-08T20:47:46.761+0900] {dagbag.py:525} INFO - Filling up the DagBag from /home/steve/.local/lib/python3.8/site-packages/airflow/example_dags/example_xcom.py
[2022-11-08T20:47:46.777+0900] {processor.py:768} INFO - DAG(s) dict_keys(['example_xcom']) retrieved from /home/steve/.local/lib/python3.8/site-packages/airflow/example_dags/example_xcom.py
[2022-11-08T20:47:46.796+0900] {logging_mixin.py:117} INFO - [2022-11-08T20:47:46.796+0900] {dag.py:2573} INFO - Sync 1 DAGs
[2022-11-08T20:47:46.809+0900] {logging_mixin.py:117} INFO - [2022-11-08T20:47:46.809+0900] {dag.py:3324} INFO - Setting next_dagrun for example_xcom to 2021-01-01T00:00:00+00:00, run_after=2021-01-01T00:00:00+00:00
[2022-11-08T20:47:46.827+0900] {processor.py:178} INFO - Processing /home/steve/.local/lib/python3.8/site-packages/airflow/example_dags/example_xcom.py took 0.070 seconds
[2022-11-08T20:48:20.471+0900] {processor.py:156} INFO - Started process (PID=12281) to work on /home/steve/.local/lib/python3.8/site-packages/airflow/example_dags/example_xcom.py
[2022-11-08T20:48:20.473+0900] {processor.py:758} INFO - Processing file /home/steve/.local/lib/python3.8/site-packages/airflow/example_dags/example_xcom.py for tasks to queue
[2022-11-08T20:48:20.473+0900] {logging_mixin.py:117} INFO - [2022-11-08T20:48:20.473+0900] {dagbag.py:525} INFO - Filling up the DagBag from /home/steve/.local/lib/python3.8/site-packages/airflow/example_dags/example_xcom.py
[2022-11-08T20:48:20.487+0900] {processor.py:768} INFO - DAG(s) dict_keys(['example_xcom']) retrieved from /home/steve/.local/lib/python3.8/site-packages/airflow/example_dags/example_xcom.py
[2022-11-08T20:48:20.505+0900] {logging_mixin.py:117} INFO - [2022-11-08T20:48:20.505+0900] {dag.py:2573} INFO - Sync 1 DAGs
[2022-11-08T20:48:20.516+0900] {logging_mixin.py:117} INFO - [2022-11-08T20:48:20.516+0900] {dag.py:3324} INFO - Setting next_dagrun for example_xcom to 2021-01-01T00:00:00+00:00, run_after=2021-01-01T00:00:00+00:00
[2022-11-08T20:48:20.533+0900] {processor.py:178} INFO - Processing /home/steve/.local/lib/python3.8/site-packages/airflow/example_dags/example_xcom.py took 0.064 seconds
[2022-11-08T20:48:50.857+0900] {processor.py:156} INFO - Started process (PID=12312) to work on /home/steve/.local/lib/python3.8/site-packages/airflow/example_dags/example_xcom.py
[2022-11-08T20:48:50.859+0900] {processor.py:758} INFO - Processing file /home/steve/.local/lib/python3.8/site-packages/airflow/example_dags/example_xcom.py for tasks to queue
[2022-11-08T20:48:50.859+0900] {logging_mixin.py:117} INFO - [2022-11-08T20:48:50.859+0900] {dagbag.py:525} INFO - Filling up the DagBag from /home/steve/.local/lib/python3.8/site-packages/airflow/example_dags/example_xcom.py
[2022-11-08T20:48:50.873+0900] {processor.py:768} INFO - DAG(s) dict_keys(['example_xcom']) retrieved from /home/steve/.local/lib/python3.8/site-packages/airflow/example_dags/example_xcom.py
[2022-11-08T20:48:50.890+0900] {logging_mixin.py:117} INFO - [2022-11-08T20:48:50.890+0900] {dag.py:2573} INFO - Sync 1 DAGs
[2022-11-08T20:48:50.900+0900] {logging_mixin.py:117} INFO - [2022-11-08T20:48:50.900+0900] {dag.py:3324} INFO - Setting next_dagrun for example_xcom to 2021-01-01T00:00:00+00:00, run_after=2021-01-01T00:00:00+00:00
[2022-11-08T20:48:50.917+0900] {processor.py:178} INFO - Processing /home/steve/.local/lib/python3.8/site-packages/airflow/example_dags/example_xcom.py took 0.062 seconds
[2022-11-08T20:49:22.335+0900] {processor.py:156} INFO - Started process (PID=12345) to work on /home/steve/.local/lib/python3.8/site-packages/airflow/example_dags/example_xcom.py
[2022-11-08T20:49:22.337+0900] {processor.py:758} INFO - Processing file /home/steve/.local/lib/python3.8/site-packages/airflow/example_dags/example_xcom.py for tasks to queue
[2022-11-08T20:49:22.338+0900] {logging_mixin.py:117} INFO - [2022-11-08T20:49:22.338+0900] {dagbag.py:525} INFO - Filling up the DagBag from /home/steve/.local/lib/python3.8/site-packages/airflow/example_dags/example_xcom.py
[2022-11-08T20:49:22.351+0900] {processor.py:768} INFO - DAG(s) dict_keys(['example_xcom']) retrieved from /home/steve/.local/lib/python3.8/site-packages/airflow/example_dags/example_xcom.py
[2022-11-08T20:49:22.370+0900] {logging_mixin.py:117} INFO - [2022-11-08T20:49:22.370+0900] {dag.py:2573} INFO - Sync 1 DAGs
[2022-11-08T20:49:22.382+0900] {logging_mixin.py:117} INFO - [2022-11-08T20:49:22.382+0900] {dag.py:3324} INFO - Setting next_dagrun for example_xcom to 2021-01-01T00:00:00+00:00, run_after=2021-01-01T00:00:00+00:00
[2022-11-08T20:49:22.399+0900] {processor.py:178} INFO - Processing /home/steve/.local/lib/python3.8/site-packages/airflow/example_dags/example_xcom.py took 0.066 seconds
[2022-11-08T20:49:54.928+0900] {processor.py:156} INFO - Started process (PID=12380) to work on /home/steve/.local/lib/python3.8/site-packages/airflow/example_dags/example_xcom.py
[2022-11-08T20:49:54.929+0900] {processor.py:758} INFO - Processing file /home/steve/.local/lib/python3.8/site-packages/airflow/example_dags/example_xcom.py for tasks to queue
[2022-11-08T20:49:54.930+0900] {logging_mixin.py:117} INFO - [2022-11-08T20:49:54.930+0900] {dagbag.py:525} INFO - Filling up the DagBag from /home/steve/.local/lib/python3.8/site-packages/airflow/example_dags/example_xcom.py
[2022-11-08T20:49:54.943+0900] {processor.py:768} INFO - DAG(s) dict_keys(['example_xcom']) retrieved from /home/steve/.local/lib/python3.8/site-packages/airflow/example_dags/example_xcom.py
[2022-11-08T20:49:54.960+0900] {logging_mixin.py:117} INFO - [2022-11-08T20:49:54.960+0900] {dag.py:2573} INFO - Sync 1 DAGs
[2022-11-08T20:49:54.970+0900] {logging_mixin.py:117} INFO - [2022-11-08T20:49:54.970+0900] {dag.py:3324} INFO - Setting next_dagrun for example_xcom to 2021-01-01T00:00:00+00:00, run_after=2021-01-01T00:00:00+00:00
[2022-11-08T20:49:54.986+0900] {processor.py:178} INFO - Processing /home/steve/.local/lib/python3.8/site-packages/airflow/example_dags/example_xcom.py took 0.060 seconds
[2022-11-08T20:50:29.423+0900] {processor.py:156} INFO - Started process (PID=12501) to work on /home/steve/.local/lib/python3.8/site-packages/airflow/example_dags/example_xcom.py
[2022-11-08T20:50:29.426+0900] {processor.py:758} INFO - Processing file /home/steve/.local/lib/python3.8/site-packages/airflow/example_dags/example_xcom.py for tasks to queue
[2022-11-08T20:50:29.426+0900] {logging_mixin.py:117} INFO - [2022-11-08T20:50:29.426+0900] {dagbag.py:525} INFO - Filling up the DagBag from /home/steve/.local/lib/python3.8/site-packages/airflow/example_dags/example_xcom.py
[2022-11-08T20:50:29.439+0900] {processor.py:768} INFO - DAG(s) dict_keys(['example_xcom']) retrieved from /home/steve/.local/lib/python3.8/site-packages/airflow/example_dags/example_xcom.py
[2022-11-08T20:50:29.455+0900] {logging_mixin.py:117} INFO - [2022-11-08T20:50:29.455+0900] {dag.py:2573} INFO - Sync 1 DAGs
[2022-11-08T20:50:29.464+0900] {logging_mixin.py:117} INFO - [2022-11-08T20:50:29.464+0900] {dag.py:3324} INFO - Setting next_dagrun for example_xcom to 2021-01-01T00:00:00+00:00, run_after=2021-01-01T00:00:00+00:00
[2022-11-08T20:50:29.482+0900] {processor.py:178} INFO - Processing /home/steve/.local/lib/python3.8/site-packages/airflow/example_dags/example_xcom.py took 0.060 seconds
[2022-11-08T20:51:03.066+0900] {processor.py:156} INFO - Started process (PID=12877) to work on /home/steve/.local/lib/python3.8/site-packages/airflow/example_dags/example_xcom.py
[2022-11-08T20:51:03.068+0900] {processor.py:758} INFO - Processing file /home/steve/.local/lib/python3.8/site-packages/airflow/example_dags/example_xcom.py for tasks to queue
[2022-11-08T20:51:03.068+0900] {logging_mixin.py:117} INFO - [2022-11-08T20:51:03.068+0900] {dagbag.py:525} INFO - Filling up the DagBag from /home/steve/.local/lib/python3.8/site-packages/airflow/example_dags/example_xcom.py
[2022-11-08T20:51:03.081+0900] {processor.py:768} INFO - DAG(s) dict_keys(['example_xcom']) retrieved from /home/steve/.local/lib/python3.8/site-packages/airflow/example_dags/example_xcom.py
[2022-11-08T20:51:03.096+0900] {logging_mixin.py:117} INFO - [2022-11-08T20:51:03.096+0900] {dag.py:2573} INFO - Sync 1 DAGs
[2022-11-08T20:51:03.106+0900] {logging_mixin.py:117} INFO - [2022-11-08T20:51:03.106+0900] {dag.py:3324} INFO - Setting next_dagrun for example_xcom to 2021-01-01T00:00:00+00:00, run_after=2021-01-01T00:00:00+00:00
[2022-11-08T20:51:03.122+0900] {processor.py:178} INFO - Processing /home/steve/.local/lib/python3.8/site-packages/airflow/example_dags/example_xcom.py took 0.057 seconds
