[2022-11-08T19:45:04.034+0900] {processor.py:156} INFO - Started process (PID=7425) to work on /home/steve/.local/lib/python3.8/site-packages/airflow/example_dags/example_python_operator.py
[2022-11-08T19:45:04.035+0900] {processor.py:758} INFO - Processing file /home/steve/.local/lib/python3.8/site-packages/airflow/example_dags/example_python_operator.py for tasks to queue
[2022-11-08T19:45:04.035+0900] {logging_mixin.py:117} INFO - [2022-11-08T19:45:04.035+0900] {dagbag.py:525} INFO - Filling up the DagBag from /home/steve/.local/lib/python3.8/site-packages/airflow/example_dags/example_python_operator.py
[2022-11-08T19:45:04.127+0900] {logging_mixin.py:117} INFO - [2022-11-08T19:45:04.127+0900] {example_python_operator.py:85} WARNING - The virtalenv_python example task requires virtualenv, please install it.
[2022-11-08T19:45:04.131+0900] {processor.py:768} INFO - DAG(s) dict_keys(['example_python_operator']) retrieved from /home/steve/.local/lib/python3.8/site-packages/airflow/example_dags/example_python_operator.py
[2022-11-08T19:45:04.263+0900] {logging_mixin.py:117} INFO - [2022-11-08T19:45:04.262+0900] {manager.py:507} INFO - Created Permission View: can edit on DAG:example_python_operator
[2022-11-08T19:45:04.271+0900] {logging_mixin.py:117} INFO - [2022-11-08T19:45:04.271+0900] {manager.py:507} INFO - Created Permission View: can delete on DAG:example_python_operator
[2022-11-08T19:45:04.279+0900] {logging_mixin.py:117} INFO - [2022-11-08T19:45:04.279+0900] {manager.py:507} INFO - Created Permission View: can read on DAG:example_python_operator
[2022-11-08T19:45:04.279+0900] {logging_mixin.py:117} INFO - [2022-11-08T19:45:04.279+0900] {dag.py:2573} INFO - Sync 1 DAGs
[2022-11-08T19:45:04.284+0900] {logging_mixin.py:117} INFO - [2022-11-08T19:45:04.284+0900] {dag.py:2594} INFO - Creating ORM DAG for example_python_operator
[2022-11-08T19:45:04.288+0900] {logging_mixin.py:117} INFO - [2022-11-08T19:45:04.288+0900] {dag.py:3324} INFO - Setting next_dagrun for example_python_operator to None, run_after=None
[2022-11-08T19:45:04.303+0900] {processor.py:178} INFO - Processing /home/steve/.local/lib/python3.8/site-packages/airflow/example_dags/example_python_operator.py took 0.271 seconds
[2022-11-08T19:45:37.943+0900] {processor.py:156} INFO - Started process (PID=7669) to work on /home/steve/.local/lib/python3.8/site-packages/airflow/example_dags/example_python_operator.py
[2022-11-08T19:45:37.945+0900] {processor.py:758} INFO - Processing file /home/steve/.local/lib/python3.8/site-packages/airflow/example_dags/example_python_operator.py for tasks to queue
[2022-11-08T19:45:37.945+0900] {logging_mixin.py:117} INFO - [2022-11-08T19:45:37.945+0900] {dagbag.py:525} INFO - Filling up the DagBag from /home/steve/.local/lib/python3.8/site-packages/airflow/example_dags/example_python_operator.py
[2022-11-08T19:45:38.043+0900] {logging_mixin.py:117} INFO - [2022-11-08T19:45:38.043+0900] {example_python_operator.py:85} WARNING - The virtalenv_python example task requires virtualenv, please install it.
[2022-11-08T19:45:38.047+0900] {processor.py:768} INFO - DAG(s) dict_keys(['example_python_operator']) retrieved from /home/steve/.local/lib/python3.8/site-packages/airflow/example_dags/example_python_operator.py
[2022-11-08T19:45:38.065+0900] {logging_mixin.py:117} INFO - [2022-11-08T19:45:38.065+0900] {dag.py:2573} INFO - Sync 1 DAGs
[2022-11-08T19:45:38.075+0900] {logging_mixin.py:117} INFO - [2022-11-08T19:45:38.075+0900] {dag.py:3324} INFO - Setting next_dagrun for example_python_operator to None, run_after=None
[2022-11-08T19:45:38.092+0900] {processor.py:178} INFO - Processing /home/steve/.local/lib/python3.8/site-packages/airflow/example_dags/example_python_operator.py took 0.151 seconds
[2022-11-08T19:46:15.134+0900] {processor.py:156} INFO - Started process (PID=7803) to work on /home/steve/.local/lib/python3.8/site-packages/airflow/example_dags/example_python_operator.py
[2022-11-08T19:46:15.136+0900] {processor.py:758} INFO - Processing file /home/steve/.local/lib/python3.8/site-packages/airflow/example_dags/example_python_operator.py for tasks to queue
[2022-11-08T19:46:15.137+0900] {logging_mixin.py:117} INFO - [2022-11-08T19:46:15.137+0900] {dagbag.py:525} INFO - Filling up the DagBag from /home/steve/.local/lib/python3.8/site-packages/airflow/example_dags/example_python_operator.py
[2022-11-08T19:46:15.214+0900] {logging_mixin.py:117} INFO - [2022-11-08T19:46:15.214+0900] {example_python_operator.py:85} WARNING - The virtalenv_python example task requires virtualenv, please install it.
[2022-11-08T19:46:15.217+0900] {processor.py:768} INFO - DAG(s) dict_keys(['example_python_operator']) retrieved from /home/steve/.local/lib/python3.8/site-packages/airflow/example_dags/example_python_operator.py
[2022-11-08T19:46:15.233+0900] {logging_mixin.py:117} INFO - [2022-11-08T19:46:15.233+0900] {dag.py:2573} INFO - Sync 1 DAGs
[2022-11-08T19:46:15.243+0900] {logging_mixin.py:117} INFO - [2022-11-08T19:46:15.243+0900] {dag.py:3324} INFO - Setting next_dagrun for example_python_operator to None, run_after=None
[2022-11-08T19:46:15.259+0900] {processor.py:178} INFO - Processing /home/steve/.local/lib/python3.8/site-packages/airflow/example_dags/example_python_operator.py took 0.127 seconds
[2022-11-08T19:46:52.027+0900] {processor.py:156} INFO - Started process (PID=7840) to work on /home/steve/.local/lib/python3.8/site-packages/airflow/example_dags/example_python_operator.py
[2022-11-08T19:46:52.030+0900] {processor.py:758} INFO - Processing file /home/steve/.local/lib/python3.8/site-packages/airflow/example_dags/example_python_operator.py for tasks to queue
[2022-11-08T19:46:52.030+0900] {logging_mixin.py:117} INFO - [2022-11-08T19:46:52.030+0900] {dagbag.py:525} INFO - Filling up the DagBag from /home/steve/.local/lib/python3.8/site-packages/airflow/example_dags/example_python_operator.py
[2022-11-08T19:46:52.108+0900] {logging_mixin.py:117} INFO - [2022-11-08T19:46:52.108+0900] {example_python_operator.py:85} WARNING - The virtalenv_python example task requires virtualenv, please install it.
[2022-11-08T19:46:52.112+0900] {processor.py:768} INFO - DAG(s) dict_keys(['example_python_operator']) retrieved from /home/steve/.local/lib/python3.8/site-packages/airflow/example_dags/example_python_operator.py
[2022-11-08T19:46:52.127+0900] {logging_mixin.py:117} INFO - [2022-11-08T19:46:52.127+0900] {dag.py:2573} INFO - Sync 1 DAGs
[2022-11-08T19:46:52.136+0900] {logging_mixin.py:117} INFO - [2022-11-08T19:46:52.136+0900] {dag.py:3324} INFO - Setting next_dagrun for example_python_operator to None, run_after=None
[2022-11-08T19:46:52.218+0900] {processor.py:178} INFO - Processing /home/steve/.local/lib/python3.8/site-packages/airflow/example_dags/example_python_operator.py took 0.193 seconds
[2022-11-08T19:47:28.839+0900] {processor.py:156} INFO - Started process (PID=7918) to work on /home/steve/.local/lib/python3.8/site-packages/airflow/example_dags/example_python_operator.py
[2022-11-08T19:47:28.842+0900] {processor.py:758} INFO - Processing file /home/steve/.local/lib/python3.8/site-packages/airflow/example_dags/example_python_operator.py for tasks to queue
[2022-11-08T19:47:28.842+0900] {logging_mixin.py:117} INFO - [2022-11-08T19:47:28.842+0900] {dagbag.py:525} INFO - Filling up the DagBag from /home/steve/.local/lib/python3.8/site-packages/airflow/example_dags/example_python_operator.py
[2022-11-08T19:47:28.922+0900] {logging_mixin.py:117} INFO - [2022-11-08T19:47:28.922+0900] {example_python_operator.py:85} WARNING - The virtalenv_python example task requires virtualenv, please install it.
[2022-11-08T19:47:28.926+0900] {processor.py:768} INFO - DAG(s) dict_keys(['example_python_operator']) retrieved from /home/steve/.local/lib/python3.8/site-packages/airflow/example_dags/example_python_operator.py
[2022-11-08T19:47:28.942+0900] {logging_mixin.py:117} INFO - [2022-11-08T19:47:28.942+0900] {dag.py:2573} INFO - Sync 1 DAGs
[2022-11-08T19:47:29.023+0900] {logging_mixin.py:117} INFO - [2022-11-08T19:47:29.023+0900] {dag.py:3324} INFO - Setting next_dagrun for example_python_operator to None, run_after=None
[2022-11-08T19:47:29.039+0900] {processor.py:178} INFO - Processing /home/steve/.local/lib/python3.8/site-packages/airflow/example_dags/example_python_operator.py took 0.202 seconds
[2022-11-08T19:48:06.624+0900] {processor.py:156} INFO - Started process (PID=7954) to work on /home/steve/.local/lib/python3.8/site-packages/airflow/example_dags/example_python_operator.py
[2022-11-08T19:48:06.626+0900] {processor.py:758} INFO - Processing file /home/steve/.local/lib/python3.8/site-packages/airflow/example_dags/example_python_operator.py for tasks to queue
[2022-11-08T19:48:06.626+0900] {logging_mixin.py:117} INFO - [2022-11-08T19:48:06.626+0900] {dagbag.py:525} INFO - Filling up the DagBag from /home/steve/.local/lib/python3.8/site-packages/airflow/example_dags/example_python_operator.py
[2022-11-08T19:48:06.703+0900] {logging_mixin.py:117} INFO - [2022-11-08T19:48:06.702+0900] {example_python_operator.py:85} WARNING - The virtalenv_python example task requires virtualenv, please install it.
[2022-11-08T19:48:06.706+0900] {processor.py:768} INFO - DAG(s) dict_keys(['example_python_operator']) retrieved from /home/steve/.local/lib/python3.8/site-packages/airflow/example_dags/example_python_operator.py
[2022-11-08T19:48:06.722+0900] {logging_mixin.py:117} INFO - [2022-11-08T19:48:06.721+0900] {dag.py:2573} INFO - Sync 1 DAGs
[2022-11-08T19:48:06.797+0900] {logging_mixin.py:117} INFO - [2022-11-08T19:48:06.797+0900] {dag.py:3324} INFO - Setting next_dagrun for example_python_operator to None, run_after=None
[2022-11-08T19:48:06.813+0900] {processor.py:178} INFO - Processing /home/steve/.local/lib/python3.8/site-packages/airflow/example_dags/example_python_operator.py took 0.191 seconds
[2022-11-08T19:48:44.262+0900] {processor.py:156} INFO - Started process (PID=7991) to work on /home/steve/.local/lib/python3.8/site-packages/airflow/example_dags/example_python_operator.py
[2022-11-08T19:48:44.263+0900] {processor.py:758} INFO - Processing file /home/steve/.local/lib/python3.8/site-packages/airflow/example_dags/example_python_operator.py for tasks to queue
[2022-11-08T19:48:44.263+0900] {logging_mixin.py:117} INFO - [2022-11-08T19:48:44.263+0900] {dagbag.py:525} INFO - Filling up the DagBag from /home/steve/.local/lib/python3.8/site-packages/airflow/example_dags/example_python_operator.py
[2022-11-08T19:48:44.355+0900] {logging_mixin.py:117} INFO - [2022-11-08T19:48:44.355+0900] {example_python_operator.py:85} WARNING - The virtalenv_python example task requires virtualenv, please install it.
[2022-11-08T19:48:44.359+0900] {processor.py:768} INFO - DAG(s) dict_keys(['example_python_operator']) retrieved from /home/steve/.local/lib/python3.8/site-packages/airflow/example_dags/example_python_operator.py
[2022-11-08T19:48:44.375+0900] {logging_mixin.py:117} INFO - [2022-11-08T19:48:44.374+0900] {dag.py:2573} INFO - Sync 1 DAGs
[2022-11-08T19:48:44.447+0900] {logging_mixin.py:117} INFO - [2022-11-08T19:48:44.447+0900] {dag.py:3324} INFO - Setting next_dagrun for example_python_operator to None, run_after=None
[2022-11-08T19:48:44.462+0900] {processor.py:178} INFO - Processing /home/steve/.local/lib/python3.8/site-packages/airflow/example_dags/example_python_operator.py took 0.202 seconds
[2022-11-08T19:49:23.375+0900] {processor.py:156} INFO - Started process (PID=8028) to work on /home/steve/.local/lib/python3.8/site-packages/airflow/example_dags/example_python_operator.py
[2022-11-08T19:49:23.378+0900] {processor.py:758} INFO - Processing file /home/steve/.local/lib/python3.8/site-packages/airflow/example_dags/example_python_operator.py for tasks to queue
[2022-11-08T19:49:23.378+0900] {logging_mixin.py:117} INFO - [2022-11-08T19:49:23.378+0900] {dagbag.py:525} INFO - Filling up the DagBag from /home/steve/.local/lib/python3.8/site-packages/airflow/example_dags/example_python_operator.py
[2022-11-08T19:49:23.466+0900] {logging_mixin.py:117} INFO - [2022-11-08T19:49:23.466+0900] {example_python_operator.py:85} WARNING - The virtalenv_python example task requires virtualenv, please install it.
[2022-11-08T19:49:23.470+0900] {processor.py:768} INFO - DAG(s) dict_keys(['example_python_operator']) retrieved from /home/steve/.local/lib/python3.8/site-packages/airflow/example_dags/example_python_operator.py
[2022-11-08T19:49:23.556+0900] {logging_mixin.py:117} INFO - [2022-11-08T19:49:23.556+0900] {dag.py:2573} INFO - Sync 1 DAGs
[2022-11-08T19:49:23.564+0900] {logging_mixin.py:117} INFO - [2022-11-08T19:49:23.564+0900] {dag.py:3324} INFO - Setting next_dagrun for example_python_operator to None, run_after=None
[2022-11-08T19:49:23.579+0900] {processor.py:178} INFO - Processing /home/steve/.local/lib/python3.8/site-packages/airflow/example_dags/example_python_operator.py took 0.205 seconds
[2022-11-08T19:49:59.810+0900] {processor.py:156} INFO - Started process (PID=8091) to work on /home/steve/.local/lib/python3.8/site-packages/airflow/example_dags/example_python_operator.py
[2022-11-08T19:49:59.813+0900] {processor.py:758} INFO - Processing file /home/steve/.local/lib/python3.8/site-packages/airflow/example_dags/example_python_operator.py for tasks to queue
[2022-11-08T19:49:59.813+0900] {logging_mixin.py:117} INFO - [2022-11-08T19:49:59.813+0900] {dagbag.py:525} INFO - Filling up the DagBag from /home/steve/.local/lib/python3.8/site-packages/airflow/example_dags/example_python_operator.py
[2022-11-08T19:49:59.889+0900] {logging_mixin.py:117} INFO - [2022-11-08T19:49:59.889+0900] {example_python_operator.py:85} WARNING - The virtalenv_python example task requires virtualenv, please install it.
[2022-11-08T19:49:59.893+0900] {processor.py:768} INFO - DAG(s) dict_keys(['example_python_operator']) retrieved from /home/steve/.local/lib/python3.8/site-packages/airflow/example_dags/example_python_operator.py
[2022-11-08T19:49:59.973+0900] {logging_mixin.py:117} INFO - [2022-11-08T19:49:59.973+0900] {dag.py:2573} INFO - Sync 1 DAGs
[2022-11-08T19:49:59.981+0900] {logging_mixin.py:117} INFO - [2022-11-08T19:49:59.981+0900] {dag.py:3324} INFO - Setting next_dagrun for example_python_operator to None, run_after=None
[2022-11-08T19:49:59.997+0900] {processor.py:178} INFO - Processing /home/steve/.local/lib/python3.8/site-packages/airflow/example_dags/example_python_operator.py took 0.188 seconds
[2022-11-08T19:50:38.936+0900] {processor.py:156} INFO - Started process (PID=8130) to work on /home/steve/.local/lib/python3.8/site-packages/airflow/example_dags/example_python_operator.py
[2022-11-08T19:50:38.936+0900] {processor.py:758} INFO - Processing file /home/steve/.local/lib/python3.8/site-packages/airflow/example_dags/example_python_operator.py for tasks to queue
[2022-11-08T19:50:38.937+0900] {logging_mixin.py:117} INFO - [2022-11-08T19:50:38.937+0900] {dagbag.py:525} INFO - Filling up the DagBag from /home/steve/.local/lib/python3.8/site-packages/airflow/example_dags/example_python_operator.py
[2022-11-08T19:50:39.012+0900] {logging_mixin.py:117} INFO - [2022-11-08T19:50:39.012+0900] {example_python_operator.py:85} WARNING - The virtalenv_python example task requires virtualenv, please install it.
[2022-11-08T19:50:39.083+0900] {processor.py:768} INFO - DAG(s) dict_keys(['example_python_operator']) retrieved from /home/steve/.local/lib/python3.8/site-packages/airflow/example_dags/example_python_operator.py
[2022-11-08T19:50:39.096+0900] {logging_mixin.py:117} INFO - [2022-11-08T19:50:39.096+0900] {dag.py:2573} INFO - Sync 1 DAGs
[2022-11-08T19:50:39.105+0900] {logging_mixin.py:117} INFO - [2022-11-08T19:50:39.104+0900] {dag.py:3324} INFO - Setting next_dagrun for example_python_operator to None, run_after=None
[2022-11-08T19:50:39.121+0900] {processor.py:178} INFO - Processing /home/steve/.local/lib/python3.8/site-packages/airflow/example_dags/example_python_operator.py took 0.187 seconds
[2022-11-08T19:51:17.690+0900] {processor.py:156} INFO - Started process (PID=8167) to work on /home/steve/.local/lib/python3.8/site-packages/airflow/example_dags/example_python_operator.py
[2022-11-08T19:51:17.692+0900] {processor.py:758} INFO - Processing file /home/steve/.local/lib/python3.8/site-packages/airflow/example_dags/example_python_operator.py for tasks to queue
[2022-11-08T19:51:17.693+0900] {logging_mixin.py:117} INFO - [2022-11-08T19:51:17.693+0900] {dagbag.py:525} INFO - Filling up the DagBag from /home/steve/.local/lib/python3.8/site-packages/airflow/example_dags/example_python_operator.py
[2022-11-08T19:51:17.835+0900] {logging_mixin.py:117} INFO - [2022-11-08T19:51:17.835+0900] {example_python_operator.py:85} WARNING - The virtalenv_python example task requires virtualenv, please install it.
[2022-11-08T19:51:17.838+0900] {processor.py:768} INFO - DAG(s) dict_keys(['example_python_operator']) retrieved from /home/steve/.local/lib/python3.8/site-packages/airflow/example_dags/example_python_operator.py
[2022-11-08T19:51:17.851+0900] {logging_mixin.py:117} INFO - [2022-11-08T19:51:17.851+0900] {dag.py:2573} INFO - Sync 1 DAGs
[2022-11-08T19:51:17.859+0900] {logging_mixin.py:117} INFO - [2022-11-08T19:51:17.859+0900] {dag.py:3324} INFO - Setting next_dagrun for example_python_operator to None, run_after=None
[2022-11-08T19:51:17.875+0900] {processor.py:178} INFO - Processing /home/steve/.local/lib/python3.8/site-packages/airflow/example_dags/example_python_operator.py took 0.186 seconds
[2022-11-08T19:51:53.508+0900] {processor.py:156} INFO - Started process (PID=8203) to work on /home/steve/.local/lib/python3.8/site-packages/airflow/example_dags/example_python_operator.py
[2022-11-08T19:51:53.508+0900] {processor.py:758} INFO - Processing file /home/steve/.local/lib/python3.8/site-packages/airflow/example_dags/example_python_operator.py for tasks to queue
[2022-11-08T19:51:53.509+0900] {logging_mixin.py:117} INFO - [2022-11-08T19:51:53.509+0900] {dagbag.py:525} INFO - Filling up the DagBag from /home/steve/.local/lib/python3.8/site-packages/airflow/example_dags/example_python_operator.py
[2022-11-08T19:51:53.590+0900] {logging_mixin.py:117} INFO - [2022-11-08T19:51:53.590+0900] {example_python_operator.py:85} WARNING - The virtalenv_python example task requires virtualenv, please install it.
[2022-11-08T19:51:53.593+0900] {processor.py:768} INFO - DAG(s) dict_keys(['example_python_operator']) retrieved from /home/steve/.local/lib/python3.8/site-packages/airflow/example_dags/example_python_operator.py
[2022-11-08T19:51:53.609+0900] {logging_mixin.py:117} INFO - [2022-11-08T19:51:53.609+0900] {dag.py:2573} INFO - Sync 1 DAGs
[2022-11-08T19:51:53.619+0900] {logging_mixin.py:117} INFO - [2022-11-08T19:51:53.619+0900] {dag.py:3324} INFO - Setting next_dagrun for example_python_operator to None, run_after=None
[2022-11-08T19:51:53.635+0900] {processor.py:178} INFO - Processing /home/steve/.local/lib/python3.8/site-packages/airflow/example_dags/example_python_operator.py took 0.129 seconds
[2022-11-08T19:52:27.440+0900] {processor.py:156} INFO - Started process (PID=8239) to work on /home/steve/.local/lib/python3.8/site-packages/airflow/example_dags/example_python_operator.py
[2022-11-08T19:52:27.442+0900] {processor.py:758} INFO - Processing file /home/steve/.local/lib/python3.8/site-packages/airflow/example_dags/example_python_operator.py for tasks to queue
[2022-11-08T19:52:27.442+0900] {logging_mixin.py:117} INFO - [2022-11-08T19:52:27.442+0900] {dagbag.py:525} INFO - Filling up the DagBag from /home/steve/.local/lib/python3.8/site-packages/airflow/example_dags/example_python_operator.py
[2022-11-08T19:52:27.519+0900] {logging_mixin.py:117} INFO - [2022-11-08T19:52:27.519+0900] {example_python_operator.py:85} WARNING - The virtalenv_python example task requires virtualenv, please install it.
[2022-11-08T19:52:27.523+0900] {processor.py:768} INFO - DAG(s) dict_keys(['example_python_operator']) retrieved from /home/steve/.local/lib/python3.8/site-packages/airflow/example_dags/example_python_operator.py
[2022-11-08T19:52:27.539+0900] {logging_mixin.py:117} INFO - [2022-11-08T19:52:27.539+0900] {dag.py:2573} INFO - Sync 1 DAGs
[2022-11-08T19:52:27.549+0900] {logging_mixin.py:117} INFO - [2022-11-08T19:52:27.549+0900] {dag.py:3324} INFO - Setting next_dagrun for example_python_operator to None, run_after=None
[2022-11-08T19:52:27.566+0900] {processor.py:178} INFO - Processing /home/steve/.local/lib/python3.8/site-packages/airflow/example_dags/example_python_operator.py took 0.127 seconds
[2022-11-08T19:53:03.956+0900] {processor.py:156} INFO - Started process (PID=8391) to work on /home/steve/.local/lib/python3.8/site-packages/airflow/example_dags/example_python_operator.py
[2022-11-08T19:53:03.959+0900] {processor.py:758} INFO - Processing file /home/steve/.local/lib/python3.8/site-packages/airflow/example_dags/example_python_operator.py for tasks to queue
[2022-11-08T19:53:03.959+0900] {logging_mixin.py:117} INFO - [2022-11-08T19:53:03.959+0900] {dagbag.py:525} INFO - Filling up the DagBag from /home/steve/.local/lib/python3.8/site-packages/airflow/example_dags/example_python_operator.py
[2022-11-08T19:53:04.047+0900] {logging_mixin.py:117} INFO - [2022-11-08T19:53:04.047+0900] {example_python_operator.py:85} WARNING - The virtalenv_python example task requires virtualenv, please install it.
[2022-11-08T19:53:04.051+0900] {processor.py:768} INFO - DAG(s) dict_keys(['example_python_operator']) retrieved from /home/steve/.local/lib/python3.8/site-packages/airflow/example_dags/example_python_operator.py
[2022-11-08T19:53:04.062+0900] {logging_mixin.py:117} INFO - [2022-11-08T19:53:04.061+0900] {dag.py:2573} INFO - Sync 1 DAGs
[2022-11-08T19:53:04.072+0900] {logging_mixin.py:117} INFO - [2022-11-08T19:53:04.072+0900] {dag.py:3324} INFO - Setting next_dagrun for example_python_operator to None, run_after=None
[2022-11-08T19:53:04.087+0900] {processor.py:178} INFO - Processing /home/steve/.local/lib/python3.8/site-packages/airflow/example_dags/example_python_operator.py took 0.133 seconds
[2022-11-08T19:53:41.948+0900] {processor.py:156} INFO - Started process (PID=8545) to work on /home/steve/.local/lib/python3.8/site-packages/airflow/example_dags/example_python_operator.py
[2022-11-08T19:53:41.950+0900] {processor.py:758} INFO - Processing file /home/steve/.local/lib/python3.8/site-packages/airflow/example_dags/example_python_operator.py for tasks to queue
[2022-11-08T19:53:41.950+0900] {logging_mixin.py:117} INFO - [2022-11-08T19:53:41.950+0900] {dagbag.py:525} INFO - Filling up the DagBag from /home/steve/.local/lib/python3.8/site-packages/airflow/example_dags/example_python_operator.py
[2022-11-08T19:53:42.030+0900] {logging_mixin.py:117} INFO - [2022-11-08T19:53:42.030+0900] {example_python_operator.py:85} WARNING - The virtalenv_python example task requires virtualenv, please install it.
[2022-11-08T19:53:42.034+0900] {processor.py:768} INFO - DAG(s) dict_keys(['example_python_operator']) retrieved from /home/steve/.local/lib/python3.8/site-packages/airflow/example_dags/example_python_operator.py
[2022-11-08T19:53:42.053+0900] {logging_mixin.py:117} INFO - [2022-11-08T19:53:42.052+0900] {dag.py:2573} INFO - Sync 1 DAGs
[2022-11-08T19:53:42.066+0900] {logging_mixin.py:117} INFO - [2022-11-08T19:53:42.065+0900] {dag.py:3324} INFO - Setting next_dagrun for example_python_operator to None, run_after=None
[2022-11-08T19:53:42.086+0900] {processor.py:178} INFO - Processing /home/steve/.local/lib/python3.8/site-packages/airflow/example_dags/example_python_operator.py took 0.139 seconds
[2022-11-08T19:54:20.422+0900] {processor.py:156} INFO - Started process (PID=8660) to work on /home/steve/.local/lib/python3.8/site-packages/airflow/example_dags/example_python_operator.py
[2022-11-08T19:54:20.423+0900] {processor.py:758} INFO - Processing file /home/steve/.local/lib/python3.8/site-packages/airflow/example_dags/example_python_operator.py for tasks to queue
[2022-11-08T19:54:20.424+0900] {logging_mixin.py:117} INFO - [2022-11-08T19:54:20.423+0900] {dagbag.py:525} INFO - Filling up the DagBag from /home/steve/.local/lib/python3.8/site-packages/airflow/example_dags/example_python_operator.py
[2022-11-08T19:54:20.513+0900] {logging_mixin.py:117} INFO - [2022-11-08T19:54:20.513+0900] {example_python_operator.py:85} WARNING - The virtalenv_python example task requires virtualenv, please install it.
[2022-11-08T19:54:20.516+0900] {processor.py:768} INFO - DAG(s) dict_keys(['example_python_operator']) retrieved from /home/steve/.local/lib/python3.8/site-packages/airflow/example_dags/example_python_operator.py
[2022-11-08T19:54:20.532+0900] {logging_mixin.py:117} INFO - [2022-11-08T19:54:20.532+0900] {dag.py:2573} INFO - Sync 1 DAGs
[2022-11-08T19:54:20.541+0900] {logging_mixin.py:117} INFO - [2022-11-08T19:54:20.541+0900] {dag.py:3324} INFO - Setting next_dagrun for example_python_operator to None, run_after=None
[2022-11-08T19:54:20.557+0900] {processor.py:178} INFO - Processing /home/steve/.local/lib/python3.8/site-packages/airflow/example_dags/example_python_operator.py took 0.137 seconds
[2022-11-08T19:55:01.462+0900] {processor.py:156} INFO - Started process (PID=8999) to work on /home/steve/.local/lib/python3.8/site-packages/airflow/example_dags/example_python_operator.py
[2022-11-08T19:55:01.464+0900] {processor.py:758} INFO - Processing file /home/steve/.local/lib/python3.8/site-packages/airflow/example_dags/example_python_operator.py for tasks to queue
[2022-11-08T19:55:01.465+0900] {logging_mixin.py:117} INFO - [2022-11-08T19:55:01.465+0900] {dagbag.py:525} INFO - Filling up the DagBag from /home/steve/.local/lib/python3.8/site-packages/airflow/example_dags/example_python_operator.py
[2022-11-08T19:55:01.553+0900] {logging_mixin.py:117} INFO - [2022-11-08T19:55:01.553+0900] {example_python_operator.py:85} WARNING - The virtalenv_python example task requires virtualenv, please install it.
[2022-11-08T19:55:01.557+0900] {processor.py:768} INFO - DAG(s) dict_keys(['example_python_operator']) retrieved from /home/steve/.local/lib/python3.8/site-packages/airflow/example_dags/example_python_operator.py
[2022-11-08T19:55:01.573+0900] {logging_mixin.py:117} INFO - [2022-11-08T19:55:01.573+0900] {dag.py:2573} INFO - Sync 1 DAGs
[2022-11-08T19:55:01.583+0900] {logging_mixin.py:117} INFO - [2022-11-08T19:55:01.583+0900] {dag.py:3324} INFO - Setting next_dagrun for example_python_operator to None, run_after=None
[2022-11-08T19:55:01.599+0900] {processor.py:178} INFO - Processing /home/steve/.local/lib/python3.8/site-packages/airflow/example_dags/example_python_operator.py took 0.138 seconds
[2022-11-08T20:27:13.140+0900] {processor.py:156} INFO - Started process (PID=9798) to work on /home/steve/.local/lib/python3.8/site-packages/airflow/example_dags/example_python_operator.py
[2022-11-08T20:27:13.142+0900] {processor.py:758} INFO - Processing file /home/steve/.local/lib/python3.8/site-packages/airflow/example_dags/example_python_operator.py for tasks to queue
[2022-11-08T20:27:13.143+0900] {logging_mixin.py:117} INFO - [2022-11-08T20:27:13.142+0900] {dagbag.py:525} INFO - Filling up the DagBag from /home/steve/.local/lib/python3.8/site-packages/airflow/example_dags/example_python_operator.py
[2022-11-08T20:27:13.233+0900] {logging_mixin.py:117} INFO - [2022-11-08T20:27:13.233+0900] {example_python_operator.py:85} WARNING - The virtalenv_python example task requires virtualenv, please install it.
[2022-11-08T20:27:13.236+0900] {processor.py:768} INFO - DAG(s) dict_keys(['example_python_operator']) retrieved from /home/steve/.local/lib/python3.8/site-packages/airflow/example_dags/example_python_operator.py
[2022-11-08T20:27:13.252+0900] {logging_mixin.py:117} INFO - [2022-11-08T20:27:13.252+0900] {dag.py:2573} INFO - Sync 1 DAGs
[2022-11-08T20:27:13.262+0900] {logging_mixin.py:117} INFO - [2022-11-08T20:27:13.262+0900] {dag.py:3324} INFO - Setting next_dagrun for example_python_operator to None, run_after=None
[2022-11-08T20:27:13.277+0900] {processor.py:178} INFO - Processing /home/steve/.local/lib/python3.8/site-packages/airflow/example_dags/example_python_operator.py took 0.138 seconds
[2022-11-08T20:27:49.294+0900] {processor.py:156} INFO - Started process (PID=9844) to work on /home/steve/.local/lib/python3.8/site-packages/airflow/example_dags/example_python_operator.py
[2022-11-08T20:27:49.297+0900] {processor.py:758} INFO - Processing file /home/steve/.local/lib/python3.8/site-packages/airflow/example_dags/example_python_operator.py for tasks to queue
[2022-11-08T20:27:49.297+0900] {logging_mixin.py:117} INFO - [2022-11-08T20:27:49.297+0900] {dagbag.py:525} INFO - Filling up the DagBag from /home/steve/.local/lib/python3.8/site-packages/airflow/example_dags/example_python_operator.py
[2022-11-08T20:27:49.382+0900] {logging_mixin.py:117} INFO - [2022-11-08T20:27:49.382+0900] {example_python_operator.py:85} WARNING - The virtalenv_python example task requires virtualenv, please install it.
[2022-11-08T20:27:49.386+0900] {processor.py:768} INFO - DAG(s) dict_keys(['example_python_operator']) retrieved from /home/steve/.local/lib/python3.8/site-packages/airflow/example_dags/example_python_operator.py
[2022-11-08T20:27:49.402+0900] {logging_mixin.py:117} INFO - [2022-11-08T20:27:49.402+0900] {dag.py:2573} INFO - Sync 1 DAGs
[2022-11-08T20:27:49.412+0900] {logging_mixin.py:117} INFO - [2022-11-08T20:27:49.411+0900] {dag.py:3324} INFO - Setting next_dagrun for example_python_operator to None, run_after=None
[2022-11-08T20:27:49.427+0900] {processor.py:178} INFO - Processing /home/steve/.local/lib/python3.8/site-packages/airflow/example_dags/example_python_operator.py took 0.135 seconds
[2022-11-08T20:28:25.201+0900] {processor.py:156} INFO - Started process (PID=9880) to work on /home/steve/.local/lib/python3.8/site-packages/airflow/example_dags/example_python_operator.py
[2022-11-08T20:28:25.203+0900] {processor.py:758} INFO - Processing file /home/steve/.local/lib/python3.8/site-packages/airflow/example_dags/example_python_operator.py for tasks to queue
[2022-11-08T20:28:25.203+0900] {logging_mixin.py:117} INFO - [2022-11-08T20:28:25.203+0900] {dagbag.py:525} INFO - Filling up the DagBag from /home/steve/.local/lib/python3.8/site-packages/airflow/example_dags/example_python_operator.py
[2022-11-08T20:28:25.300+0900] {logging_mixin.py:117} INFO - [2022-11-08T20:28:25.300+0900] {example_python_operator.py:85} WARNING - The virtalenv_python example task requires virtualenv, please install it.
[2022-11-08T20:28:25.304+0900] {processor.py:768} INFO - DAG(s) dict_keys(['example_python_operator']) retrieved from /home/steve/.local/lib/python3.8/site-packages/airflow/example_dags/example_python_operator.py
[2022-11-08T20:28:25.320+0900] {logging_mixin.py:117} INFO - [2022-11-08T20:28:25.320+0900] {dag.py:2573} INFO - Sync 1 DAGs
[2022-11-08T20:28:25.331+0900] {logging_mixin.py:117} INFO - [2022-11-08T20:28:25.331+0900] {dag.py:3324} INFO - Setting next_dagrun for example_python_operator to None, run_after=None
[2022-11-08T20:28:25.347+0900] {processor.py:178} INFO - Processing /home/steve/.local/lib/python3.8/site-packages/airflow/example_dags/example_python_operator.py took 0.147 seconds
[2022-11-08T20:29:00.238+0900] {processor.py:156} INFO - Started process (PID=10069) to work on /home/steve/.local/lib/python3.8/site-packages/airflow/example_dags/example_python_operator.py
[2022-11-08T20:29:00.240+0900] {processor.py:758} INFO - Processing file /home/steve/.local/lib/python3.8/site-packages/airflow/example_dags/example_python_operator.py for tasks to queue
[2022-11-08T20:29:00.240+0900] {logging_mixin.py:117} INFO - [2022-11-08T20:29:00.240+0900] {dagbag.py:525} INFO - Filling up the DagBag from /home/steve/.local/lib/python3.8/site-packages/airflow/example_dags/example_python_operator.py
[2022-11-08T20:29:00.360+0900] {logging_mixin.py:117} INFO - [2022-11-08T20:29:00.360+0900] {example_python_operator.py:85} WARNING - The virtalenv_python example task requires virtualenv, please install it.
[2022-11-08T20:29:00.364+0900] {processor.py:768} INFO - DAG(s) dict_keys(['example_python_operator']) retrieved from /home/steve/.local/lib/python3.8/site-packages/airflow/example_dags/example_python_operator.py
[2022-11-08T20:29:00.381+0900] {logging_mixin.py:117} INFO - [2022-11-08T20:29:00.381+0900] {dag.py:2573} INFO - Sync 1 DAGs
[2022-11-08T20:29:00.392+0900] {logging_mixin.py:117} INFO - [2022-11-08T20:29:00.392+0900] {dag.py:3324} INFO - Setting next_dagrun for example_python_operator to None, run_after=None
[2022-11-08T20:29:00.490+0900] {processor.py:178} INFO - Processing /home/steve/.local/lib/python3.8/site-packages/airflow/example_dags/example_python_operator.py took 0.254 seconds
[2022-11-08T20:29:38.973+0900] {processor.py:156} INFO - Started process (PID=10292) to work on /home/steve/.local/lib/python3.8/site-packages/airflow/example_dags/example_python_operator.py
[2022-11-08T20:29:38.975+0900] {processor.py:758} INFO - Processing file /home/steve/.local/lib/python3.8/site-packages/airflow/example_dags/example_python_operator.py for tasks to queue
[2022-11-08T20:29:38.975+0900] {logging_mixin.py:117} INFO - [2022-11-08T20:29:38.975+0900] {dagbag.py:525} INFO - Filling up the DagBag from /home/steve/.local/lib/python3.8/site-packages/airflow/example_dags/example_python_operator.py
[2022-11-08T20:29:39.081+0900] {logging_mixin.py:117} INFO - [2022-11-08T20:29:39.081+0900] {example_python_operator.py:85} WARNING - The virtalenv_python example task requires virtualenv, please install it.
[2022-11-08T20:29:39.086+0900] {processor.py:768} INFO - DAG(s) dict_keys(['example_python_operator']) retrieved from /home/steve/.local/lib/python3.8/site-packages/airflow/example_dags/example_python_operator.py
[2022-11-08T20:29:39.104+0900] {logging_mixin.py:117} INFO - [2022-11-08T20:29:39.104+0900] {dag.py:2573} INFO - Sync 1 DAGs
[2022-11-08T20:29:39.116+0900] {logging_mixin.py:117} INFO - [2022-11-08T20:29:39.115+0900] {dag.py:3324} INFO - Setting next_dagrun for example_python_operator to None, run_after=None
[2022-11-08T20:29:39.209+0900] {processor.py:178} INFO - Processing /home/steve/.local/lib/python3.8/site-packages/airflow/example_dags/example_python_operator.py took 0.238 seconds
[2022-11-08T20:30:17.794+0900] {processor.py:156} INFO - Started process (PID=10448) to work on /home/steve/.local/lib/python3.8/site-packages/airflow/example_dags/example_python_operator.py
[2022-11-08T20:30:17.796+0900] {processor.py:758} INFO - Processing file /home/steve/.local/lib/python3.8/site-packages/airflow/example_dags/example_python_operator.py for tasks to queue
[2022-11-08T20:30:17.797+0900] {logging_mixin.py:117} INFO - [2022-11-08T20:30:17.797+0900] {dagbag.py:525} INFO - Filling up the DagBag from /home/steve/.local/lib/python3.8/site-packages/airflow/example_dags/example_python_operator.py
[2022-11-08T20:30:17.886+0900] {logging_mixin.py:117} INFO - [2022-11-08T20:30:17.886+0900] {example_python_operator.py:85} WARNING - The virtalenv_python example task requires virtualenv, please install it.
[2022-11-08T20:30:17.890+0900] {processor.py:768} INFO - DAG(s) dict_keys(['example_python_operator']) retrieved from /home/steve/.local/lib/python3.8/site-packages/airflow/example_dags/example_python_operator.py
[2022-11-08T20:30:17.908+0900] {logging_mixin.py:117} INFO - [2022-11-08T20:30:17.907+0900] {dag.py:2573} INFO - Sync 1 DAGs
[2022-11-08T20:30:17.995+0900] {logging_mixin.py:117} INFO - [2022-11-08T20:30:17.995+0900] {dag.py:3324} INFO - Setting next_dagrun for example_python_operator to None, run_after=None
[2022-11-08T20:30:18.015+0900] {processor.py:178} INFO - Processing /home/steve/.local/lib/python3.8/site-packages/airflow/example_dags/example_python_operator.py took 0.223 seconds
[2022-11-08T20:30:56.607+0900] {processor.py:156} INFO - Started process (PID=10636) to work on /home/steve/.local/lib/python3.8/site-packages/airflow/example_dags/example_python_operator.py
[2022-11-08T20:30:56.609+0900] {processor.py:758} INFO - Processing file /home/steve/.local/lib/python3.8/site-packages/airflow/example_dags/example_python_operator.py for tasks to queue
[2022-11-08T20:30:56.609+0900] {logging_mixin.py:117} INFO - [2022-11-08T20:30:56.609+0900] {dagbag.py:525} INFO - Filling up the DagBag from /home/steve/.local/lib/python3.8/site-packages/airflow/example_dags/example_python_operator.py
[2022-11-08T20:30:56.716+0900] {logging_mixin.py:117} INFO - [2022-11-08T20:30:56.716+0900] {example_python_operator.py:85} WARNING - The virtalenv_python example task requires virtualenv, please install it.
[2022-11-08T20:30:56.719+0900] {processor.py:768} INFO - DAG(s) dict_keys(['example_python_operator']) retrieved from /home/steve/.local/lib/python3.8/site-packages/airflow/example_dags/example_python_operator.py
[2022-11-08T20:30:56.739+0900] {logging_mixin.py:117} INFO - [2022-11-08T20:30:56.739+0900] {dag.py:2573} INFO - Sync 1 DAGs
[2022-11-08T20:30:56.830+0900] {logging_mixin.py:117} INFO - [2022-11-08T20:30:56.830+0900] {dag.py:3324} INFO - Setting next_dagrun for example_python_operator to None, run_after=None
[2022-11-08T20:30:56.848+0900] {processor.py:178} INFO - Processing /home/steve/.local/lib/python3.8/site-packages/airflow/example_dags/example_python_operator.py took 0.242 seconds
[2022-11-08T20:31:37.521+0900] {processor.py:156} INFO - Started process (PID=10728) to work on /home/steve/.local/lib/python3.8/site-packages/airflow/example_dags/example_python_operator.py
[2022-11-08T20:31:37.523+0900] {processor.py:758} INFO - Processing file /home/steve/.local/lib/python3.8/site-packages/airflow/example_dags/example_python_operator.py for tasks to queue
[2022-11-08T20:31:37.523+0900] {logging_mixin.py:117} INFO - [2022-11-08T20:31:37.523+0900] {dagbag.py:525} INFO - Filling up the DagBag from /home/steve/.local/lib/python3.8/site-packages/airflow/example_dags/example_python_operator.py
[2022-11-08T20:31:37.622+0900] {logging_mixin.py:117} INFO - [2022-11-08T20:31:37.622+0900] {example_python_operator.py:85} WARNING - The virtalenv_python example task requires virtualenv, please install it.
[2022-11-08T20:31:37.626+0900] {processor.py:768} INFO - DAG(s) dict_keys(['example_python_operator']) retrieved from /home/steve/.local/lib/python3.8/site-packages/airflow/example_dags/example_python_operator.py
[2022-11-08T20:31:37.716+0900] {logging_mixin.py:117} INFO - [2022-11-08T20:31:37.716+0900] {dag.py:2573} INFO - Sync 1 DAGs
[2022-11-08T20:31:37.725+0900] {logging_mixin.py:117} INFO - [2022-11-08T20:31:37.725+0900] {dag.py:3324} INFO - Setting next_dagrun for example_python_operator to None, run_after=None
[2022-11-08T20:31:37.742+0900] {processor.py:178} INFO - Processing /home/steve/.local/lib/python3.8/site-packages/airflow/example_dags/example_python_operator.py took 0.223 seconds
[2022-11-08T20:32:14.286+0900] {processor.py:156} INFO - Started process (PID=10791) to work on /home/steve/.local/lib/python3.8/site-packages/airflow/example_dags/example_python_operator.py
[2022-11-08T20:32:14.288+0900] {processor.py:758} INFO - Processing file /home/steve/.local/lib/python3.8/site-packages/airflow/example_dags/example_python_operator.py for tasks to queue
[2022-11-08T20:32:14.288+0900] {logging_mixin.py:117} INFO - [2022-11-08T20:32:14.288+0900] {dagbag.py:525} INFO - Filling up the DagBag from /home/steve/.local/lib/python3.8/site-packages/airflow/example_dags/example_python_operator.py
[2022-11-08T20:32:14.387+0900] {logging_mixin.py:117} INFO - [2022-11-08T20:32:14.387+0900] {example_python_operator.py:85} WARNING - The virtalenv_python example task requires virtualenv, please install it.
[2022-11-08T20:32:14.391+0900] {processor.py:768} INFO - DAG(s) dict_keys(['example_python_operator']) retrieved from /home/steve/.local/lib/python3.8/site-packages/airflow/example_dags/example_python_operator.py
[2022-11-08T20:32:14.485+0900] {logging_mixin.py:117} INFO - [2022-11-08T20:32:14.485+0900] {dag.py:2573} INFO - Sync 1 DAGs
[2022-11-08T20:32:14.494+0900] {logging_mixin.py:117} INFO - [2022-11-08T20:32:14.494+0900] {dag.py:3324} INFO - Setting next_dagrun for example_python_operator to None, run_after=None
[2022-11-08T20:32:14.510+0900] {processor.py:178} INFO - Processing /home/steve/.local/lib/python3.8/site-packages/airflow/example_dags/example_python_operator.py took 0.226 seconds
[2022-11-08T20:32:53.452+0900] {processor.py:156} INFO - Started process (PID=10982) to work on /home/steve/.local/lib/python3.8/site-packages/airflow/example_dags/example_python_operator.py
[2022-11-08T20:32:53.455+0900] {processor.py:758} INFO - Processing file /home/steve/.local/lib/python3.8/site-packages/airflow/example_dags/example_python_operator.py for tasks to queue
[2022-11-08T20:32:53.455+0900] {logging_mixin.py:117} INFO - [2022-11-08T20:32:53.455+0900] {dagbag.py:525} INFO - Filling up the DagBag from /home/steve/.local/lib/python3.8/site-packages/airflow/example_dags/example_python_operator.py
[2022-11-08T20:32:53.542+0900] {logging_mixin.py:117} INFO - [2022-11-08T20:32:53.542+0900] {example_python_operator.py:85} WARNING - The virtalenv_python example task requires virtualenv, please install it.
[2022-11-08T20:32:53.626+0900] {processor.py:768} INFO - DAG(s) dict_keys(['example_python_operator']) retrieved from /home/steve/.local/lib/python3.8/site-packages/airflow/example_dags/example_python_operator.py
[2022-11-08T20:32:53.639+0900] {logging_mixin.py:117} INFO - [2022-11-08T20:32:53.639+0900] {dag.py:2573} INFO - Sync 1 DAGs
[2022-11-08T20:32:53.649+0900] {logging_mixin.py:117} INFO - [2022-11-08T20:32:53.649+0900] {dag.py:3324} INFO - Setting next_dagrun for example_python_operator to None, run_after=None
[2022-11-08T20:32:53.668+0900] {processor.py:178} INFO - Processing /home/steve/.local/lib/python3.8/site-packages/airflow/example_dags/example_python_operator.py took 0.218 seconds
[2022-11-08T20:33:32.187+0900] {processor.py:156} INFO - Started process (PID=11018) to work on /home/steve/.local/lib/python3.8/site-packages/airflow/example_dags/example_python_operator.py
[2022-11-08T20:33:32.187+0900] {processor.py:758} INFO - Processing file /home/steve/.local/lib/python3.8/site-packages/airflow/example_dags/example_python_operator.py for tasks to queue
[2022-11-08T20:33:32.188+0900] {logging_mixin.py:117} INFO - [2022-11-08T20:33:32.188+0900] {dagbag.py:525} INFO - Filling up the DagBag from /home/steve/.local/lib/python3.8/site-packages/airflow/example_dags/example_python_operator.py
[2022-11-08T20:33:32.353+0900] {logging_mixin.py:117} INFO - [2022-11-08T20:33:32.352+0900] {example_python_operator.py:85} WARNING - The virtalenv_python example task requires virtualenv, please install it.
[2022-11-08T20:33:32.357+0900] {processor.py:768} INFO - DAG(s) dict_keys(['example_python_operator']) retrieved from /home/steve/.local/lib/python3.8/site-packages/airflow/example_dags/example_python_operator.py
[2022-11-08T20:33:32.370+0900] {logging_mixin.py:117} INFO - [2022-11-08T20:33:32.370+0900] {dag.py:2573} INFO - Sync 1 DAGs
[2022-11-08T20:33:32.380+0900] {logging_mixin.py:117} INFO - [2022-11-08T20:33:32.379+0900] {dag.py:3324} INFO - Setting next_dagrun for example_python_operator to None, run_after=None
[2022-11-08T20:33:32.394+0900] {processor.py:178} INFO - Processing /home/steve/.local/lib/python3.8/site-packages/airflow/example_dags/example_python_operator.py took 0.209 seconds
[2022-11-08T20:34:08.111+0900] {processor.py:156} INFO - Started process (PID=11053) to work on /home/steve/.local/lib/python3.8/site-packages/airflow/example_dags/example_python_operator.py
[2022-11-08T20:34:08.113+0900] {processor.py:758} INFO - Processing file /home/steve/.local/lib/python3.8/site-packages/airflow/example_dags/example_python_operator.py for tasks to queue
[2022-11-08T20:34:08.113+0900] {logging_mixin.py:117} INFO - [2022-11-08T20:34:08.113+0900] {dagbag.py:525} INFO - Filling up the DagBag from /home/steve/.local/lib/python3.8/site-packages/airflow/example_dags/example_python_operator.py
[2022-11-08T20:34:08.201+0900] {logging_mixin.py:117} INFO - [2022-11-08T20:34:08.200+0900] {example_python_operator.py:85} WARNING - The virtalenv_python example task requires virtualenv, please install it.
[2022-11-08T20:34:08.204+0900] {processor.py:768} INFO - DAG(s) dict_keys(['example_python_operator']) retrieved from /home/steve/.local/lib/python3.8/site-packages/airflow/example_dags/example_python_operator.py
[2022-11-08T20:34:08.217+0900] {logging_mixin.py:117} INFO - [2022-11-08T20:34:08.217+0900] {dag.py:2573} INFO - Sync 1 DAGs
[2022-11-08T20:34:08.226+0900] {logging_mixin.py:117} INFO - [2022-11-08T20:34:08.226+0900] {dag.py:3324} INFO - Setting next_dagrun for example_python_operator to None, run_after=None
[2022-11-08T20:34:08.241+0900] {processor.py:178} INFO - Processing /home/steve/.local/lib/python3.8/site-packages/airflow/example_dags/example_python_operator.py took 0.207 seconds
[2022-11-08T20:34:41.952+0900] {processor.py:156} INFO - Started process (PID=11088) to work on /home/steve/.local/lib/python3.8/site-packages/airflow/example_dags/example_python_operator.py
[2022-11-08T20:34:41.954+0900] {processor.py:758} INFO - Processing file /home/steve/.local/lib/python3.8/site-packages/airflow/example_dags/example_python_operator.py for tasks to queue
[2022-11-08T20:34:41.954+0900] {logging_mixin.py:117} INFO - [2022-11-08T20:34:41.954+0900] {dagbag.py:525} INFO - Filling up the DagBag from /home/steve/.local/lib/python3.8/site-packages/airflow/example_dags/example_python_operator.py
[2022-11-08T20:34:42.052+0900] {logging_mixin.py:117} INFO - [2022-11-08T20:34:42.052+0900] {example_python_operator.py:85} WARNING - The virtalenv_python example task requires virtualenv, please install it.
[2022-11-08T20:34:42.057+0900] {processor.py:768} INFO - DAG(s) dict_keys(['example_python_operator']) retrieved from /home/steve/.local/lib/python3.8/site-packages/airflow/example_dags/example_python_operator.py
[2022-11-08T20:34:42.074+0900] {logging_mixin.py:117} INFO - [2022-11-08T20:34:42.074+0900] {dag.py:2573} INFO - Sync 1 DAGs
[2022-11-08T20:34:42.084+0900] {logging_mixin.py:117} INFO - [2022-11-08T20:34:42.084+0900] {dag.py:3324} INFO - Setting next_dagrun for example_python_operator to None, run_after=None
[2022-11-08T20:34:42.104+0900] {processor.py:178} INFO - Processing /home/steve/.local/lib/python3.8/site-packages/airflow/example_dags/example_python_operator.py took 0.154 seconds
[2022-11-08T20:35:16.145+0900] {processor.py:156} INFO - Started process (PID=11124) to work on /home/steve/.local/lib/python3.8/site-packages/airflow/example_dags/example_python_operator.py
[2022-11-08T20:35:16.147+0900] {processor.py:758} INFO - Processing file /home/steve/.local/lib/python3.8/site-packages/airflow/example_dags/example_python_operator.py for tasks to queue
[2022-11-08T20:35:16.147+0900] {logging_mixin.py:117} INFO - [2022-11-08T20:35:16.147+0900] {dagbag.py:525} INFO - Filling up the DagBag from /home/steve/.local/lib/python3.8/site-packages/airflow/example_dags/example_python_operator.py
[2022-11-08T20:35:16.234+0900] {logging_mixin.py:117} INFO - [2022-11-08T20:35:16.233+0900] {example_python_operator.py:85} WARNING - The virtalenv_python example task requires virtualenv, please install it.
[2022-11-08T20:35:16.237+0900] {processor.py:768} INFO - DAG(s) dict_keys(['example_python_operator']) retrieved from /home/steve/.local/lib/python3.8/site-packages/airflow/example_dags/example_python_operator.py
[2022-11-08T20:35:16.253+0900] {logging_mixin.py:117} INFO - [2022-11-08T20:35:16.253+0900] {dag.py:2573} INFO - Sync 1 DAGs
[2022-11-08T20:35:16.263+0900] {logging_mixin.py:117} INFO - [2022-11-08T20:35:16.263+0900] {dag.py:3324} INFO - Setting next_dagrun for example_python_operator to None, run_after=None
[2022-11-08T20:35:16.278+0900] {processor.py:178} INFO - Processing /home/steve/.local/lib/python3.8/site-packages/airflow/example_dags/example_python_operator.py took 0.135 seconds
[2022-11-08T20:35:52.731+0900] {processor.py:156} INFO - Started process (PID=11162) to work on /home/steve/.local/lib/python3.8/site-packages/airflow/example_dags/example_python_operator.py
[2022-11-08T20:35:52.733+0900] {processor.py:758} INFO - Processing file /home/steve/.local/lib/python3.8/site-packages/airflow/example_dags/example_python_operator.py for tasks to queue
[2022-11-08T20:35:52.733+0900] {logging_mixin.py:117} INFO - [2022-11-08T20:35:52.733+0900] {dagbag.py:525} INFO - Filling up the DagBag from /home/steve/.local/lib/python3.8/site-packages/airflow/example_dags/example_python_operator.py
[2022-11-08T20:35:52.828+0900] {logging_mixin.py:117} INFO - [2022-11-08T20:35:52.828+0900] {example_python_operator.py:85} WARNING - The virtalenv_python example task requires virtualenv, please install it.
[2022-11-08T20:35:52.832+0900] {processor.py:768} INFO - DAG(s) dict_keys(['example_python_operator']) retrieved from /home/steve/.local/lib/python3.8/site-packages/airflow/example_dags/example_python_operator.py
[2022-11-08T20:35:52.848+0900] {logging_mixin.py:117} INFO - [2022-11-08T20:35:52.848+0900] {dag.py:2573} INFO - Sync 1 DAGs
[2022-11-08T20:35:52.858+0900] {logging_mixin.py:117} INFO - [2022-11-08T20:35:52.858+0900] {dag.py:3324} INFO - Setting next_dagrun for example_python_operator to None, run_after=None
[2022-11-08T20:35:52.873+0900] {processor.py:178} INFO - Processing /home/steve/.local/lib/python3.8/site-packages/airflow/example_dags/example_python_operator.py took 0.144 seconds
[2022-11-08T20:36:27.556+0900] {processor.py:156} INFO - Started process (PID=11198) to work on /home/steve/.local/lib/python3.8/site-packages/airflow/example_dags/example_python_operator.py
[2022-11-08T20:36:27.556+0900] {processor.py:758} INFO - Processing file /home/steve/.local/lib/python3.8/site-packages/airflow/example_dags/example_python_operator.py for tasks to queue
[2022-11-08T20:36:27.557+0900] {logging_mixin.py:117} INFO - [2022-11-08T20:36:27.557+0900] {dagbag.py:525} INFO - Filling up the DagBag from /home/steve/.local/lib/python3.8/site-packages/airflow/example_dags/example_python_operator.py
[2022-11-08T20:36:27.652+0900] {logging_mixin.py:117} INFO - [2022-11-08T20:36:27.652+0900] {example_python_operator.py:85} WARNING - The virtalenv_python example task requires virtualenv, please install it.
[2022-11-08T20:36:27.656+0900] {processor.py:768} INFO - DAG(s) dict_keys(['example_python_operator']) retrieved from /home/steve/.local/lib/python3.8/site-packages/airflow/example_dags/example_python_operator.py
[2022-11-08T20:36:27.673+0900] {logging_mixin.py:117} INFO - [2022-11-08T20:36:27.673+0900] {dag.py:2573} INFO - Sync 1 DAGs
[2022-11-08T20:36:27.684+0900] {logging_mixin.py:117} INFO - [2022-11-08T20:36:27.684+0900] {dag.py:3324} INFO - Setting next_dagrun for example_python_operator to None, run_after=None
[2022-11-08T20:36:27.703+0900] {processor.py:178} INFO - Processing /home/steve/.local/lib/python3.8/site-packages/airflow/example_dags/example_python_operator.py took 0.149 seconds
[2022-11-08T20:37:02.701+0900] {processor.py:156} INFO - Started process (PID=11262) to work on /home/steve/.local/lib/python3.8/site-packages/airflow/example_dags/example_python_operator.py
[2022-11-08T20:37:02.703+0900] {processor.py:758} INFO - Processing file /home/steve/.local/lib/python3.8/site-packages/airflow/example_dags/example_python_operator.py for tasks to queue
[2022-11-08T20:37:02.704+0900] {logging_mixin.py:117} INFO - [2022-11-08T20:37:02.704+0900] {dagbag.py:525} INFO - Filling up the DagBag from /home/steve/.local/lib/python3.8/site-packages/airflow/example_dags/example_python_operator.py
[2022-11-08T20:37:02.792+0900] {logging_mixin.py:117} INFO - [2022-11-08T20:37:02.792+0900] {example_python_operator.py:85} WARNING - The virtalenv_python example task requires virtualenv, please install it.
[2022-11-08T20:37:02.796+0900] {processor.py:768} INFO - DAG(s) dict_keys(['example_python_operator']) retrieved from /home/steve/.local/lib/python3.8/site-packages/airflow/example_dags/example_python_operator.py
[2022-11-08T20:37:02.811+0900] {logging_mixin.py:117} INFO - [2022-11-08T20:37:02.811+0900] {dag.py:2573} INFO - Sync 1 DAGs
[2022-11-08T20:37:02.822+0900] {logging_mixin.py:117} INFO - [2022-11-08T20:37:02.821+0900] {dag.py:3324} INFO - Setting next_dagrun for example_python_operator to None, run_after=None
[2022-11-08T20:37:02.840+0900] {processor.py:178} INFO - Processing /home/steve/.local/lib/python3.8/site-packages/airflow/example_dags/example_python_operator.py took 0.140 seconds
[2022-11-08T20:37:36.885+0900] {processor.py:156} INFO - Started process (PID=11299) to work on /home/steve/.local/lib/python3.8/site-packages/airflow/example_dags/example_python_operator.py
[2022-11-08T20:37:36.887+0900] {processor.py:758} INFO - Processing file /home/steve/.local/lib/python3.8/site-packages/airflow/example_dags/example_python_operator.py for tasks to queue
[2022-11-08T20:37:36.887+0900] {logging_mixin.py:117} INFO - [2022-11-08T20:37:36.887+0900] {dagbag.py:525} INFO - Filling up the DagBag from /home/steve/.local/lib/python3.8/site-packages/airflow/example_dags/example_python_operator.py
[2022-11-08T20:37:36.974+0900] {logging_mixin.py:117} INFO - [2022-11-08T20:37:36.974+0900] {example_python_operator.py:85} WARNING - The virtalenv_python example task requires virtualenv, please install it.
[2022-11-08T20:37:36.977+0900] {processor.py:768} INFO - DAG(s) dict_keys(['example_python_operator']) retrieved from /home/steve/.local/lib/python3.8/site-packages/airflow/example_dags/example_python_operator.py
[2022-11-08T20:37:36.993+0900] {logging_mixin.py:117} INFO - [2022-11-08T20:37:36.993+0900] {dag.py:2573} INFO - Sync 1 DAGs
[2022-11-08T20:37:37.003+0900] {logging_mixin.py:117} INFO - [2022-11-08T20:37:37.003+0900] {dag.py:3324} INFO - Setting next_dagrun for example_python_operator to None, run_after=None
[2022-11-08T20:37:37.019+0900] {processor.py:178} INFO - Processing /home/steve/.local/lib/python3.8/site-packages/airflow/example_dags/example_python_operator.py took 0.136 seconds
[2022-11-08T20:38:12.409+0900] {processor.py:156} INFO - Started process (PID=11338) to work on /home/steve/.local/lib/python3.8/site-packages/airflow/example_dags/example_python_operator.py
[2022-11-08T20:38:12.411+0900] {processor.py:758} INFO - Processing file /home/steve/.local/lib/python3.8/site-packages/airflow/example_dags/example_python_operator.py for tasks to queue
[2022-11-08T20:38:12.411+0900] {logging_mixin.py:117} INFO - [2022-11-08T20:38:12.411+0900] {dagbag.py:525} INFO - Filling up the DagBag from /home/steve/.local/lib/python3.8/site-packages/airflow/example_dags/example_python_operator.py
[2022-11-08T20:38:12.502+0900] {logging_mixin.py:117} INFO - [2022-11-08T20:38:12.501+0900] {example_python_operator.py:85} WARNING - The virtalenv_python example task requires virtualenv, please install it.
[2022-11-08T20:38:12.505+0900] {processor.py:768} INFO - DAG(s) dict_keys(['example_python_operator']) retrieved from /home/steve/.local/lib/python3.8/site-packages/airflow/example_dags/example_python_operator.py
[2022-11-08T20:38:12.521+0900] {logging_mixin.py:117} INFO - [2022-11-08T20:38:12.521+0900] {dag.py:2573} INFO - Sync 1 DAGs
[2022-11-08T20:38:12.531+0900] {logging_mixin.py:117} INFO - [2022-11-08T20:38:12.531+0900] {dag.py:3324} INFO - Setting next_dagrun for example_python_operator to None, run_after=None
[2022-11-08T20:38:12.547+0900] {processor.py:178} INFO - Processing /home/steve/.local/lib/python3.8/site-packages/airflow/example_dags/example_python_operator.py took 0.139 seconds
[2022-11-08T20:38:47.264+0900] {processor.py:156} INFO - Started process (PID=11373) to work on /home/steve/.local/lib/python3.8/site-packages/airflow/example_dags/example_python_operator.py
[2022-11-08T20:38:47.267+0900] {processor.py:758} INFO - Processing file /home/steve/.local/lib/python3.8/site-packages/airflow/example_dags/example_python_operator.py for tasks to queue
[2022-11-08T20:38:47.267+0900] {logging_mixin.py:117} INFO - [2022-11-08T20:38:47.267+0900] {dagbag.py:525} INFO - Filling up the DagBag from /home/steve/.local/lib/python3.8/site-packages/airflow/example_dags/example_python_operator.py
[2022-11-08T20:38:47.355+0900] {logging_mixin.py:117} INFO - [2022-11-08T20:38:47.355+0900] {example_python_operator.py:85} WARNING - The virtalenv_python example task requires virtualenv, please install it.
[2022-11-08T20:38:47.359+0900] {processor.py:768} INFO - DAG(s) dict_keys(['example_python_operator']) retrieved from /home/steve/.local/lib/python3.8/site-packages/airflow/example_dags/example_python_operator.py
[2022-11-08T20:38:47.375+0900] {logging_mixin.py:117} INFO - [2022-11-08T20:38:47.375+0900] {dag.py:2573} INFO - Sync 1 DAGs
[2022-11-08T20:38:47.384+0900] {logging_mixin.py:117} INFO - [2022-11-08T20:38:47.384+0900] {dag.py:3324} INFO - Setting next_dagrun for example_python_operator to None, run_after=None
[2022-11-08T20:38:47.400+0900] {processor.py:178} INFO - Processing /home/steve/.local/lib/python3.8/site-packages/airflow/example_dags/example_python_operator.py took 0.137 seconds
[2022-11-08T20:39:20.914+0900] {processor.py:156} INFO - Started process (PID=11409) to work on /home/steve/.local/lib/python3.8/site-packages/airflow/example_dags/example_python_operator.py
[2022-11-08T20:39:20.916+0900] {processor.py:758} INFO - Processing file /home/steve/.local/lib/python3.8/site-packages/airflow/example_dags/example_python_operator.py for tasks to queue
[2022-11-08T20:39:20.916+0900] {logging_mixin.py:117} INFO - [2022-11-08T20:39:20.916+0900] {dagbag.py:525} INFO - Filling up the DagBag from /home/steve/.local/lib/python3.8/site-packages/airflow/example_dags/example_python_operator.py
[2022-11-08T20:39:21.013+0900] {logging_mixin.py:117} INFO - [2022-11-08T20:39:21.013+0900] {example_python_operator.py:85} WARNING - The virtalenv_python example task requires virtualenv, please install it.
[2022-11-08T20:39:21.017+0900] {processor.py:768} INFO - DAG(s) dict_keys(['example_python_operator']) retrieved from /home/steve/.local/lib/python3.8/site-packages/airflow/example_dags/example_python_operator.py
[2022-11-08T20:39:21.033+0900] {logging_mixin.py:117} INFO - [2022-11-08T20:39:21.033+0900] {dag.py:2573} INFO - Sync 1 DAGs
[2022-11-08T20:39:21.043+0900] {logging_mixin.py:117} INFO - [2022-11-08T20:39:21.043+0900] {dag.py:3324} INFO - Setting next_dagrun for example_python_operator to None, run_after=None
[2022-11-08T20:39:21.060+0900] {processor.py:178} INFO - Processing /home/steve/.local/lib/python3.8/site-packages/airflow/example_dags/example_python_operator.py took 0.148 seconds
[2022-11-08T20:39:59.627+0900] {processor.py:156} INFO - Started process (PID=11447) to work on /home/steve/.local/lib/python3.8/site-packages/airflow/example_dags/example_python_operator.py
[2022-11-08T20:39:59.629+0900] {processor.py:758} INFO - Processing file /home/steve/.local/lib/python3.8/site-packages/airflow/example_dags/example_python_operator.py for tasks to queue
[2022-11-08T20:39:59.629+0900] {logging_mixin.py:117} INFO - [2022-11-08T20:39:59.629+0900] {dagbag.py:525} INFO - Filling up the DagBag from /home/steve/.local/lib/python3.8/site-packages/airflow/example_dags/example_python_operator.py
[2022-11-08T20:39:59.727+0900] {logging_mixin.py:117} INFO - [2022-11-08T20:39:59.727+0900] {example_python_operator.py:85} WARNING - The virtalenv_python example task requires virtualenv, please install it.
[2022-11-08T20:39:59.731+0900] {processor.py:768} INFO - DAG(s) dict_keys(['example_python_operator']) retrieved from /home/steve/.local/lib/python3.8/site-packages/airflow/example_dags/example_python_operator.py
[2022-11-08T20:39:59.748+0900] {logging_mixin.py:117} INFO - [2022-11-08T20:39:59.748+0900] {dag.py:2573} INFO - Sync 1 DAGs
[2022-11-08T20:39:59.758+0900] {logging_mixin.py:117} INFO - [2022-11-08T20:39:59.758+0900] {dag.py:3324} INFO - Setting next_dagrun for example_python_operator to None, run_after=None
[2022-11-08T20:39:59.776+0900] {processor.py:178} INFO - Processing /home/steve/.local/lib/python3.8/site-packages/airflow/example_dags/example_python_operator.py took 0.151 seconds
[2022-11-08T20:40:35.385+0900] {processor.py:156} INFO - Started process (PID=11484) to work on /home/steve/.local/lib/python3.8/site-packages/airflow/example_dags/example_python_operator.py
[2022-11-08T20:40:35.387+0900] {processor.py:758} INFO - Processing file /home/steve/.local/lib/python3.8/site-packages/airflow/example_dags/example_python_operator.py for tasks to queue
[2022-11-08T20:40:35.387+0900] {logging_mixin.py:117} INFO - [2022-11-08T20:40:35.387+0900] {dagbag.py:525} INFO - Filling up the DagBag from /home/steve/.local/lib/python3.8/site-packages/airflow/example_dags/example_python_operator.py
[2022-11-08T20:40:35.475+0900] {logging_mixin.py:117} INFO - [2022-11-08T20:40:35.475+0900] {example_python_operator.py:85} WARNING - The virtalenv_python example task requires virtualenv, please install it.
[2022-11-08T20:40:35.478+0900] {processor.py:768} INFO - DAG(s) dict_keys(['example_python_operator']) retrieved from /home/steve/.local/lib/python3.8/site-packages/airflow/example_dags/example_python_operator.py
[2022-11-08T20:40:35.494+0900] {logging_mixin.py:117} INFO - [2022-11-08T20:40:35.494+0900] {dag.py:2573} INFO - Sync 1 DAGs
[2022-11-08T20:40:35.504+0900] {logging_mixin.py:117} INFO - [2022-11-08T20:40:35.504+0900] {dag.py:3324} INFO - Setting next_dagrun for example_python_operator to None, run_after=None
[2022-11-08T20:40:35.523+0900] {processor.py:178} INFO - Processing /home/steve/.local/lib/python3.8/site-packages/airflow/example_dags/example_python_operator.py took 0.139 seconds
[2022-11-08T20:41:12.666+0900] {processor.py:156} INFO - Started process (PID=11523) to work on /home/steve/.local/lib/python3.8/site-packages/airflow/example_dags/example_python_operator.py
[2022-11-08T20:41:12.668+0900] {processor.py:758} INFO - Processing file /home/steve/.local/lib/python3.8/site-packages/airflow/example_dags/example_python_operator.py for tasks to queue
[2022-11-08T20:41:12.669+0900] {logging_mixin.py:117} INFO - [2022-11-08T20:41:12.668+0900] {dagbag.py:525} INFO - Filling up the DagBag from /home/steve/.local/lib/python3.8/site-packages/airflow/example_dags/example_python_operator.py
[2022-11-08T20:41:12.769+0900] {logging_mixin.py:117} INFO - [2022-11-08T20:41:12.769+0900] {example_python_operator.py:85} WARNING - The virtalenv_python example task requires virtualenv, please install it.
[2022-11-08T20:41:12.773+0900] {processor.py:768} INFO - DAG(s) dict_keys(['example_python_operator']) retrieved from /home/steve/.local/lib/python3.8/site-packages/airflow/example_dags/example_python_operator.py
[2022-11-08T20:41:12.791+0900] {logging_mixin.py:117} INFO - [2022-11-08T20:41:12.790+0900] {dag.py:2573} INFO - Sync 1 DAGs
[2022-11-08T20:41:12.803+0900] {logging_mixin.py:117} INFO - [2022-11-08T20:41:12.803+0900] {dag.py:3324} INFO - Setting next_dagrun for example_python_operator to None, run_after=None
[2022-11-08T20:41:12.822+0900] {processor.py:178} INFO - Processing /home/steve/.local/lib/python3.8/site-packages/airflow/example_dags/example_python_operator.py took 0.157 seconds
[2022-11-08T20:41:46.578+0900] {processor.py:156} INFO - Started process (PID=11558) to work on /home/steve/.local/lib/python3.8/site-packages/airflow/example_dags/example_python_operator.py
[2022-11-08T20:41:46.581+0900] {processor.py:758} INFO - Processing file /home/steve/.local/lib/python3.8/site-packages/airflow/example_dags/example_python_operator.py for tasks to queue
[2022-11-08T20:41:46.581+0900] {logging_mixin.py:117} INFO - [2022-11-08T20:41:46.581+0900] {dagbag.py:525} INFO - Filling up the DagBag from /home/steve/.local/lib/python3.8/site-packages/airflow/example_dags/example_python_operator.py
[2022-11-08T20:41:46.668+0900] {logging_mixin.py:117} INFO - [2022-11-08T20:41:46.667+0900] {example_python_operator.py:85} WARNING - The virtalenv_python example task requires virtualenv, please install it.
[2022-11-08T20:41:46.671+0900] {processor.py:768} INFO - DAG(s) dict_keys(['example_python_operator']) retrieved from /home/steve/.local/lib/python3.8/site-packages/airflow/example_dags/example_python_operator.py
[2022-11-08T20:41:46.688+0900] {logging_mixin.py:117} INFO - [2022-11-08T20:41:46.688+0900] {dag.py:2573} INFO - Sync 1 DAGs
[2022-11-08T20:41:46.698+0900] {logging_mixin.py:117} INFO - [2022-11-08T20:41:46.698+0900] {dag.py:3324} INFO - Setting next_dagrun for example_python_operator to None, run_after=None
[2022-11-08T20:41:46.714+0900] {processor.py:178} INFO - Processing /home/steve/.local/lib/python3.8/site-packages/airflow/example_dags/example_python_operator.py took 0.137 seconds
[2022-11-08T20:42:22.747+0900] {processor.py:156} INFO - Started process (PID=11624) to work on /home/steve/.local/lib/python3.8/site-packages/airflow/example_dags/example_python_operator.py
[2022-11-08T20:42:22.749+0900] {processor.py:758} INFO - Processing file /home/steve/.local/lib/python3.8/site-packages/airflow/example_dags/example_python_operator.py for tasks to queue
[2022-11-08T20:42:22.749+0900] {logging_mixin.py:117} INFO - [2022-11-08T20:42:22.749+0900] {dagbag.py:525} INFO - Filling up the DagBag from /home/steve/.local/lib/python3.8/site-packages/airflow/example_dags/example_python_operator.py
[2022-11-08T20:42:22.840+0900] {logging_mixin.py:117} INFO - [2022-11-08T20:42:22.840+0900] {example_python_operator.py:85} WARNING - The virtalenv_python example task requires virtualenv, please install it.
[2022-11-08T20:42:22.843+0900] {processor.py:768} INFO - DAG(s) dict_keys(['example_python_operator']) retrieved from /home/steve/.local/lib/python3.8/site-packages/airflow/example_dags/example_python_operator.py
[2022-11-08T20:42:22.859+0900] {logging_mixin.py:117} INFO - [2022-11-08T20:42:22.859+0900] {dag.py:2573} INFO - Sync 1 DAGs
[2022-11-08T20:42:22.869+0900] {logging_mixin.py:117} INFO - [2022-11-08T20:42:22.869+0900] {dag.py:3324} INFO - Setting next_dagrun for example_python_operator to None, run_after=None
[2022-11-08T20:42:22.885+0900] {processor.py:178} INFO - Processing /home/steve/.local/lib/python3.8/site-packages/airflow/example_dags/example_python_operator.py took 0.140 seconds
[2022-11-08T20:42:55.089+0900] {processor.py:156} INFO - Started process (PID=11659) to work on /home/steve/.local/lib/python3.8/site-packages/airflow/example_dags/example_python_operator.py
[2022-11-08T20:42:55.091+0900] {processor.py:758} INFO - Processing file /home/steve/.local/lib/python3.8/site-packages/airflow/example_dags/example_python_operator.py for tasks to queue
[2022-11-08T20:42:55.091+0900] {logging_mixin.py:117} INFO - [2022-11-08T20:42:55.091+0900] {dagbag.py:525} INFO - Filling up the DagBag from /home/steve/.local/lib/python3.8/site-packages/airflow/example_dags/example_python_operator.py
[2022-11-08T20:42:55.197+0900] {logging_mixin.py:117} INFO - [2022-11-08T20:42:55.196+0900] {example_python_operator.py:85} WARNING - The virtalenv_python example task requires virtualenv, please install it.
[2022-11-08T20:42:55.202+0900] {processor.py:768} INFO - DAG(s) dict_keys(['example_python_operator']) retrieved from /home/steve/.local/lib/python3.8/site-packages/airflow/example_dags/example_python_operator.py
[2022-11-08T20:42:55.221+0900] {logging_mixin.py:117} INFO - [2022-11-08T20:42:55.221+0900] {dag.py:2573} INFO - Sync 1 DAGs
[2022-11-08T20:42:55.234+0900] {logging_mixin.py:117} INFO - [2022-11-08T20:42:55.234+0900] {dag.py:3324} INFO - Setting next_dagrun for example_python_operator to None, run_after=None
[2022-11-08T20:42:55.254+0900] {processor.py:178} INFO - Processing /home/steve/.local/lib/python3.8/site-packages/airflow/example_dags/example_python_operator.py took 0.167 seconds
[2022-11-08T20:43:30.050+0900] {processor.py:156} INFO - Started process (PID=11694) to work on /home/steve/.local/lib/python3.8/site-packages/airflow/example_dags/example_python_operator.py
[2022-11-08T20:43:30.051+0900] {processor.py:758} INFO - Processing file /home/steve/.local/lib/python3.8/site-packages/airflow/example_dags/example_python_operator.py for tasks to queue
[2022-11-08T20:43:30.051+0900] {logging_mixin.py:117} INFO - [2022-11-08T20:43:30.051+0900] {dagbag.py:525} INFO - Filling up the DagBag from /home/steve/.local/lib/python3.8/site-packages/airflow/example_dags/example_python_operator.py
[2022-11-08T20:43:30.151+0900] {logging_mixin.py:117} INFO - [2022-11-08T20:43:30.151+0900] {example_python_operator.py:85} WARNING - The virtalenv_python example task requires virtualenv, please install it.
[2022-11-08T20:43:30.155+0900] {processor.py:768} INFO - DAG(s) dict_keys(['example_python_operator']) retrieved from /home/steve/.local/lib/python3.8/site-packages/airflow/example_dags/example_python_operator.py
[2022-11-08T20:43:30.172+0900] {logging_mixin.py:117} INFO - [2022-11-08T20:43:30.172+0900] {dag.py:2573} INFO - Sync 1 DAGs
[2022-11-08T20:43:30.183+0900] {logging_mixin.py:117} INFO - [2022-11-08T20:43:30.183+0900] {dag.py:3324} INFO - Setting next_dagrun for example_python_operator to None, run_after=None
[2022-11-08T20:43:30.203+0900] {processor.py:178} INFO - Processing /home/steve/.local/lib/python3.8/site-packages/airflow/example_dags/example_python_operator.py took 0.155 seconds
[2022-11-08T20:44:04.348+0900] {processor.py:156} INFO - Started process (PID=11731) to work on /home/steve/.local/lib/python3.8/site-packages/airflow/example_dags/example_python_operator.py
[2022-11-08T20:44:04.349+0900] {processor.py:758} INFO - Processing file /home/steve/.local/lib/python3.8/site-packages/airflow/example_dags/example_python_operator.py for tasks to queue
[2022-11-08T20:44:04.349+0900] {logging_mixin.py:117} INFO - [2022-11-08T20:44:04.349+0900] {dagbag.py:525} INFO - Filling up the DagBag from /home/steve/.local/lib/python3.8/site-packages/airflow/example_dags/example_python_operator.py
[2022-11-08T20:44:04.449+0900] {logging_mixin.py:117} INFO - [2022-11-08T20:44:04.449+0900] {example_python_operator.py:85} WARNING - The virtalenv_python example task requires virtualenv, please install it.
[2022-11-08T20:44:04.453+0900] {processor.py:768} INFO - DAG(s) dict_keys(['example_python_operator']) retrieved from /home/steve/.local/lib/python3.8/site-packages/airflow/example_dags/example_python_operator.py
[2022-11-08T20:44:04.471+0900] {logging_mixin.py:117} INFO - [2022-11-08T20:44:04.470+0900] {dag.py:2573} INFO - Sync 1 DAGs
[2022-11-08T20:44:04.483+0900] {logging_mixin.py:117} INFO - [2022-11-08T20:44:04.483+0900] {dag.py:3324} INFO - Setting next_dagrun for example_python_operator to None, run_after=None
[2022-11-08T20:44:04.501+0900] {processor.py:178} INFO - Processing /home/steve/.local/lib/python3.8/site-packages/airflow/example_dags/example_python_operator.py took 0.154 seconds
[2022-11-08T20:44:39.303+0900] {processor.py:156} INFO - Started process (PID=11768) to work on /home/steve/.local/lib/python3.8/site-packages/airflow/example_dags/example_python_operator.py
[2022-11-08T20:44:39.304+0900] {processor.py:758} INFO - Processing file /home/steve/.local/lib/python3.8/site-packages/airflow/example_dags/example_python_operator.py for tasks to queue
[2022-11-08T20:44:39.304+0900] {logging_mixin.py:117} INFO - [2022-11-08T20:44:39.304+0900] {dagbag.py:525} INFO - Filling up the DagBag from /home/steve/.local/lib/python3.8/site-packages/airflow/example_dags/example_python_operator.py
[2022-11-08T20:44:39.403+0900] {logging_mixin.py:117} INFO - [2022-11-08T20:44:39.403+0900] {example_python_operator.py:85} WARNING - The virtalenv_python example task requires virtualenv, please install it.
[2022-11-08T20:44:39.407+0900] {processor.py:768} INFO - DAG(s) dict_keys(['example_python_operator']) retrieved from /home/steve/.local/lib/python3.8/site-packages/airflow/example_dags/example_python_operator.py
[2022-11-08T20:44:39.425+0900] {logging_mixin.py:117} INFO - [2022-11-08T20:44:39.425+0900] {dag.py:2573} INFO - Sync 1 DAGs
[2022-11-08T20:44:39.437+0900] {logging_mixin.py:117} INFO - [2022-11-08T20:44:39.437+0900] {dag.py:3324} INFO - Setting next_dagrun for example_python_operator to None, run_after=None
[2022-11-08T20:44:39.456+0900] {processor.py:178} INFO - Processing /home/steve/.local/lib/python3.8/site-packages/airflow/example_dags/example_python_operator.py took 0.154 seconds
[2022-11-08T20:45:18.117+0900] {processor.py:156} INFO - Started process (PID=11807) to work on /home/steve/.local/lib/python3.8/site-packages/airflow/example_dags/example_python_operator.py
[2022-11-08T20:45:18.119+0900] {processor.py:758} INFO - Processing file /home/steve/.local/lib/python3.8/site-packages/airflow/example_dags/example_python_operator.py for tasks to queue
[2022-11-08T20:45:18.119+0900] {logging_mixin.py:117} INFO - [2022-11-08T20:45:18.119+0900] {dagbag.py:525} INFO - Filling up the DagBag from /home/steve/.local/lib/python3.8/site-packages/airflow/example_dags/example_python_operator.py
[2022-11-08T20:45:18.209+0900] {logging_mixin.py:117} INFO - [2022-11-08T20:45:18.209+0900] {example_python_operator.py:85} WARNING - The virtalenv_python example task requires virtualenv, please install it.
[2022-11-08T20:45:18.212+0900] {processor.py:768} INFO - DAG(s) dict_keys(['example_python_operator']) retrieved from /home/steve/.local/lib/python3.8/site-packages/airflow/example_dags/example_python_operator.py
[2022-11-08T20:45:18.229+0900] {logging_mixin.py:117} INFO - [2022-11-08T20:45:18.228+0900] {dag.py:2573} INFO - Sync 1 DAGs
[2022-11-08T20:45:18.238+0900] {logging_mixin.py:117} INFO - [2022-11-08T20:45:18.238+0900] {dag.py:3324} INFO - Setting next_dagrun for example_python_operator to None, run_after=None
[2022-11-08T20:45:18.255+0900] {processor.py:178} INFO - Processing /home/steve/.local/lib/python3.8/site-packages/airflow/example_dags/example_python_operator.py took 0.140 seconds
[2022-11-08T20:45:52.435+0900] {processor.py:156} INFO - Started process (PID=11843) to work on /home/steve/.local/lib/python3.8/site-packages/airflow/example_dags/example_python_operator.py
[2022-11-08T20:45:52.438+0900] {processor.py:758} INFO - Processing file /home/steve/.local/lib/python3.8/site-packages/airflow/example_dags/example_python_operator.py for tasks to queue
[2022-11-08T20:45:52.438+0900] {logging_mixin.py:117} INFO - [2022-11-08T20:45:52.438+0900] {dagbag.py:525} INFO - Filling up the DagBag from /home/steve/.local/lib/python3.8/site-packages/airflow/example_dags/example_python_operator.py
[2022-11-08T20:45:52.543+0900] {logging_mixin.py:117} INFO - [2022-11-08T20:45:52.543+0900] {example_python_operator.py:85} WARNING - The virtalenv_python example task requires virtualenv, please install it.
[2022-11-08T20:45:52.547+0900] {processor.py:768} INFO - DAG(s) dict_keys(['example_python_operator']) retrieved from /home/steve/.local/lib/python3.8/site-packages/airflow/example_dags/example_python_operator.py
[2022-11-08T20:45:52.563+0900] {logging_mixin.py:117} INFO - [2022-11-08T20:45:52.563+0900] {dag.py:2573} INFO - Sync 1 DAGs
[2022-11-08T20:45:52.573+0900] {logging_mixin.py:117} INFO - [2022-11-08T20:45:52.573+0900] {dag.py:3324} INFO - Setting next_dagrun for example_python_operator to None, run_after=None
[2022-11-08T20:45:52.589+0900] {processor.py:178} INFO - Processing /home/steve/.local/lib/python3.8/site-packages/airflow/example_dags/example_python_operator.py took 0.155 seconds
[2022-11-08T20:46:34.038+0900] {processor.py:156} INFO - Started process (PID=11884) to work on /home/steve/.local/lib/python3.8/site-packages/airflow/example_dags/example_python_operator.py
[2022-11-08T20:46:34.040+0900] {processor.py:758} INFO - Processing file /home/steve/.local/lib/python3.8/site-packages/airflow/example_dags/example_python_operator.py for tasks to queue
[2022-11-08T20:46:34.040+0900] {logging_mixin.py:117} INFO - [2022-11-08T20:46:34.040+0900] {dagbag.py:525} INFO - Filling up the DagBag from /home/steve/.local/lib/python3.8/site-packages/airflow/example_dags/example_python_operator.py
[2022-11-08T20:46:34.139+0900] {logging_mixin.py:117} INFO - [2022-11-08T20:46:34.139+0900] {example_python_operator.py:85} WARNING - The virtalenv_python example task requires virtualenv, please install it.
[2022-11-08T20:46:34.143+0900] {processor.py:768} INFO - DAG(s) dict_keys(['example_python_operator']) retrieved from /home/steve/.local/lib/python3.8/site-packages/airflow/example_dags/example_python_operator.py
[2022-11-08T20:46:34.160+0900] {logging_mixin.py:117} INFO - [2022-11-08T20:46:34.160+0900] {dag.py:2573} INFO - Sync 1 DAGs
[2022-11-08T20:46:34.172+0900] {logging_mixin.py:117} INFO - [2022-11-08T20:46:34.172+0900] {dag.py:3324} INFO - Setting next_dagrun for example_python_operator to None, run_after=None
[2022-11-08T20:46:34.190+0900] {processor.py:178} INFO - Processing /home/steve/.local/lib/python3.8/site-packages/airflow/example_dags/example_python_operator.py took 0.154 seconds
[2022-11-08T20:47:08.244+0900] {processor.py:156} INFO - Started process (PID=12032) to work on /home/steve/.local/lib/python3.8/site-packages/airflow/example_dags/example_python_operator.py
[2022-11-08T20:47:08.245+0900] {processor.py:758} INFO - Processing file /home/steve/.local/lib/python3.8/site-packages/airflow/example_dags/example_python_operator.py for tasks to queue
[2022-11-08T20:47:08.245+0900] {logging_mixin.py:117} INFO - [2022-11-08T20:47:08.245+0900] {dagbag.py:525} INFO - Filling up the DagBag from /home/steve/.local/lib/python3.8/site-packages/airflow/example_dags/example_python_operator.py
[2022-11-08T20:47:08.328+0900] {logging_mixin.py:117} INFO - [2022-11-08T20:47:08.328+0900] {example_python_operator.py:85} WARNING - The virtalenv_python example task requires virtualenv, please install it.
[2022-11-08T20:47:08.332+0900] {processor.py:768} INFO - DAG(s) dict_keys(['example_python_operator']) retrieved from /home/steve/.local/lib/python3.8/site-packages/airflow/example_dags/example_python_operator.py
[2022-11-08T20:47:08.348+0900] {logging_mixin.py:117} INFO - [2022-11-08T20:47:08.348+0900] {dag.py:2573} INFO - Sync 1 DAGs
[2022-11-08T20:47:08.359+0900] {logging_mixin.py:117} INFO - [2022-11-08T20:47:08.359+0900] {dag.py:3324} INFO - Setting next_dagrun for example_python_operator to None, run_after=None
[2022-11-08T20:47:08.377+0900] {processor.py:178} INFO - Processing /home/steve/.local/lib/python3.8/site-packages/airflow/example_dags/example_python_operator.py took 0.135 seconds
[2022-11-08T20:47:45.532+0900] {processor.py:156} INFO - Started process (PID=12245) to work on /home/steve/.local/lib/python3.8/site-packages/airflow/example_dags/example_python_operator.py
[2022-11-08T20:47:45.535+0900] {processor.py:758} INFO - Processing file /home/steve/.local/lib/python3.8/site-packages/airflow/example_dags/example_python_operator.py for tasks to queue
[2022-11-08T20:47:45.535+0900] {logging_mixin.py:117} INFO - [2022-11-08T20:47:45.535+0900] {dagbag.py:525} INFO - Filling up the DagBag from /home/steve/.local/lib/python3.8/site-packages/airflow/example_dags/example_python_operator.py
[2022-11-08T20:47:45.637+0900] {logging_mixin.py:117} INFO - [2022-11-08T20:47:45.637+0900] {example_python_operator.py:85} WARNING - The virtalenv_python example task requires virtualenv, please install it.
[2022-11-08T20:47:45.641+0900] {processor.py:768} INFO - DAG(s) dict_keys(['example_python_operator']) retrieved from /home/steve/.local/lib/python3.8/site-packages/airflow/example_dags/example_python_operator.py
[2022-11-08T20:47:45.659+0900] {logging_mixin.py:117} INFO - [2022-11-08T20:47:45.658+0900] {dag.py:2573} INFO - Sync 1 DAGs
[2022-11-08T20:47:45.671+0900] {logging_mixin.py:117} INFO - [2022-11-08T20:47:45.671+0900] {dag.py:3324} INFO - Setting next_dagrun for example_python_operator to None, run_after=None
[2022-11-08T20:47:45.689+0900] {processor.py:178} INFO - Processing /home/steve/.local/lib/python3.8/site-packages/airflow/example_dags/example_python_operator.py took 0.158 seconds
[2022-11-08T20:48:23.342+0900] {processor.py:156} INFO - Started process (PID=12284) to work on /home/steve/.local/lib/python3.8/site-packages/airflow/example_dags/example_python_operator.py
[2022-11-08T20:48:23.343+0900] {processor.py:758} INFO - Processing file /home/steve/.local/lib/python3.8/site-packages/airflow/example_dags/example_python_operator.py for tasks to queue
[2022-11-08T20:48:23.343+0900] {logging_mixin.py:117} INFO - [2022-11-08T20:48:23.343+0900] {dagbag.py:525} INFO - Filling up the DagBag from /home/steve/.local/lib/python3.8/site-packages/airflow/example_dags/example_python_operator.py
[2022-11-08T20:48:23.444+0900] {logging_mixin.py:117} INFO - [2022-11-08T20:48:23.444+0900] {example_python_operator.py:85} WARNING - The virtalenv_python example task requires virtualenv, please install it.
[2022-11-08T20:48:23.449+0900] {processor.py:768} INFO - DAG(s) dict_keys(['example_python_operator']) retrieved from /home/steve/.local/lib/python3.8/site-packages/airflow/example_dags/example_python_operator.py
[2022-11-08T20:48:23.465+0900] {logging_mixin.py:117} INFO - [2022-11-08T20:48:23.465+0900] {dag.py:2573} INFO - Sync 1 DAGs
[2022-11-08T20:48:23.476+0900] {logging_mixin.py:117} INFO - [2022-11-08T20:48:23.476+0900] {dag.py:3324} INFO - Setting next_dagrun for example_python_operator to None, run_after=None
[2022-11-08T20:48:23.493+0900] {processor.py:178} INFO - Processing /home/steve/.local/lib/python3.8/site-packages/airflow/example_dags/example_python_operator.py took 0.153 seconds
[2022-11-08T20:48:58.902+0900] {processor.py:156} INFO - Started process (PID=12320) to work on /home/steve/.local/lib/python3.8/site-packages/airflow/example_dags/example_python_operator.py
[2022-11-08T20:48:58.904+0900] {processor.py:758} INFO - Processing file /home/steve/.local/lib/python3.8/site-packages/airflow/example_dags/example_python_operator.py for tasks to queue
[2022-11-08T20:48:58.904+0900] {logging_mixin.py:117} INFO - [2022-11-08T20:48:58.904+0900] {dagbag.py:525} INFO - Filling up the DagBag from /home/steve/.local/lib/python3.8/site-packages/airflow/example_dags/example_python_operator.py
[2022-11-08T20:48:59.001+0900] {logging_mixin.py:117} INFO - [2022-11-08T20:48:59.001+0900] {example_python_operator.py:85} WARNING - The virtalenv_python example task requires virtualenv, please install it.
[2022-11-08T20:48:59.005+0900] {processor.py:768} INFO - DAG(s) dict_keys(['example_python_operator']) retrieved from /home/steve/.local/lib/python3.8/site-packages/airflow/example_dags/example_python_operator.py
[2022-11-08T20:48:59.022+0900] {logging_mixin.py:117} INFO - [2022-11-08T20:48:59.022+0900] {dag.py:2573} INFO - Sync 1 DAGs
[2022-11-08T20:48:59.034+0900] {logging_mixin.py:117} INFO - [2022-11-08T20:48:59.033+0900] {dag.py:3324} INFO - Setting next_dagrun for example_python_operator to None, run_after=None
[2022-11-08T20:48:59.050+0900] {processor.py:178} INFO - Processing /home/steve/.local/lib/python3.8/site-packages/airflow/example_dags/example_python_operator.py took 0.150 seconds
[2022-11-08T20:49:33.186+0900] {processor.py:156} INFO - Started process (PID=12357) to work on /home/steve/.local/lib/python3.8/site-packages/airflow/example_dags/example_python_operator.py
[2022-11-08T20:49:33.187+0900] {processor.py:758} INFO - Processing file /home/steve/.local/lib/python3.8/site-packages/airflow/example_dags/example_python_operator.py for tasks to queue
[2022-11-08T20:49:33.187+0900] {logging_mixin.py:117} INFO - [2022-11-08T20:49:33.187+0900] {dagbag.py:525} INFO - Filling up the DagBag from /home/steve/.local/lib/python3.8/site-packages/airflow/example_dags/example_python_operator.py
[2022-11-08T20:49:33.289+0900] {logging_mixin.py:117} INFO - [2022-11-08T20:49:33.289+0900] {example_python_operator.py:85} WARNING - The virtalenv_python example task requires virtualenv, please install it.
[2022-11-08T20:49:33.293+0900] {processor.py:768} INFO - DAG(s) dict_keys(['example_python_operator']) retrieved from /home/steve/.local/lib/python3.8/site-packages/airflow/example_dags/example_python_operator.py
[2022-11-08T20:49:33.313+0900] {logging_mixin.py:117} INFO - [2022-11-08T20:49:33.313+0900] {dag.py:2573} INFO - Sync 1 DAGs
[2022-11-08T20:49:33.324+0900] {logging_mixin.py:117} INFO - [2022-11-08T20:49:33.324+0900] {dag.py:3324} INFO - Setting next_dagrun for example_python_operator to None, run_after=None
[2022-11-08T20:49:33.343+0900] {processor.py:178} INFO - Processing /home/steve/.local/lib/python3.8/site-packages/airflow/example_dags/example_python_operator.py took 0.158 seconds
[2022-11-08T20:50:06.309+0900] {processor.py:156} INFO - Started process (PID=12392) to work on /home/steve/.local/lib/python3.8/site-packages/airflow/example_dags/example_python_operator.py
[2022-11-08T20:50:06.311+0900] {processor.py:758} INFO - Processing file /home/steve/.local/lib/python3.8/site-packages/airflow/example_dags/example_python_operator.py for tasks to queue
[2022-11-08T20:50:06.312+0900] {logging_mixin.py:117} INFO - [2022-11-08T20:50:06.312+0900] {dagbag.py:525} INFO - Filling up the DagBag from /home/steve/.local/lib/python3.8/site-packages/airflow/example_dags/example_python_operator.py
[2022-11-08T20:50:06.411+0900] {logging_mixin.py:117} INFO - [2022-11-08T20:50:06.411+0900] {example_python_operator.py:85} WARNING - The virtalenv_python example task requires virtualenv, please install it.
[2022-11-08T20:50:06.415+0900] {processor.py:768} INFO - DAG(s) dict_keys(['example_python_operator']) retrieved from /home/steve/.local/lib/python3.8/site-packages/airflow/example_dags/example_python_operator.py
[2022-11-08T20:50:06.432+0900] {logging_mixin.py:117} INFO - [2022-11-08T20:50:06.432+0900] {dag.py:2573} INFO - Sync 1 DAGs
[2022-11-08T20:50:06.442+0900] {logging_mixin.py:117} INFO - [2022-11-08T20:50:06.442+0900] {dag.py:3324} INFO - Setting next_dagrun for example_python_operator to None, run_after=None
[2022-11-08T20:50:06.459+0900] {processor.py:178} INFO - Processing /home/steve/.local/lib/python3.8/site-packages/airflow/example_dags/example_python_operator.py took 0.152 seconds
[2022-11-08T20:50:43.550+0900] {processor.py:156} INFO - Started process (PID=12583) to work on /home/steve/.local/lib/python3.8/site-packages/airflow/example_dags/example_python_operator.py
[2022-11-08T20:50:43.552+0900] {processor.py:758} INFO - Processing file /home/steve/.local/lib/python3.8/site-packages/airflow/example_dags/example_python_operator.py for tasks to queue
[2022-11-08T20:50:43.552+0900] {logging_mixin.py:117} INFO - [2022-11-08T20:50:43.552+0900] {dagbag.py:525} INFO - Filling up the DagBag from /home/steve/.local/lib/python3.8/site-packages/airflow/example_dags/example_python_operator.py
[2022-11-08T20:50:43.644+0900] {logging_mixin.py:117} INFO - [2022-11-08T20:50:43.643+0900] {example_python_operator.py:85} WARNING - The virtalenv_python example task requires virtualenv, please install it.
[2022-11-08T20:50:43.648+0900] {processor.py:768} INFO - DAG(s) dict_keys(['example_python_operator']) retrieved from /home/steve/.local/lib/python3.8/site-packages/airflow/example_dags/example_python_operator.py
[2022-11-08T20:50:43.663+0900] {logging_mixin.py:117} INFO - [2022-11-08T20:50:43.663+0900] {dag.py:2573} INFO - Sync 1 DAGs
[2022-11-08T20:50:43.673+0900] {logging_mixin.py:117} INFO - [2022-11-08T20:50:43.673+0900] {dag.py:3324} INFO - Setting next_dagrun for example_python_operator to None, run_after=None
[2022-11-08T20:50:43.689+0900] {processor.py:178} INFO - Processing /home/steve/.local/lib/python3.8/site-packages/airflow/example_dags/example_python_operator.py took 0.141 seconds
