[2022-11-08T19:44:52.351+0900] {processor.py:156} INFO - Started process (PID=7367) to work on /home/steve/.local/lib/python3.8/site-packages/airflow/example_dags/example_kubernetes_executor.py
[2022-11-08T19:44:52.352+0900] {processor.py:758} INFO - Processing file /home/steve/.local/lib/python3.8/site-packages/airflow/example_dags/example_kubernetes_executor.py for tasks to queue
[2022-11-08T19:44:52.352+0900] {logging_mixin.py:117} INFO - [2022-11-08T19:44:52.352+0900] {dagbag.py:525} INFO - Filling up the DagBag from /home/steve/.local/lib/python3.8/site-packages/airflow/example_dags/example_kubernetes_executor.py
[2022-11-08T19:44:52.360+0900] {logging_mixin.py:117} INFO - [2022-11-08T19:44:52.359+0900] {example_kubernetes_executor.py:41} WARNING - The example_kubernetes_executor example DAG requires the kubernetes provider. Please install it with: pip install apache-airflow[cncf.kubernetes]
[2022-11-08T19:44:52.360+0900] {processor.py:770} WARNING - No viable dags retrieved from /home/steve/.local/lib/python3.8/site-packages/airflow/example_dags/example_kubernetes_executor.py
[2022-11-08T19:44:52.364+0900] {processor.py:178} INFO - Processing /home/steve/.local/lib/python3.8/site-packages/airflow/example_dags/example_kubernetes_executor.py took 0.014 seconds
[2022-11-08T19:45:28.805+0900] {processor.py:156} INFO - Started process (PID=7637) to work on /home/steve/.local/lib/python3.8/site-packages/airflow/example_dags/example_kubernetes_executor.py
[2022-11-08T19:45:28.808+0900] {processor.py:758} INFO - Processing file /home/steve/.local/lib/python3.8/site-packages/airflow/example_dags/example_kubernetes_executor.py for tasks to queue
[2022-11-08T19:45:28.808+0900] {logging_mixin.py:117} INFO - [2022-11-08T19:45:28.808+0900] {dagbag.py:525} INFO - Filling up the DagBag from /home/steve/.local/lib/python3.8/site-packages/airflow/example_dags/example_kubernetes_executor.py
[2022-11-08T19:45:28.816+0900] {logging_mixin.py:117} INFO - [2022-11-08T19:45:28.816+0900] {example_kubernetes_executor.py:41} WARNING - The example_kubernetes_executor example DAG requires the kubernetes provider. Please install it with: pip install apache-airflow[cncf.kubernetes]
[2022-11-08T19:45:28.816+0900] {processor.py:770} WARNING - No viable dags retrieved from /home/steve/.local/lib/python3.8/site-packages/airflow/example_dags/example_kubernetes_executor.py
[2022-11-08T19:45:28.820+0900] {processor.py:178} INFO - Processing /home/steve/.local/lib/python3.8/site-packages/airflow/example_dags/example_kubernetes_executor.py took 0.017 seconds
[2022-11-08T19:46:04.861+0900] {processor.py:156} INFO - Started process (PID=7793) to work on /home/steve/.local/lib/python3.8/site-packages/airflow/example_dags/example_kubernetes_executor.py
[2022-11-08T19:46:04.862+0900] {processor.py:758} INFO - Processing file /home/steve/.local/lib/python3.8/site-packages/airflow/example_dags/example_kubernetes_executor.py for tasks to queue
[2022-11-08T19:46:04.863+0900] {logging_mixin.py:117} INFO - [2022-11-08T19:46:04.862+0900] {dagbag.py:525} INFO - Filling up the DagBag from /home/steve/.local/lib/python3.8/site-packages/airflow/example_dags/example_kubernetes_executor.py
[2022-11-08T19:46:04.870+0900] {logging_mixin.py:117} INFO - [2022-11-08T19:46:04.870+0900] {example_kubernetes_executor.py:41} WARNING - The example_kubernetes_executor example DAG requires the kubernetes provider. Please install it with: pip install apache-airflow[cncf.kubernetes]
[2022-11-08T19:46:04.870+0900] {processor.py:770} WARNING - No viable dags retrieved from /home/steve/.local/lib/python3.8/site-packages/airflow/example_dags/example_kubernetes_executor.py
[2022-11-08T19:46:04.875+0900] {processor.py:178} INFO - Processing /home/steve/.local/lib/python3.8/site-packages/airflow/example_dags/example_kubernetes_executor.py took 0.015 seconds
[2022-11-08T19:46:40.861+0900] {processor.py:156} INFO - Started process (PID=7829) to work on /home/steve/.local/lib/python3.8/site-packages/airflow/example_dags/example_kubernetes_executor.py
[2022-11-08T19:46:40.863+0900] {processor.py:758} INFO - Processing file /home/steve/.local/lib/python3.8/site-packages/airflow/example_dags/example_kubernetes_executor.py for tasks to queue
[2022-11-08T19:46:40.863+0900] {logging_mixin.py:117} INFO - [2022-11-08T19:46:40.863+0900] {dagbag.py:525} INFO - Filling up the DagBag from /home/steve/.local/lib/python3.8/site-packages/airflow/example_dags/example_kubernetes_executor.py
[2022-11-08T19:46:40.870+0900] {logging_mixin.py:117} INFO - [2022-11-08T19:46:40.870+0900] {example_kubernetes_executor.py:41} WARNING - The example_kubernetes_executor example DAG requires the kubernetes provider. Please install it with: pip install apache-airflow[cncf.kubernetes]
[2022-11-08T19:46:40.870+0900] {processor.py:770} WARNING - No viable dags retrieved from /home/steve/.local/lib/python3.8/site-packages/airflow/example_dags/example_kubernetes_executor.py
[2022-11-08T19:46:40.875+0900] {processor.py:178} INFO - Processing /home/steve/.local/lib/python3.8/site-packages/airflow/example_dags/example_kubernetes_executor.py took 0.015 seconds
[2022-11-08T19:47:17.484+0900] {processor.py:156} INFO - Started process (PID=7907) to work on /home/steve/.local/lib/python3.8/site-packages/airflow/example_dags/example_kubernetes_executor.py
[2022-11-08T19:47:17.486+0900] {processor.py:758} INFO - Processing file /home/steve/.local/lib/python3.8/site-packages/airflow/example_dags/example_kubernetes_executor.py for tasks to queue
[2022-11-08T19:47:17.487+0900] {logging_mixin.py:117} INFO - [2022-11-08T19:47:17.487+0900] {dagbag.py:525} INFO - Filling up the DagBag from /home/steve/.local/lib/python3.8/site-packages/airflow/example_dags/example_kubernetes_executor.py
[2022-11-08T19:47:17.494+0900] {logging_mixin.py:117} INFO - [2022-11-08T19:47:17.494+0900] {example_kubernetes_executor.py:41} WARNING - The example_kubernetes_executor example DAG requires the kubernetes provider. Please install it with: pip install apache-airflow[cncf.kubernetes]
[2022-11-08T19:47:17.494+0900] {processor.py:770} WARNING - No viable dags retrieved from /home/steve/.local/lib/python3.8/site-packages/airflow/example_dags/example_kubernetes_executor.py
[2022-11-08T19:47:17.498+0900] {processor.py:178} INFO - Processing /home/steve/.local/lib/python3.8/site-packages/airflow/example_dags/example_kubernetes_executor.py took 0.016 seconds
[2022-11-08T19:47:54.134+0900] {processor.py:156} INFO - Started process (PID=7943) to work on /home/steve/.local/lib/python3.8/site-packages/airflow/example_dags/example_kubernetes_executor.py
[2022-11-08T19:47:54.136+0900] {processor.py:758} INFO - Processing file /home/steve/.local/lib/python3.8/site-packages/airflow/example_dags/example_kubernetes_executor.py for tasks to queue
[2022-11-08T19:47:54.136+0900] {logging_mixin.py:117} INFO - [2022-11-08T19:47:54.136+0900] {dagbag.py:525} INFO - Filling up the DagBag from /home/steve/.local/lib/python3.8/site-packages/airflow/example_dags/example_kubernetes_executor.py
[2022-11-08T19:47:54.143+0900] {logging_mixin.py:117} INFO - [2022-11-08T19:47:54.143+0900] {example_kubernetes_executor.py:41} WARNING - The example_kubernetes_executor example DAG requires the kubernetes provider. Please install it with: pip install apache-airflow[cncf.kubernetes]
[2022-11-08T19:47:54.143+0900] {processor.py:770} WARNING - No viable dags retrieved from /home/steve/.local/lib/python3.8/site-packages/airflow/example_dags/example_kubernetes_executor.py
[2022-11-08T19:47:54.148+0900] {processor.py:178} INFO - Processing /home/steve/.local/lib/python3.8/site-packages/airflow/example_dags/example_kubernetes_executor.py took 0.015 seconds
[2022-11-08T19:48:33.892+0900] {processor.py:156} INFO - Started process (PID=7980) to work on /home/steve/.local/lib/python3.8/site-packages/airflow/example_dags/example_kubernetes_executor.py
[2022-11-08T19:48:33.894+0900] {processor.py:758} INFO - Processing file /home/steve/.local/lib/python3.8/site-packages/airflow/example_dags/example_kubernetes_executor.py for tasks to queue
[2022-11-08T19:48:33.895+0900] {logging_mixin.py:117} INFO - [2022-11-08T19:48:33.895+0900] {dagbag.py:525} INFO - Filling up the DagBag from /home/steve/.local/lib/python3.8/site-packages/airflow/example_dags/example_kubernetes_executor.py
[2022-11-08T19:48:33.901+0900] {logging_mixin.py:117} INFO - [2022-11-08T19:48:33.901+0900] {example_kubernetes_executor.py:41} WARNING - The example_kubernetes_executor example DAG requires the kubernetes provider. Please install it with: pip install apache-airflow[cncf.kubernetes]
[2022-11-08T19:48:33.901+0900] {processor.py:770} WARNING - No viable dags retrieved from /home/steve/.local/lib/python3.8/site-packages/airflow/example_dags/example_kubernetes_executor.py
[2022-11-08T19:48:33.906+0900] {processor.py:178} INFO - Processing /home/steve/.local/lib/python3.8/site-packages/airflow/example_dags/example_kubernetes_executor.py took 0.016 seconds
[2022-11-08T19:49:09.317+0900] {processor.py:156} INFO - Started process (PID=8015) to work on /home/steve/.local/lib/python3.8/site-packages/airflow/example_dags/example_kubernetes_executor.py
[2022-11-08T19:49:09.319+0900] {processor.py:758} INFO - Processing file /home/steve/.local/lib/python3.8/site-packages/airflow/example_dags/example_kubernetes_executor.py for tasks to queue
[2022-11-08T19:49:09.319+0900] {logging_mixin.py:117} INFO - [2022-11-08T19:49:09.319+0900] {dagbag.py:525} INFO - Filling up the DagBag from /home/steve/.local/lib/python3.8/site-packages/airflow/example_dags/example_kubernetes_executor.py
[2022-11-08T19:49:09.326+0900] {logging_mixin.py:117} INFO - [2022-11-08T19:49:09.326+0900] {example_kubernetes_executor.py:41} WARNING - The example_kubernetes_executor example DAG requires the kubernetes provider. Please install it with: pip install apache-airflow[cncf.kubernetes]
[2022-11-08T19:49:09.327+0900] {processor.py:770} WARNING - No viable dags retrieved from /home/steve/.local/lib/python3.8/site-packages/airflow/example_dags/example_kubernetes_executor.py
[2022-11-08T19:49:09.331+0900] {processor.py:178} INFO - Processing /home/steve/.local/lib/python3.8/site-packages/airflow/example_dags/example_kubernetes_executor.py took 0.016 seconds
[2022-11-08T19:49:44.103+0900] {processor.py:156} INFO - Started process (PID=8076) to work on /home/steve/.local/lib/python3.8/site-packages/airflow/example_dags/example_kubernetes_executor.py
[2022-11-08T19:49:44.105+0900] {processor.py:758} INFO - Processing file /home/steve/.local/lib/python3.8/site-packages/airflow/example_dags/example_kubernetes_executor.py for tasks to queue
[2022-11-08T19:49:44.105+0900] {logging_mixin.py:117} INFO - [2022-11-08T19:49:44.105+0900] {dagbag.py:525} INFO - Filling up the DagBag from /home/steve/.local/lib/python3.8/site-packages/airflow/example_dags/example_kubernetes_executor.py
[2022-11-08T19:49:44.112+0900] {logging_mixin.py:117} INFO - [2022-11-08T19:49:44.112+0900] {example_kubernetes_executor.py:41} WARNING - The example_kubernetes_executor example DAG requires the kubernetes provider. Please install it with: pip install apache-airflow[cncf.kubernetes]
[2022-11-08T19:49:44.112+0900] {processor.py:770} WARNING - No viable dags retrieved from /home/steve/.local/lib/python3.8/site-packages/airflow/example_dags/example_kubernetes_executor.py
[2022-11-08T19:49:44.117+0900] {processor.py:178} INFO - Processing /home/steve/.local/lib/python3.8/site-packages/airflow/example_dags/example_kubernetes_executor.py took 0.015 seconds
[2022-11-08T19:50:18.228+0900] {processor.py:156} INFO - Started process (PID=8110) to work on /home/steve/.local/lib/python3.8/site-packages/airflow/example_dags/example_kubernetes_executor.py
[2022-11-08T19:50:18.228+0900] {processor.py:758} INFO - Processing file /home/steve/.local/lib/python3.8/site-packages/airflow/example_dags/example_kubernetes_executor.py for tasks to queue
[2022-11-08T19:50:18.228+0900] {logging_mixin.py:117} INFO - [2022-11-08T19:50:18.228+0900] {dagbag.py:525} INFO - Filling up the DagBag from /home/steve/.local/lib/python3.8/site-packages/airflow/example_dags/example_kubernetes_executor.py
[2022-11-08T19:50:18.235+0900] {logging_mixin.py:117} INFO - [2022-11-08T19:50:18.235+0900] {example_kubernetes_executor.py:41} WARNING - The example_kubernetes_executor example DAG requires the kubernetes provider. Please install it with: pip install apache-airflow[cncf.kubernetes]
[2022-11-08T19:50:18.236+0900] {processor.py:770} WARNING - No viable dags retrieved from /home/steve/.local/lib/python3.8/site-packages/airflow/example_dags/example_kubernetes_executor.py
[2022-11-08T19:50:18.240+0900] {processor.py:178} INFO - Processing /home/steve/.local/lib/python3.8/site-packages/airflow/example_dags/example_kubernetes_executor.py took 0.014 seconds
[2022-11-08T19:50:53.552+0900] {processor.py:156} INFO - Started process (PID=8144) to work on /home/steve/.local/lib/python3.8/site-packages/airflow/example_dags/example_kubernetes_executor.py
[2022-11-08T19:50:53.553+0900] {processor.py:758} INFO - Processing file /home/steve/.local/lib/python3.8/site-packages/airflow/example_dags/example_kubernetes_executor.py for tasks to queue
[2022-11-08T19:50:53.553+0900] {logging_mixin.py:117} INFO - [2022-11-08T19:50:53.553+0900] {dagbag.py:525} INFO - Filling up the DagBag from /home/steve/.local/lib/python3.8/site-packages/airflow/example_dags/example_kubernetes_executor.py
[2022-11-08T19:50:53.560+0900] {logging_mixin.py:117} INFO - [2022-11-08T19:50:53.560+0900] {example_kubernetes_executor.py:41} WARNING - The example_kubernetes_executor example DAG requires the kubernetes provider. Please install it with: pip install apache-airflow[cncf.kubernetes]
[2022-11-08T19:50:53.560+0900] {processor.py:770} WARNING - No viable dags retrieved from /home/steve/.local/lib/python3.8/site-packages/airflow/example_dags/example_kubernetes_executor.py
[2022-11-08T19:50:53.565+0900] {processor.py:178} INFO - Processing /home/steve/.local/lib/python3.8/site-packages/airflow/example_dags/example_kubernetes_executor.py took 0.014 seconds
[2022-11-08T19:51:30.936+0900] {processor.py:156} INFO - Started process (PID=8180) to work on /home/steve/.local/lib/python3.8/site-packages/airflow/example_dags/example_kubernetes_executor.py
[2022-11-08T19:51:30.938+0900] {processor.py:758} INFO - Processing file /home/steve/.local/lib/python3.8/site-packages/airflow/example_dags/example_kubernetes_executor.py for tasks to queue
[2022-11-08T19:51:30.938+0900] {logging_mixin.py:117} INFO - [2022-11-08T19:51:30.938+0900] {dagbag.py:525} INFO - Filling up the DagBag from /home/steve/.local/lib/python3.8/site-packages/airflow/example_dags/example_kubernetes_executor.py
[2022-11-08T19:51:31.012+0900] {logging_mixin.py:117} INFO - [2022-11-08T19:51:31.012+0900] {example_kubernetes_executor.py:41} WARNING - The example_kubernetes_executor example DAG requires the kubernetes provider. Please install it with: pip install apache-airflow[cncf.kubernetes]
[2022-11-08T19:51:31.012+0900] {processor.py:770} WARNING - No viable dags retrieved from /home/steve/.local/lib/python3.8/site-packages/airflow/example_dags/example_kubernetes_executor.py
[2022-11-08T19:51:31.015+0900] {processor.py:178} INFO - Processing /home/steve/.local/lib/python3.8/site-packages/airflow/example_dags/example_kubernetes_executor.py took 0.080 seconds
[2022-11-08T19:52:03.632+0900] {processor.py:156} INFO - Started process (PID=8214) to work on /home/steve/.local/lib/python3.8/site-packages/airflow/example_dags/example_kubernetes_executor.py
[2022-11-08T19:52:03.632+0900] {processor.py:758} INFO - Processing file /home/steve/.local/lib/python3.8/site-packages/airflow/example_dags/example_kubernetes_executor.py for tasks to queue
[2022-11-08T19:52:03.633+0900] {logging_mixin.py:117} INFO - [2022-11-08T19:52:03.633+0900] {dagbag.py:525} INFO - Filling up the DagBag from /home/steve/.local/lib/python3.8/site-packages/airflow/example_dags/example_kubernetes_executor.py
[2022-11-08T19:52:03.640+0900] {logging_mixin.py:117} INFO - [2022-11-08T19:52:03.640+0900] {example_kubernetes_executor.py:41} WARNING - The example_kubernetes_executor example DAG requires the kubernetes provider. Please install it with: pip install apache-airflow[cncf.kubernetes]
[2022-11-08T19:52:03.640+0900] {processor.py:770} WARNING - No viable dags retrieved from /home/steve/.local/lib/python3.8/site-packages/airflow/example_dags/example_kubernetes_executor.py
[2022-11-08T19:52:03.644+0900] {processor.py:178} INFO - Processing /home/steve/.local/lib/python3.8/site-packages/airflow/example_dags/example_kubernetes_executor.py took 0.014 seconds
[2022-11-08T19:52:37.091+0900] {processor.py:156} INFO - Started process (PID=8250) to work on /home/steve/.local/lib/python3.8/site-packages/airflow/example_dags/example_kubernetes_executor.py
[2022-11-08T19:52:37.093+0900] {processor.py:758} INFO - Processing file /home/steve/.local/lib/python3.8/site-packages/airflow/example_dags/example_kubernetes_executor.py for tasks to queue
[2022-11-08T19:52:37.093+0900] {logging_mixin.py:117} INFO - [2022-11-08T19:52:37.093+0900] {dagbag.py:525} INFO - Filling up the DagBag from /home/steve/.local/lib/python3.8/site-packages/airflow/example_dags/example_kubernetes_executor.py
[2022-11-08T19:52:37.100+0900] {logging_mixin.py:117} INFO - [2022-11-08T19:52:37.100+0900] {example_kubernetes_executor.py:41} WARNING - The example_kubernetes_executor example DAG requires the kubernetes provider. Please install it with: pip install apache-airflow[cncf.kubernetes]
[2022-11-08T19:52:37.100+0900] {processor.py:770} WARNING - No viable dags retrieved from /home/steve/.local/lib/python3.8/site-packages/airflow/example_dags/example_kubernetes_executor.py
[2022-11-08T19:52:37.105+0900] {processor.py:178} INFO - Processing /home/steve/.local/lib/python3.8/site-packages/airflow/example_dags/example_kubernetes_executor.py took 0.015 seconds
[2022-11-08T19:53:11.695+0900] {processor.py:156} INFO - Started process (PID=8455) to work on /home/steve/.local/lib/python3.8/site-packages/airflow/example_dags/example_kubernetes_executor.py
[2022-11-08T19:53:11.696+0900] {processor.py:758} INFO - Processing file /home/steve/.local/lib/python3.8/site-packages/airflow/example_dags/example_kubernetes_executor.py for tasks to queue
[2022-11-08T19:53:11.696+0900] {logging_mixin.py:117} INFO - [2022-11-08T19:53:11.696+0900] {dagbag.py:525} INFO - Filling up the DagBag from /home/steve/.local/lib/python3.8/site-packages/airflow/example_dags/example_kubernetes_executor.py
[2022-11-08T19:53:11.703+0900] {logging_mixin.py:117} INFO - [2022-11-08T19:53:11.703+0900] {example_kubernetes_executor.py:41} WARNING - The example_kubernetes_executor example DAG requires the kubernetes provider. Please install it with: pip install apache-airflow[cncf.kubernetes]
[2022-11-08T19:53:11.703+0900] {processor.py:770} WARNING - No viable dags retrieved from /home/steve/.local/lib/python3.8/site-packages/airflow/example_dags/example_kubernetes_executor.py
[2022-11-08T19:53:11.709+0900] {processor.py:178} INFO - Processing /home/steve/.local/lib/python3.8/site-packages/airflow/example_dags/example_kubernetes_executor.py took 0.016 seconds
[2022-11-08T19:53:46.228+0900] {processor.py:156} INFO - Started process (PID=8550) to work on /home/steve/.local/lib/python3.8/site-packages/airflow/example_dags/example_kubernetes_executor.py
[2022-11-08T19:53:46.230+0900] {processor.py:758} INFO - Processing file /home/steve/.local/lib/python3.8/site-packages/airflow/example_dags/example_kubernetes_executor.py for tasks to queue
[2022-11-08T19:53:46.231+0900] {logging_mixin.py:117} INFO - [2022-11-08T19:53:46.231+0900] {dagbag.py:525} INFO - Filling up the DagBag from /home/steve/.local/lib/python3.8/site-packages/airflow/example_dags/example_kubernetes_executor.py
[2022-11-08T19:53:46.238+0900] {logging_mixin.py:117} INFO - [2022-11-08T19:53:46.238+0900] {example_kubernetes_executor.py:41} WARNING - The example_kubernetes_executor example DAG requires the kubernetes provider. Please install it with: pip install apache-airflow[cncf.kubernetes]
[2022-11-08T19:53:46.238+0900] {processor.py:770} WARNING - No viable dags retrieved from /home/steve/.local/lib/python3.8/site-packages/airflow/example_dags/example_kubernetes_executor.py
[2022-11-08T19:53:46.243+0900] {processor.py:178} INFO - Processing /home/steve/.local/lib/python3.8/site-packages/airflow/example_dags/example_kubernetes_executor.py took 0.017 seconds
[2022-11-08T19:54:23.305+0900] {processor.py:156} INFO - Started process (PID=8663) to work on /home/steve/.local/lib/python3.8/site-packages/airflow/example_dags/example_kubernetes_executor.py
[2022-11-08T19:54:23.307+0900] {processor.py:758} INFO - Processing file /home/steve/.local/lib/python3.8/site-packages/airflow/example_dags/example_kubernetes_executor.py for tasks to queue
[2022-11-08T19:54:23.307+0900] {logging_mixin.py:117} INFO - [2022-11-08T19:54:23.307+0900] {dagbag.py:525} INFO - Filling up the DagBag from /home/steve/.local/lib/python3.8/site-packages/airflow/example_dags/example_kubernetes_executor.py
[2022-11-08T19:54:23.315+0900] {logging_mixin.py:117} INFO - [2022-11-08T19:54:23.315+0900] {example_kubernetes_executor.py:41} WARNING - The example_kubernetes_executor example DAG requires the kubernetes provider. Please install it with: pip install apache-airflow[cncf.kubernetes]
[2022-11-08T19:54:23.315+0900] {processor.py:770} WARNING - No viable dags retrieved from /home/steve/.local/lib/python3.8/site-packages/airflow/example_dags/example_kubernetes_executor.py
[2022-11-08T19:54:23.319+0900] {processor.py:178} INFO - Processing /home/steve/.local/lib/python3.8/site-packages/airflow/example_dags/example_kubernetes_executor.py took 0.016 seconds
[2022-11-08T19:55:00.338+0900] {processor.py:156} INFO - Started process (PID=8998) to work on /home/steve/.local/lib/python3.8/site-packages/airflow/example_dags/example_kubernetes_executor.py
[2022-11-08T19:55:00.339+0900] {processor.py:758} INFO - Processing file /home/steve/.local/lib/python3.8/site-packages/airflow/example_dags/example_kubernetes_executor.py for tasks to queue
[2022-11-08T19:55:00.340+0900] {logging_mixin.py:117} INFO - [2022-11-08T19:55:00.340+0900] {dagbag.py:525} INFO - Filling up the DagBag from /home/steve/.local/lib/python3.8/site-packages/airflow/example_dags/example_kubernetes_executor.py
[2022-11-08T19:55:00.347+0900] {logging_mixin.py:117} INFO - [2022-11-08T19:55:00.347+0900] {example_kubernetes_executor.py:41} WARNING - The example_kubernetes_executor example DAG requires the kubernetes provider. Please install it with: pip install apache-airflow[cncf.kubernetes]
[2022-11-08T19:55:00.347+0900] {processor.py:770} WARNING - No viable dags retrieved from /home/steve/.local/lib/python3.8/site-packages/airflow/example_dags/example_kubernetes_executor.py
[2022-11-08T19:55:00.351+0900] {processor.py:178} INFO - Processing /home/steve/.local/lib/python3.8/site-packages/airflow/example_dags/example_kubernetes_executor.py took 0.015 seconds
[2022-11-08T20:27:05.120+0900] {processor.py:156} INFO - Started process (PID=9778) to work on /home/steve/.local/lib/python3.8/site-packages/airflow/example_dags/example_kubernetes_executor.py
[2022-11-08T20:27:05.122+0900] {processor.py:758} INFO - Processing file /home/steve/.local/lib/python3.8/site-packages/airflow/example_dags/example_kubernetes_executor.py for tasks to queue
[2022-11-08T20:27:05.122+0900] {logging_mixin.py:117} INFO - [2022-11-08T20:27:05.122+0900] {dagbag.py:525} INFO - Filling up the DagBag from /home/steve/.local/lib/python3.8/site-packages/airflow/example_dags/example_kubernetes_executor.py
[2022-11-08T20:27:05.130+0900] {logging_mixin.py:117} INFO - [2022-11-08T20:27:05.130+0900] {example_kubernetes_executor.py:41} WARNING - The example_kubernetes_executor example DAG requires the kubernetes provider. Please install it with: pip install apache-airflow[cncf.kubernetes]
[2022-11-08T20:27:05.130+0900] {processor.py:770} WARNING - No viable dags retrieved from /home/steve/.local/lib/python3.8/site-packages/airflow/example_dags/example_kubernetes_executor.py
[2022-11-08T20:27:05.135+0900] {processor.py:178} INFO - Processing /home/steve/.local/lib/python3.8/site-packages/airflow/example_dags/example_kubernetes_executor.py took 0.017 seconds
[2022-11-08T20:27:38.922+0900] {processor.py:156} INFO - Started process (PID=9834) to work on /home/steve/.local/lib/python3.8/site-packages/airflow/example_dags/example_kubernetes_executor.py
[2022-11-08T20:27:38.923+0900] {processor.py:758} INFO - Processing file /home/steve/.local/lib/python3.8/site-packages/airflow/example_dags/example_kubernetes_executor.py for tasks to queue
[2022-11-08T20:27:38.923+0900] {logging_mixin.py:117} INFO - [2022-11-08T20:27:38.923+0900] {dagbag.py:525} INFO - Filling up the DagBag from /home/steve/.local/lib/python3.8/site-packages/airflow/example_dags/example_kubernetes_executor.py
[2022-11-08T20:27:38.930+0900] {logging_mixin.py:117} INFO - [2022-11-08T20:27:38.930+0900] {example_kubernetes_executor.py:41} WARNING - The example_kubernetes_executor example DAG requires the kubernetes provider. Please install it with: pip install apache-airflow[cncf.kubernetes]
[2022-11-08T20:27:38.931+0900] {processor.py:770} WARNING - No viable dags retrieved from /home/steve/.local/lib/python3.8/site-packages/airflow/example_dags/example_kubernetes_executor.py
[2022-11-08T20:27:38.935+0900] {processor.py:178} INFO - Processing /home/steve/.local/lib/python3.8/site-packages/airflow/example_dags/example_kubernetes_executor.py took 0.014 seconds
[2022-11-08T20:28:16.052+0900] {processor.py:156} INFO - Started process (PID=9870) to work on /home/steve/.local/lib/python3.8/site-packages/airflow/example_dags/example_kubernetes_executor.py
[2022-11-08T20:28:16.053+0900] {processor.py:758} INFO - Processing file /home/steve/.local/lib/python3.8/site-packages/airflow/example_dags/example_kubernetes_executor.py for tasks to queue
[2022-11-08T20:28:16.053+0900] {logging_mixin.py:117} INFO - [2022-11-08T20:28:16.053+0900] {dagbag.py:525} INFO - Filling up the DagBag from /home/steve/.local/lib/python3.8/site-packages/airflow/example_dags/example_kubernetes_executor.py
[2022-11-08T20:28:16.061+0900] {logging_mixin.py:117} INFO - [2022-11-08T20:28:16.061+0900] {example_kubernetes_executor.py:41} WARNING - The example_kubernetes_executor example DAG requires the kubernetes provider. Please install it with: pip install apache-airflow[cncf.kubernetes]
[2022-11-08T20:28:16.061+0900] {processor.py:770} WARNING - No viable dags retrieved from /home/steve/.local/lib/python3.8/site-packages/airflow/example_dags/example_kubernetes_executor.py
[2022-11-08T20:28:16.066+0900] {processor.py:178} INFO - Processing /home/steve/.local/lib/python3.8/site-packages/airflow/example_dags/example_kubernetes_executor.py took 0.016 seconds
[2022-11-08T20:28:50.793+0900] {processor.py:156} INFO - Started process (PID=10059) to work on /home/steve/.local/lib/python3.8/site-packages/airflow/example_dags/example_kubernetes_executor.py
[2022-11-08T20:28:50.795+0900] {processor.py:758} INFO - Processing file /home/steve/.local/lib/python3.8/site-packages/airflow/example_dags/example_kubernetes_executor.py for tasks to queue
[2022-11-08T20:28:50.796+0900] {logging_mixin.py:117} INFO - [2022-11-08T20:28:50.796+0900] {dagbag.py:525} INFO - Filling up the DagBag from /home/steve/.local/lib/python3.8/site-packages/airflow/example_dags/example_kubernetes_executor.py
[2022-11-08T20:28:50.804+0900] {logging_mixin.py:117} INFO - [2022-11-08T20:28:50.803+0900] {example_kubernetes_executor.py:41} WARNING - The example_kubernetes_executor example DAG requires the kubernetes provider. Please install it with: pip install apache-airflow[cncf.kubernetes]
[2022-11-08T20:28:50.804+0900] {processor.py:770} WARNING - No viable dags retrieved from /home/steve/.local/lib/python3.8/site-packages/airflow/example_dags/example_kubernetes_executor.py
[2022-11-08T20:28:50.808+0900] {processor.py:178} INFO - Processing /home/steve/.local/lib/python3.8/site-packages/airflow/example_dags/example_kubernetes_executor.py took 0.016 seconds
[2022-11-08T20:29:28.496+0900] {processor.py:156} INFO - Started process (PID=10252) to work on /home/steve/.local/lib/python3.8/site-packages/airflow/example_dags/example_kubernetes_executor.py
[2022-11-08T20:29:28.498+0900] {processor.py:758} INFO - Processing file /home/steve/.local/lib/python3.8/site-packages/airflow/example_dags/example_kubernetes_executor.py for tasks to queue
[2022-11-08T20:29:28.498+0900] {logging_mixin.py:117} INFO - [2022-11-08T20:29:28.498+0900] {dagbag.py:525} INFO - Filling up the DagBag from /home/steve/.local/lib/python3.8/site-packages/airflow/example_dags/example_kubernetes_executor.py
[2022-11-08T20:29:28.507+0900] {logging_mixin.py:117} INFO - [2022-11-08T20:29:28.506+0900] {example_kubernetes_executor.py:41} WARNING - The example_kubernetes_executor example DAG requires the kubernetes provider. Please install it with: pip install apache-airflow[cncf.kubernetes]
[2022-11-08T20:29:28.507+0900] {processor.py:770} WARNING - No viable dags retrieved from /home/steve/.local/lib/python3.8/site-packages/airflow/example_dags/example_kubernetes_executor.py
[2022-11-08T20:29:28.512+0900] {processor.py:178} INFO - Processing /home/steve/.local/lib/python3.8/site-packages/airflow/example_dags/example_kubernetes_executor.py took 0.017 seconds
[2022-11-08T20:30:06.974+0900] {processor.py:156} INFO - Started process (PID=10438) to work on /home/steve/.local/lib/python3.8/site-packages/airflow/example_dags/example_kubernetes_executor.py
[2022-11-08T20:30:06.976+0900] {processor.py:758} INFO - Processing file /home/steve/.local/lib/python3.8/site-packages/airflow/example_dags/example_kubernetes_executor.py for tasks to queue
[2022-11-08T20:30:06.976+0900] {logging_mixin.py:117} INFO - [2022-11-08T20:30:06.976+0900] {dagbag.py:525} INFO - Filling up the DagBag from /home/steve/.local/lib/python3.8/site-packages/airflow/example_dags/example_kubernetes_executor.py
[2022-11-08T20:30:06.984+0900] {logging_mixin.py:117} INFO - [2022-11-08T20:30:06.984+0900] {example_kubernetes_executor.py:41} WARNING - The example_kubernetes_executor example DAG requires the kubernetes provider. Please install it with: pip install apache-airflow[cncf.kubernetes]
[2022-11-08T20:30:06.985+0900] {processor.py:770} WARNING - No viable dags retrieved from /home/steve/.local/lib/python3.8/site-packages/airflow/example_dags/example_kubernetes_executor.py
[2022-11-08T20:30:06.990+0900] {processor.py:178} INFO - Processing /home/steve/.local/lib/python3.8/site-packages/airflow/example_dags/example_kubernetes_executor.py took 0.018 seconds
[2022-11-08T20:30:42.531+0900] {processor.py:156} INFO - Started process (PID=10562) to work on /home/steve/.local/lib/python3.8/site-packages/airflow/example_dags/example_kubernetes_executor.py
[2022-11-08T20:30:42.533+0900] {processor.py:758} INFO - Processing file /home/steve/.local/lib/python3.8/site-packages/airflow/example_dags/example_kubernetes_executor.py for tasks to queue
[2022-11-08T20:30:42.534+0900] {logging_mixin.py:117} INFO - [2022-11-08T20:30:42.534+0900] {dagbag.py:525} INFO - Filling up the DagBag from /home/steve/.local/lib/python3.8/site-packages/airflow/example_dags/example_kubernetes_executor.py
[2022-11-08T20:30:42.542+0900] {logging_mixin.py:117} INFO - [2022-11-08T20:30:42.542+0900] {example_kubernetes_executor.py:41} WARNING - The example_kubernetes_executor example DAG requires the kubernetes provider. Please install it with: pip install apache-airflow[cncf.kubernetes]
[2022-11-08T20:30:42.542+0900] {processor.py:770} WARNING - No viable dags retrieved from /home/steve/.local/lib/python3.8/site-packages/airflow/example_dags/example_kubernetes_executor.py
[2022-11-08T20:30:42.548+0900] {processor.py:178} INFO - Processing /home/steve/.local/lib/python3.8/site-packages/airflow/example_dags/example_kubernetes_executor.py took 0.019 seconds
[2022-11-08T20:31:21.155+0900] {processor.py:156} INFO - Started process (PID=10712) to work on /home/steve/.local/lib/python3.8/site-packages/airflow/example_dags/example_kubernetes_executor.py
[2022-11-08T20:31:21.157+0900] {processor.py:758} INFO - Processing file /home/steve/.local/lib/python3.8/site-packages/airflow/example_dags/example_kubernetes_executor.py for tasks to queue
[2022-11-08T20:31:21.157+0900] {logging_mixin.py:117} INFO - [2022-11-08T20:31:21.157+0900] {dagbag.py:525} INFO - Filling up the DagBag from /home/steve/.local/lib/python3.8/site-packages/airflow/example_dags/example_kubernetes_executor.py
[2022-11-08T20:31:21.165+0900] {logging_mixin.py:117} INFO - [2022-11-08T20:31:21.165+0900] {example_kubernetes_executor.py:41} WARNING - The example_kubernetes_executor example DAG requires the kubernetes provider. Please install it with: pip install apache-airflow[cncf.kubernetes]
[2022-11-08T20:31:21.165+0900] {processor.py:770} WARNING - No viable dags retrieved from /home/steve/.local/lib/python3.8/site-packages/airflow/example_dags/example_kubernetes_executor.py
[2022-11-08T20:31:21.170+0900] {processor.py:178} INFO - Processing /home/steve/.local/lib/python3.8/site-packages/airflow/example_dags/example_kubernetes_executor.py took 0.016 seconds
[2022-11-08T20:31:55.520+0900] {processor.py:156} INFO - Started process (PID=10774) to work on /home/steve/.local/lib/python3.8/site-packages/airflow/example_dags/example_kubernetes_executor.py
[2022-11-08T20:31:55.521+0900] {processor.py:758} INFO - Processing file /home/steve/.local/lib/python3.8/site-packages/airflow/example_dags/example_kubernetes_executor.py for tasks to queue
[2022-11-08T20:31:55.521+0900] {logging_mixin.py:117} INFO - [2022-11-08T20:31:55.521+0900] {dagbag.py:525} INFO - Filling up the DagBag from /home/steve/.local/lib/python3.8/site-packages/airflow/example_dags/example_kubernetes_executor.py
[2022-11-08T20:31:55.530+0900] {logging_mixin.py:117} INFO - [2022-11-08T20:31:55.529+0900] {example_kubernetes_executor.py:41} WARNING - The example_kubernetes_executor example DAG requires the kubernetes provider. Please install it with: pip install apache-airflow[cncf.kubernetes]
[2022-11-08T20:31:55.530+0900] {processor.py:770} WARNING - No viable dags retrieved from /home/steve/.local/lib/python3.8/site-packages/airflow/example_dags/example_kubernetes_executor.py
[2022-11-08T20:31:55.534+0900] {processor.py:178} INFO - Processing /home/steve/.local/lib/python3.8/site-packages/airflow/example_dags/example_kubernetes_executor.py took 0.015 seconds
[2022-11-08T20:32:32.503+0900] {processor.py:156} INFO - Started process (PID=10892) to work on /home/steve/.local/lib/python3.8/site-packages/airflow/example_dags/example_kubernetes_executor.py
[2022-11-08T20:32:32.503+0900] {processor.py:758} INFO - Processing file /home/steve/.local/lib/python3.8/site-packages/airflow/example_dags/example_kubernetes_executor.py for tasks to queue
[2022-11-08T20:32:32.504+0900] {logging_mixin.py:117} INFO - [2022-11-08T20:32:32.504+0900] {dagbag.py:525} INFO - Filling up the DagBag from /home/steve/.local/lib/python3.8/site-packages/airflow/example_dags/example_kubernetes_executor.py
[2022-11-08T20:32:32.515+0900] {logging_mixin.py:117} INFO - [2022-11-08T20:32:32.515+0900] {example_kubernetes_executor.py:41} WARNING - The example_kubernetes_executor example DAG requires the kubernetes provider. Please install it with: pip install apache-airflow[cncf.kubernetes]
[2022-11-08T20:32:32.515+0900] {processor.py:770} WARNING - No viable dags retrieved from /home/steve/.local/lib/python3.8/site-packages/airflow/example_dags/example_kubernetes_executor.py
[2022-11-08T20:32:32.521+0900] {processor.py:178} INFO - Processing /home/steve/.local/lib/python3.8/site-packages/airflow/example_dags/example_kubernetes_executor.py took 0.021 seconds
[2022-11-08T20:33:09.167+0900] {processor.py:156} INFO - Started process (PID=10997) to work on /home/steve/.local/lib/python3.8/site-packages/airflow/example_dags/example_kubernetes_executor.py
[2022-11-08T20:33:09.169+0900] {processor.py:758} INFO - Processing file /home/steve/.local/lib/python3.8/site-packages/airflow/example_dags/example_kubernetes_executor.py for tasks to queue
[2022-11-08T20:33:09.170+0900] {logging_mixin.py:117} INFO - [2022-11-08T20:33:09.170+0900] {dagbag.py:525} INFO - Filling up the DagBag from /home/steve/.local/lib/python3.8/site-packages/airflow/example_dags/example_kubernetes_executor.py
[2022-11-08T20:33:09.179+0900] {logging_mixin.py:117} INFO - [2022-11-08T20:33:09.179+0900] {example_kubernetes_executor.py:41} WARNING - The example_kubernetes_executor example DAG requires the kubernetes provider. Please install it with: pip install apache-airflow[cncf.kubernetes]
[2022-11-08T20:33:09.179+0900] {processor.py:770} WARNING - No viable dags retrieved from /home/steve/.local/lib/python3.8/site-packages/airflow/example_dags/example_kubernetes_executor.py
[2022-11-08T20:33:09.184+0900] {processor.py:178} INFO - Processing /home/steve/.local/lib/python3.8/site-packages/airflow/example_dags/example_kubernetes_executor.py took 0.019 seconds
[2022-11-08T20:33:51.595+0900] {processor.py:156} INFO - Started process (PID=11036) to work on /home/steve/.local/lib/python3.8/site-packages/airflow/example_dags/example_kubernetes_executor.py
[2022-11-08T20:33:51.596+0900] {processor.py:758} INFO - Processing file /home/steve/.local/lib/python3.8/site-packages/airflow/example_dags/example_kubernetes_executor.py for tasks to queue
[2022-11-08T20:33:51.596+0900] {logging_mixin.py:117} INFO - [2022-11-08T20:33:51.596+0900] {dagbag.py:525} INFO - Filling up the DagBag from /home/steve/.local/lib/python3.8/site-packages/airflow/example_dags/example_kubernetes_executor.py
[2022-11-08T20:33:51.677+0900] {logging_mixin.py:117} INFO - [2022-11-08T20:33:51.677+0900] {example_kubernetes_executor.py:41} WARNING - The example_kubernetes_executor example DAG requires the kubernetes provider. Please install it with: pip install apache-airflow[cncf.kubernetes]
[2022-11-08T20:33:51.677+0900] {processor.py:770} WARNING - No viable dags retrieved from /home/steve/.local/lib/python3.8/site-packages/airflow/example_dags/example_kubernetes_executor.py
[2022-11-08T20:33:51.681+0900] {processor.py:178} INFO - Processing /home/steve/.local/lib/python3.8/site-packages/airflow/example_dags/example_kubernetes_executor.py took 0.087 seconds
[2022-11-08T20:34:26.537+0900] {processor.py:156} INFO - Started process (PID=11072) to work on /home/steve/.local/lib/python3.8/site-packages/airflow/example_dags/example_kubernetes_executor.py
[2022-11-08T20:34:26.540+0900] {processor.py:758} INFO - Processing file /home/steve/.local/lib/python3.8/site-packages/airflow/example_dags/example_kubernetes_executor.py for tasks to queue
[2022-11-08T20:34:26.540+0900] {logging_mixin.py:117} INFO - [2022-11-08T20:34:26.540+0900] {dagbag.py:525} INFO - Filling up the DagBag from /home/steve/.local/lib/python3.8/site-packages/airflow/example_dags/example_kubernetes_executor.py
[2022-11-08T20:34:26.548+0900] {logging_mixin.py:117} INFO - [2022-11-08T20:34:26.547+0900] {example_kubernetes_executor.py:41} WARNING - The example_kubernetes_executor example DAG requires the kubernetes provider. Please install it with: pip install apache-airflow[cncf.kubernetes]
[2022-11-08T20:34:26.548+0900] {processor.py:770} WARNING - No viable dags retrieved from /home/steve/.local/lib/python3.8/site-packages/airflow/example_dags/example_kubernetes_executor.py
[2022-11-08T20:34:26.553+0900] {processor.py:178} INFO - Processing /home/steve/.local/lib/python3.8/site-packages/airflow/example_dags/example_kubernetes_executor.py took 0.018 seconds
[2022-11-08T20:35:01.222+0900] {processor.py:156} INFO - Started process (PID=11108) to work on /home/steve/.local/lib/python3.8/site-packages/airflow/example_dags/example_kubernetes_executor.py
[2022-11-08T20:35:01.224+0900] {processor.py:758} INFO - Processing file /home/steve/.local/lib/python3.8/site-packages/airflow/example_dags/example_kubernetes_executor.py for tasks to queue
[2022-11-08T20:35:01.224+0900] {logging_mixin.py:117} INFO - [2022-11-08T20:35:01.224+0900] {dagbag.py:525} INFO - Filling up the DagBag from /home/steve/.local/lib/python3.8/site-packages/airflow/example_dags/example_kubernetes_executor.py
[2022-11-08T20:35:01.232+0900] {logging_mixin.py:117} INFO - [2022-11-08T20:35:01.232+0900] {example_kubernetes_executor.py:41} WARNING - The example_kubernetes_executor example DAG requires the kubernetes provider. Please install it with: pip install apache-airflow[cncf.kubernetes]
[2022-11-08T20:35:01.232+0900] {processor.py:770} WARNING - No viable dags retrieved from /home/steve/.local/lib/python3.8/site-packages/airflow/example_dags/example_kubernetes_executor.py
[2022-11-08T20:35:01.239+0900] {processor.py:178} INFO - Processing /home/steve/.local/lib/python3.8/site-packages/airflow/example_dags/example_kubernetes_executor.py took 0.019 seconds
[2022-11-08T20:35:35.577+0900] {processor.py:156} INFO - Started process (PID=11143) to work on /home/steve/.local/lib/python3.8/site-packages/airflow/example_dags/example_kubernetes_executor.py
[2022-11-08T20:35:35.579+0900] {processor.py:758} INFO - Processing file /home/steve/.local/lib/python3.8/site-packages/airflow/example_dags/example_kubernetes_executor.py for tasks to queue
[2022-11-08T20:35:35.579+0900] {logging_mixin.py:117} INFO - [2022-11-08T20:35:35.579+0900] {dagbag.py:525} INFO - Filling up the DagBag from /home/steve/.local/lib/python3.8/site-packages/airflow/example_dags/example_kubernetes_executor.py
[2022-11-08T20:35:35.588+0900] {logging_mixin.py:117} INFO - [2022-11-08T20:35:35.588+0900] {example_kubernetes_executor.py:41} WARNING - The example_kubernetes_executor example DAG requires the kubernetes provider. Please install it with: pip install apache-airflow[cncf.kubernetes]
[2022-11-08T20:35:35.588+0900] {processor.py:770} WARNING - No viable dags retrieved from /home/steve/.local/lib/python3.8/site-packages/airflow/example_dags/example_kubernetes_executor.py
[2022-11-08T20:35:35.593+0900] {processor.py:178} INFO - Processing /home/steve/.local/lib/python3.8/site-packages/airflow/example_dags/example_kubernetes_executor.py took 0.018 seconds
[2022-11-08T20:36:11.051+0900] {processor.py:156} INFO - Started process (PID=11180) to work on /home/steve/.local/lib/python3.8/site-packages/airflow/example_dags/example_kubernetes_executor.py
[2022-11-08T20:36:11.053+0900] {processor.py:758} INFO - Processing file /home/steve/.local/lib/python3.8/site-packages/airflow/example_dags/example_kubernetes_executor.py for tasks to queue
[2022-11-08T20:36:11.053+0900] {logging_mixin.py:117} INFO - [2022-11-08T20:36:11.053+0900] {dagbag.py:525} INFO - Filling up the DagBag from /home/steve/.local/lib/python3.8/site-packages/airflow/example_dags/example_kubernetes_executor.py
[2022-11-08T20:36:11.060+0900] {logging_mixin.py:117} INFO - [2022-11-08T20:36:11.060+0900] {example_kubernetes_executor.py:41} WARNING - The example_kubernetes_executor example DAG requires the kubernetes provider. Please install it with: pip install apache-airflow[cncf.kubernetes]
[2022-11-08T20:36:11.061+0900] {processor.py:770} WARNING - No viable dags retrieved from /home/steve/.local/lib/python3.8/site-packages/airflow/example_dags/example_kubernetes_executor.py
[2022-11-08T20:36:11.066+0900] {processor.py:178} INFO - Processing /home/steve/.local/lib/python3.8/site-packages/airflow/example_dags/example_kubernetes_executor.py took 0.017 seconds
[2022-11-08T20:36:43.906+0900] {processor.py:156} INFO - Started process (PID=11215) to work on /home/steve/.local/lib/python3.8/site-packages/airflow/example_dags/example_kubernetes_executor.py
[2022-11-08T20:36:43.907+0900] {processor.py:758} INFO - Processing file /home/steve/.local/lib/python3.8/site-packages/airflow/example_dags/example_kubernetes_executor.py for tasks to queue
[2022-11-08T20:36:43.907+0900] {logging_mixin.py:117} INFO - [2022-11-08T20:36:43.907+0900] {dagbag.py:525} INFO - Filling up the DagBag from /home/steve/.local/lib/python3.8/site-packages/airflow/example_dags/example_kubernetes_executor.py
[2022-11-08T20:36:43.914+0900] {logging_mixin.py:117} INFO - [2022-11-08T20:36:43.914+0900] {example_kubernetes_executor.py:41} WARNING - The example_kubernetes_executor example DAG requires the kubernetes provider. Please install it with: pip install apache-airflow[cncf.kubernetes]
[2022-11-08T20:36:43.914+0900] {processor.py:770} WARNING - No viable dags retrieved from /home/steve/.local/lib/python3.8/site-packages/airflow/example_dags/example_kubernetes_executor.py
[2022-11-08T20:36:43.919+0900] {processor.py:178} INFO - Processing /home/steve/.local/lib/python3.8/site-packages/airflow/example_dags/example_kubernetes_executor.py took 0.015 seconds
[2022-11-08T20:37:17.365+0900] {processor.py:156} INFO - Started process (PID=11277) to work on /home/steve/.local/lib/python3.8/site-packages/airflow/example_dags/example_kubernetes_executor.py
[2022-11-08T20:37:17.366+0900] {processor.py:758} INFO - Processing file /home/steve/.local/lib/python3.8/site-packages/airflow/example_dags/example_kubernetes_executor.py for tasks to queue
[2022-11-08T20:37:17.366+0900] {logging_mixin.py:117} INFO - [2022-11-08T20:37:17.366+0900] {dagbag.py:525} INFO - Filling up the DagBag from /home/steve/.local/lib/python3.8/site-packages/airflow/example_dags/example_kubernetes_executor.py
[2022-11-08T20:37:17.373+0900] {logging_mixin.py:117} INFO - [2022-11-08T20:37:17.373+0900] {example_kubernetes_executor.py:41} WARNING - The example_kubernetes_executor example DAG requires the kubernetes provider. Please install it with: pip install apache-airflow[cncf.kubernetes]
[2022-11-08T20:37:17.373+0900] {processor.py:770} WARNING - No viable dags retrieved from /home/steve/.local/lib/python3.8/site-packages/airflow/example_dags/example_kubernetes_executor.py
[2022-11-08T20:37:17.378+0900] {processor.py:178} INFO - Processing /home/steve/.local/lib/python3.8/site-packages/airflow/example_dags/example_kubernetes_executor.py took 0.014 seconds
[2022-11-08T20:37:50.532+0900] {processor.py:156} INFO - Started process (PID=11313) to work on /home/steve/.local/lib/python3.8/site-packages/airflow/example_dags/example_kubernetes_executor.py
[2022-11-08T20:37:50.534+0900] {processor.py:758} INFO - Processing file /home/steve/.local/lib/python3.8/site-packages/airflow/example_dags/example_kubernetes_executor.py for tasks to queue
[2022-11-08T20:37:50.535+0900] {logging_mixin.py:117} INFO - [2022-11-08T20:37:50.535+0900] {dagbag.py:525} INFO - Filling up the DagBag from /home/steve/.local/lib/python3.8/site-packages/airflow/example_dags/example_kubernetes_executor.py
[2022-11-08T20:37:50.542+0900] {logging_mixin.py:117} INFO - [2022-11-08T20:37:50.542+0900] {example_kubernetes_executor.py:41} WARNING - The example_kubernetes_executor example DAG requires the kubernetes provider. Please install it with: pip install apache-airflow[cncf.kubernetes]
[2022-11-08T20:37:50.542+0900] {processor.py:770} WARNING - No viable dags retrieved from /home/steve/.local/lib/python3.8/site-packages/airflow/example_dags/example_kubernetes_executor.py
[2022-11-08T20:37:50.546+0900] {processor.py:178} INFO - Processing /home/steve/.local/lib/python3.8/site-packages/airflow/example_dags/example_kubernetes_executor.py took 0.016 seconds
[2022-11-08T20:38:25.360+0900] {processor.py:156} INFO - Started process (PID=11350) to work on /home/steve/.local/lib/python3.8/site-packages/airflow/example_dags/example_kubernetes_executor.py
[2022-11-08T20:38:25.363+0900] {processor.py:758} INFO - Processing file /home/steve/.local/lib/python3.8/site-packages/airflow/example_dags/example_kubernetes_executor.py for tasks to queue
[2022-11-08T20:38:25.363+0900] {logging_mixin.py:117} INFO - [2022-11-08T20:38:25.363+0900] {dagbag.py:525} INFO - Filling up the DagBag from /home/steve/.local/lib/python3.8/site-packages/airflow/example_dags/example_kubernetes_executor.py
[2022-11-08T20:38:25.370+0900] {logging_mixin.py:117} INFO - [2022-11-08T20:38:25.370+0900] {example_kubernetes_executor.py:41} WARNING - The example_kubernetes_executor example DAG requires the kubernetes provider. Please install it with: pip install apache-airflow[cncf.kubernetes]
[2022-11-08T20:38:25.370+0900] {processor.py:770} WARNING - No viable dags retrieved from /home/steve/.local/lib/python3.8/site-packages/airflow/example_dags/example_kubernetes_executor.py
[2022-11-08T20:38:25.374+0900] {processor.py:178} INFO - Processing /home/steve/.local/lib/python3.8/site-packages/airflow/example_dags/example_kubernetes_executor.py took 0.015 seconds
[2022-11-08T20:38:58.027+0900] {processor.py:156} INFO - Started process (PID=11386) to work on /home/steve/.local/lib/python3.8/site-packages/airflow/example_dags/example_kubernetes_executor.py
[2022-11-08T20:38:58.027+0900] {processor.py:758} INFO - Processing file /home/steve/.local/lib/python3.8/site-packages/airflow/example_dags/example_kubernetes_executor.py for tasks to queue
[2022-11-08T20:38:58.028+0900] {logging_mixin.py:117} INFO - [2022-11-08T20:38:58.028+0900] {dagbag.py:525} INFO - Filling up the DagBag from /home/steve/.local/lib/python3.8/site-packages/airflow/example_dags/example_kubernetes_executor.py
[2022-11-08T20:38:58.035+0900] {logging_mixin.py:117} INFO - [2022-11-08T20:38:58.035+0900] {example_kubernetes_executor.py:41} WARNING - The example_kubernetes_executor example DAG requires the kubernetes provider. Please install it with: pip install apache-airflow[cncf.kubernetes]
[2022-11-08T20:38:58.035+0900] {processor.py:770} WARNING - No viable dags retrieved from /home/steve/.local/lib/python3.8/site-packages/airflow/example_dags/example_kubernetes_executor.py
[2022-11-08T20:38:58.040+0900] {processor.py:178} INFO - Processing /home/steve/.local/lib/python3.8/site-packages/airflow/example_dags/example_kubernetes_executor.py took 0.015 seconds
[2022-11-08T20:39:32.266+0900] {processor.py:156} INFO - Started process (PID=11420) to work on /home/steve/.local/lib/python3.8/site-packages/airflow/example_dags/example_kubernetes_executor.py
[2022-11-08T20:39:32.269+0900] {processor.py:758} INFO - Processing file /home/steve/.local/lib/python3.8/site-packages/airflow/example_dags/example_kubernetes_executor.py for tasks to queue
[2022-11-08T20:39:32.269+0900] {logging_mixin.py:117} INFO - [2022-11-08T20:39:32.269+0900] {dagbag.py:525} INFO - Filling up the DagBag from /home/steve/.local/lib/python3.8/site-packages/airflow/example_dags/example_kubernetes_executor.py
[2022-11-08T20:39:32.276+0900] {logging_mixin.py:117} INFO - [2022-11-08T20:39:32.276+0900] {example_kubernetes_executor.py:41} WARNING - The example_kubernetes_executor example DAG requires the kubernetes provider. Please install it with: pip install apache-airflow[cncf.kubernetes]
[2022-11-08T20:39:32.276+0900] {processor.py:770} WARNING - No viable dags retrieved from /home/steve/.local/lib/python3.8/site-packages/airflow/example_dags/example_kubernetes_executor.py
[2022-11-08T20:39:32.281+0900] {processor.py:178} INFO - Processing /home/steve/.local/lib/python3.8/site-packages/airflow/example_dags/example_kubernetes_executor.py took 0.016 seconds
[2022-11-08T20:40:10.001+0900] {processor.py:156} INFO - Started process (PID=11457) to work on /home/steve/.local/lib/python3.8/site-packages/airflow/example_dags/example_kubernetes_executor.py
[2022-11-08T20:40:10.002+0900] {processor.py:758} INFO - Processing file /home/steve/.local/lib/python3.8/site-packages/airflow/example_dags/example_kubernetes_executor.py for tasks to queue
[2022-11-08T20:40:10.003+0900] {logging_mixin.py:117} INFO - [2022-11-08T20:40:10.003+0900] {dagbag.py:525} INFO - Filling up the DagBag from /home/steve/.local/lib/python3.8/site-packages/airflow/example_dags/example_kubernetes_executor.py
[2022-11-08T20:40:10.010+0900] {logging_mixin.py:117} INFO - [2022-11-08T20:40:10.010+0900] {example_kubernetes_executor.py:41} WARNING - The example_kubernetes_executor example DAG requires the kubernetes provider. Please install it with: pip install apache-airflow[cncf.kubernetes]
[2022-11-08T20:40:10.010+0900] {processor.py:770} WARNING - No viable dags retrieved from /home/steve/.local/lib/python3.8/site-packages/airflow/example_dags/example_kubernetes_executor.py
[2022-11-08T20:40:10.014+0900] {processor.py:178} INFO - Processing /home/steve/.local/lib/python3.8/site-packages/airflow/example_dags/example_kubernetes_executor.py took 0.015 seconds
[2022-11-08T20:40:41.956+0900] {processor.py:156} INFO - Started process (PID=11491) to work on /home/steve/.local/lib/python3.8/site-packages/airflow/example_dags/example_kubernetes_executor.py
[2022-11-08T20:40:41.957+0900] {processor.py:758} INFO - Processing file /home/steve/.local/lib/python3.8/site-packages/airflow/example_dags/example_kubernetes_executor.py for tasks to queue
[2022-11-08T20:40:41.957+0900] {logging_mixin.py:117} INFO - [2022-11-08T20:40:41.957+0900] {dagbag.py:525} INFO - Filling up the DagBag from /home/steve/.local/lib/python3.8/site-packages/airflow/example_dags/example_kubernetes_executor.py
[2022-11-08T20:40:41.965+0900] {logging_mixin.py:117} INFO - [2022-11-08T20:40:41.965+0900] {example_kubernetes_executor.py:41} WARNING - The example_kubernetes_executor example DAG requires the kubernetes provider. Please install it with: pip install apache-airflow[cncf.kubernetes]
[2022-11-08T20:40:41.965+0900] {processor.py:770} WARNING - No viable dags retrieved from /home/steve/.local/lib/python3.8/site-packages/airflow/example_dags/example_kubernetes_executor.py
[2022-11-08T20:40:41.970+0900] {processor.py:178} INFO - Processing /home/steve/.local/lib/python3.8/site-packages/airflow/example_dags/example_kubernetes_executor.py took 0.015 seconds
[2022-11-08T20:41:16.384+0900] {processor.py:156} INFO - Started process (PID=11527) to work on /home/steve/.local/lib/python3.8/site-packages/airflow/example_dags/example_kubernetes_executor.py
[2022-11-08T20:41:16.386+0900] {processor.py:758} INFO - Processing file /home/steve/.local/lib/python3.8/site-packages/airflow/example_dags/example_kubernetes_executor.py for tasks to queue
[2022-11-08T20:41:16.387+0900] {logging_mixin.py:117} INFO - [2022-11-08T20:41:16.387+0900] {dagbag.py:525} INFO - Filling up the DagBag from /home/steve/.local/lib/python3.8/site-packages/airflow/example_dags/example_kubernetes_executor.py
[2022-11-08T20:41:16.395+0900] {logging_mixin.py:117} INFO - [2022-11-08T20:41:16.395+0900] {example_kubernetes_executor.py:41} WARNING - The example_kubernetes_executor example DAG requires the kubernetes provider. Please install it with: pip install apache-airflow[cncf.kubernetes]
[2022-11-08T20:41:16.395+0900] {processor.py:770} WARNING - No viable dags retrieved from /home/steve/.local/lib/python3.8/site-packages/airflow/example_dags/example_kubernetes_executor.py
[2022-11-08T20:41:16.400+0900] {processor.py:178} INFO - Processing /home/steve/.local/lib/python3.8/site-packages/airflow/example_dags/example_kubernetes_executor.py took 0.018 seconds
[2022-11-08T20:41:51.880+0900] {processor.py:156} INFO - Started process (PID=11567) to work on /home/steve/.local/lib/python3.8/site-packages/airflow/example_dags/example_kubernetes_executor.py
[2022-11-08T20:41:51.882+0900] {processor.py:758} INFO - Processing file /home/steve/.local/lib/python3.8/site-packages/airflow/example_dags/example_kubernetes_executor.py for tasks to queue
[2022-11-08T20:41:51.883+0900] {logging_mixin.py:117} INFO - [2022-11-08T20:41:51.883+0900] {dagbag.py:525} INFO - Filling up the DagBag from /home/steve/.local/lib/python3.8/site-packages/airflow/example_dags/example_kubernetes_executor.py
[2022-11-08T20:41:51.891+0900] {logging_mixin.py:117} INFO - [2022-11-08T20:41:51.890+0900] {example_kubernetes_executor.py:41} WARNING - The example_kubernetes_executor example DAG requires the kubernetes provider. Please install it with: pip install apache-airflow[cncf.kubernetes]
[2022-11-08T20:41:51.891+0900] {processor.py:770} WARNING - No viable dags retrieved from /home/steve/.local/lib/python3.8/site-packages/airflow/example_dags/example_kubernetes_executor.py
[2022-11-08T20:41:51.896+0900] {processor.py:178} INFO - Processing /home/steve/.local/lib/python3.8/site-packages/airflow/example_dags/example_kubernetes_executor.py took 0.018 seconds
[2022-11-08T20:42:26.959+0900] {processor.py:156} INFO - Started process (PID=11629) to work on /home/steve/.local/lib/python3.8/site-packages/airflow/example_dags/example_kubernetes_executor.py
[2022-11-08T20:42:26.960+0900] {processor.py:758} INFO - Processing file /home/steve/.local/lib/python3.8/site-packages/airflow/example_dags/example_kubernetes_executor.py for tasks to queue
[2022-11-08T20:42:26.960+0900] {logging_mixin.py:117} INFO - [2022-11-08T20:42:26.960+0900] {dagbag.py:525} INFO - Filling up the DagBag from /home/steve/.local/lib/python3.8/site-packages/airflow/example_dags/example_kubernetes_executor.py
[2022-11-08T20:42:26.967+0900] {logging_mixin.py:117} INFO - [2022-11-08T20:42:26.967+0900] {example_kubernetes_executor.py:41} WARNING - The example_kubernetes_executor example DAG requires the kubernetes provider. Please install it with: pip install apache-airflow[cncf.kubernetes]
[2022-11-08T20:42:26.967+0900] {processor.py:770} WARNING - No viable dags retrieved from /home/steve/.local/lib/python3.8/site-packages/airflow/example_dags/example_kubernetes_executor.py
[2022-11-08T20:42:26.972+0900] {processor.py:178} INFO - Processing /home/steve/.local/lib/python3.8/site-packages/airflow/example_dags/example_kubernetes_executor.py took 0.014 seconds
[2022-11-08T20:42:59.225+0900] {processor.py:156} INFO - Started process (PID=11663) to work on /home/steve/.local/lib/python3.8/site-packages/airflow/example_dags/example_kubernetes_executor.py
[2022-11-08T20:42:59.226+0900] {processor.py:758} INFO - Processing file /home/steve/.local/lib/python3.8/site-packages/airflow/example_dags/example_kubernetes_executor.py for tasks to queue
[2022-11-08T20:42:59.227+0900] {logging_mixin.py:117} INFO - [2022-11-08T20:42:59.227+0900] {dagbag.py:525} INFO - Filling up the DagBag from /home/steve/.local/lib/python3.8/site-packages/airflow/example_dags/example_kubernetes_executor.py
[2022-11-08T20:42:59.236+0900] {logging_mixin.py:117} INFO - [2022-11-08T20:42:59.235+0900] {example_kubernetes_executor.py:41} WARNING - The example_kubernetes_executor example DAG requires the kubernetes provider. Please install it with: pip install apache-airflow[cncf.kubernetes]
[2022-11-08T20:42:59.236+0900] {processor.py:770} WARNING - No viable dags retrieved from /home/steve/.local/lib/python3.8/site-packages/airflow/example_dags/example_kubernetes_executor.py
[2022-11-08T20:42:59.240+0900] {processor.py:178} INFO - Processing /home/steve/.local/lib/python3.8/site-packages/airflow/example_dags/example_kubernetes_executor.py took 0.017 seconds
[2022-11-08T20:43:35.286+0900] {processor.py:156} INFO - Started process (PID=11699) to work on /home/steve/.local/lib/python3.8/site-packages/airflow/example_dags/example_kubernetes_executor.py
[2022-11-08T20:43:35.289+0900] {processor.py:758} INFO - Processing file /home/steve/.local/lib/python3.8/site-packages/airflow/example_dags/example_kubernetes_executor.py for tasks to queue
[2022-11-08T20:43:35.289+0900] {logging_mixin.py:117} INFO - [2022-11-08T20:43:35.289+0900] {dagbag.py:525} INFO - Filling up the DagBag from /home/steve/.local/lib/python3.8/site-packages/airflow/example_dags/example_kubernetes_executor.py
[2022-11-08T20:43:35.298+0900] {logging_mixin.py:117} INFO - [2022-11-08T20:43:35.298+0900] {example_kubernetes_executor.py:41} WARNING - The example_kubernetes_executor example DAG requires the kubernetes provider. Please install it with: pip install apache-airflow[cncf.kubernetes]
[2022-11-08T20:43:35.298+0900] {processor.py:770} WARNING - No viable dags retrieved from /home/steve/.local/lib/python3.8/site-packages/airflow/example_dags/example_kubernetes_executor.py
[2022-11-08T20:43:35.303+0900] {processor.py:178} INFO - Processing /home/steve/.local/lib/python3.8/site-packages/airflow/example_dags/example_kubernetes_executor.py took 0.018 seconds
[2022-11-08T20:44:08.452+0900] {processor.py:156} INFO - Started process (PID=11735) to work on /home/steve/.local/lib/python3.8/site-packages/airflow/example_dags/example_kubernetes_executor.py
[2022-11-08T20:44:08.453+0900] {processor.py:758} INFO - Processing file /home/steve/.local/lib/python3.8/site-packages/airflow/example_dags/example_kubernetes_executor.py for tasks to queue
[2022-11-08T20:44:08.453+0900] {logging_mixin.py:117} INFO - [2022-11-08T20:44:08.453+0900] {dagbag.py:525} INFO - Filling up the DagBag from /home/steve/.local/lib/python3.8/site-packages/airflow/example_dags/example_kubernetes_executor.py
[2022-11-08T20:44:08.461+0900] {logging_mixin.py:117} INFO - [2022-11-08T20:44:08.461+0900] {example_kubernetes_executor.py:41} WARNING - The example_kubernetes_executor example DAG requires the kubernetes provider. Please install it with: pip install apache-airflow[cncf.kubernetes]
[2022-11-08T20:44:08.461+0900] {processor.py:770} WARNING - No viable dags retrieved from /home/steve/.local/lib/python3.8/site-packages/airflow/example_dags/example_kubernetes_executor.py
[2022-11-08T20:44:08.466+0900] {processor.py:178} INFO - Processing /home/steve/.local/lib/python3.8/site-packages/airflow/example_dags/example_kubernetes_executor.py took 0.016 seconds
[2022-11-08T20:44:44.440+0900] {processor.py:156} INFO - Started process (PID=11773) to work on /home/steve/.local/lib/python3.8/site-packages/airflow/example_dags/example_kubernetes_executor.py
[2022-11-08T20:44:44.442+0900] {processor.py:758} INFO - Processing file /home/steve/.local/lib/python3.8/site-packages/airflow/example_dags/example_kubernetes_executor.py for tasks to queue
[2022-11-08T20:44:44.443+0900] {logging_mixin.py:117} INFO - [2022-11-08T20:44:44.442+0900] {dagbag.py:525} INFO - Filling up the DagBag from /home/steve/.local/lib/python3.8/site-packages/airflow/example_dags/example_kubernetes_executor.py
[2022-11-08T20:44:44.451+0900] {logging_mixin.py:117} INFO - [2022-11-08T20:44:44.451+0900] {example_kubernetes_executor.py:41} WARNING - The example_kubernetes_executor example DAG requires the kubernetes provider. Please install it with: pip install apache-airflow[cncf.kubernetes]
[2022-11-08T20:44:44.451+0900] {processor.py:770} WARNING - No viable dags retrieved from /home/steve/.local/lib/python3.8/site-packages/airflow/example_dags/example_kubernetes_executor.py
[2022-11-08T20:44:44.455+0900] {processor.py:178} INFO - Processing /home/steve/.local/lib/python3.8/site-packages/airflow/example_dags/example_kubernetes_executor.py took 0.017 seconds
[2022-11-08T20:45:22.731+0900] {processor.py:156} INFO - Started process (PID=11811) to work on /home/steve/.local/lib/python3.8/site-packages/airflow/example_dags/example_kubernetes_executor.py
[2022-11-08T20:45:22.733+0900] {processor.py:758} INFO - Processing file /home/steve/.local/lib/python3.8/site-packages/airflow/example_dags/example_kubernetes_executor.py for tasks to queue
[2022-11-08T20:45:22.733+0900] {logging_mixin.py:117} INFO - [2022-11-08T20:45:22.733+0900] {dagbag.py:525} INFO - Filling up the DagBag from /home/steve/.local/lib/python3.8/site-packages/airflow/example_dags/example_kubernetes_executor.py
[2022-11-08T20:45:22.741+0900] {logging_mixin.py:117} INFO - [2022-11-08T20:45:22.741+0900] {example_kubernetes_executor.py:41} WARNING - The example_kubernetes_executor example DAG requires the kubernetes provider. Please install it with: pip install apache-airflow[cncf.kubernetes]
[2022-11-08T20:45:22.741+0900] {processor.py:770} WARNING - No viable dags retrieved from /home/steve/.local/lib/python3.8/site-packages/airflow/example_dags/example_kubernetes_executor.py
[2022-11-08T20:45:22.745+0900] {processor.py:178} INFO - Processing /home/steve/.local/lib/python3.8/site-packages/airflow/example_dags/example_kubernetes_executor.py took 0.016 seconds
[2022-11-08T20:45:55.315+0900] {processor.py:156} INFO - Started process (PID=11846) to work on /home/steve/.local/lib/python3.8/site-packages/airflow/example_dags/example_kubernetes_executor.py
[2022-11-08T20:45:55.316+0900] {processor.py:758} INFO - Processing file /home/steve/.local/lib/python3.8/site-packages/airflow/example_dags/example_kubernetes_executor.py for tasks to queue
[2022-11-08T20:45:55.316+0900] {logging_mixin.py:117} INFO - [2022-11-08T20:45:55.316+0900] {dagbag.py:525} INFO - Filling up the DagBag from /home/steve/.local/lib/python3.8/site-packages/airflow/example_dags/example_kubernetes_executor.py
[2022-11-08T20:45:55.324+0900] {logging_mixin.py:117} INFO - [2022-11-08T20:45:55.324+0900] {example_kubernetes_executor.py:41} WARNING - The example_kubernetes_executor example DAG requires the kubernetes provider. Please install it with: pip install apache-airflow[cncf.kubernetes]
[2022-11-08T20:45:55.324+0900] {processor.py:770} WARNING - No viable dags retrieved from /home/steve/.local/lib/python3.8/site-packages/airflow/example_dags/example_kubernetes_executor.py
[2022-11-08T20:45:55.328+0900] {processor.py:178} INFO - Processing /home/steve/.local/lib/python3.8/site-packages/airflow/example_dags/example_kubernetes_executor.py took 0.015 seconds
[2022-11-08T20:46:31.784+0900] {processor.py:156} INFO - Started process (PID=11882) to work on /home/steve/.local/lib/python3.8/site-packages/airflow/example_dags/example_kubernetes_executor.py
[2022-11-08T20:46:31.785+0900] {processor.py:758} INFO - Processing file /home/steve/.local/lib/python3.8/site-packages/airflow/example_dags/example_kubernetes_executor.py for tasks to queue
[2022-11-08T20:46:31.786+0900] {logging_mixin.py:117} INFO - [2022-11-08T20:46:31.786+0900] {dagbag.py:525} INFO - Filling up the DagBag from /home/steve/.local/lib/python3.8/site-packages/airflow/example_dags/example_kubernetes_executor.py
[2022-11-08T20:46:31.794+0900] {logging_mixin.py:117} INFO - [2022-11-08T20:46:31.794+0900] {example_kubernetes_executor.py:41} WARNING - The example_kubernetes_executor example DAG requires the kubernetes provider. Please install it with: pip install apache-airflow[cncf.kubernetes]
[2022-11-08T20:46:31.795+0900] {processor.py:770} WARNING - No viable dags retrieved from /home/steve/.local/lib/python3.8/site-packages/airflow/example_dags/example_kubernetes_executor.py
[2022-11-08T20:46:31.799+0900] {processor.py:178} INFO - Processing /home/steve/.local/lib/python3.8/site-packages/airflow/example_dags/example_kubernetes_executor.py took 0.017 seconds
[2022-11-08T20:47:05.980+0900] {processor.py:156} INFO - Started process (PID=12030) to work on /home/steve/.local/lib/python3.8/site-packages/airflow/example_dags/example_kubernetes_executor.py
[2022-11-08T20:47:05.982+0900] {processor.py:758} INFO - Processing file /home/steve/.local/lib/python3.8/site-packages/airflow/example_dags/example_kubernetes_executor.py for tasks to queue
[2022-11-08T20:47:05.983+0900] {logging_mixin.py:117} INFO - [2022-11-08T20:47:05.983+0900] {dagbag.py:525} INFO - Filling up the DagBag from /home/steve/.local/lib/python3.8/site-packages/airflow/example_dags/example_kubernetes_executor.py
[2022-11-08T20:47:05.990+0900] {logging_mixin.py:117} INFO - [2022-11-08T20:47:05.990+0900] {example_kubernetes_executor.py:41} WARNING - The example_kubernetes_executor example DAG requires the kubernetes provider. Please install it with: pip install apache-airflow[cncf.kubernetes]
[2022-11-08T20:47:05.990+0900] {processor.py:770} WARNING - No viable dags retrieved from /home/steve/.local/lib/python3.8/site-packages/airflow/example_dags/example_kubernetes_executor.py
[2022-11-08T20:47:05.995+0900] {processor.py:178} INFO - Processing /home/steve/.local/lib/python3.8/site-packages/airflow/example_dags/example_kubernetes_executor.py took 0.017 seconds
[2022-11-08T20:47:38.141+0900] {processor.py:156} INFO - Started process (PID=12238) to work on /home/steve/.local/lib/python3.8/site-packages/airflow/example_dags/example_kubernetes_executor.py
[2022-11-08T20:47:38.143+0900] {processor.py:758} INFO - Processing file /home/steve/.local/lib/python3.8/site-packages/airflow/example_dags/example_kubernetes_executor.py for tasks to queue
[2022-11-08T20:47:38.144+0900] {logging_mixin.py:117} INFO - [2022-11-08T20:47:38.144+0900] {dagbag.py:525} INFO - Filling up the DagBag from /home/steve/.local/lib/python3.8/site-packages/airflow/example_dags/example_kubernetes_executor.py
[2022-11-08T20:47:38.152+0900] {logging_mixin.py:117} INFO - [2022-11-08T20:47:38.152+0900] {example_kubernetes_executor.py:41} WARNING - The example_kubernetes_executor example DAG requires the kubernetes provider. Please install it with: pip install apache-airflow[cncf.kubernetes]
[2022-11-08T20:47:38.152+0900] {processor.py:770} WARNING - No viable dags retrieved from /home/steve/.local/lib/python3.8/site-packages/airflow/example_dags/example_kubernetes_executor.py
[2022-11-08T20:47:38.157+0900] {processor.py:178} INFO - Processing /home/steve/.local/lib/python3.8/site-packages/airflow/example_dags/example_kubernetes_executor.py took 0.017 seconds
[2022-11-08T20:48:11.542+0900] {processor.py:156} INFO - Started process (PID=12272) to work on /home/steve/.local/lib/python3.8/site-packages/airflow/example_dags/example_kubernetes_executor.py
[2022-11-08T20:48:11.544+0900] {processor.py:758} INFO - Processing file /home/steve/.local/lib/python3.8/site-packages/airflow/example_dags/example_kubernetes_executor.py for tasks to queue
[2022-11-08T20:48:11.544+0900] {logging_mixin.py:117} INFO - [2022-11-08T20:48:11.544+0900] {dagbag.py:525} INFO - Filling up the DagBag from /home/steve/.local/lib/python3.8/site-packages/airflow/example_dags/example_kubernetes_executor.py
[2022-11-08T20:48:11.553+0900] {logging_mixin.py:117} INFO - [2022-11-08T20:48:11.553+0900] {example_kubernetes_executor.py:41} WARNING - The example_kubernetes_executor example DAG requires the kubernetes provider. Please install it with: pip install apache-airflow[cncf.kubernetes]
[2022-11-08T20:48:11.553+0900] {processor.py:770} WARNING - No viable dags retrieved from /home/steve/.local/lib/python3.8/site-packages/airflow/example_dags/example_kubernetes_executor.py
[2022-11-08T20:48:11.558+0900] {processor.py:178} INFO - Processing /home/steve/.local/lib/python3.8/site-packages/airflow/example_dags/example_kubernetes_executor.py took 0.017 seconds
[2022-11-08T20:48:47.494+0900] {processor.py:156} INFO - Started process (PID=12307) to work on /home/steve/.local/lib/python3.8/site-packages/airflow/example_dags/example_kubernetes_executor.py
[2022-11-08T20:48:47.496+0900] {processor.py:758} INFO - Processing file /home/steve/.local/lib/python3.8/site-packages/airflow/example_dags/example_kubernetes_executor.py for tasks to queue
[2022-11-08T20:48:47.497+0900] {logging_mixin.py:117} INFO - [2022-11-08T20:48:47.497+0900] {dagbag.py:525} INFO - Filling up the DagBag from /home/steve/.local/lib/python3.8/site-packages/airflow/example_dags/example_kubernetes_executor.py
[2022-11-08T20:48:47.505+0900] {logging_mixin.py:117} INFO - [2022-11-08T20:48:47.505+0900] {example_kubernetes_executor.py:41} WARNING - The example_kubernetes_executor example DAG requires the kubernetes provider. Please install it with: pip install apache-airflow[cncf.kubernetes]
[2022-11-08T20:48:47.505+0900] {processor.py:770} WARNING - No viable dags retrieved from /home/steve/.local/lib/python3.8/site-packages/airflow/example_dags/example_kubernetes_executor.py
[2022-11-08T20:48:47.510+0900] {processor.py:178} INFO - Processing /home/steve/.local/lib/python3.8/site-packages/airflow/example_dags/example_kubernetes_executor.py took 0.017 seconds
[2022-11-08T20:49:20.070+0900] {processor.py:156} INFO - Started process (PID=12343) to work on /home/steve/.local/lib/python3.8/site-packages/airflow/example_dags/example_kubernetes_executor.py
[2022-11-08T20:49:20.072+0900] {processor.py:758} INFO - Processing file /home/steve/.local/lib/python3.8/site-packages/airflow/example_dags/example_kubernetes_executor.py for tasks to queue
[2022-11-08T20:49:20.072+0900] {logging_mixin.py:117} INFO - [2022-11-08T20:49:20.072+0900] {dagbag.py:525} INFO - Filling up the DagBag from /home/steve/.local/lib/python3.8/site-packages/airflow/example_dags/example_kubernetes_executor.py
[2022-11-08T20:49:20.080+0900] {logging_mixin.py:117} INFO - [2022-11-08T20:49:20.080+0900] {example_kubernetes_executor.py:41} WARNING - The example_kubernetes_executor example DAG requires the kubernetes provider. Please install it with: pip install apache-airflow[cncf.kubernetes]
[2022-11-08T20:49:20.080+0900] {processor.py:770} WARNING - No viable dags retrieved from /home/steve/.local/lib/python3.8/site-packages/airflow/example_dags/example_kubernetes_executor.py
[2022-11-08T20:49:20.086+0900] {processor.py:178} INFO - Processing /home/steve/.local/lib/python3.8/site-packages/airflow/example_dags/example_kubernetes_executor.py took 0.018 seconds
[2022-11-08T20:49:52.037+0900] {processor.py:156} INFO - Started process (PID=12377) to work on /home/steve/.local/lib/python3.8/site-packages/airflow/example_dags/example_kubernetes_executor.py
[2022-11-08T20:49:52.037+0900] {processor.py:758} INFO - Processing file /home/steve/.local/lib/python3.8/site-packages/airflow/example_dags/example_kubernetes_executor.py for tasks to queue
[2022-11-08T20:49:52.038+0900] {logging_mixin.py:117} INFO - [2022-11-08T20:49:52.038+0900] {dagbag.py:525} INFO - Filling up the DagBag from /home/steve/.local/lib/python3.8/site-packages/airflow/example_dags/example_kubernetes_executor.py
[2022-11-08T20:49:52.046+0900] {logging_mixin.py:117} INFO - [2022-11-08T20:49:52.045+0900] {example_kubernetes_executor.py:41} WARNING - The example_kubernetes_executor example DAG requires the kubernetes provider. Please install it with: pip install apache-airflow[cncf.kubernetes]
[2022-11-08T20:49:52.046+0900] {processor.py:770} WARNING - No viable dags retrieved from /home/steve/.local/lib/python3.8/site-packages/airflow/example_dags/example_kubernetes_executor.py
[2022-11-08T20:49:52.050+0900] {processor.py:178} INFO - Processing /home/steve/.local/lib/python3.8/site-packages/airflow/example_dags/example_kubernetes_executor.py took 0.015 seconds
[2022-11-08T20:50:25.207+0900] {processor.py:156} INFO - Started process (PID=12482) to work on /home/steve/.local/lib/python3.8/site-packages/airflow/example_dags/example_kubernetes_executor.py
[2022-11-08T20:50:25.209+0900] {processor.py:758} INFO - Processing file /home/steve/.local/lib/python3.8/site-packages/airflow/example_dags/example_kubernetes_executor.py for tasks to queue
[2022-11-08T20:50:25.209+0900] {logging_mixin.py:117} INFO - [2022-11-08T20:50:25.209+0900] {dagbag.py:525} INFO - Filling up the DagBag from /home/steve/.local/lib/python3.8/site-packages/airflow/example_dags/example_kubernetes_executor.py
[2022-11-08T20:50:25.216+0900] {logging_mixin.py:117} INFO - [2022-11-08T20:50:25.216+0900] {example_kubernetes_executor.py:41} WARNING - The example_kubernetes_executor example DAG requires the kubernetes provider. Please install it with: pip install apache-airflow[cncf.kubernetes]
[2022-11-08T20:50:25.216+0900] {processor.py:770} WARNING - No viable dags retrieved from /home/steve/.local/lib/python3.8/site-packages/airflow/example_dags/example_kubernetes_executor.py
[2022-11-08T20:50:25.221+0900] {processor.py:178} INFO - Processing /home/steve/.local/lib/python3.8/site-packages/airflow/example_dags/example_kubernetes_executor.py took 0.016 seconds
[2022-11-08T20:50:59.068+0900] {processor.py:156} INFO - Started process (PID=12873) to work on /home/steve/.local/lib/python3.8/site-packages/airflow/example_dags/example_kubernetes_executor.py
[2022-11-08T20:50:59.070+0900] {processor.py:758} INFO - Processing file /home/steve/.local/lib/python3.8/site-packages/airflow/example_dags/example_kubernetes_executor.py for tasks to queue
[2022-11-08T20:50:59.070+0900] {logging_mixin.py:117} INFO - [2022-11-08T20:50:59.070+0900] {dagbag.py:525} INFO - Filling up the DagBag from /home/steve/.local/lib/python3.8/site-packages/airflow/example_dags/example_kubernetes_executor.py
[2022-11-08T20:50:59.077+0900] {logging_mixin.py:117} INFO - [2022-11-08T20:50:59.077+0900] {example_kubernetes_executor.py:41} WARNING - The example_kubernetes_executor example DAG requires the kubernetes provider. Please install it with: pip install apache-airflow[cncf.kubernetes]
[2022-11-08T20:50:59.077+0900] {processor.py:770} WARNING - No viable dags retrieved from /home/steve/.local/lib/python3.8/site-packages/airflow/example_dags/example_kubernetes_executor.py
[2022-11-08T20:50:59.083+0900] {processor.py:178} INFO - Processing /home/steve/.local/lib/python3.8/site-packages/airflow/example_dags/example_kubernetes_executor.py took 0.017 seconds
