[2022-11-08T19:45:05.874+0900] {processor.py:156} INFO - Started process (PID=7449) to work on /home/steve/.local/lib/python3.8/site-packages/airflow/example_dags/example_branch_operator.py
[2022-11-08T19:45:05.874+0900] {processor.py:758} INFO - Processing file /home/steve/.local/lib/python3.8/site-packages/airflow/example_dags/example_branch_operator.py for tasks to queue
[2022-11-08T19:45:05.874+0900] {logging_mixin.py:117} INFO - [2022-11-08T19:45:05.874+0900] {dagbag.py:525} INFO - Filling up the DagBag from /home/steve/.local/lib/python3.8/site-packages/airflow/example_dags/example_branch_operator.py
[2022-11-08T19:45:05.883+0900] {processor.py:768} INFO - DAG(s) dict_keys(['example_branch_operator']) retrieved from /home/steve/.local/lib/python3.8/site-packages/airflow/example_dags/example_branch_operator.py
[2022-11-08T19:45:05.949+0900] {logging_mixin.py:117} INFO - [2022-11-08T19:45:05.949+0900] {manager.py:507} INFO - Created Permission View: can edit on DAG:example_branch_operator
[2022-11-08T19:45:06.036+0900] {logging_mixin.py:117} INFO - [2022-11-08T19:45:06.036+0900] {manager.py:507} INFO - Created Permission View: can delete on DAG:example_branch_operator
[2022-11-08T19:45:06.045+0900] {logging_mixin.py:117} INFO - [2022-11-08T19:45:06.045+0900] {manager.py:507} INFO - Created Permission View: can read on DAG:example_branch_operator
[2022-11-08T19:45:06.045+0900] {logging_mixin.py:117} INFO - [2022-11-08T19:45:06.045+0900] {dag.py:2573} INFO - Sync 1 DAGs
[2022-11-08T19:45:06.050+0900] {logging_mixin.py:117} INFO - [2022-11-08T19:45:06.050+0900] {dag.py:2594} INFO - Creating ORM DAG for example_branch_operator
[2022-11-08T19:45:06.054+0900] {logging_mixin.py:117} INFO - [2022-11-08T19:45:06.054+0900] {dag.py:3324} INFO - Setting next_dagrun for example_branch_operator to 2022-11-07T00:00:00+00:00, run_after=2022-11-08T00:00:00+00:00
[2022-11-08T19:45:06.070+0900] {processor.py:178} INFO - Processing /home/steve/.local/lib/python3.8/site-packages/airflow/example_dags/example_branch_operator.py took 0.198 seconds
[2022-11-08T19:45:40.414+0900] {processor.py:156} INFO - Started process (PID=7679) to work on /home/steve/.local/lib/python3.8/site-packages/airflow/example_dags/example_branch_operator.py
[2022-11-08T19:45:40.415+0900] {processor.py:758} INFO - Processing file /home/steve/.local/lib/python3.8/site-packages/airflow/example_dags/example_branch_operator.py for tasks to queue
[2022-11-08T19:45:40.415+0900] {logging_mixin.py:117} INFO - [2022-11-08T19:45:40.415+0900] {dagbag.py:525} INFO - Filling up the DagBag from /home/steve/.local/lib/python3.8/site-packages/airflow/example_dags/example_branch_operator.py
[2022-11-08T19:45:40.424+0900] {processor.py:768} INFO - DAG(s) dict_keys(['example_branch_operator']) retrieved from /home/steve/.local/lib/python3.8/site-packages/airflow/example_dags/example_branch_operator.py
[2022-11-08T19:45:40.440+0900] {logging_mixin.py:117} INFO - [2022-11-08T19:45:40.440+0900] {dag.py:2573} INFO - Sync 1 DAGs
[2022-11-08T19:45:40.450+0900] {logging_mixin.py:117} INFO - [2022-11-08T19:45:40.450+0900] {dag.py:3324} INFO - Setting next_dagrun for example_branch_operator to 2022-11-07T00:00:00+00:00, run_after=2022-11-08T00:00:00+00:00
[2022-11-08T19:45:40.467+0900] {processor.py:178} INFO - Processing /home/steve/.local/lib/python3.8/site-packages/airflow/example_dags/example_branch_operator.py took 0.055 seconds
[2022-11-08T19:46:16.772+0900] {processor.py:156} INFO - Started process (PID=7805) to work on /home/steve/.local/lib/python3.8/site-packages/airflow/example_dags/example_branch_operator.py
[2022-11-08T19:46:16.774+0900] {processor.py:758} INFO - Processing file /home/steve/.local/lib/python3.8/site-packages/airflow/example_dags/example_branch_operator.py for tasks to queue
[2022-11-08T19:46:16.774+0900] {logging_mixin.py:117} INFO - [2022-11-08T19:46:16.774+0900] {dagbag.py:525} INFO - Filling up the DagBag from /home/steve/.local/lib/python3.8/site-packages/airflow/example_dags/example_branch_operator.py
[2022-11-08T19:46:16.783+0900] {processor.py:768} INFO - DAG(s) dict_keys(['example_branch_operator']) retrieved from /home/steve/.local/lib/python3.8/site-packages/airflow/example_dags/example_branch_operator.py
[2022-11-08T19:46:16.798+0900] {logging_mixin.py:117} INFO - [2022-11-08T19:46:16.798+0900] {dag.py:2573} INFO - Sync 1 DAGs
[2022-11-08T19:46:16.808+0900] {logging_mixin.py:117} INFO - [2022-11-08T19:46:16.808+0900] {dag.py:3324} INFO - Setting next_dagrun for example_branch_operator to 2022-11-07T00:00:00+00:00, run_after=2022-11-08T00:00:00+00:00
[2022-11-08T19:46:16.823+0900] {processor.py:178} INFO - Processing /home/steve/.local/lib/python3.8/site-packages/airflow/example_dags/example_branch_operator.py took 0.053 seconds
[2022-11-08T19:46:54.482+0900] {processor.py:156} INFO - Started process (PID=7869) to work on /home/steve/.local/lib/python3.8/site-packages/airflow/example_dags/example_branch_operator.py
[2022-11-08T19:46:54.483+0900] {processor.py:758} INFO - Processing file /home/steve/.local/lib/python3.8/site-packages/airflow/example_dags/example_branch_operator.py for tasks to queue
[2022-11-08T19:46:54.483+0900] {logging_mixin.py:117} INFO - [2022-11-08T19:46:54.483+0900] {dagbag.py:525} INFO - Filling up the DagBag from /home/steve/.local/lib/python3.8/site-packages/airflow/example_dags/example_branch_operator.py
[2022-11-08T19:46:54.492+0900] {processor.py:768} INFO - DAG(s) dict_keys(['example_branch_operator']) retrieved from /home/steve/.local/lib/python3.8/site-packages/airflow/example_dags/example_branch_operator.py
[2022-11-08T19:46:54.507+0900] {logging_mixin.py:117} INFO - [2022-11-08T19:46:54.507+0900] {dag.py:2573} INFO - Sync 1 DAGs
[2022-11-08T19:46:54.517+0900] {logging_mixin.py:117} INFO - [2022-11-08T19:46:54.517+0900] {dag.py:3324} INFO - Setting next_dagrun for example_branch_operator to 2022-11-07T00:00:00+00:00, run_after=2022-11-08T00:00:00+00:00
[2022-11-08T19:46:54.533+0900] {processor.py:178} INFO - Processing /home/steve/.local/lib/python3.8/site-packages/airflow/example_dags/example_branch_operator.py took 0.053 seconds
[2022-11-08T19:47:31.390+0900] {processor.py:156} INFO - Started process (PID=7920) to work on /home/steve/.local/lib/python3.8/site-packages/airflow/example_dags/example_branch_operator.py
[2022-11-08T19:47:31.392+0900] {processor.py:758} INFO - Processing file /home/steve/.local/lib/python3.8/site-packages/airflow/example_dags/example_branch_operator.py for tasks to queue
[2022-11-08T19:47:31.392+0900] {logging_mixin.py:117} INFO - [2022-11-08T19:47:31.392+0900] {dagbag.py:525} INFO - Filling up the DagBag from /home/steve/.local/lib/python3.8/site-packages/airflow/example_dags/example_branch_operator.py
[2022-11-08T19:47:31.402+0900] {processor.py:768} INFO - DAG(s) dict_keys(['example_branch_operator']) retrieved from /home/steve/.local/lib/python3.8/site-packages/airflow/example_dags/example_branch_operator.py
[2022-11-08T19:47:31.417+0900] {logging_mixin.py:117} INFO - [2022-11-08T19:47:31.417+0900] {dag.py:2573} INFO - Sync 1 DAGs
[2022-11-08T19:47:31.427+0900] {logging_mixin.py:117} INFO - [2022-11-08T19:47:31.427+0900] {dag.py:3324} INFO - Setting next_dagrun for example_branch_operator to 2022-11-07T00:00:00+00:00, run_after=2022-11-08T00:00:00+00:00
[2022-11-08T19:47:31.508+0900] {processor.py:178} INFO - Processing /home/steve/.local/lib/python3.8/site-packages/airflow/example_dags/example_branch_operator.py took 0.120 seconds
[2022-11-08T19:48:12.950+0900] {processor.py:156} INFO - Started process (PID=7960) to work on /home/steve/.local/lib/python3.8/site-packages/airflow/example_dags/example_branch_operator.py
[2022-11-08T19:48:12.952+0900] {processor.py:758} INFO - Processing file /home/steve/.local/lib/python3.8/site-packages/airflow/example_dags/example_branch_operator.py for tasks to queue
[2022-11-08T19:48:12.953+0900] {logging_mixin.py:117} INFO - [2022-11-08T19:48:12.953+0900] {dagbag.py:525} INFO - Filling up the DagBag from /home/steve/.local/lib/python3.8/site-packages/airflow/example_dags/example_branch_operator.py
[2022-11-08T19:48:12.961+0900] {processor.py:768} INFO - DAG(s) dict_keys(['example_branch_operator']) retrieved from /home/steve/.local/lib/python3.8/site-packages/airflow/example_dags/example_branch_operator.py
[2022-11-08T19:48:12.976+0900] {logging_mixin.py:117} INFO - [2022-11-08T19:48:12.976+0900] {dag.py:2573} INFO - Sync 1 DAGs
[2022-11-08T19:48:13.055+0900] {logging_mixin.py:117} INFO - [2022-11-08T19:48:13.055+0900] {dag.py:3324} INFO - Setting next_dagrun for example_branch_operator to 2022-11-07T00:00:00+00:00, run_after=2022-11-08T00:00:00+00:00
[2022-11-08T19:48:13.072+0900] {processor.py:178} INFO - Processing /home/steve/.local/lib/python3.8/site-packages/airflow/example_dags/example_branch_operator.py took 0.124 seconds
[2022-11-08T19:48:49.599+0900] {processor.py:156} INFO - Started process (PID=7996) to work on /home/steve/.local/lib/python3.8/site-packages/airflow/example_dags/example_branch_operator.py
[2022-11-08T19:48:49.601+0900] {processor.py:758} INFO - Processing file /home/steve/.local/lib/python3.8/site-packages/airflow/example_dags/example_branch_operator.py for tasks to queue
[2022-11-08T19:48:49.601+0900] {logging_mixin.py:117} INFO - [2022-11-08T19:48:49.601+0900] {dagbag.py:525} INFO - Filling up the DagBag from /home/steve/.local/lib/python3.8/site-packages/airflow/example_dags/example_branch_operator.py
[2022-11-08T19:48:49.611+0900] {processor.py:768} INFO - DAG(s) dict_keys(['example_branch_operator']) retrieved from /home/steve/.local/lib/python3.8/site-packages/airflow/example_dags/example_branch_operator.py
[2022-11-08T19:48:49.625+0900] {logging_mixin.py:117} INFO - [2022-11-08T19:48:49.625+0900] {dag.py:2573} INFO - Sync 1 DAGs
[2022-11-08T19:48:49.702+0900] {logging_mixin.py:117} INFO - [2022-11-08T19:48:49.702+0900] {dag.py:3324} INFO - Setting next_dagrun for example_branch_operator to 2022-11-07T00:00:00+00:00, run_after=2022-11-08T00:00:00+00:00
[2022-11-08T19:48:49.717+0900] {processor.py:178} INFO - Processing /home/steve/.local/lib/python3.8/site-packages/airflow/example_dags/example_branch_operator.py took 0.120 seconds
[2022-11-08T19:49:29.492+0900] {processor.py:156} INFO - Started process (PID=8034) to work on /home/steve/.local/lib/python3.8/site-packages/airflow/example_dags/example_branch_operator.py
[2022-11-08T19:49:29.494+0900] {processor.py:758} INFO - Processing file /home/steve/.local/lib/python3.8/site-packages/airflow/example_dags/example_branch_operator.py for tasks to queue
[2022-11-08T19:49:29.495+0900] {logging_mixin.py:117} INFO - [2022-11-08T19:49:29.495+0900] {dagbag.py:525} INFO - Filling up the DagBag from /home/steve/.local/lib/python3.8/site-packages/airflow/example_dags/example_branch_operator.py
[2022-11-08T19:49:29.503+0900] {processor.py:768} INFO - DAG(s) dict_keys(['example_branch_operator']) retrieved from /home/steve/.local/lib/python3.8/site-packages/airflow/example_dags/example_branch_operator.py
[2022-11-08T19:49:29.585+0900] {logging_mixin.py:117} INFO - [2022-11-08T19:49:29.585+0900] {dag.py:2573} INFO - Sync 1 DAGs
[2022-11-08T19:49:29.594+0900] {logging_mixin.py:117} INFO - [2022-11-08T19:49:29.594+0900] {dag.py:3324} INFO - Setting next_dagrun for example_branch_operator to 2022-11-07T00:00:00+00:00, run_after=2022-11-08T00:00:00+00:00
[2022-11-08T19:49:29.610+0900] {processor.py:178} INFO - Processing /home/steve/.local/lib/python3.8/site-packages/airflow/example_dags/example_branch_operator.py took 0.120 seconds
[2022-11-08T19:50:06.207+0900] {processor.py:156} INFO - Started process (PID=8097) to work on /home/steve/.local/lib/python3.8/site-packages/airflow/example_dags/example_branch_operator.py
[2022-11-08T19:50:06.207+0900] {processor.py:758} INFO - Processing file /home/steve/.local/lib/python3.8/site-packages/airflow/example_dags/example_branch_operator.py for tasks to queue
[2022-11-08T19:50:06.208+0900] {logging_mixin.py:117} INFO - [2022-11-08T19:50:06.208+0900] {dagbag.py:525} INFO - Filling up the DagBag from /home/steve/.local/lib/python3.8/site-packages/airflow/example_dags/example_branch_operator.py
[2022-11-08T19:50:06.217+0900] {processor.py:768} INFO - DAG(s) dict_keys(['example_branch_operator']) retrieved from /home/steve/.local/lib/python3.8/site-packages/airflow/example_dags/example_branch_operator.py
[2022-11-08T19:50:06.296+0900] {logging_mixin.py:117} INFO - [2022-11-08T19:50:06.296+0900] {dag.py:2573} INFO - Sync 1 DAGs
[2022-11-08T19:50:06.305+0900] {logging_mixin.py:117} INFO - [2022-11-08T19:50:06.305+0900] {dag.py:3324} INFO - Setting next_dagrun for example_branch_operator to 2022-11-07T00:00:00+00:00, run_after=2022-11-08T00:00:00+00:00
[2022-11-08T19:50:06.321+0900] {processor.py:178} INFO - Processing /home/steve/.local/lib/python3.8/site-packages/airflow/example_dags/example_branch_operator.py took 0.116 seconds
[2022-11-08T19:50:46.634+0900] {processor.py:156} INFO - Started process (PID=8137) to work on /home/steve/.local/lib/python3.8/site-packages/airflow/example_dags/example_branch_operator.py
[2022-11-08T19:50:46.636+0900] {processor.py:758} INFO - Processing file /home/steve/.local/lib/python3.8/site-packages/airflow/example_dags/example_branch_operator.py for tasks to queue
[2022-11-08T19:50:46.637+0900] {logging_mixin.py:117} INFO - [2022-11-08T19:50:46.637+0900] {dagbag.py:525} INFO - Filling up the DagBag from /home/steve/.local/lib/python3.8/site-packages/airflow/example_dags/example_branch_operator.py
[2022-11-08T19:50:46.646+0900] {processor.py:768} INFO - DAG(s) dict_keys(['example_branch_operator']) retrieved from /home/steve/.local/lib/python3.8/site-packages/airflow/example_dags/example_branch_operator.py
[2022-11-08T19:50:46.725+0900] {logging_mixin.py:117} INFO - [2022-11-08T19:50:46.724+0900] {dag.py:2573} INFO - Sync 1 DAGs
[2022-11-08T19:50:46.733+0900] {logging_mixin.py:117} INFO - [2022-11-08T19:50:46.733+0900] {dag.py:3324} INFO - Setting next_dagrun for example_branch_operator to 2022-11-07T00:00:00+00:00, run_after=2022-11-08T00:00:00+00:00
[2022-11-08T19:50:46.749+0900] {processor.py:178} INFO - Processing /home/steve/.local/lib/python3.8/site-packages/airflow/example_dags/example_branch_operator.py took 0.116 seconds
[2022-11-08T19:51:25.700+0900] {processor.py:156} INFO - Started process (PID=8175) to work on /home/steve/.local/lib/python3.8/site-packages/airflow/example_dags/example_branch_operator.py
[2022-11-08T19:51:25.702+0900] {processor.py:758} INFO - Processing file /home/steve/.local/lib/python3.8/site-packages/airflow/example_dags/example_branch_operator.py for tasks to queue
[2022-11-08T19:51:25.702+0900] {logging_mixin.py:117} INFO - [2022-11-08T19:51:25.702+0900] {dagbag.py:525} INFO - Filling up the DagBag from /home/steve/.local/lib/python3.8/site-packages/airflow/example_dags/example_branch_operator.py
[2022-11-08T19:51:25.780+0900] {processor.py:768} INFO - DAG(s) dict_keys(['example_branch_operator']) retrieved from /home/steve/.local/lib/python3.8/site-packages/airflow/example_dags/example_branch_operator.py
[2022-11-08T19:51:25.793+0900] {logging_mixin.py:117} INFO - [2022-11-08T19:51:25.793+0900] {dag.py:2573} INFO - Sync 1 DAGs
[2022-11-08T19:51:25.803+0900] {logging_mixin.py:117} INFO - [2022-11-08T19:51:25.803+0900] {dag.py:3324} INFO - Setting next_dagrun for example_branch_operator to 2022-11-07T00:00:00+00:00, run_after=2022-11-08T00:00:00+00:00
[2022-11-08T19:51:25.818+0900] {processor.py:178} INFO - Processing /home/steve/.local/lib/python3.8/site-packages/airflow/example_dags/example_branch_operator.py took 0.119 seconds
[2022-11-08T19:52:04.757+0900] {processor.py:156} INFO - Started process (PID=8215) to work on /home/steve/.local/lib/python3.8/site-packages/airflow/example_dags/example_branch_operator.py
[2022-11-08T19:52:04.758+0900] {processor.py:758} INFO - Processing file /home/steve/.local/lib/python3.8/site-packages/airflow/example_dags/example_branch_operator.py for tasks to queue
[2022-11-08T19:52:04.758+0900] {logging_mixin.py:117} INFO - [2022-11-08T19:52:04.758+0900] {dagbag.py:525} INFO - Filling up the DagBag from /home/steve/.local/lib/python3.8/site-packages/airflow/example_dags/example_branch_operator.py
[2022-11-08T19:52:04.767+0900] {processor.py:768} INFO - DAG(s) dict_keys(['example_branch_operator']) retrieved from /home/steve/.local/lib/python3.8/site-packages/airflow/example_dags/example_branch_operator.py
[2022-11-08T19:52:04.782+0900] {logging_mixin.py:117} INFO - [2022-11-08T19:52:04.782+0900] {dag.py:2573} INFO - Sync 1 DAGs
[2022-11-08T19:52:04.792+0900] {logging_mixin.py:117} INFO - [2022-11-08T19:52:04.792+0900] {dag.py:3324} INFO - Setting next_dagrun for example_branch_operator to 2022-11-07T00:00:00+00:00, run_after=2022-11-08T00:00:00+00:00
[2022-11-08T19:52:04.808+0900] {processor.py:178} INFO - Processing /home/steve/.local/lib/python3.8/site-packages/airflow/example_dags/example_branch_operator.py took 0.053 seconds
[2022-11-08T19:52:38.095+0900] {processor.py:156} INFO - Started process (PID=8251) to work on /home/steve/.local/lib/python3.8/site-packages/airflow/example_dags/example_branch_operator.py
[2022-11-08T19:52:38.097+0900] {processor.py:758} INFO - Processing file /home/steve/.local/lib/python3.8/site-packages/airflow/example_dags/example_branch_operator.py for tasks to queue
[2022-11-08T19:52:38.097+0900] {logging_mixin.py:117} INFO - [2022-11-08T19:52:38.097+0900] {dagbag.py:525} INFO - Filling up the DagBag from /home/steve/.local/lib/python3.8/site-packages/airflow/example_dags/example_branch_operator.py
[2022-11-08T19:52:38.107+0900] {processor.py:768} INFO - DAG(s) dict_keys(['example_branch_operator']) retrieved from /home/steve/.local/lib/python3.8/site-packages/airflow/example_dags/example_branch_operator.py
[2022-11-08T19:52:38.122+0900] {logging_mixin.py:117} INFO - [2022-11-08T19:52:38.122+0900] {dag.py:2573} INFO - Sync 1 DAGs
[2022-11-08T19:52:38.132+0900] {logging_mixin.py:117} INFO - [2022-11-08T19:52:38.132+0900] {dag.py:3324} INFO - Setting next_dagrun for example_branch_operator to 2022-11-07T00:00:00+00:00, run_after=2022-11-08T00:00:00+00:00
[2022-11-08T19:52:38.147+0900] {processor.py:178} INFO - Processing /home/steve/.local/lib/python3.8/site-packages/airflow/example_dags/example_branch_operator.py took 0.054 seconds
[2022-11-08T19:53:12.823+0900] {processor.py:156} INFO - Started process (PID=8456) to work on /home/steve/.local/lib/python3.8/site-packages/airflow/example_dags/example_branch_operator.py
[2022-11-08T19:53:12.824+0900] {processor.py:758} INFO - Processing file /home/steve/.local/lib/python3.8/site-packages/airflow/example_dags/example_branch_operator.py for tasks to queue
[2022-11-08T19:53:12.825+0900] {logging_mixin.py:117} INFO - [2022-11-08T19:53:12.825+0900] {dagbag.py:525} INFO - Filling up the DagBag from /home/steve/.local/lib/python3.8/site-packages/airflow/example_dags/example_branch_operator.py
[2022-11-08T19:53:12.835+0900] {processor.py:768} INFO - DAG(s) dict_keys(['example_branch_operator']) retrieved from /home/steve/.local/lib/python3.8/site-packages/airflow/example_dags/example_branch_operator.py
[2022-11-08T19:53:12.845+0900] {logging_mixin.py:117} INFO - [2022-11-08T19:53:12.845+0900] {dag.py:2573} INFO - Sync 1 DAGs
[2022-11-08T19:53:12.857+0900] {logging_mixin.py:117} INFO - [2022-11-08T19:53:12.857+0900] {dag.py:3324} INFO - Setting next_dagrun for example_branch_operator to 2022-11-07T00:00:00+00:00, run_after=2022-11-08T00:00:00+00:00
[2022-11-08T19:53:12.872+0900] {processor.py:178} INFO - Processing /home/steve/.local/lib/python3.8/site-packages/airflow/example_dags/example_branch_operator.py took 0.050 seconds
[2022-11-08T19:53:48.479+0900] {processor.py:156} INFO - Started process (PID=8557) to work on /home/steve/.local/lib/python3.8/site-packages/airflow/example_dags/example_branch_operator.py
[2022-11-08T19:53:48.481+0900] {processor.py:758} INFO - Processing file /home/steve/.local/lib/python3.8/site-packages/airflow/example_dags/example_branch_operator.py for tasks to queue
[2022-11-08T19:53:48.482+0900] {logging_mixin.py:117} INFO - [2022-11-08T19:53:48.482+0900] {dagbag.py:525} INFO - Filling up the DagBag from /home/steve/.local/lib/python3.8/site-packages/airflow/example_dags/example_branch_operator.py
[2022-11-08T19:53:48.492+0900] {processor.py:768} INFO - DAG(s) dict_keys(['example_branch_operator']) retrieved from /home/steve/.local/lib/python3.8/site-packages/airflow/example_dags/example_branch_operator.py
[2022-11-08T19:53:48.510+0900] {logging_mixin.py:117} INFO - [2022-11-08T19:53:48.510+0900] {dag.py:2573} INFO - Sync 1 DAGs
[2022-11-08T19:53:48.523+0900] {logging_mixin.py:117} INFO - [2022-11-08T19:53:48.523+0900] {dag.py:3324} INFO - Setting next_dagrun for example_branch_operator to 2022-11-07T00:00:00+00:00, run_after=2022-11-08T00:00:00+00:00
[2022-11-08T19:53:48.541+0900] {processor.py:178} INFO - Processing /home/steve/.local/lib/python3.8/site-packages/airflow/example_dags/example_branch_operator.py took 0.063 seconds
[2022-11-08T19:54:25.375+0900] {processor.py:156} INFO - Started process (PID=8723) to work on /home/steve/.local/lib/python3.8/site-packages/airflow/example_dags/example_branch_operator.py
[2022-11-08T19:54:25.377+0900] {processor.py:758} INFO - Processing file /home/steve/.local/lib/python3.8/site-packages/airflow/example_dags/example_branch_operator.py for tasks to queue
[2022-11-08T19:54:25.377+0900] {logging_mixin.py:117} INFO - [2022-11-08T19:54:25.377+0900] {dagbag.py:525} INFO - Filling up the DagBag from /home/steve/.local/lib/python3.8/site-packages/airflow/example_dags/example_branch_operator.py
[2022-11-08T19:54:25.388+0900] {processor.py:768} INFO - DAG(s) dict_keys(['example_branch_operator']) retrieved from /home/steve/.local/lib/python3.8/site-packages/airflow/example_dags/example_branch_operator.py
[2022-11-08T19:54:25.405+0900] {logging_mixin.py:117} INFO - [2022-11-08T19:54:25.405+0900] {dag.py:2573} INFO - Sync 1 DAGs
[2022-11-08T19:54:25.421+0900] {logging_mixin.py:117} INFO - [2022-11-08T19:54:25.421+0900] {dag.py:3324} INFO - Setting next_dagrun for example_branch_operator to 2022-11-07T00:00:00+00:00, run_after=2022-11-08T00:00:00+00:00
[2022-11-08T19:54:25.439+0900] {processor.py:178} INFO - Processing /home/steve/.local/lib/python3.8/site-packages/airflow/example_dags/example_branch_operator.py took 0.066 seconds
[2022-11-08T19:55:03.396+0900] {processor.py:156} INFO - Started process (PID=9001) to work on /home/steve/.local/lib/python3.8/site-packages/airflow/example_dags/example_branch_operator.py
[2022-11-08T19:55:03.396+0900] {processor.py:758} INFO - Processing file /home/steve/.local/lib/python3.8/site-packages/airflow/example_dags/example_branch_operator.py for tasks to queue
[2022-11-08T19:55:03.397+0900] {logging_mixin.py:117} INFO - [2022-11-08T19:55:03.397+0900] {dagbag.py:525} INFO - Filling up the DagBag from /home/steve/.local/lib/python3.8/site-packages/airflow/example_dags/example_branch_operator.py
[2022-11-08T19:55:03.406+0900] {processor.py:768} INFO - DAG(s) dict_keys(['example_branch_operator']) retrieved from /home/steve/.local/lib/python3.8/site-packages/airflow/example_dags/example_branch_operator.py
[2022-11-08T19:55:03.420+0900] {logging_mixin.py:117} INFO - [2022-11-08T19:55:03.420+0900] {dag.py:2573} INFO - Sync 1 DAGs
[2022-11-08T19:55:03.432+0900] {logging_mixin.py:117} INFO - [2022-11-08T19:55:03.431+0900] {dag.py:3324} INFO - Setting next_dagrun for example_branch_operator to 2022-11-07T00:00:00+00:00, run_after=2022-11-08T00:00:00+00:00
[2022-11-08T19:55:03.448+0900] {processor.py:178} INFO - Processing /home/steve/.local/lib/python3.8/site-packages/airflow/example_dags/example_branch_operator.py took 0.053 seconds
[2022-11-08T20:27:15.495+0900] {processor.py:156} INFO - Started process (PID=9800) to work on /home/steve/.local/lib/python3.8/site-packages/airflow/example_dags/example_branch_operator.py
[2022-11-08T20:27:15.496+0900] {processor.py:758} INFO - Processing file /home/steve/.local/lib/python3.8/site-packages/airflow/example_dags/example_branch_operator.py for tasks to queue
[2022-11-08T20:27:15.497+0900] {logging_mixin.py:117} INFO - [2022-11-08T20:27:15.496+0900] {dagbag.py:525} INFO - Filling up the DagBag from /home/steve/.local/lib/python3.8/site-packages/airflow/example_dags/example_branch_operator.py
[2022-11-08T20:27:15.507+0900] {processor.py:768} INFO - DAG(s) dict_keys(['example_branch_operator']) retrieved from /home/steve/.local/lib/python3.8/site-packages/airflow/example_dags/example_branch_operator.py
[2022-11-08T20:27:15.526+0900] {logging_mixin.py:117} INFO - [2022-11-08T20:27:15.526+0900] {dag.py:2573} INFO - Sync 1 DAGs
[2022-11-08T20:27:15.537+0900] {logging_mixin.py:117} INFO - [2022-11-08T20:27:15.537+0900] {dag.py:3324} INFO - Setting next_dagrun for example_branch_operator to 2022-11-07T00:00:00+00:00, run_after=2022-11-08T00:00:00+00:00
[2022-11-08T20:27:15.553+0900] {processor.py:178} INFO - Processing /home/steve/.local/lib/python3.8/site-packages/airflow/example_dags/example_branch_operator.py took 0.059 seconds
[2022-11-08T20:27:51.173+0900] {processor.py:156} INFO - Started process (PID=9846) to work on /home/steve/.local/lib/python3.8/site-packages/airflow/example_dags/example_branch_operator.py
[2022-11-08T20:27:51.177+0900] {processor.py:758} INFO - Processing file /home/steve/.local/lib/python3.8/site-packages/airflow/example_dags/example_branch_operator.py for tasks to queue
[2022-11-08T20:27:51.178+0900] {logging_mixin.py:117} INFO - [2022-11-08T20:27:51.178+0900] {dagbag.py:525} INFO - Filling up the DagBag from /home/steve/.local/lib/python3.8/site-packages/airflow/example_dags/example_branch_operator.py
[2022-11-08T20:27:51.189+0900] {processor.py:768} INFO - DAG(s) dict_keys(['example_branch_operator']) retrieved from /home/steve/.local/lib/python3.8/site-packages/airflow/example_dags/example_branch_operator.py
[2022-11-08T20:27:51.210+0900] {logging_mixin.py:117} INFO - [2022-11-08T20:27:51.210+0900] {dag.py:2573} INFO - Sync 1 DAGs
[2022-11-08T20:27:51.223+0900] {logging_mixin.py:117} INFO - [2022-11-08T20:27:51.223+0900] {dag.py:3324} INFO - Setting next_dagrun for example_branch_operator to 2022-11-07T00:00:00+00:00, run_after=2022-11-08T00:00:00+00:00
[2022-11-08T20:27:51.240+0900] {processor.py:178} INFO - Processing /home/steve/.local/lib/python3.8/site-packages/airflow/example_dags/example_branch_operator.py took 0.068 seconds
[2022-11-08T20:28:27.554+0900] {processor.py:156} INFO - Started process (PID=9882) to work on /home/steve/.local/lib/python3.8/site-packages/airflow/example_dags/example_branch_operator.py
[2022-11-08T20:28:27.556+0900] {processor.py:758} INFO - Processing file /home/steve/.local/lib/python3.8/site-packages/airflow/example_dags/example_branch_operator.py for tasks to queue
[2022-11-08T20:28:27.556+0900] {logging_mixin.py:117} INFO - [2022-11-08T20:28:27.556+0900] {dagbag.py:525} INFO - Filling up the DagBag from /home/steve/.local/lib/python3.8/site-packages/airflow/example_dags/example_branch_operator.py
[2022-11-08T20:28:27.565+0900] {processor.py:768} INFO - DAG(s) dict_keys(['example_branch_operator']) retrieved from /home/steve/.local/lib/python3.8/site-packages/airflow/example_dags/example_branch_operator.py
[2022-11-08T20:28:27.580+0900] {logging_mixin.py:117} INFO - [2022-11-08T20:28:27.580+0900] {dag.py:2573} INFO - Sync 1 DAGs
[2022-11-08T20:28:27.590+0900] {logging_mixin.py:117} INFO - [2022-11-08T20:28:27.590+0900] {dag.py:3324} INFO - Setting next_dagrun for example_branch_operator to 2022-11-07T00:00:00+00:00, run_after=2022-11-08T00:00:00+00:00
[2022-11-08T20:28:27.606+0900] {processor.py:178} INFO - Processing /home/steve/.local/lib/python3.8/site-packages/airflow/example_dags/example_branch_operator.py took 0.054 seconds
[2022-11-08T20:29:02.296+0900] {processor.py:156} INFO - Started process (PID=10123) to work on /home/steve/.local/lib/python3.8/site-packages/airflow/example_dags/example_branch_operator.py
[2022-11-08T20:29:02.298+0900] {processor.py:758} INFO - Processing file /home/steve/.local/lib/python3.8/site-packages/airflow/example_dags/example_branch_operator.py for tasks to queue
[2022-11-08T20:29:02.299+0900] {logging_mixin.py:117} INFO - [2022-11-08T20:29:02.299+0900] {dagbag.py:525} INFO - Filling up the DagBag from /home/steve/.local/lib/python3.8/site-packages/airflow/example_dags/example_branch_operator.py
[2022-11-08T20:29:02.310+0900] {processor.py:768} INFO - DAG(s) dict_keys(['example_branch_operator']) retrieved from /home/steve/.local/lib/python3.8/site-packages/airflow/example_dags/example_branch_operator.py
[2022-11-08T20:29:02.327+0900] {logging_mixin.py:117} INFO - [2022-11-08T20:29:02.327+0900] {dag.py:2573} INFO - Sync 1 DAGs
[2022-11-08T20:29:02.339+0900] {logging_mixin.py:117} INFO - [2022-11-08T20:29:02.339+0900] {dag.py:3324} INFO - Setting next_dagrun for example_branch_operator to 2022-11-07T00:00:00+00:00, run_after=2022-11-08T00:00:00+00:00
[2022-11-08T20:29:02.357+0900] {processor.py:178} INFO - Processing /home/steve/.local/lib/python3.8/site-packages/airflow/example_dags/example_branch_operator.py took 0.062 seconds
[2022-11-08T20:29:41.536+0900] {processor.py:156} INFO - Started process (PID=10294) to work on /home/steve/.local/lib/python3.8/site-packages/airflow/example_dags/example_branch_operator.py
[2022-11-08T20:29:41.537+0900] {processor.py:758} INFO - Processing file /home/steve/.local/lib/python3.8/site-packages/airflow/example_dags/example_branch_operator.py for tasks to queue
[2022-11-08T20:29:41.538+0900] {logging_mixin.py:117} INFO - [2022-11-08T20:29:41.538+0900] {dagbag.py:525} INFO - Filling up the DagBag from /home/steve/.local/lib/python3.8/site-packages/airflow/example_dags/example_branch_operator.py
[2022-11-08T20:29:41.547+0900] {processor.py:768} INFO - DAG(s) dict_keys(['example_branch_operator']) retrieved from /home/steve/.local/lib/python3.8/site-packages/airflow/example_dags/example_branch_operator.py
[2022-11-08T20:29:41.562+0900] {logging_mixin.py:117} INFO - [2022-11-08T20:29:41.562+0900] {dag.py:2573} INFO - Sync 1 DAGs
[2022-11-08T20:29:41.573+0900] {logging_mixin.py:117} INFO - [2022-11-08T20:29:41.573+0900] {dag.py:3324} INFO - Setting next_dagrun for example_branch_operator to 2022-11-07T00:00:00+00:00, run_after=2022-11-08T00:00:00+00:00
[2022-11-08T20:29:41.666+0900] {processor.py:178} INFO - Processing /home/steve/.local/lib/python3.8/site-packages/airflow/example_dags/example_branch_operator.py took 0.131 seconds
[2022-11-08T20:30:20.349+0900] {processor.py:156} INFO - Started process (PID=10450) to work on /home/steve/.local/lib/python3.8/site-packages/airflow/example_dags/example_branch_operator.py
[2022-11-08T20:30:20.351+0900] {processor.py:758} INFO - Processing file /home/steve/.local/lib/python3.8/site-packages/airflow/example_dags/example_branch_operator.py for tasks to queue
[2022-11-08T20:30:20.352+0900] {logging_mixin.py:117} INFO - [2022-11-08T20:30:20.352+0900] {dagbag.py:525} INFO - Filling up the DagBag from /home/steve/.local/lib/python3.8/site-packages/airflow/example_dags/example_branch_operator.py
[2022-11-08T20:30:20.362+0900] {processor.py:768} INFO - DAG(s) dict_keys(['example_branch_operator']) retrieved from /home/steve/.local/lib/python3.8/site-packages/airflow/example_dags/example_branch_operator.py
[2022-11-08T20:30:20.381+0900] {logging_mixin.py:117} INFO - [2022-11-08T20:30:20.380+0900] {dag.py:2573} INFO - Sync 1 DAGs
[2022-11-08T20:30:20.475+0900] {logging_mixin.py:117} INFO - [2022-11-08T20:30:20.474+0900] {dag.py:3324} INFO - Setting next_dagrun for example_branch_operator to 2022-11-07T00:00:00+00:00, run_after=2022-11-08T00:00:00+00:00
[2022-11-08T20:30:20.491+0900] {processor.py:178} INFO - Processing /home/steve/.local/lib/python3.8/site-packages/airflow/example_dags/example_branch_operator.py took 0.144 seconds
[2022-11-08T20:30:59.180+0900] {processor.py:156} INFO - Started process (PID=10638) to work on /home/steve/.local/lib/python3.8/site-packages/airflow/example_dags/example_branch_operator.py
[2022-11-08T20:30:59.181+0900] {processor.py:758} INFO - Processing file /home/steve/.local/lib/python3.8/site-packages/airflow/example_dags/example_branch_operator.py for tasks to queue
[2022-11-08T20:30:59.182+0900] {logging_mixin.py:117} INFO - [2022-11-08T20:30:59.182+0900] {dagbag.py:525} INFO - Filling up the DagBag from /home/steve/.local/lib/python3.8/site-packages/airflow/example_dags/example_branch_operator.py
[2022-11-08T20:30:59.192+0900] {processor.py:768} INFO - DAG(s) dict_keys(['example_branch_operator']) retrieved from /home/steve/.local/lib/python3.8/site-packages/airflow/example_dags/example_branch_operator.py
[2022-11-08T20:30:59.208+0900] {logging_mixin.py:117} INFO - [2022-11-08T20:30:59.207+0900] {dag.py:2573} INFO - Sync 1 DAGs
[2022-11-08T20:30:59.297+0900] {logging_mixin.py:117} INFO - [2022-11-08T20:30:59.297+0900] {dag.py:3324} INFO - Setting next_dagrun for example_branch_operator to 2022-11-07T00:00:00+00:00, run_after=2022-11-08T00:00:00+00:00
[2022-11-08T20:30:59.314+0900] {processor.py:178} INFO - Processing /home/steve/.local/lib/python3.8/site-packages/airflow/example_dags/example_branch_operator.py took 0.136 seconds
[2022-11-08T20:31:39.440+0900] {processor.py:156} INFO - Started process (PID=10730) to work on /home/steve/.local/lib/python3.8/site-packages/airflow/example_dags/example_branch_operator.py
[2022-11-08T20:31:39.441+0900] {processor.py:758} INFO - Processing file /home/steve/.local/lib/python3.8/site-packages/airflow/example_dags/example_branch_operator.py for tasks to queue
[2022-11-08T20:31:39.441+0900] {logging_mixin.py:117} INFO - [2022-11-08T20:31:39.441+0900] {dagbag.py:525} INFO - Filling up the DagBag from /home/steve/.local/lib/python3.8/site-packages/airflow/example_dags/example_branch_operator.py
[2022-11-08T20:31:39.451+0900] {processor.py:768} INFO - DAG(s) dict_keys(['example_branch_operator']) retrieved from /home/steve/.local/lib/python3.8/site-packages/airflow/example_dags/example_branch_operator.py
[2022-11-08T20:31:39.540+0900] {logging_mixin.py:117} INFO - [2022-11-08T20:31:39.540+0900] {dag.py:2573} INFO - Sync 1 DAGs
[2022-11-08T20:31:39.551+0900] {logging_mixin.py:117} INFO - [2022-11-08T20:31:39.551+0900] {dag.py:3324} INFO - Setting next_dagrun for example_branch_operator to 2022-11-07T00:00:00+00:00, run_after=2022-11-08T00:00:00+00:00
[2022-11-08T20:31:39.566+0900] {processor.py:178} INFO - Processing /home/steve/.local/lib/python3.8/site-packages/airflow/example_dags/example_branch_operator.py took 0.127 seconds
[2022-11-08T20:32:15.875+0900] {processor.py:156} INFO - Started process (PID=10793) to work on /home/steve/.local/lib/python3.8/site-packages/airflow/example_dags/example_branch_operator.py
[2022-11-08T20:32:15.877+0900] {processor.py:758} INFO - Processing file /home/steve/.local/lib/python3.8/site-packages/airflow/example_dags/example_branch_operator.py for tasks to queue
[2022-11-08T20:32:15.877+0900] {logging_mixin.py:117} INFO - [2022-11-08T20:32:15.877+0900] {dagbag.py:525} INFO - Filling up the DagBag from /home/steve/.local/lib/python3.8/site-packages/airflow/example_dags/example_branch_operator.py
[2022-11-08T20:32:15.887+0900] {processor.py:768} INFO - DAG(s) dict_keys(['example_branch_operator']) retrieved from /home/steve/.local/lib/python3.8/site-packages/airflow/example_dags/example_branch_operator.py
[2022-11-08T20:32:15.986+0900] {logging_mixin.py:117} INFO - [2022-11-08T20:32:15.986+0900] {dag.py:2573} INFO - Sync 1 DAGs
[2022-11-08T20:32:15.998+0900] {logging_mixin.py:117} INFO - [2022-11-08T20:32:15.998+0900] {dag.py:3324} INFO - Setting next_dagrun for example_branch_operator to 2022-11-07T00:00:00+00:00, run_after=2022-11-08T00:00:00+00:00
[2022-11-08T20:32:16.017+0900] {processor.py:178} INFO - Processing /home/steve/.local/lib/python3.8/site-packages/airflow/example_dags/example_branch_operator.py took 0.144 seconds
[2022-11-08T20:32:55.427+0900] {processor.py:156} INFO - Started process (PID=10984) to work on /home/steve/.local/lib/python3.8/site-packages/airflow/example_dags/example_branch_operator.py
[2022-11-08T20:32:55.429+0900] {processor.py:758} INFO - Processing file /home/steve/.local/lib/python3.8/site-packages/airflow/example_dags/example_branch_operator.py for tasks to queue
[2022-11-08T20:32:55.430+0900] {logging_mixin.py:117} INFO - [2022-11-08T20:32:55.429+0900] {dagbag.py:525} INFO - Filling up the DagBag from /home/steve/.local/lib/python3.8/site-packages/airflow/example_dags/example_branch_operator.py
[2022-11-08T20:32:55.439+0900] {processor.py:768} INFO - DAG(s) dict_keys(['example_branch_operator']) retrieved from /home/steve/.local/lib/python3.8/site-packages/airflow/example_dags/example_branch_operator.py
[2022-11-08T20:32:55.538+0900] {logging_mixin.py:117} INFO - [2022-11-08T20:32:55.538+0900] {dag.py:2573} INFO - Sync 1 DAGs
[2022-11-08T20:32:55.549+0900] {logging_mixin.py:117} INFO - [2022-11-08T20:32:55.549+0900] {dag.py:3324} INFO - Setting next_dagrun for example_branch_operator to 2022-11-07T00:00:00+00:00, run_after=2022-11-08T00:00:00+00:00
[2022-11-08T20:32:55.566+0900] {processor.py:178} INFO - Processing /home/steve/.local/lib/python3.8/site-packages/airflow/example_dags/example_branch_operator.py took 0.141 seconds
[2022-11-08T20:33:34.753+0900] {processor.py:156} INFO - Started process (PID=11020) to work on /home/steve/.local/lib/python3.8/site-packages/airflow/example_dags/example_branch_operator.py
[2022-11-08T20:33:34.756+0900] {processor.py:758} INFO - Processing file /home/steve/.local/lib/python3.8/site-packages/airflow/example_dags/example_branch_operator.py for tasks to queue
[2022-11-08T20:33:34.756+0900] {logging_mixin.py:117} INFO - [2022-11-08T20:33:34.756+0900] {dagbag.py:525} INFO - Filling up the DagBag from /home/steve/.local/lib/python3.8/site-packages/airflow/example_dags/example_branch_operator.py
[2022-11-08T20:33:34.843+0900] {processor.py:768} INFO - DAG(s) dict_keys(['example_branch_operator']) retrieved from /home/steve/.local/lib/python3.8/site-packages/airflow/example_dags/example_branch_operator.py
[2022-11-08T20:33:34.856+0900] {logging_mixin.py:117} INFO - [2022-11-08T20:33:34.855+0900] {dag.py:2573} INFO - Sync 1 DAGs
[2022-11-08T20:33:34.865+0900] {logging_mixin.py:117} INFO - [2022-11-08T20:33:34.865+0900] {dag.py:3324} INFO - Setting next_dagrun for example_branch_operator to 2022-11-07T00:00:00+00:00, run_after=2022-11-08T00:00:00+00:00
[2022-11-08T20:33:34.879+0900] {processor.py:178} INFO - Processing /home/steve/.local/lib/python3.8/site-packages/airflow/example_dags/example_branch_operator.py took 0.128 seconds
[2022-11-08T20:34:13.652+0900] {processor.py:156} INFO - Started process (PID=11059) to work on /home/steve/.local/lib/python3.8/site-packages/airflow/example_dags/example_branch_operator.py
[2022-11-08T20:34:13.654+0900] {processor.py:758} INFO - Processing file /home/steve/.local/lib/python3.8/site-packages/airflow/example_dags/example_branch_operator.py for tasks to queue
[2022-11-08T20:34:13.654+0900] {logging_mixin.py:117} INFO - [2022-11-08T20:34:13.654+0900] {dagbag.py:525} INFO - Filling up the DagBag from /home/steve/.local/lib/python3.8/site-packages/airflow/example_dags/example_branch_operator.py
[2022-11-08T20:34:13.663+0900] {processor.py:768} INFO - DAG(s) dict_keys(['example_branch_operator']) retrieved from /home/steve/.local/lib/python3.8/site-packages/airflow/example_dags/example_branch_operator.py
[2022-11-08T20:34:13.678+0900] {logging_mixin.py:117} INFO - [2022-11-08T20:34:13.677+0900] {dag.py:2573} INFO - Sync 1 DAGs
[2022-11-08T20:34:13.688+0900] {logging_mixin.py:117} INFO - [2022-11-08T20:34:13.688+0900] {dag.py:3324} INFO - Setting next_dagrun for example_branch_operator to 2022-11-07T00:00:00+00:00, run_after=2022-11-08T00:00:00+00:00
[2022-11-08T20:34:13.704+0900] {processor.py:178} INFO - Processing /home/steve/.local/lib/python3.8/site-packages/airflow/example_dags/example_branch_operator.py took 0.053 seconds
[2022-11-08T20:34:48.213+0900] {processor.py:156} INFO - Started process (PID=11094) to work on /home/steve/.local/lib/python3.8/site-packages/airflow/example_dags/example_branch_operator.py
[2022-11-08T20:34:48.214+0900] {processor.py:758} INFO - Processing file /home/steve/.local/lib/python3.8/site-packages/airflow/example_dags/example_branch_operator.py for tasks to queue
[2022-11-08T20:34:48.215+0900] {logging_mixin.py:117} INFO - [2022-11-08T20:34:48.215+0900] {dagbag.py:525} INFO - Filling up the DagBag from /home/steve/.local/lib/python3.8/site-packages/airflow/example_dags/example_branch_operator.py
[2022-11-08T20:34:48.225+0900] {processor.py:768} INFO - DAG(s) dict_keys(['example_branch_operator']) retrieved from /home/steve/.local/lib/python3.8/site-packages/airflow/example_dags/example_branch_operator.py
[2022-11-08T20:34:48.242+0900] {logging_mixin.py:117} INFO - [2022-11-08T20:34:48.242+0900] {dag.py:2573} INFO - Sync 1 DAGs
[2022-11-08T20:34:48.254+0900] {logging_mixin.py:117} INFO - [2022-11-08T20:34:48.254+0900] {dag.py:3324} INFO - Setting next_dagrun for example_branch_operator to 2022-11-07T00:00:00+00:00, run_after=2022-11-08T00:00:00+00:00
[2022-11-08T20:34:48.270+0900] {processor.py:178} INFO - Processing /home/steve/.local/lib/python3.8/site-packages/airflow/example_dags/example_branch_operator.py took 0.058 seconds
[2022-11-08T20:35:24.268+0900] {processor.py:156} INFO - Started process (PID=11132) to work on /home/steve/.local/lib/python3.8/site-packages/airflow/example_dags/example_branch_operator.py
[2022-11-08T20:35:24.270+0900] {processor.py:758} INFO - Processing file /home/steve/.local/lib/python3.8/site-packages/airflow/example_dags/example_branch_operator.py for tasks to queue
[2022-11-08T20:35:24.270+0900] {logging_mixin.py:117} INFO - [2022-11-08T20:35:24.270+0900] {dagbag.py:525} INFO - Filling up the DagBag from /home/steve/.local/lib/python3.8/site-packages/airflow/example_dags/example_branch_operator.py
[2022-11-08T20:35:24.279+0900] {processor.py:768} INFO - DAG(s) dict_keys(['example_branch_operator']) retrieved from /home/steve/.local/lib/python3.8/site-packages/airflow/example_dags/example_branch_operator.py
[2022-11-08T20:35:24.294+0900] {logging_mixin.py:117} INFO - [2022-11-08T20:35:24.294+0900] {dag.py:2573} INFO - Sync 1 DAGs
[2022-11-08T20:35:24.304+0900] {logging_mixin.py:117} INFO - [2022-11-08T20:35:24.304+0900] {dag.py:3324} INFO - Setting next_dagrun for example_branch_operator to 2022-11-07T00:00:00+00:00, run_after=2022-11-08T00:00:00+00:00
[2022-11-08T20:35:24.319+0900] {processor.py:178} INFO - Processing /home/steve/.local/lib/python3.8/site-packages/airflow/example_dags/example_branch_operator.py took 0.053 seconds
[2022-11-08T20:35:59.103+0900] {processor.py:156} INFO - Started process (PID=11168) to work on /home/steve/.local/lib/python3.8/site-packages/airflow/example_dags/example_branch_operator.py
[2022-11-08T20:35:59.104+0900] {processor.py:758} INFO - Processing file /home/steve/.local/lib/python3.8/site-packages/airflow/example_dags/example_branch_operator.py for tasks to queue
[2022-11-08T20:35:59.104+0900] {logging_mixin.py:117} INFO - [2022-11-08T20:35:59.104+0900] {dagbag.py:525} INFO - Filling up the DagBag from /home/steve/.local/lib/python3.8/site-packages/airflow/example_dags/example_branch_operator.py
[2022-11-08T20:35:59.114+0900] {processor.py:768} INFO - DAG(s) dict_keys(['example_branch_operator']) retrieved from /home/steve/.local/lib/python3.8/site-packages/airflow/example_dags/example_branch_operator.py
[2022-11-08T20:35:59.129+0900] {logging_mixin.py:117} INFO - [2022-11-08T20:35:59.129+0900] {dag.py:2573} INFO - Sync 1 DAGs
[2022-11-08T20:35:59.139+0900] {logging_mixin.py:117} INFO - [2022-11-08T20:35:59.139+0900] {dag.py:3324} INFO - Setting next_dagrun for example_branch_operator to 2022-11-07T00:00:00+00:00, run_after=2022-11-08T00:00:00+00:00
[2022-11-08T20:35:59.155+0900] {processor.py:178} INFO - Processing /home/steve/.local/lib/python3.8/site-packages/airflow/example_dags/example_branch_operator.py took 0.053 seconds
[2022-11-08T20:36:36.180+0900] {processor.py:156} INFO - Started process (PID=11207) to work on /home/steve/.local/lib/python3.8/site-packages/airflow/example_dags/example_branch_operator.py
[2022-11-08T20:36:36.182+0900] {processor.py:758} INFO - Processing file /home/steve/.local/lib/python3.8/site-packages/airflow/example_dags/example_branch_operator.py for tasks to queue
[2022-11-08T20:36:36.182+0900] {logging_mixin.py:117} INFO - [2022-11-08T20:36:36.182+0900] {dagbag.py:525} INFO - Filling up the DagBag from /home/steve/.local/lib/python3.8/site-packages/airflow/example_dags/example_branch_operator.py
[2022-11-08T20:36:36.192+0900] {processor.py:768} INFO - DAG(s) dict_keys(['example_branch_operator']) retrieved from /home/steve/.local/lib/python3.8/site-packages/airflow/example_dags/example_branch_operator.py
[2022-11-08T20:36:36.206+0900] {logging_mixin.py:117} INFO - [2022-11-08T20:36:36.206+0900] {dag.py:2573} INFO - Sync 1 DAGs
[2022-11-08T20:36:36.217+0900] {logging_mixin.py:117} INFO - [2022-11-08T20:36:36.217+0900] {dag.py:3324} INFO - Setting next_dagrun for example_branch_operator to 2022-11-07T00:00:00+00:00, run_after=2022-11-08T00:00:00+00:00
[2022-11-08T20:36:36.233+0900] {processor.py:178} INFO - Processing /home/steve/.local/lib/python3.8/site-packages/airflow/example_dags/example_branch_operator.py took 0.055 seconds
[2022-11-08T20:37:11.906+0900] {processor.py:156} INFO - Started process (PID=11272) to work on /home/steve/.local/lib/python3.8/site-packages/airflow/example_dags/example_branch_operator.py
[2022-11-08T20:37:11.907+0900] {processor.py:758} INFO - Processing file /home/steve/.local/lib/python3.8/site-packages/airflow/example_dags/example_branch_operator.py for tasks to queue
[2022-11-08T20:37:11.907+0900] {logging_mixin.py:117} INFO - [2022-11-08T20:37:11.907+0900] {dagbag.py:525} INFO - Filling up the DagBag from /home/steve/.local/lib/python3.8/site-packages/airflow/example_dags/example_branch_operator.py
[2022-11-08T20:37:11.916+0900] {processor.py:768} INFO - DAG(s) dict_keys(['example_branch_operator']) retrieved from /home/steve/.local/lib/python3.8/site-packages/airflow/example_dags/example_branch_operator.py
[2022-11-08T20:37:11.931+0900] {logging_mixin.py:117} INFO - [2022-11-08T20:37:11.931+0900] {dag.py:2573} INFO - Sync 1 DAGs
[2022-11-08T20:37:11.942+0900] {logging_mixin.py:117} INFO - [2022-11-08T20:37:11.942+0900] {dag.py:3324} INFO - Setting next_dagrun for example_branch_operator to 2022-11-07T00:00:00+00:00, run_after=2022-11-08T00:00:00+00:00
[2022-11-08T20:37:11.961+0900] {processor.py:178} INFO - Processing /home/steve/.local/lib/python3.8/site-packages/airflow/example_dags/example_branch_operator.py took 0.056 seconds
[2022-11-08T20:37:46.020+0900] {processor.py:156} INFO - Started process (PID=11309) to work on /home/steve/.local/lib/python3.8/site-packages/airflow/example_dags/example_branch_operator.py
[2022-11-08T20:37:46.022+0900] {processor.py:758} INFO - Processing file /home/steve/.local/lib/python3.8/site-packages/airflow/example_dags/example_branch_operator.py for tasks to queue
[2022-11-08T20:37:46.023+0900] {logging_mixin.py:117} INFO - [2022-11-08T20:37:46.023+0900] {dagbag.py:525} INFO - Filling up the DagBag from /home/steve/.local/lib/python3.8/site-packages/airflow/example_dags/example_branch_operator.py
[2022-11-08T20:37:46.032+0900] {processor.py:768} INFO - DAG(s) dict_keys(['example_branch_operator']) retrieved from /home/steve/.local/lib/python3.8/site-packages/airflow/example_dags/example_branch_operator.py
[2022-11-08T20:37:46.047+0900] {logging_mixin.py:117} INFO - [2022-11-08T20:37:46.047+0900] {dag.py:2573} INFO - Sync 1 DAGs
[2022-11-08T20:37:46.057+0900] {logging_mixin.py:117} INFO - [2022-11-08T20:37:46.057+0900] {dag.py:3324} INFO - Setting next_dagrun for example_branch_operator to 2022-11-07T00:00:00+00:00, run_after=2022-11-08T00:00:00+00:00
[2022-11-08T20:37:46.073+0900] {processor.py:178} INFO - Processing /home/steve/.local/lib/python3.8/site-packages/airflow/example_dags/example_branch_operator.py took 0.054 seconds
[2022-11-08T20:38:21.400+0900] {processor.py:156} INFO - Started process (PID=11346) to work on /home/steve/.local/lib/python3.8/site-packages/airflow/example_dags/example_branch_operator.py
[2022-11-08T20:38:21.402+0900] {processor.py:758} INFO - Processing file /home/steve/.local/lib/python3.8/site-packages/airflow/example_dags/example_branch_operator.py for tasks to queue
[2022-11-08T20:38:21.403+0900] {logging_mixin.py:117} INFO - [2022-11-08T20:38:21.403+0900] {dagbag.py:525} INFO - Filling up the DagBag from /home/steve/.local/lib/python3.8/site-packages/airflow/example_dags/example_branch_operator.py
[2022-11-08T20:38:21.412+0900] {processor.py:768} INFO - DAG(s) dict_keys(['example_branch_operator']) retrieved from /home/steve/.local/lib/python3.8/site-packages/airflow/example_dags/example_branch_operator.py
[2022-11-08T20:38:21.427+0900] {logging_mixin.py:117} INFO - [2022-11-08T20:38:21.427+0900] {dag.py:2573} INFO - Sync 1 DAGs
[2022-11-08T20:38:21.437+0900] {logging_mixin.py:117} INFO - [2022-11-08T20:38:21.437+0900] {dag.py:3324} INFO - Setting next_dagrun for example_branch_operator to 2022-11-07T00:00:00+00:00, run_after=2022-11-08T00:00:00+00:00
[2022-11-08T20:38:21.453+0900] {processor.py:178} INFO - Processing /home/steve/.local/lib/python3.8/site-packages/airflow/example_dags/example_branch_operator.py took 0.054 seconds
[2022-11-08T20:38:55.154+0900] {processor.py:156} INFO - Started process (PID=11382) to work on /home/steve/.local/lib/python3.8/site-packages/airflow/example_dags/example_branch_operator.py
[2022-11-08T20:38:55.156+0900] {processor.py:758} INFO - Processing file /home/steve/.local/lib/python3.8/site-packages/airflow/example_dags/example_branch_operator.py for tasks to queue
[2022-11-08T20:38:55.156+0900] {logging_mixin.py:117} INFO - [2022-11-08T20:38:55.156+0900] {dagbag.py:525} INFO - Filling up the DagBag from /home/steve/.local/lib/python3.8/site-packages/airflow/example_dags/example_branch_operator.py
[2022-11-08T20:38:55.165+0900] {processor.py:768} INFO - DAG(s) dict_keys(['example_branch_operator']) retrieved from /home/steve/.local/lib/python3.8/site-packages/airflow/example_dags/example_branch_operator.py
[2022-11-08T20:38:55.180+0900] {logging_mixin.py:117} INFO - [2022-11-08T20:38:55.180+0900] {dag.py:2573} INFO - Sync 1 DAGs
[2022-11-08T20:38:55.190+0900] {logging_mixin.py:117} INFO - [2022-11-08T20:38:55.190+0900] {dag.py:3324} INFO - Setting next_dagrun for example_branch_operator to 2022-11-07T00:00:00+00:00, run_after=2022-11-08T00:00:00+00:00
[2022-11-08T20:38:55.206+0900] {processor.py:178} INFO - Processing /home/steve/.local/lib/python3.8/site-packages/airflow/example_dags/example_branch_operator.py took 0.054 seconds
[2022-11-08T20:39:33.395+0900] {processor.py:156} INFO - Started process (PID=11421) to work on /home/steve/.local/lib/python3.8/site-packages/airflow/example_dags/example_branch_operator.py
[2022-11-08T20:39:33.397+0900] {processor.py:758} INFO - Processing file /home/steve/.local/lib/python3.8/site-packages/airflow/example_dags/example_branch_operator.py for tasks to queue
[2022-11-08T20:39:33.397+0900] {logging_mixin.py:117} INFO - [2022-11-08T20:39:33.397+0900] {dagbag.py:525} INFO - Filling up the DagBag from /home/steve/.local/lib/python3.8/site-packages/airflow/example_dags/example_branch_operator.py
[2022-11-08T20:39:33.407+0900] {processor.py:768} INFO - DAG(s) dict_keys(['example_branch_operator']) retrieved from /home/steve/.local/lib/python3.8/site-packages/airflow/example_dags/example_branch_operator.py
[2022-11-08T20:39:33.422+0900] {logging_mixin.py:117} INFO - [2022-11-08T20:39:33.422+0900] {dag.py:2573} INFO - Sync 1 DAGs
[2022-11-08T20:39:33.433+0900] {logging_mixin.py:117} INFO - [2022-11-08T20:39:33.433+0900] {dag.py:3324} INFO - Setting next_dagrun for example_branch_operator to 2022-11-07T00:00:00+00:00, run_after=2022-11-08T00:00:00+00:00
[2022-11-08T20:39:33.449+0900] {processor.py:178} INFO - Processing /home/steve/.local/lib/python3.8/site-packages/airflow/example_dags/example_branch_operator.py took 0.055 seconds
[2022-11-08T20:40:14.751+0900] {processor.py:156} INFO - Started process (PID=11462) to work on /home/steve/.local/lib/python3.8/site-packages/airflow/example_dags/example_branch_operator.py
[2022-11-08T20:40:14.753+0900] {processor.py:758} INFO - Processing file /home/steve/.local/lib/python3.8/site-packages/airflow/example_dags/example_branch_operator.py for tasks to queue
[2022-11-08T20:40:14.753+0900] {logging_mixin.py:117} INFO - [2022-11-08T20:40:14.753+0900] {dagbag.py:525} INFO - Filling up the DagBag from /home/steve/.local/lib/python3.8/site-packages/airflow/example_dags/example_branch_operator.py
[2022-11-08T20:40:14.765+0900] {processor.py:768} INFO - DAG(s) dict_keys(['example_branch_operator']) retrieved from /home/steve/.local/lib/python3.8/site-packages/airflow/example_dags/example_branch_operator.py
[2022-11-08T20:40:14.783+0900] {logging_mixin.py:117} INFO - [2022-11-08T20:40:14.782+0900] {dag.py:2573} INFO - Sync 1 DAGs
[2022-11-08T20:40:14.795+0900] {logging_mixin.py:117} INFO - [2022-11-08T20:40:14.794+0900] {dag.py:3324} INFO - Setting next_dagrun for example_branch_operator to 2022-11-07T00:00:00+00:00, run_after=2022-11-08T00:00:00+00:00
[2022-11-08T20:40:14.813+0900] {processor.py:178} INFO - Processing /home/steve/.local/lib/python3.8/site-packages/airflow/example_dags/example_branch_operator.py took 0.063 seconds
[2022-11-08T20:40:50.568+0900] {processor.py:156} INFO - Started process (PID=11500) to work on /home/steve/.local/lib/python3.8/site-packages/airflow/example_dags/example_branch_operator.py
[2022-11-08T20:40:50.570+0900] {processor.py:758} INFO - Processing file /home/steve/.local/lib/python3.8/site-packages/airflow/example_dags/example_branch_operator.py for tasks to queue
[2022-11-08T20:40:50.570+0900] {logging_mixin.py:117} INFO - [2022-11-08T20:40:50.570+0900] {dagbag.py:525} INFO - Filling up the DagBag from /home/steve/.local/lib/python3.8/site-packages/airflow/example_dags/example_branch_operator.py
[2022-11-08T20:40:50.580+0900] {processor.py:768} INFO - DAG(s) dict_keys(['example_branch_operator']) retrieved from /home/steve/.local/lib/python3.8/site-packages/airflow/example_dags/example_branch_operator.py
[2022-11-08T20:40:50.595+0900] {logging_mixin.py:117} INFO - [2022-11-08T20:40:50.595+0900] {dag.py:2573} INFO - Sync 1 DAGs
[2022-11-08T20:40:50.606+0900] {logging_mixin.py:117} INFO - [2022-11-08T20:40:50.606+0900] {dag.py:3324} INFO - Setting next_dagrun for example_branch_operator to 2022-11-07T00:00:00+00:00, run_after=2022-11-08T00:00:00+00:00
[2022-11-08T20:40:50.623+0900] {processor.py:178} INFO - Processing /home/steve/.local/lib/python3.8/site-packages/airflow/example_dags/example_branch_operator.py took 0.056 seconds
[2022-11-08T20:41:28.076+0900] {processor.py:156} INFO - Started process (PID=11539) to work on /home/steve/.local/lib/python3.8/site-packages/airflow/example_dags/example_branch_operator.py
[2022-11-08T20:41:28.078+0900] {processor.py:758} INFO - Processing file /home/steve/.local/lib/python3.8/site-packages/airflow/example_dags/example_branch_operator.py for tasks to queue
[2022-11-08T20:41:28.078+0900] {logging_mixin.py:117} INFO - [2022-11-08T20:41:28.078+0900] {dagbag.py:525} INFO - Filling up the DagBag from /home/steve/.local/lib/python3.8/site-packages/airflow/example_dags/example_branch_operator.py
[2022-11-08T20:41:28.087+0900] {processor.py:768} INFO - DAG(s) dict_keys(['example_branch_operator']) retrieved from /home/steve/.local/lib/python3.8/site-packages/airflow/example_dags/example_branch_operator.py
[2022-11-08T20:41:28.101+0900] {logging_mixin.py:117} INFO - [2022-11-08T20:41:28.101+0900] {dag.py:2573} INFO - Sync 1 DAGs
[2022-11-08T20:41:28.112+0900] {logging_mixin.py:117} INFO - [2022-11-08T20:41:28.112+0900] {dag.py:3324} INFO - Setting next_dagrun for example_branch_operator to 2022-11-07T00:00:00+00:00, run_after=2022-11-08T00:00:00+00:00
[2022-11-08T20:41:28.127+0900] {processor.py:178} INFO - Processing /home/steve/.local/lib/python3.8/site-packages/airflow/example_dags/example_branch_operator.py took 0.053 seconds
[2022-11-08T20:42:02.837+0900] {processor.py:156} INFO - Started process (PID=11604) to work on /home/steve/.local/lib/python3.8/site-packages/airflow/example_dags/example_branch_operator.py
[2022-11-08T20:42:02.839+0900] {processor.py:758} INFO - Processing file /home/steve/.local/lib/python3.8/site-packages/airflow/example_dags/example_branch_operator.py for tasks to queue
[2022-11-08T20:42:02.839+0900] {logging_mixin.py:117} INFO - [2022-11-08T20:42:02.839+0900] {dagbag.py:525} INFO - Filling up the DagBag from /home/steve/.local/lib/python3.8/site-packages/airflow/example_dags/example_branch_operator.py
[2022-11-08T20:42:02.849+0900] {processor.py:768} INFO - DAG(s) dict_keys(['example_branch_operator']) retrieved from /home/steve/.local/lib/python3.8/site-packages/airflow/example_dags/example_branch_operator.py
[2022-11-08T20:42:02.866+0900] {logging_mixin.py:117} INFO - [2022-11-08T20:42:02.866+0900] {dag.py:2573} INFO - Sync 1 DAGs
[2022-11-08T20:42:02.877+0900] {logging_mixin.py:117} INFO - [2022-11-08T20:42:02.877+0900] {dag.py:3324} INFO - Setting next_dagrun for example_branch_operator to 2022-11-07T00:00:00+00:00, run_after=2022-11-08T00:00:00+00:00
[2022-11-08T20:42:02.894+0900] {processor.py:178} INFO - Processing /home/steve/.local/lib/python3.8/site-packages/airflow/example_dags/example_branch_operator.py took 0.059 seconds
[2022-11-08T20:42:38.680+0900] {processor.py:156} INFO - Started process (PID=11642) to work on /home/steve/.local/lib/python3.8/site-packages/airflow/example_dags/example_branch_operator.py
[2022-11-08T20:42:38.681+0900] {processor.py:758} INFO - Processing file /home/steve/.local/lib/python3.8/site-packages/airflow/example_dags/example_branch_operator.py for tasks to queue
[2022-11-08T20:42:38.682+0900] {logging_mixin.py:117} INFO - [2022-11-08T20:42:38.682+0900] {dagbag.py:525} INFO - Filling up the DagBag from /home/steve/.local/lib/python3.8/site-packages/airflow/example_dags/example_branch_operator.py
[2022-11-08T20:42:38.691+0900] {processor.py:768} INFO - DAG(s) dict_keys(['example_branch_operator']) retrieved from /home/steve/.local/lib/python3.8/site-packages/airflow/example_dags/example_branch_operator.py
[2022-11-08T20:42:38.708+0900] {logging_mixin.py:117} INFO - [2022-11-08T20:42:38.708+0900] {dag.py:2573} INFO - Sync 1 DAGs
[2022-11-08T20:42:38.719+0900] {logging_mixin.py:117} INFO - [2022-11-08T20:42:38.719+0900] {dag.py:3324} INFO - Setting next_dagrun for example_branch_operator to 2022-11-07T00:00:00+00:00, run_after=2022-11-08T00:00:00+00:00
[2022-11-08T20:42:38.736+0900] {processor.py:178} INFO - Processing /home/steve/.local/lib/python3.8/site-packages/airflow/example_dags/example_branch_operator.py took 0.057 seconds
[2022-11-08T20:43:16.574+0900] {processor.py:156} INFO - Started process (PID=11681) to work on /home/steve/.local/lib/python3.8/site-packages/airflow/example_dags/example_branch_operator.py
[2022-11-08T20:43:16.575+0900] {processor.py:758} INFO - Processing file /home/steve/.local/lib/python3.8/site-packages/airflow/example_dags/example_branch_operator.py for tasks to queue
[2022-11-08T20:43:16.575+0900] {logging_mixin.py:117} INFO - [2022-11-08T20:43:16.575+0900] {dagbag.py:525} INFO - Filling up the DagBag from /home/steve/.local/lib/python3.8/site-packages/airflow/example_dags/example_branch_operator.py
[2022-11-08T20:43:16.585+0900] {processor.py:768} INFO - DAG(s) dict_keys(['example_branch_operator']) retrieved from /home/steve/.local/lib/python3.8/site-packages/airflow/example_dags/example_branch_operator.py
[2022-11-08T20:43:16.600+0900] {logging_mixin.py:117} INFO - [2022-11-08T20:43:16.599+0900] {dag.py:2573} INFO - Sync 1 DAGs
[2022-11-08T20:43:16.610+0900] {logging_mixin.py:117} INFO - [2022-11-08T20:43:16.610+0900] {dag.py:3324} INFO - Setting next_dagrun for example_branch_operator to 2022-11-07T00:00:00+00:00, run_after=2022-11-08T00:00:00+00:00
[2022-11-08T20:43:16.626+0900] {processor.py:178} INFO - Processing /home/steve/.local/lib/python3.8/site-packages/airflow/example_dags/example_branch_operator.py took 0.053 seconds
[2022-11-08T20:43:52.943+0900] {processor.py:156} INFO - Started process (PID=11718) to work on /home/steve/.local/lib/python3.8/site-packages/airflow/example_dags/example_branch_operator.py
[2022-11-08T20:43:52.945+0900] {processor.py:758} INFO - Processing file /home/steve/.local/lib/python3.8/site-packages/airflow/example_dags/example_branch_operator.py for tasks to queue
[2022-11-08T20:43:52.946+0900] {logging_mixin.py:117} INFO - [2022-11-08T20:43:52.945+0900] {dagbag.py:525} INFO - Filling up the DagBag from /home/steve/.local/lib/python3.8/site-packages/airflow/example_dags/example_branch_operator.py
[2022-11-08T20:43:52.956+0900] {processor.py:768} INFO - DAG(s) dict_keys(['example_branch_operator']) retrieved from /home/steve/.local/lib/python3.8/site-packages/airflow/example_dags/example_branch_operator.py
[2022-11-08T20:43:52.972+0900] {logging_mixin.py:117} INFO - [2022-11-08T20:43:52.972+0900] {dag.py:2573} INFO - Sync 1 DAGs
[2022-11-08T20:43:52.983+0900] {logging_mixin.py:117} INFO - [2022-11-08T20:43:52.982+0900] {dag.py:3324} INFO - Setting next_dagrun for example_branch_operator to 2022-11-07T00:00:00+00:00, run_after=2022-11-08T00:00:00+00:00
[2022-11-08T20:43:52.999+0900] {processor.py:178} INFO - Processing /home/steve/.local/lib/python3.8/site-packages/airflow/example_dags/example_branch_operator.py took 0.057 seconds
[2022-11-08T20:44:29.002+0900] {processor.py:156} INFO - Started process (PID=11757) to work on /home/steve/.local/lib/python3.8/site-packages/airflow/example_dags/example_branch_operator.py
[2022-11-08T20:44:29.002+0900] {processor.py:758} INFO - Processing file /home/steve/.local/lib/python3.8/site-packages/airflow/example_dags/example_branch_operator.py for tasks to queue
[2022-11-08T20:44:29.003+0900] {logging_mixin.py:117} INFO - [2022-11-08T20:44:29.003+0900] {dagbag.py:525} INFO - Filling up the DagBag from /home/steve/.local/lib/python3.8/site-packages/airflow/example_dags/example_branch_operator.py
[2022-11-08T20:44:29.014+0900] {processor.py:768} INFO - DAG(s) dict_keys(['example_branch_operator']) retrieved from /home/steve/.local/lib/python3.8/site-packages/airflow/example_dags/example_branch_operator.py
[2022-11-08T20:44:29.031+0900] {logging_mixin.py:117} INFO - [2022-11-08T20:44:29.031+0900] {dag.py:2573} INFO - Sync 1 DAGs
[2022-11-08T20:44:29.046+0900] {logging_mixin.py:117} INFO - [2022-11-08T20:44:29.046+0900] {dag.py:3324} INFO - Setting next_dagrun for example_branch_operator to 2022-11-07T00:00:00+00:00, run_after=2022-11-08T00:00:00+00:00
[2022-11-08T20:44:29.062+0900] {processor.py:178} INFO - Processing /home/steve/.local/lib/python3.8/site-packages/airflow/example_dags/example_branch_operator.py took 0.062 seconds
[2022-11-08T20:45:04.988+0900] {processor.py:156} INFO - Started process (PID=11794) to work on /home/steve/.local/lib/python3.8/site-packages/airflow/example_dags/example_branch_operator.py
[2022-11-08T20:45:04.990+0900] {processor.py:758} INFO - Processing file /home/steve/.local/lib/python3.8/site-packages/airflow/example_dags/example_branch_operator.py for tasks to queue
[2022-11-08T20:45:04.990+0900] {logging_mixin.py:117} INFO - [2022-11-08T20:45:04.990+0900] {dagbag.py:525} INFO - Filling up the DagBag from /home/steve/.local/lib/python3.8/site-packages/airflow/example_dags/example_branch_operator.py
[2022-11-08T20:45:05.000+0900] {processor.py:768} INFO - DAG(s) dict_keys(['example_branch_operator']) retrieved from /home/steve/.local/lib/python3.8/site-packages/airflow/example_dags/example_branch_operator.py
[2022-11-08T20:45:05.017+0900] {logging_mixin.py:117} INFO - [2022-11-08T20:45:05.017+0900] {dag.py:2573} INFO - Sync 1 DAGs
[2022-11-08T20:45:05.029+0900] {logging_mixin.py:117} INFO - [2022-11-08T20:45:05.029+0900] {dag.py:3324} INFO - Setting next_dagrun for example_branch_operator to 2022-11-07T00:00:00+00:00, run_after=2022-11-08T00:00:00+00:00
[2022-11-08T20:45:05.045+0900] {processor.py:178} INFO - Processing /home/steve/.local/lib/python3.8/site-packages/airflow/example_dags/example_branch_operator.py took 0.059 seconds
[2022-11-08T20:45:40.931+0900] {processor.py:156} INFO - Started process (PID=11831) to work on /home/steve/.local/lib/python3.8/site-packages/airflow/example_dags/example_branch_operator.py
[2022-11-08T20:45:40.933+0900] {processor.py:758} INFO - Processing file /home/steve/.local/lib/python3.8/site-packages/airflow/example_dags/example_branch_operator.py for tasks to queue
[2022-11-08T20:45:40.933+0900] {logging_mixin.py:117} INFO - [2022-11-08T20:45:40.933+0900] {dagbag.py:525} INFO - Filling up the DagBag from /home/steve/.local/lib/python3.8/site-packages/airflow/example_dags/example_branch_operator.py
[2022-11-08T20:45:40.944+0900] {processor.py:768} INFO - DAG(s) dict_keys(['example_branch_operator']) retrieved from /home/steve/.local/lib/python3.8/site-packages/airflow/example_dags/example_branch_operator.py
[2022-11-08T20:45:40.961+0900] {logging_mixin.py:117} INFO - [2022-11-08T20:45:40.961+0900] {dag.py:2573} INFO - Sync 1 DAGs
[2022-11-08T20:45:40.972+0900] {logging_mixin.py:117} INFO - [2022-11-08T20:45:40.971+0900] {dag.py:3324} INFO - Setting next_dagrun for example_branch_operator to 2022-11-07T00:00:00+00:00, run_after=2022-11-08T00:00:00+00:00
[2022-11-08T20:45:40.988+0900] {processor.py:178} INFO - Processing /home/steve/.local/lib/python3.8/site-packages/airflow/example_dags/example_branch_operator.py took 0.058 seconds
[2022-11-08T20:46:18.911+0900] {processor.py:156} INFO - Started process (PID=11869) to work on /home/steve/.local/lib/python3.8/site-packages/airflow/example_dags/example_branch_operator.py
[2022-11-08T20:46:18.913+0900] {processor.py:758} INFO - Processing file /home/steve/.local/lib/python3.8/site-packages/airflow/example_dags/example_branch_operator.py for tasks to queue
[2022-11-08T20:46:18.914+0900] {logging_mixin.py:117} INFO - [2022-11-08T20:46:18.913+0900] {dagbag.py:525} INFO - Filling up the DagBag from /home/steve/.local/lib/python3.8/site-packages/airflow/example_dags/example_branch_operator.py
[2022-11-08T20:46:18.922+0900] {processor.py:768} INFO - DAG(s) dict_keys(['example_branch_operator']) retrieved from /home/steve/.local/lib/python3.8/site-packages/airflow/example_dags/example_branch_operator.py
[2022-11-08T20:46:18.937+0900] {logging_mixin.py:117} INFO - [2022-11-08T20:46:18.937+0900] {dag.py:2573} INFO - Sync 1 DAGs
[2022-11-08T20:46:18.947+0900] {logging_mixin.py:117} INFO - [2022-11-08T20:46:18.947+0900] {dag.py:3324} INFO - Setting next_dagrun for example_branch_operator to 2022-11-07T00:00:00+00:00, run_after=2022-11-08T00:00:00+00:00
[2022-11-08T20:46:18.964+0900] {processor.py:178} INFO - Processing /home/steve/.local/lib/python3.8/site-packages/airflow/example_dags/example_branch_operator.py took 0.054 seconds
[2022-11-08T20:46:53.508+0900] {processor.py:156} INFO - Started process (PID=11932) to work on /home/steve/.local/lib/python3.8/site-packages/airflow/example_dags/example_branch_operator.py
[2022-11-08T20:46:53.510+0900] {processor.py:758} INFO - Processing file /home/steve/.local/lib/python3.8/site-packages/airflow/example_dags/example_branch_operator.py for tasks to queue
[2022-11-08T20:46:53.510+0900] {logging_mixin.py:117} INFO - [2022-11-08T20:46:53.510+0900] {dagbag.py:525} INFO - Filling up the DagBag from /home/steve/.local/lib/python3.8/site-packages/airflow/example_dags/example_branch_operator.py
[2022-11-08T20:46:53.520+0900] {processor.py:768} INFO - DAG(s) dict_keys(['example_branch_operator']) retrieved from /home/steve/.local/lib/python3.8/site-packages/airflow/example_dags/example_branch_operator.py
[2022-11-08T20:46:53.536+0900] {logging_mixin.py:117} INFO - [2022-11-08T20:46:53.536+0900] {dag.py:2573} INFO - Sync 1 DAGs
[2022-11-08T20:46:53.547+0900] {logging_mixin.py:117} INFO - [2022-11-08T20:46:53.547+0900] {dag.py:3324} INFO - Setting next_dagrun for example_branch_operator to 2022-11-07T00:00:00+00:00, run_after=2022-11-08T00:00:00+00:00
[2022-11-08T20:46:53.562+0900] {processor.py:178} INFO - Processing /home/steve/.local/lib/python3.8/site-packages/airflow/example_dags/example_branch_operator.py took 0.056 seconds
[2022-11-08T20:47:29.899+0900] {processor.py:156} INFO - Started process (PID=12085) to work on /home/steve/.local/lib/python3.8/site-packages/airflow/example_dags/example_branch_operator.py
[2022-11-08T20:47:29.902+0900] {processor.py:758} INFO - Processing file /home/steve/.local/lib/python3.8/site-packages/airflow/example_dags/example_branch_operator.py for tasks to queue
[2022-11-08T20:47:29.902+0900] {logging_mixin.py:117} INFO - [2022-11-08T20:47:29.902+0900] {dagbag.py:525} INFO - Filling up the DagBag from /home/steve/.local/lib/python3.8/site-packages/airflow/example_dags/example_branch_operator.py
[2022-11-08T20:47:29.911+0900] {processor.py:768} INFO - DAG(s) dict_keys(['example_branch_operator']) retrieved from /home/steve/.local/lib/python3.8/site-packages/airflow/example_dags/example_branch_operator.py
[2022-11-08T20:47:29.926+0900] {logging_mixin.py:117} INFO - [2022-11-08T20:47:29.926+0900] {dag.py:2573} INFO - Sync 1 DAGs
[2022-11-08T20:47:29.937+0900] {logging_mixin.py:117} INFO - [2022-11-08T20:47:29.937+0900] {dag.py:3324} INFO - Setting next_dagrun for example_branch_operator to 2022-11-07T00:00:00+00:00, run_after=2022-11-08T00:00:00+00:00
[2022-11-08T20:47:29.953+0900] {processor.py:178} INFO - Processing /home/steve/.local/lib/python3.8/site-packages/airflow/example_dags/example_branch_operator.py took 0.055 seconds
[2022-11-08T20:48:09.065+0900] {processor.py:156} INFO - Started process (PID=12269) to work on /home/steve/.local/lib/python3.8/site-packages/airflow/example_dags/example_branch_operator.py
[2022-11-08T20:48:09.066+0900] {processor.py:758} INFO - Processing file /home/steve/.local/lib/python3.8/site-packages/airflow/example_dags/example_branch_operator.py for tasks to queue
[2022-11-08T20:48:09.066+0900] {logging_mixin.py:117} INFO - [2022-11-08T20:48:09.066+0900] {dagbag.py:525} INFO - Filling up the DagBag from /home/steve/.local/lib/python3.8/site-packages/airflow/example_dags/example_branch_operator.py
[2022-11-08T20:48:09.077+0900] {processor.py:768} INFO - DAG(s) dict_keys(['example_branch_operator']) retrieved from /home/steve/.local/lib/python3.8/site-packages/airflow/example_dags/example_branch_operator.py
[2022-11-08T20:48:09.094+0900] {logging_mixin.py:117} INFO - [2022-11-08T20:48:09.094+0900] {dag.py:2573} INFO - Sync 1 DAGs
[2022-11-08T20:48:09.108+0900] {logging_mixin.py:117} INFO - [2022-11-08T20:48:09.108+0900] {dag.py:3324} INFO - Setting next_dagrun for example_branch_operator to 2022-11-07T00:00:00+00:00, run_after=2022-11-08T00:00:00+00:00
[2022-11-08T20:48:09.126+0900] {processor.py:178} INFO - Processing /home/steve/.local/lib/python3.8/site-packages/airflow/example_dags/example_branch_operator.py took 0.063 seconds
[2022-11-08T20:48:48.930+0900] {processor.py:156} INFO - Started process (PID=12309) to work on /home/steve/.local/lib/python3.8/site-packages/airflow/example_dags/example_branch_operator.py
[2022-11-08T20:48:48.932+0900] {processor.py:758} INFO - Processing file /home/steve/.local/lib/python3.8/site-packages/airflow/example_dags/example_branch_operator.py for tasks to queue
[2022-11-08T20:48:48.933+0900] {logging_mixin.py:117} INFO - [2022-11-08T20:48:48.933+0900] {dagbag.py:525} INFO - Filling up the DagBag from /home/steve/.local/lib/python3.8/site-packages/airflow/example_dags/example_branch_operator.py
[2022-11-08T20:48:48.943+0900] {processor.py:768} INFO - DAG(s) dict_keys(['example_branch_operator']) retrieved from /home/steve/.local/lib/python3.8/site-packages/airflow/example_dags/example_branch_operator.py
[2022-11-08T20:48:48.962+0900] {logging_mixin.py:117} INFO - [2022-11-08T20:48:48.962+0900] {dag.py:2573} INFO - Sync 1 DAGs
[2022-11-08T20:48:48.975+0900] {logging_mixin.py:117} INFO - [2022-11-08T20:48:48.975+0900] {dag.py:3324} INFO - Setting next_dagrun for example_branch_operator to 2022-11-07T00:00:00+00:00, run_after=2022-11-08T00:00:00+00:00
[2022-11-08T20:48:48.992+0900] {processor.py:178} INFO - Processing /home/steve/.local/lib/python3.8/site-packages/airflow/example_dags/example_branch_operator.py took 0.064 seconds
[2022-11-08T20:49:24.587+0900] {processor.py:156} INFO - Started process (PID=12347) to work on /home/steve/.local/lib/python3.8/site-packages/airflow/example_dags/example_branch_operator.py
[2022-11-08T20:49:24.587+0900] {processor.py:758} INFO - Processing file /home/steve/.local/lib/python3.8/site-packages/airflow/example_dags/example_branch_operator.py for tasks to queue
[2022-11-08T20:49:24.588+0900] {logging_mixin.py:117} INFO - [2022-11-08T20:49:24.588+0900] {dagbag.py:525} INFO - Filling up the DagBag from /home/steve/.local/lib/python3.8/site-packages/airflow/example_dags/example_branch_operator.py
[2022-11-08T20:49:24.597+0900] {processor.py:768} INFO - DAG(s) dict_keys(['example_branch_operator']) retrieved from /home/steve/.local/lib/python3.8/site-packages/airflow/example_dags/example_branch_operator.py
[2022-11-08T20:49:24.613+0900] {logging_mixin.py:117} INFO - [2022-11-08T20:49:24.613+0900] {dag.py:2573} INFO - Sync 1 DAGs
[2022-11-08T20:49:24.624+0900] {logging_mixin.py:117} INFO - [2022-11-08T20:49:24.624+0900] {dag.py:3324} INFO - Setting next_dagrun for example_branch_operator to 2022-11-07T00:00:00+00:00, run_after=2022-11-08T00:00:00+00:00
[2022-11-08T20:49:24.639+0900] {processor.py:178} INFO - Processing /home/steve/.local/lib/python3.8/site-packages/airflow/example_dags/example_branch_operator.py took 0.054 seconds
[2022-11-08T20:49:58.299+0900] {processor.py:156} INFO - Started process (PID=12383) to work on /home/steve/.local/lib/python3.8/site-packages/airflow/example_dags/example_branch_operator.py
[2022-11-08T20:49:58.300+0900] {processor.py:758} INFO - Processing file /home/steve/.local/lib/python3.8/site-packages/airflow/example_dags/example_branch_operator.py for tasks to queue
[2022-11-08T20:49:58.300+0900] {logging_mixin.py:117} INFO - [2022-11-08T20:49:58.300+0900] {dagbag.py:525} INFO - Filling up the DagBag from /home/steve/.local/lib/python3.8/site-packages/airflow/example_dags/example_branch_operator.py
[2022-11-08T20:49:58.311+0900] {processor.py:768} INFO - DAG(s) dict_keys(['example_branch_operator']) retrieved from /home/steve/.local/lib/python3.8/site-packages/airflow/example_dags/example_branch_operator.py
[2022-11-08T20:49:58.328+0900] {logging_mixin.py:117} INFO - [2022-11-08T20:49:58.328+0900] {dag.py:2573} INFO - Sync 1 DAGs
[2022-11-08T20:49:58.340+0900] {logging_mixin.py:117} INFO - [2022-11-08T20:49:58.339+0900] {dag.py:3324} INFO - Setting next_dagrun for example_branch_operator to 2022-11-07T00:00:00+00:00, run_after=2022-11-08T00:00:00+00:00
[2022-11-08T20:49:58.356+0900] {processor.py:178} INFO - Processing /home/steve/.local/lib/python3.8/site-packages/airflow/example_dags/example_branch_operator.py took 0.058 seconds
[2022-11-08T20:50:33.330+0900] {processor.py:156} INFO - Started process (PID=12518) to work on /home/steve/.local/lib/python3.8/site-packages/airflow/example_dags/example_branch_operator.py
[2022-11-08T20:50:33.332+0900] {processor.py:758} INFO - Processing file /home/steve/.local/lib/python3.8/site-packages/airflow/example_dags/example_branch_operator.py for tasks to queue
[2022-11-08T20:50:33.333+0900] {logging_mixin.py:117} INFO - [2022-11-08T20:50:33.333+0900] {dagbag.py:525} INFO - Filling up the DagBag from /home/steve/.local/lib/python3.8/site-packages/airflow/example_dags/example_branch_operator.py
[2022-11-08T20:50:33.342+0900] {processor.py:768} INFO - DAG(s) dict_keys(['example_branch_operator']) retrieved from /home/steve/.local/lib/python3.8/site-packages/airflow/example_dags/example_branch_operator.py
[2022-11-08T20:50:33.356+0900] {logging_mixin.py:117} INFO - [2022-11-08T20:50:33.356+0900] {dag.py:2573} INFO - Sync 1 DAGs
[2022-11-08T20:50:33.367+0900] {logging_mixin.py:117} INFO - [2022-11-08T20:50:33.367+0900] {dag.py:3324} INFO - Setting next_dagrun for example_branch_operator to 2022-11-07T00:00:00+00:00, run_after=2022-11-08T00:00:00+00:00
[2022-11-08T20:50:33.381+0900] {processor.py:178} INFO - Processing /home/steve/.local/lib/python3.8/site-packages/airflow/example_dags/example_branch_operator.py took 0.053 seconds
[2022-11-08T20:51:12.673+0900] {processor.py:156} INFO - Started process (PID=12897) to work on /home/steve/.local/lib/python3.8/site-packages/airflow/example_dags/example_branch_operator.py
[2022-11-08T20:51:12.675+0900] {processor.py:758} INFO - Processing file /home/steve/.local/lib/python3.8/site-packages/airflow/example_dags/example_branch_operator.py for tasks to queue
[2022-11-08T20:51:12.676+0900] {logging_mixin.py:117} INFO - [2022-11-08T20:51:12.675+0900] {dagbag.py:525} INFO - Filling up the DagBag from /home/steve/.local/lib/python3.8/site-packages/airflow/example_dags/example_branch_operator.py
[2022-11-08T20:51:12.686+0900] {processor.py:768} INFO - DAG(s) dict_keys(['example_branch_operator']) retrieved from /home/steve/.local/lib/python3.8/site-packages/airflow/example_dags/example_branch_operator.py
[2022-11-08T20:51:12.702+0900] {logging_mixin.py:117} INFO - [2022-11-08T20:51:12.702+0900] {dag.py:2573} INFO - Sync 1 DAGs
[2022-11-08T20:51:12.714+0900] {logging_mixin.py:117} INFO - [2022-11-08T20:51:12.714+0900] {dag.py:3324} INFO - Setting next_dagrun for example_branch_operator to 2022-11-07T00:00:00+00:00, run_after=2022-11-08T00:00:00+00:00
[2022-11-08T20:51:12.730+0900] {processor.py:178} INFO - Processing /home/steve/.local/lib/python3.8/site-packages/airflow/example_dags/example_branch_operator.py took 0.059 seconds
