[2022-11-08T19:44:45.547+0900] {processor.py:156} INFO - Started process (PID=7284) to work on /home/steve/.local/lib/python3.8/site-packages/airflow/example_dags/example_trigger_controller_dag.py
[2022-11-08T19:44:45.547+0900] {processor.py:758} INFO - Processing file /home/steve/.local/lib/python3.8/site-packages/airflow/example_dags/example_trigger_controller_dag.py for tasks to queue
[2022-11-08T19:44:45.548+0900] {logging_mixin.py:117} INFO - [2022-11-08T19:44:45.547+0900] {dagbag.py:525} INFO - Filling up the DagBag from /home/steve/.local/lib/python3.8/site-packages/airflow/example_dags/example_trigger_controller_dag.py
[2022-11-08T19:44:45.554+0900] {processor.py:768} INFO - DAG(s) dict_keys(['example_trigger_controller_dag']) retrieved from /home/steve/.local/lib/python3.8/site-packages/airflow/example_dags/example_trigger_controller_dag.py
[2022-11-08T19:44:45.621+0900] {logging_mixin.py:117} INFO - [2022-11-08T19:44:45.621+0900] {manager.py:507} INFO - Created Permission View: can edit on DAG:example_trigger_controller_dag
[2022-11-08T19:44:45.629+0900] {logging_mixin.py:117} INFO - [2022-11-08T19:44:45.629+0900] {manager.py:507} INFO - Created Permission View: can delete on DAG:example_trigger_controller_dag
[2022-11-08T19:44:45.637+0900] {logging_mixin.py:117} INFO - [2022-11-08T19:44:45.637+0900] {manager.py:507} INFO - Created Permission View: can read on DAG:example_trigger_controller_dag
[2022-11-08T19:44:45.637+0900] {logging_mixin.py:117} INFO - [2022-11-08T19:44:45.637+0900] {dag.py:2573} INFO - Sync 1 DAGs
[2022-11-08T19:44:45.711+0900] {logging_mixin.py:117} INFO - [2022-11-08T19:44:45.711+0900] {dag.py:2594} INFO - Creating ORM DAG for example_trigger_controller_dag
[2022-11-08T19:44:45.715+0900] {logging_mixin.py:117} INFO - [2022-11-08T19:44:45.715+0900] {dag.py:3324} INFO - Setting next_dagrun for example_trigger_controller_dag to 2021-01-01T00:00:00+00:00, run_after=2021-01-01T00:00:00+00:00
[2022-11-08T19:44:45.732+0900] {processor.py:178} INFO - Processing /home/steve/.local/lib/python3.8/site-packages/airflow/example_dags/example_trigger_controller_dag.py took 0.187 seconds
[2022-11-08T19:45:22.516+0900] {processor.py:156} INFO - Started process (PID=7572) to work on /home/steve/.local/lib/python3.8/site-packages/airflow/example_dags/example_trigger_controller_dag.py
[2022-11-08T19:45:22.517+0900] {processor.py:758} INFO - Processing file /home/steve/.local/lib/python3.8/site-packages/airflow/example_dags/example_trigger_controller_dag.py for tasks to queue
[2022-11-08T19:45:22.517+0900] {logging_mixin.py:117} INFO - [2022-11-08T19:45:22.517+0900] {dagbag.py:525} INFO - Filling up the DagBag from /home/steve/.local/lib/python3.8/site-packages/airflow/example_dags/example_trigger_controller_dag.py
[2022-11-08T19:45:22.523+0900] {processor.py:768} INFO - DAG(s) dict_keys(['example_trigger_controller_dag']) retrieved from /home/steve/.local/lib/python3.8/site-packages/airflow/example_dags/example_trigger_controller_dag.py
[2022-11-08T19:45:22.539+0900] {logging_mixin.py:117} INFO - [2022-11-08T19:45:22.539+0900] {dag.py:2573} INFO - Sync 1 DAGs
[2022-11-08T19:45:22.550+0900] {logging_mixin.py:117} INFO - [2022-11-08T19:45:22.550+0900] {dag.py:3324} INFO - Setting next_dagrun for example_trigger_controller_dag to 2021-01-01T00:00:00+00:00, run_after=2021-01-01T00:00:00+00:00
[2022-11-08T19:45:22.565+0900] {processor.py:178} INFO - Processing /home/steve/.local/lib/python3.8/site-packages/airflow/example_dags/example_trigger_controller_dag.py took 0.051 seconds
[2022-11-08T19:45:57.671+0900] {processor.py:156} INFO - Started process (PID=7786) to work on /home/steve/.local/lib/python3.8/site-packages/airflow/example_dags/example_trigger_controller_dag.py
[2022-11-08T19:45:57.673+0900] {processor.py:758} INFO - Processing file /home/steve/.local/lib/python3.8/site-packages/airflow/example_dags/example_trigger_controller_dag.py for tasks to queue
[2022-11-08T19:45:57.674+0900] {logging_mixin.py:117} INFO - [2022-11-08T19:45:57.674+0900] {dagbag.py:525} INFO - Filling up the DagBag from /home/steve/.local/lib/python3.8/site-packages/airflow/example_dags/example_trigger_controller_dag.py
[2022-11-08T19:45:57.680+0900] {processor.py:768} INFO - DAG(s) dict_keys(['example_trigger_controller_dag']) retrieved from /home/steve/.local/lib/python3.8/site-packages/airflow/example_dags/example_trigger_controller_dag.py
[2022-11-08T19:45:57.697+0900] {logging_mixin.py:117} INFO - [2022-11-08T19:45:57.697+0900] {dag.py:2573} INFO - Sync 1 DAGs
[2022-11-08T19:45:57.708+0900] {logging_mixin.py:117} INFO - [2022-11-08T19:45:57.708+0900] {dag.py:3324} INFO - Setting next_dagrun for example_trigger_controller_dag to 2021-01-01T00:00:00+00:00, run_after=2021-01-01T00:00:00+00:00
[2022-11-08T19:45:57.724+0900] {processor.py:178} INFO - Processing /home/steve/.local/lib/python3.8/site-packages/airflow/example_dags/example_trigger_controller_dag.py took 0.055 seconds
[2022-11-08T19:46:34.062+0900] {processor.py:156} INFO - Started process (PID=7822) to work on /home/steve/.local/lib/python3.8/site-packages/airflow/example_dags/example_trigger_controller_dag.py
[2022-11-08T19:46:34.064+0900] {processor.py:758} INFO - Processing file /home/steve/.local/lib/python3.8/site-packages/airflow/example_dags/example_trigger_controller_dag.py for tasks to queue
[2022-11-08T19:46:34.065+0900] {logging_mixin.py:117} INFO - [2022-11-08T19:46:34.065+0900] {dagbag.py:525} INFO - Filling up the DagBag from /home/steve/.local/lib/python3.8/site-packages/airflow/example_dags/example_trigger_controller_dag.py
[2022-11-08T19:46:34.071+0900] {processor.py:768} INFO - DAG(s) dict_keys(['example_trigger_controller_dag']) retrieved from /home/steve/.local/lib/python3.8/site-packages/airflow/example_dags/example_trigger_controller_dag.py
[2022-11-08T19:46:34.086+0900] {logging_mixin.py:117} INFO - [2022-11-08T19:46:34.086+0900] {dag.py:2573} INFO - Sync 1 DAGs
[2022-11-08T19:46:34.096+0900] {logging_mixin.py:117} INFO - [2022-11-08T19:46:34.096+0900] {dag.py:3324} INFO - Setting next_dagrun for example_trigger_controller_dag to 2021-01-01T00:00:00+00:00, run_after=2021-01-01T00:00:00+00:00
[2022-11-08T19:46:34.112+0900] {processor.py:178} INFO - Processing /home/steve/.local/lib/python3.8/site-packages/airflow/example_dags/example_trigger_controller_dag.py took 0.051 seconds
[2022-11-08T19:47:08.485+0900] {processor.py:156} INFO - Started process (PID=7898) to work on /home/steve/.local/lib/python3.8/site-packages/airflow/example_dags/example_trigger_controller_dag.py
[2022-11-08T19:47:08.487+0900] {processor.py:758} INFO - Processing file /home/steve/.local/lib/python3.8/site-packages/airflow/example_dags/example_trigger_controller_dag.py for tasks to queue
[2022-11-08T19:47:08.487+0900] {logging_mixin.py:117} INFO - [2022-11-08T19:47:08.487+0900] {dagbag.py:525} INFO - Filling up the DagBag from /home/steve/.local/lib/python3.8/site-packages/airflow/example_dags/example_trigger_controller_dag.py
[2022-11-08T19:47:08.493+0900] {processor.py:768} INFO - DAG(s) dict_keys(['example_trigger_controller_dag']) retrieved from /home/steve/.local/lib/python3.8/site-packages/airflow/example_dags/example_trigger_controller_dag.py
[2022-11-08T19:47:08.508+0900] {logging_mixin.py:117} INFO - [2022-11-08T19:47:08.508+0900] {dag.py:2573} INFO - Sync 1 DAGs
[2022-11-08T19:47:08.517+0900] {logging_mixin.py:117} INFO - [2022-11-08T19:47:08.517+0900] {dag.py:3324} INFO - Setting next_dagrun for example_trigger_controller_dag to 2021-01-01T00:00:00+00:00, run_after=2021-01-01T00:00:00+00:00
[2022-11-08T19:47:08.532+0900] {processor.py:178} INFO - Processing /home/steve/.local/lib/python3.8/site-packages/airflow/example_dags/example_trigger_controller_dag.py took 0.049 seconds
[2022-11-08T19:47:43.395+0900] {processor.py:156} INFO - Started process (PID=7932) to work on /home/steve/.local/lib/python3.8/site-packages/airflow/example_dags/example_trigger_controller_dag.py
[2022-11-08T19:47:43.397+0900] {processor.py:758} INFO - Processing file /home/steve/.local/lib/python3.8/site-packages/airflow/example_dags/example_trigger_controller_dag.py for tasks to queue
[2022-11-08T19:47:43.397+0900] {logging_mixin.py:117} INFO - [2022-11-08T19:47:43.397+0900] {dagbag.py:525} INFO - Filling up the DagBag from /home/steve/.local/lib/python3.8/site-packages/airflow/example_dags/example_trigger_controller_dag.py
[2022-11-08T19:47:43.403+0900] {processor.py:768} INFO - DAG(s) dict_keys(['example_trigger_controller_dag']) retrieved from /home/steve/.local/lib/python3.8/site-packages/airflow/example_dags/example_trigger_controller_dag.py
[2022-11-08T19:47:43.418+0900] {logging_mixin.py:117} INFO - [2022-11-08T19:47:43.418+0900] {dag.py:2573} INFO - Sync 1 DAGs
[2022-11-08T19:47:43.428+0900] {logging_mixin.py:117} INFO - [2022-11-08T19:47:43.428+0900] {dag.py:3324} INFO - Setting next_dagrun for example_trigger_controller_dag to 2021-01-01T00:00:00+00:00, run_after=2021-01-01T00:00:00+00:00
[2022-11-08T19:47:43.515+0900] {processor.py:178} INFO - Processing /home/steve/.local/lib/python3.8/site-packages/airflow/example_dags/example_trigger_controller_dag.py took 0.122 seconds
[2022-11-08T19:48:19.743+0900] {processor.py:156} INFO - Started process (PID=7967) to work on /home/steve/.local/lib/python3.8/site-packages/airflow/example_dags/example_trigger_controller_dag.py
[2022-11-08T19:48:19.744+0900] {processor.py:758} INFO - Processing file /home/steve/.local/lib/python3.8/site-packages/airflow/example_dags/example_trigger_controller_dag.py for tasks to queue
[2022-11-08T19:48:19.744+0900] {logging_mixin.py:117} INFO - [2022-11-08T19:48:19.744+0900] {dagbag.py:525} INFO - Filling up the DagBag from /home/steve/.local/lib/python3.8/site-packages/airflow/example_dags/example_trigger_controller_dag.py
[2022-11-08T19:48:19.750+0900] {processor.py:768} INFO - DAG(s) dict_keys(['example_trigger_controller_dag']) retrieved from /home/steve/.local/lib/python3.8/site-packages/airflow/example_dags/example_trigger_controller_dag.py
[2022-11-08T19:48:19.765+0900] {logging_mixin.py:117} INFO - [2022-11-08T19:48:19.765+0900] {dag.py:2573} INFO - Sync 1 DAGs
[2022-11-08T19:48:19.841+0900] {logging_mixin.py:117} INFO - [2022-11-08T19:48:19.841+0900] {dag.py:3324} INFO - Setting next_dagrun for example_trigger_controller_dag to 2021-01-01T00:00:00+00:00, run_after=2021-01-01T00:00:00+00:00
[2022-11-08T19:48:19.856+0900] {processor.py:178} INFO - Processing /home/steve/.local/lib/python3.8/site-packages/airflow/example_dags/example_trigger_controller_dag.py took 0.115 seconds
[2022-11-08T19:48:57.295+0900] {processor.py:156} INFO - Started process (PID=8003) to work on /home/steve/.local/lib/python3.8/site-packages/airflow/example_dags/example_trigger_controller_dag.py
[2022-11-08T19:48:57.297+0900] {processor.py:758} INFO - Processing file /home/steve/.local/lib/python3.8/site-packages/airflow/example_dags/example_trigger_controller_dag.py for tasks to queue
[2022-11-08T19:48:57.297+0900] {logging_mixin.py:117} INFO - [2022-11-08T19:48:57.297+0900] {dagbag.py:525} INFO - Filling up the DagBag from /home/steve/.local/lib/python3.8/site-packages/airflow/example_dags/example_trigger_controller_dag.py
[2022-11-08T19:48:57.303+0900] {processor.py:768} INFO - DAG(s) dict_keys(['example_trigger_controller_dag']) retrieved from /home/steve/.local/lib/python3.8/site-packages/airflow/example_dags/example_trigger_controller_dag.py
[2022-11-08T19:48:57.317+0900] {logging_mixin.py:117} INFO - [2022-11-08T19:48:57.317+0900] {dag.py:2573} INFO - Sync 1 DAGs
[2022-11-08T19:48:57.392+0900] {logging_mixin.py:117} INFO - [2022-11-08T19:48:57.391+0900] {dag.py:3324} INFO - Setting next_dagrun for example_trigger_controller_dag to 2021-01-01T00:00:00+00:00, run_after=2021-01-01T00:00:00+00:00
[2022-11-08T19:48:57.408+0900] {processor.py:178} INFO - Processing /home/steve/.local/lib/python3.8/site-packages/airflow/example_dags/example_trigger_controller_dag.py took 0.114 seconds
[2022-11-08T19:49:35.078+0900] {processor.py:156} INFO - Started process (PID=8039) to work on /home/steve/.local/lib/python3.8/site-packages/airflow/example_dags/example_trigger_controller_dag.py
[2022-11-08T19:49:35.081+0900] {processor.py:758} INFO - Processing file /home/steve/.local/lib/python3.8/site-packages/airflow/example_dags/example_trigger_controller_dag.py for tasks to queue
[2022-11-08T19:49:35.081+0900] {logging_mixin.py:117} INFO - [2022-11-08T19:49:35.081+0900] {dagbag.py:525} INFO - Filling up the DagBag from /home/steve/.local/lib/python3.8/site-packages/airflow/example_dags/example_trigger_controller_dag.py
[2022-11-08T19:49:35.087+0900] {processor.py:768} INFO - DAG(s) dict_keys(['example_trigger_controller_dag']) retrieved from /home/steve/.local/lib/python3.8/site-packages/airflow/example_dags/example_trigger_controller_dag.py
[2022-11-08T19:49:35.103+0900] {logging_mixin.py:117} INFO - [2022-11-08T19:49:35.103+0900] {dag.py:2573} INFO - Sync 1 DAGs
[2022-11-08T19:49:35.176+0900] {logging_mixin.py:117} INFO - [2022-11-08T19:49:35.176+0900] {dag.py:3324} INFO - Setting next_dagrun for example_trigger_controller_dag to 2021-01-01T00:00:00+00:00, run_after=2021-01-01T00:00:00+00:00
[2022-11-08T19:49:35.192+0900] {processor.py:178} INFO - Processing /home/steve/.local/lib/python3.8/site-packages/airflow/example_dags/example_trigger_controller_dag.py took 0.115 seconds
[2022-11-08T19:50:08.993+0900] {processor.py:156} INFO - Started process (PID=8100) to work on /home/steve/.local/lib/python3.8/site-packages/airflow/example_dags/example_trigger_controller_dag.py
[2022-11-08T19:50:08.995+0900] {processor.py:758} INFO - Processing file /home/steve/.local/lib/python3.8/site-packages/airflow/example_dags/example_trigger_controller_dag.py for tasks to queue
[2022-11-08T19:50:08.995+0900] {logging_mixin.py:117} INFO - [2022-11-08T19:50:08.995+0900] {dagbag.py:525} INFO - Filling up the DagBag from /home/steve/.local/lib/python3.8/site-packages/airflow/example_dags/example_trigger_controller_dag.py
[2022-11-08T19:50:09.001+0900] {processor.py:768} INFO - DAG(s) dict_keys(['example_trigger_controller_dag']) retrieved from /home/steve/.local/lib/python3.8/site-packages/airflow/example_dags/example_trigger_controller_dag.py
[2022-11-08T19:50:09.080+0900] {logging_mixin.py:117} INFO - [2022-11-08T19:50:09.080+0900] {dag.py:2573} INFO - Sync 1 DAGs
[2022-11-08T19:50:09.088+0900] {logging_mixin.py:117} INFO - [2022-11-08T19:50:09.088+0900] {dag.py:3324} INFO - Setting next_dagrun for example_trigger_controller_dag to 2021-01-01T00:00:00+00:00, run_after=2021-01-01T00:00:00+00:00
[2022-11-08T19:50:09.104+0900] {processor.py:178} INFO - Processing /home/steve/.local/lib/python3.8/site-packages/airflow/example_dags/example_trigger_controller_dag.py took 0.113 seconds
[2022-11-08T19:50:43.326+0900] {processor.py:156} INFO - Started process (PID=8134) to work on /home/steve/.local/lib/python3.8/site-packages/airflow/example_dags/example_trigger_controller_dag.py
[2022-11-08T19:50:43.328+0900] {processor.py:758} INFO - Processing file /home/steve/.local/lib/python3.8/site-packages/airflow/example_dags/example_trigger_controller_dag.py for tasks to queue
[2022-11-08T19:50:43.329+0900] {logging_mixin.py:117} INFO - [2022-11-08T19:50:43.329+0900] {dagbag.py:525} INFO - Filling up the DagBag from /home/steve/.local/lib/python3.8/site-packages/airflow/example_dags/example_trigger_controller_dag.py
[2022-11-08T19:50:43.335+0900] {processor.py:768} INFO - DAG(s) dict_keys(['example_trigger_controller_dag']) retrieved from /home/steve/.local/lib/python3.8/site-packages/airflow/example_dags/example_trigger_controller_dag.py
[2022-11-08T19:50:43.413+0900] {logging_mixin.py:117} INFO - [2022-11-08T19:50:43.413+0900] {dag.py:2573} INFO - Sync 1 DAGs
[2022-11-08T19:50:43.421+0900] {logging_mixin.py:117} INFO - [2022-11-08T19:50:43.421+0900] {dag.py:3324} INFO - Setting next_dagrun for example_trigger_controller_dag to 2021-01-01T00:00:00+00:00, run_after=2021-01-01T00:00:00+00:00
[2022-11-08T19:50:43.437+0900] {processor.py:178} INFO - Processing /home/steve/.local/lib/python3.8/site-packages/airflow/example_dags/example_trigger_controller_dag.py took 0.112 seconds
[2022-11-08T19:51:21.701+0900] {processor.py:156} INFO - Started process (PID=8171) to work on /home/steve/.local/lib/python3.8/site-packages/airflow/example_dags/example_trigger_controller_dag.py
[2022-11-08T19:51:21.703+0900] {processor.py:758} INFO - Processing file /home/steve/.local/lib/python3.8/site-packages/airflow/example_dags/example_trigger_controller_dag.py for tasks to queue
[2022-11-08T19:51:21.703+0900] {logging_mixin.py:117} INFO - [2022-11-08T19:51:21.703+0900] {dagbag.py:525} INFO - Filling up the DagBag from /home/steve/.local/lib/python3.8/site-packages/airflow/example_dags/example_trigger_controller_dag.py
[2022-11-08T19:51:21.775+0900] {processor.py:768} INFO - DAG(s) dict_keys(['example_trigger_controller_dag']) retrieved from /home/steve/.local/lib/python3.8/site-packages/airflow/example_dags/example_trigger_controller_dag.py
[2022-11-08T19:51:21.787+0900] {logging_mixin.py:117} INFO - [2022-11-08T19:51:21.787+0900] {dag.py:2573} INFO - Sync 1 DAGs
[2022-11-08T19:51:21.795+0900] {logging_mixin.py:117} INFO - [2022-11-08T19:51:21.795+0900] {dag.py:3324} INFO - Setting next_dagrun for example_trigger_controller_dag to 2021-01-01T00:00:00+00:00, run_after=2021-01-01T00:00:00+00:00
[2022-11-08T19:51:21.812+0900] {processor.py:178} INFO - Processing /home/steve/.local/lib/python3.8/site-packages/airflow/example_dags/example_trigger_controller_dag.py took 0.113 seconds
[2022-11-08T19:51:57.018+0900] {processor.py:156} INFO - Started process (PID=8207) to work on /home/steve/.local/lib/python3.8/site-packages/airflow/example_dags/example_trigger_controller_dag.py
[2022-11-08T19:51:57.020+0900] {processor.py:758} INFO - Processing file /home/steve/.local/lib/python3.8/site-packages/airflow/example_dags/example_trigger_controller_dag.py for tasks to queue
[2022-11-08T19:51:57.021+0900] {logging_mixin.py:117} INFO - [2022-11-08T19:51:57.021+0900] {dagbag.py:525} INFO - Filling up the DagBag from /home/steve/.local/lib/python3.8/site-packages/airflow/example_dags/example_trigger_controller_dag.py
[2022-11-08T19:51:57.027+0900] {processor.py:768} INFO - DAG(s) dict_keys(['example_trigger_controller_dag']) retrieved from /home/steve/.local/lib/python3.8/site-packages/airflow/example_dags/example_trigger_controller_dag.py
[2022-11-08T19:51:57.042+0900] {logging_mixin.py:117} INFO - [2022-11-08T19:51:57.042+0900] {dag.py:2573} INFO - Sync 1 DAGs
[2022-11-08T19:51:57.052+0900] {logging_mixin.py:117} INFO - [2022-11-08T19:51:57.052+0900] {dag.py:3324} INFO - Setting next_dagrun for example_trigger_controller_dag to 2021-01-01T00:00:00+00:00, run_after=2021-01-01T00:00:00+00:00
[2022-11-08T19:51:57.067+0900] {processor.py:178} INFO - Processing /home/steve/.local/lib/python3.8/site-packages/airflow/example_dags/example_trigger_controller_dag.py took 0.051 seconds
[2022-11-08T19:52:30.086+0900] {processor.py:156} INFO - Started process (PID=8242) to work on /home/steve/.local/lib/python3.8/site-packages/airflow/example_dags/example_trigger_controller_dag.py
[2022-11-08T19:52:30.087+0900] {processor.py:758} INFO - Processing file /home/steve/.local/lib/python3.8/site-packages/airflow/example_dags/example_trigger_controller_dag.py for tasks to queue
[2022-11-08T19:52:30.087+0900] {logging_mixin.py:117} INFO - [2022-11-08T19:52:30.087+0900] {dagbag.py:525} INFO - Filling up the DagBag from /home/steve/.local/lib/python3.8/site-packages/airflow/example_dags/example_trigger_controller_dag.py
[2022-11-08T19:52:30.093+0900] {processor.py:768} INFO - DAG(s) dict_keys(['example_trigger_controller_dag']) retrieved from /home/steve/.local/lib/python3.8/site-packages/airflow/example_dags/example_trigger_controller_dag.py
[2022-11-08T19:52:30.108+0900] {logging_mixin.py:117} INFO - [2022-11-08T19:52:30.108+0900] {dag.py:2573} INFO - Sync 1 DAGs
[2022-11-08T19:52:30.118+0900] {logging_mixin.py:117} INFO - [2022-11-08T19:52:30.118+0900] {dag.py:3324} INFO - Setting next_dagrun for example_trigger_controller_dag to 2021-01-01T00:00:00+00:00, run_after=2021-01-01T00:00:00+00:00
[2022-11-08T19:52:30.134+0900] {processor.py:178} INFO - Processing /home/steve/.local/lib/python3.8/site-packages/airflow/example_dags/example_trigger_controller_dag.py took 0.049 seconds
[2022-11-08T19:53:03.205+0900] {processor.py:156} INFO - Started process (PID=8390) to work on /home/steve/.local/lib/python3.8/site-packages/airflow/example_dags/example_trigger_controller_dag.py
[2022-11-08T19:53:03.207+0900] {processor.py:758} INFO - Processing file /home/steve/.local/lib/python3.8/site-packages/airflow/example_dags/example_trigger_controller_dag.py for tasks to queue
[2022-11-08T19:53:03.207+0900] {logging_mixin.py:117} INFO - [2022-11-08T19:53:03.207+0900] {dagbag.py:525} INFO - Filling up the DagBag from /home/steve/.local/lib/python3.8/site-packages/airflow/example_dags/example_trigger_controller_dag.py
[2022-11-08T19:53:03.214+0900] {processor.py:768} INFO - DAG(s) dict_keys(['example_trigger_controller_dag']) retrieved from /home/steve/.local/lib/python3.8/site-packages/airflow/example_dags/example_trigger_controller_dag.py
[2022-11-08T19:53:03.226+0900] {logging_mixin.py:117} INFO - [2022-11-08T19:53:03.226+0900] {dag.py:2573} INFO - Sync 1 DAGs
[2022-11-08T19:53:03.238+0900] {logging_mixin.py:117} INFO - [2022-11-08T19:53:03.238+0900] {dag.py:3324} INFO - Setting next_dagrun for example_trigger_controller_dag to 2021-01-01T00:00:00+00:00, run_after=2021-01-01T00:00:00+00:00
[2022-11-08T19:53:03.254+0900] {processor.py:178} INFO - Processing /home/steve/.local/lib/python3.8/site-packages/airflow/example_dags/example_trigger_controller_dag.py took 0.050 seconds
[2022-11-08T19:53:39.434+0900] {processor.py:156} INFO - Started process (PID=8542) to work on /home/steve/.local/lib/python3.8/site-packages/airflow/example_dags/example_trigger_controller_dag.py
[2022-11-08T19:53:39.436+0900] {processor.py:758} INFO - Processing file /home/steve/.local/lib/python3.8/site-packages/airflow/example_dags/example_trigger_controller_dag.py for tasks to queue
[2022-11-08T19:53:39.436+0900] {logging_mixin.py:117} INFO - [2022-11-08T19:53:39.436+0900] {dagbag.py:525} INFO - Filling up the DagBag from /home/steve/.local/lib/python3.8/site-packages/airflow/example_dags/example_trigger_controller_dag.py
[2022-11-08T19:53:39.443+0900] {processor.py:768} INFO - DAG(s) dict_keys(['example_trigger_controller_dag']) retrieved from /home/steve/.local/lib/python3.8/site-packages/airflow/example_dags/example_trigger_controller_dag.py
[2022-11-08T19:53:39.459+0900] {logging_mixin.py:117} INFO - [2022-11-08T19:53:39.459+0900] {dag.py:2573} INFO - Sync 1 DAGs
[2022-11-08T19:53:39.469+0900] {logging_mixin.py:117} INFO - [2022-11-08T19:53:39.469+0900] {dag.py:3324} INFO - Setting next_dagrun for example_trigger_controller_dag to 2021-01-01T00:00:00+00:00, run_after=2021-01-01T00:00:00+00:00
[2022-11-08T19:53:39.485+0900] {processor.py:178} INFO - Processing /home/steve/.local/lib/python3.8/site-packages/airflow/example_dags/example_trigger_controller_dag.py took 0.053 seconds
[2022-11-08T19:54:12.305+0900] {processor.py:156} INFO - Started process (PID=8632) to work on /home/steve/.local/lib/python3.8/site-packages/airflow/example_dags/example_trigger_controller_dag.py
[2022-11-08T19:54:12.306+0900] {processor.py:758} INFO - Processing file /home/steve/.local/lib/python3.8/site-packages/airflow/example_dags/example_trigger_controller_dag.py for tasks to queue
[2022-11-08T19:54:12.306+0900] {logging_mixin.py:117} INFO - [2022-11-08T19:54:12.306+0900] {dagbag.py:525} INFO - Filling up the DagBag from /home/steve/.local/lib/python3.8/site-packages/airflow/example_dags/example_trigger_controller_dag.py
[2022-11-08T19:54:12.312+0900] {processor.py:768} INFO - DAG(s) dict_keys(['example_trigger_controller_dag']) retrieved from /home/steve/.local/lib/python3.8/site-packages/airflow/example_dags/example_trigger_controller_dag.py
[2022-11-08T19:54:12.326+0900] {logging_mixin.py:117} INFO - [2022-11-08T19:54:12.326+0900] {dag.py:2573} INFO - Sync 1 DAGs
[2022-11-08T19:54:12.336+0900] {logging_mixin.py:117} INFO - [2022-11-08T19:54:12.336+0900] {dag.py:3324} INFO - Setting next_dagrun for example_trigger_controller_dag to 2021-01-01T00:00:00+00:00, run_after=2021-01-01T00:00:00+00:00
[2022-11-08T19:54:12.352+0900] {processor.py:178} INFO - Processing /home/steve/.local/lib/python3.8/site-packages/airflow/example_dags/example_trigger_controller_dag.py took 0.049 seconds
[2022-11-08T19:54:46.012+0900] {processor.py:156} INFO - Started process (PID=8895) to work on /home/steve/.local/lib/python3.8/site-packages/airflow/example_dags/example_trigger_controller_dag.py
[2022-11-08T19:54:46.013+0900] {processor.py:758} INFO - Processing file /home/steve/.local/lib/python3.8/site-packages/airflow/example_dags/example_trigger_controller_dag.py for tasks to queue
[2022-11-08T19:54:46.013+0900] {logging_mixin.py:117} INFO - [2022-11-08T19:54:46.013+0900] {dagbag.py:525} INFO - Filling up the DagBag from /home/steve/.local/lib/python3.8/site-packages/airflow/example_dags/example_trigger_controller_dag.py
[2022-11-08T19:54:46.022+0900] {processor.py:768} INFO - DAG(s) dict_keys(['example_trigger_controller_dag']) retrieved from /home/steve/.local/lib/python3.8/site-packages/airflow/example_dags/example_trigger_controller_dag.py
[2022-11-08T19:54:46.041+0900] {logging_mixin.py:117} INFO - [2022-11-08T19:54:46.041+0900] {dag.py:2573} INFO - Sync 1 DAGs
[2022-11-08T19:54:46.057+0900] {logging_mixin.py:117} INFO - [2022-11-08T19:54:46.057+0900] {dag.py:3324} INFO - Setting next_dagrun for example_trigger_controller_dag to 2021-01-01T00:00:00+00:00, run_after=2021-01-01T00:00:00+00:00
[2022-11-08T19:54:46.283+0900] {processor.py:178} INFO - Processing /home/steve/.local/lib/python3.8/site-packages/airflow/example_dags/example_trigger_controller_dag.py took 0.273 seconds
[2022-11-08T19:55:22.791+0900] {processor.py:156} INFO - Started process (PID=9021) to work on /home/steve/.local/lib/python3.8/site-packages/airflow/example_dags/example_trigger_controller_dag.py
[2022-11-08T19:55:22.793+0900] {processor.py:758} INFO - Processing file /home/steve/.local/lib/python3.8/site-packages/airflow/example_dags/example_trigger_controller_dag.py for tasks to queue
[2022-11-08T19:55:22.793+0900] {logging_mixin.py:117} INFO - [2022-11-08T19:55:22.793+0900] {dagbag.py:525} INFO - Filling up the DagBag from /home/steve/.local/lib/python3.8/site-packages/airflow/example_dags/example_trigger_controller_dag.py
[2022-11-08T19:55:22.799+0900] {processor.py:768} INFO - DAG(s) dict_keys(['example_trigger_controller_dag']) retrieved from /home/steve/.local/lib/python3.8/site-packages/airflow/example_dags/example_trigger_controller_dag.py
[2022-11-08T19:55:22.814+0900] {logging_mixin.py:117} INFO - [2022-11-08T19:55:22.814+0900] {dag.py:2573} INFO - Sync 1 DAGs
[2022-11-08T19:55:22.824+0900] {logging_mixin.py:117} INFO - [2022-11-08T19:55:22.823+0900] {dag.py:3324} INFO - Setting next_dagrun for example_trigger_controller_dag to 2021-01-01T00:00:00+00:00, run_after=2021-01-01T00:00:00+00:00
[2022-11-08T19:55:22.840+0900] {processor.py:178} INFO - Processing /home/steve/.local/lib/python3.8/site-packages/airflow/example_dags/example_trigger_controller_dag.py took 0.050 seconds
[2022-11-08T20:26:58.956+0900] {processor.py:156} INFO - Started process (PID=9765) to work on /home/steve/.local/lib/python3.8/site-packages/airflow/example_dags/example_trigger_controller_dag.py
[2022-11-08T20:26:58.958+0900] {processor.py:758} INFO - Processing file /home/steve/.local/lib/python3.8/site-packages/airflow/example_dags/example_trigger_controller_dag.py for tasks to queue
[2022-11-08T20:26:58.958+0900] {logging_mixin.py:117} INFO - [2022-11-08T20:26:58.958+0900] {dagbag.py:525} INFO - Filling up the DagBag from /home/steve/.local/lib/python3.8/site-packages/airflow/example_dags/example_trigger_controller_dag.py
[2022-11-08T20:26:58.964+0900] {processor.py:768} INFO - DAG(s) dict_keys(['example_trigger_controller_dag']) retrieved from /home/steve/.local/lib/python3.8/site-packages/airflow/example_dags/example_trigger_controller_dag.py
[2022-11-08T20:26:58.979+0900] {logging_mixin.py:117} INFO - [2022-11-08T20:26:58.979+0900] {dag.py:2573} INFO - Sync 1 DAGs
[2022-11-08T20:26:58.991+0900] {logging_mixin.py:117} INFO - [2022-11-08T20:26:58.991+0900] {dag.py:3324} INFO - Setting next_dagrun for example_trigger_controller_dag to 2021-01-01T00:00:00+00:00, run_after=2021-01-01T00:00:00+00:00
[2022-11-08T20:26:59.006+0900] {processor.py:178} INFO - Processing /home/steve/.local/lib/python3.8/site-packages/airflow/example_dags/example_trigger_controller_dag.py took 0.052 seconds
[2022-11-08T20:27:31.520+0900] {processor.py:156} INFO - Started process (PID=9827) to work on /home/steve/.local/lib/python3.8/site-packages/airflow/example_dags/example_trigger_controller_dag.py
[2022-11-08T20:27:31.521+0900] {processor.py:758} INFO - Processing file /home/steve/.local/lib/python3.8/site-packages/airflow/example_dags/example_trigger_controller_dag.py for tasks to queue
[2022-11-08T20:27:31.522+0900] {logging_mixin.py:117} INFO - [2022-11-08T20:27:31.522+0900] {dagbag.py:525} INFO - Filling up the DagBag from /home/steve/.local/lib/python3.8/site-packages/airflow/example_dags/example_trigger_controller_dag.py
[2022-11-08T20:27:31.528+0900] {processor.py:768} INFO - DAG(s) dict_keys(['example_trigger_controller_dag']) retrieved from /home/steve/.local/lib/python3.8/site-packages/airflow/example_dags/example_trigger_controller_dag.py
[2022-11-08T20:27:31.544+0900] {logging_mixin.py:117} INFO - [2022-11-08T20:27:31.544+0900] {dag.py:2573} INFO - Sync 1 DAGs
[2022-11-08T20:27:31.554+0900] {logging_mixin.py:117} INFO - [2022-11-08T20:27:31.554+0900] {dag.py:3324} INFO - Setting next_dagrun for example_trigger_controller_dag to 2021-01-01T00:00:00+00:00, run_after=2021-01-01T00:00:00+00:00
[2022-11-08T20:27:31.570+0900] {processor.py:178} INFO - Processing /home/steve/.local/lib/python3.8/site-packages/airflow/example_dags/example_trigger_controller_dag.py took 0.052 seconds
[2022-11-08T20:28:08.717+0900] {processor.py:156} INFO - Started process (PID=9863) to work on /home/steve/.local/lib/python3.8/site-packages/airflow/example_dags/example_trigger_controller_dag.py
[2022-11-08T20:28:08.718+0900] {processor.py:758} INFO - Processing file /home/steve/.local/lib/python3.8/site-packages/airflow/example_dags/example_trigger_controller_dag.py for tasks to queue
[2022-11-08T20:28:08.718+0900] {logging_mixin.py:117} INFO - [2022-11-08T20:28:08.718+0900] {dagbag.py:525} INFO - Filling up the DagBag from /home/steve/.local/lib/python3.8/site-packages/airflow/example_dags/example_trigger_controller_dag.py
[2022-11-08T20:28:08.724+0900] {processor.py:768} INFO - DAG(s) dict_keys(['example_trigger_controller_dag']) retrieved from /home/steve/.local/lib/python3.8/site-packages/airflow/example_dags/example_trigger_controller_dag.py
[2022-11-08T20:28:08.740+0900] {logging_mixin.py:117} INFO - [2022-11-08T20:28:08.740+0900] {dag.py:2573} INFO - Sync 1 DAGs
[2022-11-08T20:28:08.749+0900] {logging_mixin.py:117} INFO - [2022-11-08T20:28:08.749+0900] {dag.py:3324} INFO - Setting next_dagrun for example_trigger_controller_dag to 2021-01-01T00:00:00+00:00, run_after=2021-01-01T00:00:00+00:00
[2022-11-08T20:28:08.765+0900] {processor.py:178} INFO - Processing /home/steve/.local/lib/python3.8/site-packages/airflow/example_dags/example_trigger_controller_dag.py took 0.050 seconds
[2022-11-08T20:28:43.585+0900] {processor.py:156} INFO - Started process (PID=9992) to work on /home/steve/.local/lib/python3.8/site-packages/airflow/example_dags/example_trigger_controller_dag.py
[2022-11-08T20:28:43.586+0900] {processor.py:758} INFO - Processing file /home/steve/.local/lib/python3.8/site-packages/airflow/example_dags/example_trigger_controller_dag.py for tasks to queue
[2022-11-08T20:28:43.587+0900] {logging_mixin.py:117} INFO - [2022-11-08T20:28:43.586+0900] {dagbag.py:525} INFO - Filling up the DagBag from /home/steve/.local/lib/python3.8/site-packages/airflow/example_dags/example_trigger_controller_dag.py
[2022-11-08T20:28:43.593+0900] {processor.py:768} INFO - DAG(s) dict_keys(['example_trigger_controller_dag']) retrieved from /home/steve/.local/lib/python3.8/site-packages/airflow/example_dags/example_trigger_controller_dag.py
[2022-11-08T20:28:43.608+0900] {logging_mixin.py:117} INFO - [2022-11-08T20:28:43.608+0900] {dag.py:2573} INFO - Sync 1 DAGs
[2022-11-08T20:28:43.618+0900] {logging_mixin.py:117} INFO - [2022-11-08T20:28:43.618+0900] {dag.py:3324} INFO - Setting next_dagrun for example_trigger_controller_dag to 2021-01-01T00:00:00+00:00, run_after=2021-01-01T00:00:00+00:00
[2022-11-08T20:28:43.634+0900] {processor.py:178} INFO - Processing /home/steve/.local/lib/python3.8/site-packages/airflow/example_dags/example_trigger_controller_dag.py took 0.051 seconds
[2022-11-08T20:29:20.966+0900] {processor.py:156} INFO - Started process (PID=10245) to work on /home/steve/.local/lib/python3.8/site-packages/airflow/example_dags/example_trigger_controller_dag.py
[2022-11-08T20:29:20.967+0900] {processor.py:758} INFO - Processing file /home/steve/.local/lib/python3.8/site-packages/airflow/example_dags/example_trigger_controller_dag.py for tasks to queue
[2022-11-08T20:29:20.968+0900] {logging_mixin.py:117} INFO - [2022-11-08T20:29:20.968+0900] {dagbag.py:525} INFO - Filling up the DagBag from /home/steve/.local/lib/python3.8/site-packages/airflow/example_dags/example_trigger_controller_dag.py
[2022-11-08T20:29:20.976+0900] {processor.py:768} INFO - DAG(s) dict_keys(['example_trigger_controller_dag']) retrieved from /home/steve/.local/lib/python3.8/site-packages/airflow/example_dags/example_trigger_controller_dag.py
[2022-11-08T20:29:20.992+0900] {logging_mixin.py:117} INFO - [2022-11-08T20:29:20.992+0900] {dag.py:2573} INFO - Sync 1 DAGs
[2022-11-08T20:29:21.003+0900] {logging_mixin.py:117} INFO - [2022-11-08T20:29:21.003+0900] {dag.py:3324} INFO - Setting next_dagrun for example_trigger_controller_dag to 2021-01-01T00:00:00+00:00, run_after=2021-01-01T00:00:00+00:00
[2022-11-08T20:29:21.021+0900] {processor.py:178} INFO - Processing /home/steve/.local/lib/python3.8/site-packages/airflow/example_dags/example_trigger_controller_dag.py took 0.056 seconds
[2022-11-08T20:29:57.052+0900] {processor.py:156} INFO - Started process (PID=10399) to work on /home/steve/.local/lib/python3.8/site-packages/airflow/example_dags/example_trigger_controller_dag.py
[2022-11-08T20:29:57.054+0900] {processor.py:758} INFO - Processing file /home/steve/.local/lib/python3.8/site-packages/airflow/example_dags/example_trigger_controller_dag.py for tasks to queue
[2022-11-08T20:29:57.055+0900] {logging_mixin.py:117} INFO - [2022-11-08T20:29:57.055+0900] {dagbag.py:525} INFO - Filling up the DagBag from /home/steve/.local/lib/python3.8/site-packages/airflow/example_dags/example_trigger_controller_dag.py
[2022-11-08T20:29:57.063+0900] {processor.py:768} INFO - DAG(s) dict_keys(['example_trigger_controller_dag']) retrieved from /home/steve/.local/lib/python3.8/site-packages/airflow/example_dags/example_trigger_controller_dag.py
[2022-11-08T20:29:57.080+0900] {logging_mixin.py:117} INFO - [2022-11-08T20:29:57.080+0900] {dag.py:2573} INFO - Sync 1 DAGs
[2022-11-08T20:29:57.092+0900] {logging_mixin.py:117} INFO - [2022-11-08T20:29:57.092+0900] {dag.py:3324} INFO - Setting next_dagrun for example_trigger_controller_dag to 2021-01-01T00:00:00+00:00, run_after=2021-01-01T00:00:00+00:00
[2022-11-08T20:29:57.193+0900] {processor.py:178} INFO - Processing /home/steve/.local/lib/python3.8/site-packages/airflow/example_dags/example_trigger_controller_dag.py took 0.143 seconds
[2022-11-08T20:30:33.802+0900] {processor.py:156} INFO - Started process (PID=10524) to work on /home/steve/.local/lib/python3.8/site-packages/airflow/example_dags/example_trigger_controller_dag.py
[2022-11-08T20:30:33.804+0900] {processor.py:758} INFO - Processing file /home/steve/.local/lib/python3.8/site-packages/airflow/example_dags/example_trigger_controller_dag.py for tasks to queue
[2022-11-08T20:30:33.804+0900] {logging_mixin.py:117} INFO - [2022-11-08T20:30:33.804+0900] {dagbag.py:525} INFO - Filling up the DagBag from /home/steve/.local/lib/python3.8/site-packages/airflow/example_dags/example_trigger_controller_dag.py
[2022-11-08T20:30:33.811+0900] {processor.py:768} INFO - DAG(s) dict_keys(['example_trigger_controller_dag']) retrieved from /home/steve/.local/lib/python3.8/site-packages/airflow/example_dags/example_trigger_controller_dag.py
[2022-11-08T20:30:33.826+0900] {logging_mixin.py:117} INFO - [2022-11-08T20:30:33.826+0900] {dag.py:2573} INFO - Sync 1 DAGs
[2022-11-08T20:30:33.910+0900] {logging_mixin.py:117} INFO - [2022-11-08T20:30:33.910+0900] {dag.py:3324} INFO - Setting next_dagrun for example_trigger_controller_dag to 2021-01-01T00:00:00+00:00, run_after=2021-01-01T00:00:00+00:00
[2022-11-08T20:30:33.926+0900] {processor.py:178} INFO - Processing /home/steve/.local/lib/python3.8/site-packages/airflow/example_dags/example_trigger_controller_dag.py took 0.125 seconds
[2022-11-08T20:31:12.211+0900] {processor.py:156} INFO - Started process (PID=10662) to work on /home/steve/.local/lib/python3.8/site-packages/airflow/example_dags/example_trigger_controller_dag.py
[2022-11-08T20:31:12.214+0900] {processor.py:758} INFO - Processing file /home/steve/.local/lib/python3.8/site-packages/airflow/example_dags/example_trigger_controller_dag.py for tasks to queue
[2022-11-08T20:31:12.214+0900] {logging_mixin.py:117} INFO - [2022-11-08T20:31:12.214+0900] {dagbag.py:525} INFO - Filling up the DagBag from /home/steve/.local/lib/python3.8/site-packages/airflow/example_dags/example_trigger_controller_dag.py
[2022-11-08T20:31:12.220+0900] {processor.py:768} INFO - DAG(s) dict_keys(['example_trigger_controller_dag']) retrieved from /home/steve/.local/lib/python3.8/site-packages/airflow/example_dags/example_trigger_controller_dag.py
[2022-11-08T20:31:12.238+0900] {logging_mixin.py:117} INFO - [2022-11-08T20:31:12.238+0900] {dag.py:2573} INFO - Sync 1 DAGs
[2022-11-08T20:31:12.335+0900] {logging_mixin.py:117} INFO - [2022-11-08T20:31:12.335+0900] {dag.py:3324} INFO - Setting next_dagrun for example_trigger_controller_dag to 2021-01-01T00:00:00+00:00, run_after=2021-01-01T00:00:00+00:00
[2022-11-08T20:31:12.351+0900] {processor.py:178} INFO - Processing /home/steve/.local/lib/python3.8/site-packages/airflow/example_dags/example_trigger_controller_dag.py took 0.141 seconds
[2022-11-08T20:31:47.748+0900] {processor.py:156} INFO - Started process (PID=10738) to work on /home/steve/.local/lib/python3.8/site-packages/airflow/example_dags/example_trigger_controller_dag.py
[2022-11-08T20:31:47.750+0900] {processor.py:758} INFO - Processing file /home/steve/.local/lib/python3.8/site-packages/airflow/example_dags/example_trigger_controller_dag.py for tasks to queue
[2022-11-08T20:31:47.750+0900] {logging_mixin.py:117} INFO - [2022-11-08T20:31:47.750+0900] {dagbag.py:525} INFO - Filling up the DagBag from /home/steve/.local/lib/python3.8/site-packages/airflow/example_dags/example_trigger_controller_dag.py
[2022-11-08T20:31:47.757+0900] {processor.py:768} INFO - DAG(s) dict_keys(['example_trigger_controller_dag']) retrieved from /home/steve/.local/lib/python3.8/site-packages/airflow/example_dags/example_trigger_controller_dag.py
[2022-11-08T20:31:47.773+0900] {logging_mixin.py:117} INFO - [2022-11-08T20:31:47.773+0900] {dag.py:2573} INFO - Sync 1 DAGs
[2022-11-08T20:31:47.853+0900] {logging_mixin.py:117} INFO - [2022-11-08T20:31:47.853+0900] {dag.py:3324} INFO - Setting next_dagrun for example_trigger_controller_dag to 2021-01-01T00:00:00+00:00, run_after=2021-01-01T00:00:00+00:00
[2022-11-08T20:31:47.869+0900] {processor.py:178} INFO - Processing /home/steve/.local/lib/python3.8/site-packages/airflow/example_dags/example_trigger_controller_dag.py took 0.123 seconds
[2022-11-08T20:32:23.795+0900] {processor.py:156} INFO - Started process (PID=10800) to work on /home/steve/.local/lib/python3.8/site-packages/airflow/example_dags/example_trigger_controller_dag.py
[2022-11-08T20:32:23.798+0900] {processor.py:758} INFO - Processing file /home/steve/.local/lib/python3.8/site-packages/airflow/example_dags/example_trigger_controller_dag.py for tasks to queue
[2022-11-08T20:32:23.798+0900] {logging_mixin.py:117} INFO - [2022-11-08T20:32:23.798+0900] {dagbag.py:525} INFO - Filling up the DagBag from /home/steve/.local/lib/python3.8/site-packages/airflow/example_dags/example_trigger_controller_dag.py
[2022-11-08T20:32:23.807+0900] {processor.py:768} INFO - DAG(s) dict_keys(['example_trigger_controller_dag']) retrieved from /home/steve/.local/lib/python3.8/site-packages/airflow/example_dags/example_trigger_controller_dag.py
[2022-11-08T20:32:23.919+0900] {logging_mixin.py:117} INFO - [2022-11-08T20:32:23.918+0900] {dag.py:2573} INFO - Sync 1 DAGs
[2022-11-08T20:32:23.931+0900] {logging_mixin.py:117} INFO - [2022-11-08T20:32:23.930+0900] {dag.py:3324} INFO - Setting next_dagrun for example_trigger_controller_dag to 2021-01-01T00:00:00+00:00, run_after=2021-01-01T00:00:00+00:00
[2022-11-08T20:32:23.948+0900] {processor.py:178} INFO - Processing /home/steve/.local/lib/python3.8/site-packages/airflow/example_dags/example_trigger_controller_dag.py took 0.154 seconds
[2022-11-08T20:33:01.141+0900] {processor.py:156} INFO - Started process (PID=10989) to work on /home/steve/.local/lib/python3.8/site-packages/airflow/example_dags/example_trigger_controller_dag.py
[2022-11-08T20:33:01.143+0900] {processor.py:758} INFO - Processing file /home/steve/.local/lib/python3.8/site-packages/airflow/example_dags/example_trigger_controller_dag.py for tasks to queue
[2022-11-08T20:33:01.144+0900] {logging_mixin.py:117} INFO - [2022-11-08T20:33:01.143+0900] {dagbag.py:525} INFO - Filling up the DagBag from /home/steve/.local/lib/python3.8/site-packages/airflow/example_dags/example_trigger_controller_dag.py
[2022-11-08T20:33:01.150+0900] {processor.py:768} INFO - DAG(s) dict_keys(['example_trigger_controller_dag']) retrieved from /home/steve/.local/lib/python3.8/site-packages/airflow/example_dags/example_trigger_controller_dag.py
[2022-11-08T20:33:01.234+0900] {logging_mixin.py:117} INFO - [2022-11-08T20:33:01.234+0900] {dag.py:2573} INFO - Sync 1 DAGs
[2022-11-08T20:33:01.243+0900] {logging_mixin.py:117} INFO - [2022-11-08T20:33:01.243+0900] {dag.py:3324} INFO - Setting next_dagrun for example_trigger_controller_dag to 2021-01-01T00:00:00+00:00, run_after=2021-01-01T00:00:00+00:00
[2022-11-08T20:33:01.259+0900] {processor.py:178} INFO - Processing /home/steve/.local/lib/python3.8/site-packages/airflow/example_dags/example_trigger_controller_dag.py took 0.119 seconds
[2022-11-08T20:33:39.723+0900] {processor.py:156} INFO - Started process (PID=11025) to work on /home/steve/.local/lib/python3.8/site-packages/airflow/example_dags/example_trigger_controller_dag.py
[2022-11-08T20:33:39.726+0900] {processor.py:758} INFO - Processing file /home/steve/.local/lib/python3.8/site-packages/airflow/example_dags/example_trigger_controller_dag.py for tasks to queue
[2022-11-08T20:33:39.726+0900] {logging_mixin.py:117} INFO - [2022-11-08T20:33:39.726+0900] {dagbag.py:525} INFO - Filling up the DagBag from /home/steve/.local/lib/python3.8/site-packages/airflow/example_dags/example_trigger_controller_dag.py
[2022-11-08T20:33:39.807+0900] {processor.py:768} INFO - DAG(s) dict_keys(['example_trigger_controller_dag']) retrieved from /home/steve/.local/lib/python3.8/site-packages/airflow/example_dags/example_trigger_controller_dag.py
[2022-11-08T20:33:39.819+0900] {logging_mixin.py:117} INFO - [2022-11-08T20:33:39.819+0900] {dag.py:2573} INFO - Sync 1 DAGs
[2022-11-08T20:33:39.829+0900] {logging_mixin.py:117} INFO - [2022-11-08T20:33:39.829+0900] {dag.py:3324} INFO - Setting next_dagrun for example_trigger_controller_dag to 2021-01-01T00:00:00+00:00, run_after=2021-01-01T00:00:00+00:00
[2022-11-08T20:33:39.848+0900] {processor.py:178} INFO - Processing /home/steve/.local/lib/python3.8/site-packages/airflow/example_dags/example_trigger_controller_dag.py took 0.127 seconds
[2022-11-08T20:34:12.527+0900] {processor.py:156} INFO - Started process (PID=11058) to work on /home/steve/.local/lib/python3.8/site-packages/airflow/example_dags/example_trigger_controller_dag.py
[2022-11-08T20:34:12.529+0900] {processor.py:758} INFO - Processing file /home/steve/.local/lib/python3.8/site-packages/airflow/example_dags/example_trigger_controller_dag.py for tasks to queue
[2022-11-08T20:34:12.530+0900] {logging_mixin.py:117} INFO - [2022-11-08T20:34:12.530+0900] {dagbag.py:525} INFO - Filling up the DagBag from /home/steve/.local/lib/python3.8/site-packages/airflow/example_dags/example_trigger_controller_dag.py
[2022-11-08T20:34:12.536+0900] {processor.py:768} INFO - DAG(s) dict_keys(['example_trigger_controller_dag']) retrieved from /home/steve/.local/lib/python3.8/site-packages/airflow/example_dags/example_trigger_controller_dag.py
[2022-11-08T20:34:12.550+0900] {logging_mixin.py:117} INFO - [2022-11-08T20:34:12.550+0900] {dag.py:2573} INFO - Sync 1 DAGs
[2022-11-08T20:34:12.560+0900] {logging_mixin.py:117} INFO - [2022-11-08T20:34:12.560+0900] {dag.py:3324} INFO - Setting next_dagrun for example_trigger_controller_dag to 2021-01-01T00:00:00+00:00, run_after=2021-01-01T00:00:00+00:00
[2022-11-08T20:34:12.583+0900] {processor.py:178} INFO - Processing /home/steve/.local/lib/python3.8/site-packages/airflow/example_dags/example_trigger_controller_dag.py took 0.057 seconds
[2022-11-08T20:34:45.950+0900] {processor.py:156} INFO - Started process (PID=11092) to work on /home/steve/.local/lib/python3.8/site-packages/airflow/example_dags/example_trigger_controller_dag.py
[2022-11-08T20:34:45.952+0900] {processor.py:758} INFO - Processing file /home/steve/.local/lib/python3.8/site-packages/airflow/example_dags/example_trigger_controller_dag.py for tasks to queue
[2022-11-08T20:34:45.953+0900] {logging_mixin.py:117} INFO - [2022-11-08T20:34:45.953+0900] {dagbag.py:525} INFO - Filling up the DagBag from /home/steve/.local/lib/python3.8/site-packages/airflow/example_dags/example_trigger_controller_dag.py
[2022-11-08T20:34:45.959+0900] {processor.py:768} INFO - DAG(s) dict_keys(['example_trigger_controller_dag']) retrieved from /home/steve/.local/lib/python3.8/site-packages/airflow/example_dags/example_trigger_controller_dag.py
[2022-11-08T20:34:45.975+0900] {logging_mixin.py:117} INFO - [2022-11-08T20:34:45.975+0900] {dag.py:2573} INFO - Sync 1 DAGs
[2022-11-08T20:34:45.986+0900] {logging_mixin.py:117} INFO - [2022-11-08T20:34:45.986+0900] {dag.py:3324} INFO - Setting next_dagrun for example_trigger_controller_dag to 2021-01-01T00:00:00+00:00, run_after=2021-01-01T00:00:00+00:00
[2022-11-08T20:34:46.001+0900] {processor.py:178} INFO - Processing /home/steve/.local/lib/python3.8/site-packages/airflow/example_dags/example_trigger_controller_dag.py took 0.053 seconds
[2022-11-08T20:35:20.350+0900] {processor.py:156} INFO - Started process (PID=11128) to work on /home/steve/.local/lib/python3.8/site-packages/airflow/example_dags/example_trigger_controller_dag.py
[2022-11-08T20:35:20.352+0900] {processor.py:758} INFO - Processing file /home/steve/.local/lib/python3.8/site-packages/airflow/example_dags/example_trigger_controller_dag.py for tasks to queue
[2022-11-08T20:35:20.353+0900] {logging_mixin.py:117} INFO - [2022-11-08T20:35:20.353+0900] {dagbag.py:525} INFO - Filling up the DagBag from /home/steve/.local/lib/python3.8/site-packages/airflow/example_dags/example_trigger_controller_dag.py
[2022-11-08T20:35:20.359+0900] {processor.py:768} INFO - DAG(s) dict_keys(['example_trigger_controller_dag']) retrieved from /home/steve/.local/lib/python3.8/site-packages/airflow/example_dags/example_trigger_controller_dag.py
[2022-11-08T20:35:20.374+0900] {logging_mixin.py:117} INFO - [2022-11-08T20:35:20.373+0900] {dag.py:2573} INFO - Sync 1 DAGs
[2022-11-08T20:35:20.383+0900] {logging_mixin.py:117} INFO - [2022-11-08T20:35:20.383+0900] {dag.py:3324} INFO - Setting next_dagrun for example_trigger_controller_dag to 2021-01-01T00:00:00+00:00, run_after=2021-01-01T00:00:00+00:00
[2022-11-08T20:35:20.398+0900] {processor.py:178} INFO - Processing /home/steve/.local/lib/python3.8/site-packages/airflow/example_dags/example_trigger_controller_dag.py took 0.050 seconds
[2022-11-08T20:35:55.194+0900] {processor.py:156} INFO - Started process (PID=11164) to work on /home/steve/.local/lib/python3.8/site-packages/airflow/example_dags/example_trigger_controller_dag.py
[2022-11-08T20:35:55.196+0900] {processor.py:758} INFO - Processing file /home/steve/.local/lib/python3.8/site-packages/airflow/example_dags/example_trigger_controller_dag.py for tasks to queue
[2022-11-08T20:35:55.197+0900] {logging_mixin.py:117} INFO - [2022-11-08T20:35:55.197+0900] {dagbag.py:525} INFO - Filling up the DagBag from /home/steve/.local/lib/python3.8/site-packages/airflow/example_dags/example_trigger_controller_dag.py
[2022-11-08T20:35:55.204+0900] {processor.py:768} INFO - DAG(s) dict_keys(['example_trigger_controller_dag']) retrieved from /home/steve/.local/lib/python3.8/site-packages/airflow/example_dags/example_trigger_controller_dag.py
[2022-11-08T20:35:55.221+0900] {logging_mixin.py:117} INFO - [2022-11-08T20:35:55.221+0900] {dag.py:2573} INFO - Sync 1 DAGs
[2022-11-08T20:35:55.231+0900] {logging_mixin.py:117} INFO - [2022-11-08T20:35:55.231+0900] {dag.py:3324} INFO - Setting next_dagrun for example_trigger_controller_dag to 2021-01-01T00:00:00+00:00, run_after=2021-01-01T00:00:00+00:00
[2022-11-08T20:35:55.251+0900] {processor.py:178} INFO - Processing /home/steve/.local/lib/python3.8/site-packages/airflow/example_dags/example_trigger_controller_dag.py took 0.058 seconds
[2022-11-08T20:36:28.781+0900] {processor.py:156} INFO - Started process (PID=11199) to work on /home/steve/.local/lib/python3.8/site-packages/airflow/example_dags/example_trigger_controller_dag.py
[2022-11-08T20:36:28.784+0900] {processor.py:758} INFO - Processing file /home/steve/.local/lib/python3.8/site-packages/airflow/example_dags/example_trigger_controller_dag.py for tasks to queue
[2022-11-08T20:36:28.784+0900] {logging_mixin.py:117} INFO - [2022-11-08T20:36:28.784+0900] {dagbag.py:525} INFO - Filling up the DagBag from /home/steve/.local/lib/python3.8/site-packages/airflow/example_dags/example_trigger_controller_dag.py
[2022-11-08T20:36:28.791+0900] {processor.py:768} INFO - DAG(s) dict_keys(['example_trigger_controller_dag']) retrieved from /home/steve/.local/lib/python3.8/site-packages/airflow/example_dags/example_trigger_controller_dag.py
[2022-11-08T20:36:28.807+0900] {logging_mixin.py:117} INFO - [2022-11-08T20:36:28.807+0900] {dag.py:2573} INFO - Sync 1 DAGs
[2022-11-08T20:36:28.817+0900] {logging_mixin.py:117} INFO - [2022-11-08T20:36:28.817+0900] {dag.py:3324} INFO - Setting next_dagrun for example_trigger_controller_dag to 2021-01-01T00:00:00+00:00, run_after=2021-01-01T00:00:00+00:00
[2022-11-08T20:36:28.833+0900] {processor.py:178} INFO - Processing /home/steve/.local/lib/python3.8/site-packages/airflow/example_dags/example_trigger_controller_dag.py took 0.054 seconds
[2022-11-08T20:36:59.695+0900] {processor.py:156} INFO - Started process (PID=11259) to work on /home/steve/.local/lib/python3.8/site-packages/airflow/example_dags/example_trigger_controller_dag.py
[2022-11-08T20:36:59.695+0900] {processor.py:758} INFO - Processing file /home/steve/.local/lib/python3.8/site-packages/airflow/example_dags/example_trigger_controller_dag.py for tasks to queue
[2022-11-08T20:36:59.695+0900] {logging_mixin.py:117} INFO - [2022-11-08T20:36:59.695+0900] {dagbag.py:525} INFO - Filling up the DagBag from /home/steve/.local/lib/python3.8/site-packages/airflow/example_dags/example_trigger_controller_dag.py
[2022-11-08T20:36:59.701+0900] {processor.py:768} INFO - DAG(s) dict_keys(['example_trigger_controller_dag']) retrieved from /home/steve/.local/lib/python3.8/site-packages/airflow/example_dags/example_trigger_controller_dag.py
[2022-11-08T20:36:59.716+0900] {logging_mixin.py:117} INFO - [2022-11-08T20:36:59.716+0900] {dag.py:2573} INFO - Sync 1 DAGs
[2022-11-08T20:36:59.725+0900] {logging_mixin.py:117} INFO - [2022-11-08T20:36:59.725+0900] {dag.py:3324} INFO - Setting next_dagrun for example_trigger_controller_dag to 2021-01-01T00:00:00+00:00, run_after=2021-01-01T00:00:00+00:00
[2022-11-08T20:36:59.741+0900] {processor.py:178} INFO - Processing /home/steve/.local/lib/python3.8/site-packages/airflow/example_dags/example_trigger_controller_dag.py took 0.048 seconds
[2022-11-08T20:37:30.609+0900] {processor.py:156} INFO - Started process (PID=11292) to work on /home/steve/.local/lib/python3.8/site-packages/airflow/example_dags/example_trigger_controller_dag.py
[2022-11-08T20:37:30.610+0900] {processor.py:758} INFO - Processing file /home/steve/.local/lib/python3.8/site-packages/airflow/example_dags/example_trigger_controller_dag.py for tasks to queue
[2022-11-08T20:37:30.610+0900] {logging_mixin.py:117} INFO - [2022-11-08T20:37:30.610+0900] {dagbag.py:525} INFO - Filling up the DagBag from /home/steve/.local/lib/python3.8/site-packages/airflow/example_dags/example_trigger_controller_dag.py
[2022-11-08T20:37:30.617+0900] {processor.py:768} INFO - DAG(s) dict_keys(['example_trigger_controller_dag']) retrieved from /home/steve/.local/lib/python3.8/site-packages/airflow/example_dags/example_trigger_controller_dag.py
[2022-11-08T20:37:30.632+0900] {logging_mixin.py:117} INFO - [2022-11-08T20:37:30.632+0900] {dag.py:2573} INFO - Sync 1 DAGs
[2022-11-08T20:37:30.642+0900] {logging_mixin.py:117} INFO - [2022-11-08T20:37:30.642+0900] {dag.py:3324} INFO - Setting next_dagrun for example_trigger_controller_dag to 2021-01-01T00:00:00+00:00, run_after=2021-01-01T00:00:00+00:00
[2022-11-08T20:37:30.659+0900] {processor.py:178} INFO - Processing /home/steve/.local/lib/python3.8/site-packages/airflow/example_dags/example_trigger_controller_dag.py took 0.051 seconds
[2022-11-08T20:38:01.428+0900] {processor.py:156} INFO - Started process (PID=11326) to work on /home/steve/.local/lib/python3.8/site-packages/airflow/example_dags/example_trigger_controller_dag.py
[2022-11-08T20:38:01.429+0900] {processor.py:758} INFO - Processing file /home/steve/.local/lib/python3.8/site-packages/airflow/example_dags/example_trigger_controller_dag.py for tasks to queue
[2022-11-08T20:38:01.429+0900] {logging_mixin.py:117} INFO - [2022-11-08T20:38:01.429+0900] {dagbag.py:525} INFO - Filling up the DagBag from /home/steve/.local/lib/python3.8/site-packages/airflow/example_dags/example_trigger_controller_dag.py
[2022-11-08T20:38:01.435+0900] {processor.py:768} INFO - DAG(s) dict_keys(['example_trigger_controller_dag']) retrieved from /home/steve/.local/lib/python3.8/site-packages/airflow/example_dags/example_trigger_controller_dag.py
[2022-11-08T20:38:01.450+0900] {logging_mixin.py:117} INFO - [2022-11-08T20:38:01.450+0900] {dag.py:2573} INFO - Sync 1 DAGs
[2022-11-08T20:38:01.460+0900] {logging_mixin.py:117} INFO - [2022-11-08T20:38:01.460+0900] {dag.py:3324} INFO - Setting next_dagrun for example_trigger_controller_dag to 2021-01-01T00:00:00+00:00, run_after=2021-01-01T00:00:00+00:00
[2022-11-08T20:38:01.476+0900] {processor.py:178} INFO - Processing /home/steve/.local/lib/python3.8/site-packages/airflow/example_dags/example_trigger_controller_dag.py took 0.049 seconds
[2022-11-08T20:38:34.610+0900] {processor.py:156} INFO - Started process (PID=11360) to work on /home/steve/.local/lib/python3.8/site-packages/airflow/example_dags/example_trigger_controller_dag.py
[2022-11-08T20:38:34.613+0900] {processor.py:758} INFO - Processing file /home/steve/.local/lib/python3.8/site-packages/airflow/example_dags/example_trigger_controller_dag.py for tasks to queue
[2022-11-08T20:38:34.613+0900] {logging_mixin.py:117} INFO - [2022-11-08T20:38:34.613+0900] {dagbag.py:525} INFO - Filling up the DagBag from /home/steve/.local/lib/python3.8/site-packages/airflow/example_dags/example_trigger_controller_dag.py
[2022-11-08T20:38:34.619+0900] {processor.py:768} INFO - DAG(s) dict_keys(['example_trigger_controller_dag']) retrieved from /home/steve/.local/lib/python3.8/site-packages/airflow/example_dags/example_trigger_controller_dag.py
[2022-11-08T20:38:34.634+0900] {logging_mixin.py:117} INFO - [2022-11-08T20:38:34.634+0900] {dag.py:2573} INFO - Sync 1 DAGs
[2022-11-08T20:38:34.644+0900] {logging_mixin.py:117} INFO - [2022-11-08T20:38:34.644+0900] {dag.py:3324} INFO - Setting next_dagrun for example_trigger_controller_dag to 2021-01-01T00:00:00+00:00, run_after=2021-01-01T00:00:00+00:00
[2022-11-08T20:38:34.660+0900] {processor.py:178} INFO - Processing /home/steve/.local/lib/python3.8/site-packages/airflow/example_dags/example_trigger_controller_dag.py took 0.052 seconds
[2022-11-08T20:39:07.748+0900] {processor.py:156} INFO - Started process (PID=11395) to work on /home/steve/.local/lib/python3.8/site-packages/airflow/example_dags/example_trigger_controller_dag.py
[2022-11-08T20:39:07.748+0900] {processor.py:758} INFO - Processing file /home/steve/.local/lib/python3.8/site-packages/airflow/example_dags/example_trigger_controller_dag.py for tasks to queue
[2022-11-08T20:39:07.748+0900] {logging_mixin.py:117} INFO - [2022-11-08T20:39:07.748+0900] {dagbag.py:525} INFO - Filling up the DagBag from /home/steve/.local/lib/python3.8/site-packages/airflow/example_dags/example_trigger_controller_dag.py
[2022-11-08T20:39:07.754+0900] {processor.py:768} INFO - DAG(s) dict_keys(['example_trigger_controller_dag']) retrieved from /home/steve/.local/lib/python3.8/site-packages/airflow/example_dags/example_trigger_controller_dag.py
[2022-11-08T20:39:07.769+0900] {logging_mixin.py:117} INFO - [2022-11-08T20:39:07.769+0900] {dag.py:2573} INFO - Sync 1 DAGs
[2022-11-08T20:39:07.779+0900] {logging_mixin.py:117} INFO - [2022-11-08T20:39:07.778+0900] {dag.py:3324} INFO - Setting next_dagrun for example_trigger_controller_dag to 2021-01-01T00:00:00+00:00, run_after=2021-01-01T00:00:00+00:00
[2022-11-08T20:39:07.796+0900] {processor.py:178} INFO - Processing /home/steve/.local/lib/python3.8/site-packages/airflow/example_dags/example_trigger_controller_dag.py took 0.050 seconds
[2022-11-08T20:39:44.332+0900] {processor.py:156} INFO - Started process (PID=11432) to work on /home/steve/.local/lib/python3.8/site-packages/airflow/example_dags/example_trigger_controller_dag.py
[2022-11-08T20:39:44.334+0900] {processor.py:758} INFO - Processing file /home/steve/.local/lib/python3.8/site-packages/airflow/example_dags/example_trigger_controller_dag.py for tasks to queue
[2022-11-08T20:39:44.334+0900] {logging_mixin.py:117} INFO - [2022-11-08T20:39:44.334+0900] {dagbag.py:525} INFO - Filling up the DagBag from /home/steve/.local/lib/python3.8/site-packages/airflow/example_dags/example_trigger_controller_dag.py
[2022-11-08T20:39:44.340+0900] {processor.py:768} INFO - DAG(s) dict_keys(['example_trigger_controller_dag']) retrieved from /home/steve/.local/lib/python3.8/site-packages/airflow/example_dags/example_trigger_controller_dag.py
[2022-11-08T20:39:44.356+0900] {logging_mixin.py:117} INFO - [2022-11-08T20:39:44.355+0900] {dag.py:2573} INFO - Sync 1 DAGs
[2022-11-08T20:39:44.365+0900] {logging_mixin.py:117} INFO - [2022-11-08T20:39:44.365+0900] {dag.py:3324} INFO - Setting next_dagrun for example_trigger_controller_dag to 2021-01-01T00:00:00+00:00, run_after=2021-01-01T00:00:00+00:00
[2022-11-08T20:39:44.380+0900] {processor.py:178} INFO - Processing /home/steve/.local/lib/python3.8/site-packages/airflow/example_dags/example_trigger_controller_dag.py took 0.049 seconds
[2022-11-08T20:40:19.751+0900] {processor.py:156} INFO - Started process (PID=11467) to work on /home/steve/.local/lib/python3.8/site-packages/airflow/example_dags/example_trigger_controller_dag.py
[2022-11-08T20:40:19.752+0900] {processor.py:758} INFO - Processing file /home/steve/.local/lib/python3.8/site-packages/airflow/example_dags/example_trigger_controller_dag.py for tasks to queue
[2022-11-08T20:40:19.752+0900] {logging_mixin.py:117} INFO - [2022-11-08T20:40:19.752+0900] {dagbag.py:525} INFO - Filling up the DagBag from /home/steve/.local/lib/python3.8/site-packages/airflow/example_dags/example_trigger_controller_dag.py
[2022-11-08T20:40:19.758+0900] {processor.py:768} INFO - DAG(s) dict_keys(['example_trigger_controller_dag']) retrieved from /home/steve/.local/lib/python3.8/site-packages/airflow/example_dags/example_trigger_controller_dag.py
[2022-11-08T20:40:19.773+0900] {logging_mixin.py:117} INFO - [2022-11-08T20:40:19.773+0900] {dag.py:2573} INFO - Sync 1 DAGs
[2022-11-08T20:40:19.782+0900] {logging_mixin.py:117} INFO - [2022-11-08T20:40:19.782+0900] {dag.py:3324} INFO - Setting next_dagrun for example_trigger_controller_dag to 2021-01-01T00:00:00+00:00, run_after=2021-01-01T00:00:00+00:00
[2022-11-08T20:40:19.798+0900] {processor.py:178} INFO - Processing /home/steve/.local/lib/python3.8/site-packages/airflow/example_dags/example_trigger_controller_dag.py took 0.048 seconds
[2022-11-08T20:40:52.752+0900] {processor.py:156} INFO - Started process (PID=11503) to work on /home/steve/.local/lib/python3.8/site-packages/airflow/example_dags/example_trigger_controller_dag.py
[2022-11-08T20:40:52.753+0900] {processor.py:758} INFO - Processing file /home/steve/.local/lib/python3.8/site-packages/airflow/example_dags/example_trigger_controller_dag.py for tasks to queue
[2022-11-08T20:40:52.754+0900] {logging_mixin.py:117} INFO - [2022-11-08T20:40:52.754+0900] {dagbag.py:525} INFO - Filling up the DagBag from /home/steve/.local/lib/python3.8/site-packages/airflow/example_dags/example_trigger_controller_dag.py
[2022-11-08T20:40:52.760+0900] {processor.py:768} INFO - DAG(s) dict_keys(['example_trigger_controller_dag']) retrieved from /home/steve/.local/lib/python3.8/site-packages/airflow/example_dags/example_trigger_controller_dag.py
[2022-11-08T20:40:52.775+0900] {logging_mixin.py:117} INFO - [2022-11-08T20:40:52.775+0900] {dag.py:2573} INFO - Sync 1 DAGs
[2022-11-08T20:40:52.785+0900] {logging_mixin.py:117} INFO - [2022-11-08T20:40:52.785+0900] {dag.py:3324} INFO - Setting next_dagrun for example_trigger_controller_dag to 2021-01-01T00:00:00+00:00, run_after=2021-01-01T00:00:00+00:00
[2022-11-08T20:40:52.801+0900] {processor.py:178} INFO - Processing /home/steve/.local/lib/python3.8/site-packages/airflow/example_dags/example_trigger_controller_dag.py took 0.051 seconds
[2022-11-08T20:41:26.129+0900] {processor.py:156} INFO - Started process (PID=11537) to work on /home/steve/.local/lib/python3.8/site-packages/airflow/example_dags/example_trigger_controller_dag.py
[2022-11-08T20:41:26.129+0900] {processor.py:758} INFO - Processing file /home/steve/.local/lib/python3.8/site-packages/airflow/example_dags/example_trigger_controller_dag.py for tasks to queue
[2022-11-08T20:41:26.130+0900] {logging_mixin.py:117} INFO - [2022-11-08T20:41:26.130+0900] {dagbag.py:525} INFO - Filling up the DagBag from /home/steve/.local/lib/python3.8/site-packages/airflow/example_dags/example_trigger_controller_dag.py
[2022-11-08T20:41:26.136+0900] {processor.py:768} INFO - DAG(s) dict_keys(['example_trigger_controller_dag']) retrieved from /home/steve/.local/lib/python3.8/site-packages/airflow/example_dags/example_trigger_controller_dag.py
[2022-11-08T20:41:26.151+0900] {logging_mixin.py:117} INFO - [2022-11-08T20:41:26.151+0900] {dag.py:2573} INFO - Sync 1 DAGs
[2022-11-08T20:41:26.162+0900] {logging_mixin.py:117} INFO - [2022-11-08T20:41:26.162+0900] {dag.py:3324} INFO - Setting next_dagrun for example_trigger_controller_dag to 2021-01-01T00:00:00+00:00, run_after=2021-01-01T00:00:00+00:00
[2022-11-08T20:41:26.178+0900] {processor.py:178} INFO - Processing /home/steve/.local/lib/python3.8/site-packages/airflow/example_dags/example_trigger_controller_dag.py took 0.051 seconds
[2022-11-08T20:42:00.583+0900] {processor.py:156} INFO - Started process (PID=11602) to work on /home/steve/.local/lib/python3.8/site-packages/airflow/example_dags/example_trigger_controller_dag.py
[2022-11-08T20:42:00.584+0900] {processor.py:758} INFO - Processing file /home/steve/.local/lib/python3.8/site-packages/airflow/example_dags/example_trigger_controller_dag.py for tasks to queue
[2022-11-08T20:42:00.585+0900] {logging_mixin.py:117} INFO - [2022-11-08T20:42:00.584+0900] {dagbag.py:525} INFO - Filling up the DagBag from /home/steve/.local/lib/python3.8/site-packages/airflow/example_dags/example_trigger_controller_dag.py
[2022-11-08T20:42:00.592+0900] {processor.py:768} INFO - DAG(s) dict_keys(['example_trigger_controller_dag']) retrieved from /home/steve/.local/lib/python3.8/site-packages/airflow/example_dags/example_trigger_controller_dag.py
[2022-11-08T20:42:00.609+0900] {logging_mixin.py:117} INFO - [2022-11-08T20:42:00.609+0900] {dag.py:2573} INFO - Sync 1 DAGs
[2022-11-08T20:42:00.621+0900] {logging_mixin.py:117} INFO - [2022-11-08T20:42:00.621+0900] {dag.py:3324} INFO - Setting next_dagrun for example_trigger_controller_dag to 2021-01-01T00:00:00+00:00, run_after=2021-01-01T00:00:00+00:00
[2022-11-08T20:42:00.638+0900] {processor.py:178} INFO - Processing /home/steve/.local/lib/python3.8/site-packages/airflow/example_dags/example_trigger_controller_dag.py took 0.058 seconds
[2022-11-08T20:42:33.123+0900] {processor.py:156} INFO - Started process (PID=11635) to work on /home/steve/.local/lib/python3.8/site-packages/airflow/example_dags/example_trigger_controller_dag.py
[2022-11-08T20:42:33.125+0900] {processor.py:758} INFO - Processing file /home/steve/.local/lib/python3.8/site-packages/airflow/example_dags/example_trigger_controller_dag.py for tasks to queue
[2022-11-08T20:42:33.125+0900] {logging_mixin.py:117} INFO - [2022-11-08T20:42:33.125+0900] {dagbag.py:525} INFO - Filling up the DagBag from /home/steve/.local/lib/python3.8/site-packages/airflow/example_dags/example_trigger_controller_dag.py
[2022-11-08T20:42:33.132+0900] {processor.py:768} INFO - DAG(s) dict_keys(['example_trigger_controller_dag']) retrieved from /home/steve/.local/lib/python3.8/site-packages/airflow/example_dags/example_trigger_controller_dag.py
[2022-11-08T20:42:33.147+0900] {logging_mixin.py:117} INFO - [2022-11-08T20:42:33.147+0900] {dag.py:2573} INFO - Sync 1 DAGs
[2022-11-08T20:42:33.156+0900] {logging_mixin.py:117} INFO - [2022-11-08T20:42:33.156+0900] {dag.py:3324} INFO - Setting next_dagrun for example_trigger_controller_dag to 2021-01-01T00:00:00+00:00, run_after=2021-01-01T00:00:00+00:00
[2022-11-08T20:42:33.172+0900] {processor.py:178} INFO - Processing /home/steve/.local/lib/python3.8/site-packages/airflow/example_dags/example_trigger_controller_dag.py took 0.050 seconds
[2022-11-08T20:43:09.501+0900] {processor.py:156} INFO - Started process (PID=11673) to work on /home/steve/.local/lib/python3.8/site-packages/airflow/example_dags/example_trigger_controller_dag.py
[2022-11-08T20:43:09.502+0900] {processor.py:758} INFO - Processing file /home/steve/.local/lib/python3.8/site-packages/airflow/example_dags/example_trigger_controller_dag.py for tasks to queue
[2022-11-08T20:43:09.502+0900] {logging_mixin.py:117} INFO - [2022-11-08T20:43:09.502+0900] {dagbag.py:525} INFO - Filling up the DagBag from /home/steve/.local/lib/python3.8/site-packages/airflow/example_dags/example_trigger_controller_dag.py
[2022-11-08T20:43:09.509+0900] {processor.py:768} INFO - DAG(s) dict_keys(['example_trigger_controller_dag']) retrieved from /home/steve/.local/lib/python3.8/site-packages/airflow/example_dags/example_trigger_controller_dag.py
[2022-11-08T20:43:09.525+0900] {logging_mixin.py:117} INFO - [2022-11-08T20:43:09.525+0900] {dag.py:2573} INFO - Sync 1 DAGs
[2022-11-08T20:43:09.537+0900] {logging_mixin.py:117} INFO - [2022-11-08T20:43:09.537+0900] {dag.py:3324} INFO - Setting next_dagrun for example_trigger_controller_dag to 2021-01-01T00:00:00+00:00, run_after=2021-01-01T00:00:00+00:00
[2022-11-08T20:43:09.552+0900] {processor.py:178} INFO - Processing /home/steve/.local/lib/python3.8/site-packages/airflow/example_dags/example_trigger_controller_dag.py took 0.053 seconds
[2022-11-08T20:43:45.832+0900] {processor.py:156} INFO - Started process (PID=11711) to work on /home/steve/.local/lib/python3.8/site-packages/airflow/example_dags/example_trigger_controller_dag.py
[2022-11-08T20:43:45.833+0900] {processor.py:758} INFO - Processing file /home/steve/.local/lib/python3.8/site-packages/airflow/example_dags/example_trigger_controller_dag.py for tasks to queue
[2022-11-08T20:43:45.834+0900] {logging_mixin.py:117} INFO - [2022-11-08T20:43:45.834+0900] {dagbag.py:525} INFO - Filling up the DagBag from /home/steve/.local/lib/python3.8/site-packages/airflow/example_dags/example_trigger_controller_dag.py
[2022-11-08T20:43:45.840+0900] {processor.py:768} INFO - DAG(s) dict_keys(['example_trigger_controller_dag']) retrieved from /home/steve/.local/lib/python3.8/site-packages/airflow/example_dags/example_trigger_controller_dag.py
[2022-11-08T20:43:45.855+0900] {logging_mixin.py:117} INFO - [2022-11-08T20:43:45.854+0900] {dag.py:2573} INFO - Sync 1 DAGs
[2022-11-08T20:43:45.864+0900] {logging_mixin.py:117} INFO - [2022-11-08T20:43:45.864+0900] {dag.py:3324} INFO - Setting next_dagrun for example_trigger_controller_dag to 2021-01-01T00:00:00+00:00, run_after=2021-01-01T00:00:00+00:00
[2022-11-08T20:43:45.880+0900] {processor.py:178} INFO - Processing /home/steve/.local/lib/python3.8/site-packages/airflow/example_dags/example_trigger_controller_dag.py took 0.049 seconds
[2022-11-08T20:44:18.730+0900] {processor.py:156} INFO - Started process (PID=11746) to work on /home/steve/.local/lib/python3.8/site-packages/airflow/example_dags/example_trigger_controller_dag.py
[2022-11-08T20:44:18.732+0900] {processor.py:758} INFO - Processing file /home/steve/.local/lib/python3.8/site-packages/airflow/example_dags/example_trigger_controller_dag.py for tasks to queue
[2022-11-08T20:44:18.733+0900] {logging_mixin.py:117} INFO - [2022-11-08T20:44:18.732+0900] {dagbag.py:525} INFO - Filling up the DagBag from /home/steve/.local/lib/python3.8/site-packages/airflow/example_dags/example_trigger_controller_dag.py
[2022-11-08T20:44:18.739+0900] {processor.py:768} INFO - DAG(s) dict_keys(['example_trigger_controller_dag']) retrieved from /home/steve/.local/lib/python3.8/site-packages/airflow/example_dags/example_trigger_controller_dag.py
[2022-11-08T20:44:18.758+0900] {logging_mixin.py:117} INFO - [2022-11-08T20:44:18.758+0900] {dag.py:2573} INFO - Sync 1 DAGs
[2022-11-08T20:44:18.768+0900] {logging_mixin.py:117} INFO - [2022-11-08T20:44:18.768+0900] {dag.py:3324} INFO - Setting next_dagrun for example_trigger_controller_dag to 2021-01-01T00:00:00+00:00, run_after=2021-01-01T00:00:00+00:00
[2022-11-08T20:44:18.787+0900] {processor.py:178} INFO - Processing /home/steve/.local/lib/python3.8/site-packages/airflow/example_dags/example_trigger_controller_dag.py took 0.059 seconds
[2022-11-08T20:44:51.930+0900] {processor.py:156} INFO - Started process (PID=11781) to work on /home/steve/.local/lib/python3.8/site-packages/airflow/example_dags/example_trigger_controller_dag.py
[2022-11-08T20:44:51.931+0900] {processor.py:758} INFO - Processing file /home/steve/.local/lib/python3.8/site-packages/airflow/example_dags/example_trigger_controller_dag.py for tasks to queue
[2022-11-08T20:44:51.931+0900] {logging_mixin.py:117} INFO - [2022-11-08T20:44:51.931+0900] {dagbag.py:525} INFO - Filling up the DagBag from /home/steve/.local/lib/python3.8/site-packages/airflow/example_dags/example_trigger_controller_dag.py
[2022-11-08T20:44:51.937+0900] {processor.py:768} INFO - DAG(s) dict_keys(['example_trigger_controller_dag']) retrieved from /home/steve/.local/lib/python3.8/site-packages/airflow/example_dags/example_trigger_controller_dag.py
[2022-11-08T20:44:51.954+0900] {logging_mixin.py:117} INFO - [2022-11-08T20:44:51.954+0900] {dag.py:2573} INFO - Sync 1 DAGs
[2022-11-08T20:44:51.966+0900] {logging_mixin.py:117} INFO - [2022-11-08T20:44:51.965+0900] {dag.py:3324} INFO - Setting next_dagrun for example_trigger_controller_dag to 2021-01-01T00:00:00+00:00, run_after=2021-01-01T00:00:00+00:00
[2022-11-08T20:44:51.981+0900] {processor.py:178} INFO - Processing /home/steve/.local/lib/python3.8/site-packages/airflow/example_dags/example_trigger_controller_dag.py took 0.053 seconds
[2022-11-08T20:45:28.242+0900] {processor.py:156} INFO - Started process (PID=11817) to work on /home/steve/.local/lib/python3.8/site-packages/airflow/example_dags/example_trigger_controller_dag.py
[2022-11-08T20:45:28.244+0900] {processor.py:758} INFO - Processing file /home/steve/.local/lib/python3.8/site-packages/airflow/example_dags/example_trigger_controller_dag.py for tasks to queue
[2022-11-08T20:45:28.245+0900] {logging_mixin.py:117} INFO - [2022-11-08T20:45:28.245+0900] {dagbag.py:525} INFO - Filling up the DagBag from /home/steve/.local/lib/python3.8/site-packages/airflow/example_dags/example_trigger_controller_dag.py
[2022-11-08T20:45:28.251+0900] {processor.py:768} INFO - DAG(s) dict_keys(['example_trigger_controller_dag']) retrieved from /home/steve/.local/lib/python3.8/site-packages/airflow/example_dags/example_trigger_controller_dag.py
[2022-11-08T20:45:28.265+0900] {logging_mixin.py:117} INFO - [2022-11-08T20:45:28.265+0900] {dag.py:2573} INFO - Sync 1 DAGs
[2022-11-08T20:45:28.275+0900] {logging_mixin.py:117} INFO - [2022-11-08T20:45:28.275+0900] {dag.py:3324} INFO - Setting next_dagrun for example_trigger_controller_dag to 2021-01-01T00:00:00+00:00, run_after=2021-01-01T00:00:00+00:00
[2022-11-08T20:45:28.292+0900] {processor.py:178} INFO - Processing /home/steve/.local/lib/python3.8/site-packages/airflow/example_dags/example_trigger_controller_dag.py took 0.052 seconds
[2022-11-08T20:46:02.661+0900] {processor.py:156} INFO - Started process (PID=11853) to work on /home/steve/.local/lib/python3.8/site-packages/airflow/example_dags/example_trigger_controller_dag.py
[2022-11-08T20:46:02.663+0900] {processor.py:758} INFO - Processing file /home/steve/.local/lib/python3.8/site-packages/airflow/example_dags/example_trigger_controller_dag.py for tasks to queue
[2022-11-08T20:46:02.663+0900] {logging_mixin.py:117} INFO - [2022-11-08T20:46:02.663+0900] {dagbag.py:525} INFO - Filling up the DagBag from /home/steve/.local/lib/python3.8/site-packages/airflow/example_dags/example_trigger_controller_dag.py
[2022-11-08T20:46:02.672+0900] {processor.py:768} INFO - DAG(s) dict_keys(['example_trigger_controller_dag']) retrieved from /home/steve/.local/lib/python3.8/site-packages/airflow/example_dags/example_trigger_controller_dag.py
[2022-11-08T20:46:02.694+0900] {logging_mixin.py:117} INFO - [2022-11-08T20:46:02.693+0900] {dag.py:2573} INFO - Sync 1 DAGs
[2022-11-08T20:46:02.706+0900] {logging_mixin.py:117} INFO - [2022-11-08T20:46:02.706+0900] {dag.py:3324} INFO - Setting next_dagrun for example_trigger_controller_dag to 2021-01-01T00:00:00+00:00, run_after=2021-01-01T00:00:00+00:00
[2022-11-08T20:46:02.723+0900] {processor.py:178} INFO - Processing /home/steve/.local/lib/python3.8/site-packages/airflow/example_dags/example_trigger_controller_dag.py took 0.064 seconds
[2022-11-08T20:46:36.407+0900] {processor.py:156} INFO - Started process (PID=11886) to work on /home/steve/.local/lib/python3.8/site-packages/airflow/example_dags/example_trigger_controller_dag.py
[2022-11-08T20:46:36.410+0900] {processor.py:758} INFO - Processing file /home/steve/.local/lib/python3.8/site-packages/airflow/example_dags/example_trigger_controller_dag.py for tasks to queue
[2022-11-08T20:46:36.410+0900] {logging_mixin.py:117} INFO - [2022-11-08T20:46:36.410+0900] {dagbag.py:525} INFO - Filling up the DagBag from /home/steve/.local/lib/python3.8/site-packages/airflow/example_dags/example_trigger_controller_dag.py
[2022-11-08T20:46:36.417+0900] {processor.py:768} INFO - DAG(s) dict_keys(['example_trigger_controller_dag']) retrieved from /home/steve/.local/lib/python3.8/site-packages/airflow/example_dags/example_trigger_controller_dag.py
[2022-11-08T20:46:36.437+0900] {logging_mixin.py:117} INFO - [2022-11-08T20:46:36.436+0900] {dag.py:2573} INFO - Sync 1 DAGs
[2022-11-08T20:46:36.448+0900] {logging_mixin.py:117} INFO - [2022-11-08T20:46:36.448+0900] {dag.py:3324} INFO - Setting next_dagrun for example_trigger_controller_dag to 2021-01-01T00:00:00+00:00, run_after=2021-01-01T00:00:00+00:00
[2022-11-08T20:46:36.465+0900] {processor.py:178} INFO - Processing /home/steve/.local/lib/python3.8/site-packages/airflow/example_dags/example_trigger_controller_dag.py took 0.059 seconds
[2022-11-08T20:47:08.517+0900] {processor.py:156} INFO - Started process (PID=12033) to work on /home/steve/.local/lib/python3.8/site-packages/airflow/example_dags/example_trigger_controller_dag.py
[2022-11-08T20:47:08.519+0900] {processor.py:758} INFO - Processing file /home/steve/.local/lib/python3.8/site-packages/airflow/example_dags/example_trigger_controller_dag.py for tasks to queue
[2022-11-08T20:47:08.519+0900] {logging_mixin.py:117} INFO - [2022-11-08T20:47:08.519+0900] {dagbag.py:525} INFO - Filling up the DagBag from /home/steve/.local/lib/python3.8/site-packages/airflow/example_dags/example_trigger_controller_dag.py
[2022-11-08T20:47:08.526+0900] {processor.py:768} INFO - DAG(s) dict_keys(['example_trigger_controller_dag']) retrieved from /home/steve/.local/lib/python3.8/site-packages/airflow/example_dags/example_trigger_controller_dag.py
[2022-11-08T20:47:08.543+0900] {logging_mixin.py:117} INFO - [2022-11-08T20:47:08.543+0900] {dag.py:2573} INFO - Sync 1 DAGs
[2022-11-08T20:47:08.554+0900] {logging_mixin.py:117} INFO - [2022-11-08T20:47:08.554+0900] {dag.py:3324} INFO - Setting next_dagrun for example_trigger_controller_dag to 2021-01-01T00:00:00+00:00, run_after=2021-01-01T00:00:00+00:00
[2022-11-08T20:47:08.571+0900] {processor.py:178} INFO - Processing /home/steve/.local/lib/python3.8/site-packages/airflow/example_dags/example_trigger_controller_dag.py took 0.055 seconds
[2022-11-08T20:47:41.156+0900] {processor.py:156} INFO - Started process (PID=12241) to work on /home/steve/.local/lib/python3.8/site-packages/airflow/example_dags/example_trigger_controller_dag.py
[2022-11-08T20:47:41.157+0900] {processor.py:758} INFO - Processing file /home/steve/.local/lib/python3.8/site-packages/airflow/example_dags/example_trigger_controller_dag.py for tasks to queue
[2022-11-08T20:47:41.157+0900] {logging_mixin.py:117} INFO - [2022-11-08T20:47:41.157+0900] {dagbag.py:525} INFO - Filling up the DagBag from /home/steve/.local/lib/python3.8/site-packages/airflow/example_dags/example_trigger_controller_dag.py
[2022-11-08T20:47:41.164+0900] {processor.py:768} INFO - DAG(s) dict_keys(['example_trigger_controller_dag']) retrieved from /home/steve/.local/lib/python3.8/site-packages/airflow/example_dags/example_trigger_controller_dag.py
[2022-11-08T20:47:41.183+0900] {logging_mixin.py:117} INFO - [2022-11-08T20:47:41.183+0900] {dag.py:2573} INFO - Sync 1 DAGs
[2022-11-08T20:47:41.194+0900] {logging_mixin.py:117} INFO - [2022-11-08T20:47:41.194+0900] {dag.py:3324} INFO - Setting next_dagrun for example_trigger_controller_dag to 2021-01-01T00:00:00+00:00, run_after=2021-01-01T00:00:00+00:00
[2022-11-08T20:47:41.210+0900] {processor.py:178} INFO - Processing /home/steve/.local/lib/python3.8/site-packages/airflow/example_dags/example_trigger_controller_dag.py took 0.057 seconds
[2022-11-08T20:48:15.332+0900] {processor.py:156} INFO - Started process (PID=12276) to work on /home/steve/.local/lib/python3.8/site-packages/airflow/example_dags/example_trigger_controller_dag.py
[2022-11-08T20:48:15.334+0900] {processor.py:758} INFO - Processing file /home/steve/.local/lib/python3.8/site-packages/airflow/example_dags/example_trigger_controller_dag.py for tasks to queue
[2022-11-08T20:48:15.334+0900] {logging_mixin.py:117} INFO - [2022-11-08T20:48:15.334+0900] {dagbag.py:525} INFO - Filling up the DagBag from /home/steve/.local/lib/python3.8/site-packages/airflow/example_dags/example_trigger_controller_dag.py
[2022-11-08T20:48:15.342+0900] {processor.py:768} INFO - DAG(s) dict_keys(['example_trigger_controller_dag']) retrieved from /home/steve/.local/lib/python3.8/site-packages/airflow/example_dags/example_trigger_controller_dag.py
[2022-11-08T20:48:15.360+0900] {logging_mixin.py:117} INFO - [2022-11-08T20:48:15.360+0900] {dag.py:2573} INFO - Sync 1 DAGs
[2022-11-08T20:48:15.373+0900] {logging_mixin.py:117} INFO - [2022-11-08T20:48:15.373+0900] {dag.py:3324} INFO - Setting next_dagrun for example_trigger_controller_dag to 2021-01-01T00:00:00+00:00, run_after=2021-01-01T00:00:00+00:00
[2022-11-08T20:48:15.391+0900] {processor.py:178} INFO - Processing /home/steve/.local/lib/python3.8/site-packages/airflow/example_dags/example_trigger_controller_dag.py took 0.062 seconds
[2022-11-08T20:48:51.983+0900] {processor.py:156} INFO - Started process (PID=12313) to work on /home/steve/.local/lib/python3.8/site-packages/airflow/example_dags/example_trigger_controller_dag.py
[2022-11-08T20:48:51.984+0900] {processor.py:758} INFO - Processing file /home/steve/.local/lib/python3.8/site-packages/airflow/example_dags/example_trigger_controller_dag.py for tasks to queue
[2022-11-08T20:48:51.984+0900] {logging_mixin.py:117} INFO - [2022-11-08T20:48:51.984+0900] {dagbag.py:525} INFO - Filling up the DagBag from /home/steve/.local/lib/python3.8/site-packages/airflow/example_dags/example_trigger_controller_dag.py
[2022-11-08T20:48:51.991+0900] {processor.py:768} INFO - DAG(s) dict_keys(['example_trigger_controller_dag']) retrieved from /home/steve/.local/lib/python3.8/site-packages/airflow/example_dags/example_trigger_controller_dag.py
[2022-11-08T20:48:52.007+0900] {logging_mixin.py:117} INFO - [2022-11-08T20:48:52.006+0900] {dag.py:2573} INFO - Sync 1 DAGs
[2022-11-08T20:48:52.017+0900] {logging_mixin.py:117} INFO - [2022-11-08T20:48:52.017+0900] {dag.py:3324} INFO - Setting next_dagrun for example_trigger_controller_dag to 2021-01-01T00:00:00+00:00, run_after=2021-01-01T00:00:00+00:00
[2022-11-08T20:48:52.034+0900] {processor.py:178} INFO - Processing /home/steve/.local/lib/python3.8/site-packages/airflow/example_dags/example_trigger_controller_dag.py took 0.052 seconds
[2022-11-08T20:49:23.461+0900] {processor.py:156} INFO - Started process (PID=12346) to work on /home/steve/.local/lib/python3.8/site-packages/airflow/example_dags/example_trigger_controller_dag.py
[2022-11-08T20:49:23.462+0900] {processor.py:758} INFO - Processing file /home/steve/.local/lib/python3.8/site-packages/airflow/example_dags/example_trigger_controller_dag.py for tasks to queue
[2022-11-08T20:49:23.462+0900] {logging_mixin.py:117} INFO - [2022-11-08T20:49:23.462+0900] {dagbag.py:525} INFO - Filling up the DagBag from /home/steve/.local/lib/python3.8/site-packages/airflow/example_dags/example_trigger_controller_dag.py
[2022-11-08T20:49:23.469+0900] {processor.py:768} INFO - DAG(s) dict_keys(['example_trigger_controller_dag']) retrieved from /home/steve/.local/lib/python3.8/site-packages/airflow/example_dags/example_trigger_controller_dag.py
[2022-11-08T20:49:23.484+0900] {logging_mixin.py:117} INFO - [2022-11-08T20:49:23.484+0900] {dag.py:2573} INFO - Sync 1 DAGs
[2022-11-08T20:49:23.495+0900] {logging_mixin.py:117} INFO - [2022-11-08T20:49:23.494+0900] {dag.py:3324} INFO - Setting next_dagrun for example_trigger_controller_dag to 2021-01-01T00:00:00+00:00, run_after=2021-01-01T00:00:00+00:00
[2022-11-08T20:49:23.524+0900] {processor.py:178} INFO - Processing /home/steve/.local/lib/python3.8/site-packages/airflow/example_dags/example_trigger_controller_dag.py took 0.065 seconds
[2022-11-08T20:49:56.036+0900] {processor.py:156} INFO - Started process (PID=12381) to work on /home/steve/.local/lib/python3.8/site-packages/airflow/example_dags/example_trigger_controller_dag.py
[2022-11-08T20:49:56.037+0900] {processor.py:758} INFO - Processing file /home/steve/.local/lib/python3.8/site-packages/airflow/example_dags/example_trigger_controller_dag.py for tasks to queue
[2022-11-08T20:49:56.037+0900] {logging_mixin.py:117} INFO - [2022-11-08T20:49:56.037+0900] {dagbag.py:525} INFO - Filling up the DagBag from /home/steve/.local/lib/python3.8/site-packages/airflow/example_dags/example_trigger_controller_dag.py
[2022-11-08T20:49:56.044+0900] {processor.py:768} INFO - DAG(s) dict_keys(['example_trigger_controller_dag']) retrieved from /home/steve/.local/lib/python3.8/site-packages/airflow/example_dags/example_trigger_controller_dag.py
[2022-11-08T20:49:56.061+0900] {logging_mixin.py:117} INFO - [2022-11-08T20:49:56.061+0900] {dag.py:2573} INFO - Sync 1 DAGs
[2022-11-08T20:49:56.071+0900] {logging_mixin.py:117} INFO - [2022-11-08T20:49:56.071+0900] {dag.py:3324} INFO - Setting next_dagrun for example_trigger_controller_dag to 2021-01-01T00:00:00+00:00, run_after=2021-01-01T00:00:00+00:00
[2022-11-08T20:49:56.086+0900] {processor.py:178} INFO - Processing /home/steve/.local/lib/python3.8/site-packages/airflow/example_dags/example_trigger_controller_dag.py took 0.051 seconds
[2022-11-08T20:50:30.551+0900] {processor.py:156} INFO - Started process (PID=12502) to work on /home/steve/.local/lib/python3.8/site-packages/airflow/example_dags/example_trigger_controller_dag.py
[2022-11-08T20:50:30.554+0900] {processor.py:758} INFO - Processing file /home/steve/.local/lib/python3.8/site-packages/airflow/example_dags/example_trigger_controller_dag.py for tasks to queue
[2022-11-08T20:50:30.554+0900] {logging_mixin.py:117} INFO - [2022-11-08T20:50:30.554+0900] {dagbag.py:525} INFO - Filling up the DagBag from /home/steve/.local/lib/python3.8/site-packages/airflow/example_dags/example_trigger_controller_dag.py
[2022-11-08T20:50:30.560+0900] {processor.py:768} INFO - DAG(s) dict_keys(['example_trigger_controller_dag']) retrieved from /home/steve/.local/lib/python3.8/site-packages/airflow/example_dags/example_trigger_controller_dag.py
[2022-11-08T20:50:30.577+0900] {logging_mixin.py:117} INFO - [2022-11-08T20:50:30.577+0900] {dag.py:2573} INFO - Sync 1 DAGs
[2022-11-08T20:50:30.587+0900] {logging_mixin.py:117} INFO - [2022-11-08T20:50:30.587+0900] {dag.py:3324} INFO - Setting next_dagrun for example_trigger_controller_dag to 2021-01-01T00:00:00+00:00, run_after=2021-01-01T00:00:00+00:00
[2022-11-08T20:50:30.604+0900] {processor.py:178} INFO - Processing /home/steve/.local/lib/python3.8/site-packages/airflow/example_dags/example_trigger_controller_dag.py took 0.054 seconds
[2022-11-08T20:51:04.149+0900] {processor.py:156} INFO - Started process (PID=12878) to work on /home/steve/.local/lib/python3.8/site-packages/airflow/example_dags/example_trigger_controller_dag.py
[2022-11-08T20:51:04.150+0900] {processor.py:758} INFO - Processing file /home/steve/.local/lib/python3.8/site-packages/airflow/example_dags/example_trigger_controller_dag.py for tasks to queue
[2022-11-08T20:51:04.151+0900] {logging_mixin.py:117} INFO - [2022-11-08T20:51:04.151+0900] {dagbag.py:525} INFO - Filling up the DagBag from /home/steve/.local/lib/python3.8/site-packages/airflow/example_dags/example_trigger_controller_dag.py
[2022-11-08T20:51:04.157+0900] {processor.py:768} INFO - DAG(s) dict_keys(['example_trigger_controller_dag']) retrieved from /home/steve/.local/lib/python3.8/site-packages/airflow/example_dags/example_trigger_controller_dag.py
[2022-11-08T20:51:04.171+0900] {logging_mixin.py:117} INFO - [2022-11-08T20:51:04.171+0900] {dag.py:2573} INFO - Sync 1 DAGs
[2022-11-08T20:51:04.181+0900] {logging_mixin.py:117} INFO - [2022-11-08T20:51:04.181+0900] {dag.py:3324} INFO - Setting next_dagrun for example_trigger_controller_dag to 2021-01-01T00:00:00+00:00, run_after=2021-01-01T00:00:00+00:00
[2022-11-08T20:51:04.197+0900] {processor.py:178} INFO - Processing /home/steve/.local/lib/python3.8/site-packages/airflow/example_dags/example_trigger_controller_dag.py took 0.049 seconds
