[2022-11-08T19:45:10.696+0900] {processor.py:156} INFO - Started process (PID=7484) to work on /home/steve/.local/lib/python3.8/site-packages/airflow/example_dags/example_branch_python_dop_operator_3.py
[2022-11-08T19:45:10.696+0900] {processor.py:758} INFO - Processing file /home/steve/.local/lib/python3.8/site-packages/airflow/example_dags/example_branch_python_dop_operator_3.py for tasks to queue
[2022-11-08T19:45:10.697+0900] {logging_mixin.py:117} INFO - [2022-11-08T19:45:10.697+0900] {dagbag.py:525} INFO - Filling up the DagBag from /home/steve/.local/lib/python3.8/site-packages/airflow/example_dags/example_branch_python_dop_operator_3.py
[2022-11-08T19:45:10.711+0900] {processor.py:768} INFO - DAG(s) dict_keys(['example_branch_dop_operator_v3']) retrieved from /home/steve/.local/lib/python3.8/site-packages/airflow/example_dags/example_branch_python_dop_operator_3.py
[2022-11-08T19:45:10.849+0900] {logging_mixin.py:117} INFO - [2022-11-08T19:45:10.849+0900] {manager.py:507} INFO - Created Permission View: can edit on DAG:example_branch_dop_operator_v3
[2022-11-08T19:45:10.858+0900] {logging_mixin.py:117} INFO - [2022-11-08T19:45:10.857+0900] {manager.py:507} INFO - Created Permission View: can delete on DAG:example_branch_dop_operator_v3
[2022-11-08T19:45:10.865+0900] {logging_mixin.py:117} INFO - [2022-11-08T19:45:10.865+0900] {manager.py:507} INFO - Created Permission View: can read on DAG:example_branch_dop_operator_v3
[2022-11-08T19:45:10.865+0900] {logging_mixin.py:117} INFO - [2022-11-08T19:45:10.865+0900] {dag.py:2573} INFO - Sync 1 DAGs
[2022-11-08T19:45:10.871+0900] {logging_mixin.py:117} INFO - [2022-11-08T19:45:10.871+0900] {dag.py:2594} INFO - Creating ORM DAG for example_branch_dop_operator_v3
[2022-11-08T19:45:10.877+0900] {logging_mixin.py:117} INFO - [2022-11-08T19:45:10.877+0900] {dag.py:3324} INFO - Setting next_dagrun for example_branch_dop_operator_v3 to 2022-11-08T10:44:00+00:00, run_after=2022-11-08T10:45:00+00:00
[2022-11-08T19:45:10.892+0900] {processor.py:178} INFO - Processing /home/steve/.local/lib/python3.8/site-packages/airflow/example_dags/example_branch_python_dop_operator_3.py took 0.198 seconds
[2022-11-08T19:45:44.315+0900] {processor.py:156} INFO - Started process (PID=7719) to work on /home/steve/.local/lib/python3.8/site-packages/airflow/example_dags/example_branch_python_dop_operator_3.py
[2022-11-08T19:45:44.316+0900] {processor.py:758} INFO - Processing file /home/steve/.local/lib/python3.8/site-packages/airflow/example_dags/example_branch_python_dop_operator_3.py for tasks to queue
[2022-11-08T19:45:44.316+0900] {logging_mixin.py:117} INFO - [2022-11-08T19:45:44.316+0900] {dagbag.py:525} INFO - Filling up the DagBag from /home/steve/.local/lib/python3.8/site-packages/airflow/example_dags/example_branch_python_dop_operator_3.py
[2022-11-08T19:45:44.328+0900] {processor.py:768} INFO - DAG(s) dict_keys(['example_branch_dop_operator_v3']) retrieved from /home/steve/.local/lib/python3.8/site-packages/airflow/example_dags/example_branch_python_dop_operator_3.py
[2022-11-08T19:45:44.342+0900] {logging_mixin.py:117} INFO - [2022-11-08T19:45:44.342+0900] {dag.py:2573} INFO - Sync 1 DAGs
[2022-11-08T19:45:44.354+0900] {logging_mixin.py:117} INFO - [2022-11-08T19:45:44.354+0900] {dag.py:3324} INFO - Setting next_dagrun for example_branch_dop_operator_v3 to 2022-11-08T10:44:00+00:00, run_after=2022-11-08T10:45:00+00:00
[2022-11-08T19:45:44.370+0900] {processor.py:178} INFO - Processing /home/steve/.local/lib/python3.8/site-packages/airflow/example_dags/example_branch_python_dop_operator_3.py took 0.056 seconds
[2022-11-08T19:46:21.770+0900] {processor.py:156} INFO - Started process (PID=7810) to work on /home/steve/.local/lib/python3.8/site-packages/airflow/example_dags/example_branch_python_dop_operator_3.py
[2022-11-08T19:46:21.772+0900] {processor.py:758} INFO - Processing file /home/steve/.local/lib/python3.8/site-packages/airflow/example_dags/example_branch_python_dop_operator_3.py for tasks to queue
[2022-11-08T19:46:21.773+0900] {logging_mixin.py:117} INFO - [2022-11-08T19:46:21.773+0900] {dagbag.py:525} INFO - Filling up the DagBag from /home/steve/.local/lib/python3.8/site-packages/airflow/example_dags/example_branch_python_dop_operator_3.py
[2022-11-08T19:46:21.785+0900] {processor.py:768} INFO - DAG(s) dict_keys(['example_branch_dop_operator_v3']) retrieved from /home/steve/.local/lib/python3.8/site-packages/airflow/example_dags/example_branch_python_dop_operator_3.py
[2022-11-08T19:46:21.799+0900] {logging_mixin.py:117} INFO - [2022-11-08T19:46:21.799+0900] {dag.py:2573} INFO - Sync 1 DAGs
[2022-11-08T19:46:21.810+0900] {logging_mixin.py:117} INFO - [2022-11-08T19:46:21.810+0900] {dag.py:3324} INFO - Setting next_dagrun for example_branch_dop_operator_v3 to 2022-11-08T10:45:00+00:00, run_after=2022-11-08T10:46:00+00:00
[2022-11-08T19:46:21.828+0900] {processor.py:178} INFO - Processing /home/steve/.local/lib/python3.8/site-packages/airflow/example_dags/example_branch_python_dop_operator_3.py took 0.059 seconds
[2022-11-08T19:47:02.631+0900] {processor.py:156} INFO - Started process (PID=7892) to work on /home/steve/.local/lib/python3.8/site-packages/airflow/example_dags/example_branch_python_dop_operator_3.py
[2022-11-08T19:47:02.633+0900] {processor.py:758} INFO - Processing file /home/steve/.local/lib/python3.8/site-packages/airflow/example_dags/example_branch_python_dop_operator_3.py for tasks to queue
[2022-11-08T19:47:02.633+0900] {logging_mixin.py:117} INFO - [2022-11-08T19:47:02.633+0900] {dagbag.py:525} INFO - Filling up the DagBag from /home/steve/.local/lib/python3.8/site-packages/airflow/example_dags/example_branch_python_dop_operator_3.py
[2022-11-08T19:47:02.646+0900] {processor.py:768} INFO - DAG(s) dict_keys(['example_branch_dop_operator_v3']) retrieved from /home/steve/.local/lib/python3.8/site-packages/airflow/example_dags/example_branch_python_dop_operator_3.py
[2022-11-08T19:47:02.660+0900] {logging_mixin.py:117} INFO - [2022-11-08T19:47:02.660+0900] {dag.py:2573} INFO - Sync 1 DAGs
[2022-11-08T19:47:02.672+0900] {logging_mixin.py:117} INFO - [2022-11-08T19:47:02.672+0900] {dag.py:3324} INFO - Setting next_dagrun for example_branch_dop_operator_v3 to 2022-11-08T10:46:00+00:00, run_after=2022-11-08T10:47:00+00:00
[2022-11-08T19:47:02.753+0900] {processor.py:178} INFO - Processing /home/steve/.local/lib/python3.8/site-packages/airflow/example_dags/example_branch_python_dop_operator_3.py took 0.124 seconds
[2022-11-08T19:47:38.909+0900] {processor.py:156} INFO - Started process (PID=7928) to work on /home/steve/.local/lib/python3.8/site-packages/airflow/example_dags/example_branch_python_dop_operator_3.py
[2022-11-08T19:47:38.910+0900] {processor.py:758} INFO - Processing file /home/steve/.local/lib/python3.8/site-packages/airflow/example_dags/example_branch_python_dop_operator_3.py for tasks to queue
[2022-11-08T19:47:38.910+0900] {logging_mixin.py:117} INFO - [2022-11-08T19:47:38.910+0900] {dagbag.py:525} INFO - Filling up the DagBag from /home/steve/.local/lib/python3.8/site-packages/airflow/example_dags/example_branch_python_dop_operator_3.py
[2022-11-08T19:47:38.922+0900] {processor.py:768} INFO - DAG(s) dict_keys(['example_branch_dop_operator_v3']) retrieved from /home/steve/.local/lib/python3.8/site-packages/airflow/example_dags/example_branch_python_dop_operator_3.py
[2022-11-08T19:47:38.936+0900] {logging_mixin.py:117} INFO - [2022-11-08T19:47:38.936+0900] {dag.py:2573} INFO - Sync 1 DAGs
[2022-11-08T19:47:39.014+0900] {logging_mixin.py:117} INFO - [2022-11-08T19:47:39.014+0900] {dag.py:3324} INFO - Setting next_dagrun for example_branch_dop_operator_v3 to 2022-11-08T10:46:00+00:00, run_after=2022-11-08T10:47:00+00:00
[2022-11-08T19:47:39.029+0900] {processor.py:178} INFO - Processing /home/steve/.local/lib/python3.8/site-packages/airflow/example_dags/example_branch_python_dop_operator_3.py took 0.122 seconds
[2022-11-08T19:48:22.194+0900] {processor.py:156} INFO - Started process (PID=7969) to work on /home/steve/.local/lib/python3.8/site-packages/airflow/example_dags/example_branch_python_dop_operator_3.py
[2022-11-08T19:48:22.196+0900] {processor.py:758} INFO - Processing file /home/steve/.local/lib/python3.8/site-packages/airflow/example_dags/example_branch_python_dop_operator_3.py for tasks to queue
[2022-11-08T19:48:22.197+0900] {logging_mixin.py:117} INFO - [2022-11-08T19:48:22.197+0900] {dagbag.py:525} INFO - Filling up the DagBag from /home/steve/.local/lib/python3.8/site-packages/airflow/example_dags/example_branch_python_dop_operator_3.py
[2022-11-08T19:48:22.209+0900] {processor.py:768} INFO - DAG(s) dict_keys(['example_branch_dop_operator_v3']) retrieved from /home/steve/.local/lib/python3.8/site-packages/airflow/example_dags/example_branch_python_dop_operator_3.py
[2022-11-08T19:48:22.224+0900] {logging_mixin.py:117} INFO - [2022-11-08T19:48:22.224+0900] {dag.py:2573} INFO - Sync 1 DAGs
[2022-11-08T19:48:22.305+0900] {logging_mixin.py:117} INFO - [2022-11-08T19:48:22.305+0900] {dag.py:3324} INFO - Setting next_dagrun for example_branch_dop_operator_v3 to 2022-11-08T10:47:00+00:00, run_after=2022-11-08T10:48:00+00:00
[2022-11-08T19:48:22.321+0900] {processor.py:178} INFO - Processing /home/steve/.local/lib/python3.8/site-packages/airflow/example_dags/example_branch_python_dop_operator_3.py took 0.128 seconds
[2022-11-08T19:48:59.091+0900] {processor.py:156} INFO - Started process (PID=8005) to work on /home/steve/.local/lib/python3.8/site-packages/airflow/example_dags/example_branch_python_dop_operator_3.py
[2022-11-08T19:48:59.092+0900] {processor.py:758} INFO - Processing file /home/steve/.local/lib/python3.8/site-packages/airflow/example_dags/example_branch_python_dop_operator_3.py for tasks to queue
[2022-11-08T19:48:59.092+0900] {logging_mixin.py:117} INFO - [2022-11-08T19:48:59.092+0900] {dagbag.py:525} INFO - Filling up the DagBag from /home/steve/.local/lib/python3.8/site-packages/airflow/example_dags/example_branch_python_dop_operator_3.py
[2022-11-08T19:48:59.104+0900] {processor.py:768} INFO - DAG(s) dict_keys(['example_branch_dop_operator_v3']) retrieved from /home/steve/.local/lib/python3.8/site-packages/airflow/example_dags/example_branch_python_dop_operator_3.py
[2022-11-08T19:48:59.185+0900] {logging_mixin.py:117} INFO - [2022-11-08T19:48:59.184+0900] {dag.py:2573} INFO - Sync 1 DAGs
[2022-11-08T19:48:59.195+0900] {logging_mixin.py:117} INFO - [2022-11-08T19:48:59.195+0900] {dag.py:3324} INFO - Setting next_dagrun for example_branch_dop_operator_v3 to 2022-11-08T10:47:00+00:00, run_after=2022-11-08T10:48:00+00:00
[2022-11-08T19:48:59.211+0900] {processor.py:178} INFO - Processing /home/steve/.local/lib/python3.8/site-packages/airflow/example_dags/example_branch_python_dop_operator_3.py took 0.122 seconds
[2022-11-08T19:49:39.306+0900] {processor.py:156} INFO - Started process (PID=8071) to work on /home/steve/.local/lib/python3.8/site-packages/airflow/example_dags/example_branch_python_dop_operator_3.py
[2022-11-08T19:49:39.308+0900] {processor.py:758} INFO - Processing file /home/steve/.local/lib/python3.8/site-packages/airflow/example_dags/example_branch_python_dop_operator_3.py for tasks to queue
[2022-11-08T19:49:39.308+0900] {logging_mixin.py:117} INFO - [2022-11-08T19:49:39.308+0900] {dagbag.py:525} INFO - Filling up the DagBag from /home/steve/.local/lib/python3.8/site-packages/airflow/example_dags/example_branch_python_dop_operator_3.py
[2022-11-08T19:49:39.320+0900] {processor.py:768} INFO - DAG(s) dict_keys(['example_branch_dop_operator_v3']) retrieved from /home/steve/.local/lib/python3.8/site-packages/airflow/example_dags/example_branch_python_dop_operator_3.py
[2022-11-08T19:49:39.400+0900] {logging_mixin.py:117} INFO - [2022-11-08T19:49:39.400+0900] {dag.py:2573} INFO - Sync 1 DAGs
[2022-11-08T19:49:39.411+0900] {logging_mixin.py:117} INFO - [2022-11-08T19:49:39.411+0900] {dag.py:3324} INFO - Setting next_dagrun for example_branch_dop_operator_v3 to 2022-11-08T10:48:00+00:00, run_after=2022-11-08T10:49:00+00:00
[2022-11-08T19:49:39.427+0900] {processor.py:178} INFO - Processing /home/steve/.local/lib/python3.8/site-packages/airflow/example_dags/example_branch_python_dop_operator_3.py took 0.122 seconds
[2022-11-08T19:50:19.364+0900] {processor.py:156} INFO - Started process (PID=8111) to work on /home/steve/.local/lib/python3.8/site-packages/airflow/example_dags/example_branch_python_dop_operator_3.py
[2022-11-08T19:50:19.366+0900] {processor.py:758} INFO - Processing file /home/steve/.local/lib/python3.8/site-packages/airflow/example_dags/example_branch_python_dop_operator_3.py for tasks to queue
[2022-11-08T19:50:19.366+0900] {logging_mixin.py:117} INFO - [2022-11-08T19:50:19.366+0900] {dagbag.py:525} INFO - Filling up the DagBag from /home/steve/.local/lib/python3.8/site-packages/airflow/example_dags/example_branch_python_dop_operator_3.py
[2022-11-08T19:50:19.378+0900] {processor.py:768} INFO - DAG(s) dict_keys(['example_branch_dop_operator_v3']) retrieved from /home/steve/.local/lib/python3.8/site-packages/airflow/example_dags/example_branch_python_dop_operator_3.py
[2022-11-08T19:50:19.457+0900] {logging_mixin.py:117} INFO - [2022-11-08T19:50:19.457+0900] {dag.py:2573} INFO - Sync 1 DAGs
[2022-11-08T19:50:19.467+0900] {logging_mixin.py:117} INFO - [2022-11-08T19:50:19.467+0900] {dag.py:3324} INFO - Setting next_dagrun for example_branch_dop_operator_v3 to 2022-11-08T10:49:00+00:00, run_after=2022-11-08T10:50:00+00:00
[2022-11-08T19:50:19.484+0900] {processor.py:178} INFO - Processing /home/steve/.local/lib/python3.8/site-packages/airflow/example_dags/example_branch_python_dop_operator_3.py took 0.122 seconds
[2022-11-08T19:51:01.327+0900] {processor.py:156} INFO - Started process (PID=8152) to work on /home/steve/.local/lib/python3.8/site-packages/airflow/example_dags/example_branch_python_dop_operator_3.py
[2022-11-08T19:51:01.327+0900] {processor.py:758} INFO - Processing file /home/steve/.local/lib/python3.8/site-packages/airflow/example_dags/example_branch_python_dop_operator_3.py for tasks to queue
[2022-11-08T19:51:01.328+0900] {logging_mixin.py:117} INFO - [2022-11-08T19:51:01.328+0900] {dagbag.py:525} INFO - Filling up the DagBag from /home/steve/.local/lib/python3.8/site-packages/airflow/example_dags/example_branch_python_dop_operator_3.py
[2022-11-08T19:51:01.405+0900] {processor.py:768} INFO - DAG(s) dict_keys(['example_branch_dop_operator_v3']) retrieved from /home/steve/.local/lib/python3.8/site-packages/airflow/example_dags/example_branch_python_dop_operator_3.py
[2022-11-08T19:51:01.417+0900] {logging_mixin.py:117} INFO - [2022-11-08T19:51:01.417+0900] {dag.py:2573} INFO - Sync 1 DAGs
[2022-11-08T19:51:01.428+0900] {logging_mixin.py:117} INFO - [2022-11-08T19:51:01.428+0900] {dag.py:3324} INFO - Setting next_dagrun for example_branch_dop_operator_v3 to 2022-11-08T10:50:00+00:00, run_after=2022-11-08T10:51:00+00:00
[2022-11-08T19:51:01.444+0900] {processor.py:178} INFO - Processing /home/steve/.local/lib/python3.8/site-packages/airflow/example_dags/example_branch_python_dop_operator_3.py took 0.119 seconds
[2022-11-08T19:51:40.542+0900] {processor.py:156} INFO - Started process (PID=8189) to work on /home/steve/.local/lib/python3.8/site-packages/airflow/example_dags/example_branch_python_dop_operator_3.py
[2022-11-08T19:51:40.543+0900] {processor.py:758} INFO - Processing file /home/steve/.local/lib/python3.8/site-packages/airflow/example_dags/example_branch_python_dop_operator_3.py for tasks to queue
[2022-11-08T19:51:40.544+0900] {logging_mixin.py:117} INFO - [2022-11-08T19:51:40.544+0900] {dagbag.py:525} INFO - Filling up the DagBag from /home/steve/.local/lib/python3.8/site-packages/airflow/example_dags/example_branch_python_dop_operator_3.py
[2022-11-08T19:51:40.622+0900] {processor.py:768} INFO - DAG(s) dict_keys(['example_branch_dop_operator_v3']) retrieved from /home/steve/.local/lib/python3.8/site-packages/airflow/example_dags/example_branch_python_dop_operator_3.py
[2022-11-08T19:51:40.634+0900] {logging_mixin.py:117} INFO - [2022-11-08T19:51:40.634+0900] {dag.py:2573} INFO - Sync 1 DAGs
[2022-11-08T19:51:40.645+0900] {logging_mixin.py:117} INFO - [2022-11-08T19:51:40.645+0900] {dag.py:3324} INFO - Setting next_dagrun for example_branch_dop_operator_v3 to 2022-11-08T10:50:00+00:00, run_after=2022-11-08T10:51:00+00:00
[2022-11-08T19:51:40.661+0900] {processor.py:178} INFO - Processing /home/steve/.local/lib/python3.8/site-packages/airflow/example_dags/example_branch_python_dop_operator_3.py took 0.121 seconds
[2022-11-08T19:52:13.758+0900] {processor.py:156} INFO - Started process (PID=8225) to work on /home/steve/.local/lib/python3.8/site-packages/airflow/example_dags/example_branch_python_dop_operator_3.py
[2022-11-08T19:52:13.758+0900] {processor.py:758} INFO - Processing file /home/steve/.local/lib/python3.8/site-packages/airflow/example_dags/example_branch_python_dop_operator_3.py for tasks to queue
[2022-11-08T19:52:13.759+0900] {logging_mixin.py:117} INFO - [2022-11-08T19:52:13.759+0900] {dagbag.py:525} INFO - Filling up the DagBag from /home/steve/.local/lib/python3.8/site-packages/airflow/example_dags/example_branch_python_dop_operator_3.py
[2022-11-08T19:52:13.771+0900] {processor.py:768} INFO - DAG(s) dict_keys(['example_branch_dop_operator_v3']) retrieved from /home/steve/.local/lib/python3.8/site-packages/airflow/example_dags/example_branch_python_dop_operator_3.py
[2022-11-08T19:52:13.786+0900] {logging_mixin.py:117} INFO - [2022-11-08T19:52:13.786+0900] {dag.py:2573} INFO - Sync 1 DAGs
[2022-11-08T19:52:13.797+0900] {logging_mixin.py:117} INFO - [2022-11-08T19:52:13.797+0900] {dag.py:3324} INFO - Setting next_dagrun for example_branch_dop_operator_v3 to 2022-11-08T10:51:00+00:00, run_after=2022-11-08T10:52:00+00:00
[2022-11-08T19:52:13.814+0900] {processor.py:178} INFO - Processing /home/steve/.local/lib/python3.8/site-packages/airflow/example_dags/example_branch_python_dop_operator_3.py took 0.057 seconds
[2022-11-08T19:52:50.638+0900] {processor.py:156} INFO - Started process (PID=8293) to work on /home/steve/.local/lib/python3.8/site-packages/airflow/example_dags/example_branch_python_dop_operator_3.py
[2022-11-08T19:52:50.641+0900] {processor.py:758} INFO - Processing file /home/steve/.local/lib/python3.8/site-packages/airflow/example_dags/example_branch_python_dop_operator_3.py for tasks to queue
[2022-11-08T19:52:50.641+0900] {logging_mixin.py:117} INFO - [2022-11-08T19:52:50.641+0900] {dagbag.py:525} INFO - Filling up the DagBag from /home/steve/.local/lib/python3.8/site-packages/airflow/example_dags/example_branch_python_dop_operator_3.py
[2022-11-08T19:52:50.653+0900] {processor.py:768} INFO - DAG(s) dict_keys(['example_branch_dop_operator_v3']) retrieved from /home/steve/.local/lib/python3.8/site-packages/airflow/example_dags/example_branch_python_dop_operator_3.py
[2022-11-08T19:52:50.668+0900] {logging_mixin.py:117} INFO - [2022-11-08T19:52:50.668+0900] {dag.py:2573} INFO - Sync 1 DAGs
[2022-11-08T19:52:50.679+0900] {logging_mixin.py:117} INFO - [2022-11-08T19:52:50.679+0900] {dag.py:3324} INFO - Setting next_dagrun for example_branch_dop_operator_v3 to 2022-11-08T10:51:00+00:00, run_after=2022-11-08T10:52:00+00:00
[2022-11-08T19:52:50.696+0900] {processor.py:178} INFO - Processing /home/steve/.local/lib/python3.8/site-packages/airflow/example_dags/example_branch_python_dop_operator_3.py took 0.059 seconds
[2022-11-08T19:53:27.948+0900] {processor.py:156} INFO - Started process (PID=8526) to work on /home/steve/.local/lib/python3.8/site-packages/airflow/example_dags/example_branch_python_dop_operator_3.py
[2022-11-08T19:53:27.949+0900] {processor.py:758} INFO - Processing file /home/steve/.local/lib/python3.8/site-packages/airflow/example_dags/example_branch_python_dop_operator_3.py for tasks to queue
[2022-11-08T19:53:27.950+0900] {logging_mixin.py:117} INFO - [2022-11-08T19:53:27.950+0900] {dagbag.py:525} INFO - Filling up the DagBag from /home/steve/.local/lib/python3.8/site-packages/airflow/example_dags/example_branch_python_dop_operator_3.py
[2022-11-08T19:53:27.962+0900] {processor.py:768} INFO - DAG(s) dict_keys(['example_branch_dop_operator_v3']) retrieved from /home/steve/.local/lib/python3.8/site-packages/airflow/example_dags/example_branch_python_dop_operator_3.py
[2022-11-08T19:53:27.978+0900] {logging_mixin.py:117} INFO - [2022-11-08T19:53:27.978+0900] {dag.py:2573} INFO - Sync 1 DAGs
[2022-11-08T19:53:27.989+0900] {logging_mixin.py:117} INFO - [2022-11-08T19:53:27.989+0900] {dag.py:3324} INFO - Setting next_dagrun for example_branch_dop_operator_v3 to 2022-11-08T10:52:00+00:00, run_after=2022-11-08T10:53:00+00:00
[2022-11-08T19:53:28.006+0900] {processor.py:178} INFO - Processing /home/steve/.local/lib/python3.8/site-packages/airflow/example_dags/example_branch_python_dop_operator_3.py took 0.059 seconds
[2022-11-08T19:54:02.764+0900] {processor.py:156} INFO - Started process (PID=8582) to work on /home/steve/.local/lib/python3.8/site-packages/airflow/example_dags/example_branch_python_dop_operator_3.py
[2022-11-08T19:54:02.767+0900] {processor.py:758} INFO - Processing file /home/steve/.local/lib/python3.8/site-packages/airflow/example_dags/example_branch_python_dop_operator_3.py for tasks to queue
[2022-11-08T19:54:02.767+0900] {logging_mixin.py:117} INFO - [2022-11-08T19:54:02.767+0900] {dagbag.py:525} INFO - Filling up the DagBag from /home/steve/.local/lib/python3.8/site-packages/airflow/example_dags/example_branch_python_dop_operator_3.py
[2022-11-08T19:54:02.781+0900] {processor.py:768} INFO - DAG(s) dict_keys(['example_branch_dop_operator_v3']) retrieved from /home/steve/.local/lib/python3.8/site-packages/airflow/example_dags/example_branch_python_dop_operator_3.py
[2022-11-08T19:54:02.796+0900] {logging_mixin.py:117} INFO - [2022-11-08T19:54:02.796+0900] {dag.py:2573} INFO - Sync 1 DAGs
[2022-11-08T19:54:02.807+0900] {logging_mixin.py:117} INFO - [2022-11-08T19:54:02.807+0900] {dag.py:3324} INFO - Setting next_dagrun for example_branch_dop_operator_v3 to 2022-11-08T10:53:00+00:00, run_after=2022-11-08T10:54:00+00:00
[2022-11-08T19:54:02.825+0900] {processor.py:178} INFO - Processing /home/steve/.local/lib/python3.8/site-packages/airflow/example_dags/example_branch_python_dop_operator_3.py took 0.063 seconds
[2022-11-08T19:54:39.559+0900] {processor.py:156} INFO - Started process (PID=8794) to work on /home/steve/.local/lib/python3.8/site-packages/airflow/example_dags/example_branch_python_dop_operator_3.py
[2022-11-08T19:54:39.561+0900] {processor.py:758} INFO - Processing file /home/steve/.local/lib/python3.8/site-packages/airflow/example_dags/example_branch_python_dop_operator_3.py for tasks to queue
[2022-11-08T19:54:39.561+0900] {logging_mixin.py:117} INFO - [2022-11-08T19:54:39.561+0900] {dagbag.py:525} INFO - Filling up the DagBag from /home/steve/.local/lib/python3.8/site-packages/airflow/example_dags/example_branch_python_dop_operator_3.py
[2022-11-08T19:54:39.574+0900] {processor.py:768} INFO - DAG(s) dict_keys(['example_branch_dop_operator_v3']) retrieved from /home/steve/.local/lib/python3.8/site-packages/airflow/example_dags/example_branch_python_dop_operator_3.py
[2022-11-08T19:54:39.588+0900] {logging_mixin.py:117} INFO - [2022-11-08T19:54:39.588+0900] {dag.py:2573} INFO - Sync 1 DAGs
[2022-11-08T19:54:39.600+0900] {logging_mixin.py:117} INFO - [2022-11-08T19:54:39.600+0900] {dag.py:3324} INFO - Setting next_dagrun for example_branch_dop_operator_v3 to 2022-11-08T10:53:00+00:00, run_after=2022-11-08T10:54:00+00:00
[2022-11-08T19:54:39.615+0900] {processor.py:178} INFO - Processing /home/steve/.local/lib/python3.8/site-packages/airflow/example_dags/example_branch_python_dop_operator_3.py took 0.058 seconds
[2022-11-08T19:55:17.513+0900] {processor.py:156} INFO - Started process (PID=9015) to work on /home/steve/.local/lib/python3.8/site-packages/airflow/example_dags/example_branch_python_dop_operator_3.py
[2022-11-08T19:55:17.513+0900] {processor.py:758} INFO - Processing file /home/steve/.local/lib/python3.8/site-packages/airflow/example_dags/example_branch_python_dop_operator_3.py for tasks to queue
[2022-11-08T19:55:17.514+0900] {logging_mixin.py:117} INFO - [2022-11-08T19:55:17.514+0900] {dagbag.py:525} INFO - Filling up the DagBag from /home/steve/.local/lib/python3.8/site-packages/airflow/example_dags/example_branch_python_dop_operator_3.py
[2022-11-08T19:55:17.527+0900] {processor.py:768} INFO - DAG(s) dict_keys(['example_branch_dop_operator_v3']) retrieved from /home/steve/.local/lib/python3.8/site-packages/airflow/example_dags/example_branch_python_dop_operator_3.py
[2022-11-08T19:55:17.541+0900] {logging_mixin.py:117} INFO - [2022-11-08T19:55:17.541+0900] {dag.py:2573} INFO - Sync 1 DAGs
[2022-11-08T19:55:17.553+0900] {logging_mixin.py:117} INFO - [2022-11-08T19:55:17.553+0900] {dag.py:3324} INFO - Setting next_dagrun for example_branch_dop_operator_v3 to 2022-11-08T10:54:00+00:00, run_after=2022-11-08T10:55:00+00:00
[2022-11-08T19:55:17.569+0900] {processor.py:178} INFO - Processing /home/steve/.local/lib/python3.8/site-packages/airflow/example_dags/example_branch_python_dop_operator_3.py took 0.058 seconds
[2022-11-08T20:27:19.406+0900] {processor.py:156} INFO - Started process (PID=9809) to work on /home/steve/.local/lib/python3.8/site-packages/airflow/example_dags/example_branch_python_dop_operator_3.py
[2022-11-08T20:27:19.408+0900] {processor.py:758} INFO - Processing file /home/steve/.local/lib/python3.8/site-packages/airflow/example_dags/example_branch_python_dop_operator_3.py for tasks to queue
[2022-11-08T20:27:19.408+0900] {logging_mixin.py:117} INFO - [2022-11-08T20:27:19.408+0900] {dagbag.py:525} INFO - Filling up the DagBag from /home/steve/.local/lib/python3.8/site-packages/airflow/example_dags/example_branch_python_dop_operator_3.py
[2022-11-08T20:27:19.423+0900] {processor.py:768} INFO - DAG(s) dict_keys(['example_branch_dop_operator_v3']) retrieved from /home/steve/.local/lib/python3.8/site-packages/airflow/example_dags/example_branch_python_dop_operator_3.py
[2022-11-08T20:27:19.440+0900] {logging_mixin.py:117} INFO - [2022-11-08T20:27:19.440+0900] {dag.py:2573} INFO - Sync 1 DAGs
[2022-11-08T20:27:19.454+0900] {logging_mixin.py:117} INFO - [2022-11-08T20:27:19.454+0900] {dag.py:3324} INFO - Setting next_dagrun for example_branch_dop_operator_v3 to 2022-11-08T11:26:00+00:00, run_after=2022-11-08T11:27:00+00:00
[2022-11-08T20:27:19.470+0900] {processor.py:178} INFO - Processing /home/steve/.local/lib/python3.8/site-packages/airflow/example_dags/example_branch_python_dop_operator_3.py took 0.066 seconds
[2022-11-08T20:27:56.683+0900] {processor.py:156} INFO - Started process (PID=9851) to work on /home/steve/.local/lib/python3.8/site-packages/airflow/example_dags/example_branch_python_dop_operator_3.py
[2022-11-08T20:27:56.685+0900] {processor.py:758} INFO - Processing file /home/steve/.local/lib/python3.8/site-packages/airflow/example_dags/example_branch_python_dop_operator_3.py for tasks to queue
[2022-11-08T20:27:56.685+0900] {logging_mixin.py:117} INFO - [2022-11-08T20:27:56.685+0900] {dagbag.py:525} INFO - Filling up the DagBag from /home/steve/.local/lib/python3.8/site-packages/airflow/example_dags/example_branch_python_dop_operator_3.py
[2022-11-08T20:27:56.698+0900] {processor.py:768} INFO - DAG(s) dict_keys(['example_branch_dop_operator_v3']) retrieved from /home/steve/.local/lib/python3.8/site-packages/airflow/example_dags/example_branch_python_dop_operator_3.py
[2022-11-08T20:27:56.714+0900] {logging_mixin.py:117} INFO - [2022-11-08T20:27:56.714+0900] {dag.py:2573} INFO - Sync 1 DAGs
[2022-11-08T20:27:56.726+0900] {logging_mixin.py:117} INFO - [2022-11-08T20:27:56.726+0900] {dag.py:3324} INFO - Setting next_dagrun for example_branch_dop_operator_v3 to 2022-11-08T11:26:00+00:00, run_after=2022-11-08T11:27:00+00:00
[2022-11-08T20:27:56.742+0900] {processor.py:178} INFO - Processing /home/steve/.local/lib/python3.8/site-packages/airflow/example_dags/example_branch_python_dop_operator_3.py took 0.061 seconds
[2022-11-08T20:28:31.785+0900] {processor.py:156} INFO - Started process (PID=9897) to work on /home/steve/.local/lib/python3.8/site-packages/airflow/example_dags/example_branch_python_dop_operator_3.py
[2022-11-08T20:28:31.788+0900] {processor.py:758} INFO - Processing file /home/steve/.local/lib/python3.8/site-packages/airflow/example_dags/example_branch_python_dop_operator_3.py for tasks to queue
[2022-11-08T20:28:31.788+0900] {logging_mixin.py:117} INFO - [2022-11-08T20:28:31.788+0900] {dagbag.py:525} INFO - Filling up the DagBag from /home/steve/.local/lib/python3.8/site-packages/airflow/example_dags/example_branch_python_dop_operator_3.py
[2022-11-08T20:28:31.800+0900] {processor.py:768} INFO - DAG(s) dict_keys(['example_branch_dop_operator_v3']) retrieved from /home/steve/.local/lib/python3.8/site-packages/airflow/example_dags/example_branch_python_dop_operator_3.py
[2022-11-08T20:28:31.815+0900] {logging_mixin.py:117} INFO - [2022-11-08T20:28:31.815+0900] {dag.py:2573} INFO - Sync 1 DAGs
[2022-11-08T20:28:31.826+0900] {logging_mixin.py:117} INFO - [2022-11-08T20:28:31.826+0900] {dag.py:3324} INFO - Setting next_dagrun for example_branch_dop_operator_v3 to 2022-11-08T11:27:00+00:00, run_after=2022-11-08T11:28:00+00:00
[2022-11-08T20:28:31.844+0900] {processor.py:178} INFO - Processing /home/steve/.local/lib/python3.8/site-packages/airflow/example_dags/example_branch_python_dop_operator_3.py took 0.061 seconds
[2022-11-08T20:29:07.429+0900] {processor.py:156} INFO - Started process (PID=10166) to work on /home/steve/.local/lib/python3.8/site-packages/airflow/example_dags/example_branch_python_dop_operator_3.py
[2022-11-08T20:29:07.430+0900] {processor.py:758} INFO - Processing file /home/steve/.local/lib/python3.8/site-packages/airflow/example_dags/example_branch_python_dop_operator_3.py for tasks to queue
[2022-11-08T20:29:07.430+0900] {logging_mixin.py:117} INFO - [2022-11-08T20:29:07.430+0900] {dagbag.py:525} INFO - Filling up the DagBag from /home/steve/.local/lib/python3.8/site-packages/airflow/example_dags/example_branch_python_dop_operator_3.py
[2022-11-08T20:29:07.445+0900] {processor.py:768} INFO - DAG(s) dict_keys(['example_branch_dop_operator_v3']) retrieved from /home/steve/.local/lib/python3.8/site-packages/airflow/example_dags/example_branch_python_dop_operator_3.py
[2022-11-08T20:29:07.461+0900] {logging_mixin.py:117} INFO - [2022-11-08T20:29:07.461+0900] {dag.py:2573} INFO - Sync 1 DAGs
[2022-11-08T20:29:07.475+0900] {logging_mixin.py:117} INFO - [2022-11-08T20:29:07.475+0900] {dag.py:3324} INFO - Setting next_dagrun for example_branch_dop_operator_v3 to 2022-11-08T11:28:00+00:00, run_after=2022-11-08T11:29:00+00:00
[2022-11-08T20:29:07.569+0900] {processor.py:178} INFO - Processing /home/steve/.local/lib/python3.8/site-packages/airflow/example_dags/example_branch_python_dop_operator_3.py took 0.141 seconds
[2022-11-08T20:29:50.474+0900] {processor.py:156} INFO - Started process (PID=10362) to work on /home/steve/.local/lib/python3.8/site-packages/airflow/example_dags/example_branch_python_dop_operator_3.py
[2022-11-08T20:29:50.477+0900] {processor.py:758} INFO - Processing file /home/steve/.local/lib/python3.8/site-packages/airflow/example_dags/example_branch_python_dop_operator_3.py for tasks to queue
[2022-11-08T20:29:50.477+0900] {logging_mixin.py:117} INFO - [2022-11-08T20:29:50.477+0900] {dagbag.py:525} INFO - Filling up the DagBag from /home/steve/.local/lib/python3.8/site-packages/airflow/example_dags/example_branch_python_dop_operator_3.py
[2022-11-08T20:29:50.494+0900] {processor.py:768} INFO - DAG(s) dict_keys(['example_branch_dop_operator_v3']) retrieved from /home/steve/.local/lib/python3.8/site-packages/airflow/example_dags/example_branch_python_dop_operator_3.py
[2022-11-08T20:29:50.570+0900] {logging_mixin.py:117} INFO - [2022-11-08T20:29:50.570+0900] {dag.py:2573} INFO - Sync 1 DAGs
[2022-11-08T20:29:50.669+0900] {logging_mixin.py:117} INFO - [2022-11-08T20:29:50.669+0900] {dag.py:3324} INFO - Setting next_dagrun for example_branch_dop_operator_v3 to 2022-11-08T11:28:00+00:00, run_after=2022-11-08T11:29:00+00:00
[2022-11-08T20:29:50.686+0900] {processor.py:178} INFO - Processing /home/steve/.local/lib/python3.8/site-packages/airflow/example_dags/example_branch_python_dop_operator_3.py took 0.213 seconds
[2022-11-08T20:30:28.054+0900] {processor.py:156} INFO - Started process (PID=10488) to work on /home/steve/.local/lib/python3.8/site-packages/airflow/example_dags/example_branch_python_dop_operator_3.py
[2022-11-08T20:30:28.057+0900] {processor.py:758} INFO - Processing file /home/steve/.local/lib/python3.8/site-packages/airflow/example_dags/example_branch_python_dop_operator_3.py for tasks to queue
[2022-11-08T20:30:28.058+0900] {logging_mixin.py:117} INFO - [2022-11-08T20:30:28.058+0900] {dagbag.py:525} INFO - Filling up the DagBag from /home/steve/.local/lib/python3.8/site-packages/airflow/example_dags/example_branch_python_dop_operator_3.py
[2022-11-08T20:30:28.070+0900] {processor.py:768} INFO - DAG(s) dict_keys(['example_branch_dop_operator_v3']) retrieved from /home/steve/.local/lib/python3.8/site-packages/airflow/example_dags/example_branch_python_dop_operator_3.py
[2022-11-08T20:30:28.086+0900] {logging_mixin.py:117} INFO - [2022-11-08T20:30:28.085+0900] {dag.py:2573} INFO - Sync 1 DAGs
[2022-11-08T20:30:28.170+0900] {logging_mixin.py:117} INFO - [2022-11-08T20:30:28.170+0900] {dag.py:3324} INFO - Setting next_dagrun for example_branch_dop_operator_v3 to 2022-11-08T11:29:00+00:00, run_after=2022-11-08T11:30:00+00:00
[2022-11-08T20:30:28.186+0900] {processor.py:178} INFO - Processing /home/steve/.local/lib/python3.8/site-packages/airflow/example_dags/example_branch_python_dop_operator_3.py took 0.133 seconds
[2022-11-08T20:31:05.609+0900] {processor.py:156} INFO - Started process (PID=10644) to work on /home/steve/.local/lib/python3.8/site-packages/airflow/example_dags/example_branch_python_dop_operator_3.py
[2022-11-08T20:31:05.611+0900] {processor.py:758} INFO - Processing file /home/steve/.local/lib/python3.8/site-packages/airflow/example_dags/example_branch_python_dop_operator_3.py for tasks to queue
[2022-11-08T20:31:05.612+0900] {logging_mixin.py:117} INFO - [2022-11-08T20:31:05.612+0900] {dagbag.py:525} INFO - Filling up the DagBag from /home/steve/.local/lib/python3.8/site-packages/airflow/example_dags/example_branch_python_dop_operator_3.py
[2022-11-08T20:31:05.625+0900] {processor.py:768} INFO - DAG(s) dict_keys(['example_branch_dop_operator_v3']) retrieved from /home/steve/.local/lib/python3.8/site-packages/airflow/example_dags/example_branch_python_dop_operator_3.py
[2022-11-08T20:31:05.642+0900] {logging_mixin.py:117} INFO - [2022-11-08T20:31:05.642+0900] {dag.py:2573} INFO - Sync 1 DAGs
[2022-11-08T20:31:05.734+0900] {logging_mixin.py:117} INFO - [2022-11-08T20:31:05.734+0900] {dag.py:3324} INFO - Setting next_dagrun for example_branch_dop_operator_v3 to 2022-11-08T11:30:00+00:00, run_after=2022-11-08T11:31:00+00:00
[2022-11-08T20:31:05.751+0900] {processor.py:178} INFO - Processing /home/steve/.local/lib/python3.8/site-packages/airflow/example_dags/example_branch_python_dop_operator_3.py took 0.144 seconds
[2022-11-08T20:31:49.918+0900] {processor.py:156} INFO - Started process (PID=10740) to work on /home/steve/.local/lib/python3.8/site-packages/airflow/example_dags/example_branch_python_dop_operator_3.py
[2022-11-08T20:31:49.920+0900] {processor.py:758} INFO - Processing file /home/steve/.local/lib/python3.8/site-packages/airflow/example_dags/example_branch_python_dop_operator_3.py for tasks to queue
[2022-11-08T20:31:49.920+0900] {logging_mixin.py:117} INFO - [2022-11-08T20:31:49.920+0900] {dagbag.py:525} INFO - Filling up the DagBag from /home/steve/.local/lib/python3.8/site-packages/airflow/example_dags/example_branch_python_dop_operator_3.py
[2022-11-08T20:31:49.933+0900] {processor.py:768} INFO - DAG(s) dict_keys(['example_branch_dop_operator_v3']) retrieved from /home/steve/.local/lib/python3.8/site-packages/airflow/example_dags/example_branch_python_dop_operator_3.py
[2022-11-08T20:31:50.020+0900] {logging_mixin.py:117} INFO - [2022-11-08T20:31:50.020+0900] {dag.py:2573} INFO - Sync 1 DAGs
[2022-11-08T20:31:50.031+0900] {logging_mixin.py:117} INFO - [2022-11-08T20:31:50.031+0900] {dag.py:3324} INFO - Setting next_dagrun for example_branch_dop_operator_v3 to 2022-11-08T11:30:00+00:00, run_after=2022-11-08T11:31:00+00:00
[2022-11-08T20:31:50.047+0900] {processor.py:178} INFO - Processing /home/steve/.local/lib/python3.8/site-packages/airflow/example_dags/example_branch_python_dop_operator_3.py took 0.131 seconds
[2022-11-08T20:32:33.629+0900] {processor.py:156} INFO - Started process (PID=10899) to work on /home/steve/.local/lib/python3.8/site-packages/airflow/example_dags/example_branch_python_dop_operator_3.py
[2022-11-08T20:32:33.632+0900] {processor.py:758} INFO - Processing file /home/steve/.local/lib/python3.8/site-packages/airflow/example_dags/example_branch_python_dop_operator_3.py for tasks to queue
[2022-11-08T20:32:33.632+0900] {logging_mixin.py:117} INFO - [2022-11-08T20:32:33.632+0900] {dagbag.py:525} INFO - Filling up the DagBag from /home/steve/.local/lib/python3.8/site-packages/airflow/example_dags/example_branch_python_dop_operator_3.py
[2022-11-08T20:32:33.645+0900] {processor.py:768} INFO - DAG(s) dict_keys(['example_branch_dop_operator_v3']) retrieved from /home/steve/.local/lib/python3.8/site-packages/airflow/example_dags/example_branch_python_dop_operator_3.py
[2022-11-08T20:32:33.727+0900] {logging_mixin.py:117} INFO - [2022-11-08T20:32:33.727+0900] {dag.py:2573} INFO - Sync 1 DAGs
[2022-11-08T20:32:33.737+0900] {logging_mixin.py:117} INFO - [2022-11-08T20:32:33.737+0900] {dag.py:3324} INFO - Setting next_dagrun for example_branch_dop_operator_v3 to 2022-11-08T11:31:00+00:00, run_after=2022-11-08T11:32:00+00:00
[2022-11-08T20:32:33.754+0900] {processor.py:178} INFO - Processing /home/steve/.local/lib/python3.8/site-packages/airflow/example_dags/example_branch_python_dop_operator_3.py took 0.126 seconds
[2022-11-08T20:33:09.426+0900] {processor.py:156} INFO - Started process (PID=10998) to work on /home/steve/.local/lib/python3.8/site-packages/airflow/example_dags/example_branch_python_dop_operator_3.py
[2022-11-08T20:33:09.428+0900] {processor.py:758} INFO - Processing file /home/steve/.local/lib/python3.8/site-packages/airflow/example_dags/example_branch_python_dop_operator_3.py for tasks to queue
[2022-11-08T20:33:09.429+0900] {logging_mixin.py:117} INFO - [2022-11-08T20:33:09.429+0900] {dagbag.py:525} INFO - Filling up the DagBag from /home/steve/.local/lib/python3.8/site-packages/airflow/example_dags/example_branch_python_dop_operator_3.py
[2022-11-08T20:33:09.525+0900] {processor.py:768} INFO - DAG(s) dict_keys(['example_branch_dop_operator_v3']) retrieved from /home/steve/.local/lib/python3.8/site-packages/airflow/example_dags/example_branch_python_dop_operator_3.py
[2022-11-08T20:33:09.537+0900] {logging_mixin.py:117} INFO - [2022-11-08T20:33:09.537+0900] {dag.py:2573} INFO - Sync 1 DAGs
[2022-11-08T20:33:09.549+0900] {logging_mixin.py:117} INFO - [2022-11-08T20:33:09.549+0900] {dag.py:3324} INFO - Setting next_dagrun for example_branch_dop_operator_v3 to 2022-11-08T11:32:00+00:00, run_after=2022-11-08T11:33:00+00:00
[2022-11-08T20:33:09.568+0900] {processor.py:178} INFO - Processing /home/steve/.local/lib/python3.8/site-packages/airflow/example_dags/example_branch_python_dop_operator_3.py took 0.144 seconds
[2022-11-08T20:33:54.182+0900] {processor.py:156} INFO - Started process (PID=11039) to work on /home/steve/.local/lib/python3.8/site-packages/airflow/example_dags/example_branch_python_dop_operator_3.py
[2022-11-08T20:33:54.183+0900] {processor.py:758} INFO - Processing file /home/steve/.local/lib/python3.8/site-packages/airflow/example_dags/example_branch_python_dop_operator_3.py for tasks to queue
[2022-11-08T20:33:54.184+0900] {logging_mixin.py:117} INFO - [2022-11-08T20:33:54.184+0900] {dagbag.py:525} INFO - Filling up the DagBag from /home/steve/.local/lib/python3.8/site-packages/airflow/example_dags/example_branch_python_dop_operator_3.py
[2022-11-08T20:33:54.268+0900] {processor.py:768} INFO - DAG(s) dict_keys(['example_branch_dop_operator_v3']) retrieved from /home/steve/.local/lib/python3.8/site-packages/airflow/example_dags/example_branch_python_dop_operator_3.py
[2022-11-08T20:33:54.281+0900] {logging_mixin.py:117} INFO - [2022-11-08T20:33:54.281+0900] {dag.py:2573} INFO - Sync 1 DAGs
[2022-11-08T20:33:54.294+0900] {logging_mixin.py:117} INFO - [2022-11-08T20:33:54.293+0900] {dag.py:3324} INFO - Setting next_dagrun for example_branch_dop_operator_v3 to 2022-11-08T11:32:00+00:00, run_after=2022-11-08T11:33:00+00:00
[2022-11-08T20:33:54.310+0900] {processor.py:178} INFO - Processing /home/steve/.local/lib/python3.8/site-packages/airflow/example_dags/example_branch_python_dop_operator_3.py took 0.130 seconds
[2022-11-08T20:34:29.616+0900] {processor.py:156} INFO - Started process (PID=11075) to work on /home/steve/.local/lib/python3.8/site-packages/airflow/example_dags/example_branch_python_dop_operator_3.py
[2022-11-08T20:34:29.618+0900] {processor.py:758} INFO - Processing file /home/steve/.local/lib/python3.8/site-packages/airflow/example_dags/example_branch_python_dop_operator_3.py for tasks to queue
[2022-11-08T20:34:29.619+0900] {logging_mixin.py:117} INFO - [2022-11-08T20:34:29.619+0900] {dagbag.py:525} INFO - Filling up the DagBag from /home/steve/.local/lib/python3.8/site-packages/airflow/example_dags/example_branch_python_dop_operator_3.py
[2022-11-08T20:34:29.632+0900] {processor.py:768} INFO - DAG(s) dict_keys(['example_branch_dop_operator_v3']) retrieved from /home/steve/.local/lib/python3.8/site-packages/airflow/example_dags/example_branch_python_dop_operator_3.py
[2022-11-08T20:34:29.648+0900] {logging_mixin.py:117} INFO - [2022-11-08T20:34:29.648+0900] {dag.py:2573} INFO - Sync 1 DAGs
[2022-11-08T20:34:29.661+0900] {logging_mixin.py:117} INFO - [2022-11-08T20:34:29.661+0900] {dag.py:3324} INFO - Setting next_dagrun for example_branch_dop_operator_v3 to 2022-11-08T11:33:00+00:00, run_after=2022-11-08T11:34:00+00:00
[2022-11-08T20:34:29.677+0900] {processor.py:178} INFO - Processing /home/steve/.local/lib/python3.8/site-packages/airflow/example_dags/example_branch_python_dop_operator_3.py took 0.063 seconds
[2022-11-08T20:35:03.618+0900] {processor.py:156} INFO - Started process (PID=11111) to work on /home/steve/.local/lib/python3.8/site-packages/airflow/example_dags/example_branch_python_dop_operator_3.py
[2022-11-08T20:35:03.620+0900] {processor.py:758} INFO - Processing file /home/steve/.local/lib/python3.8/site-packages/airflow/example_dags/example_branch_python_dop_operator_3.py for tasks to queue
[2022-11-08T20:35:03.621+0900] {logging_mixin.py:117} INFO - [2022-11-08T20:35:03.621+0900] {dagbag.py:525} INFO - Filling up the DagBag from /home/steve/.local/lib/python3.8/site-packages/airflow/example_dags/example_branch_python_dop_operator_3.py
[2022-11-08T20:35:03.633+0900] {processor.py:768} INFO - DAG(s) dict_keys(['example_branch_dop_operator_v3']) retrieved from /home/steve/.local/lib/python3.8/site-packages/airflow/example_dags/example_branch_python_dop_operator_3.py
[2022-11-08T20:35:03.648+0900] {logging_mixin.py:117} INFO - [2022-11-08T20:35:03.647+0900] {dag.py:2573} INFO - Sync 1 DAGs
[2022-11-08T20:35:03.660+0900] {logging_mixin.py:117} INFO - [2022-11-08T20:35:03.660+0900] {dag.py:3324} INFO - Setting next_dagrun for example_branch_dop_operator_v3 to 2022-11-08T11:34:00+00:00, run_after=2022-11-08T11:35:00+00:00
[2022-11-08T20:35:03.675+0900] {processor.py:178} INFO - Processing /home/steve/.local/lib/python3.8/site-packages/airflow/example_dags/example_branch_python_dop_operator_3.py took 0.058 seconds
[2022-11-08T20:35:42.173+0900] {processor.py:156} INFO - Started process (PID=11150) to work on /home/steve/.local/lib/python3.8/site-packages/airflow/example_dags/example_branch_python_dop_operator_3.py
[2022-11-08T20:35:42.176+0900] {processor.py:758} INFO - Processing file /home/steve/.local/lib/python3.8/site-packages/airflow/example_dags/example_branch_python_dop_operator_3.py for tasks to queue
[2022-11-08T20:35:42.176+0900] {logging_mixin.py:117} INFO - [2022-11-08T20:35:42.176+0900] {dagbag.py:525} INFO - Filling up the DagBag from /home/steve/.local/lib/python3.8/site-packages/airflow/example_dags/example_branch_python_dop_operator_3.py
[2022-11-08T20:35:42.189+0900] {processor.py:768} INFO - DAG(s) dict_keys(['example_branch_dop_operator_v3']) retrieved from /home/steve/.local/lib/python3.8/site-packages/airflow/example_dags/example_branch_python_dop_operator_3.py
[2022-11-08T20:35:42.205+0900] {logging_mixin.py:117} INFO - [2022-11-08T20:35:42.205+0900] {dag.py:2573} INFO - Sync 1 DAGs
[2022-11-08T20:35:42.217+0900] {logging_mixin.py:117} INFO - [2022-11-08T20:35:42.217+0900] {dag.py:3324} INFO - Setting next_dagrun for example_branch_dop_operator_v3 to 2022-11-08T11:34:00+00:00, run_after=2022-11-08T11:35:00+00:00
[2022-11-08T20:35:42.234+0900] {processor.py:178} INFO - Processing /home/steve/.local/lib/python3.8/site-packages/airflow/example_dags/example_branch_python_dop_operator_3.py took 0.062 seconds
[2022-11-08T20:36:17.886+0900] {processor.py:156} INFO - Started process (PID=11187) to work on /home/steve/.local/lib/python3.8/site-packages/airflow/example_dags/example_branch_python_dop_operator_3.py
[2022-11-08T20:36:17.888+0900] {processor.py:758} INFO - Processing file /home/steve/.local/lib/python3.8/site-packages/airflow/example_dags/example_branch_python_dop_operator_3.py for tasks to queue
[2022-11-08T20:36:17.888+0900] {logging_mixin.py:117} INFO - [2022-11-08T20:36:17.888+0900] {dagbag.py:525} INFO - Filling up the DagBag from /home/steve/.local/lib/python3.8/site-packages/airflow/example_dags/example_branch_python_dop_operator_3.py
[2022-11-08T20:36:17.901+0900] {processor.py:768} INFO - DAG(s) dict_keys(['example_branch_dop_operator_v3']) retrieved from /home/steve/.local/lib/python3.8/site-packages/airflow/example_dags/example_branch_python_dop_operator_3.py
[2022-11-08T20:36:17.915+0900] {logging_mixin.py:117} INFO - [2022-11-08T20:36:17.915+0900] {dag.py:2573} INFO - Sync 1 DAGs
[2022-11-08T20:36:17.927+0900] {logging_mixin.py:117} INFO - [2022-11-08T20:36:17.927+0900] {dag.py:3324} INFO - Setting next_dagrun for example_branch_dop_operator_v3 to 2022-11-08T11:35:00+00:00, run_after=2022-11-08T11:36:00+00:00
[2022-11-08T20:36:17.943+0900] {processor.py:178} INFO - Processing /home/steve/.local/lib/python3.8/site-packages/airflow/example_dags/example_branch_python_dop_operator_3.py took 0.059 seconds
[2022-11-08T20:36:52.206+0900] {processor.py:156} INFO - Started process (PID=11239) to work on /home/steve/.local/lib/python3.8/site-packages/airflow/example_dags/example_branch_python_dop_operator_3.py
[2022-11-08T20:36:52.207+0900] {processor.py:758} INFO - Processing file /home/steve/.local/lib/python3.8/site-packages/airflow/example_dags/example_branch_python_dop_operator_3.py for tasks to queue
[2022-11-08T20:36:52.207+0900] {logging_mixin.py:117} INFO - [2022-11-08T20:36:52.207+0900] {dagbag.py:525} INFO - Filling up the DagBag from /home/steve/.local/lib/python3.8/site-packages/airflow/example_dags/example_branch_python_dop_operator_3.py
[2022-11-08T20:36:52.219+0900] {processor.py:768} INFO - DAG(s) dict_keys(['example_branch_dop_operator_v3']) retrieved from /home/steve/.local/lib/python3.8/site-packages/airflow/example_dags/example_branch_python_dop_operator_3.py
[2022-11-08T20:36:52.233+0900] {logging_mixin.py:117} INFO - [2022-11-08T20:36:52.233+0900] {dag.py:2573} INFO - Sync 1 DAGs
[2022-11-08T20:36:52.245+0900] {logging_mixin.py:117} INFO - [2022-11-08T20:36:52.245+0900] {dag.py:3324} INFO - Setting next_dagrun for example_branch_dop_operator_v3 to 2022-11-08T11:35:00+00:00, run_after=2022-11-08T11:36:00+00:00
[2022-11-08T20:36:52.261+0900] {processor.py:178} INFO - Processing /home/steve/.local/lib/python3.8/site-packages/airflow/example_dags/example_branch_python_dop_operator_3.py took 0.056 seconds
[2022-11-08T20:37:28.158+0900] {processor.py:156} INFO - Started process (PID=11289) to work on /home/steve/.local/lib/python3.8/site-packages/airflow/example_dags/example_branch_python_dop_operator_3.py
[2022-11-08T20:37:28.159+0900] {processor.py:758} INFO - Processing file /home/steve/.local/lib/python3.8/site-packages/airflow/example_dags/example_branch_python_dop_operator_3.py for tasks to queue
[2022-11-08T20:37:28.159+0900] {logging_mixin.py:117} INFO - [2022-11-08T20:37:28.159+0900] {dagbag.py:525} INFO - Filling up the DagBag from /home/steve/.local/lib/python3.8/site-packages/airflow/example_dags/example_branch_python_dop_operator_3.py
[2022-11-08T20:37:28.172+0900] {processor.py:768} INFO - DAG(s) dict_keys(['example_branch_dop_operator_v3']) retrieved from /home/steve/.local/lib/python3.8/site-packages/airflow/example_dags/example_branch_python_dop_operator_3.py
[2022-11-08T20:37:28.186+0900] {logging_mixin.py:117} INFO - [2022-11-08T20:37:28.186+0900] {dag.py:2573} INFO - Sync 1 DAGs
[2022-11-08T20:37:28.198+0900] {logging_mixin.py:117} INFO - [2022-11-08T20:37:28.198+0900] {dag.py:3324} INFO - Setting next_dagrun for example_branch_dop_operator_v3 to 2022-11-08T11:36:00+00:00, run_after=2022-11-08T11:37:00+00:00
[2022-11-08T20:37:28.214+0900] {processor.py:178} INFO - Processing /home/steve/.local/lib/python3.8/site-packages/airflow/example_dags/example_branch_python_dop_operator_3.py took 0.057 seconds
[2022-11-08T20:38:03.688+0900] {processor.py:156} INFO - Started process (PID=11328) to work on /home/steve/.local/lib/python3.8/site-packages/airflow/example_dags/example_branch_python_dop_operator_3.py
[2022-11-08T20:38:03.690+0900] {processor.py:758} INFO - Processing file /home/steve/.local/lib/python3.8/site-packages/airflow/example_dags/example_branch_python_dop_operator_3.py for tasks to queue
[2022-11-08T20:38:03.690+0900] {logging_mixin.py:117} INFO - [2022-11-08T20:38:03.690+0900] {dagbag.py:525} INFO - Filling up the DagBag from /home/steve/.local/lib/python3.8/site-packages/airflow/example_dags/example_branch_python_dop_operator_3.py
[2022-11-08T20:38:03.703+0900] {processor.py:768} INFO - DAG(s) dict_keys(['example_branch_dop_operator_v3']) retrieved from /home/steve/.local/lib/python3.8/site-packages/airflow/example_dags/example_branch_python_dop_operator_3.py
[2022-11-08T20:38:03.718+0900] {logging_mixin.py:117} INFO - [2022-11-08T20:38:03.718+0900] {dag.py:2573} INFO - Sync 1 DAGs
[2022-11-08T20:38:03.730+0900] {logging_mixin.py:117} INFO - [2022-11-08T20:38:03.730+0900] {dag.py:3324} INFO - Setting next_dagrun for example_branch_dop_operator_v3 to 2022-11-08T11:37:00+00:00, run_after=2022-11-08T11:38:00+00:00
[2022-11-08T20:38:03.746+0900] {processor.py:178} INFO - Processing /home/steve/.local/lib/python3.8/site-packages/airflow/example_dags/example_branch_python_dop_operator_3.py took 0.059 seconds
[2022-11-08T20:38:40.871+0900] {processor.py:156} INFO - Started process (PID=11366) to work on /home/steve/.local/lib/python3.8/site-packages/airflow/example_dags/example_branch_python_dop_operator_3.py
[2022-11-08T20:38:40.873+0900] {processor.py:758} INFO - Processing file /home/steve/.local/lib/python3.8/site-packages/airflow/example_dags/example_branch_python_dop_operator_3.py for tasks to queue
[2022-11-08T20:38:40.874+0900] {logging_mixin.py:117} INFO - [2022-11-08T20:38:40.873+0900] {dagbag.py:525} INFO - Filling up the DagBag from /home/steve/.local/lib/python3.8/site-packages/airflow/example_dags/example_branch_python_dop_operator_3.py
[2022-11-08T20:38:40.886+0900] {processor.py:768} INFO - DAG(s) dict_keys(['example_branch_dop_operator_v3']) retrieved from /home/steve/.local/lib/python3.8/site-packages/airflow/example_dags/example_branch_python_dop_operator_3.py
[2022-11-08T20:38:40.901+0900] {logging_mixin.py:117} INFO - [2022-11-08T20:38:40.900+0900] {dag.py:2573} INFO - Sync 1 DAGs
[2022-11-08T20:38:40.912+0900] {logging_mixin.py:117} INFO - [2022-11-08T20:38:40.912+0900] {dag.py:3324} INFO - Setting next_dagrun for example_branch_dop_operator_v3 to 2022-11-08T11:37:00+00:00, run_after=2022-11-08T11:38:00+00:00
[2022-11-08T20:38:40.931+0900] {processor.py:178} INFO - Processing /home/steve/.local/lib/python3.8/site-packages/airflow/example_dags/example_branch_python_dop_operator_3.py took 0.062 seconds
[2022-11-08T20:39:15.772+0900] {processor.py:156} INFO - Started process (PID=11404) to work on /home/steve/.local/lib/python3.8/site-packages/airflow/example_dags/example_branch_python_dop_operator_3.py
[2022-11-08T20:39:15.774+0900] {processor.py:758} INFO - Processing file /home/steve/.local/lib/python3.8/site-packages/airflow/example_dags/example_branch_python_dop_operator_3.py for tasks to queue
[2022-11-08T20:39:15.775+0900] {logging_mixin.py:117} INFO - [2022-11-08T20:39:15.775+0900] {dagbag.py:525} INFO - Filling up the DagBag from /home/steve/.local/lib/python3.8/site-packages/airflow/example_dags/example_branch_python_dop_operator_3.py
[2022-11-08T20:39:15.788+0900] {processor.py:768} INFO - DAG(s) dict_keys(['example_branch_dop_operator_v3']) retrieved from /home/steve/.local/lib/python3.8/site-packages/airflow/example_dags/example_branch_python_dop_operator_3.py
[2022-11-08T20:39:15.805+0900] {logging_mixin.py:117} INFO - [2022-11-08T20:39:15.805+0900] {dag.py:2573} INFO - Sync 1 DAGs
[2022-11-08T20:39:15.818+0900] {logging_mixin.py:117} INFO - [2022-11-08T20:39:15.818+0900] {dag.py:3324} INFO - Setting next_dagrun for example_branch_dop_operator_v3 to 2022-11-08T11:38:00+00:00, run_after=2022-11-08T11:39:00+00:00
[2022-11-08T20:39:15.833+0900] {processor.py:178} INFO - Processing /home/steve/.local/lib/python3.8/site-packages/airflow/example_dags/example_branch_python_dop_operator_3.py took 0.062 seconds
[2022-11-08T20:39:52.623+0900] {processor.py:156} INFO - Started process (PID=11440) to work on /home/steve/.local/lib/python3.8/site-packages/airflow/example_dags/example_branch_python_dop_operator_3.py
[2022-11-08T20:39:52.625+0900] {processor.py:758} INFO - Processing file /home/steve/.local/lib/python3.8/site-packages/airflow/example_dags/example_branch_python_dop_operator_3.py for tasks to queue
[2022-11-08T20:39:52.626+0900] {logging_mixin.py:117} INFO - [2022-11-08T20:39:52.626+0900] {dagbag.py:525} INFO - Filling up the DagBag from /home/steve/.local/lib/python3.8/site-packages/airflow/example_dags/example_branch_python_dop_operator_3.py
[2022-11-08T20:39:52.641+0900] {processor.py:768} INFO - DAG(s) dict_keys(['example_branch_dop_operator_v3']) retrieved from /home/steve/.local/lib/python3.8/site-packages/airflow/example_dags/example_branch_python_dop_operator_3.py
[2022-11-08T20:39:52.658+0900] {logging_mixin.py:117} INFO - [2022-11-08T20:39:52.658+0900] {dag.py:2573} INFO - Sync 1 DAGs
[2022-11-08T20:39:52.672+0900] {logging_mixin.py:117} INFO - [2022-11-08T20:39:52.672+0900] {dag.py:3324} INFO - Setting next_dagrun for example_branch_dop_operator_v3 to 2022-11-08T11:38:00+00:00, run_after=2022-11-08T11:39:00+00:00
[2022-11-08T20:39:52.690+0900] {processor.py:178} INFO - Processing /home/steve/.local/lib/python3.8/site-packages/airflow/example_dags/example_branch_python_dop_operator_3.py took 0.070 seconds
[2022-11-08T20:40:30.550+0900] {processor.py:156} INFO - Started process (PID=11479) to work on /home/steve/.local/lib/python3.8/site-packages/airflow/example_dags/example_branch_python_dop_operator_3.py
[2022-11-08T20:40:30.553+0900] {processor.py:758} INFO - Processing file /home/steve/.local/lib/python3.8/site-packages/airflow/example_dags/example_branch_python_dop_operator_3.py for tasks to queue
[2022-11-08T20:40:30.553+0900] {logging_mixin.py:117} INFO - [2022-11-08T20:40:30.553+0900] {dagbag.py:525} INFO - Filling up the DagBag from /home/steve/.local/lib/python3.8/site-packages/airflow/example_dags/example_branch_python_dop_operator_3.py
[2022-11-08T20:40:30.565+0900] {processor.py:768} INFO - DAG(s) dict_keys(['example_branch_dop_operator_v3']) retrieved from /home/steve/.local/lib/python3.8/site-packages/airflow/example_dags/example_branch_python_dop_operator_3.py
[2022-11-08T20:40:30.579+0900] {logging_mixin.py:117} INFO - [2022-11-08T20:40:30.579+0900] {dag.py:2573} INFO - Sync 1 DAGs
[2022-11-08T20:40:30.592+0900] {logging_mixin.py:117} INFO - [2022-11-08T20:40:30.592+0900] {dag.py:3324} INFO - Setting next_dagrun for example_branch_dop_operator_v3 to 2022-11-08T11:39:00+00:00, run_after=2022-11-08T11:40:00+00:00
[2022-11-08T20:40:30.609+0900] {processor.py:178} INFO - Processing /home/steve/.local/lib/python3.8/site-packages/airflow/example_dags/example_branch_python_dop_operator_3.py took 0.060 seconds
[2022-11-08T20:41:07.529+0900] {processor.py:156} INFO - Started process (PID=11518) to work on /home/steve/.local/lib/python3.8/site-packages/airflow/example_dags/example_branch_python_dop_operator_3.py
[2022-11-08T20:41:07.531+0900] {processor.py:758} INFO - Processing file /home/steve/.local/lib/python3.8/site-packages/airflow/example_dags/example_branch_python_dop_operator_3.py for tasks to queue
[2022-11-08T20:41:07.531+0900] {logging_mixin.py:117} INFO - [2022-11-08T20:41:07.531+0900] {dagbag.py:525} INFO - Filling up the DagBag from /home/steve/.local/lib/python3.8/site-packages/airflow/example_dags/example_branch_python_dop_operator_3.py
[2022-11-08T20:41:07.547+0900] {processor.py:768} INFO - DAG(s) dict_keys(['example_branch_dop_operator_v3']) retrieved from /home/steve/.local/lib/python3.8/site-packages/airflow/example_dags/example_branch_python_dop_operator_3.py
[2022-11-08T20:41:07.566+0900] {logging_mixin.py:117} INFO - [2022-11-08T20:41:07.566+0900] {dag.py:2573} INFO - Sync 1 DAGs
[2022-11-08T20:41:07.581+0900] {logging_mixin.py:117} INFO - [2022-11-08T20:41:07.581+0900] {dag.py:3324} INFO - Setting next_dagrun for example_branch_dop_operator_v3 to 2022-11-08T11:40:00+00:00, run_after=2022-11-08T11:41:00+00:00
[2022-11-08T20:41:07.598+0900] {processor.py:178} INFO - Processing /home/steve/.local/lib/python3.8/site-packages/airflow/example_dags/example_branch_python_dop_operator_3.py took 0.071 seconds
[2022-11-08T20:41:42.347+0900] {processor.py:156} INFO - Started process (PID=11553) to work on /home/steve/.local/lib/python3.8/site-packages/airflow/example_dags/example_branch_python_dop_operator_3.py
[2022-11-08T20:41:42.350+0900] {processor.py:758} INFO - Processing file /home/steve/.local/lib/python3.8/site-packages/airflow/example_dags/example_branch_python_dop_operator_3.py for tasks to queue
[2022-11-08T20:41:42.350+0900] {logging_mixin.py:117} INFO - [2022-11-08T20:41:42.350+0900] {dagbag.py:525} INFO - Filling up the DagBag from /home/steve/.local/lib/python3.8/site-packages/airflow/example_dags/example_branch_python_dop_operator_3.py
[2022-11-08T20:41:42.363+0900] {processor.py:768} INFO - DAG(s) dict_keys(['example_branch_dop_operator_v3']) retrieved from /home/steve/.local/lib/python3.8/site-packages/airflow/example_dags/example_branch_python_dop_operator_3.py
[2022-11-08T20:41:42.377+0900] {logging_mixin.py:117} INFO - [2022-11-08T20:41:42.377+0900] {dag.py:2573} INFO - Sync 1 DAGs
[2022-11-08T20:41:42.389+0900] {logging_mixin.py:117} INFO - [2022-11-08T20:41:42.389+0900] {dag.py:3324} INFO - Setting next_dagrun for example_branch_dop_operator_v3 to 2022-11-08T11:40:00+00:00, run_after=2022-11-08T11:41:00+00:00
[2022-11-08T20:41:42.405+0900] {processor.py:178} INFO - Processing /home/steve/.local/lib/python3.8/site-packages/airflow/example_dags/example_branch_python_dop_operator_3.py took 0.060 seconds
[2022-11-08T20:42:18.135+0900] {processor.py:156} INFO - Started process (PID=11620) to work on /home/steve/.local/lib/python3.8/site-packages/airflow/example_dags/example_branch_python_dop_operator_3.py
[2022-11-08T20:42:18.136+0900] {processor.py:758} INFO - Processing file /home/steve/.local/lib/python3.8/site-packages/airflow/example_dags/example_branch_python_dop_operator_3.py for tasks to queue
[2022-11-08T20:42:18.136+0900] {logging_mixin.py:117} INFO - [2022-11-08T20:42:18.136+0900] {dagbag.py:525} INFO - Filling up the DagBag from /home/steve/.local/lib/python3.8/site-packages/airflow/example_dags/example_branch_python_dop_operator_3.py
[2022-11-08T20:42:18.149+0900] {processor.py:768} INFO - DAG(s) dict_keys(['example_branch_dop_operator_v3']) retrieved from /home/steve/.local/lib/python3.8/site-packages/airflow/example_dags/example_branch_python_dop_operator_3.py
[2022-11-08T20:42:18.163+0900] {logging_mixin.py:117} INFO - [2022-11-08T20:42:18.163+0900] {dag.py:2573} INFO - Sync 1 DAGs
[2022-11-08T20:42:18.175+0900] {logging_mixin.py:117} INFO - [2022-11-08T20:42:18.175+0900] {dag.py:3324} INFO - Setting next_dagrun for example_branch_dop_operator_v3 to 2022-11-08T11:41:00+00:00, run_after=2022-11-08T11:42:00+00:00
[2022-11-08T20:42:18.190+0900] {processor.py:178} INFO - Processing /home/steve/.local/lib/python3.8/site-packages/airflow/example_dags/example_branch_python_dop_operator_3.py took 0.056 seconds
[2022-11-08T20:42:52.340+0900] {processor.py:156} INFO - Started process (PID=11656) to work on /home/steve/.local/lib/python3.8/site-packages/airflow/example_dags/example_branch_python_dop_operator_3.py
[2022-11-08T20:42:52.342+0900] {processor.py:758} INFO - Processing file /home/steve/.local/lib/python3.8/site-packages/airflow/example_dags/example_branch_python_dop_operator_3.py for tasks to queue
[2022-11-08T20:42:52.343+0900] {logging_mixin.py:117} INFO - [2022-11-08T20:42:52.343+0900] {dagbag.py:525} INFO - Filling up the DagBag from /home/steve/.local/lib/python3.8/site-packages/airflow/example_dags/example_branch_python_dop_operator_3.py
[2022-11-08T20:42:52.356+0900] {processor.py:768} INFO - DAG(s) dict_keys(['example_branch_dop_operator_v3']) retrieved from /home/steve/.local/lib/python3.8/site-packages/airflow/example_dags/example_branch_python_dop_operator_3.py
[2022-11-08T20:42:52.372+0900] {logging_mixin.py:117} INFO - [2022-11-08T20:42:52.372+0900] {dag.py:2573} INFO - Sync 1 DAGs
[2022-11-08T20:42:52.384+0900] {logging_mixin.py:117} INFO - [2022-11-08T20:42:52.384+0900] {dag.py:3324} INFO - Setting next_dagrun for example_branch_dop_operator_v3 to 2022-11-08T11:41:00+00:00, run_after=2022-11-08T11:42:00+00:00
[2022-11-08T20:42:52.401+0900] {processor.py:178} INFO - Processing /home/steve/.local/lib/python3.8/site-packages/airflow/example_dags/example_branch_python_dop_operator_3.py took 0.062 seconds
[2022-11-08T20:43:31.287+0900] {processor.py:156} INFO - Started process (PID=11695) to work on /home/steve/.local/lib/python3.8/site-packages/airflow/example_dags/example_branch_python_dop_operator_3.py
[2022-11-08T20:43:31.289+0900] {processor.py:758} INFO - Processing file /home/steve/.local/lib/python3.8/site-packages/airflow/example_dags/example_branch_python_dop_operator_3.py for tasks to queue
[2022-11-08T20:43:31.289+0900] {logging_mixin.py:117} INFO - [2022-11-08T20:43:31.289+0900] {dagbag.py:525} INFO - Filling up the DagBag from /home/steve/.local/lib/python3.8/site-packages/airflow/example_dags/example_branch_python_dop_operator_3.py
[2022-11-08T20:43:31.303+0900] {processor.py:768} INFO - DAG(s) dict_keys(['example_branch_dop_operator_v3']) retrieved from /home/steve/.local/lib/python3.8/site-packages/airflow/example_dags/example_branch_python_dop_operator_3.py
[2022-11-08T20:43:31.320+0900] {logging_mixin.py:117} INFO - [2022-11-08T20:43:31.320+0900] {dag.py:2573} INFO - Sync 1 DAGs
[2022-11-08T20:43:31.333+0900] {logging_mixin.py:117} INFO - [2022-11-08T20:43:31.333+0900] {dag.py:3324} INFO - Setting next_dagrun for example_branch_dop_operator_v3 to 2022-11-08T11:42:00+00:00, run_after=2022-11-08T11:43:00+00:00
[2022-11-08T20:43:31.350+0900] {processor.py:178} INFO - Processing /home/steve/.local/lib/python3.8/site-packages/airflow/example_dags/example_branch_python_dop_operator_3.py took 0.065 seconds
[2022-11-08T20:44:05.573+0900] {processor.py:156} INFO - Started process (PID=11732) to work on /home/steve/.local/lib/python3.8/site-packages/airflow/example_dags/example_branch_python_dop_operator_3.py
[2022-11-08T20:44:05.574+0900] {processor.py:758} INFO - Processing file /home/steve/.local/lib/python3.8/site-packages/airflow/example_dags/example_branch_python_dop_operator_3.py for tasks to queue
[2022-11-08T20:44:05.574+0900] {logging_mixin.py:117} INFO - [2022-11-08T20:44:05.574+0900] {dagbag.py:525} INFO - Filling up the DagBag from /home/steve/.local/lib/python3.8/site-packages/airflow/example_dags/example_branch_python_dop_operator_3.py
[2022-11-08T20:44:05.588+0900] {processor.py:768} INFO - DAG(s) dict_keys(['example_branch_dop_operator_v3']) retrieved from /home/steve/.local/lib/python3.8/site-packages/airflow/example_dags/example_branch_python_dop_operator_3.py
[2022-11-08T20:44:05.604+0900] {logging_mixin.py:117} INFO - [2022-11-08T20:44:05.604+0900] {dag.py:2573} INFO - Sync 1 DAGs
[2022-11-08T20:44:05.619+0900] {logging_mixin.py:117} INFO - [2022-11-08T20:44:05.618+0900] {dag.py:3324} INFO - Setting next_dagrun for example_branch_dop_operator_v3 to 2022-11-08T11:43:00+00:00, run_after=2022-11-08T11:44:00+00:00
[2022-11-08T20:44:05.636+0900] {processor.py:178} INFO - Processing /home/steve/.local/lib/python3.8/site-packages/airflow/example_dags/example_branch_python_dop_operator_3.py took 0.065 seconds
[2022-11-08T20:44:40.531+0900] {processor.py:156} INFO - Started process (PID=11769) to work on /home/steve/.local/lib/python3.8/site-packages/airflow/example_dags/example_branch_python_dop_operator_3.py
[2022-11-08T20:44:40.533+0900] {processor.py:758} INFO - Processing file /home/steve/.local/lib/python3.8/site-packages/airflow/example_dags/example_branch_python_dop_operator_3.py for tasks to queue
[2022-11-08T20:44:40.534+0900] {logging_mixin.py:117} INFO - [2022-11-08T20:44:40.534+0900] {dagbag.py:525} INFO - Filling up the DagBag from /home/steve/.local/lib/python3.8/site-packages/airflow/example_dags/example_branch_python_dop_operator_3.py
[2022-11-08T20:44:40.549+0900] {processor.py:768} INFO - DAG(s) dict_keys(['example_branch_dop_operator_v3']) retrieved from /home/steve/.local/lib/python3.8/site-packages/airflow/example_dags/example_branch_python_dop_operator_3.py
[2022-11-08T20:44:40.569+0900] {logging_mixin.py:117} INFO - [2022-11-08T20:44:40.569+0900] {dag.py:2573} INFO - Sync 1 DAGs
[2022-11-08T20:44:40.585+0900] {logging_mixin.py:117} INFO - [2022-11-08T20:44:40.585+0900] {dag.py:3324} INFO - Setting next_dagrun for example_branch_dop_operator_v3 to 2022-11-08T11:43:00+00:00, run_after=2022-11-08T11:44:00+00:00
[2022-11-08T20:44:40.603+0900] {processor.py:178} INFO - Processing /home/steve/.local/lib/python3.8/site-packages/airflow/example_dags/example_branch_python_dop_operator_3.py took 0.073 seconds
[2022-11-08T20:45:19.355+0900] {processor.py:156} INFO - Started process (PID=11808) to work on /home/steve/.local/lib/python3.8/site-packages/airflow/example_dags/example_branch_python_dop_operator_3.py
[2022-11-08T20:45:19.356+0900] {processor.py:758} INFO - Processing file /home/steve/.local/lib/python3.8/site-packages/airflow/example_dags/example_branch_python_dop_operator_3.py for tasks to queue
[2022-11-08T20:45:19.356+0900] {logging_mixin.py:117} INFO - [2022-11-08T20:45:19.356+0900] {dagbag.py:525} INFO - Filling up the DagBag from /home/steve/.local/lib/python3.8/site-packages/airflow/example_dags/example_branch_python_dop_operator_3.py
[2022-11-08T20:45:19.368+0900] {processor.py:768} INFO - DAG(s) dict_keys(['example_branch_dop_operator_v3']) retrieved from /home/steve/.local/lib/python3.8/site-packages/airflow/example_dags/example_branch_python_dop_operator_3.py
[2022-11-08T20:45:19.383+0900] {logging_mixin.py:117} INFO - [2022-11-08T20:45:19.383+0900] {dag.py:2573} INFO - Sync 1 DAGs
[2022-11-08T20:45:19.394+0900] {logging_mixin.py:117} INFO - [2022-11-08T20:45:19.394+0900] {dag.py:3324} INFO - Setting next_dagrun for example_branch_dop_operator_v3 to 2022-11-08T11:44:00+00:00, run_after=2022-11-08T11:45:00+00:00
[2022-11-08T20:45:19.412+0900] {processor.py:178} INFO - Processing /home/steve/.local/lib/python3.8/site-packages/airflow/example_dags/example_branch_python_dop_operator_3.py took 0.059 seconds
[2022-11-08T20:45:56.442+0900] {processor.py:156} INFO - Started process (PID=11847) to work on /home/steve/.local/lib/python3.8/site-packages/airflow/example_dags/example_branch_python_dop_operator_3.py
[2022-11-08T20:45:56.444+0900] {processor.py:758} INFO - Processing file /home/steve/.local/lib/python3.8/site-packages/airflow/example_dags/example_branch_python_dop_operator_3.py for tasks to queue
[2022-11-08T20:45:56.445+0900] {logging_mixin.py:117} INFO - [2022-11-08T20:45:56.445+0900] {dagbag.py:525} INFO - Filling up the DagBag from /home/steve/.local/lib/python3.8/site-packages/airflow/example_dags/example_branch_python_dop_operator_3.py
[2022-11-08T20:45:56.459+0900] {processor.py:768} INFO - DAG(s) dict_keys(['example_branch_dop_operator_v3']) retrieved from /home/steve/.local/lib/python3.8/site-packages/airflow/example_dags/example_branch_python_dop_operator_3.py
[2022-11-08T20:45:56.477+0900] {logging_mixin.py:117} INFO - [2022-11-08T20:45:56.477+0900] {dag.py:2573} INFO - Sync 1 DAGs
[2022-11-08T20:45:56.491+0900] {logging_mixin.py:117} INFO - [2022-11-08T20:45:56.491+0900] {dag.py:3324} INFO - Setting next_dagrun for example_branch_dop_operator_v3 to 2022-11-08T11:44:00+00:00, run_after=2022-11-08T11:45:00+00:00
[2022-11-08T20:45:56.510+0900] {processor.py:178} INFO - Processing /home/steve/.local/lib/python3.8/site-packages/airflow/example_dags/example_branch_python_dop_operator_3.py took 0.069 seconds
[2022-11-08T20:46:35.268+0900] {processor.py:156} INFO - Started process (PID=11885) to work on /home/steve/.local/lib/python3.8/site-packages/airflow/example_dags/example_branch_python_dop_operator_3.py
[2022-11-08T20:46:35.271+0900] {processor.py:758} INFO - Processing file /home/steve/.local/lib/python3.8/site-packages/airflow/example_dags/example_branch_python_dop_operator_3.py for tasks to queue
[2022-11-08T20:46:35.271+0900] {logging_mixin.py:117} INFO - [2022-11-08T20:46:35.271+0900] {dagbag.py:525} INFO - Filling up the DagBag from /home/steve/.local/lib/python3.8/site-packages/airflow/example_dags/example_branch_python_dop_operator_3.py
[2022-11-08T20:46:35.286+0900] {processor.py:768} INFO - DAG(s) dict_keys(['example_branch_dop_operator_v3']) retrieved from /home/steve/.local/lib/python3.8/site-packages/airflow/example_dags/example_branch_python_dop_operator_3.py
[2022-11-08T20:46:35.305+0900] {logging_mixin.py:117} INFO - [2022-11-08T20:46:35.305+0900] {dag.py:2573} INFO - Sync 1 DAGs
[2022-11-08T20:46:35.318+0900] {logging_mixin.py:117} INFO - [2022-11-08T20:46:35.318+0900] {dag.py:3324} INFO - Setting next_dagrun for example_branch_dop_operator_v3 to 2022-11-08T11:45:00+00:00, run_after=2022-11-08T11:46:00+00:00
[2022-11-08T20:46:35.347+0900] {processor.py:178} INFO - Processing /home/steve/.local/lib/python3.8/site-packages/airflow/example_dags/example_branch_python_dop_operator_3.py took 0.080 seconds
[2022-11-08T20:47:11.116+0900] {processor.py:156} INFO - Started process (PID=12036) to work on /home/steve/.local/lib/python3.8/site-packages/airflow/example_dags/example_branch_python_dop_operator_3.py
[2022-11-08T20:47:11.117+0900] {processor.py:758} INFO - Processing file /home/steve/.local/lib/python3.8/site-packages/airflow/example_dags/example_branch_python_dop_operator_3.py for tasks to queue
[2022-11-08T20:47:11.118+0900] {logging_mixin.py:117} INFO - [2022-11-08T20:47:11.118+0900] {dagbag.py:525} INFO - Filling up the DagBag from /home/steve/.local/lib/python3.8/site-packages/airflow/example_dags/example_branch_python_dop_operator_3.py
[2022-11-08T20:47:11.132+0900] {processor.py:768} INFO - DAG(s) dict_keys(['example_branch_dop_operator_v3']) retrieved from /home/steve/.local/lib/python3.8/site-packages/airflow/example_dags/example_branch_python_dop_operator_3.py
[2022-11-08T20:47:11.148+0900] {logging_mixin.py:117} INFO - [2022-11-08T20:47:11.148+0900] {dag.py:2573} INFO - Sync 1 DAGs
[2022-11-08T20:47:11.162+0900] {logging_mixin.py:117} INFO - [2022-11-08T20:47:11.162+0900] {dag.py:3324} INFO - Setting next_dagrun for example_branch_dop_operator_v3 to 2022-11-08T11:46:00+00:00, run_after=2022-11-08T11:47:00+00:00
[2022-11-08T20:47:11.185+0900] {processor.py:178} INFO - Processing /home/steve/.local/lib/python3.8/site-packages/airflow/example_dags/example_branch_python_dop_operator_3.py took 0.070 seconds
[2022-11-08T20:47:49.030+0900] {processor.py:156} INFO - Started process (PID=12249) to work on /home/steve/.local/lib/python3.8/site-packages/airflow/example_dags/example_branch_python_dop_operator_3.py
[2022-11-08T20:47:49.032+0900] {processor.py:758} INFO - Processing file /home/steve/.local/lib/python3.8/site-packages/airflow/example_dags/example_branch_python_dop_operator_3.py for tasks to queue
[2022-11-08T20:47:49.032+0900] {logging_mixin.py:117} INFO - [2022-11-08T20:47:49.032+0900] {dagbag.py:525} INFO - Filling up the DagBag from /home/steve/.local/lib/python3.8/site-packages/airflow/example_dags/example_branch_python_dop_operator_3.py
[2022-11-08T20:47:49.047+0900] {processor.py:768} INFO - DAG(s) dict_keys(['example_branch_dop_operator_v3']) retrieved from /home/steve/.local/lib/python3.8/site-packages/airflow/example_dags/example_branch_python_dop_operator_3.py
[2022-11-08T20:47:49.062+0900] {logging_mixin.py:117} INFO - [2022-11-08T20:47:49.062+0900] {dag.py:2573} INFO - Sync 1 DAGs
[2022-11-08T20:47:49.077+0900] {logging_mixin.py:117} INFO - [2022-11-08T20:47:49.077+0900] {dag.py:3324} INFO - Setting next_dagrun for example_branch_dop_operator_v3 to 2022-11-08T11:46:00+00:00, run_after=2022-11-08T11:47:00+00:00
[2022-11-08T20:47:49.097+0900] {processor.py:178} INFO - Processing /home/steve/.local/lib/python3.8/site-packages/airflow/example_dags/example_branch_python_dop_operator_3.py took 0.069 seconds
[2022-11-08T20:48:24.584+0900] {processor.py:156} INFO - Started process (PID=12285) to work on /home/steve/.local/lib/python3.8/site-packages/airflow/example_dags/example_branch_python_dop_operator_3.py
[2022-11-08T20:48:24.585+0900] {processor.py:758} INFO - Processing file /home/steve/.local/lib/python3.8/site-packages/airflow/example_dags/example_branch_python_dop_operator_3.py for tasks to queue
[2022-11-08T20:48:24.585+0900] {logging_mixin.py:117} INFO - [2022-11-08T20:48:24.585+0900] {dagbag.py:525} INFO - Filling up the DagBag from /home/steve/.local/lib/python3.8/site-packages/airflow/example_dags/example_branch_python_dop_operator_3.py
[2022-11-08T20:48:24.599+0900] {processor.py:768} INFO - DAG(s) dict_keys(['example_branch_dop_operator_v3']) retrieved from /home/steve/.local/lib/python3.8/site-packages/airflow/example_dags/example_branch_python_dop_operator_3.py
[2022-11-08T20:48:24.617+0900] {logging_mixin.py:117} INFO - [2022-11-08T20:48:24.617+0900] {dag.py:2573} INFO - Sync 1 DAGs
[2022-11-08T20:48:24.631+0900] {logging_mixin.py:117} INFO - [2022-11-08T20:48:24.631+0900] {dag.py:3324} INFO - Setting next_dagrun for example_branch_dop_operator_v3 to 2022-11-08T11:47:00+00:00, run_after=2022-11-08T11:48:00+00:00
[2022-11-08T20:48:24.646+0900] {processor.py:178} INFO - Processing /home/steve/.local/lib/python3.8/site-packages/airflow/example_dags/example_branch_python_dop_operator_3.py took 0.064 seconds
[2022-11-08T20:48:59.520+0900] {processor.py:156} INFO - Started process (PID=12321) to work on /home/steve/.local/lib/python3.8/site-packages/airflow/example_dags/example_branch_python_dop_operator_3.py
[2022-11-08T20:48:59.523+0900] {processor.py:758} INFO - Processing file /home/steve/.local/lib/python3.8/site-packages/airflow/example_dags/example_branch_python_dop_operator_3.py for tasks to queue
[2022-11-08T20:48:59.523+0900] {logging_mixin.py:117} INFO - [2022-11-08T20:48:59.523+0900] {dagbag.py:525} INFO - Filling up the DagBag from /home/steve/.local/lib/python3.8/site-packages/airflow/example_dags/example_branch_python_dop_operator_3.py
[2022-11-08T20:48:59.537+0900] {processor.py:768} INFO - DAG(s) dict_keys(['example_branch_dop_operator_v3']) retrieved from /home/steve/.local/lib/python3.8/site-packages/airflow/example_dags/example_branch_python_dop_operator_3.py
[2022-11-08T20:48:59.554+0900] {logging_mixin.py:117} INFO - [2022-11-08T20:48:59.554+0900] {dag.py:2573} INFO - Sync 1 DAGs
[2022-11-08T20:48:59.567+0900] {logging_mixin.py:117} INFO - [2022-11-08T20:48:59.567+0900] {dag.py:3324} INFO - Setting next_dagrun for example_branch_dop_operator_v3 to 2022-11-08T11:47:00+00:00, run_after=2022-11-08T11:48:00+00:00
[2022-11-08T20:48:59.586+0900] {processor.py:178} INFO - Processing /home/steve/.local/lib/python3.8/site-packages/airflow/example_dags/example_branch_python_dop_operator_3.py took 0.067 seconds
[2022-11-08T20:49:34.416+0900] {processor.py:156} INFO - Started process (PID=12358) to work on /home/steve/.local/lib/python3.8/site-packages/airflow/example_dags/example_branch_python_dop_operator_3.py
[2022-11-08T20:49:34.418+0900] {processor.py:758} INFO - Processing file /home/steve/.local/lib/python3.8/site-packages/airflow/example_dags/example_branch_python_dop_operator_3.py for tasks to queue
[2022-11-08T20:49:34.418+0900] {logging_mixin.py:117} INFO - [2022-11-08T20:49:34.418+0900] {dagbag.py:525} INFO - Filling up the DagBag from /home/steve/.local/lib/python3.8/site-packages/airflow/example_dags/example_branch_python_dop_operator_3.py
[2022-11-08T20:49:34.432+0900] {processor.py:768} INFO - DAG(s) dict_keys(['example_branch_dop_operator_v3']) retrieved from /home/steve/.local/lib/python3.8/site-packages/airflow/example_dags/example_branch_python_dop_operator_3.py
[2022-11-08T20:49:34.448+0900] {logging_mixin.py:117} INFO - [2022-11-08T20:49:34.448+0900] {dag.py:2573} INFO - Sync 1 DAGs
[2022-11-08T20:49:34.460+0900] {logging_mixin.py:117} INFO - [2022-11-08T20:49:34.459+0900] {dag.py:3324} INFO - Setting next_dagrun for example_branch_dop_operator_v3 to 2022-11-08T11:48:00+00:00, run_after=2022-11-08T11:49:00+00:00
[2022-11-08T20:49:34.477+0900] {processor.py:178} INFO - Processing /home/steve/.local/lib/python3.8/site-packages/airflow/example_dags/example_branch_python_dop_operator_3.py took 0.064 seconds
[2022-11-08T20:50:10.680+0900] {processor.py:156} INFO - Started process (PID=12396) to work on /home/steve/.local/lib/python3.8/site-packages/airflow/example_dags/example_branch_python_dop_operator_3.py
[2022-11-08T20:50:10.682+0900] {processor.py:758} INFO - Processing file /home/steve/.local/lib/python3.8/site-packages/airflow/example_dags/example_branch_python_dop_operator_3.py for tasks to queue
[2022-11-08T20:50:10.682+0900] {logging_mixin.py:117} INFO - [2022-11-08T20:50:10.682+0900] {dagbag.py:525} INFO - Filling up the DagBag from /home/steve/.local/lib/python3.8/site-packages/airflow/example_dags/example_branch_python_dop_operator_3.py
[2022-11-08T20:50:10.695+0900] {processor.py:768} INFO - DAG(s) dict_keys(['example_branch_dop_operator_v3']) retrieved from /home/steve/.local/lib/python3.8/site-packages/airflow/example_dags/example_branch_python_dop_operator_3.py
[2022-11-08T20:50:10.711+0900] {logging_mixin.py:117} INFO - [2022-11-08T20:50:10.711+0900] {dag.py:2573} INFO - Sync 1 DAGs
[2022-11-08T20:50:10.723+0900] {logging_mixin.py:117} INFO - [2022-11-08T20:50:10.723+0900] {dag.py:3324} INFO - Setting next_dagrun for example_branch_dop_operator_v3 to 2022-11-08T11:49:00+00:00, run_after=2022-11-08T11:50:00+00:00
[2022-11-08T20:50:10.740+0900] {processor.py:178} INFO - Processing /home/steve/.local/lib/python3.8/site-packages/airflow/example_dags/example_branch_python_dop_operator_3.py took 0.062 seconds
[2022-11-08T20:50:48.686+0900] {processor.py:156} INFO - Started process (PID=12590) to work on /home/steve/.local/lib/python3.8/site-packages/airflow/example_dags/example_branch_python_dop_operator_3.py
[2022-11-08T20:50:48.688+0900] {processor.py:758} INFO - Processing file /home/steve/.local/lib/python3.8/site-packages/airflow/example_dags/example_branch_python_dop_operator_3.py for tasks to queue
[2022-11-08T20:50:48.688+0900] {logging_mixin.py:117} INFO - [2022-11-08T20:50:48.688+0900] {dagbag.py:525} INFO - Filling up the DagBag from /home/steve/.local/lib/python3.8/site-packages/airflow/example_dags/example_branch_python_dop_operator_3.py
[2022-11-08T20:50:48.701+0900] {processor.py:768} INFO - DAG(s) dict_keys(['example_branch_dop_operator_v3']) retrieved from /home/steve/.local/lib/python3.8/site-packages/airflow/example_dags/example_branch_python_dop_operator_3.py
[2022-11-08T20:50:48.716+0900] {logging_mixin.py:117} INFO - [2022-11-08T20:50:48.715+0900] {dag.py:2573} INFO - Sync 1 DAGs
[2022-11-08T20:50:48.727+0900] {logging_mixin.py:117} INFO - [2022-11-08T20:50:48.727+0900] {dag.py:3324} INFO - Setting next_dagrun for example_branch_dop_operator_v3 to 2022-11-08T11:49:00+00:00, run_after=2022-11-08T11:50:00+00:00
[2022-11-08T20:50:48.742+0900] {processor.py:178} INFO - Processing /home/steve/.local/lib/python3.8/site-packages/airflow/example_dags/example_branch_python_dop_operator_3.py took 0.058 seconds
