[2022-11-08T19:45:00.240+0900] {processor.py:156} INFO - Started process (PID=7415) to work on /home/steve/.local/lib/python3.8/site-packages/airflow/example_dags/example_short_circuit_decorator.py
[2022-11-08T19:45:00.240+0900] {processor.py:758} INFO - Processing file /home/steve/.local/lib/python3.8/site-packages/airflow/example_dags/example_short_circuit_decorator.py for tasks to queue
[2022-11-08T19:45:00.241+0900] {logging_mixin.py:117} INFO - [2022-11-08T19:45:00.241+0900] {dagbag.py:525} INFO - Filling up the DagBag from /home/steve/.local/lib/python3.8/site-packages/airflow/example_dags/example_short_circuit_decorator.py
[2022-11-08T19:45:00.253+0900] {processor.py:768} INFO - DAG(s) dict_keys(['example_short_circuit_decorator']) retrieved from /home/steve/.local/lib/python3.8/site-packages/airflow/example_dags/example_short_circuit_decorator.py
[2022-11-08T19:45:00.393+0900] {logging_mixin.py:117} INFO - [2022-11-08T19:45:00.393+0900] {manager.py:507} INFO - Created Permission View: can edit on DAG:example_short_circuit_decorator
[2022-11-08T19:45:00.402+0900] {logging_mixin.py:117} INFO - [2022-11-08T19:45:00.402+0900] {manager.py:507} INFO - Created Permission View: can delete on DAG:example_short_circuit_decorator
[2022-11-08T19:45:00.410+0900] {logging_mixin.py:117} INFO - [2022-11-08T19:45:00.410+0900] {manager.py:507} INFO - Created Permission View: can read on DAG:example_short_circuit_decorator
[2022-11-08T19:45:00.410+0900] {logging_mixin.py:117} INFO - [2022-11-08T19:45:00.410+0900] {dag.py:2573} INFO - Sync 1 DAGs
[2022-11-08T19:45:00.416+0900] {logging_mixin.py:117} INFO - [2022-11-08T19:45:00.416+0900] {dag.py:2594} INFO - Creating ORM DAG for example_short_circuit_decorator
[2022-11-08T19:45:00.420+0900] {logging_mixin.py:117} INFO - [2022-11-08T19:45:00.420+0900] {dag.py:3324} INFO - Setting next_dagrun for example_short_circuit_decorator to 2022-11-07T10:45:00.420332+00:00, run_after=2022-11-08T10:45:00.420332+00:00
[2022-11-08T19:45:00.436+0900] {processor.py:178} INFO - Processing /home/steve/.local/lib/python3.8/site-packages/airflow/example_dags/example_short_circuit_decorator.py took 0.198 seconds
[2022-11-08T19:45:35.546+0900] {processor.py:156} INFO - Started process (PID=7666) to work on /home/steve/.local/lib/python3.8/site-packages/airflow/example_dags/example_short_circuit_decorator.py
[2022-11-08T19:45:35.548+0900] {processor.py:758} INFO - Processing file /home/steve/.local/lib/python3.8/site-packages/airflow/example_dags/example_short_circuit_decorator.py for tasks to queue
[2022-11-08T19:45:35.549+0900] {logging_mixin.py:117} INFO - [2022-11-08T19:45:35.549+0900] {dagbag.py:525} INFO - Filling up the DagBag from /home/steve/.local/lib/python3.8/site-packages/airflow/example_dags/example_short_circuit_decorator.py
[2022-11-08T19:45:35.561+0900] {processor.py:768} INFO - DAG(s) dict_keys(['example_short_circuit_decorator']) retrieved from /home/steve/.local/lib/python3.8/site-packages/airflow/example_dags/example_short_circuit_decorator.py
[2022-11-08T19:45:35.577+0900] {logging_mixin.py:117} INFO - [2022-11-08T19:45:35.576+0900] {dag.py:2573} INFO - Sync 1 DAGs
[2022-11-08T19:45:35.586+0900] {logging_mixin.py:117} INFO - [2022-11-08T19:45:35.586+0900] {dag.py:3324} INFO - Setting next_dagrun for example_short_circuit_decorator to 2022-11-07T10:45:35.586196+00:00, run_after=2022-11-08T10:45:35.586196+00:00
[2022-11-08T19:45:35.602+0900] {processor.py:178} INFO - Processing /home/steve/.local/lib/python3.8/site-packages/airflow/example_dags/example_short_circuit_decorator.py took 0.057 seconds
[2022-11-08T19:46:12.249+0900] {processor.py:156} INFO - Started process (PID=7800) to work on /home/steve/.local/lib/python3.8/site-packages/airflow/example_dags/example_short_circuit_decorator.py
[2022-11-08T19:46:12.251+0900] {processor.py:758} INFO - Processing file /home/steve/.local/lib/python3.8/site-packages/airflow/example_dags/example_short_circuit_decorator.py for tasks to queue
[2022-11-08T19:46:12.251+0900] {logging_mixin.py:117} INFO - [2022-11-08T19:46:12.251+0900] {dagbag.py:525} INFO - Filling up the DagBag from /home/steve/.local/lib/python3.8/site-packages/airflow/example_dags/example_short_circuit_decorator.py
[2022-11-08T19:46:12.264+0900] {processor.py:768} INFO - DAG(s) dict_keys(['example_short_circuit_decorator']) retrieved from /home/steve/.local/lib/python3.8/site-packages/airflow/example_dags/example_short_circuit_decorator.py
[2022-11-08T19:46:12.278+0900] {logging_mixin.py:117} INFO - [2022-11-08T19:46:12.278+0900] {dag.py:2573} INFO - Sync 1 DAGs
[2022-11-08T19:46:12.288+0900] {logging_mixin.py:117} INFO - [2022-11-08T19:46:12.288+0900] {dag.py:3324} INFO - Setting next_dagrun for example_short_circuit_decorator to 2022-11-07T10:46:12.287911+00:00, run_after=2022-11-08T10:46:12.287911+00:00
[2022-11-08T19:46:12.303+0900] {processor.py:178} INFO - Processing /home/steve/.local/lib/python3.8/site-packages/airflow/example_dags/example_short_circuit_decorator.py took 0.056 seconds
[2022-11-08T19:46:48.155+0900] {processor.py:156} INFO - Started process (PID=7836) to work on /home/steve/.local/lib/python3.8/site-packages/airflow/example_dags/example_short_circuit_decorator.py
[2022-11-08T19:46:48.157+0900] {processor.py:758} INFO - Processing file /home/steve/.local/lib/python3.8/site-packages/airflow/example_dags/example_short_circuit_decorator.py for tasks to queue
[2022-11-08T19:46:48.157+0900] {logging_mixin.py:117} INFO - [2022-11-08T19:46:48.157+0900] {dagbag.py:525} INFO - Filling up the DagBag from /home/steve/.local/lib/python3.8/site-packages/airflow/example_dags/example_short_circuit_decorator.py
[2022-11-08T19:46:48.170+0900] {processor.py:768} INFO - DAG(s) dict_keys(['example_short_circuit_decorator']) retrieved from /home/steve/.local/lib/python3.8/site-packages/airflow/example_dags/example_short_circuit_decorator.py
[2022-11-08T19:46:48.184+0900] {logging_mixin.py:117} INFO - [2022-11-08T19:46:48.184+0900] {dag.py:2573} INFO - Sync 1 DAGs
[2022-11-08T19:46:48.194+0900] {logging_mixin.py:117} INFO - [2022-11-08T19:46:48.194+0900] {dag.py:3324} INFO - Setting next_dagrun for example_short_circuit_decorator to 2022-11-07T10:46:48.194093+00:00, run_after=2022-11-08T10:46:48.194093+00:00
[2022-11-08T19:46:48.276+0900] {processor.py:178} INFO - Processing /home/steve/.local/lib/python3.8/site-packages/airflow/example_dags/example_short_circuit_decorator.py took 0.122 seconds
[2022-11-08T19:47:24.804+0900] {processor.py:156} INFO - Started process (PID=7914) to work on /home/steve/.local/lib/python3.8/site-packages/airflow/example_dags/example_short_circuit_decorator.py
[2022-11-08T19:47:24.806+0900] {processor.py:758} INFO - Processing file /home/steve/.local/lib/python3.8/site-packages/airflow/example_dags/example_short_circuit_decorator.py for tasks to queue
[2022-11-08T19:47:24.806+0900] {logging_mixin.py:117} INFO - [2022-11-08T19:47:24.806+0900] {dagbag.py:525} INFO - Filling up the DagBag from /home/steve/.local/lib/python3.8/site-packages/airflow/example_dags/example_short_circuit_decorator.py
[2022-11-08T19:47:24.819+0900] {processor.py:768} INFO - DAG(s) dict_keys(['example_short_circuit_decorator']) retrieved from /home/steve/.local/lib/python3.8/site-packages/airflow/example_dags/example_short_circuit_decorator.py
[2022-11-08T19:47:24.833+0900] {logging_mixin.py:117} INFO - [2022-11-08T19:47:24.833+0900] {dag.py:2573} INFO - Sync 1 DAGs
[2022-11-08T19:47:24.844+0900] {logging_mixin.py:117} INFO - [2022-11-08T19:47:24.844+0900] {dag.py:3324} INFO - Setting next_dagrun for example_short_circuit_decorator to 2022-11-07T10:47:24.843996+00:00, run_after=2022-11-08T10:47:24.843996+00:00
[2022-11-08T19:47:24.924+0900] {processor.py:178} INFO - Processing /home/steve/.local/lib/python3.8/site-packages/airflow/example_dags/example_short_circuit_decorator.py took 0.121 seconds
[2022-11-08T19:48:02.936+0900] {processor.py:156} INFO - Started process (PID=7951) to work on /home/steve/.local/lib/python3.8/site-packages/airflow/example_dags/example_short_circuit_decorator.py
[2022-11-08T19:48:02.938+0900] {processor.py:758} INFO - Processing file /home/steve/.local/lib/python3.8/site-packages/airflow/example_dags/example_short_circuit_decorator.py for tasks to queue
[2022-11-08T19:48:02.939+0900] {logging_mixin.py:117} INFO - [2022-11-08T19:48:02.939+0900] {dagbag.py:525} INFO - Filling up the DagBag from /home/steve/.local/lib/python3.8/site-packages/airflow/example_dags/example_short_circuit_decorator.py
[2022-11-08T19:48:02.952+0900] {processor.py:768} INFO - DAG(s) dict_keys(['example_short_circuit_decorator']) retrieved from /home/steve/.local/lib/python3.8/site-packages/airflow/example_dags/example_short_circuit_decorator.py
[2022-11-08T19:48:02.968+0900] {logging_mixin.py:117} INFO - [2022-11-08T19:48:02.967+0900] {dag.py:2573} INFO - Sync 1 DAGs
[2022-11-08T19:48:03.047+0900] {logging_mixin.py:117} INFO - [2022-11-08T19:48:03.047+0900] {dag.py:3324} INFO - Setting next_dagrun for example_short_circuit_decorator to 2022-11-07T10:48:03.047520+00:00, run_after=2022-11-08T10:48:03.047520+00:00
[2022-11-08T19:48:03.063+0900] {processor.py:178} INFO - Processing /home/steve/.local/lib/python3.8/site-packages/airflow/example_dags/example_short_circuit_decorator.py took 0.128 seconds
[2022-11-08T19:48:40.587+0900] {processor.py:156} INFO - Started process (PID=7988) to work on /home/steve/.local/lib/python3.8/site-packages/airflow/example_dags/example_short_circuit_decorator.py
[2022-11-08T19:48:40.589+0900] {processor.py:758} INFO - Processing file /home/steve/.local/lib/python3.8/site-packages/airflow/example_dags/example_short_circuit_decorator.py for tasks to queue
[2022-11-08T19:48:40.590+0900] {logging_mixin.py:117} INFO - [2022-11-08T19:48:40.590+0900] {dagbag.py:525} INFO - Filling up the DagBag from /home/steve/.local/lib/python3.8/site-packages/airflow/example_dags/example_short_circuit_decorator.py
[2022-11-08T19:48:40.602+0900] {processor.py:768} INFO - DAG(s) dict_keys(['example_short_circuit_decorator']) retrieved from /home/steve/.local/lib/python3.8/site-packages/airflow/example_dags/example_short_circuit_decorator.py
[2022-11-08T19:48:40.618+0900] {logging_mixin.py:117} INFO - [2022-11-08T19:48:40.618+0900] {dag.py:2573} INFO - Sync 1 DAGs
[2022-11-08T19:48:40.693+0900] {logging_mixin.py:117} INFO - [2022-11-08T19:48:40.693+0900] {dag.py:3324} INFO - Setting next_dagrun for example_short_circuit_decorator to 2022-11-07T10:48:40.693642+00:00, run_after=2022-11-08T10:48:40.693642+00:00
[2022-11-08T19:48:40.709+0900] {processor.py:178} INFO - Processing /home/steve/.local/lib/python3.8/site-packages/airflow/example_dags/example_short_circuit_decorator.py took 0.124 seconds
[2022-11-08T19:49:20.492+0900] {processor.py:156} INFO - Started process (PID=8025) to work on /home/steve/.local/lib/python3.8/site-packages/airflow/example_dags/example_short_circuit_decorator.py
[2022-11-08T19:49:20.494+0900] {processor.py:758} INFO - Processing file /home/steve/.local/lib/python3.8/site-packages/airflow/example_dags/example_short_circuit_decorator.py for tasks to queue
[2022-11-08T19:49:20.494+0900] {logging_mixin.py:117} INFO - [2022-11-08T19:49:20.494+0900] {dagbag.py:525} INFO - Filling up the DagBag from /home/steve/.local/lib/python3.8/site-packages/airflow/example_dags/example_short_circuit_decorator.py
[2022-11-08T19:49:20.507+0900] {processor.py:768} INFO - DAG(s) dict_keys(['example_short_circuit_decorator']) retrieved from /home/steve/.local/lib/python3.8/site-packages/airflow/example_dags/example_short_circuit_decorator.py
[2022-11-08T19:49:20.587+0900] {logging_mixin.py:117} INFO - [2022-11-08T19:49:20.587+0900] {dag.py:2573} INFO - Sync 1 DAGs
[2022-11-08T19:49:20.595+0900] {logging_mixin.py:117} INFO - [2022-11-08T19:49:20.595+0900] {dag.py:3324} INFO - Setting next_dagrun for example_short_circuit_decorator to 2022-11-07T10:49:20.595419+00:00, run_after=2022-11-08T10:49:20.595419+00:00
[2022-11-08T19:49:20.610+0900] {processor.py:178} INFO - Processing /home/steve/.local/lib/python3.8/site-packages/airflow/example_dags/example_short_circuit_decorator.py took 0.119 seconds
[2022-11-08T19:49:56.886+0900] {processor.py:156} INFO - Started process (PID=8088) to work on /home/steve/.local/lib/python3.8/site-packages/airflow/example_dags/example_short_circuit_decorator.py
[2022-11-08T19:49:56.889+0900] {processor.py:758} INFO - Processing file /home/steve/.local/lib/python3.8/site-packages/airflow/example_dags/example_short_circuit_decorator.py for tasks to queue
[2022-11-08T19:49:56.889+0900] {logging_mixin.py:117} INFO - [2022-11-08T19:49:56.889+0900] {dagbag.py:525} INFO - Filling up the DagBag from /home/steve/.local/lib/python3.8/site-packages/airflow/example_dags/example_short_circuit_decorator.py
[2022-11-08T19:49:56.901+0900] {processor.py:768} INFO - DAG(s) dict_keys(['example_short_circuit_decorator']) retrieved from /home/steve/.local/lib/python3.8/site-packages/airflow/example_dags/example_short_circuit_decorator.py
[2022-11-08T19:49:56.980+0900] {logging_mixin.py:117} INFO - [2022-11-08T19:49:56.980+0900] {dag.py:2573} INFO - Sync 1 DAGs
[2022-11-08T19:49:56.988+0900] {logging_mixin.py:117} INFO - [2022-11-08T19:49:56.988+0900] {dag.py:3324} INFO - Setting next_dagrun for example_short_circuit_decorator to 2022-11-07T10:49:56.988756+00:00, run_after=2022-11-08T10:49:56.988756+00:00
[2022-11-08T19:49:57.004+0900] {processor.py:178} INFO - Processing /home/steve/.local/lib/python3.8/site-packages/airflow/example_dags/example_short_circuit_decorator.py took 0.119 seconds
[2022-11-08T19:50:31.876+0900] {processor.py:156} INFO - Started process (PID=8123) to work on /home/steve/.local/lib/python3.8/site-packages/airflow/example_dags/example_short_circuit_decorator.py
[2022-11-08T19:50:31.878+0900] {processor.py:758} INFO - Processing file /home/steve/.local/lib/python3.8/site-packages/airflow/example_dags/example_short_circuit_decorator.py for tasks to queue
[2022-11-08T19:50:31.878+0900] {logging_mixin.py:117} INFO - [2022-11-08T19:50:31.878+0900] {dagbag.py:525} INFO - Filling up the DagBag from /home/steve/.local/lib/python3.8/site-packages/airflow/example_dags/example_short_circuit_decorator.py
[2022-11-08T19:50:31.956+0900] {processor.py:768} INFO - DAG(s) dict_keys(['example_short_circuit_decorator']) retrieved from /home/steve/.local/lib/python3.8/site-packages/airflow/example_dags/example_short_circuit_decorator.py
[2022-11-08T19:50:31.969+0900] {logging_mixin.py:117} INFO - [2022-11-08T19:50:31.969+0900] {dag.py:2573} INFO - Sync 1 DAGs
[2022-11-08T19:50:31.977+0900] {logging_mixin.py:117} INFO - [2022-11-08T19:50:31.977+0900] {dag.py:3324} INFO - Setting next_dagrun for example_short_circuit_decorator to 2022-11-07T10:50:31.977492+00:00, run_after=2022-11-08T10:50:31.977492+00:00
[2022-11-08T19:50:31.993+0900] {processor.py:178} INFO - Processing /home/steve/.local/lib/python3.8/site-packages/airflow/example_dags/example_short_circuit_decorator.py took 0.119 seconds
[2022-11-08T19:51:08.592+0900] {processor.py:156} INFO - Started process (PID=8158) to work on /home/steve/.local/lib/python3.8/site-packages/airflow/example_dags/example_short_circuit_decorator.py
[2022-11-08T19:51:08.594+0900] {processor.py:758} INFO - Processing file /home/steve/.local/lib/python3.8/site-packages/airflow/example_dags/example_short_circuit_decorator.py for tasks to queue
[2022-11-08T19:51:08.594+0900] {logging_mixin.py:117} INFO - [2022-11-08T19:51:08.594+0900] {dagbag.py:525} INFO - Filling up the DagBag from /home/steve/.local/lib/python3.8/site-packages/airflow/example_dags/example_short_circuit_decorator.py
[2022-11-08T19:51:08.677+0900] {processor.py:768} INFO - DAG(s) dict_keys(['example_short_circuit_decorator']) retrieved from /home/steve/.local/lib/python3.8/site-packages/airflow/example_dags/example_short_circuit_decorator.py
[2022-11-08T19:51:08.690+0900] {logging_mixin.py:117} INFO - [2022-11-08T19:51:08.689+0900] {dag.py:2573} INFO - Sync 1 DAGs
[2022-11-08T19:51:08.699+0900] {logging_mixin.py:117} INFO - [2022-11-08T19:51:08.699+0900] {dag.py:3324} INFO - Setting next_dagrun for example_short_circuit_decorator to 2022-11-07T10:51:08.699113+00:00, run_after=2022-11-08T10:51:08.699113+00:00
[2022-11-08T19:51:08.714+0900] {processor.py:178} INFO - Processing /home/steve/.local/lib/python3.8/site-packages/airflow/example_dags/example_short_circuit_decorator.py took 0.124 seconds
[2022-11-08T19:51:45.832+0900] {processor.py:156} INFO - Started process (PID=8195) to work on /home/steve/.local/lib/python3.8/site-packages/airflow/example_dags/example_short_circuit_decorator.py
[2022-11-08T19:51:45.834+0900] {processor.py:758} INFO - Processing file /home/steve/.local/lib/python3.8/site-packages/airflow/example_dags/example_short_circuit_decorator.py for tasks to queue
[2022-11-08T19:51:45.834+0900] {logging_mixin.py:117} INFO - [2022-11-08T19:51:45.834+0900] {dagbag.py:525} INFO - Filling up the DagBag from /home/steve/.local/lib/python3.8/site-packages/airflow/example_dags/example_short_circuit_decorator.py
[2022-11-08T19:51:45.912+0900] {processor.py:768} INFO - DAG(s) dict_keys(['example_short_circuit_decorator']) retrieved from /home/steve/.local/lib/python3.8/site-packages/airflow/example_dags/example_short_circuit_decorator.py
[2022-11-08T19:51:45.925+0900] {logging_mixin.py:117} INFO - [2022-11-08T19:51:45.925+0900] {dag.py:2573} INFO - Sync 1 DAGs
[2022-11-08T19:51:45.933+0900] {logging_mixin.py:117} INFO - [2022-11-08T19:51:45.933+0900] {dag.py:3324} INFO - Setting next_dagrun for example_short_circuit_decorator to 2022-11-07T10:51:45.933713+00:00, run_after=2022-11-08T10:51:45.933713+00:00
[2022-11-08T19:51:45.949+0900] {processor.py:178} INFO - Processing /home/steve/.local/lib/python3.8/site-packages/airflow/example_dags/example_short_circuit_decorator.py took 0.119 seconds
[2022-11-08T19:52:19.713+0900] {processor.py:156} INFO - Started process (PID=8231) to work on /home/steve/.local/lib/python3.8/site-packages/airflow/example_dags/example_short_circuit_decorator.py
[2022-11-08T19:52:19.714+0900] {processor.py:758} INFO - Processing file /home/steve/.local/lib/python3.8/site-packages/airflow/example_dags/example_short_circuit_decorator.py for tasks to queue
[2022-11-08T19:52:19.714+0900] {logging_mixin.py:117} INFO - [2022-11-08T19:52:19.714+0900] {dagbag.py:525} INFO - Filling up the DagBag from /home/steve/.local/lib/python3.8/site-packages/airflow/example_dags/example_short_circuit_decorator.py
[2022-11-08T19:52:19.727+0900] {processor.py:768} INFO - DAG(s) dict_keys(['example_short_circuit_decorator']) retrieved from /home/steve/.local/lib/python3.8/site-packages/airflow/example_dags/example_short_circuit_decorator.py
[2022-11-08T19:52:19.742+0900] {logging_mixin.py:117} INFO - [2022-11-08T19:52:19.742+0900] {dag.py:2573} INFO - Sync 1 DAGs
[2022-11-08T19:52:19.751+0900] {logging_mixin.py:117} INFO - [2022-11-08T19:52:19.751+0900] {dag.py:3324} INFO - Setting next_dagrun for example_short_circuit_decorator to 2022-11-07T10:52:19.751704+00:00, run_after=2022-11-08T10:52:19.751704+00:00
[2022-11-08T19:52:19.767+0900] {processor.py:178} INFO - Processing /home/steve/.local/lib/python3.8/site-packages/airflow/example_dags/example_short_circuit_decorator.py took 0.055 seconds
[2022-11-08T19:52:52.890+0900] {processor.py:156} INFO - Started process (PID=8313) to work on /home/steve/.local/lib/python3.8/site-packages/airflow/example_dags/example_short_circuit_decorator.py
[2022-11-08T19:52:52.890+0900] {processor.py:758} INFO - Processing file /home/steve/.local/lib/python3.8/site-packages/airflow/example_dags/example_short_circuit_decorator.py for tasks to queue
[2022-11-08T19:52:52.891+0900] {logging_mixin.py:117} INFO - [2022-11-08T19:52:52.891+0900] {dagbag.py:525} INFO - Filling up the DagBag from /home/steve/.local/lib/python3.8/site-packages/airflow/example_dags/example_short_circuit_decorator.py
[2022-11-08T19:52:52.903+0900] {processor.py:768} INFO - DAG(s) dict_keys(['example_short_circuit_decorator']) retrieved from /home/steve/.local/lib/python3.8/site-packages/airflow/example_dags/example_short_circuit_decorator.py
[2022-11-08T19:52:52.919+0900] {logging_mixin.py:117} INFO - [2022-11-08T19:52:52.919+0900] {dag.py:2573} INFO - Sync 1 DAGs
[2022-11-08T19:52:52.929+0900] {logging_mixin.py:117} INFO - [2022-11-08T19:52:52.929+0900] {dag.py:3324} INFO - Setting next_dagrun for example_short_circuit_decorator to 2022-11-07T10:52:52.929315+00:00, run_after=2022-11-08T10:52:52.929315+00:00
[2022-11-08T19:52:52.947+0900] {processor.py:178} INFO - Processing /home/steve/.local/lib/python3.8/site-packages/airflow/example_dags/example_short_circuit_decorator.py took 0.059 seconds
[2022-11-08T19:53:25.722+0900] {processor.py:156} INFO - Started process (PID=8524) to work on /home/steve/.local/lib/python3.8/site-packages/airflow/example_dags/example_short_circuit_decorator.py
[2022-11-08T19:53:25.724+0900] {processor.py:758} INFO - Processing file /home/steve/.local/lib/python3.8/site-packages/airflow/example_dags/example_short_circuit_decorator.py for tasks to queue
[2022-11-08T19:53:25.724+0900] {logging_mixin.py:117} INFO - [2022-11-08T19:53:25.724+0900] {dagbag.py:525} INFO - Filling up the DagBag from /home/steve/.local/lib/python3.8/site-packages/airflow/example_dags/example_short_circuit_decorator.py
[2022-11-08T19:53:25.737+0900] {processor.py:768} INFO - DAG(s) dict_keys(['example_short_circuit_decorator']) retrieved from /home/steve/.local/lib/python3.8/site-packages/airflow/example_dags/example_short_circuit_decorator.py
[2022-11-08T19:53:25.754+0900] {logging_mixin.py:117} INFO - [2022-11-08T19:53:25.754+0900] {dag.py:2573} INFO - Sync 1 DAGs
[2022-11-08T19:53:25.764+0900] {logging_mixin.py:117} INFO - [2022-11-08T19:53:25.764+0900] {dag.py:3324} INFO - Setting next_dagrun for example_short_circuit_decorator to 2022-11-07T10:53:25.764130+00:00, run_after=2022-11-08T10:53:25.764130+00:00
[2022-11-08T19:53:25.782+0900] {processor.py:178} INFO - Processing /home/steve/.local/lib/python3.8/site-packages/airflow/example_dags/example_short_circuit_decorator.py took 0.062 seconds
[2022-11-08T19:54:00.500+0900] {processor.py:156} INFO - Started process (PID=8575) to work on /home/steve/.local/lib/python3.8/site-packages/airflow/example_dags/example_short_circuit_decorator.py
[2022-11-08T19:54:00.501+0900] {processor.py:758} INFO - Processing file /home/steve/.local/lib/python3.8/site-packages/airflow/example_dags/example_short_circuit_decorator.py for tasks to queue
[2022-11-08T19:54:00.501+0900] {logging_mixin.py:117} INFO - [2022-11-08T19:54:00.501+0900] {dagbag.py:525} INFO - Filling up the DagBag from /home/steve/.local/lib/python3.8/site-packages/airflow/example_dags/example_short_circuit_decorator.py
[2022-11-08T19:54:00.516+0900] {processor.py:768} INFO - DAG(s) dict_keys(['example_short_circuit_decorator']) retrieved from /home/steve/.local/lib/python3.8/site-packages/airflow/example_dags/example_short_circuit_decorator.py
[2022-11-08T19:54:00.534+0900] {logging_mixin.py:117} INFO - [2022-11-08T19:54:00.534+0900] {dag.py:2573} INFO - Sync 1 DAGs
[2022-11-08T19:54:00.545+0900] {logging_mixin.py:117} INFO - [2022-11-08T19:54:00.545+0900] {dag.py:3324} INFO - Setting next_dagrun for example_short_circuit_decorator to 2022-11-07T10:54:00.545027+00:00, run_after=2022-11-08T10:54:00.545027+00:00
[2022-11-08T19:54:00.563+0900] {processor.py:178} INFO - Processing /home/steve/.local/lib/python3.8/site-packages/airflow/example_dags/example_short_circuit_decorator.py took 0.065 seconds
[2022-11-08T19:54:35.503+0900] {processor.py:156} INFO - Started process (PID=8752) to work on /home/steve/.local/lib/python3.8/site-packages/airflow/example_dags/example_short_circuit_decorator.py
[2022-11-08T19:54:35.506+0900] {processor.py:758} INFO - Processing file /home/steve/.local/lib/python3.8/site-packages/airflow/example_dags/example_short_circuit_decorator.py for tasks to queue
[2022-11-08T19:54:35.506+0900] {logging_mixin.py:117} INFO - [2022-11-08T19:54:35.506+0900] {dagbag.py:525} INFO - Filling up the DagBag from /home/steve/.local/lib/python3.8/site-packages/airflow/example_dags/example_short_circuit_decorator.py
[2022-11-08T19:54:35.521+0900] {processor.py:768} INFO - DAG(s) dict_keys(['example_short_circuit_decorator']) retrieved from /home/steve/.local/lib/python3.8/site-packages/airflow/example_dags/example_short_circuit_decorator.py
[2022-11-08T19:54:35.539+0900] {logging_mixin.py:117} INFO - [2022-11-08T19:54:35.538+0900] {dag.py:2573} INFO - Sync 1 DAGs
[2022-11-08T19:54:35.550+0900] {logging_mixin.py:117} INFO - [2022-11-08T19:54:35.550+0900] {dag.py:3324} INFO - Setting next_dagrun for example_short_circuit_decorator to 2022-11-07T10:54:35.550581+00:00, run_after=2022-11-08T10:54:35.550581+00:00
[2022-11-08T19:54:35.569+0900] {processor.py:178} INFO - Processing /home/steve/.local/lib/python3.8/site-packages/airflow/example_dags/example_short_circuit_decorator.py took 0.067 seconds
[2022-11-08T19:55:14.346+0900] {processor.py:156} INFO - Started process (PID=9012) to work on /home/steve/.local/lib/python3.8/site-packages/airflow/example_dags/example_short_circuit_decorator.py
[2022-11-08T19:55:14.348+0900] {processor.py:758} INFO - Processing file /home/steve/.local/lib/python3.8/site-packages/airflow/example_dags/example_short_circuit_decorator.py for tasks to queue
[2022-11-08T19:55:14.348+0900] {logging_mixin.py:117} INFO - [2022-11-08T19:55:14.348+0900] {dagbag.py:525} INFO - Filling up the DagBag from /home/steve/.local/lib/python3.8/site-packages/airflow/example_dags/example_short_circuit_decorator.py
[2022-11-08T19:55:14.362+0900] {processor.py:768} INFO - DAG(s) dict_keys(['example_short_circuit_decorator']) retrieved from /home/steve/.local/lib/python3.8/site-packages/airflow/example_dags/example_short_circuit_decorator.py
[2022-11-08T19:55:14.381+0900] {logging_mixin.py:117} INFO - [2022-11-08T19:55:14.380+0900] {dag.py:2573} INFO - Sync 1 DAGs
[2022-11-08T19:55:14.391+0900] {logging_mixin.py:117} INFO - [2022-11-08T19:55:14.391+0900] {dag.py:3324} INFO - Setting next_dagrun for example_short_circuit_decorator to 2022-11-07T10:55:14.391696+00:00, run_after=2022-11-08T10:55:14.391696+00:00
[2022-11-08T19:55:14.408+0900] {processor.py:178} INFO - Processing /home/steve/.local/lib/python3.8/site-packages/airflow/example_dags/example_short_circuit_decorator.py took 0.065 seconds
[2022-11-08T20:27:10.597+0900] {processor.py:156} INFO - Started process (PID=9790) to work on /home/steve/.local/lib/python3.8/site-packages/airflow/example_dags/example_short_circuit_decorator.py
[2022-11-08T20:27:10.598+0900] {processor.py:758} INFO - Processing file /home/steve/.local/lib/python3.8/site-packages/airflow/example_dags/example_short_circuit_decorator.py for tasks to queue
[2022-11-08T20:27:10.598+0900] {logging_mixin.py:117} INFO - [2022-11-08T20:27:10.598+0900] {dagbag.py:525} INFO - Filling up the DagBag from /home/steve/.local/lib/python3.8/site-packages/airflow/example_dags/example_short_circuit_decorator.py
[2022-11-08T20:27:10.610+0900] {processor.py:768} INFO - DAG(s) dict_keys(['example_short_circuit_decorator']) retrieved from /home/steve/.local/lib/python3.8/site-packages/airflow/example_dags/example_short_circuit_decorator.py
[2022-11-08T20:27:10.625+0900] {logging_mixin.py:117} INFO - [2022-11-08T20:27:10.625+0900] {dag.py:2573} INFO - Sync 1 DAGs
[2022-11-08T20:27:10.635+0900] {logging_mixin.py:117} INFO - [2022-11-08T20:27:10.635+0900] {dag.py:3324} INFO - Setting next_dagrun for example_short_circuit_decorator to 2022-11-07T11:27:10.634930+00:00, run_after=2022-11-08T11:27:10.634930+00:00
[2022-11-08T20:27:10.651+0900] {processor.py:178} INFO - Processing /home/steve/.local/lib/python3.8/site-packages/airflow/example_dags/example_short_circuit_decorator.py took 0.056 seconds
[2022-11-08T20:27:46.407+0900] {processor.py:156} INFO - Started process (PID=9841) to work on /home/steve/.local/lib/python3.8/site-packages/airflow/example_dags/example_short_circuit_decorator.py
[2022-11-08T20:27:46.408+0900] {processor.py:758} INFO - Processing file /home/steve/.local/lib/python3.8/site-packages/airflow/example_dags/example_short_circuit_decorator.py for tasks to queue
[2022-11-08T20:27:46.409+0900] {logging_mixin.py:117} INFO - [2022-11-08T20:27:46.409+0900] {dagbag.py:525} INFO - Filling up the DagBag from /home/steve/.local/lib/python3.8/site-packages/airflow/example_dags/example_short_circuit_decorator.py
[2022-11-08T20:27:46.421+0900] {processor.py:768} INFO - DAG(s) dict_keys(['example_short_circuit_decorator']) retrieved from /home/steve/.local/lib/python3.8/site-packages/airflow/example_dags/example_short_circuit_decorator.py
[2022-11-08T20:27:46.436+0900] {logging_mixin.py:117} INFO - [2022-11-08T20:27:46.436+0900] {dag.py:2573} INFO - Sync 1 DAGs
[2022-11-08T20:27:46.445+0900] {logging_mixin.py:117} INFO - [2022-11-08T20:27:46.445+0900] {dag.py:3324} INFO - Setting next_dagrun for example_short_circuit_decorator to 2022-11-07T11:27:46.445714+00:00, run_after=2022-11-08T11:27:46.445714+00:00
[2022-11-08T20:27:46.461+0900] {processor.py:178} INFO - Processing /home/steve/.local/lib/python3.8/site-packages/airflow/example_dags/example_short_circuit_decorator.py took 0.055 seconds
[2022-11-08T20:28:22.786+0900] {processor.py:156} INFO - Started process (PID=9877) to work on /home/steve/.local/lib/python3.8/site-packages/airflow/example_dags/example_short_circuit_decorator.py
[2022-11-08T20:28:22.789+0900] {processor.py:758} INFO - Processing file /home/steve/.local/lib/python3.8/site-packages/airflow/example_dags/example_short_circuit_decorator.py for tasks to queue
[2022-11-08T20:28:22.789+0900] {logging_mixin.py:117} INFO - [2022-11-08T20:28:22.789+0900] {dagbag.py:525} INFO - Filling up the DagBag from /home/steve/.local/lib/python3.8/site-packages/airflow/example_dags/example_short_circuit_decorator.py
[2022-11-08T20:28:22.802+0900] {processor.py:768} INFO - DAG(s) dict_keys(['example_short_circuit_decorator']) retrieved from /home/steve/.local/lib/python3.8/site-packages/airflow/example_dags/example_short_circuit_decorator.py
[2022-11-08T20:28:22.820+0900] {logging_mixin.py:117} INFO - [2022-11-08T20:28:22.819+0900] {dag.py:2573} INFO - Sync 1 DAGs
[2022-11-08T20:28:22.830+0900] {logging_mixin.py:117} INFO - [2022-11-08T20:28:22.830+0900] {dag.py:3324} INFO - Setting next_dagrun for example_short_circuit_decorator to 2022-11-07T11:28:22.830197+00:00, run_after=2022-11-08T11:28:22.830197+00:00
[2022-11-08T20:28:22.847+0900] {processor.py:178} INFO - Processing /home/steve/.local/lib/python3.8/site-packages/airflow/example_dags/example_short_circuit_decorator.py took 0.062 seconds
[2022-11-08T20:28:57.349+0900] {processor.py:156} INFO - Started process (PID=10066) to work on /home/steve/.local/lib/python3.8/site-packages/airflow/example_dags/example_short_circuit_decorator.py
[2022-11-08T20:28:57.351+0900] {processor.py:758} INFO - Processing file /home/steve/.local/lib/python3.8/site-packages/airflow/example_dags/example_short_circuit_decorator.py for tasks to queue
[2022-11-08T20:28:57.352+0900] {logging_mixin.py:117} INFO - [2022-11-08T20:28:57.352+0900] {dagbag.py:525} INFO - Filling up the DagBag from /home/steve/.local/lib/python3.8/site-packages/airflow/example_dags/example_short_circuit_decorator.py
[2022-11-08T20:28:57.365+0900] {processor.py:768} INFO - DAG(s) dict_keys(['example_short_circuit_decorator']) retrieved from /home/steve/.local/lib/python3.8/site-packages/airflow/example_dags/example_short_circuit_decorator.py
[2022-11-08T20:28:57.379+0900] {logging_mixin.py:117} INFO - [2022-11-08T20:28:57.379+0900] {dag.py:2573} INFO - Sync 1 DAGs
[2022-11-08T20:28:57.389+0900] {logging_mixin.py:117} INFO - [2022-11-08T20:28:57.388+0900] {dag.py:3324} INFO - Setting next_dagrun for example_short_circuit_decorator to 2022-11-07T11:28:57.388813+00:00, run_after=2022-11-08T11:28:57.388813+00:00
[2022-11-08T20:28:57.481+0900] {processor.py:178} INFO - Processing /home/steve/.local/lib/python3.8/site-packages/airflow/example_dags/example_short_circuit_decorator.py took 0.133 seconds
[2022-11-08T20:29:35.280+0900] {processor.py:156} INFO - Started process (PID=10259) to work on /home/steve/.local/lib/python3.8/site-packages/airflow/example_dags/example_short_circuit_decorator.py
[2022-11-08T20:29:35.280+0900] {processor.py:758} INFO - Processing file /home/steve/.local/lib/python3.8/site-packages/airflow/example_dags/example_short_circuit_decorator.py for tasks to queue
[2022-11-08T20:29:35.281+0900] {logging_mixin.py:117} INFO - [2022-11-08T20:29:35.281+0900] {dagbag.py:525} INFO - Filling up the DagBag from /home/steve/.local/lib/python3.8/site-packages/airflow/example_dags/example_short_circuit_decorator.py
[2022-11-08T20:29:35.299+0900] {processor.py:768} INFO - DAG(s) dict_keys(['example_short_circuit_decorator']) retrieved from /home/steve/.local/lib/python3.8/site-packages/airflow/example_dags/example_short_circuit_decorator.py
[2022-11-08T20:29:35.321+0900] {logging_mixin.py:117} INFO - [2022-11-08T20:29:35.320+0900] {dag.py:2573} INFO - Sync 1 DAGs
[2022-11-08T20:29:35.332+0900] {logging_mixin.py:117} INFO - [2022-11-08T20:29:35.332+0900] {dag.py:3324} INFO - Setting next_dagrun for example_short_circuit_decorator to 2022-11-07T11:29:35.332501+00:00, run_after=2022-11-08T11:29:35.332501+00:00
[2022-11-08T20:29:35.433+0900] {processor.py:178} INFO - Processing /home/steve/.local/lib/python3.8/site-packages/airflow/example_dags/example_short_circuit_decorator.py took 0.155 seconds
[2022-11-08T20:30:14.573+0900] {processor.py:156} INFO - Started process (PID=10445) to work on /home/steve/.local/lib/python3.8/site-packages/airflow/example_dags/example_short_circuit_decorator.py
[2022-11-08T20:30:14.575+0900] {processor.py:758} INFO - Processing file /home/steve/.local/lib/python3.8/site-packages/airflow/example_dags/example_short_circuit_decorator.py for tasks to queue
[2022-11-08T20:30:14.576+0900] {logging_mixin.py:117} INFO - [2022-11-08T20:30:14.576+0900] {dagbag.py:525} INFO - Filling up the DagBag from /home/steve/.local/lib/python3.8/site-packages/airflow/example_dags/example_short_circuit_decorator.py
[2022-11-08T20:30:14.590+0900] {processor.py:768} INFO - DAG(s) dict_keys(['example_short_circuit_decorator']) retrieved from /home/steve/.local/lib/python3.8/site-packages/airflow/example_dags/example_short_circuit_decorator.py
[2022-11-08T20:30:14.607+0900] {logging_mixin.py:117} INFO - [2022-11-08T20:30:14.607+0900] {dag.py:2573} INFO - Sync 1 DAGs
[2022-11-08T20:30:14.698+0900] {logging_mixin.py:117} INFO - [2022-11-08T20:30:14.698+0900] {dag.py:3324} INFO - Setting next_dagrun for example_short_circuit_decorator to 2022-11-07T11:30:14.698546+00:00, run_after=2022-11-08T11:30:14.698546+00:00
[2022-11-08T20:30:14.716+0900] {processor.py:178} INFO - Processing /home/steve/.local/lib/python3.8/site-packages/airflow/example_dags/example_short_circuit_decorator.py took 0.144 seconds
[2022-11-08T20:30:52.276+0900] {processor.py:156} INFO - Started process (PID=10631) to work on /home/steve/.local/lib/python3.8/site-packages/airflow/example_dags/example_short_circuit_decorator.py
[2022-11-08T20:30:52.277+0900] {processor.py:758} INFO - Processing file /home/steve/.local/lib/python3.8/site-packages/airflow/example_dags/example_short_circuit_decorator.py for tasks to queue
[2022-11-08T20:30:52.277+0900] {logging_mixin.py:117} INFO - [2022-11-08T20:30:52.277+0900] {dagbag.py:525} INFO - Filling up the DagBag from /home/steve/.local/lib/python3.8/site-packages/airflow/example_dags/example_short_circuit_decorator.py
[2022-11-08T20:30:52.291+0900] {processor.py:768} INFO - DAG(s) dict_keys(['example_short_circuit_decorator']) retrieved from /home/steve/.local/lib/python3.8/site-packages/airflow/example_dags/example_short_circuit_decorator.py
[2022-11-08T20:30:52.309+0900] {logging_mixin.py:117} INFO - [2022-11-08T20:30:52.309+0900] {dag.py:2573} INFO - Sync 1 DAGs
[2022-11-08T20:30:52.398+0900] {logging_mixin.py:117} INFO - [2022-11-08T20:30:52.398+0900] {dag.py:3324} INFO - Setting next_dagrun for example_short_circuit_decorator to 2022-11-07T11:30:52.398278+00:00, run_after=2022-11-08T11:30:52.398278+00:00
[2022-11-08T20:30:52.414+0900] {processor.py:178} INFO - Processing /home/steve/.local/lib/python3.8/site-packages/airflow/example_dags/example_short_circuit_decorator.py took 0.140 seconds
[2022-11-08T20:31:32.869+0900] {processor.py:156} INFO - Started process (PID=10723) to work on /home/steve/.local/lib/python3.8/site-packages/airflow/example_dags/example_short_circuit_decorator.py
[2022-11-08T20:31:32.871+0900] {processor.py:758} INFO - Processing file /home/steve/.local/lib/python3.8/site-packages/airflow/example_dags/example_short_circuit_decorator.py for tasks to queue
[2022-11-08T20:31:32.871+0900] {logging_mixin.py:117} INFO - [2022-11-08T20:31:32.871+0900] {dagbag.py:525} INFO - Filling up the DagBag from /home/steve/.local/lib/python3.8/site-packages/airflow/example_dags/example_short_circuit_decorator.py
[2022-11-08T20:31:32.886+0900] {processor.py:768} INFO - DAG(s) dict_keys(['example_short_circuit_decorator']) retrieved from /home/steve/.local/lib/python3.8/site-packages/airflow/example_dags/example_short_circuit_decorator.py
[2022-11-08T20:31:32.982+0900] {logging_mixin.py:117} INFO - [2022-11-08T20:31:32.981+0900] {dag.py:2573} INFO - Sync 1 DAGs
[2022-11-08T20:31:32.991+0900] {logging_mixin.py:117} INFO - [2022-11-08T20:31:32.991+0900] {dag.py:3324} INFO - Setting next_dagrun for example_short_circuit_decorator to 2022-11-07T11:31:32.990933+00:00, run_after=2022-11-08T11:31:32.990933+00:00
[2022-11-08T20:31:33.009+0900] {processor.py:178} INFO - Processing /home/steve/.local/lib/python3.8/site-packages/airflow/example_dags/example_short_circuit_decorator.py took 0.142 seconds
[2022-11-08T20:32:09.794+0900] {processor.py:156} INFO - Started process (PID=10787) to work on /home/steve/.local/lib/python3.8/site-packages/airflow/example_dags/example_short_circuit_decorator.py
[2022-11-08T20:32:09.796+0900] {processor.py:758} INFO - Processing file /home/steve/.local/lib/python3.8/site-packages/airflow/example_dags/example_short_circuit_decorator.py for tasks to queue
[2022-11-08T20:32:09.797+0900] {logging_mixin.py:117} INFO - [2022-11-08T20:32:09.797+0900] {dagbag.py:525} INFO - Filling up the DagBag from /home/steve/.local/lib/python3.8/site-packages/airflow/example_dags/example_short_circuit_decorator.py
[2022-11-08T20:32:09.809+0900] {processor.py:768} INFO - DAG(s) dict_keys(['example_short_circuit_decorator']) retrieved from /home/steve/.local/lib/python3.8/site-packages/airflow/example_dags/example_short_circuit_decorator.py
[2022-11-08T20:32:09.916+0900] {logging_mixin.py:117} INFO - [2022-11-08T20:32:09.915+0900] {dag.py:2573} INFO - Sync 1 DAGs
[2022-11-08T20:32:09.928+0900] {logging_mixin.py:117} INFO - [2022-11-08T20:32:09.928+0900] {dag.py:3324} INFO - Setting next_dagrun for example_short_circuit_decorator to 2022-11-07T11:32:09.927852+00:00, run_after=2022-11-08T11:32:09.927852+00:00
[2022-11-08T20:32:09.944+0900] {processor.py:178} INFO - Processing /home/steve/.local/lib/python3.8/site-packages/airflow/example_dags/example_short_circuit_decorator.py took 0.151 seconds
[2022-11-08T20:32:48.216+0900] {processor.py:156} INFO - Started process (PID=10977) to work on /home/steve/.local/lib/python3.8/site-packages/airflow/example_dags/example_short_circuit_decorator.py
[2022-11-08T20:32:48.217+0900] {processor.py:758} INFO - Processing file /home/steve/.local/lib/python3.8/site-packages/airflow/example_dags/example_short_circuit_decorator.py for tasks to queue
[2022-11-08T20:32:48.217+0900] {logging_mixin.py:117} INFO - [2022-11-08T20:32:48.217+0900] {dagbag.py:525} INFO - Filling up the DagBag from /home/steve/.local/lib/python3.8/site-packages/airflow/example_dags/example_short_circuit_decorator.py
[2022-11-08T20:32:48.305+0900] {processor.py:768} INFO - DAG(s) dict_keys(['example_short_circuit_decorator']) retrieved from /home/steve/.local/lib/python3.8/site-packages/airflow/example_dags/example_short_circuit_decorator.py
[2022-11-08T20:32:48.318+0900] {logging_mixin.py:117} INFO - [2022-11-08T20:32:48.318+0900] {dag.py:2573} INFO - Sync 1 DAGs
[2022-11-08T20:32:48.328+0900] {logging_mixin.py:117} INFO - [2022-11-08T20:32:48.328+0900] {dag.py:3324} INFO - Setting next_dagrun for example_short_circuit_decorator to 2022-11-07T11:32:48.328193+00:00, run_after=2022-11-08T11:32:48.328193+00:00
[2022-11-08T20:32:48.345+0900] {processor.py:178} INFO - Processing /home/steve/.local/lib/python3.8/site-packages/airflow/example_dags/example_short_circuit_decorator.py took 0.131 seconds
[2022-11-08T20:33:25.723+0900] {processor.py:156} INFO - Started process (PID=11012) to work on /home/steve/.local/lib/python3.8/site-packages/airflow/example_dags/example_short_circuit_decorator.py
[2022-11-08T20:33:25.726+0900] {processor.py:758} INFO - Processing file /home/steve/.local/lib/python3.8/site-packages/airflow/example_dags/example_short_circuit_decorator.py for tasks to queue
[2022-11-08T20:33:25.726+0900] {logging_mixin.py:117} INFO - [2022-11-08T20:33:25.726+0900] {dagbag.py:525} INFO - Filling up the DagBag from /home/steve/.local/lib/python3.8/site-packages/airflow/example_dags/example_short_circuit_decorator.py
[2022-11-08T20:33:25.813+0900] {processor.py:768} INFO - DAG(s) dict_keys(['example_short_circuit_decorator']) retrieved from /home/steve/.local/lib/python3.8/site-packages/airflow/example_dags/example_short_circuit_decorator.py
[2022-11-08T20:33:25.826+0900] {logging_mixin.py:117} INFO - [2022-11-08T20:33:25.826+0900] {dag.py:2573} INFO - Sync 1 DAGs
[2022-11-08T20:33:25.836+0900] {logging_mixin.py:117} INFO - [2022-11-08T20:33:25.836+0900] {dag.py:3324} INFO - Setting next_dagrun for example_short_circuit_decorator to 2022-11-07T11:33:25.836032+00:00, run_after=2022-11-08T11:33:25.836032+00:00
[2022-11-08T20:33:25.851+0900] {processor.py:178} INFO - Processing /home/steve/.local/lib/python3.8/site-packages/airflow/example_dags/example_short_circuit_decorator.py took 0.130 seconds
[2022-11-08T20:34:01.883+0900] {processor.py:156} INFO - Started process (PID=11047) to work on /home/steve/.local/lib/python3.8/site-packages/airflow/example_dags/example_short_circuit_decorator.py
[2022-11-08T20:34:01.884+0900] {processor.py:758} INFO - Processing file /home/steve/.local/lib/python3.8/site-packages/airflow/example_dags/example_short_circuit_decorator.py for tasks to queue
[2022-11-08T20:34:01.885+0900] {logging_mixin.py:117} INFO - [2022-11-08T20:34:01.884+0900] {dagbag.py:525} INFO - Filling up the DagBag from /home/steve/.local/lib/python3.8/site-packages/airflow/example_dags/example_short_circuit_decorator.py
[2022-11-08T20:34:01.972+0900] {processor.py:768} INFO - DAG(s) dict_keys(['example_short_circuit_decorator']) retrieved from /home/steve/.local/lib/python3.8/site-packages/airflow/example_dags/example_short_circuit_decorator.py
[2022-11-08T20:34:01.985+0900] {logging_mixin.py:117} INFO - [2022-11-08T20:34:01.985+0900] {dag.py:2573} INFO - Sync 1 DAGs
[2022-11-08T20:34:01.995+0900] {logging_mixin.py:117} INFO - [2022-11-08T20:34:01.995+0900] {dag.py:3324} INFO - Setting next_dagrun for example_short_circuit_decorator to 2022-11-07T11:34:01.995726+00:00, run_after=2022-11-08T11:34:01.995726+00:00
[2022-11-08T20:34:02.011+0900] {processor.py:178} INFO - Processing /home/steve/.local/lib/python3.8/site-packages/airflow/example_dags/example_short_circuit_decorator.py took 0.129 seconds
[2022-11-08T20:34:37.942+0900] {processor.py:156} INFO - Started process (PID=11083) to work on /home/steve/.local/lib/python3.8/site-packages/airflow/example_dags/example_short_circuit_decorator.py
[2022-11-08T20:34:37.944+0900] {processor.py:758} INFO - Processing file /home/steve/.local/lib/python3.8/site-packages/airflow/example_dags/example_short_circuit_decorator.py for tasks to queue
[2022-11-08T20:34:37.944+0900] {logging_mixin.py:117} INFO - [2022-11-08T20:34:37.944+0900] {dagbag.py:525} INFO - Filling up the DagBag from /home/steve/.local/lib/python3.8/site-packages/airflow/example_dags/example_short_circuit_decorator.py
[2022-11-08T20:34:37.957+0900] {processor.py:768} INFO - DAG(s) dict_keys(['example_short_circuit_decorator']) retrieved from /home/steve/.local/lib/python3.8/site-packages/airflow/example_dags/example_short_circuit_decorator.py
[2022-11-08T20:34:37.973+0900] {logging_mixin.py:117} INFO - [2022-11-08T20:34:37.973+0900] {dag.py:2573} INFO - Sync 1 DAGs
[2022-11-08T20:34:37.984+0900] {logging_mixin.py:117} INFO - [2022-11-08T20:34:37.983+0900] {dag.py:3324} INFO - Setting next_dagrun for example_short_circuit_decorator to 2022-11-07T11:34:37.983798+00:00, run_after=2022-11-08T11:34:37.983798+00:00
[2022-11-08T20:34:38.000+0900] {processor.py:178} INFO - Processing /home/steve/.local/lib/python3.8/site-packages/airflow/example_dags/example_short_circuit_decorator.py took 0.060 seconds
[2022-11-08T20:35:12.769+0900] {processor.py:156} INFO - Started process (PID=11121) to work on /home/steve/.local/lib/python3.8/site-packages/airflow/example_dags/example_short_circuit_decorator.py
[2022-11-08T20:35:12.770+0900] {processor.py:758} INFO - Processing file /home/steve/.local/lib/python3.8/site-packages/airflow/example_dags/example_short_circuit_decorator.py for tasks to queue
[2022-11-08T20:35:12.770+0900] {logging_mixin.py:117} INFO - [2022-11-08T20:35:12.770+0900] {dagbag.py:525} INFO - Filling up the DagBag from /home/steve/.local/lib/python3.8/site-packages/airflow/example_dags/example_short_circuit_decorator.py
[2022-11-08T20:35:12.782+0900] {processor.py:768} INFO - DAG(s) dict_keys(['example_short_circuit_decorator']) retrieved from /home/steve/.local/lib/python3.8/site-packages/airflow/example_dags/example_short_circuit_decorator.py
[2022-11-08T20:35:12.797+0900] {logging_mixin.py:117} INFO - [2022-11-08T20:35:12.797+0900] {dag.py:2573} INFO - Sync 1 DAGs
[2022-11-08T20:35:12.807+0900] {logging_mixin.py:117} INFO - [2022-11-08T20:35:12.807+0900] {dag.py:3324} INFO - Setting next_dagrun for example_short_circuit_decorator to 2022-11-07T11:35:12.807111+00:00, run_after=2022-11-08T11:35:12.807111+00:00
[2022-11-08T20:35:12.822+0900] {processor.py:178} INFO - Processing /home/steve/.local/lib/python3.8/site-packages/airflow/example_dags/example_short_circuit_decorator.py took 0.054 seconds
[2022-11-08T20:35:47.594+0900] {processor.py:156} INFO - Started process (PID=11156) to work on /home/steve/.local/lib/python3.8/site-packages/airflow/example_dags/example_short_circuit_decorator.py
[2022-11-08T20:35:47.596+0900] {processor.py:758} INFO - Processing file /home/steve/.local/lib/python3.8/site-packages/airflow/example_dags/example_short_circuit_decorator.py for tasks to queue
[2022-11-08T20:35:47.596+0900] {logging_mixin.py:117} INFO - [2022-11-08T20:35:47.596+0900] {dagbag.py:525} INFO - Filling up the DagBag from /home/steve/.local/lib/python3.8/site-packages/airflow/example_dags/example_short_circuit_decorator.py
[2022-11-08T20:35:47.610+0900] {processor.py:768} INFO - DAG(s) dict_keys(['example_short_circuit_decorator']) retrieved from /home/steve/.local/lib/python3.8/site-packages/airflow/example_dags/example_short_circuit_decorator.py
[2022-11-08T20:35:47.627+0900] {logging_mixin.py:117} INFO - [2022-11-08T20:35:47.627+0900] {dag.py:2573} INFO - Sync 1 DAGs
[2022-11-08T20:35:47.638+0900] {logging_mixin.py:117} INFO - [2022-11-08T20:35:47.638+0900] {dag.py:3324} INFO - Setting next_dagrun for example_short_circuit_decorator to 2022-11-07T11:35:47.638466+00:00, run_after=2022-11-08T11:35:47.638466+00:00
[2022-11-08T20:35:47.655+0900] {processor.py:178} INFO - Processing /home/steve/.local/lib/python3.8/site-packages/airflow/example_dags/example_short_circuit_decorator.py took 0.062 seconds
[2022-11-08T20:36:22.301+0900] {processor.py:156} INFO - Started process (PID=11192) to work on /home/steve/.local/lib/python3.8/site-packages/airflow/example_dags/example_short_circuit_decorator.py
[2022-11-08T20:36:22.301+0900] {processor.py:758} INFO - Processing file /home/steve/.local/lib/python3.8/site-packages/airflow/example_dags/example_short_circuit_decorator.py for tasks to queue
[2022-11-08T20:36:22.302+0900] {logging_mixin.py:117} INFO - [2022-11-08T20:36:22.302+0900] {dagbag.py:525} INFO - Filling up the DagBag from /home/steve/.local/lib/python3.8/site-packages/airflow/example_dags/example_short_circuit_decorator.py
[2022-11-08T20:36:22.314+0900] {processor.py:768} INFO - DAG(s) dict_keys(['example_short_circuit_decorator']) retrieved from /home/steve/.local/lib/python3.8/site-packages/airflow/example_dags/example_short_circuit_decorator.py
[2022-11-08T20:36:22.329+0900] {logging_mixin.py:117} INFO - [2022-11-08T20:36:22.329+0900] {dag.py:2573} INFO - Sync 1 DAGs
[2022-11-08T20:36:22.338+0900] {logging_mixin.py:117} INFO - [2022-11-08T20:36:22.338+0900] {dag.py:3324} INFO - Setting next_dagrun for example_short_circuit_decorator to 2022-11-07T11:36:22.338333+00:00, run_after=2022-11-08T11:36:22.338333+00:00
[2022-11-08T20:36:22.356+0900] {processor.py:178} INFO - Processing /home/steve/.local/lib/python3.8/site-packages/airflow/example_dags/example_short_circuit_decorator.py took 0.057 seconds
[2022-11-08T20:36:56.781+0900] {processor.py:156} INFO - Started process (PID=11256) to work on /home/steve/.local/lib/python3.8/site-packages/airflow/example_dags/example_short_circuit_decorator.py
[2022-11-08T20:36:56.783+0900] {processor.py:758} INFO - Processing file /home/steve/.local/lib/python3.8/site-packages/airflow/example_dags/example_short_circuit_decorator.py for tasks to queue
[2022-11-08T20:36:56.783+0900] {logging_mixin.py:117} INFO - [2022-11-08T20:36:56.783+0900] {dagbag.py:525} INFO - Filling up the DagBag from /home/steve/.local/lib/python3.8/site-packages/airflow/example_dags/example_short_circuit_decorator.py
[2022-11-08T20:36:56.796+0900] {processor.py:768} INFO - DAG(s) dict_keys(['example_short_circuit_decorator']) retrieved from /home/steve/.local/lib/python3.8/site-packages/airflow/example_dags/example_short_circuit_decorator.py
[2022-11-08T20:36:56.810+0900] {logging_mixin.py:117} INFO - [2022-11-08T20:36:56.810+0900] {dag.py:2573} INFO - Sync 1 DAGs
[2022-11-08T20:36:56.821+0900] {logging_mixin.py:117} INFO - [2022-11-08T20:36:56.821+0900] {dag.py:3324} INFO - Setting next_dagrun for example_short_circuit_decorator to 2022-11-07T11:36:56.821036+00:00, run_after=2022-11-08T11:36:56.821036+00:00
[2022-11-08T20:36:56.838+0900] {processor.py:178} INFO - Processing /home/steve/.local/lib/python3.8/site-packages/airflow/example_dags/example_short_circuit_decorator.py took 0.059 seconds
[2022-11-08T20:37:31.953+0900] {processor.py:156} INFO - Started process (PID=11294) to work on /home/steve/.local/lib/python3.8/site-packages/airflow/example_dags/example_short_circuit_decorator.py
[2022-11-08T20:37:31.955+0900] {processor.py:758} INFO - Processing file /home/steve/.local/lib/python3.8/site-packages/airflow/example_dags/example_short_circuit_decorator.py for tasks to queue
[2022-11-08T20:37:31.956+0900] {logging_mixin.py:117} INFO - [2022-11-08T20:37:31.956+0900] {dagbag.py:525} INFO - Filling up the DagBag from /home/steve/.local/lib/python3.8/site-packages/airflow/example_dags/example_short_circuit_decorator.py
[2022-11-08T20:37:31.970+0900] {processor.py:768} INFO - DAG(s) dict_keys(['example_short_circuit_decorator']) retrieved from /home/steve/.local/lib/python3.8/site-packages/airflow/example_dags/example_short_circuit_decorator.py
[2022-11-08T20:37:31.985+0900] {logging_mixin.py:117} INFO - [2022-11-08T20:37:31.984+0900] {dag.py:2573} INFO - Sync 1 DAGs
[2022-11-08T20:37:31.995+0900] {logging_mixin.py:117} INFO - [2022-11-08T20:37:31.995+0900] {dag.py:3324} INFO - Setting next_dagrun for example_short_circuit_decorator to 2022-11-07T11:37:31.994980+00:00, run_after=2022-11-08T11:37:31.994980+00:00
[2022-11-08T20:37:32.015+0900] {processor.py:178} INFO - Processing /home/steve/.local/lib/python3.8/site-packages/airflow/example_dags/example_short_circuit_decorator.py took 0.063 seconds
[2022-11-08T20:38:06.563+0900] {processor.py:156} INFO - Started process (PID=11331) to work on /home/steve/.local/lib/python3.8/site-packages/airflow/example_dags/example_short_circuit_decorator.py
[2022-11-08T20:38:06.564+0900] {processor.py:758} INFO - Processing file /home/steve/.local/lib/python3.8/site-packages/airflow/example_dags/example_short_circuit_decorator.py for tasks to queue
[2022-11-08T20:38:06.565+0900] {logging_mixin.py:117} INFO - [2022-11-08T20:38:06.565+0900] {dagbag.py:525} INFO - Filling up the DagBag from /home/steve/.local/lib/python3.8/site-packages/airflow/example_dags/example_short_circuit_decorator.py
[2022-11-08T20:38:06.577+0900] {processor.py:768} INFO - DAG(s) dict_keys(['example_short_circuit_decorator']) retrieved from /home/steve/.local/lib/python3.8/site-packages/airflow/example_dags/example_short_circuit_decorator.py
[2022-11-08T20:38:06.592+0900] {logging_mixin.py:117} INFO - [2022-11-08T20:38:06.592+0900] {dag.py:2573} INFO - Sync 1 DAGs
[2022-11-08T20:38:06.601+0900] {logging_mixin.py:117} INFO - [2022-11-08T20:38:06.601+0900] {dag.py:3324} INFO - Setting next_dagrun for example_short_circuit_decorator to 2022-11-07T11:38:06.601713+00:00, run_after=2022-11-08T11:38:06.601713+00:00
[2022-11-08T20:38:06.618+0900] {processor.py:178} INFO - Processing /home/steve/.local/lib/python3.8/site-packages/airflow/example_dags/example_short_circuit_decorator.py took 0.057 seconds
[2022-11-08T20:38:39.746+0900] {processor.py:156} INFO - Started process (PID=11365) to work on /home/steve/.local/lib/python3.8/site-packages/airflow/example_dags/example_short_circuit_decorator.py
[2022-11-08T20:38:39.748+0900] {processor.py:758} INFO - Processing file /home/steve/.local/lib/python3.8/site-packages/airflow/example_dags/example_short_circuit_decorator.py for tasks to queue
[2022-11-08T20:38:39.749+0900] {logging_mixin.py:117} INFO - [2022-11-08T20:38:39.749+0900] {dagbag.py:525} INFO - Filling up the DagBag from /home/steve/.local/lib/python3.8/site-packages/airflow/example_dags/example_short_circuit_decorator.py
[2022-11-08T20:38:39.763+0900] {processor.py:768} INFO - DAG(s) dict_keys(['example_short_circuit_decorator']) retrieved from /home/steve/.local/lib/python3.8/site-packages/airflow/example_dags/example_short_circuit_decorator.py
[2022-11-08T20:38:39.780+0900] {logging_mixin.py:117} INFO - [2022-11-08T20:38:39.780+0900] {dag.py:2573} INFO - Sync 1 DAGs
[2022-11-08T20:38:39.791+0900] {logging_mixin.py:117} INFO - [2022-11-08T20:38:39.791+0900] {dag.py:3324} INFO - Setting next_dagrun for example_short_circuit_decorator to 2022-11-07T11:38:39.791092+00:00, run_after=2022-11-08T11:38:39.791092+00:00
[2022-11-08T20:38:39.807+0900] {processor.py:178} INFO - Processing /home/steve/.local/lib/python3.8/site-packages/airflow/example_dags/example_short_circuit_decorator.py took 0.063 seconds
[2022-11-08T20:39:14.647+0900] {processor.py:156} INFO - Started process (PID=11403) to work on /home/steve/.local/lib/python3.8/site-packages/airflow/example_dags/example_short_circuit_decorator.py
[2022-11-08T20:39:14.649+0900] {processor.py:758} INFO - Processing file /home/steve/.local/lib/python3.8/site-packages/airflow/example_dags/example_short_circuit_decorator.py for tasks to queue
[2022-11-08T20:39:14.649+0900] {logging_mixin.py:117} INFO - [2022-11-08T20:39:14.649+0900] {dagbag.py:525} INFO - Filling up the DagBag from /home/steve/.local/lib/python3.8/site-packages/airflow/example_dags/example_short_circuit_decorator.py
[2022-11-08T20:39:14.662+0900] {processor.py:768} INFO - DAG(s) dict_keys(['example_short_circuit_decorator']) retrieved from /home/steve/.local/lib/python3.8/site-packages/airflow/example_dags/example_short_circuit_decorator.py
[2022-11-08T20:39:14.676+0900] {logging_mixin.py:117} INFO - [2022-11-08T20:39:14.676+0900] {dag.py:2573} INFO - Sync 1 DAGs
[2022-11-08T20:39:14.686+0900] {logging_mixin.py:117} INFO - [2022-11-08T20:39:14.686+0900] {dag.py:3324} INFO - Setting next_dagrun for example_short_circuit_decorator to 2022-11-07T11:39:14.686351+00:00, run_after=2022-11-08T11:39:14.686351+00:00
[2022-11-08T20:39:14.702+0900] {processor.py:178} INFO - Processing /home/steve/.local/lib/python3.8/site-packages/airflow/example_dags/example_short_circuit_decorator.py took 0.057 seconds
[2022-11-08T20:39:50.605+0900] {processor.py:156} INFO - Started process (PID=11438) to work on /home/steve/.local/lib/python3.8/site-packages/airflow/example_dags/example_short_circuit_decorator.py
[2022-11-08T20:39:50.607+0900] {processor.py:758} INFO - Processing file /home/steve/.local/lib/python3.8/site-packages/airflow/example_dags/example_short_circuit_decorator.py for tasks to queue
[2022-11-08T20:39:50.607+0900] {logging_mixin.py:117} INFO - [2022-11-08T20:39:50.607+0900] {dagbag.py:525} INFO - Filling up the DagBag from /home/steve/.local/lib/python3.8/site-packages/airflow/example_dags/example_short_circuit_decorator.py
[2022-11-08T20:39:50.619+0900] {processor.py:768} INFO - DAG(s) dict_keys(['example_short_circuit_decorator']) retrieved from /home/steve/.local/lib/python3.8/site-packages/airflow/example_dags/example_short_circuit_decorator.py
[2022-11-08T20:39:50.634+0900] {logging_mixin.py:117} INFO - [2022-11-08T20:39:50.634+0900] {dag.py:2573} INFO - Sync 1 DAGs
[2022-11-08T20:39:50.643+0900] {logging_mixin.py:117} INFO - [2022-11-08T20:39:50.643+0900] {dag.py:3324} INFO - Setting next_dagrun for example_short_circuit_decorator to 2022-11-07T11:39:50.643687+00:00, run_after=2022-11-08T11:39:50.643687+00:00
[2022-11-08T20:39:50.661+0900] {processor.py:178} INFO - Processing /home/steve/.local/lib/python3.8/site-packages/airflow/example_dags/example_short_circuit_decorator.py took 0.058 seconds
[2022-11-08T20:40:25.258+0900] {processor.py:156} INFO - Started process (PID=11473) to work on /home/steve/.local/lib/python3.8/site-packages/airflow/example_dags/example_short_circuit_decorator.py
[2022-11-08T20:40:25.260+0900] {processor.py:758} INFO - Processing file /home/steve/.local/lib/python3.8/site-packages/airflow/example_dags/example_short_circuit_decorator.py for tasks to queue
[2022-11-08T20:40:25.260+0900] {logging_mixin.py:117} INFO - [2022-11-08T20:40:25.260+0900] {dagbag.py:525} INFO - Filling up the DagBag from /home/steve/.local/lib/python3.8/site-packages/airflow/example_dags/example_short_circuit_decorator.py
[2022-11-08T20:40:25.273+0900] {processor.py:768} INFO - DAG(s) dict_keys(['example_short_circuit_decorator']) retrieved from /home/steve/.local/lib/python3.8/site-packages/airflow/example_dags/example_short_circuit_decorator.py
[2022-11-08T20:40:25.287+0900] {logging_mixin.py:117} INFO - [2022-11-08T20:40:25.287+0900] {dag.py:2573} INFO - Sync 1 DAGs
[2022-11-08T20:40:25.296+0900] {logging_mixin.py:117} INFO - [2022-11-08T20:40:25.296+0900] {dag.py:3324} INFO - Setting next_dagrun for example_short_circuit_decorator to 2022-11-07T11:40:25.296536+00:00, run_after=2022-11-08T11:40:25.296536+00:00
[2022-11-08T20:40:25.312+0900] {processor.py:178} INFO - Processing /home/steve/.local/lib/python3.8/site-packages/airflow/example_dags/example_short_circuit_decorator.py took 0.056 seconds
[2022-11-08T20:40:58.490+0900] {processor.py:156} INFO - Started process (PID=11509) to work on /home/steve/.local/lib/python3.8/site-packages/airflow/example_dags/example_short_circuit_decorator.py
[2022-11-08T20:40:58.490+0900] {processor.py:758} INFO - Processing file /home/steve/.local/lib/python3.8/site-packages/airflow/example_dags/example_short_circuit_decorator.py for tasks to queue
[2022-11-08T20:40:58.490+0900] {logging_mixin.py:117} INFO - [2022-11-08T20:40:58.490+0900] {dagbag.py:525} INFO - Filling up the DagBag from /home/steve/.local/lib/python3.8/site-packages/airflow/example_dags/example_short_circuit_decorator.py
[2022-11-08T20:40:58.503+0900] {processor.py:768} INFO - DAG(s) dict_keys(['example_short_circuit_decorator']) retrieved from /home/steve/.local/lib/python3.8/site-packages/airflow/example_dags/example_short_circuit_decorator.py
[2022-11-08T20:40:58.517+0900] {logging_mixin.py:117} INFO - [2022-11-08T20:40:58.517+0900] {dag.py:2573} INFO - Sync 1 DAGs
[2022-11-08T20:40:58.527+0900] {logging_mixin.py:117} INFO - [2022-11-08T20:40:58.527+0900] {dag.py:3324} INFO - Setting next_dagrun for example_short_circuit_decorator to 2022-11-07T11:40:58.527790+00:00, run_after=2022-11-08T11:40:58.527790+00:00
[2022-11-08T20:40:58.543+0900] {processor.py:178} INFO - Processing /home/steve/.local/lib/python3.8/site-packages/airflow/example_dags/example_short_circuit_decorator.py took 0.055 seconds
[2022-11-08T20:41:36.255+0900] {processor.py:156} INFO - Started process (PID=11547) to work on /home/steve/.local/lib/python3.8/site-packages/airflow/example_dags/example_short_circuit_decorator.py
[2022-11-08T20:41:36.257+0900] {processor.py:758} INFO - Processing file /home/steve/.local/lib/python3.8/site-packages/airflow/example_dags/example_short_circuit_decorator.py for tasks to queue
[2022-11-08T20:41:36.258+0900] {logging_mixin.py:117} INFO - [2022-11-08T20:41:36.257+0900] {dagbag.py:525} INFO - Filling up the DagBag from /home/steve/.local/lib/python3.8/site-packages/airflow/example_dags/example_short_circuit_decorator.py
[2022-11-08T20:41:36.270+0900] {processor.py:768} INFO - DAG(s) dict_keys(['example_short_circuit_decorator']) retrieved from /home/steve/.local/lib/python3.8/site-packages/airflow/example_dags/example_short_circuit_decorator.py
[2022-11-08T20:41:36.284+0900] {logging_mixin.py:117} INFO - [2022-11-08T20:41:36.284+0900] {dag.py:2573} INFO - Sync 1 DAGs
[2022-11-08T20:41:36.295+0900] {logging_mixin.py:117} INFO - [2022-11-08T20:41:36.295+0900] {dag.py:3324} INFO - Setting next_dagrun for example_short_circuit_decorator to 2022-11-07T11:41:36.294960+00:00, run_after=2022-11-08T11:41:36.294960+00:00
[2022-11-08T20:41:36.312+0900] {processor.py:178} INFO - Processing /home/steve/.local/lib/python3.8/site-packages/airflow/example_dags/example_short_circuit_decorator.py took 0.059 seconds
[2022-11-08T20:42:13.001+0900] {processor.py:156} INFO - Started process (PID=11614) to work on /home/steve/.local/lib/python3.8/site-packages/airflow/example_dags/example_short_circuit_decorator.py
[2022-11-08T20:42:13.003+0900] {processor.py:758} INFO - Processing file /home/steve/.local/lib/python3.8/site-packages/airflow/example_dags/example_short_circuit_decorator.py for tasks to queue
[2022-11-08T20:42:13.004+0900] {logging_mixin.py:117} INFO - [2022-11-08T20:42:13.004+0900] {dagbag.py:525} INFO - Filling up the DagBag from /home/steve/.local/lib/python3.8/site-packages/airflow/example_dags/example_short_circuit_decorator.py
[2022-11-08T20:42:13.016+0900] {processor.py:768} INFO - DAG(s) dict_keys(['example_short_circuit_decorator']) retrieved from /home/steve/.local/lib/python3.8/site-packages/airflow/example_dags/example_short_circuit_decorator.py
[2022-11-08T20:42:13.031+0900] {logging_mixin.py:117} INFO - [2022-11-08T20:42:13.031+0900] {dag.py:2573} INFO - Sync 1 DAGs
[2022-11-08T20:42:13.041+0900] {logging_mixin.py:117} INFO - [2022-11-08T20:42:13.040+0900] {dag.py:3324} INFO - Setting next_dagrun for example_short_circuit_decorator to 2022-11-07T11:42:13.040840+00:00, run_after=2022-11-08T11:42:13.040840+00:00
[2022-11-08T20:42:13.055+0900] {processor.py:178} INFO - Processing /home/steve/.local/lib/python3.8/site-packages/airflow/example_dags/example_short_circuit_decorator.py took 0.055 seconds
[2022-11-08T20:42:47.212+0900] {processor.py:156} INFO - Started process (PID=11651) to work on /home/steve/.local/lib/python3.8/site-packages/airflow/example_dags/example_short_circuit_decorator.py
[2022-11-08T20:42:47.215+0900] {processor.py:758} INFO - Processing file /home/steve/.local/lib/python3.8/site-packages/airflow/example_dags/example_short_circuit_decorator.py for tasks to queue
[2022-11-08T20:42:47.215+0900] {logging_mixin.py:117} INFO - [2022-11-08T20:42:47.215+0900] {dagbag.py:525} INFO - Filling up the DagBag from /home/steve/.local/lib/python3.8/site-packages/airflow/example_dags/example_short_circuit_decorator.py
[2022-11-08T20:42:47.228+0900] {processor.py:768} INFO - DAG(s) dict_keys(['example_short_circuit_decorator']) retrieved from /home/steve/.local/lib/python3.8/site-packages/airflow/example_dags/example_short_circuit_decorator.py
[2022-11-08T20:42:47.245+0900] {logging_mixin.py:117} INFO - [2022-11-08T20:42:47.245+0900] {dag.py:2573} INFO - Sync 1 DAGs
[2022-11-08T20:42:47.255+0900] {logging_mixin.py:117} INFO - [2022-11-08T20:42:47.255+0900] {dag.py:3324} INFO - Setting next_dagrun for example_short_circuit_decorator to 2022-11-07T11:42:47.255506+00:00, run_after=2022-11-08T11:42:47.255506+00:00
[2022-11-08T20:42:47.272+0900] {processor.py:178} INFO - Processing /home/steve/.local/lib/python3.8/site-packages/airflow/example_dags/example_short_circuit_decorator.py took 0.061 seconds
[2022-11-08T20:43:24.290+0900] {processor.py:156} INFO - Started process (PID=11688) to work on /home/steve/.local/lib/python3.8/site-packages/airflow/example_dags/example_short_circuit_decorator.py
[2022-11-08T20:43:24.292+0900] {processor.py:758} INFO - Processing file /home/steve/.local/lib/python3.8/site-packages/airflow/example_dags/example_short_circuit_decorator.py for tasks to queue
[2022-11-08T20:43:24.293+0900] {logging_mixin.py:117} INFO - [2022-11-08T20:43:24.293+0900] {dagbag.py:525} INFO - Filling up the DagBag from /home/steve/.local/lib/python3.8/site-packages/airflow/example_dags/example_short_circuit_decorator.py
[2022-11-08T20:43:24.307+0900] {processor.py:768} INFO - DAG(s) dict_keys(['example_short_circuit_decorator']) retrieved from /home/steve/.local/lib/python3.8/site-packages/airflow/example_dags/example_short_circuit_decorator.py
[2022-11-08T20:43:24.323+0900] {logging_mixin.py:117} INFO - [2022-11-08T20:43:24.323+0900] {dag.py:2573} INFO - Sync 1 DAGs
[2022-11-08T20:43:24.335+0900] {logging_mixin.py:117} INFO - [2022-11-08T20:43:24.335+0900] {dag.py:3324} INFO - Setting next_dagrun for example_short_circuit_decorator to 2022-11-07T11:43:24.335626+00:00, run_after=2022-11-08T11:43:24.335626+00:00
[2022-11-08T20:43:24.353+0900] {processor.py:178} INFO - Processing /home/steve/.local/lib/python3.8/site-packages/airflow/example_dags/example_short_circuit_decorator.py took 0.065 seconds
[2022-11-08T20:43:57.084+0900] {processor.py:156} INFO - Started process (PID=11724) to work on /home/steve/.local/lib/python3.8/site-packages/airflow/example_dags/example_short_circuit_decorator.py
[2022-11-08T20:43:57.084+0900] {processor.py:758} INFO - Processing file /home/steve/.local/lib/python3.8/site-packages/airflow/example_dags/example_short_circuit_decorator.py for tasks to queue
[2022-11-08T20:43:57.084+0900] {logging_mixin.py:117} INFO - [2022-11-08T20:43:57.084+0900] {dagbag.py:525} INFO - Filling up the DagBag from /home/steve/.local/lib/python3.8/site-packages/airflow/example_dags/example_short_circuit_decorator.py
[2022-11-08T20:43:57.096+0900] {processor.py:768} INFO - DAG(s) dict_keys(['example_short_circuit_decorator']) retrieved from /home/steve/.local/lib/python3.8/site-packages/airflow/example_dags/example_short_circuit_decorator.py
[2022-11-08T20:43:57.111+0900] {logging_mixin.py:117} INFO - [2022-11-08T20:43:57.111+0900] {dag.py:2573} INFO - Sync 1 DAGs
[2022-11-08T20:43:57.120+0900] {logging_mixin.py:117} INFO - [2022-11-08T20:43:57.120+0900] {dag.py:3324} INFO - Setting next_dagrun for example_short_circuit_decorator to 2022-11-07T11:43:57.120371+00:00, run_after=2022-11-08T11:43:57.120371+00:00
[2022-11-08T20:43:57.136+0900] {processor.py:178} INFO - Processing /home/steve/.local/lib/python3.8/site-packages/airflow/example_dags/example_short_circuit_decorator.py took 0.054 seconds
[2022-11-08T20:44:34.063+0900] {processor.py:156} INFO - Started process (PID=11762) to work on /home/steve/.local/lib/python3.8/site-packages/airflow/example_dags/example_short_circuit_decorator.py
[2022-11-08T20:44:34.065+0900] {processor.py:758} INFO - Processing file /home/steve/.local/lib/python3.8/site-packages/airflow/example_dags/example_short_circuit_decorator.py for tasks to queue
[2022-11-08T20:44:34.066+0900] {logging_mixin.py:117} INFO - [2022-11-08T20:44:34.066+0900] {dagbag.py:525} INFO - Filling up the DagBag from /home/steve/.local/lib/python3.8/site-packages/airflow/example_dags/example_short_circuit_decorator.py
[2022-11-08T20:44:34.079+0900] {processor.py:768} INFO - DAG(s) dict_keys(['example_short_circuit_decorator']) retrieved from /home/steve/.local/lib/python3.8/site-packages/airflow/example_dags/example_short_circuit_decorator.py
[2022-11-08T20:44:34.095+0900] {logging_mixin.py:117} INFO - [2022-11-08T20:44:34.095+0900] {dag.py:2573} INFO - Sync 1 DAGs
[2022-11-08T20:44:34.106+0900] {logging_mixin.py:117} INFO - [2022-11-08T20:44:34.106+0900] {dag.py:3324} INFO - Setting next_dagrun for example_short_circuit_decorator to 2022-11-07T11:44:34.106209+00:00, run_after=2022-11-08T11:44:34.106209+00:00
[2022-11-08T20:44:34.124+0900] {processor.py:178} INFO - Processing /home/steve/.local/lib/python3.8/site-packages/airflow/example_dags/example_short_circuit_decorator.py took 0.062 seconds
[2022-11-08T20:45:11.352+0900] {processor.py:156} INFO - Started process (PID=11800) to work on /home/steve/.local/lib/python3.8/site-packages/airflow/example_dags/example_short_circuit_decorator.py
[2022-11-08T20:45:11.354+0900] {processor.py:758} INFO - Processing file /home/steve/.local/lib/python3.8/site-packages/airflow/example_dags/example_short_circuit_decorator.py for tasks to queue
[2022-11-08T20:45:11.355+0900] {logging_mixin.py:117} INFO - [2022-11-08T20:45:11.355+0900] {dagbag.py:525} INFO - Filling up the DagBag from /home/steve/.local/lib/python3.8/site-packages/airflow/example_dags/example_short_circuit_decorator.py
[2022-11-08T20:45:11.367+0900] {processor.py:768} INFO - DAG(s) dict_keys(['example_short_circuit_decorator']) retrieved from /home/steve/.local/lib/python3.8/site-packages/airflow/example_dags/example_short_circuit_decorator.py
[2022-11-08T20:45:11.383+0900] {logging_mixin.py:117} INFO - [2022-11-08T20:45:11.382+0900] {dag.py:2573} INFO - Sync 1 DAGs
[2022-11-08T20:45:11.393+0900] {logging_mixin.py:117} INFO - [2022-11-08T20:45:11.393+0900] {dag.py:3324} INFO - Setting next_dagrun for example_short_circuit_decorator to 2022-11-07T11:45:11.393665+00:00, run_after=2022-11-08T11:45:11.393665+00:00
[2022-11-08T20:45:11.409+0900] {processor.py:178} INFO - Processing /home/steve/.local/lib/python3.8/site-packages/airflow/example_dags/example_short_circuit_decorator.py took 0.059 seconds
[2022-11-08T20:45:46.171+0900] {processor.py:156} INFO - Started process (PID=11836) to work on /home/steve/.local/lib/python3.8/site-packages/airflow/example_dags/example_short_circuit_decorator.py
[2022-11-08T20:45:46.173+0900] {processor.py:758} INFO - Processing file /home/steve/.local/lib/python3.8/site-packages/airflow/example_dags/example_short_circuit_decorator.py for tasks to queue
[2022-11-08T20:45:46.173+0900] {logging_mixin.py:117} INFO - [2022-11-08T20:45:46.173+0900] {dagbag.py:525} INFO - Filling up the DagBag from /home/steve/.local/lib/python3.8/site-packages/airflow/example_dags/example_short_circuit_decorator.py
[2022-11-08T20:45:46.186+0900] {processor.py:768} INFO - DAG(s) dict_keys(['example_short_circuit_decorator']) retrieved from /home/steve/.local/lib/python3.8/site-packages/airflow/example_dags/example_short_circuit_decorator.py
[2022-11-08T20:45:46.201+0900] {logging_mixin.py:117} INFO - [2022-11-08T20:45:46.201+0900] {dag.py:2573} INFO - Sync 1 DAGs
[2022-11-08T20:45:46.210+0900] {logging_mixin.py:117} INFO - [2022-11-08T20:45:46.210+0900] {dag.py:3324} INFO - Setting next_dagrun for example_short_circuit_decorator to 2022-11-07T11:45:46.210443+00:00, run_after=2022-11-08T11:45:46.210443+00:00
[2022-11-08T20:45:46.226+0900] {processor.py:178} INFO - Processing /home/steve/.local/lib/python3.8/site-packages/airflow/example_dags/example_short_circuit_decorator.py took 0.057 seconds
[2022-11-08T20:46:25.001+0900] {processor.py:156} INFO - Started process (PID=11875) to work on /home/steve/.local/lib/python3.8/site-packages/airflow/example_dags/example_short_circuit_decorator.py
[2022-11-08T20:46:25.003+0900] {processor.py:758} INFO - Processing file /home/steve/.local/lib/python3.8/site-packages/airflow/example_dags/example_short_circuit_decorator.py for tasks to queue
[2022-11-08T20:46:25.004+0900] {logging_mixin.py:117} INFO - [2022-11-08T20:46:25.004+0900] {dagbag.py:525} INFO - Filling up the DagBag from /home/steve/.local/lib/python3.8/site-packages/airflow/example_dags/example_short_circuit_decorator.py
[2022-11-08T20:46:25.015+0900] {processor.py:768} INFO - DAG(s) dict_keys(['example_short_circuit_decorator']) retrieved from /home/steve/.local/lib/python3.8/site-packages/airflow/example_dags/example_short_circuit_decorator.py
[2022-11-08T20:46:25.030+0900] {logging_mixin.py:117} INFO - [2022-11-08T20:46:25.030+0900] {dag.py:2573} INFO - Sync 1 DAGs
[2022-11-08T20:46:25.040+0900] {logging_mixin.py:117} INFO - [2022-11-08T20:46:25.040+0900] {dag.py:3324} INFO - Setting next_dagrun for example_short_circuit_decorator to 2022-11-07T11:46:25.039971+00:00, run_after=2022-11-08T11:46:25.039971+00:00
[2022-11-08T20:46:25.055+0900] {processor.py:178} INFO - Processing /home/steve/.local/lib/python3.8/site-packages/airflow/example_dags/example_short_circuit_decorator.py took 0.055 seconds
[2022-11-08T20:47:00.647+0900] {processor.py:156} INFO - Started process (PID=12012) to work on /home/steve/.local/lib/python3.8/site-packages/airflow/example_dags/example_short_circuit_decorator.py
[2022-11-08T20:47:00.647+0900] {processor.py:758} INFO - Processing file /home/steve/.local/lib/python3.8/site-packages/airflow/example_dags/example_short_circuit_decorator.py for tasks to queue
[2022-11-08T20:47:00.648+0900] {logging_mixin.py:117} INFO - [2022-11-08T20:47:00.648+0900] {dagbag.py:525} INFO - Filling up the DagBag from /home/steve/.local/lib/python3.8/site-packages/airflow/example_dags/example_short_circuit_decorator.py
[2022-11-08T20:47:00.662+0900] {processor.py:768} INFO - DAG(s) dict_keys(['example_short_circuit_decorator']) retrieved from /home/steve/.local/lib/python3.8/site-packages/airflow/example_dags/example_short_circuit_decorator.py
[2022-11-08T20:47:00.677+0900] {logging_mixin.py:117} INFO - [2022-11-08T20:47:00.677+0900] {dag.py:2573} INFO - Sync 1 DAGs
[2022-11-08T20:47:00.687+0900] {logging_mixin.py:117} INFO - [2022-11-08T20:47:00.687+0900] {dag.py:3324} INFO - Setting next_dagrun for example_short_circuit_decorator to 2022-11-07T11:47:00.686868+00:00, run_after=2022-11-08T11:47:00.686868+00:00
[2022-11-08T20:47:00.706+0900] {processor.py:178} INFO - Processing /home/steve/.local/lib/python3.8/site-packages/airflow/example_dags/example_short_circuit_decorator.py took 0.061 seconds
[2022-11-08T20:47:32.242+0900] {processor.py:156} INFO - Started process (PID=12120) to work on /home/steve/.local/lib/python3.8/site-packages/airflow/example_dags/example_short_circuit_decorator.py
[2022-11-08T20:47:32.244+0900] {processor.py:758} INFO - Processing file /home/steve/.local/lib/python3.8/site-packages/airflow/example_dags/example_short_circuit_decorator.py for tasks to queue
[2022-11-08T20:47:32.244+0900] {logging_mixin.py:117} INFO - [2022-11-08T20:47:32.244+0900] {dagbag.py:525} INFO - Filling up the DagBag from /home/steve/.local/lib/python3.8/site-packages/airflow/example_dags/example_short_circuit_decorator.py
[2022-11-08T20:47:32.261+0900] {processor.py:768} INFO - DAG(s) dict_keys(['example_short_circuit_decorator']) retrieved from /home/steve/.local/lib/python3.8/site-packages/airflow/example_dags/example_short_circuit_decorator.py
[2022-11-08T20:47:32.282+0900] {logging_mixin.py:117} INFO - [2022-11-08T20:47:32.282+0900] {dag.py:2573} INFO - Sync 1 DAGs
[2022-11-08T20:47:32.294+0900] {logging_mixin.py:117} INFO - [2022-11-08T20:47:32.294+0900] {dag.py:3324} INFO - Setting next_dagrun for example_short_circuit_decorator to 2022-11-07T11:47:32.294632+00:00, run_after=2022-11-08T11:47:32.294632+00:00
[2022-11-08T20:47:32.312+0900] {processor.py:178} INFO - Processing /home/steve/.local/lib/python3.8/site-packages/airflow/example_dags/example_short_circuit_decorator.py took 0.072 seconds
[2022-11-08T20:48:07.305+0900] {processor.py:156} INFO - Started process (PID=12267) to work on /home/steve/.local/lib/python3.8/site-packages/airflow/example_dags/example_short_circuit_decorator.py
[2022-11-08T20:48:07.307+0900] {processor.py:758} INFO - Processing file /home/steve/.local/lib/python3.8/site-packages/airflow/example_dags/example_short_circuit_decorator.py for tasks to queue
[2022-11-08T20:48:07.307+0900] {logging_mixin.py:117} INFO - [2022-11-08T20:48:07.307+0900] {dagbag.py:525} INFO - Filling up the DagBag from /home/steve/.local/lib/python3.8/site-packages/airflow/example_dags/example_short_circuit_decorator.py
[2022-11-08T20:48:07.321+0900] {processor.py:768} INFO - DAG(s) dict_keys(['example_short_circuit_decorator']) retrieved from /home/steve/.local/lib/python3.8/site-packages/airflow/example_dags/example_short_circuit_decorator.py
[2022-11-08T20:48:07.339+0900] {logging_mixin.py:117} INFO - [2022-11-08T20:48:07.339+0900] {dag.py:2573} INFO - Sync 1 DAGs
[2022-11-08T20:48:07.351+0900] {logging_mixin.py:117} INFO - [2022-11-08T20:48:07.350+0900] {dag.py:3324} INFO - Setting next_dagrun for example_short_circuit_decorator to 2022-11-07T11:48:07.350754+00:00, run_after=2022-11-08T11:48:07.350754+00:00
[2022-11-08T20:48:07.370+0900] {processor.py:178} INFO - Processing /home/steve/.local/lib/python3.8/site-packages/airflow/example_dags/example_short_circuit_decorator.py took 0.067 seconds
[2022-11-08T20:48:42.983+0900] {processor.py:156} INFO - Started process (PID=12303) to work on /home/steve/.local/lib/python3.8/site-packages/airflow/example_dags/example_short_circuit_decorator.py
[2022-11-08T20:48:42.983+0900] {processor.py:758} INFO - Processing file /home/steve/.local/lib/python3.8/site-packages/airflow/example_dags/example_short_circuit_decorator.py for tasks to queue
[2022-11-08T20:48:42.984+0900] {logging_mixin.py:117} INFO - [2022-11-08T20:48:42.984+0900] {dagbag.py:525} INFO - Filling up the DagBag from /home/steve/.local/lib/python3.8/site-packages/airflow/example_dags/example_short_circuit_decorator.py
[2022-11-08T20:48:42.996+0900] {processor.py:768} INFO - DAG(s) dict_keys(['example_short_circuit_decorator']) retrieved from /home/steve/.local/lib/python3.8/site-packages/airflow/example_dags/example_short_circuit_decorator.py
[2022-11-08T20:48:43.013+0900] {logging_mixin.py:117} INFO - [2022-11-08T20:48:43.012+0900] {dag.py:2573} INFO - Sync 1 DAGs
[2022-11-08T20:48:43.023+0900] {logging_mixin.py:117} INFO - [2022-11-08T20:48:43.023+0900] {dag.py:3324} INFO - Setting next_dagrun for example_short_circuit_decorator to 2022-11-07T11:48:43.023212+00:00, run_after=2022-11-08T11:48:43.023212+00:00
[2022-11-08T20:48:43.039+0900] {processor.py:178} INFO - Processing /home/steve/.local/lib/python3.8/site-packages/airflow/example_dags/example_short_circuit_decorator.py took 0.058 seconds
[2022-11-08T20:49:16.072+0900] {processor.py:156} INFO - Started process (PID=12339) to work on /home/steve/.local/lib/python3.8/site-packages/airflow/example_dags/example_short_circuit_decorator.py
[2022-11-08T20:49:16.074+0900] {processor.py:758} INFO - Processing file /home/steve/.local/lib/python3.8/site-packages/airflow/example_dags/example_short_circuit_decorator.py for tasks to queue
[2022-11-08T20:49:16.075+0900] {logging_mixin.py:117} INFO - [2022-11-08T20:49:16.074+0900] {dagbag.py:525} INFO - Filling up the DagBag from /home/steve/.local/lib/python3.8/site-packages/airflow/example_dags/example_short_circuit_decorator.py
[2022-11-08T20:49:16.089+0900] {processor.py:768} INFO - DAG(s) dict_keys(['example_short_circuit_decorator']) retrieved from /home/steve/.local/lib/python3.8/site-packages/airflow/example_dags/example_short_circuit_decorator.py
[2022-11-08T20:49:16.108+0900] {logging_mixin.py:117} INFO - [2022-11-08T20:49:16.108+0900] {dag.py:2573} INFO - Sync 1 DAGs
[2022-11-08T20:49:16.120+0900] {logging_mixin.py:117} INFO - [2022-11-08T20:49:16.119+0900] {dag.py:3324} INFO - Setting next_dagrun for example_short_circuit_decorator to 2022-11-07T11:49:16.119739+00:00, run_after=2022-11-08T11:49:16.119739+00:00
[2022-11-08T20:49:16.137+0900] {processor.py:178} INFO - Processing /home/steve/.local/lib/python3.8/site-packages/airflow/example_dags/example_short_circuit_decorator.py took 0.067 seconds
[2022-11-08T20:49:53.163+0900] {processor.py:156} INFO - Started process (PID=12378) to work on /home/steve/.local/lib/python3.8/site-packages/airflow/example_dags/example_short_circuit_decorator.py
[2022-11-08T20:49:53.165+0900] {processor.py:758} INFO - Processing file /home/steve/.local/lib/python3.8/site-packages/airflow/example_dags/example_short_circuit_decorator.py for tasks to queue
[2022-11-08T20:49:53.166+0900] {logging_mixin.py:117} INFO - [2022-11-08T20:49:53.166+0900] {dagbag.py:525} INFO - Filling up the DagBag from /home/steve/.local/lib/python3.8/site-packages/airflow/example_dags/example_short_circuit_decorator.py
[2022-11-08T20:49:53.178+0900] {processor.py:768} INFO - DAG(s) dict_keys(['example_short_circuit_decorator']) retrieved from /home/steve/.local/lib/python3.8/site-packages/airflow/example_dags/example_short_circuit_decorator.py
[2022-11-08T20:49:53.194+0900] {logging_mixin.py:117} INFO - [2022-11-08T20:49:53.194+0900] {dag.py:2573} INFO - Sync 1 DAGs
[2022-11-08T20:49:53.204+0900] {logging_mixin.py:117} INFO - [2022-11-08T20:49:53.204+0900] {dag.py:3324} INFO - Setting next_dagrun for example_short_circuit_decorator to 2022-11-07T11:49:53.204331+00:00, run_after=2022-11-08T11:49:53.204331+00:00
[2022-11-08T20:49:53.220+0900] {processor.py:178} INFO - Processing /home/steve/.local/lib/python3.8/site-packages/airflow/example_dags/example_short_circuit_decorator.py took 0.059 seconds
[2022-11-08T20:50:30.933+0900] {processor.py:156} INFO - Started process (PID=12512) to work on /home/steve/.local/lib/python3.8/site-packages/airflow/example_dags/example_short_circuit_decorator.py
[2022-11-08T20:50:30.935+0900] {processor.py:758} INFO - Processing file /home/steve/.local/lib/python3.8/site-packages/airflow/example_dags/example_short_circuit_decorator.py for tasks to queue
[2022-11-08T20:50:30.936+0900] {logging_mixin.py:117} INFO - [2022-11-08T20:50:30.936+0900] {dagbag.py:525} INFO - Filling up the DagBag from /home/steve/.local/lib/python3.8/site-packages/airflow/example_dags/example_short_circuit_decorator.py
[2022-11-08T20:50:30.948+0900] {processor.py:768} INFO - DAG(s) dict_keys(['example_short_circuit_decorator']) retrieved from /home/steve/.local/lib/python3.8/site-packages/airflow/example_dags/example_short_circuit_decorator.py
[2022-11-08T20:50:30.963+0900] {logging_mixin.py:117} INFO - [2022-11-08T20:50:30.963+0900] {dag.py:2573} INFO - Sync 1 DAGs
[2022-11-08T20:50:30.973+0900] {logging_mixin.py:117} INFO - [2022-11-08T20:50:30.973+0900] {dag.py:3324} INFO - Setting next_dagrun for example_short_circuit_decorator to 2022-11-07T11:50:30.973474+00:00, run_after=2022-11-08T11:50:30.973474+00:00
[2022-11-08T20:50:30.988+0900] {processor.py:178} INFO - Processing /home/steve/.local/lib/python3.8/site-packages/airflow/example_dags/example_short_circuit_decorator.py took 0.057 seconds
[2022-11-08T20:51:05.276+0900] {processor.py:156} INFO - Started process (PID=12879) to work on /home/steve/.local/lib/python3.8/site-packages/airflow/example_dags/example_short_circuit_decorator.py
[2022-11-08T20:51:05.278+0900] {processor.py:758} INFO - Processing file /home/steve/.local/lib/python3.8/site-packages/airflow/example_dags/example_short_circuit_decorator.py for tasks to queue
[2022-11-08T20:51:05.278+0900] {logging_mixin.py:117} INFO - [2022-11-08T20:51:05.278+0900] {dagbag.py:525} INFO - Filling up the DagBag from /home/steve/.local/lib/python3.8/site-packages/airflow/example_dags/example_short_circuit_decorator.py
[2022-11-08T20:51:05.291+0900] {processor.py:768} INFO - DAG(s) dict_keys(['example_short_circuit_decorator']) retrieved from /home/steve/.local/lib/python3.8/site-packages/airflow/example_dags/example_short_circuit_decorator.py
[2022-11-08T20:51:05.306+0900] {logging_mixin.py:117} INFO - [2022-11-08T20:51:05.306+0900] {dag.py:2573} INFO - Sync 1 DAGs
[2022-11-08T20:51:05.316+0900] {logging_mixin.py:117} INFO - [2022-11-08T20:51:05.316+0900] {dag.py:3324} INFO - Setting next_dagrun for example_short_circuit_decorator to 2022-11-07T11:51:05.315943+00:00, run_after=2022-11-08T11:51:05.315943+00:00
[2022-11-08T20:51:05.334+0900] {processor.py:178} INFO - Processing /home/steve/.local/lib/python3.8/site-packages/airflow/example_dags/example_short_circuit_decorator.py took 0.059 seconds
