[2022-11-08T19:44:45.878+0900] {processor.py:156} INFO - Started process (PID=7285) to work on /home/steve/.local/lib/python3.8/site-packages/airflow/example_dags/example_trigger_target_dag.py
[2022-11-08T19:44:45.879+0900] {processor.py:758} INFO - Processing file /home/steve/.local/lib/python3.8/site-packages/airflow/example_dags/example_trigger_target_dag.py for tasks to queue
[2022-11-08T19:44:45.879+0900] {logging_mixin.py:117} INFO - [2022-11-08T19:44:45.879+0900] {dagbag.py:525} INFO - Filling up the DagBag from /home/steve/.local/lib/python3.8/site-packages/airflow/example_dags/example_trigger_target_dag.py
[2022-11-08T19:44:45.890+0900] {processor.py:768} INFO - DAG(s) dict_keys(['example_trigger_target_dag']) retrieved from /home/steve/.local/lib/python3.8/site-packages/airflow/example_dags/example_trigger_target_dag.py
[2022-11-08T19:44:46.021+0900] {logging_mixin.py:117} INFO - [2022-11-08T19:44:46.020+0900] {manager.py:507} INFO - Created Permission View: can edit on DAG:example_trigger_target_dag
[2022-11-08T19:44:46.031+0900] {logging_mixin.py:117} INFO - [2022-11-08T19:44:46.031+0900] {manager.py:507} INFO - Created Permission View: can delete on DAG:example_trigger_target_dag
[2022-11-08T19:44:46.040+0900] {logging_mixin.py:117} INFO - [2022-11-08T19:44:46.040+0900] {manager.py:507} INFO - Created Permission View: can read on DAG:example_trigger_target_dag
[2022-11-08T19:44:46.040+0900] {logging_mixin.py:117} INFO - [2022-11-08T19:44:46.040+0900] {dag.py:2573} INFO - Sync 1 DAGs
[2022-11-08T19:44:46.044+0900] {logging_mixin.py:117} INFO - [2022-11-08T19:44:46.044+0900] {dag.py:2594} INFO - Creating ORM DAG for example_trigger_target_dag
[2022-11-08T19:44:46.048+0900] {logging_mixin.py:117} INFO - [2022-11-08T19:44:46.048+0900] {dag.py:3324} INFO - Setting next_dagrun for example_trigger_target_dag to None, run_after=None
[2022-11-08T19:44:46.063+0900] {processor.py:178} INFO - Processing /home/steve/.local/lib/python3.8/site-packages/airflow/example_dags/example_trigger_target_dag.py took 0.186 seconds
[2022-11-08T19:45:23.651+0900] {processor.py:156} INFO - Started process (PID=7573) to work on /home/steve/.local/lib/python3.8/site-packages/airflow/example_dags/example_trigger_target_dag.py
[2022-11-08T19:45:23.652+0900] {processor.py:758} INFO - Processing file /home/steve/.local/lib/python3.8/site-packages/airflow/example_dags/example_trigger_target_dag.py for tasks to queue
[2022-11-08T19:45:23.652+0900] {logging_mixin.py:117} INFO - [2022-11-08T19:45:23.652+0900] {dagbag.py:525} INFO - Filling up the DagBag from /home/steve/.local/lib/python3.8/site-packages/airflow/example_dags/example_trigger_target_dag.py
[2022-11-08T19:45:23.663+0900] {processor.py:768} INFO - DAG(s) dict_keys(['example_trigger_target_dag']) retrieved from /home/steve/.local/lib/python3.8/site-packages/airflow/example_dags/example_trigger_target_dag.py
[2022-11-08T19:45:23.679+0900] {logging_mixin.py:117} INFO - [2022-11-08T19:45:23.678+0900] {dag.py:2573} INFO - Sync 1 DAGs
[2022-11-08T19:45:23.688+0900] {logging_mixin.py:117} INFO - [2022-11-08T19:45:23.688+0900] {dag.py:3324} INFO - Setting next_dagrun for example_trigger_target_dag to None, run_after=None
[2022-11-08T19:45:23.703+0900] {processor.py:178} INFO - Processing /home/steve/.local/lib/python3.8/site-packages/airflow/example_dags/example_trigger_target_dag.py took 0.053 seconds
[2022-11-08T19:45:58.588+0900] {processor.py:156} INFO - Started process (PID=7787) to work on /home/steve/.local/lib/python3.8/site-packages/airflow/example_dags/example_trigger_target_dag.py
[2022-11-08T19:45:58.589+0900] {processor.py:758} INFO - Processing file /home/steve/.local/lib/python3.8/site-packages/airflow/example_dags/example_trigger_target_dag.py for tasks to queue
[2022-11-08T19:45:58.589+0900] {logging_mixin.py:117} INFO - [2022-11-08T19:45:58.589+0900] {dagbag.py:525} INFO - Filling up the DagBag from /home/steve/.local/lib/python3.8/site-packages/airflow/example_dags/example_trigger_target_dag.py
[2022-11-08T19:45:58.600+0900] {processor.py:768} INFO - DAG(s) dict_keys(['example_trigger_target_dag']) retrieved from /home/steve/.local/lib/python3.8/site-packages/airflow/example_dags/example_trigger_target_dag.py
[2022-11-08T19:45:58.617+0900] {logging_mixin.py:117} INFO - [2022-11-08T19:45:58.617+0900] {dag.py:2573} INFO - Sync 1 DAGs
[2022-11-08T19:45:58.626+0900] {logging_mixin.py:117} INFO - [2022-11-08T19:45:58.626+0900] {dag.py:3324} INFO - Setting next_dagrun for example_trigger_target_dag to None, run_after=None
[2022-11-08T19:45:58.642+0900] {processor.py:178} INFO - Processing /home/steve/.local/lib/python3.8/site-packages/airflow/example_dags/example_trigger_target_dag.py took 0.056 seconds
[2022-11-08T19:46:34.485+0900] {processor.py:156} INFO - Started process (PID=7823) to work on /home/steve/.local/lib/python3.8/site-packages/airflow/example_dags/example_trigger_target_dag.py
[2022-11-08T19:46:34.487+0900] {processor.py:758} INFO - Processing file /home/steve/.local/lib/python3.8/site-packages/airflow/example_dags/example_trigger_target_dag.py for tasks to queue
[2022-11-08T19:46:34.487+0900] {logging_mixin.py:117} INFO - [2022-11-08T19:46:34.487+0900] {dagbag.py:525} INFO - Filling up the DagBag from /home/steve/.local/lib/python3.8/site-packages/airflow/example_dags/example_trigger_target_dag.py
[2022-11-08T19:46:34.499+0900] {processor.py:768} INFO - DAG(s) dict_keys(['example_trigger_target_dag']) retrieved from /home/steve/.local/lib/python3.8/site-packages/airflow/example_dags/example_trigger_target_dag.py
[2022-11-08T19:46:34.513+0900] {logging_mixin.py:117} INFO - [2022-11-08T19:46:34.513+0900] {dag.py:2573} INFO - Sync 1 DAGs
[2022-11-08T19:46:34.522+0900] {logging_mixin.py:117} INFO - [2022-11-08T19:46:34.522+0900] {dag.py:3324} INFO - Setting next_dagrun for example_trigger_target_dag to None, run_after=None
[2022-11-08T19:46:34.603+0900] {processor.py:178} INFO - Processing /home/steve/.local/lib/python3.8/site-packages/airflow/example_dags/example_trigger_target_dag.py took 0.119 seconds
[2022-11-08T19:47:09.612+0900] {processor.py:156} INFO - Started process (PID=7899) to work on /home/steve/.local/lib/python3.8/site-packages/airflow/example_dags/example_trigger_target_dag.py
[2022-11-08T19:47:09.614+0900] {processor.py:758} INFO - Processing file /home/steve/.local/lib/python3.8/site-packages/airflow/example_dags/example_trigger_target_dag.py for tasks to queue
[2022-11-08T19:47:09.615+0900] {logging_mixin.py:117} INFO - [2022-11-08T19:47:09.615+0900] {dagbag.py:525} INFO - Filling up the DagBag from /home/steve/.local/lib/python3.8/site-packages/airflow/example_dags/example_trigger_target_dag.py
[2022-11-08T19:47:09.628+0900] {processor.py:768} INFO - DAG(s) dict_keys(['example_trigger_target_dag']) retrieved from /home/steve/.local/lib/python3.8/site-packages/airflow/example_dags/example_trigger_target_dag.py
[2022-11-08T19:47:09.645+0900] {logging_mixin.py:117} INFO - [2022-11-08T19:47:09.644+0900] {dag.py:2573} INFO - Sync 1 DAGs
[2022-11-08T19:47:09.655+0900] {logging_mixin.py:117} INFO - [2022-11-08T19:47:09.655+0900] {dag.py:3324} INFO - Setting next_dagrun for example_trigger_target_dag to None, run_after=None
[2022-11-08T19:47:09.748+0900] {processor.py:178} INFO - Processing /home/steve/.local/lib/python3.8/site-packages/airflow/example_dags/example_trigger_target_dag.py took 0.138 seconds
[2022-11-08T19:47:44.620+0900] {processor.py:156} INFO - Started process (PID=7933) to work on /home/steve/.local/lib/python3.8/site-packages/airflow/example_dags/example_trigger_target_dag.py
[2022-11-08T19:47:44.622+0900] {processor.py:758} INFO - Processing file /home/steve/.local/lib/python3.8/site-packages/airflow/example_dags/example_trigger_target_dag.py for tasks to queue
[2022-11-08T19:47:44.622+0900] {logging_mixin.py:117} INFO - [2022-11-08T19:47:44.622+0900] {dagbag.py:525} INFO - Filling up the DagBag from /home/steve/.local/lib/python3.8/site-packages/airflow/example_dags/example_trigger_target_dag.py
[2022-11-08T19:47:44.633+0900] {processor.py:768} INFO - DAG(s) dict_keys(['example_trigger_target_dag']) retrieved from /home/steve/.local/lib/python3.8/site-packages/airflow/example_dags/example_trigger_target_dag.py
[2022-11-08T19:47:44.648+0900] {logging_mixin.py:117} INFO - [2022-11-08T19:47:44.647+0900] {dag.py:2573} INFO - Sync 1 DAGs
[2022-11-08T19:47:44.723+0900] {logging_mixin.py:117} INFO - [2022-11-08T19:47:44.722+0900] {dag.py:3324} INFO - Setting next_dagrun for example_trigger_target_dag to None, run_after=None
[2022-11-08T19:47:44.738+0900] {processor.py:178} INFO - Processing /home/steve/.local/lib/python3.8/site-packages/airflow/example_dags/example_trigger_target_dag.py took 0.120 seconds
[2022-11-08T19:48:20.968+0900] {processor.py:156} INFO - Started process (PID=7968) to work on /home/steve/.local/lib/python3.8/site-packages/airflow/example_dags/example_trigger_target_dag.py
[2022-11-08T19:48:20.970+0900] {processor.py:758} INFO - Processing file /home/steve/.local/lib/python3.8/site-packages/airflow/example_dags/example_trigger_target_dag.py for tasks to queue
[2022-11-08T19:48:20.971+0900] {logging_mixin.py:117} INFO - [2022-11-08T19:48:20.971+0900] {dagbag.py:525} INFO - Filling up the DagBag from /home/steve/.local/lib/python3.8/site-packages/airflow/example_dags/example_trigger_target_dag.py
[2022-11-08T19:48:20.982+0900] {processor.py:768} INFO - DAG(s) dict_keys(['example_trigger_target_dag']) retrieved from /home/steve/.local/lib/python3.8/site-packages/airflow/example_dags/example_trigger_target_dag.py
[2022-11-08T19:48:20.996+0900] {logging_mixin.py:117} INFO - [2022-11-08T19:48:20.996+0900] {dag.py:2573} INFO - Sync 1 DAGs
[2022-11-08T19:48:21.072+0900] {logging_mixin.py:117} INFO - [2022-11-08T19:48:21.072+0900] {dag.py:3324} INFO - Setting next_dagrun for example_trigger_target_dag to None, run_after=None
[2022-11-08T19:48:21.087+0900] {processor.py:178} INFO - Processing /home/steve/.local/lib/python3.8/site-packages/airflow/example_dags/example_trigger_target_dag.py took 0.121 seconds
[2022-11-08T19:48:58.520+0900] {processor.py:156} INFO - Started process (PID=8004) to work on /home/steve/.local/lib/python3.8/site-packages/airflow/example_dags/example_trigger_target_dag.py
[2022-11-08T19:48:58.522+0900] {processor.py:758} INFO - Processing file /home/steve/.local/lib/python3.8/site-packages/airflow/example_dags/example_trigger_target_dag.py for tasks to queue
[2022-11-08T19:48:58.523+0900] {logging_mixin.py:117} INFO - [2022-11-08T19:48:58.523+0900] {dagbag.py:525} INFO - Filling up the DagBag from /home/steve/.local/lib/python3.8/site-packages/airflow/example_dags/example_trigger_target_dag.py
[2022-11-08T19:48:58.534+0900] {processor.py:768} INFO - DAG(s) dict_keys(['example_trigger_target_dag']) retrieved from /home/steve/.local/lib/python3.8/site-packages/airflow/example_dags/example_trigger_target_dag.py
[2022-11-08T19:48:58.613+0900] {logging_mixin.py:117} INFO - [2022-11-08T19:48:58.613+0900] {dag.py:2573} INFO - Sync 1 DAGs
[2022-11-08T19:48:58.622+0900] {logging_mixin.py:117} INFO - [2022-11-08T19:48:58.622+0900] {dag.py:3324} INFO - Setting next_dagrun for example_trigger_target_dag to None, run_after=None
[2022-11-08T19:48:58.637+0900] {processor.py:178} INFO - Processing /home/steve/.local/lib/python3.8/site-packages/airflow/example_dags/example_trigger_target_dag.py took 0.119 seconds
[2022-11-08T19:49:35.555+0900] {processor.py:156} INFO - Started process (PID=8040) to work on /home/steve/.local/lib/python3.8/site-packages/airflow/example_dags/example_trigger_target_dag.py
[2022-11-08T19:49:35.557+0900] {processor.py:758} INFO - Processing file /home/steve/.local/lib/python3.8/site-packages/airflow/example_dags/example_trigger_target_dag.py for tasks to queue
[2022-11-08T19:49:35.557+0900] {logging_mixin.py:117} INFO - [2022-11-08T19:49:35.557+0900] {dagbag.py:525} INFO - Filling up the DagBag from /home/steve/.local/lib/python3.8/site-packages/airflow/example_dags/example_trigger_target_dag.py
[2022-11-08T19:49:35.568+0900] {processor.py:768} INFO - DAG(s) dict_keys(['example_trigger_target_dag']) retrieved from /home/steve/.local/lib/python3.8/site-packages/airflow/example_dags/example_trigger_target_dag.py
[2022-11-08T19:49:35.649+0900] {logging_mixin.py:117} INFO - [2022-11-08T19:49:35.649+0900] {dag.py:2573} INFO - Sync 1 DAGs
[2022-11-08T19:49:35.657+0900] {logging_mixin.py:117} INFO - [2022-11-08T19:49:35.657+0900] {dag.py:3324} INFO - Setting next_dagrun for example_trigger_target_dag to None, run_after=None
[2022-11-08T19:49:35.672+0900] {processor.py:178} INFO - Processing /home/steve/.local/lib/python3.8/site-packages/airflow/example_dags/example_trigger_target_dag.py took 0.119 seconds
[2022-11-08T19:50:09.660+0900] {processor.py:156} INFO - Started process (PID=8101) to work on /home/steve/.local/lib/python3.8/site-packages/airflow/example_dags/example_trigger_target_dag.py
[2022-11-08T19:50:09.662+0900] {processor.py:758} INFO - Processing file /home/steve/.local/lib/python3.8/site-packages/airflow/example_dags/example_trigger_target_dag.py for tasks to queue
[2022-11-08T19:50:09.663+0900] {logging_mixin.py:117} INFO - [2022-11-08T19:50:09.663+0900] {dagbag.py:525} INFO - Filling up the DagBag from /home/steve/.local/lib/python3.8/site-packages/airflow/example_dags/example_trigger_target_dag.py
[2022-11-08T19:50:09.674+0900] {processor.py:768} INFO - DAG(s) dict_keys(['example_trigger_target_dag']) retrieved from /home/steve/.local/lib/python3.8/site-packages/airflow/example_dags/example_trigger_target_dag.py
[2022-11-08T19:50:09.752+0900] {logging_mixin.py:117} INFO - [2022-11-08T19:50:09.752+0900] {dag.py:2573} INFO - Sync 1 DAGs
[2022-11-08T19:50:09.760+0900] {logging_mixin.py:117} INFO - [2022-11-08T19:50:09.760+0900] {dag.py:3324} INFO - Setting next_dagrun for example_trigger_target_dag to None, run_after=None
[2022-11-08T19:50:09.776+0900] {processor.py:178} INFO - Processing /home/steve/.local/lib/python3.8/site-packages/airflow/example_dags/example_trigger_target_dag.py took 0.117 seconds
[2022-11-08T19:50:44.173+0900] {processor.py:156} INFO - Started process (PID=8135) to work on /home/steve/.local/lib/python3.8/site-packages/airflow/example_dags/example_trigger_target_dag.py
[2022-11-08T19:50:44.174+0900] {processor.py:758} INFO - Processing file /home/steve/.local/lib/python3.8/site-packages/airflow/example_dags/example_trigger_target_dag.py for tasks to queue
[2022-11-08T19:50:44.174+0900] {logging_mixin.py:117} INFO - [2022-11-08T19:50:44.174+0900] {dagbag.py:525} INFO - Filling up the DagBag from /home/steve/.local/lib/python3.8/site-packages/airflow/example_dags/example_trigger_target_dag.py
[2022-11-08T19:50:44.255+0900] {processor.py:768} INFO - DAG(s) dict_keys(['example_trigger_target_dag']) retrieved from /home/steve/.local/lib/python3.8/site-packages/airflow/example_dags/example_trigger_target_dag.py
[2022-11-08T19:50:44.267+0900] {logging_mixin.py:117} INFO - [2022-11-08T19:50:44.267+0900] {dag.py:2573} INFO - Sync 1 DAGs
[2022-11-08T19:50:44.275+0900] {logging_mixin.py:117} INFO - [2022-11-08T19:50:44.275+0900] {dag.py:3324} INFO - Setting next_dagrun for example_trigger_target_dag to None, run_after=None
[2022-11-08T19:50:44.291+0900] {processor.py:178} INFO - Processing /home/steve/.local/lib/python3.8/site-packages/airflow/example_dags/example_trigger_target_dag.py took 0.119 seconds
[2022-11-08T19:51:22.928+0900] {processor.py:156} INFO - Started process (PID=8172) to work on /home/steve/.local/lib/python3.8/site-packages/airflow/example_dags/example_trigger_target_dag.py
[2022-11-08T19:51:22.930+0900] {processor.py:758} INFO - Processing file /home/steve/.local/lib/python3.8/site-packages/airflow/example_dags/example_trigger_target_dag.py for tasks to queue
[2022-11-08T19:51:22.931+0900] {logging_mixin.py:117} INFO - [2022-11-08T19:51:22.931+0900] {dagbag.py:525} INFO - Filling up the DagBag from /home/steve/.local/lib/python3.8/site-packages/airflow/example_dags/example_trigger_target_dag.py
[2022-11-08T19:51:23.009+0900] {processor.py:768} INFO - DAG(s) dict_keys(['example_trigger_target_dag']) retrieved from /home/steve/.local/lib/python3.8/site-packages/airflow/example_dags/example_trigger_target_dag.py
[2022-11-08T19:51:23.021+0900] {logging_mixin.py:117} INFO - [2022-11-08T19:51:23.021+0900] {dag.py:2573} INFO - Sync 1 DAGs
[2022-11-08T19:51:23.030+0900] {logging_mixin.py:117} INFO - [2022-11-08T19:51:23.030+0900] {dag.py:3324} INFO - Setting next_dagrun for example_trigger_target_dag to None, run_after=None
[2022-11-08T19:51:23.045+0900] {processor.py:178} INFO - Processing /home/steve/.local/lib/python3.8/site-packages/airflow/example_dags/example_trigger_target_dag.py took 0.119 seconds
[2022-11-08T19:51:58.153+0900] {processor.py:156} INFO - Started process (PID=8208) to work on /home/steve/.local/lib/python3.8/site-packages/airflow/example_dags/example_trigger_target_dag.py
[2022-11-08T19:51:58.154+0900] {processor.py:758} INFO - Processing file /home/steve/.local/lib/python3.8/site-packages/airflow/example_dags/example_trigger_target_dag.py for tasks to queue
[2022-11-08T19:51:58.155+0900] {logging_mixin.py:117} INFO - [2022-11-08T19:51:58.155+0900] {dagbag.py:525} INFO - Filling up the DagBag from /home/steve/.local/lib/python3.8/site-packages/airflow/example_dags/example_trigger_target_dag.py
[2022-11-08T19:51:58.166+0900] {processor.py:768} INFO - DAG(s) dict_keys(['example_trigger_target_dag']) retrieved from /home/steve/.local/lib/python3.8/site-packages/airflow/example_dags/example_trigger_target_dag.py
[2022-11-08T19:51:58.181+0900] {logging_mixin.py:117} INFO - [2022-11-08T19:51:58.181+0900] {dag.py:2573} INFO - Sync 1 DAGs
[2022-11-08T19:51:58.190+0900] {logging_mixin.py:117} INFO - [2022-11-08T19:51:58.190+0900] {dag.py:3324} INFO - Setting next_dagrun for example_trigger_target_dag to None, run_after=None
[2022-11-08T19:51:58.207+0900] {processor.py:178} INFO - Processing /home/steve/.local/lib/python3.8/site-packages/airflow/example_dags/example_trigger_target_dag.py took 0.056 seconds
[2022-11-08T19:52:32.335+0900] {processor.py:156} INFO - Started process (PID=8244) to work on /home/steve/.local/lib/python3.8/site-packages/airflow/example_dags/example_trigger_target_dag.py
[2022-11-08T19:52:32.337+0900] {processor.py:758} INFO - Processing file /home/steve/.local/lib/python3.8/site-packages/airflow/example_dags/example_trigger_target_dag.py for tasks to queue
[2022-11-08T19:52:32.337+0900] {logging_mixin.py:117} INFO - [2022-11-08T19:52:32.337+0900] {dagbag.py:525} INFO - Filling up the DagBag from /home/steve/.local/lib/python3.8/site-packages/airflow/example_dags/example_trigger_target_dag.py
[2022-11-08T19:52:32.348+0900] {processor.py:768} INFO - DAG(s) dict_keys(['example_trigger_target_dag']) retrieved from /home/steve/.local/lib/python3.8/site-packages/airflow/example_dags/example_trigger_target_dag.py
[2022-11-08T19:52:32.364+0900] {logging_mixin.py:117} INFO - [2022-11-08T19:52:32.364+0900] {dag.py:2573} INFO - Sync 1 DAGs
[2022-11-08T19:52:32.373+0900] {logging_mixin.py:117} INFO - [2022-11-08T19:52:32.373+0900] {dag.py:3324} INFO - Setting next_dagrun for example_trigger_target_dag to None, run_after=None
[2022-11-08T19:52:32.389+0900] {processor.py:178} INFO - Processing /home/steve/.local/lib/python3.8/site-packages/airflow/example_dags/example_trigger_target_dag.py took 0.055 seconds
[2022-11-08T19:53:05.193+0900] {processor.py:156} INFO - Started process (PID=8400) to work on /home/steve/.local/lib/python3.8/site-packages/airflow/example_dags/example_trigger_target_dag.py
[2022-11-08T19:53:05.194+0900] {processor.py:758} INFO - Processing file /home/steve/.local/lib/python3.8/site-packages/airflow/example_dags/example_trigger_target_dag.py for tasks to queue
[2022-11-08T19:53:05.195+0900] {logging_mixin.py:117} INFO - [2022-11-08T19:53:05.195+0900] {dagbag.py:525} INFO - Filling up the DagBag from /home/steve/.local/lib/python3.8/site-packages/airflow/example_dags/example_trigger_target_dag.py
[2022-11-08T19:53:05.207+0900] {processor.py:768} INFO - DAG(s) dict_keys(['example_trigger_target_dag']) retrieved from /home/steve/.local/lib/python3.8/site-packages/airflow/example_dags/example_trigger_target_dag.py
[2022-11-08T19:53:05.220+0900] {logging_mixin.py:117} INFO - [2022-11-08T19:53:05.220+0900] {dag.py:2573} INFO - Sync 1 DAGs
[2022-11-08T19:53:05.233+0900] {logging_mixin.py:117} INFO - [2022-11-08T19:53:05.233+0900] {dag.py:3324} INFO - Setting next_dagrun for example_trigger_target_dag to None, run_after=None
[2022-11-08T19:53:05.250+0900] {processor.py:178} INFO - Processing /home/steve/.local/lib/python3.8/site-packages/airflow/example_dags/example_trigger_target_dag.py took 0.059 seconds
[2022-11-08T19:53:39.950+0900] {processor.py:156} INFO - Started process (PID=8543) to work on /home/steve/.local/lib/python3.8/site-packages/airflow/example_dags/example_trigger_target_dag.py
[2022-11-08T19:53:39.952+0900] {processor.py:758} INFO - Processing file /home/steve/.local/lib/python3.8/site-packages/airflow/example_dags/example_trigger_target_dag.py for tasks to queue
[2022-11-08T19:53:39.952+0900] {logging_mixin.py:117} INFO - [2022-11-08T19:53:39.952+0900] {dagbag.py:525} INFO - Filling up the DagBag from /home/steve/.local/lib/python3.8/site-packages/airflow/example_dags/example_trigger_target_dag.py
[2022-11-08T19:53:39.965+0900] {processor.py:768} INFO - DAG(s) dict_keys(['example_trigger_target_dag']) retrieved from /home/steve/.local/lib/python3.8/site-packages/airflow/example_dags/example_trigger_target_dag.py
[2022-11-08T19:53:39.981+0900] {logging_mixin.py:117} INFO - [2022-11-08T19:53:39.981+0900] {dag.py:2573} INFO - Sync 1 DAGs
[2022-11-08T19:53:39.991+0900] {logging_mixin.py:117} INFO - [2022-11-08T19:53:39.991+0900] {dag.py:3324} INFO - Setting next_dagrun for example_trigger_target_dag to None, run_after=None
[2022-11-08T19:53:40.007+0900] {processor.py:178} INFO - Processing /home/steve/.local/lib/python3.8/site-packages/airflow/example_dags/example_trigger_target_dag.py took 0.060 seconds
[2022-11-08T19:54:13.434+0900] {processor.py:156} INFO - Started process (PID=8633) to work on /home/steve/.local/lib/python3.8/site-packages/airflow/example_dags/example_trigger_target_dag.py
[2022-11-08T19:54:13.436+0900] {processor.py:758} INFO - Processing file /home/steve/.local/lib/python3.8/site-packages/airflow/example_dags/example_trigger_target_dag.py for tasks to queue
[2022-11-08T19:54:13.436+0900] {logging_mixin.py:117} INFO - [2022-11-08T19:54:13.436+0900] {dagbag.py:525} INFO - Filling up the DagBag from /home/steve/.local/lib/python3.8/site-packages/airflow/example_dags/example_trigger_target_dag.py
[2022-11-08T19:54:13.449+0900] {processor.py:768} INFO - DAG(s) dict_keys(['example_trigger_target_dag']) retrieved from /home/steve/.local/lib/python3.8/site-packages/airflow/example_dags/example_trigger_target_dag.py
[2022-11-08T19:54:13.464+0900] {logging_mixin.py:117} INFO - [2022-11-08T19:54:13.464+0900] {dag.py:2573} INFO - Sync 1 DAGs
[2022-11-08T19:54:13.474+0900] {logging_mixin.py:117} INFO - [2022-11-08T19:54:13.474+0900] {dag.py:3324} INFO - Setting next_dagrun for example_trigger_target_dag to None, run_after=None
[2022-11-08T19:54:13.491+0900] {processor.py:178} INFO - Processing /home/steve/.local/lib/python3.8/site-packages/airflow/example_dags/example_trigger_target_dag.py took 0.059 seconds
[2022-11-08T19:54:50.322+0900] {processor.py:156} INFO - Started process (PID=8928) to work on /home/steve/.local/lib/python3.8/site-packages/airflow/example_dags/example_trigger_target_dag.py
[2022-11-08T19:54:50.324+0900] {processor.py:758} INFO - Processing file /home/steve/.local/lib/python3.8/site-packages/airflow/example_dags/example_trigger_target_dag.py for tasks to queue
[2022-11-08T19:54:50.324+0900] {logging_mixin.py:117} INFO - [2022-11-08T19:54:50.324+0900] {dagbag.py:525} INFO - Filling up the DagBag from /home/steve/.local/lib/python3.8/site-packages/airflow/example_dags/example_trigger_target_dag.py
[2022-11-08T19:54:50.337+0900] {processor.py:768} INFO - DAG(s) dict_keys(['example_trigger_target_dag']) retrieved from /home/steve/.local/lib/python3.8/site-packages/airflow/example_dags/example_trigger_target_dag.py
[2022-11-08T19:54:50.357+0900] {logging_mixin.py:117} INFO - [2022-11-08T19:54:50.357+0900] {dag.py:2573} INFO - Sync 1 DAGs
[2022-11-08T19:54:50.369+0900] {logging_mixin.py:117} INFO - [2022-11-08T19:54:50.369+0900] {dag.py:3324} INFO - Setting next_dagrun for example_trigger_target_dag to None, run_after=None
[2022-11-08T19:54:50.385+0900] {processor.py:178} INFO - Processing /home/steve/.local/lib/python3.8/site-packages/airflow/example_dags/example_trigger_target_dag.py took 0.065 seconds
[2022-11-08T19:55:25.387+0900] {processor.py:156} INFO - Started process (PID=9051) to work on /home/steve/.local/lib/python3.8/site-packages/airflow/example_dags/example_trigger_target_dag.py
[2022-11-08T19:55:25.389+0900] {processor.py:758} INFO - Processing file /home/steve/.local/lib/python3.8/site-packages/airflow/example_dags/example_trigger_target_dag.py for tasks to queue
[2022-11-08T19:55:25.389+0900] {logging_mixin.py:117} INFO - [2022-11-08T19:55:25.389+0900] {dagbag.py:525} INFO - Filling up the DagBag from /home/steve/.local/lib/python3.8/site-packages/airflow/example_dags/example_trigger_target_dag.py
[2022-11-08T19:55:25.402+0900] {processor.py:768} INFO - DAG(s) dict_keys(['example_trigger_target_dag']) retrieved from /home/steve/.local/lib/python3.8/site-packages/airflow/example_dags/example_trigger_target_dag.py
[2022-11-08T19:55:25.419+0900] {logging_mixin.py:117} INFO - [2022-11-08T19:55:25.419+0900] {dag.py:2573} INFO - Sync 1 DAGs
[2022-11-08T19:55:25.431+0900] {logging_mixin.py:117} INFO - [2022-11-08T19:55:25.431+0900] {dag.py:3324} INFO - Setting next_dagrun for example_trigger_target_dag to None, run_after=None
[2022-11-08T19:55:25.449+0900] {processor.py:178} INFO - Processing /home/steve/.local/lib/python3.8/site-packages/airflow/example_dags/example_trigger_target_dag.py took 0.063 seconds
[2022-11-08T20:27:00.081+0900] {processor.py:156} INFO - Started process (PID=9766) to work on /home/steve/.local/lib/python3.8/site-packages/airflow/example_dags/example_trigger_target_dag.py
[2022-11-08T20:27:00.083+0900] {processor.py:758} INFO - Processing file /home/steve/.local/lib/python3.8/site-packages/airflow/example_dags/example_trigger_target_dag.py for tasks to queue
[2022-11-08T20:27:00.083+0900] {logging_mixin.py:117} INFO - [2022-11-08T20:27:00.083+0900] {dagbag.py:525} INFO - Filling up the DagBag from /home/steve/.local/lib/python3.8/site-packages/airflow/example_dags/example_trigger_target_dag.py
[2022-11-08T20:27:00.096+0900] {processor.py:768} INFO - DAG(s) dict_keys(['example_trigger_target_dag']) retrieved from /home/steve/.local/lib/python3.8/site-packages/airflow/example_dags/example_trigger_target_dag.py
[2022-11-08T20:27:00.114+0900] {logging_mixin.py:117} INFO - [2022-11-08T20:27:00.113+0900] {dag.py:2573} INFO - Sync 1 DAGs
[2022-11-08T20:27:00.125+0900] {logging_mixin.py:117} INFO - [2022-11-08T20:27:00.125+0900] {dag.py:3324} INFO - Setting next_dagrun for example_trigger_target_dag to None, run_after=None
[2022-11-08T20:27:00.140+0900] {processor.py:178} INFO - Processing /home/steve/.local/lib/python3.8/site-packages/airflow/example_dags/example_trigger_target_dag.py took 0.061 seconds
[2022-11-08T20:27:32.658+0900] {processor.py:156} INFO - Started process (PID=9828) to work on /home/steve/.local/lib/python3.8/site-packages/airflow/example_dags/example_trigger_target_dag.py
[2022-11-08T20:27:32.660+0900] {processor.py:758} INFO - Processing file /home/steve/.local/lib/python3.8/site-packages/airflow/example_dags/example_trigger_target_dag.py for tasks to queue
[2022-11-08T20:27:32.660+0900] {logging_mixin.py:117} INFO - [2022-11-08T20:27:32.660+0900] {dagbag.py:525} INFO - Filling up the DagBag from /home/steve/.local/lib/python3.8/site-packages/airflow/example_dags/example_trigger_target_dag.py
[2022-11-08T20:27:32.672+0900] {processor.py:768} INFO - DAG(s) dict_keys(['example_trigger_target_dag']) retrieved from /home/steve/.local/lib/python3.8/site-packages/airflow/example_dags/example_trigger_target_dag.py
[2022-11-08T20:27:32.687+0900] {logging_mixin.py:117} INFO - [2022-11-08T20:27:32.687+0900] {dag.py:2573} INFO - Sync 1 DAGs
[2022-11-08T20:27:32.697+0900] {logging_mixin.py:117} INFO - [2022-11-08T20:27:32.697+0900] {dag.py:3324} INFO - Setting next_dagrun for example_trigger_target_dag to None, run_after=None
[2022-11-08T20:27:32.713+0900] {processor.py:178} INFO - Processing /home/steve/.local/lib/python3.8/site-packages/airflow/example_dags/example_trigger_target_dag.py took 0.057 seconds
[2022-11-08T20:28:09.843+0900] {processor.py:156} INFO - Started process (PID=9864) to work on /home/steve/.local/lib/python3.8/site-packages/airflow/example_dags/example_trigger_target_dag.py
[2022-11-08T20:28:09.845+0900] {processor.py:758} INFO - Processing file /home/steve/.local/lib/python3.8/site-packages/airflow/example_dags/example_trigger_target_dag.py for tasks to queue
[2022-11-08T20:28:09.846+0900] {logging_mixin.py:117} INFO - [2022-11-08T20:28:09.846+0900] {dagbag.py:525} INFO - Filling up the DagBag from /home/steve/.local/lib/python3.8/site-packages/airflow/example_dags/example_trigger_target_dag.py
[2022-11-08T20:28:09.857+0900] {processor.py:768} INFO - DAG(s) dict_keys(['example_trigger_target_dag']) retrieved from /home/steve/.local/lib/python3.8/site-packages/airflow/example_dags/example_trigger_target_dag.py
[2022-11-08T20:28:09.873+0900] {logging_mixin.py:117} INFO - [2022-11-08T20:28:09.873+0900] {dag.py:2573} INFO - Sync 1 DAGs
[2022-11-08T20:28:09.883+0900] {logging_mixin.py:117} INFO - [2022-11-08T20:28:09.883+0900] {dag.py:3324} INFO - Setting next_dagrun for example_trigger_target_dag to None, run_after=None
[2022-11-08T20:28:09.898+0900] {processor.py:178} INFO - Processing /home/steve/.local/lib/python3.8/site-packages/airflow/example_dags/example_trigger_target_dag.py took 0.056 seconds
[2022-11-08T20:28:44.723+0900] {processor.py:156} INFO - Started process (PID=10008) to work on /home/steve/.local/lib/python3.8/site-packages/airflow/example_dags/example_trigger_target_dag.py
[2022-11-08T20:28:44.725+0900] {processor.py:758} INFO - Processing file /home/steve/.local/lib/python3.8/site-packages/airflow/example_dags/example_trigger_target_dag.py for tasks to queue
[2022-11-08T20:28:44.725+0900] {logging_mixin.py:117} INFO - [2022-11-08T20:28:44.725+0900] {dagbag.py:525} INFO - Filling up the DagBag from /home/steve/.local/lib/python3.8/site-packages/airflow/example_dags/example_trigger_target_dag.py
[2022-11-08T20:28:44.738+0900] {processor.py:768} INFO - DAG(s) dict_keys(['example_trigger_target_dag']) retrieved from /home/steve/.local/lib/python3.8/site-packages/airflow/example_dags/example_trigger_target_dag.py
[2022-11-08T20:28:44.765+0900] {logging_mixin.py:117} INFO - [2022-11-08T20:28:44.765+0900] {dag.py:2573} INFO - Sync 1 DAGs
[2022-11-08T20:28:44.778+0900] {logging_mixin.py:117} INFO - [2022-11-08T20:28:44.777+0900] {dag.py:3324} INFO - Setting next_dagrun for example_trigger_target_dag to None, run_after=None
[2022-11-08T20:28:44.906+0900] {processor.py:178} INFO - Processing /home/steve/.local/lib/python3.8/site-packages/airflow/example_dags/example_trigger_target_dag.py took 0.185 seconds
[2022-11-08T20:29:21.427+0900] {processor.py:156} INFO - Started process (PID=10246) to work on /home/steve/.local/lib/python3.8/site-packages/airflow/example_dags/example_trigger_target_dag.py
[2022-11-08T20:29:21.429+0900] {processor.py:758} INFO - Processing file /home/steve/.local/lib/python3.8/site-packages/airflow/example_dags/example_trigger_target_dag.py for tasks to queue
[2022-11-08T20:29:21.430+0900] {logging_mixin.py:117} INFO - [2022-11-08T20:29:21.430+0900] {dagbag.py:525} INFO - Filling up the DagBag from /home/steve/.local/lib/python3.8/site-packages/airflow/example_dags/example_trigger_target_dag.py
[2022-11-08T20:29:21.444+0900] {processor.py:768} INFO - DAG(s) dict_keys(['example_trigger_target_dag']) retrieved from /home/steve/.local/lib/python3.8/site-packages/airflow/example_dags/example_trigger_target_dag.py
[2022-11-08T20:29:21.461+0900] {logging_mixin.py:117} INFO - [2022-11-08T20:29:21.461+0900] {dag.py:2573} INFO - Sync 1 DAGs
[2022-11-08T20:29:21.474+0900] {logging_mixin.py:117} INFO - [2022-11-08T20:29:21.474+0900] {dag.py:3324} INFO - Setting next_dagrun for example_trigger_target_dag to None, run_after=None
[2022-11-08T20:29:21.568+0900] {processor.py:178} INFO - Processing /home/steve/.local/lib/python3.8/site-packages/airflow/example_dags/example_trigger_target_dag.py took 0.142 seconds
[2022-11-08T20:29:58.279+0900] {processor.py:156} INFO - Started process (PID=10400) to work on /home/steve/.local/lib/python3.8/site-packages/airflow/example_dags/example_trigger_target_dag.py
[2022-11-08T20:29:58.281+0900] {processor.py:758} INFO - Processing file /home/steve/.local/lib/python3.8/site-packages/airflow/example_dags/example_trigger_target_dag.py for tasks to queue
[2022-11-08T20:29:58.281+0900] {logging_mixin.py:117} INFO - [2022-11-08T20:29:58.281+0900] {dagbag.py:525} INFO - Filling up the DagBag from /home/steve/.local/lib/python3.8/site-packages/airflow/example_dags/example_trigger_target_dag.py
[2022-11-08T20:29:58.294+0900] {processor.py:768} INFO - DAG(s) dict_keys(['example_trigger_target_dag']) retrieved from /home/steve/.local/lib/python3.8/site-packages/airflow/example_dags/example_trigger_target_dag.py
[2022-11-08T20:29:58.312+0900] {logging_mixin.py:117} INFO - [2022-11-08T20:29:58.311+0900] {dag.py:2573} INFO - Sync 1 DAGs
[2022-11-08T20:29:58.398+0900] {logging_mixin.py:117} INFO - [2022-11-08T20:29:58.398+0900] {dag.py:3324} INFO - Setting next_dagrun for example_trigger_target_dag to None, run_after=None
[2022-11-08T20:29:58.413+0900] {processor.py:178} INFO - Processing /home/steve/.local/lib/python3.8/site-packages/airflow/example_dags/example_trigger_target_dag.py took 0.136 seconds
[2022-11-08T20:30:35.028+0900] {processor.py:156} INFO - Started process (PID=10525) to work on /home/steve/.local/lib/python3.8/site-packages/airflow/example_dags/example_trigger_target_dag.py
[2022-11-08T20:30:35.031+0900] {processor.py:758} INFO - Processing file /home/steve/.local/lib/python3.8/site-packages/airflow/example_dags/example_trigger_target_dag.py for tasks to queue
[2022-11-08T20:30:35.031+0900] {logging_mixin.py:117} INFO - [2022-11-08T20:30:35.031+0900] {dagbag.py:525} INFO - Filling up the DagBag from /home/steve/.local/lib/python3.8/site-packages/airflow/example_dags/example_trigger_target_dag.py
[2022-11-08T20:30:35.043+0900] {processor.py:768} INFO - DAG(s) dict_keys(['example_trigger_target_dag']) retrieved from /home/steve/.local/lib/python3.8/site-packages/airflow/example_dags/example_trigger_target_dag.py
[2022-11-08T20:30:35.060+0900] {logging_mixin.py:117} INFO - [2022-11-08T20:30:35.060+0900] {dag.py:2573} INFO - Sync 1 DAGs
[2022-11-08T20:30:35.143+0900] {logging_mixin.py:117} INFO - [2022-11-08T20:30:35.143+0900] {dag.py:3324} INFO - Setting next_dagrun for example_trigger_target_dag to None, run_after=None
[2022-11-08T20:30:35.158+0900] {processor.py:178} INFO - Processing /home/steve/.local/lib/python3.8/site-packages/airflow/example_dags/example_trigger_target_dag.py took 0.131 seconds
[2022-11-08T20:31:13.441+0900] {processor.py:156} INFO - Started process (PID=10690) to work on /home/steve/.local/lib/python3.8/site-packages/airflow/example_dags/example_trigger_target_dag.py
[2022-11-08T20:31:13.441+0900] {processor.py:758} INFO - Processing file /home/steve/.local/lib/python3.8/site-packages/airflow/example_dags/example_trigger_target_dag.py for tasks to queue
[2022-11-08T20:31:13.442+0900] {logging_mixin.py:117} INFO - [2022-11-08T20:31:13.442+0900] {dagbag.py:525} INFO - Filling up the DagBag from /home/steve/.local/lib/python3.8/site-packages/airflow/example_dags/example_trigger_target_dag.py
[2022-11-08T20:31:13.457+0900] {processor.py:768} INFO - DAG(s) dict_keys(['example_trigger_target_dag']) retrieved from /home/steve/.local/lib/python3.8/site-packages/airflow/example_dags/example_trigger_target_dag.py
[2022-11-08T20:31:13.578+0900] {logging_mixin.py:117} INFO - [2022-11-08T20:31:13.578+0900] {dag.py:2573} INFO - Sync 1 DAGs
[2022-11-08T20:31:13.590+0900] {logging_mixin.py:117} INFO - [2022-11-08T20:31:13.589+0900] {dag.py:3324} INFO - Setting next_dagrun for example_trigger_target_dag to None, run_after=None
[2022-11-08T20:31:13.607+0900] {processor.py:178} INFO - Processing /home/steve/.local/lib/python3.8/site-packages/airflow/example_dags/example_trigger_target_dag.py took 0.168 seconds
[2022-11-08T20:31:48.973+0900] {processor.py:156} INFO - Started process (PID=10739) to work on /home/steve/.local/lib/python3.8/site-packages/airflow/example_dags/example_trigger_target_dag.py
[2022-11-08T20:31:48.976+0900] {processor.py:758} INFO - Processing file /home/steve/.local/lib/python3.8/site-packages/airflow/example_dags/example_trigger_target_dag.py for tasks to queue
[2022-11-08T20:31:48.976+0900] {logging_mixin.py:117} INFO - [2022-11-08T20:31:48.976+0900] {dagbag.py:525} INFO - Filling up the DagBag from /home/steve/.local/lib/python3.8/site-packages/airflow/example_dags/example_trigger_target_dag.py
[2022-11-08T20:31:48.988+0900] {processor.py:768} INFO - DAG(s) dict_keys(['example_trigger_target_dag']) retrieved from /home/steve/.local/lib/python3.8/site-packages/airflow/example_dags/example_trigger_target_dag.py
[2022-11-08T20:31:49.076+0900] {logging_mixin.py:117} INFO - [2022-11-08T20:31:49.076+0900] {dag.py:2573} INFO - Sync 1 DAGs
[2022-11-08T20:31:49.085+0900] {logging_mixin.py:117} INFO - [2022-11-08T20:31:49.085+0900] {dag.py:3324} INFO - Setting next_dagrun for example_trigger_target_dag to None, run_after=None
[2022-11-08T20:31:49.100+0900] {processor.py:178} INFO - Processing /home/steve/.local/lib/python3.8/site-packages/airflow/example_dags/example_trigger_target_dag.py took 0.128 seconds
[2022-11-08T20:32:25.024+0900] {processor.py:156} INFO - Started process (PID=10814) to work on /home/steve/.local/lib/python3.8/site-packages/airflow/example_dags/example_trigger_target_dag.py
[2022-11-08T20:32:25.026+0900] {processor.py:758} INFO - Processing file /home/steve/.local/lib/python3.8/site-packages/airflow/example_dags/example_trigger_target_dag.py for tasks to queue
[2022-11-08T20:32:25.026+0900] {logging_mixin.py:117} INFO - [2022-11-08T20:32:25.026+0900] {dagbag.py:525} INFO - Filling up the DagBag from /home/steve/.local/lib/python3.8/site-packages/airflow/example_dags/example_trigger_target_dag.py
[2022-11-08T20:32:25.038+0900] {processor.py:768} INFO - DAG(s) dict_keys(['example_trigger_target_dag']) retrieved from /home/steve/.local/lib/python3.8/site-packages/airflow/example_dags/example_trigger_target_dag.py
[2022-11-08T20:32:25.132+0900] {logging_mixin.py:117} INFO - [2022-11-08T20:32:25.132+0900] {dag.py:2573} INFO - Sync 1 DAGs
[2022-11-08T20:32:25.142+0900] {logging_mixin.py:117} INFO - [2022-11-08T20:32:25.142+0900] {dag.py:3324} INFO - Setting next_dagrun for example_trigger_target_dag to None, run_after=None
[2022-11-08T20:32:25.160+0900] {processor.py:178} INFO - Processing /home/steve/.local/lib/python3.8/site-packages/airflow/example_dags/example_trigger_target_dag.py took 0.137 seconds
[2022-11-08T20:33:02.367+0900] {processor.py:156} INFO - Started process (PID=10990) to work on /home/steve/.local/lib/python3.8/site-packages/airflow/example_dags/example_trigger_target_dag.py
[2022-11-08T20:33:02.369+0900] {processor.py:758} INFO - Processing file /home/steve/.local/lib/python3.8/site-packages/airflow/example_dags/example_trigger_target_dag.py for tasks to queue
[2022-11-08T20:33:02.369+0900] {logging_mixin.py:117} INFO - [2022-11-08T20:33:02.369+0900] {dagbag.py:525} INFO - Filling up the DagBag from /home/steve/.local/lib/python3.8/site-packages/airflow/example_dags/example_trigger_target_dag.py
[2022-11-08T20:33:02.465+0900] {processor.py:768} INFO - DAG(s) dict_keys(['example_trigger_target_dag']) retrieved from /home/steve/.local/lib/python3.8/site-packages/airflow/example_dags/example_trigger_target_dag.py
[2022-11-08T20:33:02.479+0900] {logging_mixin.py:117} INFO - [2022-11-08T20:33:02.479+0900] {dag.py:2573} INFO - Sync 1 DAGs
[2022-11-08T20:33:02.488+0900] {logging_mixin.py:117} INFO - [2022-11-08T20:33:02.488+0900] {dag.py:3324} INFO - Setting next_dagrun for example_trigger_target_dag to None, run_after=None
[2022-11-08T20:33:02.505+0900] {processor.py:178} INFO - Processing /home/steve/.local/lib/python3.8/site-packages/airflow/example_dags/example_trigger_target_dag.py took 0.140 seconds
[2022-11-08T20:33:40.950+0900] {processor.py:156} INFO - Started process (PID=11026) to work on /home/steve/.local/lib/python3.8/site-packages/airflow/example_dags/example_trigger_target_dag.py
[2022-11-08T20:33:40.953+0900] {processor.py:758} INFO - Processing file /home/steve/.local/lib/python3.8/site-packages/airflow/example_dags/example_trigger_target_dag.py for tasks to queue
[2022-11-08T20:33:40.953+0900] {logging_mixin.py:117} INFO - [2022-11-08T20:33:40.953+0900] {dagbag.py:525} INFO - Filling up the DagBag from /home/steve/.local/lib/python3.8/site-packages/airflow/example_dags/example_trigger_target_dag.py
[2022-11-08T20:33:41.048+0900] {processor.py:768} INFO - DAG(s) dict_keys(['example_trigger_target_dag']) retrieved from /home/steve/.local/lib/python3.8/site-packages/airflow/example_dags/example_trigger_target_dag.py
[2022-11-08T20:33:41.062+0900] {logging_mixin.py:117} INFO - [2022-11-08T20:33:41.062+0900] {dag.py:2573} INFO - Sync 1 DAGs
[2022-11-08T20:33:41.072+0900] {logging_mixin.py:117} INFO - [2022-11-08T20:33:41.071+0900] {dag.py:3324} INFO - Setting next_dagrun for example_trigger_target_dag to None, run_after=None
[2022-11-08T20:33:41.087+0900] {processor.py:178} INFO - Processing /home/steve/.local/lib/python3.8/site-packages/airflow/example_dags/example_trigger_target_dag.py took 0.139 seconds
[2022-11-08T20:34:16.262+0900] {processor.py:156} INFO - Started process (PID=11062) to work on /home/steve/.local/lib/python3.8/site-packages/airflow/example_dags/example_trigger_target_dag.py
[2022-11-08T20:34:16.265+0900] {processor.py:758} INFO - Processing file /home/steve/.local/lib/python3.8/site-packages/airflow/example_dags/example_trigger_target_dag.py for tasks to queue
[2022-11-08T20:34:16.265+0900] {logging_mixin.py:117} INFO - [2022-11-08T20:34:16.265+0900] {dagbag.py:525} INFO - Filling up the DagBag from /home/steve/.local/lib/python3.8/site-packages/airflow/example_dags/example_trigger_target_dag.py
[2022-11-08T20:34:16.278+0900] {processor.py:768} INFO - DAG(s) dict_keys(['example_trigger_target_dag']) retrieved from /home/steve/.local/lib/python3.8/site-packages/airflow/example_dags/example_trigger_target_dag.py
[2022-11-08T20:34:16.297+0900] {logging_mixin.py:117} INFO - [2022-11-08T20:34:16.296+0900] {dag.py:2573} INFO - Sync 1 DAGs
[2022-11-08T20:34:16.308+0900] {logging_mixin.py:117} INFO - [2022-11-08T20:34:16.308+0900] {dag.py:3324} INFO - Setting next_dagrun for example_trigger_target_dag to None, run_after=None
[2022-11-08T20:34:16.325+0900] {processor.py:178} INFO - Processing /home/steve/.local/lib/python3.8/site-packages/airflow/example_dags/example_trigger_target_dag.py took 0.065 seconds
[2022-11-08T20:34:49.972+0900] {processor.py:156} INFO - Started process (PID=11096) to work on /home/steve/.local/lib/python3.8/site-packages/airflow/example_dags/example_trigger_target_dag.py
[2022-11-08T20:34:49.973+0900] {processor.py:758} INFO - Processing file /home/steve/.local/lib/python3.8/site-packages/airflow/example_dags/example_trigger_target_dag.py for tasks to queue
[2022-11-08T20:34:49.973+0900] {logging_mixin.py:117} INFO - [2022-11-08T20:34:49.973+0900] {dagbag.py:525} INFO - Filling up the DagBag from /home/steve/.local/lib/python3.8/site-packages/airflow/example_dags/example_trigger_target_dag.py
[2022-11-08T20:34:49.986+0900] {processor.py:768} INFO - DAG(s) dict_keys(['example_trigger_target_dag']) retrieved from /home/steve/.local/lib/python3.8/site-packages/airflow/example_dags/example_trigger_target_dag.py
[2022-11-08T20:34:50.003+0900] {logging_mixin.py:117} INFO - [2022-11-08T20:34:50.003+0900] {dag.py:2573} INFO - Sync 1 DAGs
[2022-11-08T20:34:50.014+0900] {logging_mixin.py:117} INFO - [2022-11-08T20:34:50.014+0900] {dag.py:3324} INFO - Setting next_dagrun for example_trigger_target_dag to None, run_after=None
[2022-11-08T20:34:50.030+0900] {processor.py:178} INFO - Processing /home/steve/.local/lib/python3.8/site-packages/airflow/example_dags/example_trigger_target_dag.py took 0.060 seconds
[2022-11-08T20:35:22.006+0900] {processor.py:156} INFO - Started process (PID=11130) to work on /home/steve/.local/lib/python3.8/site-packages/airflow/example_dags/example_trigger_target_dag.py
[2022-11-08T20:35:22.007+0900] {processor.py:758} INFO - Processing file /home/steve/.local/lib/python3.8/site-packages/airflow/example_dags/example_trigger_target_dag.py for tasks to queue
[2022-11-08T20:35:22.007+0900] {logging_mixin.py:117} INFO - [2022-11-08T20:35:22.007+0900] {dagbag.py:525} INFO - Filling up the DagBag from /home/steve/.local/lib/python3.8/site-packages/airflow/example_dags/example_trigger_target_dag.py
[2022-11-08T20:35:22.018+0900] {processor.py:768} INFO - DAG(s) dict_keys(['example_trigger_target_dag']) retrieved from /home/steve/.local/lib/python3.8/site-packages/airflow/example_dags/example_trigger_target_dag.py
[2022-11-08T20:35:22.033+0900] {logging_mixin.py:117} INFO - [2022-11-08T20:35:22.033+0900] {dag.py:2573} INFO - Sync 1 DAGs
[2022-11-08T20:35:22.043+0900] {logging_mixin.py:117} INFO - [2022-11-08T20:35:22.043+0900] {dag.py:3324} INFO - Setting next_dagrun for example_trigger_target_dag to None, run_after=None
[2022-11-08T20:35:22.059+0900] {processor.py:178} INFO - Processing /home/steve/.local/lib/python3.8/site-packages/airflow/example_dags/example_trigger_target_dag.py took 0.054 seconds
[2022-11-08T20:35:56.174+0900] {processor.py:156} INFO - Started process (PID=11165) to work on /home/steve/.local/lib/python3.8/site-packages/airflow/example_dags/example_trigger_target_dag.py
[2022-11-08T20:35:56.176+0900] {processor.py:758} INFO - Processing file /home/steve/.local/lib/python3.8/site-packages/airflow/example_dags/example_trigger_target_dag.py for tasks to queue
[2022-11-08T20:35:56.177+0900] {logging_mixin.py:117} INFO - [2022-11-08T20:35:56.176+0900] {dagbag.py:525} INFO - Filling up the DagBag from /home/steve/.local/lib/python3.8/site-packages/airflow/example_dags/example_trigger_target_dag.py
[2022-11-08T20:35:56.188+0900] {processor.py:768} INFO - DAG(s) dict_keys(['example_trigger_target_dag']) retrieved from /home/steve/.local/lib/python3.8/site-packages/airflow/example_dags/example_trigger_target_dag.py
[2022-11-08T20:35:56.205+0900] {logging_mixin.py:117} INFO - [2022-11-08T20:35:56.204+0900] {dag.py:2573} INFO - Sync 1 DAGs
[2022-11-08T20:35:56.215+0900] {logging_mixin.py:117} INFO - [2022-11-08T20:35:56.215+0900] {dag.py:3324} INFO - Setting next_dagrun for example_trigger_target_dag to None, run_after=None
[2022-11-08T20:35:56.230+0900] {processor.py:178} INFO - Processing /home/steve/.local/lib/python3.8/site-packages/airflow/example_dags/example_trigger_target_dag.py took 0.058 seconds
[2022-11-08T20:36:29.919+0900] {processor.py:156} INFO - Started process (PID=11200) to work on /home/steve/.local/lib/python3.8/site-packages/airflow/example_dags/example_trigger_target_dag.py
[2022-11-08T20:36:29.921+0900] {processor.py:758} INFO - Processing file /home/steve/.local/lib/python3.8/site-packages/airflow/example_dags/example_trigger_target_dag.py for tasks to queue
[2022-11-08T20:36:29.921+0900] {logging_mixin.py:117} INFO - [2022-11-08T20:36:29.921+0900] {dagbag.py:525} INFO - Filling up the DagBag from /home/steve/.local/lib/python3.8/site-packages/airflow/example_dags/example_trigger_target_dag.py
[2022-11-08T20:36:29.932+0900] {processor.py:768} INFO - DAG(s) dict_keys(['example_trigger_target_dag']) retrieved from /home/steve/.local/lib/python3.8/site-packages/airflow/example_dags/example_trigger_target_dag.py
[2022-11-08T20:36:29.948+0900] {logging_mixin.py:117} INFO - [2022-11-08T20:36:29.948+0900] {dag.py:2573} INFO - Sync 1 DAGs
[2022-11-08T20:36:29.957+0900] {logging_mixin.py:117} INFO - [2022-11-08T20:36:29.957+0900] {dag.py:3324} INFO - Setting next_dagrun for example_trigger_target_dag to None, run_after=None
[2022-11-08T20:36:29.974+0900] {processor.py:178} INFO - Processing /home/steve/.local/lib/python3.8/site-packages/airflow/example_dags/example_trigger_target_dag.py took 0.057 seconds
[2022-11-08T20:37:04.830+0900] {processor.py:156} INFO - Started process (PID=11264) to work on /home/steve/.local/lib/python3.8/site-packages/airflow/example_dags/example_trigger_target_dag.py
[2022-11-08T20:37:04.831+0900] {processor.py:758} INFO - Processing file /home/steve/.local/lib/python3.8/site-packages/airflow/example_dags/example_trigger_target_dag.py for tasks to queue
[2022-11-08T20:37:04.831+0900] {logging_mixin.py:117} INFO - [2022-11-08T20:37:04.831+0900] {dagbag.py:525} INFO - Filling up the DagBag from /home/steve/.local/lib/python3.8/site-packages/airflow/example_dags/example_trigger_target_dag.py
[2022-11-08T20:37:04.842+0900] {processor.py:768} INFO - DAG(s) dict_keys(['example_trigger_target_dag']) retrieved from /home/steve/.local/lib/python3.8/site-packages/airflow/example_dags/example_trigger_target_dag.py
[2022-11-08T20:37:04.857+0900] {logging_mixin.py:117} INFO - [2022-11-08T20:37:04.857+0900] {dag.py:2573} INFO - Sync 1 DAGs
[2022-11-08T20:37:04.867+0900] {logging_mixin.py:117} INFO - [2022-11-08T20:37:04.867+0900] {dag.py:3324} INFO - Setting next_dagrun for example_trigger_target_dag to None, run_after=None
[2022-11-08T20:37:04.882+0900] {processor.py:178} INFO - Processing /home/steve/.local/lib/python3.8/site-packages/airflow/example_dags/example_trigger_target_dag.py took 0.054 seconds
[2022-11-08T20:37:38.110+0900] {processor.py:156} INFO - Started process (PID=11300) to work on /home/steve/.local/lib/python3.8/site-packages/airflow/example_dags/example_trigger_target_dag.py
[2022-11-08T20:37:38.111+0900] {processor.py:758} INFO - Processing file /home/steve/.local/lib/python3.8/site-packages/airflow/example_dags/example_trigger_target_dag.py for tasks to queue
[2022-11-08T20:37:38.111+0900] {logging_mixin.py:117} INFO - [2022-11-08T20:37:38.111+0900] {dagbag.py:525} INFO - Filling up the DagBag from /home/steve/.local/lib/python3.8/site-packages/airflow/example_dags/example_trigger_target_dag.py
[2022-11-08T20:37:38.122+0900] {processor.py:768} INFO - DAG(s) dict_keys(['example_trigger_target_dag']) retrieved from /home/steve/.local/lib/python3.8/site-packages/airflow/example_dags/example_trigger_target_dag.py
[2022-11-08T20:37:38.137+0900] {logging_mixin.py:117} INFO - [2022-11-08T20:37:38.137+0900] {dag.py:2573} INFO - Sync 1 DAGs
[2022-11-08T20:37:38.147+0900] {logging_mixin.py:117} INFO - [2022-11-08T20:37:38.147+0900] {dag.py:3324} INFO - Setting next_dagrun for example_trigger_target_dag to None, run_after=None
[2022-11-08T20:37:38.164+0900] {processor.py:178} INFO - Processing /home/steve/.local/lib/python3.8/site-packages/airflow/example_dags/example_trigger_target_dag.py took 0.056 seconds
[2022-11-08T20:38:11.274+0900] {processor.py:156} INFO - Started process (PID=11336) to work on /home/steve/.local/lib/python3.8/site-packages/airflow/example_dags/example_trigger_target_dag.py
[2022-11-08T20:38:11.275+0900] {processor.py:758} INFO - Processing file /home/steve/.local/lib/python3.8/site-packages/airflow/example_dags/example_trigger_target_dag.py for tasks to queue
[2022-11-08T20:38:11.275+0900] {logging_mixin.py:117} INFO - [2022-11-08T20:38:11.275+0900] {dagbag.py:525} INFO - Filling up the DagBag from /home/steve/.local/lib/python3.8/site-packages/airflow/example_dags/example_trigger_target_dag.py
[2022-11-08T20:38:11.286+0900] {processor.py:768} INFO - DAG(s) dict_keys(['example_trigger_target_dag']) retrieved from /home/steve/.local/lib/python3.8/site-packages/airflow/example_dags/example_trigger_target_dag.py
[2022-11-08T20:38:11.301+0900] {logging_mixin.py:117} INFO - [2022-11-08T20:38:11.301+0900] {dag.py:2573} INFO - Sync 1 DAGs
[2022-11-08T20:38:11.310+0900] {logging_mixin.py:117} INFO - [2022-11-08T20:38:11.310+0900] {dag.py:3324} INFO - Setting next_dagrun for example_trigger_target_dag to None, run_after=None
[2022-11-08T20:38:11.325+0900] {processor.py:178} INFO - Processing /home/steve/.local/lib/python3.8/site-packages/airflow/example_dags/example_trigger_target_dag.py took 0.053 seconds
[2022-11-08T20:38:42.762+0900] {processor.py:156} INFO - Started process (PID=11369) to work on /home/steve/.local/lib/python3.8/site-packages/airflow/example_dags/example_trigger_target_dag.py
[2022-11-08T20:38:42.762+0900] {processor.py:758} INFO - Processing file /home/steve/.local/lib/python3.8/site-packages/airflow/example_dags/example_trigger_target_dag.py for tasks to queue
[2022-11-08T20:38:42.763+0900] {logging_mixin.py:117} INFO - [2022-11-08T20:38:42.763+0900] {dagbag.py:525} INFO - Filling up the DagBag from /home/steve/.local/lib/python3.8/site-packages/airflow/example_dags/example_trigger_target_dag.py
[2022-11-08T20:38:42.775+0900] {processor.py:768} INFO - DAG(s) dict_keys(['example_trigger_target_dag']) retrieved from /home/steve/.local/lib/python3.8/site-packages/airflow/example_dags/example_trigger_target_dag.py
[2022-11-08T20:38:42.791+0900] {logging_mixin.py:117} INFO - [2022-11-08T20:38:42.791+0900] {dag.py:2573} INFO - Sync 1 DAGs
[2022-11-08T20:38:42.801+0900] {logging_mixin.py:117} INFO - [2022-11-08T20:38:42.801+0900] {dag.py:3324} INFO - Setting next_dagrun for example_trigger_target_dag to None, run_after=None
[2022-11-08T20:38:42.818+0900] {processor.py:178} INFO - Processing /home/steve/.local/lib/python3.8/site-packages/airflow/example_dags/example_trigger_target_dag.py took 0.058 seconds
[2022-11-08T20:39:13.507+0900] {processor.py:156} INFO - Started process (PID=11402) to work on /home/steve/.local/lib/python3.8/site-packages/airflow/example_dags/example_trigger_target_dag.py
[2022-11-08T20:39:13.509+0900] {processor.py:758} INFO - Processing file /home/steve/.local/lib/python3.8/site-packages/airflow/example_dags/example_trigger_target_dag.py for tasks to queue
[2022-11-08T20:39:13.509+0900] {logging_mixin.py:117} INFO - [2022-11-08T20:39:13.509+0900] {dagbag.py:525} INFO - Filling up the DagBag from /home/steve/.local/lib/python3.8/site-packages/airflow/example_dags/example_trigger_target_dag.py
[2022-11-08T20:39:13.520+0900] {processor.py:768} INFO - DAG(s) dict_keys(['example_trigger_target_dag']) retrieved from /home/steve/.local/lib/python3.8/site-packages/airflow/example_dags/example_trigger_target_dag.py
[2022-11-08T20:39:13.535+0900] {logging_mixin.py:117} INFO - [2022-11-08T20:39:13.535+0900] {dag.py:2573} INFO - Sync 1 DAGs
[2022-11-08T20:39:13.544+0900] {logging_mixin.py:117} INFO - [2022-11-08T20:39:13.544+0900] {dag.py:3324} INFO - Setting next_dagrun for example_trigger_target_dag to None, run_after=None
[2022-11-08T20:39:13.560+0900] {processor.py:178} INFO - Processing /home/steve/.local/lib/python3.8/site-packages/airflow/example_dags/example_trigger_target_dag.py took 0.055 seconds
[2022-11-08T20:39:48.943+0900] {processor.py:156} INFO - Started process (PID=11436) to work on /home/steve/.local/lib/python3.8/site-packages/airflow/example_dags/example_trigger_target_dag.py
[2022-11-08T20:39:48.945+0900] {processor.py:758} INFO - Processing file /home/steve/.local/lib/python3.8/site-packages/airflow/example_dags/example_trigger_target_dag.py for tasks to queue
[2022-11-08T20:39:48.946+0900] {logging_mixin.py:117} INFO - [2022-11-08T20:39:48.945+0900] {dagbag.py:525} INFO - Filling up the DagBag from /home/steve/.local/lib/python3.8/site-packages/airflow/example_dags/example_trigger_target_dag.py
[2022-11-08T20:39:48.956+0900] {processor.py:768} INFO - DAG(s) dict_keys(['example_trigger_target_dag']) retrieved from /home/steve/.local/lib/python3.8/site-packages/airflow/example_dags/example_trigger_target_dag.py
[2022-11-08T20:39:48.971+0900] {logging_mixin.py:117} INFO - [2022-11-08T20:39:48.971+0900] {dag.py:2573} INFO - Sync 1 DAGs
[2022-11-08T20:39:48.980+0900] {logging_mixin.py:117} INFO - [2022-11-08T20:39:48.980+0900] {dag.py:3324} INFO - Setting next_dagrun for example_trigger_target_dag to None, run_after=None
[2022-11-08T20:39:48.996+0900] {processor.py:178} INFO - Processing /home/steve/.local/lib/python3.8/site-packages/airflow/example_dags/example_trigger_target_dag.py took 0.055 seconds
[2022-11-08T20:40:23.007+0900] {processor.py:156} INFO - Started process (PID=11471) to work on /home/steve/.local/lib/python3.8/site-packages/airflow/example_dags/example_trigger_target_dag.py
[2022-11-08T20:40:23.009+0900] {processor.py:758} INFO - Processing file /home/steve/.local/lib/python3.8/site-packages/airflow/example_dags/example_trigger_target_dag.py for tasks to queue
[2022-11-08T20:40:23.009+0900] {logging_mixin.py:117} INFO - [2022-11-08T20:40:23.009+0900] {dagbag.py:525} INFO - Filling up the DagBag from /home/steve/.local/lib/python3.8/site-packages/airflow/example_dags/example_trigger_target_dag.py
[2022-11-08T20:40:23.021+0900] {processor.py:768} INFO - DAG(s) dict_keys(['example_trigger_target_dag']) retrieved from /home/steve/.local/lib/python3.8/site-packages/airflow/example_dags/example_trigger_target_dag.py
[2022-11-08T20:40:23.035+0900] {logging_mixin.py:117} INFO - [2022-11-08T20:40:23.035+0900] {dag.py:2573} INFO - Sync 1 DAGs
[2022-11-08T20:40:23.045+0900] {logging_mixin.py:117} INFO - [2022-11-08T20:40:23.045+0900] {dag.py:3324} INFO - Setting next_dagrun for example_trigger_target_dag to None, run_after=None
[2022-11-08T20:40:23.065+0900] {processor.py:178} INFO - Processing /home/steve/.local/lib/python3.8/site-packages/airflow/example_dags/example_trigger_target_dag.py took 0.059 seconds
[2022-11-08T20:40:56.227+0900] {processor.py:156} INFO - Started process (PID=11507) to work on /home/steve/.local/lib/python3.8/site-packages/airflow/example_dags/example_trigger_target_dag.py
[2022-11-08T20:40:56.228+0900] {processor.py:758} INFO - Processing file /home/steve/.local/lib/python3.8/site-packages/airflow/example_dags/example_trigger_target_dag.py for tasks to queue
[2022-11-08T20:40:56.229+0900] {logging_mixin.py:117} INFO - [2022-11-08T20:40:56.229+0900] {dagbag.py:525} INFO - Filling up the DagBag from /home/steve/.local/lib/python3.8/site-packages/airflow/example_dags/example_trigger_target_dag.py
[2022-11-08T20:40:56.240+0900] {processor.py:768} INFO - DAG(s) dict_keys(['example_trigger_target_dag']) retrieved from /home/steve/.local/lib/python3.8/site-packages/airflow/example_dags/example_trigger_target_dag.py
[2022-11-08T20:40:56.254+0900] {logging_mixin.py:117} INFO - [2022-11-08T20:40:56.254+0900] {dag.py:2573} INFO - Sync 1 DAGs
[2022-11-08T20:40:56.264+0900] {logging_mixin.py:117} INFO - [2022-11-08T20:40:56.264+0900] {dag.py:3324} INFO - Setting next_dagrun for example_trigger_target_dag to None, run_after=None
[2022-11-08T20:40:56.280+0900] {processor.py:178} INFO - Processing /home/steve/.local/lib/python3.8/site-packages/airflow/example_dags/example_trigger_target_dag.py took 0.054 seconds
[2022-11-08T20:41:34.001+0900] {processor.py:156} INFO - Started process (PID=11545) to work on /home/steve/.local/lib/python3.8/site-packages/airflow/example_dags/example_trigger_target_dag.py
[2022-11-08T20:41:34.003+0900] {processor.py:758} INFO - Processing file /home/steve/.local/lib/python3.8/site-packages/airflow/example_dags/example_trigger_target_dag.py for tasks to queue
[2022-11-08T20:41:34.004+0900] {logging_mixin.py:117} INFO - [2022-11-08T20:41:34.004+0900] {dagbag.py:525} INFO - Filling up the DagBag from /home/steve/.local/lib/python3.8/site-packages/airflow/example_dags/example_trigger_target_dag.py
[2022-11-08T20:41:34.015+0900] {processor.py:768} INFO - DAG(s) dict_keys(['example_trigger_target_dag']) retrieved from /home/steve/.local/lib/python3.8/site-packages/airflow/example_dags/example_trigger_target_dag.py
[2022-11-08T20:41:34.029+0900] {logging_mixin.py:117} INFO - [2022-11-08T20:41:34.029+0900] {dag.py:2573} INFO - Sync 1 DAGs
[2022-11-08T20:41:34.039+0900] {logging_mixin.py:117} INFO - [2022-11-08T20:41:34.039+0900] {dag.py:3324} INFO - Setting next_dagrun for example_trigger_target_dag to None, run_after=None
[2022-11-08T20:41:34.055+0900] {processor.py:178} INFO - Processing /home/steve/.local/lib/python3.8/site-packages/airflow/example_dags/example_trigger_target_dag.py took 0.055 seconds
[2022-11-08T20:42:07.864+0900] {processor.py:156} INFO - Started process (PID=11609) to work on /home/steve/.local/lib/python3.8/site-packages/airflow/example_dags/example_trigger_target_dag.py
[2022-11-08T20:42:07.865+0900] {processor.py:758} INFO - Processing file /home/steve/.local/lib/python3.8/site-packages/airflow/example_dags/example_trigger_target_dag.py for tasks to queue
[2022-11-08T20:42:07.866+0900] {logging_mixin.py:117} INFO - [2022-11-08T20:42:07.866+0900] {dagbag.py:525} INFO - Filling up the DagBag from /home/steve/.local/lib/python3.8/site-packages/airflow/example_dags/example_trigger_target_dag.py
[2022-11-08T20:42:07.877+0900] {processor.py:768} INFO - DAG(s) dict_keys(['example_trigger_target_dag']) retrieved from /home/steve/.local/lib/python3.8/site-packages/airflow/example_dags/example_trigger_target_dag.py
[2022-11-08T20:42:07.894+0900] {logging_mixin.py:117} INFO - [2022-11-08T20:42:07.894+0900] {dag.py:2573} INFO - Sync 1 DAGs
[2022-11-08T20:42:07.904+0900] {logging_mixin.py:117} INFO - [2022-11-08T20:42:07.904+0900] {dag.py:3324} INFO - Setting next_dagrun for example_trigger_target_dag to None, run_after=None
[2022-11-08T20:42:07.920+0900] {processor.py:178} INFO - Processing /home/steve/.local/lib/python3.8/site-packages/airflow/example_dags/example_trigger_target_dag.py took 0.058 seconds
[2022-11-08T20:42:43.196+0900] {processor.py:156} INFO - Started process (PID=11646) to work on /home/steve/.local/lib/python3.8/site-packages/airflow/example_dags/example_trigger_target_dag.py
[2022-11-08T20:42:43.198+0900] {processor.py:758} INFO - Processing file /home/steve/.local/lib/python3.8/site-packages/airflow/example_dags/example_trigger_target_dag.py for tasks to queue
[2022-11-08T20:42:43.198+0900] {logging_mixin.py:117} INFO - [2022-11-08T20:42:43.198+0900] {dagbag.py:525} INFO - Filling up the DagBag from /home/steve/.local/lib/python3.8/site-packages/airflow/example_dags/example_trigger_target_dag.py
[2022-11-08T20:42:43.209+0900] {processor.py:768} INFO - DAG(s) dict_keys(['example_trigger_target_dag']) retrieved from /home/steve/.local/lib/python3.8/site-packages/airflow/example_dags/example_trigger_target_dag.py
[2022-11-08T20:42:43.225+0900] {logging_mixin.py:117} INFO - [2022-11-08T20:42:43.225+0900] {dag.py:2573} INFO - Sync 1 DAGs
[2022-11-08T20:42:43.235+0900] {logging_mixin.py:117} INFO - [2022-11-08T20:42:43.235+0900] {dag.py:3324} INFO - Setting next_dagrun for example_trigger_target_dag to None, run_after=None
[2022-11-08T20:42:43.251+0900] {processor.py:178} INFO - Processing /home/steve/.local/lib/python3.8/site-packages/airflow/example_dags/example_trigger_target_dag.py took 0.058 seconds
[2022-11-08T20:43:15.028+0900] {processor.py:156} INFO - Started process (PID=11679) to work on /home/steve/.local/lib/python3.8/site-packages/airflow/example_dags/example_trigger_target_dag.py
[2022-11-08T20:43:15.029+0900] {processor.py:758} INFO - Processing file /home/steve/.local/lib/python3.8/site-packages/airflow/example_dags/example_trigger_target_dag.py for tasks to queue
[2022-11-08T20:43:15.029+0900] {logging_mixin.py:117} INFO - [2022-11-08T20:43:15.029+0900] {dagbag.py:525} INFO - Filling up the DagBag from /home/steve/.local/lib/python3.8/site-packages/airflow/example_dags/example_trigger_target_dag.py
[2022-11-08T20:43:15.041+0900] {processor.py:768} INFO - DAG(s) dict_keys(['example_trigger_target_dag']) retrieved from /home/steve/.local/lib/python3.8/site-packages/airflow/example_dags/example_trigger_target_dag.py
[2022-11-08T20:43:15.057+0900] {logging_mixin.py:117} INFO - [2022-11-08T20:43:15.057+0900] {dag.py:2573} INFO - Sync 1 DAGs
[2022-11-08T20:43:15.066+0900] {logging_mixin.py:117} INFO - [2022-11-08T20:43:15.066+0900] {dag.py:3324} INFO - Setting next_dagrun for example_trigger_target_dag to None, run_after=None
[2022-11-08T20:43:15.082+0900] {processor.py:178} INFO - Processing /home/steve/.local/lib/python3.8/site-packages/airflow/example_dags/example_trigger_target_dag.py took 0.056 seconds
[2022-11-08T20:43:46.959+0900] {processor.py:156} INFO - Started process (PID=11712) to work on /home/steve/.local/lib/python3.8/site-packages/airflow/example_dags/example_trigger_target_dag.py
[2022-11-08T20:43:46.959+0900] {processor.py:758} INFO - Processing file /home/steve/.local/lib/python3.8/site-packages/airflow/example_dags/example_trigger_target_dag.py for tasks to queue
[2022-11-08T20:43:46.960+0900] {logging_mixin.py:117} INFO - [2022-11-08T20:43:46.960+0900] {dagbag.py:525} INFO - Filling up the DagBag from /home/steve/.local/lib/python3.8/site-packages/airflow/example_dags/example_trigger_target_dag.py
[2022-11-08T20:43:46.971+0900] {processor.py:768} INFO - DAG(s) dict_keys(['example_trigger_target_dag']) retrieved from /home/steve/.local/lib/python3.8/site-packages/airflow/example_dags/example_trigger_target_dag.py
[2022-11-08T20:43:46.986+0900] {logging_mixin.py:117} INFO - [2022-11-08T20:43:46.986+0900] {dag.py:2573} INFO - Sync 1 DAGs
[2022-11-08T20:43:46.997+0900] {logging_mixin.py:117} INFO - [2022-11-08T20:43:46.997+0900] {dag.py:3324} INFO - Setting next_dagrun for example_trigger_target_dag to None, run_after=None
[2022-11-08T20:43:47.013+0900] {processor.py:178} INFO - Processing /home/steve/.local/lib/python3.8/site-packages/airflow/example_dags/example_trigger_target_dag.py took 0.055 seconds
[2022-11-08T20:44:21.085+0900] {processor.py:156} INFO - Started process (PID=11748) to work on /home/steve/.local/lib/python3.8/site-packages/airflow/example_dags/example_trigger_target_dag.py
[2022-11-08T20:44:21.087+0900] {processor.py:758} INFO - Processing file /home/steve/.local/lib/python3.8/site-packages/airflow/example_dags/example_trigger_target_dag.py for tasks to queue
[2022-11-08T20:44:21.087+0900] {logging_mixin.py:117} INFO - [2022-11-08T20:44:21.087+0900] {dagbag.py:525} INFO - Filling up the DagBag from /home/steve/.local/lib/python3.8/site-packages/airflow/example_dags/example_trigger_target_dag.py
[2022-11-08T20:44:21.099+0900] {processor.py:768} INFO - DAG(s) dict_keys(['example_trigger_target_dag']) retrieved from /home/steve/.local/lib/python3.8/site-packages/airflow/example_dags/example_trigger_target_dag.py
[2022-11-08T20:44:21.116+0900] {logging_mixin.py:117} INFO - [2022-11-08T20:44:21.116+0900] {dag.py:2573} INFO - Sync 1 DAGs
[2022-11-08T20:44:21.128+0900] {logging_mixin.py:117} INFO - [2022-11-08T20:44:21.128+0900] {dag.py:3324} INFO - Setting next_dagrun for example_trigger_target_dag to None, run_after=None
[2022-11-08T20:44:21.144+0900] {processor.py:178} INFO - Processing /home/steve/.local/lib/python3.8/site-packages/airflow/example_dags/example_trigger_target_dag.py took 0.061 seconds
[2022-11-08T20:44:53.254+0900] {processor.py:156} INFO - Started process (PID=11783) to work on /home/steve/.local/lib/python3.8/site-packages/airflow/example_dags/example_trigger_target_dag.py
[2022-11-08T20:44:53.256+0900] {processor.py:758} INFO - Processing file /home/steve/.local/lib/python3.8/site-packages/airflow/example_dags/example_trigger_target_dag.py for tasks to queue
[2022-11-08T20:44:53.257+0900] {logging_mixin.py:117} INFO - [2022-11-08T20:44:53.257+0900] {dagbag.py:525} INFO - Filling up the DagBag from /home/steve/.local/lib/python3.8/site-packages/airflow/example_dags/example_trigger_target_dag.py
[2022-11-08T20:44:53.269+0900] {processor.py:768} INFO - DAG(s) dict_keys(['example_trigger_target_dag']) retrieved from /home/steve/.local/lib/python3.8/site-packages/airflow/example_dags/example_trigger_target_dag.py
[2022-11-08T20:44:53.285+0900] {logging_mixin.py:117} INFO - [2022-11-08T20:44:53.285+0900] {dag.py:2573} INFO - Sync 1 DAGs
[2022-11-08T20:44:53.296+0900] {logging_mixin.py:117} INFO - [2022-11-08T20:44:53.296+0900] {dag.py:3324} INFO - Setting next_dagrun for example_trigger_target_dag to None, run_after=None
[2022-11-08T20:44:53.313+0900] {processor.py:178} INFO - Processing /home/steve/.local/lib/python3.8/site-packages/airflow/example_dags/example_trigger_target_dag.py took 0.060 seconds
[2022-11-08T20:45:28.498+0900] {processor.py:156} INFO - Started process (PID=11818) to work on /home/steve/.local/lib/python3.8/site-packages/airflow/example_dags/example_trigger_target_dag.py
[2022-11-08T20:45:28.500+0900] {processor.py:758} INFO - Processing file /home/steve/.local/lib/python3.8/site-packages/airflow/example_dags/example_trigger_target_dag.py for tasks to queue
[2022-11-08T20:45:28.500+0900] {logging_mixin.py:117} INFO - [2022-11-08T20:45:28.500+0900] {dagbag.py:525} INFO - Filling up the DagBag from /home/steve/.local/lib/python3.8/site-packages/airflow/example_dags/example_trigger_target_dag.py
[2022-11-08T20:45:28.511+0900] {processor.py:768} INFO - DAG(s) dict_keys(['example_trigger_target_dag']) retrieved from /home/steve/.local/lib/python3.8/site-packages/airflow/example_dags/example_trigger_target_dag.py
[2022-11-08T20:45:28.526+0900] {logging_mixin.py:117} INFO - [2022-11-08T20:45:28.526+0900] {dag.py:2573} INFO - Sync 1 DAGs
[2022-11-08T20:45:28.536+0900] {logging_mixin.py:117} INFO - [2022-11-08T20:45:28.536+0900] {dag.py:3324} INFO - Setting next_dagrun for example_trigger_target_dag to None, run_after=None
[2022-11-08T20:45:28.551+0900] {processor.py:178} INFO - Processing /home/steve/.local/lib/python3.8/site-packages/airflow/example_dags/example_trigger_target_dag.py took 0.055 seconds
[2022-11-08T20:46:03.786+0900] {processor.py:156} INFO - Started process (PID=11854) to work on /home/steve/.local/lib/python3.8/site-packages/airflow/example_dags/example_trigger_target_dag.py
[2022-11-08T20:46:03.788+0900] {processor.py:758} INFO - Processing file /home/steve/.local/lib/python3.8/site-packages/airflow/example_dags/example_trigger_target_dag.py for tasks to queue
[2022-11-08T20:46:03.789+0900] {logging_mixin.py:117} INFO - [2022-11-08T20:46:03.789+0900] {dagbag.py:525} INFO - Filling up the DagBag from /home/steve/.local/lib/python3.8/site-packages/airflow/example_dags/example_trigger_target_dag.py
[2022-11-08T20:46:03.802+0900] {processor.py:768} INFO - DAG(s) dict_keys(['example_trigger_target_dag']) retrieved from /home/steve/.local/lib/python3.8/site-packages/airflow/example_dags/example_trigger_target_dag.py
[2022-11-08T20:46:03.819+0900] {logging_mixin.py:117} INFO - [2022-11-08T20:46:03.819+0900] {dag.py:2573} INFO - Sync 1 DAGs
[2022-11-08T20:46:03.830+0900] {logging_mixin.py:117} INFO - [2022-11-08T20:46:03.830+0900] {dag.py:3324} INFO - Setting next_dagrun for example_trigger_target_dag to None, run_after=None
[2022-11-08T20:46:03.847+0900] {processor.py:178} INFO - Processing /home/steve/.local/lib/python3.8/site-packages/airflow/example_dags/example_trigger_target_dag.py took 0.062 seconds
[2022-11-08T20:46:37.533+0900] {processor.py:156} INFO - Started process (PID=11887) to work on /home/steve/.local/lib/python3.8/site-packages/airflow/example_dags/example_trigger_target_dag.py
[2022-11-08T20:46:37.535+0900] {processor.py:758} INFO - Processing file /home/steve/.local/lib/python3.8/site-packages/airflow/example_dags/example_trigger_target_dag.py for tasks to queue
[2022-11-08T20:46:37.535+0900] {logging_mixin.py:117} INFO - [2022-11-08T20:46:37.535+0900] {dagbag.py:525} INFO - Filling up the DagBag from /home/steve/.local/lib/python3.8/site-packages/airflow/example_dags/example_trigger_target_dag.py
[2022-11-08T20:46:37.547+0900] {processor.py:768} INFO - DAG(s) dict_keys(['example_trigger_target_dag']) retrieved from /home/steve/.local/lib/python3.8/site-packages/airflow/example_dags/example_trigger_target_dag.py
[2022-11-08T20:46:37.563+0900] {logging_mixin.py:117} INFO - [2022-11-08T20:46:37.562+0900] {dag.py:2573} INFO - Sync 1 DAGs
[2022-11-08T20:46:37.573+0900] {logging_mixin.py:117} INFO - [2022-11-08T20:46:37.573+0900] {dag.py:3324} INFO - Setting next_dagrun for example_trigger_target_dag to None, run_after=None
[2022-11-08T20:46:37.591+0900] {processor.py:178} INFO - Processing /home/steve/.local/lib/python3.8/site-packages/airflow/example_dags/example_trigger_target_dag.py took 0.060 seconds
[2022-11-08T20:47:09.646+0900] {processor.py:156} INFO - Started process (PID=12034) to work on /home/steve/.local/lib/python3.8/site-packages/airflow/example_dags/example_trigger_target_dag.py
[2022-11-08T20:47:09.647+0900] {processor.py:758} INFO - Processing file /home/steve/.local/lib/python3.8/site-packages/airflow/example_dags/example_trigger_target_dag.py for tasks to queue
[2022-11-08T20:47:09.647+0900] {logging_mixin.py:117} INFO - [2022-11-08T20:47:09.647+0900] {dagbag.py:525} INFO - Filling up the DagBag from /home/steve/.local/lib/python3.8/site-packages/airflow/example_dags/example_trigger_target_dag.py
[2022-11-08T20:47:09.660+0900] {processor.py:768} INFO - DAG(s) dict_keys(['example_trigger_target_dag']) retrieved from /home/steve/.local/lib/python3.8/site-packages/airflow/example_dags/example_trigger_target_dag.py
[2022-11-08T20:47:09.675+0900] {logging_mixin.py:117} INFO - [2022-11-08T20:47:09.675+0900] {dag.py:2573} INFO - Sync 1 DAGs
[2022-11-08T20:47:09.685+0900] {logging_mixin.py:117} INFO - [2022-11-08T20:47:09.685+0900] {dag.py:3324} INFO - Setting next_dagrun for example_trigger_target_dag to None, run_after=None
[2022-11-08T20:47:09.703+0900] {processor.py:178} INFO - Processing /home/steve/.local/lib/python3.8/site-packages/airflow/example_dags/example_trigger_target_dag.py took 0.058 seconds
[2022-11-08T20:47:42.142+0900] {processor.py:156} INFO - Started process (PID=12242) to work on /home/steve/.local/lib/python3.8/site-packages/airflow/example_dags/example_trigger_target_dag.py
[2022-11-08T20:47:42.144+0900] {processor.py:758} INFO - Processing file /home/steve/.local/lib/python3.8/site-packages/airflow/example_dags/example_trigger_target_dag.py for tasks to queue
[2022-11-08T20:47:42.144+0900] {logging_mixin.py:117} INFO - [2022-11-08T20:47:42.144+0900] {dagbag.py:525} INFO - Filling up the DagBag from /home/steve/.local/lib/python3.8/site-packages/airflow/example_dags/example_trigger_target_dag.py
[2022-11-08T20:47:42.156+0900] {processor.py:768} INFO - DAG(s) dict_keys(['example_trigger_target_dag']) retrieved from /home/steve/.local/lib/python3.8/site-packages/airflow/example_dags/example_trigger_target_dag.py
[2022-11-08T20:47:42.173+0900] {logging_mixin.py:117} INFO - [2022-11-08T20:47:42.173+0900] {dag.py:2573} INFO - Sync 1 DAGs
[2022-11-08T20:47:42.184+0900] {logging_mixin.py:117} INFO - [2022-11-08T20:47:42.184+0900] {dag.py:3324} INFO - Setting next_dagrun for example_trigger_target_dag to None, run_after=None
[2022-11-08T20:47:42.201+0900] {processor.py:178} INFO - Processing /home/steve/.local/lib/python3.8/site-packages/airflow/example_dags/example_trigger_target_dag.py took 0.061 seconds
[2022-11-08T20:48:16.460+0900] {processor.py:156} INFO - Started process (PID=12277) to work on /home/steve/.local/lib/python3.8/site-packages/airflow/example_dags/example_trigger_target_dag.py
[2022-11-08T20:48:16.460+0900] {processor.py:758} INFO - Processing file /home/steve/.local/lib/python3.8/site-packages/airflow/example_dags/example_trigger_target_dag.py for tasks to queue
[2022-11-08T20:48:16.461+0900] {logging_mixin.py:117} INFO - [2022-11-08T20:48:16.461+0900] {dagbag.py:525} INFO - Filling up the DagBag from /home/steve/.local/lib/python3.8/site-packages/airflow/example_dags/example_trigger_target_dag.py
[2022-11-08T20:48:16.474+0900] {processor.py:768} INFO - DAG(s) dict_keys(['example_trigger_target_dag']) retrieved from /home/steve/.local/lib/python3.8/site-packages/airflow/example_dags/example_trigger_target_dag.py
[2022-11-08T20:48:16.491+0900] {logging_mixin.py:117} INFO - [2022-11-08T20:48:16.491+0900] {dag.py:2573} INFO - Sync 1 DAGs
[2022-11-08T20:48:16.505+0900] {logging_mixin.py:117} INFO - [2022-11-08T20:48:16.504+0900] {dag.py:3324} INFO - Setting next_dagrun for example_trigger_target_dag to None, run_after=None
[2022-11-08T20:48:16.522+0900] {processor.py:178} INFO - Processing /home/steve/.local/lib/python3.8/site-packages/airflow/example_dags/example_trigger_target_dag.py took 0.064 seconds
[2022-11-08T20:48:53.108+0900] {processor.py:156} INFO - Started process (PID=12314) to work on /home/steve/.local/lib/python3.8/site-packages/airflow/example_dags/example_trigger_target_dag.py
[2022-11-08T20:48:53.109+0900] {processor.py:758} INFO - Processing file /home/steve/.local/lib/python3.8/site-packages/airflow/example_dags/example_trigger_target_dag.py for tasks to queue
[2022-11-08T20:48:53.110+0900] {logging_mixin.py:117} INFO - [2022-11-08T20:48:53.110+0900] {dagbag.py:525} INFO - Filling up the DagBag from /home/steve/.local/lib/python3.8/site-packages/airflow/example_dags/example_trigger_target_dag.py
[2022-11-08T20:48:53.122+0900] {processor.py:768} INFO - DAG(s) dict_keys(['example_trigger_target_dag']) retrieved from /home/steve/.local/lib/python3.8/site-packages/airflow/example_dags/example_trigger_target_dag.py
[2022-11-08T20:48:53.139+0900] {logging_mixin.py:117} INFO - [2022-11-08T20:48:53.139+0900] {dag.py:2573} INFO - Sync 1 DAGs
[2022-11-08T20:48:53.149+0900] {logging_mixin.py:117} INFO - [2022-11-08T20:48:53.149+0900] {dag.py:3324} INFO - Setting next_dagrun for example_trigger_target_dag to None, run_after=None
[2022-11-08T20:48:53.167+0900] {processor.py:178} INFO - Processing /home/steve/.local/lib/python3.8/site-packages/airflow/example_dags/example_trigger_target_dag.py took 0.060 seconds
[2022-11-08T20:49:28.595+0900] {processor.py:156} INFO - Started process (PID=12351) to work on /home/steve/.local/lib/python3.8/site-packages/airflow/example_dags/example_trigger_target_dag.py
[2022-11-08T20:49:28.597+0900] {processor.py:758} INFO - Processing file /home/steve/.local/lib/python3.8/site-packages/airflow/example_dags/example_trigger_target_dag.py for tasks to queue
[2022-11-08T20:49:28.597+0900] {logging_mixin.py:117} INFO - [2022-11-08T20:49:28.597+0900] {dagbag.py:525} INFO - Filling up the DagBag from /home/steve/.local/lib/python3.8/site-packages/airflow/example_dags/example_trigger_target_dag.py
[2022-11-08T20:49:28.608+0900] {processor.py:768} INFO - DAG(s) dict_keys(['example_trigger_target_dag']) retrieved from /home/steve/.local/lib/python3.8/site-packages/airflow/example_dags/example_trigger_target_dag.py
[2022-11-08T20:49:28.624+0900] {logging_mixin.py:117} INFO - [2022-11-08T20:49:28.623+0900] {dag.py:2573} INFO - Sync 1 DAGs
[2022-11-08T20:49:28.633+0900] {logging_mixin.py:117} INFO - [2022-11-08T20:49:28.633+0900] {dag.py:3324} INFO - Setting next_dagrun for example_trigger_target_dag to None, run_after=None
[2022-11-08T20:49:28.668+0900] {processor.py:178} INFO - Processing /home/steve/.local/lib/python3.8/site-packages/airflow/example_dags/example_trigger_target_dag.py took 0.074 seconds
[2022-11-08T20:50:00.552+0900] {processor.py:156} INFO - Started process (PID=12385) to work on /home/steve/.local/lib/python3.8/site-packages/airflow/example_dags/example_trigger_target_dag.py
[2022-11-08T20:50:00.554+0900] {processor.py:758} INFO - Processing file /home/steve/.local/lib/python3.8/site-packages/airflow/example_dags/example_trigger_target_dag.py for tasks to queue
[2022-11-08T20:50:00.554+0900] {logging_mixin.py:117} INFO - [2022-11-08T20:50:00.554+0900] {dagbag.py:525} INFO - Filling up the DagBag from /home/steve/.local/lib/python3.8/site-packages/airflow/example_dags/example_trigger_target_dag.py
[2022-11-08T20:50:00.566+0900] {processor.py:768} INFO - DAG(s) dict_keys(['example_trigger_target_dag']) retrieved from /home/steve/.local/lib/python3.8/site-packages/airflow/example_dags/example_trigger_target_dag.py
[2022-11-08T20:50:00.583+0900] {logging_mixin.py:117} INFO - [2022-11-08T20:50:00.583+0900] {dag.py:2573} INFO - Sync 1 DAGs
[2022-11-08T20:50:00.593+0900] {logging_mixin.py:117} INFO - [2022-11-08T20:50:00.593+0900] {dag.py:3324} INFO - Setting next_dagrun for example_trigger_target_dag to None, run_after=None
[2022-11-08T20:50:00.608+0900] {processor.py:178} INFO - Processing /home/steve/.local/lib/python3.8/site-packages/airflow/example_dags/example_trigger_target_dag.py took 0.058 seconds
[2022-11-08T20:50:35.023+0900] {processor.py:156} INFO - Started process (PID=12523) to work on /home/steve/.local/lib/python3.8/site-packages/airflow/example_dags/example_trigger_target_dag.py
[2022-11-08T20:50:35.026+0900] {processor.py:758} INFO - Processing file /home/steve/.local/lib/python3.8/site-packages/airflow/example_dags/example_trigger_target_dag.py for tasks to queue
[2022-11-08T20:50:35.026+0900] {logging_mixin.py:117} INFO - [2022-11-08T20:50:35.026+0900] {dagbag.py:525} INFO - Filling up the DagBag from /home/steve/.local/lib/python3.8/site-packages/airflow/example_dags/example_trigger_target_dag.py
[2022-11-08T20:50:35.038+0900] {processor.py:768} INFO - DAG(s) dict_keys(['example_trigger_target_dag']) retrieved from /home/steve/.local/lib/python3.8/site-packages/airflow/example_dags/example_trigger_target_dag.py
[2022-11-08T20:50:35.055+0900] {logging_mixin.py:117} INFO - [2022-11-08T20:50:35.055+0900] {dag.py:2573} INFO - Sync 1 DAGs
[2022-11-08T20:50:35.066+0900] {logging_mixin.py:117} INFO - [2022-11-08T20:50:35.066+0900] {dag.py:3324} INFO - Setting next_dagrun for example_trigger_target_dag to None, run_after=None
[2022-11-08T20:50:35.086+0900] {processor.py:178} INFO - Processing /home/steve/.local/lib/python3.8/site-packages/airflow/example_dags/example_trigger_target_dag.py took 0.064 seconds
[2022-11-08T20:51:09.339+0900] {processor.py:156} INFO - Started process (PID=12894) to work on /home/steve/.local/lib/python3.8/site-packages/airflow/example_dags/example_trigger_target_dag.py
[2022-11-08T20:51:09.341+0900] {processor.py:758} INFO - Processing file /home/steve/.local/lib/python3.8/site-packages/airflow/example_dags/example_trigger_target_dag.py for tasks to queue
[2022-11-08T20:51:09.341+0900] {logging_mixin.py:117} INFO - [2022-11-08T20:51:09.341+0900] {dagbag.py:525} INFO - Filling up the DagBag from /home/steve/.local/lib/python3.8/site-packages/airflow/example_dags/example_trigger_target_dag.py
[2022-11-08T20:51:09.352+0900] {processor.py:768} INFO - DAG(s) dict_keys(['example_trigger_target_dag']) retrieved from /home/steve/.local/lib/python3.8/site-packages/airflow/example_dags/example_trigger_target_dag.py
[2022-11-08T20:51:09.367+0900] {logging_mixin.py:117} INFO - [2022-11-08T20:51:09.367+0900] {dag.py:2573} INFO - Sync 1 DAGs
[2022-11-08T20:51:09.378+0900] {logging_mixin.py:117} INFO - [2022-11-08T20:51:09.378+0900] {dag.py:3324} INFO - Setting next_dagrun for example_trigger_target_dag to None, run_after=None
[2022-11-08T20:51:09.394+0900] {processor.py:178} INFO - Processing /home/steve/.local/lib/python3.8/site-packages/airflow/example_dags/example_trigger_target_dag.py took 0.056 seconds
