[2022-11-08T19:45:01.470+0900] {processor.py:156} INFO - Started process (PID=7423) to work on /home/steve/.local/lib/python3.8/site-packages/airflow/example_dags/example_branch_day_of_week_operator.py
[2022-11-08T19:45:01.470+0900] {processor.py:758} INFO - Processing file /home/steve/.local/lib/python3.8/site-packages/airflow/example_dags/example_branch_day_of_week_operator.py for tasks to queue
[2022-11-08T19:45:01.471+0900] {logging_mixin.py:117} INFO - [2022-11-08T19:45:01.471+0900] {dagbag.py:525} INFO - Filling up the DagBag from /home/steve/.local/lib/python3.8/site-packages/airflow/example_dags/example_branch_day_of_week_operator.py
[2022-11-08T19:45:01.482+0900] {processor.py:768} INFO - DAG(s) dict_keys(['example_weekday_branch_operator']) retrieved from /home/steve/.local/lib/python3.8/site-packages/airflow/example_dags/example_branch_day_of_week_operator.py
[2022-11-08T19:45:01.551+0900] {logging_mixin.py:117} INFO - [2022-11-08T19:45:01.551+0900] {manager.py:507} INFO - Created Permission View: can edit on DAG:example_weekday_branch_operator
[2022-11-08T19:45:01.561+0900] {logging_mixin.py:117} INFO - [2022-11-08T19:45:01.561+0900] {manager.py:507} INFO - Created Permission View: can delete on DAG:example_weekday_branch_operator
[2022-11-08T19:45:01.570+0900] {logging_mixin.py:117} INFO - [2022-11-08T19:45:01.570+0900] {manager.py:507} INFO - Created Permission View: can read on DAG:example_weekday_branch_operator
[2022-11-08T19:45:01.570+0900] {logging_mixin.py:117} INFO - [2022-11-08T19:45:01.570+0900] {dag.py:2573} INFO - Sync 1 DAGs
[2022-11-08T19:45:01.656+0900] {logging_mixin.py:117} INFO - [2022-11-08T19:45:01.656+0900] {dag.py:2594} INFO - Creating ORM DAG for example_weekday_branch_operator
[2022-11-08T19:45:01.662+0900] {logging_mixin.py:117} INFO - [2022-11-08T19:45:01.662+0900] {dag.py:3324} INFO - Setting next_dagrun for example_weekday_branch_operator to 2022-11-07T00:00:00+00:00, run_after=2022-11-08T00:00:00+00:00
[2022-11-08T19:45:01.679+0900] {processor.py:178} INFO - Processing /home/steve/.local/lib/python3.8/site-packages/airflow/example_dags/example_branch_day_of_week_operator.py took 0.211 seconds
[2022-11-08T19:45:36.285+0900] {processor.py:156} INFO - Started process (PID=7667) to work on /home/steve/.local/lib/python3.8/site-packages/airflow/example_dags/example_branch_day_of_week_operator.py
[2022-11-08T19:45:36.285+0900] {processor.py:758} INFO - Processing file /home/steve/.local/lib/python3.8/site-packages/airflow/example_dags/example_branch_day_of_week_operator.py for tasks to queue
[2022-11-08T19:45:36.286+0900] {logging_mixin.py:117} INFO - [2022-11-08T19:45:36.286+0900] {dagbag.py:525} INFO - Filling up the DagBag from /home/steve/.local/lib/python3.8/site-packages/airflow/example_dags/example_branch_day_of_week_operator.py
[2022-11-08T19:45:36.294+0900] {processor.py:768} INFO - DAG(s) dict_keys(['example_weekday_branch_operator']) retrieved from /home/steve/.local/lib/python3.8/site-packages/airflow/example_dags/example_branch_day_of_week_operator.py
[2022-11-08T19:45:36.309+0900] {logging_mixin.py:117} INFO - [2022-11-08T19:45:36.309+0900] {dag.py:2573} INFO - Sync 1 DAGs
[2022-11-08T19:45:36.319+0900] {logging_mixin.py:117} INFO - [2022-11-08T19:45:36.319+0900] {dag.py:3324} INFO - Setting next_dagrun for example_weekday_branch_operator to 2022-11-07T00:00:00+00:00, run_after=2022-11-08T00:00:00+00:00
[2022-11-08T19:45:36.334+0900] {processor.py:178} INFO - Processing /home/steve/.local/lib/python3.8/site-packages/airflow/example_dags/example_branch_day_of_week_operator.py took 0.051 seconds
[2022-11-08T19:46:13.373+0900] {processor.py:156} INFO - Started process (PID=7801) to work on /home/steve/.local/lib/python3.8/site-packages/airflow/example_dags/example_branch_day_of_week_operator.py
[2022-11-08T19:46:13.375+0900] {processor.py:758} INFO - Processing file /home/steve/.local/lib/python3.8/site-packages/airflow/example_dags/example_branch_day_of_week_operator.py for tasks to queue
[2022-11-08T19:46:13.375+0900] {logging_mixin.py:117} INFO - [2022-11-08T19:46:13.375+0900] {dagbag.py:525} INFO - Filling up the DagBag from /home/steve/.local/lib/python3.8/site-packages/airflow/example_dags/example_branch_day_of_week_operator.py
[2022-11-08T19:46:13.383+0900] {processor.py:768} INFO - DAG(s) dict_keys(['example_weekday_branch_operator']) retrieved from /home/steve/.local/lib/python3.8/site-packages/airflow/example_dags/example_branch_day_of_week_operator.py
[2022-11-08T19:46:13.398+0900] {logging_mixin.py:117} INFO - [2022-11-08T19:46:13.398+0900] {dag.py:2573} INFO - Sync 1 DAGs
[2022-11-08T19:46:13.408+0900] {logging_mixin.py:117} INFO - [2022-11-08T19:46:13.408+0900] {dag.py:3324} INFO - Setting next_dagrun for example_weekday_branch_operator to 2022-11-07T00:00:00+00:00, run_after=2022-11-08T00:00:00+00:00
[2022-11-08T19:46:13.425+0900] {processor.py:178} INFO - Processing /home/steve/.local/lib/python3.8/site-packages/airflow/example_dags/example_branch_day_of_week_operator.py took 0.053 seconds
[2022-11-08T19:46:49.380+0900] {processor.py:156} INFO - Started process (PID=7837) to work on /home/steve/.local/lib/python3.8/site-packages/airflow/example_dags/example_branch_day_of_week_operator.py
[2022-11-08T19:46:49.381+0900] {processor.py:758} INFO - Processing file /home/steve/.local/lib/python3.8/site-packages/airflow/example_dags/example_branch_day_of_week_operator.py for tasks to queue
[2022-11-08T19:46:49.382+0900] {logging_mixin.py:117} INFO - [2022-11-08T19:46:49.381+0900] {dagbag.py:525} INFO - Filling up the DagBag from /home/steve/.local/lib/python3.8/site-packages/airflow/example_dags/example_branch_day_of_week_operator.py
[2022-11-08T19:46:49.390+0900] {processor.py:768} INFO - DAG(s) dict_keys(['example_weekday_branch_operator']) retrieved from /home/steve/.local/lib/python3.8/site-packages/airflow/example_dags/example_branch_day_of_week_operator.py
[2022-11-08T19:46:49.404+0900] {logging_mixin.py:117} INFO - [2022-11-08T19:46:49.404+0900] {dag.py:2573} INFO - Sync 1 DAGs
[2022-11-08T19:46:49.414+0900] {logging_mixin.py:117} INFO - [2022-11-08T19:46:49.414+0900] {dag.py:3324} INFO - Setting next_dagrun for example_weekday_branch_operator to 2022-11-07T00:00:00+00:00, run_after=2022-11-08T00:00:00+00:00
[2022-11-08T19:46:49.430+0900] {processor.py:178} INFO - Processing /home/steve/.local/lib/python3.8/site-packages/airflow/example_dags/example_branch_day_of_week_operator.py took 0.051 seconds
[2022-11-08T19:47:26.029+0900] {processor.py:156} INFO - Started process (PID=7915) to work on /home/steve/.local/lib/python3.8/site-packages/airflow/example_dags/example_branch_day_of_week_operator.py
[2022-11-08T19:47:26.031+0900] {processor.py:758} INFO - Processing file /home/steve/.local/lib/python3.8/site-packages/airflow/example_dags/example_branch_day_of_week_operator.py for tasks to queue
[2022-11-08T19:47:26.031+0900] {logging_mixin.py:117} INFO - [2022-11-08T19:47:26.031+0900] {dagbag.py:525} INFO - Filling up the DagBag from /home/steve/.local/lib/python3.8/site-packages/airflow/example_dags/example_branch_day_of_week_operator.py
[2022-11-08T19:47:26.040+0900] {processor.py:768} INFO - DAG(s) dict_keys(['example_weekday_branch_operator']) retrieved from /home/steve/.local/lib/python3.8/site-packages/airflow/example_dags/example_branch_day_of_week_operator.py
[2022-11-08T19:47:26.054+0900] {logging_mixin.py:117} INFO - [2022-11-08T19:47:26.054+0900] {dag.py:2573} INFO - Sync 1 DAGs
[2022-11-08T19:47:26.064+0900] {logging_mixin.py:117} INFO - [2022-11-08T19:47:26.064+0900] {dag.py:3324} INFO - Setting next_dagrun for example_weekday_branch_operator to 2022-11-07T00:00:00+00:00, run_after=2022-11-08T00:00:00+00:00
[2022-11-08T19:47:26.146+0900] {processor.py:178} INFO - Processing /home/steve/.local/lib/python3.8/site-packages/airflow/example_dags/example_branch_day_of_week_operator.py took 0.119 seconds
[2022-11-08T19:48:04.173+0900] {processor.py:156} INFO - Started process (PID=7952) to work on /home/steve/.local/lib/python3.8/site-packages/airflow/example_dags/example_branch_day_of_week_operator.py
[2022-11-08T19:48:04.175+0900] {processor.py:758} INFO - Processing file /home/steve/.local/lib/python3.8/site-packages/airflow/example_dags/example_branch_day_of_week_operator.py for tasks to queue
[2022-11-08T19:48:04.175+0900] {logging_mixin.py:117} INFO - [2022-11-08T19:48:04.175+0900] {dagbag.py:525} INFO - Filling up the DagBag from /home/steve/.local/lib/python3.8/site-packages/airflow/example_dags/example_branch_day_of_week_operator.py
[2022-11-08T19:48:04.183+0900] {processor.py:768} INFO - DAG(s) dict_keys(['example_weekday_branch_operator']) retrieved from /home/steve/.local/lib/python3.8/site-packages/airflow/example_dags/example_branch_day_of_week_operator.py
[2022-11-08T19:48:04.198+0900] {logging_mixin.py:117} INFO - [2022-11-08T19:48:04.198+0900] {dag.py:2573} INFO - Sync 1 DAGs
[2022-11-08T19:48:04.209+0900] {logging_mixin.py:117} INFO - [2022-11-08T19:48:04.209+0900] {dag.py:3324} INFO - Setting next_dagrun for example_weekday_branch_operator to 2022-11-07T00:00:00+00:00, run_after=2022-11-08T00:00:00+00:00
[2022-11-08T19:48:04.288+0900] {processor.py:178} INFO - Processing /home/steve/.local/lib/python3.8/site-packages/airflow/example_dags/example_branch_day_of_week_operator.py took 0.117 seconds
[2022-11-08T19:48:41.812+0900] {processor.py:156} INFO - Started process (PID=7989) to work on /home/steve/.local/lib/python3.8/site-packages/airflow/example_dags/example_branch_day_of_week_operator.py
[2022-11-08T19:48:41.814+0900] {processor.py:758} INFO - Processing file /home/steve/.local/lib/python3.8/site-packages/airflow/example_dags/example_branch_day_of_week_operator.py for tasks to queue
[2022-11-08T19:48:41.815+0900] {logging_mixin.py:117} INFO - [2022-11-08T19:48:41.815+0900] {dagbag.py:525} INFO - Filling up the DagBag from /home/steve/.local/lib/python3.8/site-packages/airflow/example_dags/example_branch_day_of_week_operator.py
[2022-11-08T19:48:41.823+0900] {processor.py:768} INFO - DAG(s) dict_keys(['example_weekday_branch_operator']) retrieved from /home/steve/.local/lib/python3.8/site-packages/airflow/example_dags/example_branch_day_of_week_operator.py
[2022-11-08T19:48:41.837+0900] {logging_mixin.py:117} INFO - [2022-11-08T19:48:41.837+0900] {dag.py:2573} INFO - Sync 1 DAGs
[2022-11-08T19:48:41.913+0900] {logging_mixin.py:117} INFO - [2022-11-08T19:48:41.912+0900] {dag.py:3324} INFO - Setting next_dagrun for example_weekday_branch_operator to 2022-11-07T00:00:00+00:00, run_after=2022-11-08T00:00:00+00:00
[2022-11-08T19:48:41.928+0900] {processor.py:178} INFO - Processing /home/steve/.local/lib/python3.8/site-packages/airflow/example_dags/example_branch_day_of_week_operator.py took 0.117 seconds
[2022-11-08T19:49:20.914+0900] {processor.py:156} INFO - Started process (PID=8026) to work on /home/steve/.local/lib/python3.8/site-packages/airflow/example_dags/example_branch_day_of_week_operator.py
[2022-11-08T19:49:20.916+0900] {processor.py:758} INFO - Processing file /home/steve/.local/lib/python3.8/site-packages/airflow/example_dags/example_branch_day_of_week_operator.py for tasks to queue
[2022-11-08T19:49:20.916+0900] {logging_mixin.py:117} INFO - [2022-11-08T19:49:20.916+0900] {dagbag.py:525} INFO - Filling up the DagBag from /home/steve/.local/lib/python3.8/site-packages/airflow/example_dags/example_branch_day_of_week_operator.py
[2022-11-08T19:49:20.924+0900] {processor.py:768} INFO - DAG(s) dict_keys(['example_weekday_branch_operator']) retrieved from /home/steve/.local/lib/python3.8/site-packages/airflow/example_dags/example_branch_day_of_week_operator.py
[2022-11-08T19:49:20.939+0900] {logging_mixin.py:117} INFO - [2022-11-08T19:49:20.939+0900] {dag.py:2573} INFO - Sync 1 DAGs
[2022-11-08T19:49:21.013+0900] {logging_mixin.py:117} INFO - [2022-11-08T19:49:21.013+0900] {dag.py:3324} INFO - Setting next_dagrun for example_weekday_branch_operator to 2022-11-07T00:00:00+00:00, run_after=2022-11-08T00:00:00+00:00
[2022-11-08T19:49:21.030+0900] {processor.py:178} INFO - Processing /home/steve/.local/lib/python3.8/site-packages/airflow/example_dags/example_branch_day_of_week_operator.py took 0.117 seconds
[2022-11-08T19:49:57.349+0900] {processor.py:156} INFO - Started process (PID=8089) to work on /home/steve/.local/lib/python3.8/site-packages/airflow/example_dags/example_branch_day_of_week_operator.py
[2022-11-08T19:49:57.351+0900] {processor.py:758} INFO - Processing file /home/steve/.local/lib/python3.8/site-packages/airflow/example_dags/example_branch_day_of_week_operator.py for tasks to queue
[2022-11-08T19:49:57.351+0900] {logging_mixin.py:117} INFO - [2022-11-08T19:49:57.351+0900] {dagbag.py:525} INFO - Filling up the DagBag from /home/steve/.local/lib/python3.8/site-packages/airflow/example_dags/example_branch_day_of_week_operator.py
[2022-11-08T19:49:57.359+0900] {processor.py:768} INFO - DAG(s) dict_keys(['example_weekday_branch_operator']) retrieved from /home/steve/.local/lib/python3.8/site-packages/airflow/example_dags/example_branch_day_of_week_operator.py
[2022-11-08T19:49:57.439+0900] {logging_mixin.py:117} INFO - [2022-11-08T19:49:57.439+0900] {dag.py:2573} INFO - Sync 1 DAGs
[2022-11-08T19:49:57.448+0900] {logging_mixin.py:117} INFO - [2022-11-08T19:49:57.448+0900] {dag.py:3324} INFO - Setting next_dagrun for example_weekday_branch_operator to 2022-11-07T00:00:00+00:00, run_after=2022-11-08T00:00:00+00:00
[2022-11-08T19:49:57.464+0900] {processor.py:178} INFO - Processing /home/steve/.local/lib/python3.8/site-packages/airflow/example_dags/example_branch_day_of_week_operator.py took 0.116 seconds
[2022-11-08T19:50:33.100+0900] {processor.py:156} INFO - Started process (PID=8124) to work on /home/steve/.local/lib/python3.8/site-packages/airflow/example_dags/example_branch_day_of_week_operator.py
[2022-11-08T19:50:33.102+0900] {processor.py:758} INFO - Processing file /home/steve/.local/lib/python3.8/site-packages/airflow/example_dags/example_branch_day_of_week_operator.py for tasks to queue
[2022-11-08T19:50:33.103+0900] {logging_mixin.py:117} INFO - [2022-11-08T19:50:33.103+0900] {dagbag.py:525} INFO - Filling up the DagBag from /home/steve/.local/lib/python3.8/site-packages/airflow/example_dags/example_branch_day_of_week_operator.py
[2022-11-08T19:50:33.111+0900] {processor.py:768} INFO - DAG(s) dict_keys(['example_weekday_branch_operator']) retrieved from /home/steve/.local/lib/python3.8/site-packages/airflow/example_dags/example_branch_day_of_week_operator.py
[2022-11-08T19:50:33.193+0900] {logging_mixin.py:117} INFO - [2022-11-08T19:50:33.192+0900] {dag.py:2573} INFO - Sync 1 DAGs
[2022-11-08T19:50:33.202+0900] {logging_mixin.py:117} INFO - [2022-11-08T19:50:33.201+0900] {dag.py:3324} INFO - Setting next_dagrun for example_weekday_branch_operator to 2022-11-07T00:00:00+00:00, run_after=2022-11-08T00:00:00+00:00
[2022-11-08T19:50:33.216+0900] {processor.py:178} INFO - Processing /home/steve/.local/lib/python3.8/site-packages/airflow/example_dags/example_branch_day_of_week_operator.py took 0.117 seconds
[2022-11-08T19:51:09.817+0900] {processor.py:156} INFO - Started process (PID=8159) to work on /home/steve/.local/lib/python3.8/site-packages/airflow/example_dags/example_branch_day_of_week_operator.py
[2022-11-08T19:51:09.819+0900] {processor.py:758} INFO - Processing file /home/steve/.local/lib/python3.8/site-packages/airflow/example_dags/example_branch_day_of_week_operator.py for tasks to queue
[2022-11-08T19:51:09.819+0900] {logging_mixin.py:117} INFO - [2022-11-08T19:51:09.819+0900] {dagbag.py:525} INFO - Filling up the DagBag from /home/steve/.local/lib/python3.8/site-packages/airflow/example_dags/example_branch_day_of_week_operator.py
[2022-11-08T19:51:09.893+0900] {processor.py:768} INFO - DAG(s) dict_keys(['example_weekday_branch_operator']) retrieved from /home/steve/.local/lib/python3.8/site-packages/airflow/example_dags/example_branch_day_of_week_operator.py
[2022-11-08T19:51:09.905+0900] {logging_mixin.py:117} INFO - [2022-11-08T19:51:09.905+0900] {dag.py:2573} INFO - Sync 1 DAGs
[2022-11-08T19:51:09.914+0900] {logging_mixin.py:117} INFO - [2022-11-08T19:51:09.914+0900] {dag.py:3324} INFO - Setting next_dagrun for example_weekday_branch_operator to 2022-11-07T00:00:00+00:00, run_after=2022-11-08T00:00:00+00:00
[2022-11-08T19:51:09.932+0900] {processor.py:178} INFO - Processing /home/steve/.local/lib/python3.8/site-packages/airflow/example_dags/example_branch_day_of_week_operator.py took 0.117 seconds
[2022-11-08T19:51:46.543+0900] {processor.py:156} INFO - Started process (PID=8196) to work on /home/steve/.local/lib/python3.8/site-packages/airflow/example_dags/example_branch_day_of_week_operator.py
[2022-11-08T19:51:46.544+0900] {processor.py:758} INFO - Processing file /home/steve/.local/lib/python3.8/site-packages/airflow/example_dags/example_branch_day_of_week_operator.py for tasks to queue
[2022-11-08T19:51:46.545+0900] {logging_mixin.py:117} INFO - [2022-11-08T19:51:46.544+0900] {dagbag.py:525} INFO - Filling up the DagBag from /home/steve/.local/lib/python3.8/site-packages/airflow/example_dags/example_branch_day_of_week_operator.py
[2022-11-08T19:51:46.619+0900] {processor.py:768} INFO - DAG(s) dict_keys(['example_weekday_branch_operator']) retrieved from /home/steve/.local/lib/python3.8/site-packages/airflow/example_dags/example_branch_day_of_week_operator.py
[2022-11-08T19:51:46.631+0900] {logging_mixin.py:117} INFO - [2022-11-08T19:51:46.631+0900] {dag.py:2573} INFO - Sync 1 DAGs
[2022-11-08T19:51:46.640+0900] {logging_mixin.py:117} INFO - [2022-11-08T19:51:46.640+0900] {dag.py:3324} INFO - Setting next_dagrun for example_weekday_branch_operator to 2022-11-07T00:00:00+00:00, run_after=2022-11-08T00:00:00+00:00
[2022-11-08T19:51:46.656+0900] {processor.py:178} INFO - Processing /home/steve/.local/lib/python3.8/site-packages/airflow/example_dags/example_branch_day_of_week_operator.py took 0.114 seconds
[2022-11-08T19:52:20.838+0900] {processor.py:156} INFO - Started process (PID=8232) to work on /home/steve/.local/lib/python3.8/site-packages/airflow/example_dags/example_branch_day_of_week_operator.py
[2022-11-08T19:52:20.840+0900] {processor.py:758} INFO - Processing file /home/steve/.local/lib/python3.8/site-packages/airflow/example_dags/example_branch_day_of_week_operator.py for tasks to queue
[2022-11-08T19:52:20.841+0900] {logging_mixin.py:117} INFO - [2022-11-08T19:52:20.841+0900] {dagbag.py:525} INFO - Filling up the DagBag from /home/steve/.local/lib/python3.8/site-packages/airflow/example_dags/example_branch_day_of_week_operator.py
[2022-11-08T19:52:20.849+0900] {processor.py:768} INFO - DAG(s) dict_keys(['example_weekday_branch_operator']) retrieved from /home/steve/.local/lib/python3.8/site-packages/airflow/example_dags/example_branch_day_of_week_operator.py
[2022-11-08T19:52:20.864+0900] {logging_mixin.py:117} INFO - [2022-11-08T19:52:20.863+0900] {dag.py:2573} INFO - Sync 1 DAGs
[2022-11-08T19:52:20.874+0900] {logging_mixin.py:117} INFO - [2022-11-08T19:52:20.874+0900] {dag.py:3324} INFO - Setting next_dagrun for example_weekday_branch_operator to 2022-11-07T00:00:00+00:00, run_after=2022-11-08T00:00:00+00:00
[2022-11-08T19:52:20.890+0900] {processor.py:178} INFO - Processing /home/steve/.local/lib/python3.8/site-packages/airflow/example_dags/example_branch_day_of_week_operator.py took 0.053 seconds
[2022-11-08T19:52:53.079+0900] {processor.py:156} INFO - Started process (PID=8314) to work on /home/steve/.local/lib/python3.8/site-packages/airflow/example_dags/example_branch_day_of_week_operator.py
[2022-11-08T19:52:53.080+0900] {processor.py:758} INFO - Processing file /home/steve/.local/lib/python3.8/site-packages/airflow/example_dags/example_branch_day_of_week_operator.py for tasks to queue
[2022-11-08T19:52:53.080+0900] {logging_mixin.py:117} INFO - [2022-11-08T19:52:53.080+0900] {dagbag.py:525} INFO - Filling up the DagBag from /home/steve/.local/lib/python3.8/site-packages/airflow/example_dags/example_branch_day_of_week_operator.py
[2022-11-08T19:52:53.089+0900] {processor.py:768} INFO - DAG(s) dict_keys(['example_weekday_branch_operator']) retrieved from /home/steve/.local/lib/python3.8/site-packages/airflow/example_dags/example_branch_day_of_week_operator.py
[2022-11-08T19:52:53.105+0900] {logging_mixin.py:117} INFO - [2022-11-08T19:52:53.105+0900] {dag.py:2573} INFO - Sync 1 DAGs
[2022-11-08T19:52:53.116+0900] {logging_mixin.py:117} INFO - [2022-11-08T19:52:53.116+0900] {dag.py:3324} INFO - Setting next_dagrun for example_weekday_branch_operator to 2022-11-07T00:00:00+00:00, run_after=2022-11-08T00:00:00+00:00
[2022-11-08T19:52:53.131+0900] {processor.py:178} INFO - Processing /home/steve/.local/lib/python3.8/site-packages/airflow/example_dags/example_branch_day_of_week_operator.py took 0.054 seconds
[2022-11-08T19:53:26.822+0900] {processor.py:156} INFO - Started process (PID=8525) to work on /home/steve/.local/lib/python3.8/site-packages/airflow/example_dags/example_branch_day_of_week_operator.py
[2022-11-08T19:53:26.822+0900] {processor.py:758} INFO - Processing file /home/steve/.local/lib/python3.8/site-packages/airflow/example_dags/example_branch_day_of_week_operator.py for tasks to queue
[2022-11-08T19:53:26.823+0900] {logging_mixin.py:117} INFO - [2022-11-08T19:53:26.823+0900] {dagbag.py:525} INFO - Filling up the DagBag from /home/steve/.local/lib/python3.8/site-packages/airflow/example_dags/example_branch_day_of_week_operator.py
[2022-11-08T19:53:26.832+0900] {processor.py:768} INFO - DAG(s) dict_keys(['example_weekday_branch_operator']) retrieved from /home/steve/.local/lib/python3.8/site-packages/airflow/example_dags/example_branch_day_of_week_operator.py
[2022-11-08T19:53:26.847+0900] {logging_mixin.py:117} INFO - [2022-11-08T19:53:26.847+0900] {dag.py:2573} INFO - Sync 1 DAGs
[2022-11-08T19:53:26.857+0900] {logging_mixin.py:117} INFO - [2022-11-08T19:53:26.857+0900] {dag.py:3324} INFO - Setting next_dagrun for example_weekday_branch_operator to 2022-11-07T00:00:00+00:00, run_after=2022-11-08T00:00:00+00:00
[2022-11-08T19:53:26.873+0900] {processor.py:178} INFO - Processing /home/steve/.local/lib/python3.8/site-packages/airflow/example_dags/example_branch_day_of_week_operator.py took 0.052 seconds
[2022-11-08T19:54:01.637+0900] {processor.py:156} INFO - Started process (PID=8581) to work on /home/steve/.local/lib/python3.8/site-packages/airflow/example_dags/example_branch_day_of_week_operator.py
[2022-11-08T19:54:01.640+0900] {processor.py:758} INFO - Processing file /home/steve/.local/lib/python3.8/site-packages/airflow/example_dags/example_branch_day_of_week_operator.py for tasks to queue
[2022-11-08T19:54:01.640+0900] {logging_mixin.py:117} INFO - [2022-11-08T19:54:01.640+0900] {dagbag.py:525} INFO - Filling up the DagBag from /home/steve/.local/lib/python3.8/site-packages/airflow/example_dags/example_branch_day_of_week_operator.py
[2022-11-08T19:54:01.648+0900] {processor.py:768} INFO - DAG(s) dict_keys(['example_weekday_branch_operator']) retrieved from /home/steve/.local/lib/python3.8/site-packages/airflow/example_dags/example_branch_day_of_week_operator.py
[2022-11-08T19:54:01.663+0900] {logging_mixin.py:117} INFO - [2022-11-08T19:54:01.663+0900] {dag.py:2573} INFO - Sync 1 DAGs
[2022-11-08T19:54:01.673+0900] {logging_mixin.py:117} INFO - [2022-11-08T19:54:01.673+0900] {dag.py:3324} INFO - Setting next_dagrun for example_weekday_branch_operator to 2022-11-07T00:00:00+00:00, run_after=2022-11-08T00:00:00+00:00
[2022-11-08T19:54:01.694+0900] {processor.py:178} INFO - Processing /home/steve/.local/lib/python3.8/site-packages/airflow/example_dags/example_branch_day_of_week_operator.py took 0.058 seconds
[2022-11-08T19:54:35.791+0900] {processor.py:156} INFO - Started process (PID=8753) to work on /home/steve/.local/lib/python3.8/site-packages/airflow/example_dags/example_branch_day_of_week_operator.py
[2022-11-08T19:54:35.793+0900] {processor.py:758} INFO - Processing file /home/steve/.local/lib/python3.8/site-packages/airflow/example_dags/example_branch_day_of_week_operator.py for tasks to queue
[2022-11-08T19:54:35.793+0900] {logging_mixin.py:117} INFO - [2022-11-08T19:54:35.793+0900] {dagbag.py:525} INFO - Filling up the DagBag from /home/steve/.local/lib/python3.8/site-packages/airflow/example_dags/example_branch_day_of_week_operator.py
[2022-11-08T19:54:35.802+0900] {processor.py:768} INFO - DAG(s) dict_keys(['example_weekday_branch_operator']) retrieved from /home/steve/.local/lib/python3.8/site-packages/airflow/example_dags/example_branch_day_of_week_operator.py
[2022-11-08T19:54:35.816+0900] {logging_mixin.py:117} INFO - [2022-11-08T19:54:35.816+0900] {dag.py:2573} INFO - Sync 1 DAGs
[2022-11-08T19:54:35.827+0900] {logging_mixin.py:117} INFO - [2022-11-08T19:54:35.827+0900] {dag.py:3324} INFO - Setting next_dagrun for example_weekday_branch_operator to 2022-11-07T00:00:00+00:00, run_after=2022-11-08T00:00:00+00:00
[2022-11-08T19:54:35.849+0900] {processor.py:178} INFO - Processing /home/steve/.local/lib/python3.8/site-packages/airflow/example_dags/example_branch_day_of_week_operator.py took 0.059 seconds
[2022-11-08T19:55:15.261+0900] {processor.py:156} INFO - Started process (PID=9013) to work on /home/steve/.local/lib/python3.8/site-packages/airflow/example_dags/example_branch_day_of_week_operator.py
[2022-11-08T19:55:15.263+0900] {processor.py:758} INFO - Processing file /home/steve/.local/lib/python3.8/site-packages/airflow/example_dags/example_branch_day_of_week_operator.py for tasks to queue
[2022-11-08T19:55:15.263+0900] {logging_mixin.py:117} INFO - [2022-11-08T19:55:15.263+0900] {dagbag.py:525} INFO - Filling up the DagBag from /home/steve/.local/lib/python3.8/site-packages/airflow/example_dags/example_branch_day_of_week_operator.py
[2022-11-08T19:55:15.271+0900] {processor.py:768} INFO - DAG(s) dict_keys(['example_weekday_branch_operator']) retrieved from /home/steve/.local/lib/python3.8/site-packages/airflow/example_dags/example_branch_day_of_week_operator.py
[2022-11-08T19:55:15.286+0900] {logging_mixin.py:117} INFO - [2022-11-08T19:55:15.286+0900] {dag.py:2573} INFO - Sync 1 DAGs
[2022-11-08T19:55:15.296+0900] {logging_mixin.py:117} INFO - [2022-11-08T19:55:15.296+0900] {dag.py:3324} INFO - Setting next_dagrun for example_weekday_branch_operator to 2022-11-07T00:00:00+00:00, run_after=2022-11-08T00:00:00+00:00
[2022-11-08T19:55:15.313+0900] {processor.py:178} INFO - Processing /home/steve/.local/lib/python3.8/site-packages/airflow/example_dags/example_branch_day_of_week_operator.py took 0.054 seconds
[2022-11-08T20:27:10.877+0900] {processor.py:156} INFO - Started process (PID=9791) to work on /home/steve/.local/lib/python3.8/site-packages/airflow/example_dags/example_branch_day_of_week_operator.py
[2022-11-08T20:27:10.878+0900] {processor.py:758} INFO - Processing file /home/steve/.local/lib/python3.8/site-packages/airflow/example_dags/example_branch_day_of_week_operator.py for tasks to queue
[2022-11-08T20:27:10.878+0900] {logging_mixin.py:117} INFO - [2022-11-08T20:27:10.878+0900] {dagbag.py:525} INFO - Filling up the DagBag from /home/steve/.local/lib/python3.8/site-packages/airflow/example_dags/example_branch_day_of_week_operator.py
[2022-11-08T20:27:10.887+0900] {processor.py:768} INFO - DAG(s) dict_keys(['example_weekday_branch_operator']) retrieved from /home/steve/.local/lib/python3.8/site-packages/airflow/example_dags/example_branch_day_of_week_operator.py
[2022-11-08T20:27:10.903+0900] {logging_mixin.py:117} INFO - [2022-11-08T20:27:10.903+0900] {dag.py:2573} INFO - Sync 1 DAGs
[2022-11-08T20:27:10.915+0900] {logging_mixin.py:117} INFO - [2022-11-08T20:27:10.915+0900] {dag.py:3324} INFO - Setting next_dagrun for example_weekday_branch_operator to 2022-11-07T00:00:00+00:00, run_after=2022-11-08T00:00:00+00:00
[2022-11-08T20:27:10.931+0900] {processor.py:178} INFO - Processing /home/steve/.local/lib/python3.8/site-packages/airflow/example_dags/example_branch_day_of_week_operator.py took 0.055 seconds
[2022-11-08T20:27:47.034+0900] {processor.py:156} INFO - Started process (PID=9842) to work on /home/steve/.local/lib/python3.8/site-packages/airflow/example_dags/example_branch_day_of_week_operator.py
[2022-11-08T20:27:47.035+0900] {processor.py:758} INFO - Processing file /home/steve/.local/lib/python3.8/site-packages/airflow/example_dags/example_branch_day_of_week_operator.py for tasks to queue
[2022-11-08T20:27:47.035+0900] {logging_mixin.py:117} INFO - [2022-11-08T20:27:47.035+0900] {dagbag.py:525} INFO - Filling up the DagBag from /home/steve/.local/lib/python3.8/site-packages/airflow/example_dags/example_branch_day_of_week_operator.py
[2022-11-08T20:27:47.045+0900] {processor.py:768} INFO - DAG(s) dict_keys(['example_weekday_branch_operator']) retrieved from /home/steve/.local/lib/python3.8/site-packages/airflow/example_dags/example_branch_day_of_week_operator.py
[2022-11-08T20:27:47.063+0900] {logging_mixin.py:117} INFO - [2022-11-08T20:27:47.063+0900] {dag.py:2573} INFO - Sync 1 DAGs
[2022-11-08T20:27:47.076+0900] {logging_mixin.py:117} INFO - [2022-11-08T20:27:47.076+0900] {dag.py:3324} INFO - Setting next_dagrun for example_weekday_branch_operator to 2022-11-07T00:00:00+00:00, run_after=2022-11-08T00:00:00+00:00
[2022-11-08T20:27:47.091+0900] {processor.py:178} INFO - Processing /home/steve/.local/lib/python3.8/site-packages/airflow/example_dags/example_branch_day_of_week_operator.py took 0.059 seconds
[2022-11-08T20:28:22.935+0900] {processor.py:156} INFO - Started process (PID=9878) to work on /home/steve/.local/lib/python3.8/site-packages/airflow/example_dags/example_branch_day_of_week_operator.py
[2022-11-08T20:28:22.936+0900] {processor.py:758} INFO - Processing file /home/steve/.local/lib/python3.8/site-packages/airflow/example_dags/example_branch_day_of_week_operator.py for tasks to queue
[2022-11-08T20:28:22.936+0900] {logging_mixin.py:117} INFO - [2022-11-08T20:28:22.936+0900] {dagbag.py:525} INFO - Filling up the DagBag from /home/steve/.local/lib/python3.8/site-packages/airflow/example_dags/example_branch_day_of_week_operator.py
[2022-11-08T20:28:22.945+0900] {processor.py:768} INFO - DAG(s) dict_keys(['example_weekday_branch_operator']) retrieved from /home/steve/.local/lib/python3.8/site-packages/airflow/example_dags/example_branch_day_of_week_operator.py
[2022-11-08T20:28:22.960+0900] {logging_mixin.py:117} INFO - [2022-11-08T20:28:22.960+0900] {dag.py:2573} INFO - Sync 1 DAGs
[2022-11-08T20:28:22.971+0900] {logging_mixin.py:117} INFO - [2022-11-08T20:28:22.971+0900] {dag.py:3324} INFO - Setting next_dagrun for example_weekday_branch_operator to 2022-11-07T00:00:00+00:00, run_after=2022-11-08T00:00:00+00:00
[2022-11-08T20:28:22.987+0900] {processor.py:178} INFO - Processing /home/steve/.local/lib/python3.8/site-packages/airflow/example_dags/example_branch_day_of_week_operator.py took 0.053 seconds
[2022-11-08T20:28:58.576+0900] {processor.py:156} INFO - Started process (PID=10067) to work on /home/steve/.local/lib/python3.8/site-packages/airflow/example_dags/example_branch_day_of_week_operator.py
[2022-11-08T20:28:58.578+0900] {processor.py:758} INFO - Processing file /home/steve/.local/lib/python3.8/site-packages/airflow/example_dags/example_branch_day_of_week_operator.py for tasks to queue
[2022-11-08T20:28:58.578+0900] {logging_mixin.py:117} INFO - [2022-11-08T20:28:58.578+0900] {dagbag.py:525} INFO - Filling up the DagBag from /home/steve/.local/lib/python3.8/site-packages/airflow/example_dags/example_branch_day_of_week_operator.py
[2022-11-08T20:28:58.586+0900] {processor.py:768} INFO - DAG(s) dict_keys(['example_weekday_branch_operator']) retrieved from /home/steve/.local/lib/python3.8/site-packages/airflow/example_dags/example_branch_day_of_week_operator.py
[2022-11-08T20:28:58.601+0900] {logging_mixin.py:117} INFO - [2022-11-08T20:28:58.601+0900] {dag.py:2573} INFO - Sync 1 DAGs
[2022-11-08T20:28:58.612+0900] {logging_mixin.py:117} INFO - [2022-11-08T20:28:58.612+0900] {dag.py:3324} INFO - Setting next_dagrun for example_weekday_branch_operator to 2022-11-07T00:00:00+00:00, run_after=2022-11-08T00:00:00+00:00
[2022-11-08T20:28:58.627+0900] {processor.py:178} INFO - Processing /home/steve/.local/lib/python3.8/site-packages/airflow/example_dags/example_branch_day_of_week_operator.py took 0.053 seconds
[2022-11-08T20:29:36.518+0900] {processor.py:156} INFO - Started process (PID=10260) to work on /home/steve/.local/lib/python3.8/site-packages/airflow/example_dags/example_branch_day_of_week_operator.py
[2022-11-08T20:29:36.519+0900] {processor.py:758} INFO - Processing file /home/steve/.local/lib/python3.8/site-packages/airflow/example_dags/example_branch_day_of_week_operator.py for tasks to queue
[2022-11-08T20:29:36.519+0900] {logging_mixin.py:117} INFO - [2022-11-08T20:29:36.519+0900] {dagbag.py:525} INFO - Filling up the DagBag from /home/steve/.local/lib/python3.8/site-packages/airflow/example_dags/example_branch_day_of_week_operator.py
[2022-11-08T20:29:36.529+0900] {processor.py:768} INFO - DAG(s) dict_keys(['example_weekday_branch_operator']) retrieved from /home/steve/.local/lib/python3.8/site-packages/airflow/example_dags/example_branch_day_of_week_operator.py
[2022-11-08T20:29:36.548+0900] {logging_mixin.py:117} INFO - [2022-11-08T20:29:36.548+0900] {dag.py:2573} INFO - Sync 1 DAGs
[2022-11-08T20:29:36.563+0900] {logging_mixin.py:117} INFO - [2022-11-08T20:29:36.563+0900] {dag.py:3324} INFO - Setting next_dagrun for example_weekday_branch_operator to 2022-11-07T00:00:00+00:00, run_after=2022-11-08T00:00:00+00:00
[2022-11-08T20:29:36.657+0900] {processor.py:178} INFO - Processing /home/steve/.local/lib/python3.8/site-packages/airflow/example_dags/example_branch_day_of_week_operator.py took 0.142 seconds
[2022-11-08T20:30:15.799+0900] {processor.py:156} INFO - Started process (PID=10446) to work on /home/steve/.local/lib/python3.8/site-packages/airflow/example_dags/example_branch_day_of_week_operator.py
[2022-11-08T20:30:15.802+0900] {processor.py:758} INFO - Processing file /home/steve/.local/lib/python3.8/site-packages/airflow/example_dags/example_branch_day_of_week_operator.py for tasks to queue
[2022-11-08T20:30:15.803+0900] {logging_mixin.py:117} INFO - [2022-11-08T20:30:15.803+0900] {dagbag.py:525} INFO - Filling up the DagBag from /home/steve/.local/lib/python3.8/site-packages/airflow/example_dags/example_branch_day_of_week_operator.py
[2022-11-08T20:30:15.813+0900] {processor.py:768} INFO - DAG(s) dict_keys(['example_weekday_branch_operator']) retrieved from /home/steve/.local/lib/python3.8/site-packages/airflow/example_dags/example_branch_day_of_week_operator.py
[2022-11-08T20:30:15.831+0900] {logging_mixin.py:117} INFO - [2022-11-08T20:30:15.830+0900] {dag.py:2573} INFO - Sync 1 DAGs
[2022-11-08T20:30:15.845+0900] {logging_mixin.py:117} INFO - [2022-11-08T20:30:15.844+0900] {dag.py:3324} INFO - Setting next_dagrun for example_weekday_branch_operator to 2022-11-07T00:00:00+00:00, run_after=2022-11-08T00:00:00+00:00
[2022-11-08T20:30:15.949+0900] {processor.py:178} INFO - Processing /home/steve/.local/lib/python3.8/site-packages/airflow/example_dags/example_branch_day_of_week_operator.py took 0.151 seconds
[2022-11-08T20:30:52.531+0900] {processor.py:156} INFO - Started process (PID=10632) to work on /home/steve/.local/lib/python3.8/site-packages/airflow/example_dags/example_branch_day_of_week_operator.py
[2022-11-08T20:30:52.532+0900] {processor.py:758} INFO - Processing file /home/steve/.local/lib/python3.8/site-packages/airflow/example_dags/example_branch_day_of_week_operator.py for tasks to queue
[2022-11-08T20:30:52.532+0900] {logging_mixin.py:117} INFO - [2022-11-08T20:30:52.532+0900] {dagbag.py:525} INFO - Filling up the DagBag from /home/steve/.local/lib/python3.8/site-packages/airflow/example_dags/example_branch_day_of_week_operator.py
[2022-11-08T20:30:52.541+0900] {processor.py:768} INFO - DAG(s) dict_keys(['example_weekday_branch_operator']) retrieved from /home/steve/.local/lib/python3.8/site-packages/airflow/example_dags/example_branch_day_of_week_operator.py
[2022-11-08T20:30:52.559+0900] {logging_mixin.py:117} INFO - [2022-11-08T20:30:52.559+0900] {dag.py:2573} INFO - Sync 1 DAGs
[2022-11-08T20:30:52.655+0900] {logging_mixin.py:117} INFO - [2022-11-08T20:30:52.655+0900] {dag.py:3324} INFO - Setting next_dagrun for example_weekday_branch_operator to 2022-11-07T00:00:00+00:00, run_after=2022-11-08T00:00:00+00:00
[2022-11-08T20:30:52.672+0900] {processor.py:178} INFO - Processing /home/steve/.local/lib/python3.8/site-packages/airflow/example_dags/example_branch_day_of_week_operator.py took 0.144 seconds
[2022-11-08T20:31:34.095+0900] {processor.py:156} INFO - Started process (PID=10724) to work on /home/steve/.local/lib/python3.8/site-packages/airflow/example_dags/example_branch_day_of_week_operator.py
[2022-11-08T20:31:34.096+0900] {processor.py:758} INFO - Processing file /home/steve/.local/lib/python3.8/site-packages/airflow/example_dags/example_branch_day_of_week_operator.py for tasks to queue
[2022-11-08T20:31:34.097+0900] {logging_mixin.py:117} INFO - [2022-11-08T20:31:34.097+0900] {dagbag.py:525} INFO - Filling up the DagBag from /home/steve/.local/lib/python3.8/site-packages/airflow/example_dags/example_branch_day_of_week_operator.py
[2022-11-08T20:31:34.105+0900] {processor.py:768} INFO - DAG(s) dict_keys(['example_weekday_branch_operator']) retrieved from /home/steve/.local/lib/python3.8/site-packages/airflow/example_dags/example_branch_day_of_week_operator.py
[2022-11-08T20:31:34.122+0900] {logging_mixin.py:117} INFO - [2022-11-08T20:31:34.121+0900] {dag.py:2573} INFO - Sync 1 DAGs
[2022-11-08T20:31:34.204+0900] {logging_mixin.py:117} INFO - [2022-11-08T20:31:34.204+0900] {dag.py:3324} INFO - Setting next_dagrun for example_weekday_branch_operator to 2022-11-07T00:00:00+00:00, run_after=2022-11-08T00:00:00+00:00
[2022-11-08T20:31:34.220+0900] {processor.py:178} INFO - Processing /home/steve/.local/lib/python3.8/site-packages/airflow/example_dags/example_branch_day_of_week_operator.py took 0.128 seconds
[2022-11-08T20:32:10.591+0900] {processor.py:156} INFO - Started process (PID=10788) to work on /home/steve/.local/lib/python3.8/site-packages/airflow/example_dags/example_branch_day_of_week_operator.py
[2022-11-08T20:32:10.593+0900] {processor.py:758} INFO - Processing file /home/steve/.local/lib/python3.8/site-packages/airflow/example_dags/example_branch_day_of_week_operator.py for tasks to queue
[2022-11-08T20:32:10.593+0900] {logging_mixin.py:117} INFO - [2022-11-08T20:32:10.593+0900] {dagbag.py:525} INFO - Filling up the DagBag from /home/steve/.local/lib/python3.8/site-packages/airflow/example_dags/example_branch_day_of_week_operator.py
[2022-11-08T20:32:10.602+0900] {processor.py:768} INFO - DAG(s) dict_keys(['example_weekday_branch_operator']) retrieved from /home/steve/.local/lib/python3.8/site-packages/airflow/example_dags/example_branch_day_of_week_operator.py
[2022-11-08T20:32:10.694+0900] {logging_mixin.py:117} INFO - [2022-11-08T20:32:10.694+0900] {dag.py:2573} INFO - Sync 1 DAGs
[2022-11-08T20:32:10.705+0900] {logging_mixin.py:117} INFO - [2022-11-08T20:32:10.705+0900] {dag.py:3324} INFO - Setting next_dagrun for example_weekday_branch_operator to 2022-11-07T00:00:00+00:00, run_after=2022-11-08T00:00:00+00:00
[2022-11-08T20:32:10.725+0900] {processor.py:178} INFO - Processing /home/steve/.local/lib/python3.8/site-packages/airflow/example_dags/example_branch_day_of_week_operator.py took 0.136 seconds
[2022-11-08T20:32:49.442+0900] {processor.py:156} INFO - Started process (PID=10978) to work on /home/steve/.local/lib/python3.8/site-packages/airflow/example_dags/example_branch_day_of_week_operator.py
[2022-11-08T20:32:49.444+0900] {processor.py:758} INFO - Processing file /home/steve/.local/lib/python3.8/site-packages/airflow/example_dags/example_branch_day_of_week_operator.py for tasks to queue
[2022-11-08T20:32:49.444+0900] {logging_mixin.py:117} INFO - [2022-11-08T20:32:49.444+0900] {dagbag.py:525} INFO - Filling up the DagBag from /home/steve/.local/lib/python3.8/site-packages/airflow/example_dags/example_branch_day_of_week_operator.py
[2022-11-08T20:32:49.453+0900] {processor.py:768} INFO - DAG(s) dict_keys(['example_weekday_branch_operator']) retrieved from /home/steve/.local/lib/python3.8/site-packages/airflow/example_dags/example_branch_day_of_week_operator.py
[2022-11-08T20:32:49.540+0900] {logging_mixin.py:117} INFO - [2022-11-08T20:32:49.540+0900] {dag.py:2573} INFO - Sync 1 DAGs
[2022-11-08T20:32:49.550+0900] {logging_mixin.py:117} INFO - [2022-11-08T20:32:49.550+0900] {dag.py:3324} INFO - Setting next_dagrun for example_weekday_branch_operator to 2022-11-07T00:00:00+00:00, run_after=2022-11-08T00:00:00+00:00
[2022-11-08T20:32:49.566+0900] {processor.py:178} INFO - Processing /home/steve/.local/lib/python3.8/site-packages/airflow/example_dags/example_branch_day_of_week_operator.py took 0.126 seconds
[2022-11-08T20:33:26.949+0900] {processor.py:156} INFO - Started process (PID=11013) to work on /home/steve/.local/lib/python3.8/site-packages/airflow/example_dags/example_branch_day_of_week_operator.py
[2022-11-08T20:33:26.951+0900] {processor.py:758} INFO - Processing file /home/steve/.local/lib/python3.8/site-packages/airflow/example_dags/example_branch_day_of_week_operator.py for tasks to queue
[2022-11-08T20:33:26.951+0900] {logging_mixin.py:117} INFO - [2022-11-08T20:33:26.951+0900] {dagbag.py:525} INFO - Filling up the DagBag from /home/steve/.local/lib/python3.8/site-packages/airflow/example_dags/example_branch_day_of_week_operator.py
[2022-11-08T20:33:27.032+0900] {processor.py:768} INFO - DAG(s) dict_keys(['example_weekday_branch_operator']) retrieved from /home/steve/.local/lib/python3.8/site-packages/airflow/example_dags/example_branch_day_of_week_operator.py
[2022-11-08T20:33:27.045+0900] {logging_mixin.py:117} INFO - [2022-11-08T20:33:27.045+0900] {dag.py:2573} INFO - Sync 1 DAGs
[2022-11-08T20:33:27.054+0900] {logging_mixin.py:117} INFO - [2022-11-08T20:33:27.054+0900] {dag.py:3324} INFO - Setting next_dagrun for example_weekday_branch_operator to 2022-11-07T00:00:00+00:00, run_after=2022-11-08T00:00:00+00:00
[2022-11-08T20:33:27.070+0900] {processor.py:178} INFO - Processing /home/steve/.local/lib/python3.8/site-packages/airflow/example_dags/example_branch_day_of_week_operator.py took 0.123 seconds
[2022-11-08T20:34:03.111+0900] {processor.py:156} INFO - Started process (PID=11048) to work on /home/steve/.local/lib/python3.8/site-packages/airflow/example_dags/example_branch_day_of_week_operator.py
[2022-11-08T20:34:03.112+0900] {processor.py:758} INFO - Processing file /home/steve/.local/lib/python3.8/site-packages/airflow/example_dags/example_branch_day_of_week_operator.py for tasks to queue
[2022-11-08T20:34:03.112+0900] {logging_mixin.py:117} INFO - [2022-11-08T20:34:03.112+0900] {dagbag.py:525} INFO - Filling up the DagBag from /home/steve/.local/lib/python3.8/site-packages/airflow/example_dags/example_branch_day_of_week_operator.py
[2022-11-08T20:34:03.198+0900] {processor.py:768} INFO - DAG(s) dict_keys(['example_weekday_branch_operator']) retrieved from /home/steve/.local/lib/python3.8/site-packages/airflow/example_dags/example_branch_day_of_week_operator.py
[2022-11-08T20:34:03.212+0900] {logging_mixin.py:117} INFO - [2022-11-08T20:34:03.212+0900] {dag.py:2573} INFO - Sync 1 DAGs
[2022-11-08T20:34:03.224+0900] {logging_mixin.py:117} INFO - [2022-11-08T20:34:03.224+0900] {dag.py:3324} INFO - Setting next_dagrun for example_weekday_branch_operator to 2022-11-07T00:00:00+00:00, run_after=2022-11-08T00:00:00+00:00
[2022-11-08T20:34:03.240+0900] {processor.py:178} INFO - Processing /home/steve/.local/lib/python3.8/site-packages/airflow/example_dags/example_branch_day_of_week_operator.py took 0.131 seconds
[2022-11-08T20:34:40.538+0900] {processor.py:156} INFO - Started process (PID=11086) to work on /home/steve/.local/lib/python3.8/site-packages/airflow/example_dags/example_branch_day_of_week_operator.py
[2022-11-08T20:34:40.540+0900] {processor.py:758} INFO - Processing file /home/steve/.local/lib/python3.8/site-packages/airflow/example_dags/example_branch_day_of_week_operator.py for tasks to queue
[2022-11-08T20:34:40.540+0900] {logging_mixin.py:117} INFO - [2022-11-08T20:34:40.540+0900] {dagbag.py:525} INFO - Filling up the DagBag from /home/steve/.local/lib/python3.8/site-packages/airflow/example_dags/example_branch_day_of_week_operator.py
[2022-11-08T20:34:40.549+0900] {processor.py:768} INFO - DAG(s) dict_keys(['example_weekday_branch_operator']) retrieved from /home/steve/.local/lib/python3.8/site-packages/airflow/example_dags/example_branch_day_of_week_operator.py
[2022-11-08T20:34:40.565+0900] {logging_mixin.py:117} INFO - [2022-11-08T20:34:40.565+0900] {dag.py:2573} INFO - Sync 1 DAGs
[2022-11-08T20:34:40.577+0900] {logging_mixin.py:117} INFO - [2022-11-08T20:34:40.577+0900] {dag.py:3324} INFO - Setting next_dagrun for example_weekday_branch_operator to 2022-11-07T00:00:00+00:00, run_after=2022-11-08T00:00:00+00:00
[2022-11-08T20:34:40.594+0900] {processor.py:178} INFO - Processing /home/steve/.local/lib/python3.8/site-packages/airflow/example_dags/example_branch_day_of_week_operator.py took 0.058 seconds
[2022-11-08T20:35:13.894+0900] {processor.py:156} INFO - Started process (PID=11122) to work on /home/steve/.local/lib/python3.8/site-packages/airflow/example_dags/example_branch_day_of_week_operator.py
[2022-11-08T20:35:13.896+0900] {processor.py:758} INFO - Processing file /home/steve/.local/lib/python3.8/site-packages/airflow/example_dags/example_branch_day_of_week_operator.py for tasks to queue
[2022-11-08T20:35:13.896+0900] {logging_mixin.py:117} INFO - [2022-11-08T20:35:13.896+0900] {dagbag.py:525} INFO - Filling up the DagBag from /home/steve/.local/lib/python3.8/site-packages/airflow/example_dags/example_branch_day_of_week_operator.py
[2022-11-08T20:35:13.905+0900] {processor.py:768} INFO - DAG(s) dict_keys(['example_weekday_branch_operator']) retrieved from /home/steve/.local/lib/python3.8/site-packages/airflow/example_dags/example_branch_day_of_week_operator.py
[2022-11-08T20:35:13.920+0900] {logging_mixin.py:117} INFO - [2022-11-08T20:35:13.920+0900] {dag.py:2573} INFO - Sync 1 DAGs
[2022-11-08T20:35:13.930+0900] {logging_mixin.py:117} INFO - [2022-11-08T20:35:13.930+0900] {dag.py:3324} INFO - Setting next_dagrun for example_weekday_branch_operator to 2022-11-07T00:00:00+00:00, run_after=2022-11-08T00:00:00+00:00
[2022-11-08T20:35:13.946+0900] {processor.py:178} INFO - Processing /home/steve/.local/lib/python3.8/site-packages/airflow/example_dags/example_branch_day_of_week_operator.py took 0.054 seconds
[2022-11-08T20:35:51.922+0900] {processor.py:156} INFO - Started process (PID=11160) to work on /home/steve/.local/lib/python3.8/site-packages/airflow/example_dags/example_branch_day_of_week_operator.py
[2022-11-08T20:35:51.925+0900] {processor.py:758} INFO - Processing file /home/steve/.local/lib/python3.8/site-packages/airflow/example_dags/example_branch_day_of_week_operator.py for tasks to queue
[2022-11-08T20:35:51.925+0900] {logging_mixin.py:117} INFO - [2022-11-08T20:35:51.925+0900] {dagbag.py:525} INFO - Filling up the DagBag from /home/steve/.local/lib/python3.8/site-packages/airflow/example_dags/example_branch_day_of_week_operator.py
[2022-11-08T20:35:51.934+0900] {processor.py:768} INFO - DAG(s) dict_keys(['example_weekday_branch_operator']) retrieved from /home/steve/.local/lib/python3.8/site-packages/airflow/example_dags/example_branch_day_of_week_operator.py
[2022-11-08T20:35:51.949+0900] {logging_mixin.py:117} INFO - [2022-11-08T20:35:51.949+0900] {dag.py:2573} INFO - Sync 1 DAGs
[2022-11-08T20:35:51.959+0900] {logging_mixin.py:117} INFO - [2022-11-08T20:35:51.959+0900] {dag.py:3324} INFO - Setting next_dagrun for example_weekday_branch_operator to 2022-11-07T00:00:00+00:00, run_after=2022-11-08T00:00:00+00:00
[2022-11-08T20:35:51.975+0900] {processor.py:178} INFO - Processing /home/steve/.local/lib/python3.8/site-packages/airflow/example_dags/example_branch_day_of_week_operator.py took 0.054 seconds
[2022-11-08T20:36:26.008+0900] {processor.py:156} INFO - Started process (PID=11196) to work on /home/steve/.local/lib/python3.8/site-packages/airflow/example_dags/example_branch_day_of_week_operator.py
[2022-11-08T20:36:26.010+0900] {processor.py:758} INFO - Processing file /home/steve/.local/lib/python3.8/site-packages/airflow/example_dags/example_branch_day_of_week_operator.py for tasks to queue
[2022-11-08T20:36:26.011+0900] {logging_mixin.py:117} INFO - [2022-11-08T20:36:26.011+0900] {dagbag.py:525} INFO - Filling up the DagBag from /home/steve/.local/lib/python3.8/site-packages/airflow/example_dags/example_branch_day_of_week_operator.py
[2022-11-08T20:36:26.021+0900] {processor.py:768} INFO - DAG(s) dict_keys(['example_weekday_branch_operator']) retrieved from /home/steve/.local/lib/python3.8/site-packages/airflow/example_dags/example_branch_day_of_week_operator.py
[2022-11-08T20:36:26.038+0900] {logging_mixin.py:117} INFO - [2022-11-08T20:36:26.038+0900] {dag.py:2573} INFO - Sync 1 DAGs
[2022-11-08T20:36:26.050+0900] {logging_mixin.py:117} INFO - [2022-11-08T20:36:26.050+0900] {dag.py:3324} INFO - Setting next_dagrun for example_weekday_branch_operator to 2022-11-07T00:00:00+00:00, run_after=2022-11-08T00:00:00+00:00
[2022-11-08T20:36:26.069+0900] {processor.py:178} INFO - Processing /home/steve/.local/lib/python3.8/site-packages/airflow/example_dags/example_branch_day_of_week_operator.py took 0.062 seconds
[2022-11-08T20:37:00.447+0900] {processor.py:156} INFO - Started process (PID=11260) to work on /home/steve/.local/lib/python3.8/site-packages/airflow/example_dags/example_branch_day_of_week_operator.py
[2022-11-08T20:37:00.448+0900] {processor.py:758} INFO - Processing file /home/steve/.local/lib/python3.8/site-packages/airflow/example_dags/example_branch_day_of_week_operator.py for tasks to queue
[2022-11-08T20:37:00.448+0900] {logging_mixin.py:117} INFO - [2022-11-08T20:37:00.448+0900] {dagbag.py:525} INFO - Filling up the DagBag from /home/steve/.local/lib/python3.8/site-packages/airflow/example_dags/example_branch_day_of_week_operator.py
[2022-11-08T20:37:00.458+0900] {processor.py:768} INFO - DAG(s) dict_keys(['example_weekday_branch_operator']) retrieved from /home/steve/.local/lib/python3.8/site-packages/airflow/example_dags/example_branch_day_of_week_operator.py
[2022-11-08T20:37:00.473+0900] {logging_mixin.py:117} INFO - [2022-11-08T20:37:00.473+0900] {dag.py:2573} INFO - Sync 1 DAGs
[2022-11-08T20:37:00.484+0900] {logging_mixin.py:117} INFO - [2022-11-08T20:37:00.484+0900] {dag.py:3324} INFO - Setting next_dagrun for example_weekday_branch_operator to 2022-11-07T00:00:00+00:00, run_after=2022-11-08T00:00:00+00:00
[2022-11-08T20:37:00.500+0900] {processor.py:178} INFO - Processing /home/steve/.local/lib/python3.8/site-packages/airflow/example_dags/example_branch_day_of_week_operator.py took 0.054 seconds
[2022-11-08T20:37:35.328+0900] {processor.py:156} INFO - Started process (PID=11297) to work on /home/steve/.local/lib/python3.8/site-packages/airflow/example_dags/example_branch_day_of_week_operator.py
[2022-11-08T20:37:35.330+0900] {processor.py:758} INFO - Processing file /home/steve/.local/lib/python3.8/site-packages/airflow/example_dags/example_branch_day_of_week_operator.py for tasks to queue
[2022-11-08T20:37:35.331+0900] {logging_mixin.py:117} INFO - [2022-11-08T20:37:35.330+0900] {dagbag.py:525} INFO - Filling up the DagBag from /home/steve/.local/lib/python3.8/site-packages/airflow/example_dags/example_branch_day_of_week_operator.py
[2022-11-08T20:37:35.339+0900] {processor.py:768} INFO - DAG(s) dict_keys(['example_weekday_branch_operator']) retrieved from /home/steve/.local/lib/python3.8/site-packages/airflow/example_dags/example_branch_day_of_week_operator.py
[2022-11-08T20:37:35.353+0900] {logging_mixin.py:117} INFO - [2022-11-08T20:37:35.353+0900] {dag.py:2573} INFO - Sync 1 DAGs
[2022-11-08T20:37:35.364+0900] {logging_mixin.py:117} INFO - [2022-11-08T20:37:35.364+0900] {dag.py:3324} INFO - Setting next_dagrun for example_weekday_branch_operator to 2022-11-07T00:00:00+00:00, run_after=2022-11-08T00:00:00+00:00
[2022-11-08T20:37:35.380+0900] {processor.py:178} INFO - Processing /home/steve/.local/lib/python3.8/site-packages/airflow/example_dags/example_branch_day_of_week_operator.py took 0.053 seconds
[2022-11-08T20:38:07.698+0900] {processor.py:156} INFO - Started process (PID=11332) to work on /home/steve/.local/lib/python3.8/site-packages/airflow/example_dags/example_branch_day_of_week_operator.py
[2022-11-08T20:38:07.699+0900] {processor.py:758} INFO - Processing file /home/steve/.local/lib/python3.8/site-packages/airflow/example_dags/example_branch_day_of_week_operator.py for tasks to queue
[2022-11-08T20:38:07.699+0900] {logging_mixin.py:117} INFO - [2022-11-08T20:38:07.699+0900] {dagbag.py:525} INFO - Filling up the DagBag from /home/steve/.local/lib/python3.8/site-packages/airflow/example_dags/example_branch_day_of_week_operator.py
[2022-11-08T20:38:07.707+0900] {processor.py:768} INFO - DAG(s) dict_keys(['example_weekday_branch_operator']) retrieved from /home/steve/.local/lib/python3.8/site-packages/airflow/example_dags/example_branch_day_of_week_operator.py
[2022-11-08T20:38:07.722+0900] {logging_mixin.py:117} INFO - [2022-11-08T20:38:07.722+0900] {dag.py:2573} INFO - Sync 1 DAGs
[2022-11-08T20:38:07.734+0900] {logging_mixin.py:117} INFO - [2022-11-08T20:38:07.734+0900] {dag.py:3324} INFO - Setting next_dagrun for example_weekday_branch_operator to 2022-11-07T00:00:00+00:00, run_after=2022-11-08T00:00:00+00:00
[2022-11-08T20:38:07.749+0900] {processor.py:178} INFO - Processing /home/steve/.local/lib/python3.8/site-packages/airflow/example_dags/example_branch_day_of_week_operator.py took 0.052 seconds
[2022-11-08T20:38:45.015+0900] {processor.py:156} INFO - Started process (PID=11371) to work on /home/steve/.local/lib/python3.8/site-packages/airflow/example_dags/example_branch_day_of_week_operator.py
[2022-11-08T20:38:45.017+0900] {processor.py:758} INFO - Processing file /home/steve/.local/lib/python3.8/site-packages/airflow/example_dags/example_branch_day_of_week_operator.py for tasks to queue
[2022-11-08T20:38:45.018+0900] {logging_mixin.py:117} INFO - [2022-11-08T20:38:45.017+0900] {dagbag.py:525} INFO - Filling up the DagBag from /home/steve/.local/lib/python3.8/site-packages/airflow/example_dags/example_branch_day_of_week_operator.py
[2022-11-08T20:38:45.027+0900] {processor.py:768} INFO - DAG(s) dict_keys(['example_weekday_branch_operator']) retrieved from /home/steve/.local/lib/python3.8/site-packages/airflow/example_dags/example_branch_day_of_week_operator.py
[2022-11-08T20:38:45.044+0900] {logging_mixin.py:117} INFO - [2022-11-08T20:38:45.044+0900] {dag.py:2573} INFO - Sync 1 DAGs
[2022-11-08T20:38:45.056+0900] {logging_mixin.py:117} INFO - [2022-11-08T20:38:45.056+0900] {dag.py:3324} INFO - Setting next_dagrun for example_weekday_branch_operator to 2022-11-07T00:00:00+00:00, run_after=2022-11-08T00:00:00+00:00
[2022-11-08T20:38:45.071+0900] {processor.py:178} INFO - Processing /home/steve/.local/lib/python3.8/site-packages/airflow/example_dags/example_branch_day_of_week_operator.py took 0.058 seconds
[2022-11-08T20:39:18.649+0900] {processor.py:156} INFO - Started process (PID=11407) to work on /home/steve/.local/lib/python3.8/site-packages/airflow/example_dags/example_branch_day_of_week_operator.py
[2022-11-08T20:39:18.649+0900] {processor.py:758} INFO - Processing file /home/steve/.local/lib/python3.8/site-packages/airflow/example_dags/example_branch_day_of_week_operator.py for tasks to queue
[2022-11-08T20:39:18.649+0900] {logging_mixin.py:117} INFO - [2022-11-08T20:39:18.649+0900] {dagbag.py:525} INFO - Filling up the DagBag from /home/steve/.local/lib/python3.8/site-packages/airflow/example_dags/example_branch_day_of_week_operator.py
[2022-11-08T20:39:18.660+0900] {processor.py:768} INFO - DAG(s) dict_keys(['example_weekday_branch_operator']) retrieved from /home/steve/.local/lib/python3.8/site-packages/airflow/example_dags/example_branch_day_of_week_operator.py
[2022-11-08T20:39:18.677+0900] {logging_mixin.py:117} INFO - [2022-11-08T20:39:18.677+0900] {dag.py:2573} INFO - Sync 1 DAGs
[2022-11-08T20:39:18.687+0900] {logging_mixin.py:117} INFO - [2022-11-08T20:39:18.687+0900] {dag.py:3324} INFO - Setting next_dagrun for example_weekday_branch_operator to 2022-11-07T00:00:00+00:00, run_after=2022-11-08T00:00:00+00:00
[2022-11-08T20:39:18.705+0900] {processor.py:178} INFO - Processing /home/steve/.local/lib/python3.8/site-packages/airflow/example_dags/example_branch_day_of_week_operator.py took 0.058 seconds
[2022-11-08T20:39:58.000+0900] {processor.py:156} INFO - Started process (PID=11445) to work on /home/steve/.local/lib/python3.8/site-packages/airflow/example_dags/example_branch_day_of_week_operator.py
[2022-11-08T20:39:58.000+0900] {processor.py:758} INFO - Processing file /home/steve/.local/lib/python3.8/site-packages/airflow/example_dags/example_branch_day_of_week_operator.py for tasks to queue
[2022-11-08T20:39:58.001+0900] {logging_mixin.py:117} INFO - [2022-11-08T20:39:58.001+0900] {dagbag.py:525} INFO - Filling up the DagBag from /home/steve/.local/lib/python3.8/site-packages/airflow/example_dags/example_branch_day_of_week_operator.py
[2022-11-08T20:39:58.012+0900] {processor.py:768} INFO - DAG(s) dict_keys(['example_weekday_branch_operator']) retrieved from /home/steve/.local/lib/python3.8/site-packages/airflow/example_dags/example_branch_day_of_week_operator.py
[2022-11-08T20:39:58.030+0900] {logging_mixin.py:117} INFO - [2022-11-08T20:39:58.029+0900] {dag.py:2573} INFO - Sync 1 DAGs
[2022-11-08T20:39:58.042+0900] {logging_mixin.py:117} INFO - [2022-11-08T20:39:58.041+0900] {dag.py:3324} INFO - Setting next_dagrun for example_weekday_branch_operator to 2022-11-07T00:00:00+00:00, run_after=2022-11-08T00:00:00+00:00
[2022-11-08T20:39:58.059+0900] {processor.py:178} INFO - Processing /home/steve/.local/lib/python3.8/site-packages/airflow/example_dags/example_branch_day_of_week_operator.py took 0.061 seconds
[2022-11-08T20:40:33.133+0900] {processor.py:156} INFO - Started process (PID=11482) to work on /home/steve/.local/lib/python3.8/site-packages/airflow/example_dags/example_branch_day_of_week_operator.py
[2022-11-08T20:40:33.135+0900] {processor.py:758} INFO - Processing file /home/steve/.local/lib/python3.8/site-packages/airflow/example_dags/example_branch_day_of_week_operator.py for tasks to queue
[2022-11-08T20:40:33.135+0900] {logging_mixin.py:117} INFO - [2022-11-08T20:40:33.135+0900] {dagbag.py:525} INFO - Filling up the DagBag from /home/steve/.local/lib/python3.8/site-packages/airflow/example_dags/example_branch_day_of_week_operator.py
[2022-11-08T20:40:33.143+0900] {processor.py:768} INFO - DAG(s) dict_keys(['example_weekday_branch_operator']) retrieved from /home/steve/.local/lib/python3.8/site-packages/airflow/example_dags/example_branch_day_of_week_operator.py
[2022-11-08T20:40:33.158+0900] {logging_mixin.py:117} INFO - [2022-11-08T20:40:33.157+0900] {dag.py:2573} INFO - Sync 1 DAGs
[2022-11-08T20:40:33.168+0900] {logging_mixin.py:117} INFO - [2022-11-08T20:40:33.168+0900] {dag.py:3324} INFO - Setting next_dagrun for example_weekday_branch_operator to 2022-11-07T00:00:00+00:00, run_after=2022-11-08T00:00:00+00:00
[2022-11-08T20:40:33.184+0900] {processor.py:178} INFO - Processing /home/steve/.local/lib/python3.8/site-packages/airflow/example_dags/example_branch_day_of_week_operator.py took 0.052 seconds
[2022-11-08T20:41:05.877+0900] {processor.py:156} INFO - Started process (PID=11516) to work on /home/steve/.local/lib/python3.8/site-packages/airflow/example_dags/example_branch_day_of_week_operator.py
[2022-11-08T20:41:05.879+0900] {processor.py:758} INFO - Processing file /home/steve/.local/lib/python3.8/site-packages/airflow/example_dags/example_branch_day_of_week_operator.py for tasks to queue
[2022-11-08T20:41:05.880+0900] {logging_mixin.py:117} INFO - [2022-11-08T20:41:05.879+0900] {dagbag.py:525} INFO - Filling up the DagBag from /home/steve/.local/lib/python3.8/site-packages/airflow/example_dags/example_branch_day_of_week_operator.py
[2022-11-08T20:41:05.890+0900] {processor.py:768} INFO - DAG(s) dict_keys(['example_weekday_branch_operator']) retrieved from /home/steve/.local/lib/python3.8/site-packages/airflow/example_dags/example_branch_day_of_week_operator.py
[2022-11-08T20:41:05.907+0900] {logging_mixin.py:117} INFO - [2022-11-08T20:41:05.907+0900] {dag.py:2573} INFO - Sync 1 DAGs
[2022-11-08T20:41:05.919+0900] {logging_mixin.py:117} INFO - [2022-11-08T20:41:05.919+0900] {dag.py:3324} INFO - Setting next_dagrun for example_weekday_branch_operator to 2022-11-07T00:00:00+00:00, run_after=2022-11-08T00:00:00+00:00
[2022-11-08T20:41:05.940+0900] {processor.py:178} INFO - Processing /home/steve/.local/lib/python3.8/site-packages/airflow/example_dags/example_branch_day_of_week_operator.py took 0.064 seconds
[2022-11-08T20:41:40.598+0900] {processor.py:156} INFO - Started process (PID=11551) to work on /home/steve/.local/lib/python3.8/site-packages/airflow/example_dags/example_branch_day_of_week_operator.py
[2022-11-08T20:41:40.600+0900] {processor.py:758} INFO - Processing file /home/steve/.local/lib/python3.8/site-packages/airflow/example_dags/example_branch_day_of_week_operator.py for tasks to queue
[2022-11-08T20:41:40.601+0900] {logging_mixin.py:117} INFO - [2022-11-08T20:41:40.600+0900] {dagbag.py:525} INFO - Filling up the DagBag from /home/steve/.local/lib/python3.8/site-packages/airflow/example_dags/example_branch_day_of_week_operator.py
[2022-11-08T20:41:40.609+0900] {processor.py:768} INFO - DAG(s) dict_keys(['example_weekday_branch_operator']) retrieved from /home/steve/.local/lib/python3.8/site-packages/airflow/example_dags/example_branch_day_of_week_operator.py
[2022-11-08T20:41:40.624+0900] {logging_mixin.py:117} INFO - [2022-11-08T20:41:40.624+0900] {dag.py:2573} INFO - Sync 1 DAGs
[2022-11-08T20:41:40.635+0900] {logging_mixin.py:117} INFO - [2022-11-08T20:41:40.635+0900] {dag.py:3324} INFO - Setting next_dagrun for example_weekday_branch_operator to 2022-11-07T00:00:00+00:00, run_after=2022-11-08T00:00:00+00:00
[2022-11-08T20:41:40.654+0900] {processor.py:178} INFO - Processing /home/steve/.local/lib/python3.8/site-packages/airflow/example_dags/example_branch_day_of_week_operator.py took 0.058 seconds
[2022-11-08T20:42:16.833+0900] {processor.py:156} INFO - Started process (PID=11618) to work on /home/steve/.local/lib/python3.8/site-packages/airflow/example_dags/example_branch_day_of_week_operator.py
[2022-11-08T20:42:16.835+0900] {processor.py:758} INFO - Processing file /home/steve/.local/lib/python3.8/site-packages/airflow/example_dags/example_branch_day_of_week_operator.py for tasks to queue
[2022-11-08T20:42:16.835+0900] {logging_mixin.py:117} INFO - [2022-11-08T20:42:16.835+0900] {dagbag.py:525} INFO - Filling up the DagBag from /home/steve/.local/lib/python3.8/site-packages/airflow/example_dags/example_branch_day_of_week_operator.py
[2022-11-08T20:42:16.844+0900] {processor.py:768} INFO - DAG(s) dict_keys(['example_weekday_branch_operator']) retrieved from /home/steve/.local/lib/python3.8/site-packages/airflow/example_dags/example_branch_day_of_week_operator.py
[2022-11-08T20:42:16.860+0900] {logging_mixin.py:117} INFO - [2022-11-08T20:42:16.860+0900] {dag.py:2573} INFO - Sync 1 DAGs
[2022-11-08T20:42:16.870+0900] {logging_mixin.py:117} INFO - [2022-11-08T20:42:16.870+0900] {dag.py:3324} INFO - Setting next_dagrun for example_weekday_branch_operator to 2022-11-07T00:00:00+00:00, run_after=2022-11-08T00:00:00+00:00
[2022-11-08T20:42:16.885+0900] {processor.py:178} INFO - Processing /home/steve/.local/lib/python3.8/site-packages/airflow/example_dags/example_branch_day_of_week_operator.py took 0.053 seconds
[2022-11-08T20:42:50.089+0900] {processor.py:156} INFO - Started process (PID=11654) to work on /home/steve/.local/lib/python3.8/site-packages/airflow/example_dags/example_branch_day_of_week_operator.py
[2022-11-08T20:42:50.091+0900] {processor.py:758} INFO - Processing file /home/steve/.local/lib/python3.8/site-packages/airflow/example_dags/example_branch_day_of_week_operator.py for tasks to queue
[2022-11-08T20:42:50.092+0900] {logging_mixin.py:117} INFO - [2022-11-08T20:42:50.091+0900] {dagbag.py:525} INFO - Filling up the DagBag from /home/steve/.local/lib/python3.8/site-packages/airflow/example_dags/example_branch_day_of_week_operator.py
[2022-11-08T20:42:50.101+0900] {processor.py:768} INFO - DAG(s) dict_keys(['example_weekday_branch_operator']) retrieved from /home/steve/.local/lib/python3.8/site-packages/airflow/example_dags/example_branch_day_of_week_operator.py
[2022-11-08T20:42:50.118+0900] {logging_mixin.py:117} INFO - [2022-11-08T20:42:50.118+0900] {dag.py:2573} INFO - Sync 1 DAGs
[2022-11-08T20:42:50.129+0900] {logging_mixin.py:117} INFO - [2022-11-08T20:42:50.129+0900] {dag.py:3324} INFO - Setting next_dagrun for example_weekday_branch_operator to 2022-11-07T00:00:00+00:00, run_after=2022-11-08T00:00:00+00:00
[2022-11-08T20:42:50.145+0900] {processor.py:178} INFO - Processing /home/steve/.local/lib/python3.8/site-packages/airflow/example_dags/example_branch_day_of_week_operator.py took 0.058 seconds
[2022-11-08T20:43:27.830+0900] {processor.py:156} INFO - Started process (PID=11692) to work on /home/steve/.local/lib/python3.8/site-packages/airflow/example_dags/example_branch_day_of_week_operator.py
[2022-11-08T20:43:27.833+0900] {processor.py:758} INFO - Processing file /home/steve/.local/lib/python3.8/site-packages/airflow/example_dags/example_branch_day_of_week_operator.py for tasks to queue
[2022-11-08T20:43:27.833+0900] {logging_mixin.py:117} INFO - [2022-11-08T20:43:27.833+0900] {dagbag.py:525} INFO - Filling up the DagBag from /home/steve/.local/lib/python3.8/site-packages/airflow/example_dags/example_branch_day_of_week_operator.py
[2022-11-08T20:43:27.842+0900] {processor.py:768} INFO - DAG(s) dict_keys(['example_weekday_branch_operator']) retrieved from /home/steve/.local/lib/python3.8/site-packages/airflow/example_dags/example_branch_day_of_week_operator.py
[2022-11-08T20:43:27.859+0900] {logging_mixin.py:117} INFO - [2022-11-08T20:43:27.859+0900] {dag.py:2573} INFO - Sync 1 DAGs
[2022-11-08T20:43:27.871+0900] {logging_mixin.py:117} INFO - [2022-11-08T20:43:27.871+0900] {dag.py:3324} INFO - Setting next_dagrun for example_weekday_branch_operator to 2022-11-07T00:00:00+00:00, run_after=2022-11-08T00:00:00+00:00
[2022-11-08T20:43:27.887+0900] {processor.py:178} INFO - Processing /home/steve/.local/lib/python3.8/site-packages/airflow/example_dags/example_branch_day_of_week_operator.py took 0.059 seconds
[2022-11-08T20:44:00.954+0900] {processor.py:156} INFO - Started process (PID=11728) to work on /home/steve/.local/lib/python3.8/site-packages/airflow/example_dags/example_branch_day_of_week_operator.py
[2022-11-08T20:44:00.955+0900] {processor.py:758} INFO - Processing file /home/steve/.local/lib/python3.8/site-packages/airflow/example_dags/example_branch_day_of_week_operator.py for tasks to queue
[2022-11-08T20:44:00.955+0900] {logging_mixin.py:117} INFO - [2022-11-08T20:44:00.955+0900] {dagbag.py:525} INFO - Filling up the DagBag from /home/steve/.local/lib/python3.8/site-packages/airflow/example_dags/example_branch_day_of_week_operator.py
[2022-11-08T20:44:00.964+0900] {processor.py:768} INFO - DAG(s) dict_keys(['example_weekday_branch_operator']) retrieved from /home/steve/.local/lib/python3.8/site-packages/airflow/example_dags/example_branch_day_of_week_operator.py
[2022-11-08T20:44:00.980+0900] {logging_mixin.py:117} INFO - [2022-11-08T20:44:00.980+0900] {dag.py:2573} INFO - Sync 1 DAGs
[2022-11-08T20:44:00.991+0900] {logging_mixin.py:117} INFO - [2022-11-08T20:44:00.991+0900] {dag.py:3324} INFO - Setting next_dagrun for example_weekday_branch_operator to 2022-11-07T00:00:00+00:00, run_after=2022-11-08T00:00:00+00:00
[2022-11-08T20:44:01.008+0900] {processor.py:178} INFO - Processing /home/steve/.local/lib/python3.8/site-packages/airflow/example_dags/example_branch_day_of_week_operator.py took 0.056 seconds
[2022-11-08T20:44:35.189+0900] {processor.py:156} INFO - Started process (PID=11763) to work on /home/steve/.local/lib/python3.8/site-packages/airflow/example_dags/example_branch_day_of_week_operator.py
[2022-11-08T20:44:35.190+0900] {processor.py:758} INFO - Processing file /home/steve/.local/lib/python3.8/site-packages/airflow/example_dags/example_branch_day_of_week_operator.py for tasks to queue
[2022-11-08T20:44:35.190+0900] {logging_mixin.py:117} INFO - [2022-11-08T20:44:35.190+0900] {dagbag.py:525} INFO - Filling up the DagBag from /home/steve/.local/lib/python3.8/site-packages/airflow/example_dags/example_branch_day_of_week_operator.py
[2022-11-08T20:44:35.199+0900] {processor.py:768} INFO - DAG(s) dict_keys(['example_weekday_branch_operator']) retrieved from /home/steve/.local/lib/python3.8/site-packages/airflow/example_dags/example_branch_day_of_week_operator.py
[2022-11-08T20:44:35.215+0900] {logging_mixin.py:117} INFO - [2022-11-08T20:44:35.215+0900] {dag.py:2573} INFO - Sync 1 DAGs
[2022-11-08T20:44:35.227+0900] {logging_mixin.py:117} INFO - [2022-11-08T20:44:35.227+0900] {dag.py:3324} INFO - Setting next_dagrun for example_weekday_branch_operator to 2022-11-07T00:00:00+00:00, run_after=2022-11-08T00:00:00+00:00
[2022-11-08T20:44:35.246+0900] {processor.py:178} INFO - Processing /home/steve/.local/lib/python3.8/site-packages/airflow/example_dags/example_branch_day_of_week_operator.py took 0.059 seconds
[2022-11-08T20:45:12.477+0900] {processor.py:156} INFO - Started process (PID=11801) to work on /home/steve/.local/lib/python3.8/site-packages/airflow/example_dags/example_branch_day_of_week_operator.py
[2022-11-08T20:45:12.478+0900] {processor.py:758} INFO - Processing file /home/steve/.local/lib/python3.8/site-packages/airflow/example_dags/example_branch_day_of_week_operator.py for tasks to queue
[2022-11-08T20:45:12.478+0900] {logging_mixin.py:117} INFO - [2022-11-08T20:45:12.478+0900] {dagbag.py:525} INFO - Filling up the DagBag from /home/steve/.local/lib/python3.8/site-packages/airflow/example_dags/example_branch_day_of_week_operator.py
[2022-11-08T20:45:12.486+0900] {processor.py:768} INFO - DAG(s) dict_keys(['example_weekday_branch_operator']) retrieved from /home/steve/.local/lib/python3.8/site-packages/airflow/example_dags/example_branch_day_of_week_operator.py
[2022-11-08T20:45:12.502+0900] {logging_mixin.py:117} INFO - [2022-11-08T20:45:12.502+0900] {dag.py:2573} INFO - Sync 1 DAGs
[2022-11-08T20:45:12.513+0900] {logging_mixin.py:117} INFO - [2022-11-08T20:45:12.513+0900] {dag.py:3324} INFO - Setting next_dagrun for example_weekday_branch_operator to 2022-11-07T00:00:00+00:00, run_after=2022-11-08T00:00:00+00:00
[2022-11-08T20:45:12.528+0900] {processor.py:178} INFO - Processing /home/steve/.local/lib/python3.8/site-packages/airflow/example_dags/example_branch_day_of_week_operator.py took 0.053 seconds
[2022-11-08T20:45:46.305+0900] {processor.py:156} INFO - Started process (PID=11837) to work on /home/steve/.local/lib/python3.8/site-packages/airflow/example_dags/example_branch_day_of_week_operator.py
[2022-11-08T20:45:46.306+0900] {processor.py:758} INFO - Processing file /home/steve/.local/lib/python3.8/site-packages/airflow/example_dags/example_branch_day_of_week_operator.py for tasks to queue
[2022-11-08T20:45:46.306+0900] {logging_mixin.py:117} INFO - [2022-11-08T20:45:46.306+0900] {dagbag.py:525} INFO - Filling up the DagBag from /home/steve/.local/lib/python3.8/site-packages/airflow/example_dags/example_branch_day_of_week_operator.py
[2022-11-08T20:45:46.314+0900] {processor.py:768} INFO - DAG(s) dict_keys(['example_weekday_branch_operator']) retrieved from /home/steve/.local/lib/python3.8/site-packages/airflow/example_dags/example_branch_day_of_week_operator.py
[2022-11-08T20:45:46.329+0900] {logging_mixin.py:117} INFO - [2022-11-08T20:45:46.328+0900] {dag.py:2573} INFO - Sync 1 DAGs
[2022-11-08T20:45:46.339+0900] {logging_mixin.py:117} INFO - [2022-11-08T20:45:46.339+0900] {dag.py:3324} INFO - Setting next_dagrun for example_weekday_branch_operator to 2022-11-07T00:00:00+00:00, run_after=2022-11-08T00:00:00+00:00
[2022-11-08T20:45:46.355+0900] {processor.py:178} INFO - Processing /home/steve/.local/lib/python3.8/site-packages/airflow/example_dags/example_branch_day_of_week_operator.py took 0.052 seconds
[2022-11-08T20:46:26.138+0900] {processor.py:156} INFO - Started process (PID=11876) to work on /home/steve/.local/lib/python3.8/site-packages/airflow/example_dags/example_branch_day_of_week_operator.py
[2022-11-08T20:46:26.140+0900] {processor.py:758} INFO - Processing file /home/steve/.local/lib/python3.8/site-packages/airflow/example_dags/example_branch_day_of_week_operator.py for tasks to queue
[2022-11-08T20:46:26.140+0900] {logging_mixin.py:117} INFO - [2022-11-08T20:46:26.140+0900] {dagbag.py:525} INFO - Filling up the DagBag from /home/steve/.local/lib/python3.8/site-packages/airflow/example_dags/example_branch_day_of_week_operator.py
[2022-11-08T20:46:26.148+0900] {processor.py:768} INFO - DAG(s) dict_keys(['example_weekday_branch_operator']) retrieved from /home/steve/.local/lib/python3.8/site-packages/airflow/example_dags/example_branch_day_of_week_operator.py
[2022-11-08T20:46:26.164+0900] {logging_mixin.py:117} INFO - [2022-11-08T20:46:26.164+0900] {dag.py:2573} INFO - Sync 1 DAGs
[2022-11-08T20:46:26.175+0900] {logging_mixin.py:117} INFO - [2022-11-08T20:46:26.175+0900] {dag.py:3324} INFO - Setting next_dagrun for example_weekday_branch_operator to 2022-11-07T00:00:00+00:00, run_after=2022-11-08T00:00:00+00:00
[2022-11-08T20:46:26.190+0900] {processor.py:178} INFO - Processing /home/steve/.local/lib/python3.8/site-packages/airflow/example_dags/example_branch_day_of_week_operator.py took 0.054 seconds
[2022-11-08T20:47:00.843+0900] {processor.py:156} INFO - Started process (PID=12013) to work on /home/steve/.local/lib/python3.8/site-packages/airflow/example_dags/example_branch_day_of_week_operator.py
[2022-11-08T20:47:00.844+0900] {processor.py:758} INFO - Processing file /home/steve/.local/lib/python3.8/site-packages/airflow/example_dags/example_branch_day_of_week_operator.py for tasks to queue
[2022-11-08T20:47:00.844+0900] {logging_mixin.py:117} INFO - [2022-11-08T20:47:00.844+0900] {dagbag.py:525} INFO - Filling up the DagBag from /home/steve/.local/lib/python3.8/site-packages/airflow/example_dags/example_branch_day_of_week_operator.py
[2022-11-08T20:47:00.853+0900] {processor.py:768} INFO - DAG(s) dict_keys(['example_weekday_branch_operator']) retrieved from /home/steve/.local/lib/python3.8/site-packages/airflow/example_dags/example_branch_day_of_week_operator.py
[2022-11-08T20:47:00.869+0900] {logging_mixin.py:117} INFO - [2022-11-08T20:47:00.868+0900] {dag.py:2573} INFO - Sync 1 DAGs
[2022-11-08T20:47:00.879+0900] {logging_mixin.py:117} INFO - [2022-11-08T20:47:00.879+0900] {dag.py:3324} INFO - Setting next_dagrun for example_weekday_branch_operator to 2022-11-07T00:00:00+00:00, run_after=2022-11-08T00:00:00+00:00
[2022-11-08T20:47:00.895+0900] {processor.py:178} INFO - Processing /home/steve/.local/lib/python3.8/site-packages/airflow/example_dags/example_branch_day_of_week_operator.py took 0.054 seconds
[2022-11-08T20:47:33.370+0900] {processor.py:156} INFO - Started process (PID=12130) to work on /home/steve/.local/lib/python3.8/site-packages/airflow/example_dags/example_branch_day_of_week_operator.py
[2022-11-08T20:47:33.371+0900] {processor.py:758} INFO - Processing file /home/steve/.local/lib/python3.8/site-packages/airflow/example_dags/example_branch_day_of_week_operator.py for tasks to queue
[2022-11-08T20:47:33.371+0900] {logging_mixin.py:117} INFO - [2022-11-08T20:47:33.371+0900] {dagbag.py:525} INFO - Filling up the DagBag from /home/steve/.local/lib/python3.8/site-packages/airflow/example_dags/example_branch_day_of_week_operator.py
[2022-11-08T20:47:33.381+0900] {processor.py:768} INFO - DAG(s) dict_keys(['example_weekday_branch_operator']) retrieved from /home/steve/.local/lib/python3.8/site-packages/airflow/example_dags/example_branch_day_of_week_operator.py
[2022-11-08T20:47:33.399+0900] {logging_mixin.py:117} INFO - [2022-11-08T20:47:33.398+0900] {dag.py:2573} INFO - Sync 1 DAGs
[2022-11-08T20:47:33.410+0900] {logging_mixin.py:117} INFO - [2022-11-08T20:47:33.410+0900] {dag.py:3324} INFO - Setting next_dagrun for example_weekday_branch_operator to 2022-11-07T00:00:00+00:00, run_after=2022-11-08T00:00:00+00:00
[2022-11-08T20:47:33.427+0900] {processor.py:178} INFO - Processing /home/steve/.local/lib/python3.8/site-packages/airflow/example_dags/example_branch_day_of_week_operator.py took 0.059 seconds
[2022-11-08T20:48:07.927+0900] {processor.py:156} INFO - Started process (PID=12268) to work on /home/steve/.local/lib/python3.8/site-packages/airflow/example_dags/example_branch_day_of_week_operator.py
[2022-11-08T20:48:07.928+0900] {processor.py:758} INFO - Processing file /home/steve/.local/lib/python3.8/site-packages/airflow/example_dags/example_branch_day_of_week_operator.py for tasks to queue
[2022-11-08T20:48:07.929+0900] {logging_mixin.py:117} INFO - [2022-11-08T20:48:07.929+0900] {dagbag.py:525} INFO - Filling up the DagBag from /home/steve/.local/lib/python3.8/site-packages/airflow/example_dags/example_branch_day_of_week_operator.py
[2022-11-08T20:48:07.939+0900] {processor.py:768} INFO - DAG(s) dict_keys(['example_weekday_branch_operator']) retrieved from /home/steve/.local/lib/python3.8/site-packages/airflow/example_dags/example_branch_day_of_week_operator.py
[2022-11-08T20:48:07.957+0900] {logging_mixin.py:117} INFO - [2022-11-08T20:48:07.957+0900] {dag.py:2573} INFO - Sync 1 DAGs
[2022-11-08T20:48:07.970+0900] {logging_mixin.py:117} INFO - [2022-11-08T20:48:07.970+0900] {dag.py:3324} INFO - Setting next_dagrun for example_weekday_branch_operator to 2022-11-07T00:00:00+00:00, run_after=2022-11-08T00:00:00+00:00
[2022-11-08T20:48:07.988+0900] {processor.py:178} INFO - Processing /home/steve/.local/lib/python3.8/site-packages/airflow/example_dags/example_branch_day_of_week_operator.py took 0.063 seconds
[2022-11-08T20:48:44.108+0900] {processor.py:156} INFO - Started process (PID=12304) to work on /home/steve/.local/lib/python3.8/site-packages/airflow/example_dags/example_branch_day_of_week_operator.py
[2022-11-08T20:48:44.109+0900] {processor.py:758} INFO - Processing file /home/steve/.local/lib/python3.8/site-packages/airflow/example_dags/example_branch_day_of_week_operator.py for tasks to queue
[2022-11-08T20:48:44.109+0900] {logging_mixin.py:117} INFO - [2022-11-08T20:48:44.109+0900] {dagbag.py:525} INFO - Filling up the DagBag from /home/steve/.local/lib/python3.8/site-packages/airflow/example_dags/example_branch_day_of_week_operator.py
[2022-11-08T20:48:44.117+0900] {processor.py:768} INFO - DAG(s) dict_keys(['example_weekday_branch_operator']) retrieved from /home/steve/.local/lib/python3.8/site-packages/airflow/example_dags/example_branch_day_of_week_operator.py
[2022-11-08T20:48:44.132+0900] {logging_mixin.py:117} INFO - [2022-11-08T20:48:44.131+0900] {dag.py:2573} INFO - Sync 1 DAGs
[2022-11-08T20:48:44.142+0900] {logging_mixin.py:117} INFO - [2022-11-08T20:48:44.142+0900] {dag.py:3324} INFO - Setting next_dagrun for example_weekday_branch_operator to 2022-11-07T00:00:00+00:00, run_after=2022-11-08T00:00:00+00:00
[2022-11-08T20:48:44.160+0900] {processor.py:178} INFO - Processing /home/steve/.local/lib/python3.8/site-packages/airflow/example_dags/example_branch_day_of_week_operator.py took 0.053 seconds
[2022-11-08T20:49:17.197+0900] {processor.py:156} INFO - Started process (PID=12340) to work on /home/steve/.local/lib/python3.8/site-packages/airflow/example_dags/example_branch_day_of_week_operator.py
[2022-11-08T20:49:17.199+0900] {processor.py:758} INFO - Processing file /home/steve/.local/lib/python3.8/site-packages/airflow/example_dags/example_branch_day_of_week_operator.py for tasks to queue
[2022-11-08T20:49:17.200+0900] {logging_mixin.py:117} INFO - [2022-11-08T20:49:17.200+0900] {dagbag.py:525} INFO - Filling up the DagBag from /home/steve/.local/lib/python3.8/site-packages/airflow/example_dags/example_branch_day_of_week_operator.py
[2022-11-08T20:49:17.209+0900] {processor.py:768} INFO - DAG(s) dict_keys(['example_weekday_branch_operator']) retrieved from /home/steve/.local/lib/python3.8/site-packages/airflow/example_dags/example_branch_day_of_week_operator.py
[2022-11-08T20:49:17.223+0900] {logging_mixin.py:117} INFO - [2022-11-08T20:49:17.223+0900] {dag.py:2573} INFO - Sync 1 DAGs
[2022-11-08T20:49:17.235+0900] {logging_mixin.py:117} INFO - [2022-11-08T20:49:17.235+0900] {dag.py:3324} INFO - Setting next_dagrun for example_weekday_branch_operator to 2022-11-07T00:00:00+00:00, run_after=2022-11-08T00:00:00+00:00
[2022-11-08T20:49:17.253+0900] {processor.py:178} INFO - Processing /home/steve/.local/lib/python3.8/site-packages/airflow/example_dags/example_branch_day_of_week_operator.py took 0.057 seconds
[2022-11-08T20:49:53.801+0900] {processor.py:156} INFO - Started process (PID=12379) to work on /home/steve/.local/lib/python3.8/site-packages/airflow/example_dags/example_branch_day_of_week_operator.py
[2022-11-08T20:49:53.802+0900] {processor.py:758} INFO - Processing file /home/steve/.local/lib/python3.8/site-packages/airflow/example_dags/example_branch_day_of_week_operator.py for tasks to queue
[2022-11-08T20:49:53.802+0900] {logging_mixin.py:117} INFO - [2022-11-08T20:49:53.802+0900] {dagbag.py:525} INFO - Filling up the DagBag from /home/steve/.local/lib/python3.8/site-packages/airflow/example_dags/example_branch_day_of_week_operator.py
[2022-11-08T20:49:53.813+0900] {processor.py:768} INFO - DAG(s) dict_keys(['example_weekday_branch_operator']) retrieved from /home/steve/.local/lib/python3.8/site-packages/airflow/example_dags/example_branch_day_of_week_operator.py
[2022-11-08T20:49:53.831+0900] {logging_mixin.py:117} INFO - [2022-11-08T20:49:53.831+0900] {dag.py:2573} INFO - Sync 1 DAGs
[2022-11-08T20:49:53.842+0900] {logging_mixin.py:117} INFO - [2022-11-08T20:49:53.842+0900] {dag.py:3324} INFO - Setting next_dagrun for example_weekday_branch_operator to 2022-11-07T00:00:00+00:00, run_after=2022-11-08T00:00:00+00:00
[2022-11-08T20:49:53.860+0900] {processor.py:178} INFO - Processing /home/steve/.local/lib/python3.8/site-packages/airflow/example_dags/example_branch_day_of_week_operator.py took 0.061 seconds
[2022-11-08T20:50:32.060+0900] {processor.py:156} INFO - Started process (PID=12516) to work on /home/steve/.local/lib/python3.8/site-packages/airflow/example_dags/example_branch_day_of_week_operator.py
[2022-11-08T20:50:32.061+0900] {processor.py:758} INFO - Processing file /home/steve/.local/lib/python3.8/site-packages/airflow/example_dags/example_branch_day_of_week_operator.py for tasks to queue
[2022-11-08T20:50:32.061+0900] {logging_mixin.py:117} INFO - [2022-11-08T20:50:32.061+0900] {dagbag.py:525} INFO - Filling up the DagBag from /home/steve/.local/lib/python3.8/site-packages/airflow/example_dags/example_branch_day_of_week_operator.py
[2022-11-08T20:50:32.069+0900] {processor.py:768} INFO - DAG(s) dict_keys(['example_weekday_branch_operator']) retrieved from /home/steve/.local/lib/python3.8/site-packages/airflow/example_dags/example_branch_day_of_week_operator.py
[2022-11-08T20:50:32.084+0900] {logging_mixin.py:117} INFO - [2022-11-08T20:50:32.084+0900] {dag.py:2573} INFO - Sync 1 DAGs
[2022-11-08T20:50:32.094+0900] {logging_mixin.py:117} INFO - [2022-11-08T20:50:32.094+0900] {dag.py:3324} INFO - Setting next_dagrun for example_weekday_branch_operator to 2022-11-07T00:00:00+00:00, run_after=2022-11-08T00:00:00+00:00
[2022-11-08T20:50:32.112+0900] {processor.py:178} INFO - Processing /home/steve/.local/lib/python3.8/site-packages/airflow/example_dags/example_branch_day_of_week_operator.py took 0.054 seconds
[2022-11-08T20:51:06.402+0900] {processor.py:156} INFO - Started process (PID=12880) to work on /home/steve/.local/lib/python3.8/site-packages/airflow/example_dags/example_branch_day_of_week_operator.py
[2022-11-08T20:51:06.404+0900] {processor.py:758} INFO - Processing file /home/steve/.local/lib/python3.8/site-packages/airflow/example_dags/example_branch_day_of_week_operator.py for tasks to queue
[2022-11-08T20:51:06.405+0900] {logging_mixin.py:117} INFO - [2022-11-08T20:51:06.404+0900] {dagbag.py:525} INFO - Filling up the DagBag from /home/steve/.local/lib/python3.8/site-packages/airflow/example_dags/example_branch_day_of_week_operator.py
[2022-11-08T20:51:06.413+0900] {processor.py:768} INFO - DAG(s) dict_keys(['example_weekday_branch_operator']) retrieved from /home/steve/.local/lib/python3.8/site-packages/airflow/example_dags/example_branch_day_of_week_operator.py
[2022-11-08T20:51:06.430+0900] {logging_mixin.py:117} INFO - [2022-11-08T20:51:06.430+0900] {dag.py:2573} INFO - Sync 1 DAGs
[2022-11-08T20:51:06.441+0900] {logging_mixin.py:117} INFO - [2022-11-08T20:51:06.441+0900] {dag.py:3324} INFO - Setting next_dagrun for example_weekday_branch_operator to 2022-11-07T00:00:00+00:00, run_after=2022-11-08T00:00:00+00:00
[2022-11-08T20:51:06.456+0900] {processor.py:178} INFO - Processing /home/steve/.local/lib/python3.8/site-packages/airflow/example_dags/example_branch_day_of_week_operator.py took 0.056 seconds
