[2022-11-08T19:44:44.541+0900] {processor.py:156} INFO - Started process (PID=7276) to work on /home/steve/.local/lib/python3.8/site-packages/airflow/example_dags/example_task_group_decorator.py
[2022-11-08T19:44:44.541+0900] {processor.py:758} INFO - Processing file /home/steve/.local/lib/python3.8/site-packages/airflow/example_dags/example_task_group_decorator.py for tasks to queue
[2022-11-08T19:44:44.541+0900] {logging_mixin.py:117} INFO - [2022-11-08T19:44:44.541+0900] {dagbag.py:525} INFO - Filling up the DagBag from /home/steve/.local/lib/python3.8/site-packages/airflow/example_dags/example_task_group_decorator.py
[2022-11-08T19:44:44.560+0900] {processor.py:768} INFO - DAG(s) dict_keys(['example_task_group_decorator']) retrieved from /home/steve/.local/lib/python3.8/site-packages/airflow/example_dags/example_task_group_decorator.py
[2022-11-08T19:44:44.706+0900] {logging_mixin.py:117} INFO - [2022-11-08T19:44:44.706+0900] {manager.py:507} INFO - Created Permission View: can edit on DAG:example_task_group_decorator
[2022-11-08T19:44:44.716+0900] {logging_mixin.py:117} INFO - [2022-11-08T19:44:44.716+0900] {manager.py:507} INFO - Created Permission View: can delete on DAG:example_task_group_decorator
[2022-11-08T19:44:44.724+0900] {logging_mixin.py:117} INFO - [2022-11-08T19:44:44.724+0900] {manager.py:507} INFO - Created Permission View: can read on DAG:example_task_group_decorator
[2022-11-08T19:44:44.724+0900] {logging_mixin.py:117} INFO - [2022-11-08T19:44:44.724+0900] {dag.py:2573} INFO - Sync 1 DAGs
[2022-11-08T19:44:44.730+0900] {logging_mixin.py:117} INFO - [2022-11-08T19:44:44.729+0900] {dag.py:2594} INFO - Creating ORM DAG for example_task_group_decorator
[2022-11-08T19:44:44.734+0900] {logging_mixin.py:117} INFO - [2022-11-08T19:44:44.734+0900] {dag.py:3324} INFO - Setting next_dagrun for example_task_group_decorator to 2022-11-07T10:44:44.734056+00:00, run_after=2022-11-08T10:44:44.734056+00:00
[2022-11-08T19:44:44.749+0900] {processor.py:178} INFO - Processing /home/steve/.local/lib/python3.8/site-packages/airflow/example_dags/example_task_group_decorator.py took 0.210 seconds
[2022-11-08T19:45:22.332+0900] {processor.py:156} INFO - Started process (PID=7571) to work on /home/steve/.local/lib/python3.8/site-packages/airflow/example_dags/example_task_group_decorator.py
[2022-11-08T19:45:22.333+0900] {processor.py:758} INFO - Processing file /home/steve/.local/lib/python3.8/site-packages/airflow/example_dags/example_task_group_decorator.py for tasks to queue
[2022-11-08T19:45:22.333+0900] {logging_mixin.py:117} INFO - [2022-11-08T19:45:22.333+0900] {dagbag.py:525} INFO - Filling up the DagBag from /home/steve/.local/lib/python3.8/site-packages/airflow/example_dags/example_task_group_decorator.py
[2022-11-08T19:45:22.349+0900] {processor.py:768} INFO - DAG(s) dict_keys(['example_task_group_decorator']) retrieved from /home/steve/.local/lib/python3.8/site-packages/airflow/example_dags/example_task_group_decorator.py
[2022-11-08T19:45:22.364+0900] {logging_mixin.py:117} INFO - [2022-11-08T19:45:22.364+0900] {dag.py:2573} INFO - Sync 1 DAGs
[2022-11-08T19:45:22.373+0900] {logging_mixin.py:117} INFO - [2022-11-08T19:45:22.373+0900] {dag.py:3324} INFO - Setting next_dagrun for example_task_group_decorator to 2022-11-07T10:45:22.373786+00:00, run_after=2022-11-08T10:45:22.373786+00:00
[2022-11-08T19:45:22.390+0900] {processor.py:178} INFO - Processing /home/steve/.local/lib/python3.8/site-packages/airflow/example_dags/example_task_group_decorator.py took 0.059 seconds
[2022-11-08T19:45:56.542+0900] {processor.py:156} INFO - Started process (PID=7782) to work on /home/steve/.local/lib/python3.8/site-packages/airflow/example_dags/example_task_group_decorator.py
[2022-11-08T19:45:56.543+0900] {processor.py:758} INFO - Processing file /home/steve/.local/lib/python3.8/site-packages/airflow/example_dags/example_task_group_decorator.py for tasks to queue
[2022-11-08T19:45:56.543+0900] {logging_mixin.py:117} INFO - [2022-11-08T19:45:56.543+0900] {dagbag.py:525} INFO - Filling up the DagBag from /home/steve/.local/lib/python3.8/site-packages/airflow/example_dags/example_task_group_decorator.py
[2022-11-08T19:45:56.561+0900] {processor.py:768} INFO - DAG(s) dict_keys(['example_task_group_decorator']) retrieved from /home/steve/.local/lib/python3.8/site-packages/airflow/example_dags/example_task_group_decorator.py
[2022-11-08T19:45:56.580+0900] {logging_mixin.py:117} INFO - [2022-11-08T19:45:56.580+0900] {dag.py:2573} INFO - Sync 1 DAGs
[2022-11-08T19:45:56.590+0900] {logging_mixin.py:117} INFO - [2022-11-08T19:45:56.590+0900] {dag.py:3324} INFO - Setting next_dagrun for example_task_group_decorator to 2022-11-07T10:45:56.590429+00:00, run_after=2022-11-08T10:45:56.590429+00:00
[2022-11-08T19:45:56.607+0900] {processor.py:178} INFO - Processing /home/steve/.local/lib/python3.8/site-packages/airflow/example_dags/example_task_group_decorator.py took 0.067 seconds
[2022-11-08T19:46:32.836+0900] {processor.py:156} INFO - Started process (PID=7821) to work on /home/steve/.local/lib/python3.8/site-packages/airflow/example_dags/example_task_group_decorator.py
[2022-11-08T19:46:32.838+0900] {processor.py:758} INFO - Processing file /home/steve/.local/lib/python3.8/site-packages/airflow/example_dags/example_task_group_decorator.py for tasks to queue
[2022-11-08T19:46:32.839+0900] {logging_mixin.py:117} INFO - [2022-11-08T19:46:32.838+0900] {dagbag.py:525} INFO - Filling up the DagBag from /home/steve/.local/lib/python3.8/site-packages/airflow/example_dags/example_task_group_decorator.py
[2022-11-08T19:46:32.854+0900] {processor.py:768} INFO - DAG(s) dict_keys(['example_task_group_decorator']) retrieved from /home/steve/.local/lib/python3.8/site-packages/airflow/example_dags/example_task_group_decorator.py
[2022-11-08T19:46:32.869+0900] {logging_mixin.py:117} INFO - [2022-11-08T19:46:32.869+0900] {dag.py:2573} INFO - Sync 1 DAGs
[2022-11-08T19:46:32.879+0900] {logging_mixin.py:117} INFO - [2022-11-08T19:46:32.879+0900] {dag.py:3324} INFO - Setting next_dagrun for example_task_group_decorator to 2022-11-07T10:46:32.878912+00:00, run_after=2022-11-08T10:46:32.878912+00:00
[2022-11-08T19:46:32.960+0900] {processor.py:178} INFO - Processing /home/steve/.local/lib/python3.8/site-packages/airflow/example_dags/example_task_group_decorator.py took 0.126 seconds
[2022-11-08T19:47:07.255+0900] {processor.py:156} INFO - Started process (PID=7897) to work on /home/steve/.local/lib/python3.8/site-packages/airflow/example_dags/example_task_group_decorator.py
[2022-11-08T19:47:07.257+0900] {processor.py:758} INFO - Processing file /home/steve/.local/lib/python3.8/site-packages/airflow/example_dags/example_task_group_decorator.py for tasks to queue
[2022-11-08T19:47:07.257+0900] {logging_mixin.py:117} INFO - [2022-11-08T19:47:07.257+0900] {dagbag.py:525} INFO - Filling up the DagBag from /home/steve/.local/lib/python3.8/site-packages/airflow/example_dags/example_task_group_decorator.py
[2022-11-08T19:47:07.274+0900] {processor.py:768} INFO - DAG(s) dict_keys(['example_task_group_decorator']) retrieved from /home/steve/.local/lib/python3.8/site-packages/airflow/example_dags/example_task_group_decorator.py
[2022-11-08T19:47:07.290+0900] {logging_mixin.py:117} INFO - [2022-11-08T19:47:07.290+0900] {dag.py:2573} INFO - Sync 1 DAGs
[2022-11-08T19:47:07.301+0900] {logging_mixin.py:117} INFO - [2022-11-08T19:47:07.301+0900] {dag.py:3324} INFO - Setting next_dagrun for example_task_group_decorator to 2022-11-07T10:47:07.300868+00:00, run_after=2022-11-08T10:47:07.300868+00:00
[2022-11-08T19:47:07.383+0900] {processor.py:178} INFO - Processing /home/steve/.local/lib/python3.8/site-packages/airflow/example_dags/example_task_group_decorator.py took 0.130 seconds
[2022-11-08T19:47:42.156+0900] {processor.py:156} INFO - Started process (PID=7931) to work on /home/steve/.local/lib/python3.8/site-packages/airflow/example_dags/example_task_group_decorator.py
[2022-11-08T19:47:42.158+0900] {processor.py:758} INFO - Processing file /home/steve/.local/lib/python3.8/site-packages/airflow/example_dags/example_task_group_decorator.py for tasks to queue
[2022-11-08T19:47:42.159+0900] {logging_mixin.py:117} INFO - [2022-11-08T19:47:42.159+0900] {dagbag.py:525} INFO - Filling up the DagBag from /home/steve/.local/lib/python3.8/site-packages/airflow/example_dags/example_task_group_decorator.py
[2022-11-08T19:47:42.175+0900] {processor.py:768} INFO - DAG(s) dict_keys(['example_task_group_decorator']) retrieved from /home/steve/.local/lib/python3.8/site-packages/airflow/example_dags/example_task_group_decorator.py
[2022-11-08T19:47:42.189+0900] {logging_mixin.py:117} INFO - [2022-11-08T19:47:42.189+0900] {dag.py:2573} INFO - Sync 1 DAGs
[2022-11-08T19:47:42.265+0900] {logging_mixin.py:117} INFO - [2022-11-08T19:47:42.264+0900] {dag.py:3324} INFO - Setting next_dagrun for example_task_group_decorator to 2022-11-07T10:47:42.264776+00:00, run_after=2022-11-08T10:47:42.264776+00:00
[2022-11-08T19:47:42.280+0900] {processor.py:178} INFO - Processing /home/steve/.local/lib/python3.8/site-packages/airflow/example_dags/example_task_group_decorator.py took 0.125 seconds
[2022-11-08T19:48:18.506+0900] {processor.py:156} INFO - Started process (PID=7966) to work on /home/steve/.local/lib/python3.8/site-packages/airflow/example_dags/example_task_group_decorator.py
[2022-11-08T19:48:18.507+0900] {processor.py:758} INFO - Processing file /home/steve/.local/lib/python3.8/site-packages/airflow/example_dags/example_task_group_decorator.py for tasks to queue
[2022-11-08T19:48:18.507+0900] {logging_mixin.py:117} INFO - [2022-11-08T19:48:18.507+0900] {dagbag.py:525} INFO - Filling up the DagBag from /home/steve/.local/lib/python3.8/site-packages/airflow/example_dags/example_task_group_decorator.py
[2022-11-08T19:48:18.522+0900] {processor.py:768} INFO - DAG(s) dict_keys(['example_task_group_decorator']) retrieved from /home/steve/.local/lib/python3.8/site-packages/airflow/example_dags/example_task_group_decorator.py
[2022-11-08T19:48:18.537+0900] {logging_mixin.py:117} INFO - [2022-11-08T19:48:18.537+0900] {dag.py:2573} INFO - Sync 1 DAGs
[2022-11-08T19:48:18.612+0900] {logging_mixin.py:117} INFO - [2022-11-08T19:48:18.612+0900] {dag.py:3324} INFO - Setting next_dagrun for example_task_group_decorator to 2022-11-07T10:48:18.611897+00:00, run_after=2022-11-08T10:48:18.611897+00:00
[2022-11-08T19:48:18.627+0900] {processor.py:178} INFO - Processing /home/steve/.local/lib/python3.8/site-packages/airflow/example_dags/example_task_group_decorator.py took 0.123 seconds
[2022-11-08T19:48:56.069+0900] {processor.py:156} INFO - Started process (PID=8002) to work on /home/steve/.local/lib/python3.8/site-packages/airflow/example_dags/example_task_group_decorator.py
[2022-11-08T19:48:56.070+0900] {processor.py:758} INFO - Processing file /home/steve/.local/lib/python3.8/site-packages/airflow/example_dags/example_task_group_decorator.py for tasks to queue
[2022-11-08T19:48:56.070+0900] {logging_mixin.py:117} INFO - [2022-11-08T19:48:56.070+0900] {dagbag.py:525} INFO - Filling up the DagBag from /home/steve/.local/lib/python3.8/site-packages/airflow/example_dags/example_task_group_decorator.py
[2022-11-08T19:48:56.087+0900] {processor.py:768} INFO - DAG(s) dict_keys(['example_task_group_decorator']) retrieved from /home/steve/.local/lib/python3.8/site-packages/airflow/example_dags/example_task_group_decorator.py
[2022-11-08T19:48:56.172+0900] {logging_mixin.py:117} INFO - [2022-11-08T19:48:56.172+0900] {dag.py:2573} INFO - Sync 1 DAGs
[2022-11-08T19:48:56.180+0900] {logging_mixin.py:117} INFO - [2022-11-08T19:48:56.180+0900] {dag.py:3324} INFO - Setting next_dagrun for example_task_group_decorator to 2022-11-07T10:48:56.180777+00:00, run_after=2022-11-08T10:48:56.180777+00:00
[2022-11-08T19:48:56.196+0900] {processor.py:178} INFO - Processing /home/steve/.local/lib/python3.8/site-packages/airflow/example_dags/example_task_group_decorator.py took 0.128 seconds
[2022-11-08T19:49:33.850+0900] {processor.py:156} INFO - Started process (PID=8038) to work on /home/steve/.local/lib/python3.8/site-packages/airflow/example_dags/example_task_group_decorator.py
[2022-11-08T19:49:33.853+0900] {processor.py:758} INFO - Processing file /home/steve/.local/lib/python3.8/site-packages/airflow/example_dags/example_task_group_decorator.py for tasks to queue
[2022-11-08T19:49:33.853+0900] {logging_mixin.py:117} INFO - [2022-11-08T19:49:33.853+0900] {dagbag.py:525} INFO - Filling up the DagBag from /home/steve/.local/lib/python3.8/site-packages/airflow/example_dags/example_task_group_decorator.py
[2022-11-08T19:49:33.869+0900] {processor.py:768} INFO - DAG(s) dict_keys(['example_task_group_decorator']) retrieved from /home/steve/.local/lib/python3.8/site-packages/airflow/example_dags/example_task_group_decorator.py
[2022-11-08T19:49:33.949+0900] {logging_mixin.py:117} INFO - [2022-11-08T19:49:33.949+0900] {dag.py:2573} INFO - Sync 1 DAGs
[2022-11-08T19:49:33.957+0900] {logging_mixin.py:117} INFO - [2022-11-08T19:49:33.957+0900] {dag.py:3324} INFO - Setting next_dagrun for example_task_group_decorator to 2022-11-07T10:49:33.957720+00:00, run_after=2022-11-08T10:49:33.957720+00:00
[2022-11-08T19:49:33.973+0900] {processor.py:178} INFO - Processing /home/steve/.local/lib/python3.8/site-packages/airflow/example_dags/example_task_group_decorator.py took 0.124 seconds
[2022-11-08T19:50:07.756+0900] {processor.py:156} INFO - Started process (PID=8099) to work on /home/steve/.local/lib/python3.8/site-packages/airflow/example_dags/example_task_group_decorator.py
[2022-11-08T19:50:07.756+0900] {processor.py:758} INFO - Processing file /home/steve/.local/lib/python3.8/site-packages/airflow/example_dags/example_task_group_decorator.py for tasks to queue
[2022-11-08T19:50:07.757+0900] {logging_mixin.py:117} INFO - [2022-11-08T19:50:07.756+0900] {dagbag.py:525} INFO - Filling up the DagBag from /home/steve/.local/lib/python3.8/site-packages/airflow/example_dags/example_task_group_decorator.py
[2022-11-08T19:50:07.773+0900] {processor.py:768} INFO - DAG(s) dict_keys(['example_task_group_decorator']) retrieved from /home/steve/.local/lib/python3.8/site-packages/airflow/example_dags/example_task_group_decorator.py
[2022-11-08T19:50:07.853+0900] {logging_mixin.py:117} INFO - [2022-11-08T19:50:07.853+0900] {dag.py:2573} INFO - Sync 1 DAGs
[2022-11-08T19:50:07.861+0900] {logging_mixin.py:117} INFO - [2022-11-08T19:50:07.861+0900] {dag.py:3324} INFO - Setting next_dagrun for example_task_group_decorator to 2022-11-07T10:50:07.861773+00:00, run_after=2022-11-08T10:50:07.861773+00:00
[2022-11-08T19:50:07.878+0900] {processor.py:178} INFO - Processing /home/steve/.local/lib/python3.8/site-packages/airflow/example_dags/example_task_group_decorator.py took 0.123 seconds
[2022-11-08T19:50:42.101+0900] {processor.py:156} INFO - Started process (PID=8133) to work on /home/steve/.local/lib/python3.8/site-packages/airflow/example_dags/example_task_group_decorator.py
[2022-11-08T19:50:42.104+0900] {processor.py:758} INFO - Processing file /home/steve/.local/lib/python3.8/site-packages/airflow/example_dags/example_task_group_decorator.py for tasks to queue
[2022-11-08T19:50:42.104+0900] {logging_mixin.py:117} INFO - [2022-11-08T19:50:42.104+0900] {dagbag.py:525} INFO - Filling up the DagBag from /home/steve/.local/lib/python3.8/site-packages/airflow/example_dags/example_task_group_decorator.py
[2022-11-08T19:50:42.186+0900] {processor.py:768} INFO - DAG(s) dict_keys(['example_task_group_decorator']) retrieved from /home/steve/.local/lib/python3.8/site-packages/airflow/example_dags/example_task_group_decorator.py
[2022-11-08T19:50:42.199+0900] {logging_mixin.py:117} INFO - [2022-11-08T19:50:42.199+0900] {dag.py:2573} INFO - Sync 1 DAGs
[2022-11-08T19:50:42.208+0900] {logging_mixin.py:117} INFO - [2022-11-08T19:50:42.208+0900] {dag.py:3324} INFO - Setting next_dagrun for example_task_group_decorator to 2022-11-07T10:50:42.207961+00:00, run_after=2022-11-08T10:50:42.207961+00:00
[2022-11-08T19:50:42.224+0900] {processor.py:178} INFO - Processing /home/steve/.local/lib/python3.8/site-packages/airflow/example_dags/example_task_group_decorator.py took 0.124 seconds
[2022-11-08T19:51:20.464+0900] {processor.py:156} INFO - Started process (PID=8170) to work on /home/steve/.local/lib/python3.8/site-packages/airflow/example_dags/example_task_group_decorator.py
[2022-11-08T19:51:20.465+0900] {processor.py:758} INFO - Processing file /home/steve/.local/lib/python3.8/site-packages/airflow/example_dags/example_task_group_decorator.py for tasks to queue
[2022-11-08T19:51:20.465+0900] {logging_mixin.py:117} INFO - [2022-11-08T19:51:20.465+0900] {dagbag.py:525} INFO - Filling up the DagBag from /home/steve/.local/lib/python3.8/site-packages/airflow/example_dags/example_task_group_decorator.py
[2022-11-08T19:51:20.547+0900] {processor.py:768} INFO - DAG(s) dict_keys(['example_task_group_decorator']) retrieved from /home/steve/.local/lib/python3.8/site-packages/airflow/example_dags/example_task_group_decorator.py
[2022-11-08T19:51:20.559+0900] {logging_mixin.py:117} INFO - [2022-11-08T19:51:20.559+0900] {dag.py:2573} INFO - Sync 1 DAGs
[2022-11-08T19:51:20.568+0900] {logging_mixin.py:117} INFO - [2022-11-08T19:51:20.568+0900] {dag.py:3324} INFO - Setting next_dagrun for example_task_group_decorator to 2022-11-07T10:51:20.568547+00:00, run_after=2022-11-08T10:51:20.568547+00:00
[2022-11-08T19:51:20.584+0900] {processor.py:178} INFO - Processing /home/steve/.local/lib/python3.8/site-packages/airflow/example_dags/example_task_group_decorator.py took 0.121 seconds
[2022-11-08T19:51:56.063+0900] {processor.py:156} INFO - Started process (PID=8206) to work on /home/steve/.local/lib/python3.8/site-packages/airflow/example_dags/example_task_group_decorator.py
[2022-11-08T19:51:56.064+0900] {processor.py:758} INFO - Processing file /home/steve/.local/lib/python3.8/site-packages/airflow/example_dags/example_task_group_decorator.py for tasks to queue
[2022-11-08T19:51:56.064+0900] {logging_mixin.py:117} INFO - [2022-11-08T19:51:56.064+0900] {dagbag.py:525} INFO - Filling up the DagBag from /home/steve/.local/lib/python3.8/site-packages/airflow/example_dags/example_task_group_decorator.py
[2022-11-08T19:51:56.080+0900] {processor.py:768} INFO - DAG(s) dict_keys(['example_task_group_decorator']) retrieved from /home/steve/.local/lib/python3.8/site-packages/airflow/example_dags/example_task_group_decorator.py
[2022-11-08T19:51:56.096+0900] {logging_mixin.py:117} INFO - [2022-11-08T19:51:56.096+0900] {dag.py:2573} INFO - Sync 1 DAGs
[2022-11-08T19:51:56.105+0900] {logging_mixin.py:117} INFO - [2022-11-08T19:51:56.105+0900] {dag.py:3324} INFO - Setting next_dagrun for example_task_group_decorator to 2022-11-07T10:51:56.105382+00:00, run_after=2022-11-08T10:51:56.105382+00:00
[2022-11-08T19:51:56.122+0900] {processor.py:178} INFO - Processing /home/steve/.local/lib/python3.8/site-packages/airflow/example_dags/example_task_group_decorator.py took 0.060 seconds
[2022-11-08T19:52:28.960+0900] {processor.py:156} INFO - Started process (PID=8241) to work on /home/steve/.local/lib/python3.8/site-packages/airflow/example_dags/example_task_group_decorator.py
[2022-11-08T19:52:28.960+0900] {processor.py:758} INFO - Processing file /home/steve/.local/lib/python3.8/site-packages/airflow/example_dags/example_task_group_decorator.py for tasks to queue
[2022-11-08T19:52:28.961+0900] {logging_mixin.py:117} INFO - [2022-11-08T19:52:28.961+0900] {dagbag.py:525} INFO - Filling up the DagBag from /home/steve/.local/lib/python3.8/site-packages/airflow/example_dags/example_task_group_decorator.py
[2022-11-08T19:52:28.981+0900] {processor.py:768} INFO - DAG(s) dict_keys(['example_task_group_decorator']) retrieved from /home/steve/.local/lib/python3.8/site-packages/airflow/example_dags/example_task_group_decorator.py
[2022-11-08T19:52:29.001+0900] {logging_mixin.py:117} INFO - [2022-11-08T19:52:29.001+0900] {dag.py:2573} INFO - Sync 1 DAGs
[2022-11-08T19:52:29.013+0900] {logging_mixin.py:117} INFO - [2022-11-08T19:52:29.013+0900] {dag.py:3324} INFO - Setting next_dagrun for example_task_group_decorator to 2022-11-07T10:52:29.013264+00:00, run_after=2022-11-08T10:52:29.013264+00:00
[2022-11-08T19:52:29.030+0900] {processor.py:178} INFO - Processing /home/steve/.local/lib/python3.8/site-packages/airflow/example_dags/example_task_group_decorator.py took 0.072 seconds
[2022-11-08T19:53:02.207+0900] {processor.py:156} INFO - Started process (PID=8380) to work on /home/steve/.local/lib/python3.8/site-packages/airflow/example_dags/example_task_group_decorator.py
[2022-11-08T19:53:02.210+0900] {processor.py:758} INFO - Processing file /home/steve/.local/lib/python3.8/site-packages/airflow/example_dags/example_task_group_decorator.py for tasks to queue
[2022-11-08T19:53:02.210+0900] {logging_mixin.py:117} INFO - [2022-11-08T19:53:02.210+0900] {dagbag.py:525} INFO - Filling up the DagBag from /home/steve/.local/lib/python3.8/site-packages/airflow/example_dags/example_task_group_decorator.py
[2022-11-08T19:53:02.226+0900] {processor.py:768} INFO - DAG(s) dict_keys(['example_task_group_decorator']) retrieved from /home/steve/.local/lib/python3.8/site-packages/airflow/example_dags/example_task_group_decorator.py
[2022-11-08T19:53:02.236+0900] {logging_mixin.py:117} INFO - [2022-11-08T19:53:02.236+0900] {dag.py:2573} INFO - Sync 1 DAGs
[2022-11-08T19:53:02.246+0900] {logging_mixin.py:117} INFO - [2022-11-08T19:53:02.246+0900] {dag.py:3324} INFO - Setting next_dagrun for example_task_group_decorator to 2022-11-07T10:53:02.245959+00:00, run_after=2022-11-08T10:53:02.245959+00:00
[2022-11-08T19:53:02.262+0900] {processor.py:178} INFO - Processing /home/steve/.local/lib/python3.8/site-packages/airflow/example_dags/example_task_group_decorator.py took 0.056 seconds
[2022-11-08T19:53:38.306+0900] {processor.py:156} INFO - Started process (PID=8541) to work on /home/steve/.local/lib/python3.8/site-packages/airflow/example_dags/example_task_group_decorator.py
[2022-11-08T19:53:38.308+0900] {processor.py:758} INFO - Processing file /home/steve/.local/lib/python3.8/site-packages/airflow/example_dags/example_task_group_decorator.py for tasks to queue
[2022-11-08T19:53:38.308+0900] {logging_mixin.py:117} INFO - [2022-11-08T19:53:38.308+0900] {dagbag.py:525} INFO - Filling up the DagBag from /home/steve/.local/lib/python3.8/site-packages/airflow/example_dags/example_task_group_decorator.py
[2022-11-08T19:53:38.325+0900] {processor.py:768} INFO - DAG(s) dict_keys(['example_task_group_decorator']) retrieved from /home/steve/.local/lib/python3.8/site-packages/airflow/example_dags/example_task_group_decorator.py
[2022-11-08T19:53:38.341+0900] {logging_mixin.py:117} INFO - [2022-11-08T19:53:38.341+0900] {dag.py:2573} INFO - Sync 1 DAGs
[2022-11-08T19:53:38.354+0900] {logging_mixin.py:117} INFO - [2022-11-08T19:53:38.353+0900] {dag.py:3324} INFO - Setting next_dagrun for example_task_group_decorator to 2022-11-07T10:53:38.353680+00:00, run_after=2022-11-08T10:53:38.353680+00:00
[2022-11-08T19:53:38.372+0900] {processor.py:178} INFO - Processing /home/steve/.local/lib/python3.8/site-packages/airflow/example_dags/example_task_group_decorator.py took 0.067 seconds
[2022-11-08T19:54:11.908+0900] {processor.py:156} INFO - Started process (PID=8631) to work on /home/steve/.local/lib/python3.8/site-packages/airflow/example_dags/example_task_group_decorator.py
[2022-11-08T19:54:11.909+0900] {processor.py:758} INFO - Processing file /home/steve/.local/lib/python3.8/site-packages/airflow/example_dags/example_task_group_decorator.py for tasks to queue
[2022-11-08T19:54:11.909+0900] {logging_mixin.py:117} INFO - [2022-11-08T19:54:11.909+0900] {dagbag.py:525} INFO - Filling up the DagBag from /home/steve/.local/lib/python3.8/site-packages/airflow/example_dags/example_task_group_decorator.py
[2022-11-08T19:54:11.925+0900] {processor.py:768} INFO - DAG(s) dict_keys(['example_task_group_decorator']) retrieved from /home/steve/.local/lib/python3.8/site-packages/airflow/example_dags/example_task_group_decorator.py
[2022-11-08T19:54:11.940+0900] {logging_mixin.py:117} INFO - [2022-11-08T19:54:11.940+0900] {dag.py:2573} INFO - Sync 1 DAGs
[2022-11-08T19:54:11.950+0900] {logging_mixin.py:117} INFO - [2022-11-08T19:54:11.949+0900] {dag.py:3324} INFO - Setting next_dagrun for example_task_group_decorator to 2022-11-07T10:54:11.949184+00:00, run_after=2022-11-08T10:54:11.949184+00:00
[2022-11-08T19:54:11.965+0900] {processor.py:178} INFO - Processing /home/steve/.local/lib/python3.8/site-packages/airflow/example_dags/example_task_group_decorator.py took 0.059 seconds
[2022-11-08T19:54:44.502+0900] {processor.py:156} INFO - Started process (PID=8894) to work on /home/steve/.local/lib/python3.8/site-packages/airflow/example_dags/example_task_group_decorator.py
[2022-11-08T19:54:44.503+0900] {processor.py:758} INFO - Processing file /home/steve/.local/lib/python3.8/site-packages/airflow/example_dags/example_task_group_decorator.py for tasks to queue
[2022-11-08T19:54:44.503+0900] {logging_mixin.py:117} INFO - [2022-11-08T19:54:44.503+0900] {dagbag.py:525} INFO - Filling up the DagBag from /home/steve/.local/lib/python3.8/site-packages/airflow/example_dags/example_task_group_decorator.py
[2022-11-08T19:54:44.522+0900] {processor.py:768} INFO - DAG(s) dict_keys(['example_task_group_decorator']) retrieved from /home/steve/.local/lib/python3.8/site-packages/airflow/example_dags/example_task_group_decorator.py
[2022-11-08T19:54:44.550+0900] {logging_mixin.py:117} INFO - [2022-11-08T19:54:44.550+0900] {dag.py:2573} INFO - Sync 1 DAGs
[2022-11-08T19:54:44.579+0900] {logging_mixin.py:117} INFO - [2022-11-08T19:54:44.579+0900] {dag.py:3324} INFO - Setting next_dagrun for example_task_group_decorator to 2022-11-07T10:54:44.579498+00:00, run_after=2022-11-08T10:54:44.579498+00:00
[2022-11-08T19:54:44.700+0900] {processor.py:178} INFO - Processing /home/steve/.local/lib/python3.8/site-packages/airflow/example_dags/example_task_group_decorator.py took 0.199 seconds
[2022-11-08T19:55:22.270+0900] {processor.py:156} INFO - Started process (PID=9020) to work on /home/steve/.local/lib/python3.8/site-packages/airflow/example_dags/example_task_group_decorator.py
[2022-11-08T19:55:22.272+0900] {processor.py:758} INFO - Processing file /home/steve/.local/lib/python3.8/site-packages/airflow/example_dags/example_task_group_decorator.py for tasks to queue
[2022-11-08T19:55:22.272+0900] {logging_mixin.py:117} INFO - [2022-11-08T19:55:22.272+0900] {dagbag.py:525} INFO - Filling up the DagBag from /home/steve/.local/lib/python3.8/site-packages/airflow/example_dags/example_task_group_decorator.py
[2022-11-08T19:55:22.288+0900] {processor.py:768} INFO - DAG(s) dict_keys(['example_task_group_decorator']) retrieved from /home/steve/.local/lib/python3.8/site-packages/airflow/example_dags/example_task_group_decorator.py
[2022-11-08T19:55:22.305+0900] {logging_mixin.py:117} INFO - [2022-11-08T19:55:22.304+0900] {dag.py:2573} INFO - Sync 1 DAGs
[2022-11-08T19:55:22.314+0900] {logging_mixin.py:117} INFO - [2022-11-08T19:55:22.314+0900] {dag.py:3324} INFO - Setting next_dagrun for example_task_group_decorator to 2022-11-07T10:55:22.314363+00:00, run_after=2022-11-08T10:55:22.314363+00:00
[2022-11-08T19:55:22.329+0900] {processor.py:178} INFO - Processing /home/steve/.local/lib/python3.8/site-packages/airflow/example_dags/example_task_group_decorator.py took 0.061 seconds
[2022-11-08T20:26:57.831+0900] {processor.py:156} INFO - Started process (PID=9764) to work on /home/steve/.local/lib/python3.8/site-packages/airflow/example_dags/example_task_group_decorator.py
[2022-11-08T20:26:57.832+0900] {processor.py:758} INFO - Processing file /home/steve/.local/lib/python3.8/site-packages/airflow/example_dags/example_task_group_decorator.py for tasks to queue
[2022-11-08T20:26:57.832+0900] {logging_mixin.py:117} INFO - [2022-11-08T20:26:57.832+0900] {dagbag.py:525} INFO - Filling up the DagBag from /home/steve/.local/lib/python3.8/site-packages/airflow/example_dags/example_task_group_decorator.py
[2022-11-08T20:26:57.848+0900] {processor.py:768} INFO - DAG(s) dict_keys(['example_task_group_decorator']) retrieved from /home/steve/.local/lib/python3.8/site-packages/airflow/example_dags/example_task_group_decorator.py
[2022-11-08T20:26:57.864+0900] {logging_mixin.py:117} INFO - [2022-11-08T20:26:57.864+0900] {dag.py:2573} INFO - Sync 1 DAGs
[2022-11-08T20:26:57.874+0900] {logging_mixin.py:117} INFO - [2022-11-08T20:26:57.874+0900] {dag.py:3324} INFO - Setting next_dagrun for example_task_group_decorator to 2022-11-07T11:26:57.873935+00:00, run_after=2022-11-08T11:26:57.873935+00:00
[2022-11-08T20:26:57.891+0900] {processor.py:178} INFO - Processing /home/steve/.local/lib/python3.8/site-packages/airflow/example_dags/example_task_group_decorator.py took 0.061 seconds
[2022-11-08T20:27:30.917+0900] {processor.py:156} INFO - Started process (PID=9826) to work on /home/steve/.local/lib/python3.8/site-packages/airflow/example_dags/example_task_group_decorator.py
[2022-11-08T20:27:30.917+0900] {processor.py:758} INFO - Processing file /home/steve/.local/lib/python3.8/site-packages/airflow/example_dags/example_task_group_decorator.py for tasks to queue
[2022-11-08T20:27:30.918+0900] {logging_mixin.py:117} INFO - [2022-11-08T20:27:30.918+0900] {dagbag.py:525} INFO - Filling up the DagBag from /home/steve/.local/lib/python3.8/site-packages/airflow/example_dags/example_task_group_decorator.py
[2022-11-08T20:27:30.933+0900] {processor.py:768} INFO - DAG(s) dict_keys(['example_task_group_decorator']) retrieved from /home/steve/.local/lib/python3.8/site-packages/airflow/example_dags/example_task_group_decorator.py
[2022-11-08T20:27:30.949+0900] {logging_mixin.py:117} INFO - [2022-11-08T20:27:30.949+0900] {dag.py:2573} INFO - Sync 1 DAGs
[2022-11-08T20:27:30.959+0900] {logging_mixin.py:117} INFO - [2022-11-08T20:27:30.959+0900] {dag.py:3324} INFO - Setting next_dagrun for example_task_group_decorator to 2022-11-07T11:27:30.958887+00:00, run_after=2022-11-08T11:27:30.958887+00:00
[2022-11-08T20:27:30.975+0900] {processor.py:178} INFO - Processing /home/steve/.local/lib/python3.8/site-packages/airflow/example_dags/example_task_group_decorator.py took 0.059 seconds
[2022-11-08T20:28:07.580+0900] {processor.py:156} INFO - Started process (PID=9862) to work on /home/steve/.local/lib/python3.8/site-packages/airflow/example_dags/example_task_group_decorator.py
[2022-11-08T20:28:07.581+0900] {processor.py:758} INFO - Processing file /home/steve/.local/lib/python3.8/site-packages/airflow/example_dags/example_task_group_decorator.py for tasks to queue
[2022-11-08T20:28:07.581+0900] {logging_mixin.py:117} INFO - [2022-11-08T20:28:07.581+0900] {dagbag.py:525} INFO - Filling up the DagBag from /home/steve/.local/lib/python3.8/site-packages/airflow/example_dags/example_task_group_decorator.py
[2022-11-08T20:28:07.598+0900] {processor.py:768} INFO - DAG(s) dict_keys(['example_task_group_decorator']) retrieved from /home/steve/.local/lib/python3.8/site-packages/airflow/example_dags/example_task_group_decorator.py
[2022-11-08T20:28:07.615+0900] {logging_mixin.py:117} INFO - [2022-11-08T20:28:07.615+0900] {dag.py:2573} INFO - Sync 1 DAGs
[2022-11-08T20:28:07.626+0900] {logging_mixin.py:117} INFO - [2022-11-08T20:28:07.626+0900] {dag.py:3324} INFO - Setting next_dagrun for example_task_group_decorator to 2022-11-07T11:28:07.625918+00:00, run_after=2022-11-08T11:28:07.625918+00:00
[2022-11-08T20:28:07.642+0900] {processor.py:178} INFO - Processing /home/steve/.local/lib/python3.8/site-packages/airflow/example_dags/example_task_group_decorator.py took 0.064 seconds
[2022-11-08T20:28:43.067+0900] {processor.py:156} INFO - Started process (PID=9991) to work on /home/steve/.local/lib/python3.8/site-packages/airflow/example_dags/example_task_group_decorator.py
[2022-11-08T20:28:43.068+0900] {processor.py:758} INFO - Processing file /home/steve/.local/lib/python3.8/site-packages/airflow/example_dags/example_task_group_decorator.py for tasks to queue
[2022-11-08T20:28:43.068+0900] {logging_mixin.py:117} INFO - [2022-11-08T20:28:43.068+0900] {dagbag.py:525} INFO - Filling up the DagBag from /home/steve/.local/lib/python3.8/site-packages/airflow/example_dags/example_task_group_decorator.py
[2022-11-08T20:28:43.086+0900] {processor.py:768} INFO - DAG(s) dict_keys(['example_task_group_decorator']) retrieved from /home/steve/.local/lib/python3.8/site-packages/airflow/example_dags/example_task_group_decorator.py
[2022-11-08T20:28:43.103+0900] {logging_mixin.py:117} INFO - [2022-11-08T20:28:43.103+0900] {dag.py:2573} INFO - Sync 1 DAGs
[2022-11-08T20:28:43.113+0900] {logging_mixin.py:117} INFO - [2022-11-08T20:28:43.113+0900] {dag.py:3324} INFO - Setting next_dagrun for example_task_group_decorator to 2022-11-07T11:28:43.113197+00:00, run_after=2022-11-08T11:28:43.113197+00:00
[2022-11-08T20:28:43.199+0900] {processor.py:178} INFO - Processing /home/steve/.local/lib/python3.8/site-packages/airflow/example_dags/example_task_group_decorator.py took 0.134 seconds
[2022-11-08T20:29:19.730+0900] {processor.py:156} INFO - Started process (PID=10241) to work on /home/steve/.local/lib/python3.8/site-packages/airflow/example_dags/example_task_group_decorator.py
[2022-11-08T20:29:19.732+0900] {processor.py:758} INFO - Processing file /home/steve/.local/lib/python3.8/site-packages/airflow/example_dags/example_task_group_decorator.py for tasks to queue
[2022-11-08T20:29:19.732+0900] {logging_mixin.py:117} INFO - [2022-11-08T20:29:19.732+0900] {dagbag.py:525} INFO - Filling up the DagBag from /home/steve/.local/lib/python3.8/site-packages/airflow/example_dags/example_task_group_decorator.py
[2022-11-08T20:29:19.750+0900] {processor.py:768} INFO - DAG(s) dict_keys(['example_task_group_decorator']) retrieved from /home/steve/.local/lib/python3.8/site-packages/airflow/example_dags/example_task_group_decorator.py
[2022-11-08T20:29:19.767+0900] {logging_mixin.py:117} INFO - [2022-11-08T20:29:19.766+0900] {dag.py:2573} INFO - Sync 1 DAGs
[2022-11-08T20:29:19.777+0900] {logging_mixin.py:117} INFO - [2022-11-08T20:29:19.777+0900] {dag.py:3324} INFO - Setting next_dagrun for example_task_group_decorator to 2022-11-07T11:29:19.777292+00:00, run_after=2022-11-08T11:29:19.777292+00:00
[2022-11-08T20:29:19.869+0900] {processor.py:178} INFO - Processing /home/steve/.local/lib/python3.8/site-packages/airflow/example_dags/example_task_group_decorator.py took 0.140 seconds
[2022-11-08T20:29:55.812+0900] {processor.py:156} INFO - Started process (PID=10398) to work on /home/steve/.local/lib/python3.8/site-packages/airflow/example_dags/example_task_group_decorator.py
[2022-11-08T20:29:55.813+0900] {processor.py:758} INFO - Processing file /home/steve/.local/lib/python3.8/site-packages/airflow/example_dags/example_task_group_decorator.py for tasks to queue
[2022-11-08T20:29:55.813+0900] {logging_mixin.py:117} INFO - [2022-11-08T20:29:55.813+0900] {dagbag.py:525} INFO - Filling up the DagBag from /home/steve/.local/lib/python3.8/site-packages/airflow/example_dags/example_task_group_decorator.py
[2022-11-08T20:29:55.833+0900] {processor.py:768} INFO - DAG(s) dict_keys(['example_task_group_decorator']) retrieved from /home/steve/.local/lib/python3.8/site-packages/airflow/example_dags/example_task_group_decorator.py
[2022-11-08T20:29:55.853+0900] {logging_mixin.py:117} INFO - [2022-11-08T20:29:55.853+0900] {dag.py:2573} INFO - Sync 1 DAGs
[2022-11-08T20:29:55.939+0900] {logging_mixin.py:117} INFO - [2022-11-08T20:29:55.939+0900] {dag.py:3324} INFO - Setting next_dagrun for example_task_group_decorator to 2022-11-07T11:29:55.939530+00:00, run_after=2022-11-08T11:29:55.939530+00:00
[2022-11-08T20:29:55.955+0900] {processor.py:178} INFO - Processing /home/steve/.local/lib/python3.8/site-packages/airflow/example_dags/example_task_group_decorator.py took 0.145 seconds
[2022-11-08T20:30:33.293+0900] {processor.py:156} INFO - Started process (PID=10523) to work on /home/steve/.local/lib/python3.8/site-packages/airflow/example_dags/example_task_group_decorator.py
[2022-11-08T20:30:33.294+0900] {processor.py:758} INFO - Processing file /home/steve/.local/lib/python3.8/site-packages/airflow/example_dags/example_task_group_decorator.py for tasks to queue
[2022-11-08T20:30:33.295+0900] {logging_mixin.py:117} INFO - [2022-11-08T20:30:33.295+0900] {dagbag.py:525} INFO - Filling up the DagBag from /home/steve/.local/lib/python3.8/site-packages/airflow/example_dags/example_task_group_decorator.py
[2022-11-08T20:30:33.312+0900] {processor.py:768} INFO - DAG(s) dict_keys(['example_task_group_decorator']) retrieved from /home/steve/.local/lib/python3.8/site-packages/airflow/example_dags/example_task_group_decorator.py
[2022-11-08T20:30:33.328+0900] {logging_mixin.py:117} INFO - [2022-11-08T20:30:33.328+0900] {dag.py:2573} INFO - Sync 1 DAGs
[2022-11-08T20:30:33.412+0900] {logging_mixin.py:117} INFO - [2022-11-08T20:30:33.412+0900] {dag.py:3324} INFO - Setting next_dagrun for example_task_group_decorator to 2022-11-07T11:30:33.412347+00:00, run_after=2022-11-08T11:30:33.412347+00:00
[2022-11-08T20:30:33.429+0900] {processor.py:178} INFO - Processing /home/steve/.local/lib/python3.8/site-packages/airflow/example_dags/example_task_group_decorator.py took 0.137 seconds
[2022-11-08T20:31:10.985+0900] {processor.py:156} INFO - Started process (PID=10651) to work on /home/steve/.local/lib/python3.8/site-packages/airflow/example_dags/example_task_group_decorator.py
[2022-11-08T20:31:10.988+0900] {processor.py:758} INFO - Processing file /home/steve/.local/lib/python3.8/site-packages/airflow/example_dags/example_task_group_decorator.py for tasks to queue
[2022-11-08T20:31:10.988+0900] {logging_mixin.py:117} INFO - [2022-11-08T20:31:10.988+0900] {dagbag.py:525} INFO - Filling up the DagBag from /home/steve/.local/lib/python3.8/site-packages/airflow/example_dags/example_task_group_decorator.py
[2022-11-08T20:31:11.006+0900] {processor.py:768} INFO - DAG(s) dict_keys(['example_task_group_decorator']) retrieved from /home/steve/.local/lib/python3.8/site-packages/airflow/example_dags/example_task_group_decorator.py
[2022-11-08T20:31:11.106+0900] {logging_mixin.py:117} INFO - [2022-11-08T20:31:11.106+0900] {dag.py:2573} INFO - Sync 1 DAGs
[2022-11-08T20:31:11.117+0900] {logging_mixin.py:117} INFO - [2022-11-08T20:31:11.117+0900] {dag.py:3324} INFO - Setting next_dagrun for example_task_group_decorator to 2022-11-07T11:31:11.117450+00:00, run_after=2022-11-08T11:31:11.117450+00:00
[2022-11-08T20:31:11.134+0900] {processor.py:178} INFO - Processing /home/steve/.local/lib/python3.8/site-packages/airflow/example_dags/example_task_group_decorator.py took 0.151 seconds
[2022-11-08T20:31:46.522+0900] {processor.py:156} INFO - Started process (PID=10737) to work on /home/steve/.local/lib/python3.8/site-packages/airflow/example_dags/example_task_group_decorator.py
[2022-11-08T20:31:46.524+0900] {processor.py:758} INFO - Processing file /home/steve/.local/lib/python3.8/site-packages/airflow/example_dags/example_task_group_decorator.py for tasks to queue
[2022-11-08T20:31:46.525+0900] {logging_mixin.py:117} INFO - [2022-11-08T20:31:46.525+0900] {dagbag.py:525} INFO - Filling up the DagBag from /home/steve/.local/lib/python3.8/site-packages/airflow/example_dags/example_task_group_decorator.py
[2022-11-08T20:31:46.541+0900] {processor.py:768} INFO - DAG(s) dict_keys(['example_task_group_decorator']) retrieved from /home/steve/.local/lib/python3.8/site-packages/airflow/example_dags/example_task_group_decorator.py
[2022-11-08T20:31:46.633+0900] {logging_mixin.py:117} INFO - [2022-11-08T20:31:46.633+0900] {dag.py:2573} INFO - Sync 1 DAGs
[2022-11-08T20:31:46.641+0900] {logging_mixin.py:117} INFO - [2022-11-08T20:31:46.641+0900] {dag.py:3324} INFO - Setting next_dagrun for example_task_group_decorator to 2022-11-07T11:31:46.641714+00:00, run_after=2022-11-08T11:31:46.641714+00:00
[2022-11-08T20:31:46.662+0900] {processor.py:178} INFO - Processing /home/steve/.local/lib/python3.8/site-packages/airflow/example_dags/example_task_group_decorator.py took 0.142 seconds
[2022-11-08T20:32:23.351+0900] {processor.py:156} INFO - Started process (PID=10799) to work on /home/steve/.local/lib/python3.8/site-packages/airflow/example_dags/example_task_group_decorator.py
[2022-11-08T20:32:23.354+0900] {processor.py:758} INFO - Processing file /home/steve/.local/lib/python3.8/site-packages/airflow/example_dags/example_task_group_decorator.py for tasks to queue
[2022-11-08T20:32:23.355+0900] {logging_mixin.py:117} INFO - [2022-11-08T20:32:23.354+0900] {dagbag.py:525} INFO - Filling up the DagBag from /home/steve/.local/lib/python3.8/site-packages/airflow/example_dags/example_task_group_decorator.py
[2022-11-08T20:32:23.373+0900] {processor.py:768} INFO - DAG(s) dict_keys(['example_task_group_decorator']) retrieved from /home/steve/.local/lib/python3.8/site-packages/airflow/example_dags/example_task_group_decorator.py
[2022-11-08T20:32:23.480+0900] {logging_mixin.py:117} INFO - [2022-11-08T20:32:23.480+0900] {dag.py:2573} INFO - Sync 1 DAGs
[2022-11-08T20:32:23.491+0900] {logging_mixin.py:117} INFO - [2022-11-08T20:32:23.491+0900] {dag.py:3324} INFO - Setting next_dagrun for example_task_group_decorator to 2022-11-07T11:32:23.491206+00:00, run_after=2022-11-08T11:32:23.491206+00:00
[2022-11-08T20:32:23.511+0900] {processor.py:178} INFO - Processing /home/steve/.local/lib/python3.8/site-packages/airflow/example_dags/example_task_group_decorator.py took 0.161 seconds
[2022-11-08T20:32:59.914+0900] {processor.py:156} INFO - Started process (PID=10988) to work on /home/steve/.local/lib/python3.8/site-packages/airflow/example_dags/example_task_group_decorator.py
[2022-11-08T20:32:59.917+0900] {processor.py:758} INFO - Processing file /home/steve/.local/lib/python3.8/site-packages/airflow/example_dags/example_task_group_decorator.py for tasks to queue
[2022-11-08T20:32:59.917+0900] {logging_mixin.py:117} INFO - [2022-11-08T20:32:59.917+0900] {dagbag.py:525} INFO - Filling up the DagBag from /home/steve/.local/lib/python3.8/site-packages/airflow/example_dags/example_task_group_decorator.py
[2022-11-08T20:33:00.014+0900] {processor.py:768} INFO - DAG(s) dict_keys(['example_task_group_decorator']) retrieved from /home/steve/.local/lib/python3.8/site-packages/airflow/example_dags/example_task_group_decorator.py
[2022-11-08T20:33:00.031+0900] {logging_mixin.py:117} INFO - [2022-11-08T20:33:00.030+0900] {dag.py:2573} INFO - Sync 1 DAGs
[2022-11-08T20:33:00.041+0900] {logging_mixin.py:117} INFO - [2022-11-08T20:33:00.040+0900] {dag.py:3324} INFO - Setting next_dagrun for example_task_group_decorator to 2022-11-07T11:33:00.040717+00:00, run_after=2022-11-08T11:33:00.040717+00:00
[2022-11-08T20:33:00.061+0900] {processor.py:178} INFO - Processing /home/steve/.local/lib/python3.8/site-packages/airflow/example_dags/example_task_group_decorator.py took 0.148 seconds
[2022-11-08T20:33:38.755+0900] {processor.py:156} INFO - Started process (PID=11024) to work on /home/steve/.local/lib/python3.8/site-packages/airflow/example_dags/example_task_group_decorator.py
[2022-11-08T20:33:38.756+0900] {processor.py:758} INFO - Processing file /home/steve/.local/lib/python3.8/site-packages/airflow/example_dags/example_task_group_decorator.py for tasks to queue
[2022-11-08T20:33:38.756+0900] {logging_mixin.py:117} INFO - [2022-11-08T20:33:38.756+0900] {dagbag.py:525} INFO - Filling up the DagBag from /home/steve/.local/lib/python3.8/site-packages/airflow/example_dags/example_task_group_decorator.py
[2022-11-08T20:33:38.851+0900] {processor.py:768} INFO - DAG(s) dict_keys(['example_task_group_decorator']) retrieved from /home/steve/.local/lib/python3.8/site-packages/airflow/example_dags/example_task_group_decorator.py
[2022-11-08T20:33:38.866+0900] {logging_mixin.py:117} INFO - [2022-11-08T20:33:38.866+0900] {dag.py:2573} INFO - Sync 1 DAGs
[2022-11-08T20:33:38.877+0900] {logging_mixin.py:117} INFO - [2022-11-08T20:33:38.877+0900] {dag.py:3324} INFO - Setting next_dagrun for example_task_group_decorator to 2022-11-07T11:33:38.877175+00:00, run_after=2022-11-08T11:33:38.877175+00:00
[2022-11-08T20:33:38.893+0900] {processor.py:178} INFO - Processing /home/steve/.local/lib/python3.8/site-packages/airflow/example_dags/example_task_group_decorator.py took 0.140 seconds
[2022-11-08T20:34:11.403+0900] {processor.py:156} INFO - Started process (PID=11057) to work on /home/steve/.local/lib/python3.8/site-packages/airflow/example_dags/example_task_group_decorator.py
[2022-11-08T20:34:11.405+0900] {processor.py:758} INFO - Processing file /home/steve/.local/lib/python3.8/site-packages/airflow/example_dags/example_task_group_decorator.py for tasks to queue
[2022-11-08T20:34:11.405+0900] {logging_mixin.py:117} INFO - [2022-11-08T20:34:11.405+0900] {dagbag.py:525} INFO - Filling up the DagBag from /home/steve/.local/lib/python3.8/site-packages/airflow/example_dags/example_task_group_decorator.py
[2022-11-08T20:34:11.422+0900] {processor.py:768} INFO - DAG(s) dict_keys(['example_task_group_decorator']) retrieved from /home/steve/.local/lib/python3.8/site-packages/airflow/example_dags/example_task_group_decorator.py
[2022-11-08T20:34:11.438+0900] {logging_mixin.py:117} INFO - [2022-11-08T20:34:11.438+0900] {dag.py:2573} INFO - Sync 1 DAGs
[2022-11-08T20:34:11.447+0900] {logging_mixin.py:117} INFO - [2022-11-08T20:34:11.447+0900] {dag.py:3324} INFO - Setting next_dagrun for example_task_group_decorator to 2022-11-07T11:34:11.447235+00:00, run_after=2022-11-08T11:34:11.447235+00:00
[2022-11-08T20:34:11.463+0900] {processor.py:178} INFO - Processing /home/steve/.local/lib/python3.8/site-packages/airflow/example_dags/example_task_group_decorator.py took 0.062 seconds
[2022-11-08T20:34:45.631+0900] {processor.py:156} INFO - Started process (PID=11091) to work on /home/steve/.local/lib/python3.8/site-packages/airflow/example_dags/example_task_group_decorator.py
[2022-11-08T20:34:45.633+0900] {processor.py:758} INFO - Processing file /home/steve/.local/lib/python3.8/site-packages/airflow/example_dags/example_task_group_decorator.py for tasks to queue
[2022-11-08T20:34:45.633+0900] {logging_mixin.py:117} INFO - [2022-11-08T20:34:45.633+0900] {dagbag.py:525} INFO - Filling up the DagBag from /home/steve/.local/lib/python3.8/site-packages/airflow/example_dags/example_task_group_decorator.py
[2022-11-08T20:34:45.651+0900] {processor.py:768} INFO - DAG(s) dict_keys(['example_task_group_decorator']) retrieved from /home/steve/.local/lib/python3.8/site-packages/airflow/example_dags/example_task_group_decorator.py
[2022-11-08T20:34:45.668+0900] {logging_mixin.py:117} INFO - [2022-11-08T20:34:45.668+0900] {dag.py:2573} INFO - Sync 1 DAGs
[2022-11-08T20:34:45.678+0900] {logging_mixin.py:117} INFO - [2022-11-08T20:34:45.678+0900] {dag.py:3324} INFO - Setting next_dagrun for example_task_group_decorator to 2022-11-07T11:34:45.678168+00:00, run_after=2022-11-08T11:34:45.678168+00:00
[2022-11-08T20:34:45.695+0900] {processor.py:178} INFO - Processing /home/steve/.local/lib/python3.8/site-packages/airflow/example_dags/example_task_group_decorator.py took 0.065 seconds
[2022-11-08T20:35:19.224+0900] {processor.py:156} INFO - Started process (PID=11127) to work on /home/steve/.local/lib/python3.8/site-packages/airflow/example_dags/example_task_group_decorator.py
[2022-11-08T20:35:19.226+0900] {processor.py:758} INFO - Processing file /home/steve/.local/lib/python3.8/site-packages/airflow/example_dags/example_task_group_decorator.py for tasks to queue
[2022-11-08T20:35:19.226+0900] {logging_mixin.py:117} INFO - [2022-11-08T20:35:19.226+0900] {dagbag.py:525} INFO - Filling up the DagBag from /home/steve/.local/lib/python3.8/site-packages/airflow/example_dags/example_task_group_decorator.py
[2022-11-08T20:35:19.241+0900] {processor.py:768} INFO - DAG(s) dict_keys(['example_task_group_decorator']) retrieved from /home/steve/.local/lib/python3.8/site-packages/airflow/example_dags/example_task_group_decorator.py
[2022-11-08T20:35:19.257+0900] {logging_mixin.py:117} INFO - [2022-11-08T20:35:19.256+0900] {dag.py:2573} INFO - Sync 1 DAGs
[2022-11-08T20:35:19.266+0900] {logging_mixin.py:117} INFO - [2022-11-08T20:35:19.266+0900] {dag.py:3324} INFO - Setting next_dagrun for example_task_group_decorator to 2022-11-07T11:35:19.266068+00:00, run_after=2022-11-08T11:35:19.266068+00:00
[2022-11-08T20:35:19.282+0900] {processor.py:178} INFO - Processing /home/steve/.local/lib/python3.8/site-packages/airflow/example_dags/example_task_group_decorator.py took 0.060 seconds
[2022-11-08T20:35:50.797+0900] {processor.py:156} INFO - Started process (PID=11159) to work on /home/steve/.local/lib/python3.8/site-packages/airflow/example_dags/example_task_group_decorator.py
[2022-11-08T20:35:50.798+0900] {processor.py:758} INFO - Processing file /home/steve/.local/lib/python3.8/site-packages/airflow/example_dags/example_task_group_decorator.py for tasks to queue
[2022-11-08T20:35:50.798+0900] {logging_mixin.py:117} INFO - [2022-11-08T20:35:50.798+0900] {dagbag.py:525} INFO - Filling up the DagBag from /home/steve/.local/lib/python3.8/site-packages/airflow/example_dags/example_task_group_decorator.py
[2022-11-08T20:35:50.816+0900] {processor.py:768} INFO - DAG(s) dict_keys(['example_task_group_decorator']) retrieved from /home/steve/.local/lib/python3.8/site-packages/airflow/example_dags/example_task_group_decorator.py
[2022-11-08T20:35:50.834+0900] {logging_mixin.py:117} INFO - [2022-11-08T20:35:50.834+0900] {dag.py:2573} INFO - Sync 1 DAGs
[2022-11-08T20:35:50.844+0900] {logging_mixin.py:117} INFO - [2022-11-08T20:35:50.844+0900] {dag.py:3324} INFO - Setting next_dagrun for example_task_group_decorator to 2022-11-07T11:35:50.844521+00:00, run_after=2022-11-08T11:35:50.844521+00:00
[2022-11-08T20:35:50.868+0900] {processor.py:178} INFO - Processing /home/steve/.local/lib/python3.8/site-packages/airflow/example_dags/example_task_group_decorator.py took 0.073 seconds
[2022-11-08T20:36:24.882+0900] {processor.py:156} INFO - Started process (PID=11195) to work on /home/steve/.local/lib/python3.8/site-packages/airflow/example_dags/example_task_group_decorator.py
[2022-11-08T20:36:24.884+0900] {processor.py:758} INFO - Processing file /home/steve/.local/lib/python3.8/site-packages/airflow/example_dags/example_task_group_decorator.py for tasks to queue
[2022-11-08T20:36:24.885+0900] {logging_mixin.py:117} INFO - [2022-11-08T20:36:24.885+0900] {dagbag.py:525} INFO - Filling up the DagBag from /home/steve/.local/lib/python3.8/site-packages/airflow/example_dags/example_task_group_decorator.py
[2022-11-08T20:36:24.902+0900] {processor.py:768} INFO - DAG(s) dict_keys(['example_task_group_decorator']) retrieved from /home/steve/.local/lib/python3.8/site-packages/airflow/example_dags/example_task_group_decorator.py
[2022-11-08T20:36:24.918+0900] {logging_mixin.py:117} INFO - [2022-11-08T20:36:24.918+0900] {dag.py:2573} INFO - Sync 1 DAGs
[2022-11-08T20:36:24.929+0900] {logging_mixin.py:117} INFO - [2022-11-08T20:36:24.929+0900] {dag.py:3324} INFO - Setting next_dagrun for example_task_group_decorator to 2022-11-07T11:36:24.929695+00:00, run_after=2022-11-08T11:36:24.929695+00:00
[2022-11-08T20:36:24.947+0900] {processor.py:178} INFO - Processing /home/steve/.local/lib/python3.8/site-packages/airflow/example_dags/example_task_group_decorator.py took 0.067 seconds
[2022-11-08T20:36:59.032+0900] {processor.py:156} INFO - Started process (PID=11258) to work on /home/steve/.local/lib/python3.8/site-packages/airflow/example_dags/example_task_group_decorator.py
[2022-11-08T20:36:59.033+0900] {processor.py:758} INFO - Processing file /home/steve/.local/lib/python3.8/site-packages/airflow/example_dags/example_task_group_decorator.py for tasks to queue
[2022-11-08T20:36:59.033+0900] {logging_mixin.py:117} INFO - [2022-11-08T20:36:59.033+0900] {dagbag.py:525} INFO - Filling up the DagBag from /home/steve/.local/lib/python3.8/site-packages/airflow/example_dags/example_task_group_decorator.py
[2022-11-08T20:36:59.049+0900] {processor.py:768} INFO - DAG(s) dict_keys(['example_task_group_decorator']) retrieved from /home/steve/.local/lib/python3.8/site-packages/airflow/example_dags/example_task_group_decorator.py
[2022-11-08T20:36:59.065+0900] {logging_mixin.py:117} INFO - [2022-11-08T20:36:59.065+0900] {dag.py:2573} INFO - Sync 1 DAGs
[2022-11-08T20:36:59.075+0900] {logging_mixin.py:117} INFO - [2022-11-08T20:36:59.075+0900] {dag.py:3324} INFO - Setting next_dagrun for example_task_group_decorator to 2022-11-07T11:36:59.074925+00:00, run_after=2022-11-08T11:36:59.074925+00:00
[2022-11-08T20:36:59.092+0900] {processor.py:178} INFO - Processing /home/steve/.local/lib/python3.8/site-packages/airflow/example_dags/example_task_group_decorator.py took 0.062 seconds
[2022-11-08T20:37:30.407+0900] {processor.py:156} INFO - Started process (PID=11291) to work on /home/steve/.local/lib/python3.8/site-packages/airflow/example_dags/example_task_group_decorator.py
[2022-11-08T20:37:30.407+0900] {processor.py:758} INFO - Processing file /home/steve/.local/lib/python3.8/site-packages/airflow/example_dags/example_task_group_decorator.py for tasks to queue
[2022-11-08T20:37:30.408+0900] {logging_mixin.py:117} INFO - [2022-11-08T20:37:30.408+0900] {dagbag.py:525} INFO - Filling up the DagBag from /home/steve/.local/lib/python3.8/site-packages/airflow/example_dags/example_task_group_decorator.py
[2022-11-08T20:37:30.424+0900] {processor.py:768} INFO - DAG(s) dict_keys(['example_task_group_decorator']) retrieved from /home/steve/.local/lib/python3.8/site-packages/airflow/example_dags/example_task_group_decorator.py
[2022-11-08T20:37:30.439+0900] {logging_mixin.py:117} INFO - [2022-11-08T20:37:30.439+0900] {dag.py:2573} INFO - Sync 1 DAGs
[2022-11-08T20:37:30.449+0900] {logging_mixin.py:117} INFO - [2022-11-08T20:37:30.449+0900] {dag.py:3324} INFO - Setting next_dagrun for example_task_group_decorator to 2022-11-07T11:37:30.449587+00:00, run_after=2022-11-08T11:37:30.449587+00:00
[2022-11-08T20:37:30.465+0900] {processor.py:178} INFO - Processing /home/steve/.local/lib/python3.8/site-packages/airflow/example_dags/example_task_group_decorator.py took 0.059 seconds
[2022-11-08T20:38:01.147+0900] {processor.py:156} INFO - Started process (PID=11325) to work on /home/steve/.local/lib/python3.8/site-packages/airflow/example_dags/example_task_group_decorator.py
[2022-11-08T20:38:01.149+0900] {processor.py:758} INFO - Processing file /home/steve/.local/lib/python3.8/site-packages/airflow/example_dags/example_task_group_decorator.py for tasks to queue
[2022-11-08T20:38:01.149+0900] {logging_mixin.py:117} INFO - [2022-11-08T20:38:01.149+0900] {dagbag.py:525} INFO - Filling up the DagBag from /home/steve/.local/lib/python3.8/site-packages/airflow/example_dags/example_task_group_decorator.py
[2022-11-08T20:38:01.165+0900] {processor.py:768} INFO - DAG(s) dict_keys(['example_task_group_decorator']) retrieved from /home/steve/.local/lib/python3.8/site-packages/airflow/example_dags/example_task_group_decorator.py
[2022-11-08T20:38:01.181+0900] {logging_mixin.py:117} INFO - [2022-11-08T20:38:01.181+0900] {dag.py:2573} INFO - Sync 1 DAGs
[2022-11-08T20:38:01.190+0900] {logging_mixin.py:117} INFO - [2022-11-08T20:38:01.190+0900] {dag.py:3324} INFO - Setting next_dagrun for example_task_group_decorator to 2022-11-07T11:38:01.190729+00:00, run_after=2022-11-08T11:38:01.190729+00:00
[2022-11-08T20:38:01.206+0900] {processor.py:178} INFO - Processing /home/steve/.local/lib/python3.8/site-packages/airflow/example_dags/example_task_group_decorator.py took 0.061 seconds
[2022-11-08T20:38:33.484+0900] {processor.py:156} INFO - Started process (PID=11359) to work on /home/steve/.local/lib/python3.8/site-packages/airflow/example_dags/example_task_group_decorator.py
[2022-11-08T20:38:33.484+0900] {processor.py:758} INFO - Processing file /home/steve/.local/lib/python3.8/site-packages/airflow/example_dags/example_task_group_decorator.py for tasks to queue
[2022-11-08T20:38:33.484+0900] {logging_mixin.py:117} INFO - [2022-11-08T20:38:33.484+0900] {dagbag.py:525} INFO - Filling up the DagBag from /home/steve/.local/lib/python3.8/site-packages/airflow/example_dags/example_task_group_decorator.py
[2022-11-08T20:38:33.500+0900] {processor.py:768} INFO - DAG(s) dict_keys(['example_task_group_decorator']) retrieved from /home/steve/.local/lib/python3.8/site-packages/airflow/example_dags/example_task_group_decorator.py
[2022-11-08T20:38:33.516+0900] {logging_mixin.py:117} INFO - [2022-11-08T20:38:33.515+0900] {dag.py:2573} INFO - Sync 1 DAGs
[2022-11-08T20:38:33.525+0900] {logging_mixin.py:117} INFO - [2022-11-08T20:38:33.525+0900] {dag.py:3324} INFO - Setting next_dagrun for example_task_group_decorator to 2022-11-07T11:38:33.525326+00:00, run_after=2022-11-08T11:38:33.525326+00:00
[2022-11-08T20:38:33.540+0900] {processor.py:178} INFO - Processing /home/steve/.local/lib/python3.8/site-packages/airflow/example_dags/example_task_group_decorator.py took 0.058 seconds
[2022-11-08T20:39:06.623+0900] {processor.py:156} INFO - Started process (PID=11394) to work on /home/steve/.local/lib/python3.8/site-packages/airflow/example_dags/example_task_group_decorator.py
[2022-11-08T20:39:06.625+0900] {processor.py:758} INFO - Processing file /home/steve/.local/lib/python3.8/site-packages/airflow/example_dags/example_task_group_decorator.py for tasks to queue
[2022-11-08T20:39:06.625+0900] {logging_mixin.py:117} INFO - [2022-11-08T20:39:06.625+0900] {dagbag.py:525} INFO - Filling up the DagBag from /home/steve/.local/lib/python3.8/site-packages/airflow/example_dags/example_task_group_decorator.py
[2022-11-08T20:39:06.641+0900] {processor.py:768} INFO - DAG(s) dict_keys(['example_task_group_decorator']) retrieved from /home/steve/.local/lib/python3.8/site-packages/airflow/example_dags/example_task_group_decorator.py
[2022-11-08T20:39:06.656+0900] {logging_mixin.py:117} INFO - [2022-11-08T20:39:06.656+0900] {dag.py:2573} INFO - Sync 1 DAGs
[2022-11-08T20:39:06.665+0900] {logging_mixin.py:117} INFO - [2022-11-08T20:39:06.665+0900] {dag.py:3324} INFO - Setting next_dagrun for example_task_group_decorator to 2022-11-07T11:39:06.665340+00:00, run_after=2022-11-08T11:39:06.665340+00:00
[2022-11-08T20:39:06.680+0900] {processor.py:178} INFO - Processing /home/steve/.local/lib/python3.8/site-packages/airflow/example_dags/example_task_group_decorator.py took 0.059 seconds
[2022-11-08T20:39:43.370+0900] {processor.py:156} INFO - Started process (PID=11431) to work on /home/steve/.local/lib/python3.8/site-packages/airflow/example_dags/example_task_group_decorator.py
[2022-11-08T20:39:43.372+0900] {processor.py:758} INFO - Processing file /home/steve/.local/lib/python3.8/site-packages/airflow/example_dags/example_task_group_decorator.py for tasks to queue
[2022-11-08T20:39:43.372+0900] {logging_mixin.py:117} INFO - [2022-11-08T20:39:43.372+0900] {dagbag.py:525} INFO - Filling up the DagBag from /home/steve/.local/lib/python3.8/site-packages/airflow/example_dags/example_task_group_decorator.py
[2022-11-08T20:39:43.389+0900] {processor.py:768} INFO - DAG(s) dict_keys(['example_task_group_decorator']) retrieved from /home/steve/.local/lib/python3.8/site-packages/airflow/example_dags/example_task_group_decorator.py
[2022-11-08T20:39:43.405+0900] {logging_mixin.py:117} INFO - [2022-11-08T20:39:43.405+0900] {dag.py:2573} INFO - Sync 1 DAGs
[2022-11-08T20:39:43.415+0900] {logging_mixin.py:117} INFO - [2022-11-08T20:39:43.414+0900] {dag.py:3324} INFO - Setting next_dagrun for example_task_group_decorator to 2022-11-07T11:39:43.414859+00:00, run_after=2022-11-08T11:39:43.414859+00:00
[2022-11-08T20:39:43.434+0900] {processor.py:178} INFO - Processing /home/steve/.local/lib/python3.8/site-packages/airflow/example_dags/example_task_group_decorator.py took 0.066 seconds
[2022-11-08T20:40:18.626+0900] {processor.py:156} INFO - Started process (PID=11466) to work on /home/steve/.local/lib/python3.8/site-packages/airflow/example_dags/example_task_group_decorator.py
[2022-11-08T20:40:18.628+0900] {processor.py:758} INFO - Processing file /home/steve/.local/lib/python3.8/site-packages/airflow/example_dags/example_task_group_decorator.py for tasks to queue
[2022-11-08T20:40:18.629+0900] {logging_mixin.py:117} INFO - [2022-11-08T20:40:18.629+0900] {dagbag.py:525} INFO - Filling up the DagBag from /home/steve/.local/lib/python3.8/site-packages/airflow/example_dags/example_task_group_decorator.py
[2022-11-08T20:40:18.645+0900] {processor.py:768} INFO - DAG(s) dict_keys(['example_task_group_decorator']) retrieved from /home/steve/.local/lib/python3.8/site-packages/airflow/example_dags/example_task_group_decorator.py
[2022-11-08T20:40:18.660+0900] {logging_mixin.py:117} INFO - [2022-11-08T20:40:18.660+0900] {dag.py:2573} INFO - Sync 1 DAGs
[2022-11-08T20:40:18.670+0900] {logging_mixin.py:117} INFO - [2022-11-08T20:40:18.670+0900] {dag.py:3324} INFO - Setting next_dagrun for example_task_group_decorator to 2022-11-07T11:40:18.670209+00:00, run_after=2022-11-08T11:40:18.670209+00:00
[2022-11-08T20:40:18.687+0900] {processor.py:178} INFO - Processing /home/steve/.local/lib/python3.8/site-packages/airflow/example_dags/example_task_group_decorator.py took 0.062 seconds
[2022-11-08T20:40:52.228+0900] {processor.py:156} INFO - Started process (PID=11502) to work on /home/steve/.local/lib/python3.8/site-packages/airflow/example_dags/example_task_group_decorator.py
[2022-11-08T20:40:52.230+0900] {processor.py:758} INFO - Processing file /home/steve/.local/lib/python3.8/site-packages/airflow/example_dags/example_task_group_decorator.py for tasks to queue
[2022-11-08T20:40:52.230+0900] {logging_mixin.py:117} INFO - [2022-11-08T20:40:52.230+0900] {dagbag.py:525} INFO - Filling up the DagBag from /home/steve/.local/lib/python3.8/site-packages/airflow/example_dags/example_task_group_decorator.py
[2022-11-08T20:40:52.246+0900] {processor.py:768} INFO - DAG(s) dict_keys(['example_task_group_decorator']) retrieved from /home/steve/.local/lib/python3.8/site-packages/airflow/example_dags/example_task_group_decorator.py
[2022-11-08T20:40:52.261+0900] {logging_mixin.py:117} INFO - [2022-11-08T20:40:52.261+0900] {dag.py:2573} INFO - Sync 1 DAGs
[2022-11-08T20:40:52.272+0900] {logging_mixin.py:117} INFO - [2022-11-08T20:40:52.272+0900] {dag.py:3324} INFO - Setting next_dagrun for example_task_group_decorator to 2022-11-07T11:40:52.271956+00:00, run_after=2022-11-08T11:40:52.271956+00:00
[2022-11-08T20:40:52.288+0900] {processor.py:178} INFO - Processing /home/steve/.local/lib/python3.8/site-packages/airflow/example_dags/example_task_group_decorator.py took 0.062 seconds
[2022-11-08T20:41:25.002+0900] {processor.py:156} INFO - Started process (PID=11536) to work on /home/steve/.local/lib/python3.8/site-packages/airflow/example_dags/example_task_group_decorator.py
[2022-11-08T20:41:25.002+0900] {processor.py:758} INFO - Processing file /home/steve/.local/lib/python3.8/site-packages/airflow/example_dags/example_task_group_decorator.py for tasks to queue
[2022-11-08T20:41:25.002+0900] {logging_mixin.py:117} INFO - [2022-11-08T20:41:25.002+0900] {dagbag.py:525} INFO - Filling up the DagBag from /home/steve/.local/lib/python3.8/site-packages/airflow/example_dags/example_task_group_decorator.py
[2022-11-08T20:41:25.019+0900] {processor.py:768} INFO - DAG(s) dict_keys(['example_task_group_decorator']) retrieved from /home/steve/.local/lib/python3.8/site-packages/airflow/example_dags/example_task_group_decorator.py
[2022-11-08T20:41:25.035+0900] {logging_mixin.py:117} INFO - [2022-11-08T20:41:25.035+0900] {dag.py:2573} INFO - Sync 1 DAGs
[2022-11-08T20:41:25.046+0900] {logging_mixin.py:117} INFO - [2022-11-08T20:41:25.046+0900] {dag.py:3324} INFO - Setting next_dagrun for example_task_group_decorator to 2022-11-07T11:41:25.045978+00:00, run_after=2022-11-08T11:41:25.045978+00:00
[2022-11-08T20:41:25.062+0900] {processor.py:178} INFO - Processing /home/steve/.local/lib/python3.8/site-packages/airflow/example_dags/example_task_group_decorator.py took 0.062 seconds
[2022-11-08T20:41:59.453+0900] {processor.py:156} INFO - Started process (PID=11601) to work on /home/steve/.local/lib/python3.8/site-packages/airflow/example_dags/example_task_group_decorator.py
[2022-11-08T20:41:59.454+0900] {processor.py:758} INFO - Processing file /home/steve/.local/lib/python3.8/site-packages/airflow/example_dags/example_task_group_decorator.py for tasks to queue
[2022-11-08T20:41:59.455+0900] {logging_mixin.py:117} INFO - [2022-11-08T20:41:59.454+0900] {dagbag.py:525} INFO - Filling up the DagBag from /home/steve/.local/lib/python3.8/site-packages/airflow/example_dags/example_task_group_decorator.py
[2022-11-08T20:41:59.471+0900] {processor.py:768} INFO - DAG(s) dict_keys(['example_task_group_decorator']) retrieved from /home/steve/.local/lib/python3.8/site-packages/airflow/example_dags/example_task_group_decorator.py
[2022-11-08T20:41:59.488+0900] {logging_mixin.py:117} INFO - [2022-11-08T20:41:59.488+0900] {dag.py:2573} INFO - Sync 1 DAGs
[2022-11-08T20:41:59.502+0900] {logging_mixin.py:117} INFO - [2022-11-08T20:41:59.502+0900] {dag.py:3324} INFO - Setting next_dagrun for example_task_group_decorator to 2022-11-07T11:41:59.501855+00:00, run_after=2022-11-08T11:41:59.501855+00:00
[2022-11-08T20:41:59.519+0900] {processor.py:178} INFO - Processing /home/steve/.local/lib/python3.8/site-packages/airflow/example_dags/example_task_group_decorator.py took 0.067 seconds
[2022-11-08T20:42:31.998+0900] {processor.py:156} INFO - Started process (PID=11634) to work on /home/steve/.local/lib/python3.8/site-packages/airflow/example_dags/example_task_group_decorator.py
[2022-11-08T20:42:32.000+0900] {processor.py:758} INFO - Processing file /home/steve/.local/lib/python3.8/site-packages/airflow/example_dags/example_task_group_decorator.py for tasks to queue
[2022-11-08T20:42:32.000+0900] {logging_mixin.py:117} INFO - [2022-11-08T20:42:32.000+0900] {dagbag.py:525} INFO - Filling up the DagBag from /home/steve/.local/lib/python3.8/site-packages/airflow/example_dags/example_task_group_decorator.py
[2022-11-08T20:42:32.016+0900] {processor.py:768} INFO - DAG(s) dict_keys(['example_task_group_decorator']) retrieved from /home/steve/.local/lib/python3.8/site-packages/airflow/example_dags/example_task_group_decorator.py
[2022-11-08T20:42:32.032+0900] {logging_mixin.py:117} INFO - [2022-11-08T20:42:32.032+0900] {dag.py:2573} INFO - Sync 1 DAGs
[2022-11-08T20:42:32.042+0900] {logging_mixin.py:117} INFO - [2022-11-08T20:42:32.041+0900] {dag.py:3324} INFO - Setting next_dagrun for example_task_group_decorator to 2022-11-07T11:42:32.041856+00:00, run_after=2022-11-08T11:42:32.041856+00:00
[2022-11-08T20:42:32.056+0900] {processor.py:178} INFO - Processing /home/steve/.local/lib/python3.8/site-packages/airflow/example_dags/example_task_group_decorator.py took 0.060 seconds
[2022-11-08T20:43:03.384+0900] {processor.py:156} INFO - Started process (PID=11667) to work on /home/steve/.local/lib/python3.8/site-packages/airflow/example_dags/example_task_group_decorator.py
[2022-11-08T20:43:03.386+0900] {processor.py:758} INFO - Processing file /home/steve/.local/lib/python3.8/site-packages/airflow/example_dags/example_task_group_decorator.py for tasks to queue
[2022-11-08T20:43:03.387+0900] {logging_mixin.py:117} INFO - [2022-11-08T20:43:03.386+0900] {dagbag.py:525} INFO - Filling up the DagBag from /home/steve/.local/lib/python3.8/site-packages/airflow/example_dags/example_task_group_decorator.py
[2022-11-08T20:43:03.405+0900] {processor.py:768} INFO - DAG(s) dict_keys(['example_task_group_decorator']) retrieved from /home/steve/.local/lib/python3.8/site-packages/airflow/example_dags/example_task_group_decorator.py
[2022-11-08T20:43:03.423+0900] {logging_mixin.py:117} INFO - [2022-11-08T20:43:03.423+0900] {dag.py:2573} INFO - Sync 1 DAGs
[2022-11-08T20:43:03.435+0900] {logging_mixin.py:117} INFO - [2022-11-08T20:43:03.435+0900] {dag.py:3324} INFO - Setting next_dagrun for example_task_group_decorator to 2022-11-07T11:43:03.435213+00:00, run_after=2022-11-08T11:43:03.435213+00:00
[2022-11-08T20:43:03.454+0900] {processor.py:178} INFO - Processing /home/steve/.local/lib/python3.8/site-packages/airflow/example_dags/example_task_group_decorator.py took 0.072 seconds
[2022-11-08T20:43:41.549+0900] {processor.py:156} INFO - Started process (PID=11705) to work on /home/steve/.local/lib/python3.8/site-packages/airflow/example_dags/example_task_group_decorator.py
[2022-11-08T20:43:41.551+0900] {processor.py:758} INFO - Processing file /home/steve/.local/lib/python3.8/site-packages/airflow/example_dags/example_task_group_decorator.py for tasks to queue
[2022-11-08T20:43:41.551+0900] {logging_mixin.py:117} INFO - [2022-11-08T20:43:41.551+0900] {dagbag.py:525} INFO - Filling up the DagBag from /home/steve/.local/lib/python3.8/site-packages/airflow/example_dags/example_task_group_decorator.py
[2022-11-08T20:43:41.568+0900] {processor.py:768} INFO - DAG(s) dict_keys(['example_task_group_decorator']) retrieved from /home/steve/.local/lib/python3.8/site-packages/airflow/example_dags/example_task_group_decorator.py
[2022-11-08T20:43:41.584+0900] {logging_mixin.py:117} INFO - [2022-11-08T20:43:41.583+0900] {dag.py:2573} INFO - Sync 1 DAGs
[2022-11-08T20:43:41.594+0900] {logging_mixin.py:117} INFO - [2022-11-08T20:43:41.593+0900] {dag.py:3324} INFO - Setting next_dagrun for example_task_group_decorator to 2022-11-07T11:43:41.593800+00:00, run_after=2022-11-08T11:43:41.593800+00:00
[2022-11-08T20:43:41.611+0900] {processor.py:178} INFO - Processing /home/steve/.local/lib/python3.8/site-packages/airflow/example_dags/example_task_group_decorator.py took 0.064 seconds
[2022-11-08T20:44:14.820+0900] {processor.py:156} INFO - Started process (PID=11741) to work on /home/steve/.local/lib/python3.8/site-packages/airflow/example_dags/example_task_group_decorator.py
[2022-11-08T20:44:14.823+0900] {processor.py:758} INFO - Processing file /home/steve/.local/lib/python3.8/site-packages/airflow/example_dags/example_task_group_decorator.py for tasks to queue
[2022-11-08T20:44:14.823+0900] {logging_mixin.py:117} INFO - [2022-11-08T20:44:14.823+0900] {dagbag.py:525} INFO - Filling up the DagBag from /home/steve/.local/lib/python3.8/site-packages/airflow/example_dags/example_task_group_decorator.py
[2022-11-08T20:44:14.841+0900] {processor.py:768} INFO - DAG(s) dict_keys(['example_task_group_decorator']) retrieved from /home/steve/.local/lib/python3.8/site-packages/airflow/example_dags/example_task_group_decorator.py
[2022-11-08T20:44:14.860+0900] {logging_mixin.py:117} INFO - [2022-11-08T20:44:14.860+0900] {dag.py:2573} INFO - Sync 1 DAGs
[2022-11-08T20:44:14.873+0900] {logging_mixin.py:117} INFO - [2022-11-08T20:44:14.872+0900] {dag.py:3324} INFO - Setting next_dagrun for example_task_group_decorator to 2022-11-07T11:44:14.872799+00:00, run_after=2022-11-08T11:44:14.872799+00:00
[2022-11-08T20:44:14.890+0900] {processor.py:178} INFO - Processing /home/steve/.local/lib/python3.8/site-packages/airflow/example_dags/example_task_group_decorator.py took 0.072 seconds
[2022-11-08T20:44:45.798+0900] {processor.py:156} INFO - Started process (PID=11775) to work on /home/steve/.local/lib/python3.8/site-packages/airflow/example_dags/example_task_group_decorator.py
[2022-11-08T20:44:45.799+0900] {processor.py:758} INFO - Processing file /home/steve/.local/lib/python3.8/site-packages/airflow/example_dags/example_task_group_decorator.py for tasks to queue
[2022-11-08T20:44:45.799+0900] {logging_mixin.py:117} INFO - [2022-11-08T20:44:45.799+0900] {dagbag.py:525} INFO - Filling up the DagBag from /home/steve/.local/lib/python3.8/site-packages/airflow/example_dags/example_task_group_decorator.py
[2022-11-08T20:44:45.816+0900] {processor.py:768} INFO - DAG(s) dict_keys(['example_task_group_decorator']) retrieved from /home/steve/.local/lib/python3.8/site-packages/airflow/example_dags/example_task_group_decorator.py
[2022-11-08T20:44:45.834+0900] {logging_mixin.py:117} INFO - [2022-11-08T20:44:45.834+0900] {dag.py:2573} INFO - Sync 1 DAGs
[2022-11-08T20:44:45.845+0900] {logging_mixin.py:117} INFO - [2022-11-08T20:44:45.845+0900] {dag.py:3324} INFO - Setting next_dagrun for example_task_group_decorator to 2022-11-07T11:44:45.845316+00:00, run_after=2022-11-08T11:44:45.845316+00:00
[2022-11-08T20:44:45.864+0900] {processor.py:178} INFO - Processing /home/steve/.local/lib/python3.8/site-packages/airflow/example_dags/example_task_group_decorator.py took 0.067 seconds
[2022-11-08T20:45:21.605+0900] {processor.py:156} INFO - Started process (PID=11810) to work on /home/steve/.local/lib/python3.8/site-packages/airflow/example_dags/example_task_group_decorator.py
[2022-11-08T20:45:21.607+0900] {processor.py:758} INFO - Processing file /home/steve/.local/lib/python3.8/site-packages/airflow/example_dags/example_task_group_decorator.py for tasks to queue
[2022-11-08T20:45:21.608+0900] {logging_mixin.py:117} INFO - [2022-11-08T20:45:21.607+0900] {dagbag.py:525} INFO - Filling up the DagBag from /home/steve/.local/lib/python3.8/site-packages/airflow/example_dags/example_task_group_decorator.py
[2022-11-08T20:45:21.623+0900] {processor.py:768} INFO - DAG(s) dict_keys(['example_task_group_decorator']) retrieved from /home/steve/.local/lib/python3.8/site-packages/airflow/example_dags/example_task_group_decorator.py
[2022-11-08T20:45:21.638+0900] {logging_mixin.py:117} INFO - [2022-11-08T20:45:21.638+0900] {dag.py:2573} INFO - Sync 1 DAGs
[2022-11-08T20:45:21.648+0900] {logging_mixin.py:117} INFO - [2022-11-08T20:45:21.648+0900] {dag.py:3324} INFO - Setting next_dagrun for example_task_group_decorator to 2022-11-07T11:45:21.647909+00:00, run_after=2022-11-08T11:45:21.647909+00:00
[2022-11-08T20:45:21.663+0900] {processor.py:178} INFO - Processing /home/steve/.local/lib/python3.8/site-packages/airflow/example_dags/example_task_group_decorator.py took 0.060 seconds
[2022-11-08T20:45:54.179+0900] {processor.py:156} INFO - Started process (PID=11845) to work on /home/steve/.local/lib/python3.8/site-packages/airflow/example_dags/example_task_group_decorator.py
[2022-11-08T20:45:54.180+0900] {processor.py:758} INFO - Processing file /home/steve/.local/lib/python3.8/site-packages/airflow/example_dags/example_task_group_decorator.py for tasks to queue
[2022-11-08T20:45:54.181+0900] {logging_mixin.py:117} INFO - [2022-11-08T20:45:54.181+0900] {dagbag.py:525} INFO - Filling up the DagBag from /home/steve/.local/lib/python3.8/site-packages/airflow/example_dags/example_task_group_decorator.py
[2022-11-08T20:45:54.197+0900] {processor.py:768} INFO - DAG(s) dict_keys(['example_task_group_decorator']) retrieved from /home/steve/.local/lib/python3.8/site-packages/airflow/example_dags/example_task_group_decorator.py
[2022-11-08T20:45:54.212+0900] {logging_mixin.py:117} INFO - [2022-11-08T20:45:54.212+0900] {dag.py:2573} INFO - Sync 1 DAGs
[2022-11-08T20:45:54.222+0900] {logging_mixin.py:117} INFO - [2022-11-08T20:45:54.222+0900] {dag.py:3324} INFO - Setting next_dagrun for example_task_group_decorator to 2022-11-07T11:45:54.222588+00:00, run_after=2022-11-08T11:45:54.222588+00:00
[2022-11-08T20:45:54.238+0900] {processor.py:178} INFO - Processing /home/steve/.local/lib/python3.8/site-packages/airflow/example_dags/example_task_group_decorator.py took 0.061 seconds
[2022-11-08T20:46:31.279+0900] {processor.py:156} INFO - Started process (PID=11881) to work on /home/steve/.local/lib/python3.8/site-packages/airflow/example_dags/example_task_group_decorator.py
[2022-11-08T20:46:31.281+0900] {processor.py:758} INFO - Processing file /home/steve/.local/lib/python3.8/site-packages/airflow/example_dags/example_task_group_decorator.py for tasks to queue
[2022-11-08T20:46:31.281+0900] {logging_mixin.py:117} INFO - [2022-11-08T20:46:31.281+0900] {dagbag.py:525} INFO - Filling up the DagBag from /home/steve/.local/lib/python3.8/site-packages/airflow/example_dags/example_task_group_decorator.py
[2022-11-08T20:46:31.299+0900] {processor.py:768} INFO - DAG(s) dict_keys(['example_task_group_decorator']) retrieved from /home/steve/.local/lib/python3.8/site-packages/airflow/example_dags/example_task_group_decorator.py
[2022-11-08T20:46:31.317+0900] {logging_mixin.py:117} INFO - [2022-11-08T20:46:31.317+0900] {dag.py:2573} INFO - Sync 1 DAGs
[2022-11-08T20:46:31.329+0900] {logging_mixin.py:117} INFO - [2022-11-08T20:46:31.329+0900] {dag.py:3324} INFO - Setting next_dagrun for example_task_group_decorator to 2022-11-07T11:46:31.329234+00:00, run_after=2022-11-08T11:46:31.329234+00:00
[2022-11-08T20:46:31.346+0900] {processor.py:178} INFO - Processing /home/steve/.local/lib/python3.8/site-packages/airflow/example_dags/example_task_group_decorator.py took 0.069 seconds
[2022-11-08T20:47:05.369+0900] {processor.py:156} INFO - Started process (PID=12029) to work on /home/steve/.local/lib/python3.8/site-packages/airflow/example_dags/example_task_group_decorator.py
[2022-11-08T20:47:05.370+0900] {processor.py:758} INFO - Processing file /home/steve/.local/lib/python3.8/site-packages/airflow/example_dags/example_task_group_decorator.py for tasks to queue
[2022-11-08T20:47:05.371+0900] {logging_mixin.py:117} INFO - [2022-11-08T20:47:05.371+0900] {dagbag.py:525} INFO - Filling up the DagBag from /home/steve/.local/lib/python3.8/site-packages/airflow/example_dags/example_task_group_decorator.py
[2022-11-08T20:47:05.388+0900] {processor.py:768} INFO - DAG(s) dict_keys(['example_task_group_decorator']) retrieved from /home/steve/.local/lib/python3.8/site-packages/airflow/example_dags/example_task_group_decorator.py
[2022-11-08T20:47:05.407+0900] {logging_mixin.py:117} INFO - [2022-11-08T20:47:05.407+0900] {dag.py:2573} INFO - Sync 1 DAGs
[2022-11-08T20:47:05.418+0900] {logging_mixin.py:117} INFO - [2022-11-08T20:47:05.417+0900] {dag.py:3324} INFO - Setting next_dagrun for example_task_group_decorator to 2022-11-07T11:47:05.417653+00:00, run_after=2022-11-08T11:47:05.417653+00:00
[2022-11-08T20:47:05.436+0900] {processor.py:178} INFO - Processing /home/steve/.local/lib/python3.8/site-packages/airflow/example_dags/example_task_group_decorator.py took 0.069 seconds
[2022-11-08T20:47:36.904+0900] {processor.py:156} INFO - Started process (PID=12225) to work on /home/steve/.local/lib/python3.8/site-packages/airflow/example_dags/example_task_group_decorator.py
[2022-11-08T20:47:36.905+0900] {processor.py:758} INFO - Processing file /home/steve/.local/lib/python3.8/site-packages/airflow/example_dags/example_task_group_decorator.py for tasks to queue
[2022-11-08T20:47:36.905+0900] {logging_mixin.py:117} INFO - [2022-11-08T20:47:36.905+0900] {dagbag.py:525} INFO - Filling up the DagBag from /home/steve/.local/lib/python3.8/site-packages/airflow/example_dags/example_task_group_decorator.py
[2022-11-08T20:47:36.924+0900] {processor.py:768} INFO - DAG(s) dict_keys(['example_task_group_decorator']) retrieved from /home/steve/.local/lib/python3.8/site-packages/airflow/example_dags/example_task_group_decorator.py
[2022-11-08T20:47:36.941+0900] {logging_mixin.py:117} INFO - [2022-11-08T20:47:36.941+0900] {dag.py:2573} INFO - Sync 1 DAGs
[2022-11-08T20:47:36.954+0900] {logging_mixin.py:117} INFO - [2022-11-08T20:47:36.954+0900] {dag.py:3324} INFO - Setting next_dagrun for example_task_group_decorator to 2022-11-07T11:47:36.954169+00:00, run_after=2022-11-08T11:47:36.954169+00:00
[2022-11-08T20:47:37.034+0900] {processor.py:178} INFO - Processing /home/steve/.local/lib/python3.8/site-packages/airflow/example_dags/example_task_group_decorator.py took 0.132 seconds
[2022-11-08T20:48:10.415+0900] {processor.py:156} INFO - Started process (PID=12271) to work on /home/steve/.local/lib/python3.8/site-packages/airflow/example_dags/example_task_group_decorator.py
[2022-11-08T20:48:10.418+0900] {processor.py:758} INFO - Processing file /home/steve/.local/lib/python3.8/site-packages/airflow/example_dags/example_task_group_decorator.py for tasks to queue
[2022-11-08T20:48:10.419+0900] {logging_mixin.py:117} INFO - [2022-11-08T20:48:10.418+0900] {dagbag.py:525} INFO - Filling up the DagBag from /home/steve/.local/lib/python3.8/site-packages/airflow/example_dags/example_task_group_decorator.py
[2022-11-08T20:48:10.436+0900] {processor.py:768} INFO - DAG(s) dict_keys(['example_task_group_decorator']) retrieved from /home/steve/.local/lib/python3.8/site-packages/airflow/example_dags/example_task_group_decorator.py
[2022-11-08T20:48:10.454+0900] {logging_mixin.py:117} INFO - [2022-11-08T20:48:10.454+0900] {dag.py:2573} INFO - Sync 1 DAGs
[2022-11-08T20:48:10.466+0900] {logging_mixin.py:117} INFO - [2022-11-08T20:48:10.466+0900] {dag.py:3324} INFO - Setting next_dagrun for example_task_group_decorator to 2022-11-07T11:48:10.466286+00:00, run_after=2022-11-08T11:48:10.466286+00:00
[2022-11-08T20:48:10.485+0900] {processor.py:178} INFO - Processing /home/steve/.local/lib/python3.8/site-packages/airflow/example_dags/example_task_group_decorator.py took 0.072 seconds
[2022-11-08T20:48:46.368+0900] {processor.py:156} INFO - Started process (PID=12306) to work on /home/steve/.local/lib/python3.8/site-packages/airflow/example_dags/example_task_group_decorator.py
[2022-11-08T20:48:46.371+0900] {processor.py:758} INFO - Processing file /home/steve/.local/lib/python3.8/site-packages/airflow/example_dags/example_task_group_decorator.py for tasks to queue
[2022-11-08T20:48:46.371+0900] {logging_mixin.py:117} INFO - [2022-11-08T20:48:46.371+0900] {dagbag.py:525} INFO - Filling up the DagBag from /home/steve/.local/lib/python3.8/site-packages/airflow/example_dags/example_task_group_decorator.py
[2022-11-08T20:48:46.387+0900] {processor.py:768} INFO - DAG(s) dict_keys(['example_task_group_decorator']) retrieved from /home/steve/.local/lib/python3.8/site-packages/airflow/example_dags/example_task_group_decorator.py
[2022-11-08T20:48:46.404+0900] {logging_mixin.py:117} INFO - [2022-11-08T20:48:46.404+0900] {dag.py:2573} INFO - Sync 1 DAGs
[2022-11-08T20:48:46.414+0900] {logging_mixin.py:117} INFO - [2022-11-08T20:48:46.414+0900] {dag.py:3324} INFO - Setting next_dagrun for example_task_group_decorator to 2022-11-07T11:48:46.414595+00:00, run_after=2022-11-08T11:48:46.414595+00:00
[2022-11-08T20:48:46.430+0900] {processor.py:178} INFO - Processing /home/steve/.local/lib/python3.8/site-packages/airflow/example_dags/example_task_group_decorator.py took 0.063 seconds
[2022-11-08T20:49:19.186+0900] {processor.py:156} INFO - Started process (PID=12342) to work on /home/steve/.local/lib/python3.8/site-packages/airflow/example_dags/example_task_group_decorator.py
[2022-11-08T20:49:19.189+0900] {processor.py:758} INFO - Processing file /home/steve/.local/lib/python3.8/site-packages/airflow/example_dags/example_task_group_decorator.py for tasks to queue
[2022-11-08T20:49:19.189+0900] {logging_mixin.py:117} INFO - [2022-11-08T20:49:19.189+0900] {dagbag.py:525} INFO - Filling up the DagBag from /home/steve/.local/lib/python3.8/site-packages/airflow/example_dags/example_task_group_decorator.py
[2022-11-08T20:49:19.205+0900] {processor.py:768} INFO - DAG(s) dict_keys(['example_task_group_decorator']) retrieved from /home/steve/.local/lib/python3.8/site-packages/airflow/example_dags/example_task_group_decorator.py
[2022-11-08T20:49:19.221+0900] {logging_mixin.py:117} INFO - [2022-11-08T20:49:19.221+0900] {dag.py:2573} INFO - Sync 1 DAGs
[2022-11-08T20:49:19.231+0900] {logging_mixin.py:117} INFO - [2022-11-08T20:49:19.231+0900] {dag.py:3324} INFO - Setting next_dagrun for example_task_group_decorator to 2022-11-07T11:49:19.230967+00:00, run_after=2022-11-08T11:49:19.230967+00:00
[2022-11-08T20:49:19.247+0900] {processor.py:178} INFO - Processing /home/steve/.local/lib/python3.8/site-packages/airflow/example_dags/example_task_group_decorator.py took 0.062 seconds
[2022-11-08T20:49:50.900+0900] {processor.py:156} INFO - Started process (PID=12376) to work on /home/steve/.local/lib/python3.8/site-packages/airflow/example_dags/example_task_group_decorator.py
[2022-11-08T20:49:50.900+0900] {processor.py:758} INFO - Processing file /home/steve/.local/lib/python3.8/site-packages/airflow/example_dags/example_task_group_decorator.py for tasks to queue
[2022-11-08T20:49:50.900+0900] {logging_mixin.py:117} INFO - [2022-11-08T20:49:50.900+0900] {dagbag.py:525} INFO - Filling up the DagBag from /home/steve/.local/lib/python3.8/site-packages/airflow/example_dags/example_task_group_decorator.py
[2022-11-08T20:49:50.918+0900] {processor.py:768} INFO - DAG(s) dict_keys(['example_task_group_decorator']) retrieved from /home/steve/.local/lib/python3.8/site-packages/airflow/example_dags/example_task_group_decorator.py
[2022-11-08T20:49:50.936+0900] {logging_mixin.py:117} INFO - [2022-11-08T20:49:50.936+0900] {dag.py:2573} INFO - Sync 1 DAGs
[2022-11-08T20:49:50.948+0900] {logging_mixin.py:117} INFO - [2022-11-08T20:49:50.948+0900] {dag.py:3324} INFO - Setting next_dagrun for example_task_group_decorator to 2022-11-07T11:49:50.947937+00:00, run_after=2022-11-08T11:49:50.947937+00:00
[2022-11-08T20:49:50.963+0900] {processor.py:178} INFO - Processing /home/steve/.local/lib/python3.8/site-packages/airflow/example_dags/example_task_group_decorator.py took 0.065 seconds
[2022-11-08T20:50:24.081+0900] {processor.py:156} INFO - Started process (PID=12467) to work on /home/steve/.local/lib/python3.8/site-packages/airflow/example_dags/example_task_group_decorator.py
[2022-11-08T20:50:24.084+0900] {processor.py:758} INFO - Processing file /home/steve/.local/lib/python3.8/site-packages/airflow/example_dags/example_task_group_decorator.py for tasks to queue
[2022-11-08T20:50:24.084+0900] {logging_mixin.py:117} INFO - [2022-11-08T20:50:24.084+0900] {dagbag.py:525} INFO - Filling up the DagBag from /home/steve/.local/lib/python3.8/site-packages/airflow/example_dags/example_task_group_decorator.py
[2022-11-08T20:50:24.100+0900] {processor.py:768} INFO - DAG(s) dict_keys(['example_task_group_decorator']) retrieved from /home/steve/.local/lib/python3.8/site-packages/airflow/example_dags/example_task_group_decorator.py
[2022-11-08T20:50:24.115+0900] {logging_mixin.py:117} INFO - [2022-11-08T20:50:24.115+0900] {dag.py:2573} INFO - Sync 1 DAGs
[2022-11-08T20:50:24.125+0900] {logging_mixin.py:117} INFO - [2022-11-08T20:50:24.125+0900] {dag.py:3324} INFO - Setting next_dagrun for example_task_group_decorator to 2022-11-07T11:50:24.124907+00:00, run_after=2022-11-08T11:50:24.124907+00:00
[2022-11-08T20:50:24.140+0900] {processor.py:178} INFO - Processing /home/steve/.local/lib/python3.8/site-packages/airflow/example_dags/example_task_group_decorator.py took 0.060 seconds
[2022-11-08T20:50:56.291+0900] {processor.py:156} INFO - Started process (PID=12855) to work on /home/steve/.local/lib/python3.8/site-packages/airflow/example_dags/example_task_group_decorator.py
[2022-11-08T20:50:56.293+0900] {processor.py:758} INFO - Processing file /home/steve/.local/lib/python3.8/site-packages/airflow/example_dags/example_task_group_decorator.py for tasks to queue
[2022-11-08T20:50:56.293+0900] {logging_mixin.py:117} INFO - [2022-11-08T20:50:56.293+0900] {dagbag.py:525} INFO - Filling up the DagBag from /home/steve/.local/lib/python3.8/site-packages/airflow/example_dags/example_task_group_decorator.py
[2022-11-08T20:50:56.310+0900] {processor.py:768} INFO - DAG(s) dict_keys(['example_task_group_decorator']) retrieved from /home/steve/.local/lib/python3.8/site-packages/airflow/example_dags/example_task_group_decorator.py
[2022-11-08T20:50:56.326+0900] {logging_mixin.py:117} INFO - [2022-11-08T20:50:56.326+0900] {dag.py:2573} INFO - Sync 1 DAGs
[2022-11-08T20:50:56.336+0900] {logging_mixin.py:117} INFO - [2022-11-08T20:50:56.336+0900] {dag.py:3324} INFO - Setting next_dagrun for example_task_group_decorator to 2022-11-07T11:50:56.336169+00:00, run_after=2022-11-08T11:50:56.336169+00:00
[2022-11-08T20:50:56.353+0900] {processor.py:178} INFO - Processing /home/steve/.local/lib/python3.8/site-packages/airflow/example_dags/example_task_group_decorator.py took 0.063 seconds
