[2022-11-08T19:44:36.897+0900] {processor.py:156} INFO - Started process (PID=7175) to work on /home/steve/.local/lib/python3.8/site-packages/airflow/example_dags/tutorial_taskflow_api_virtualenv.py
[2022-11-08T19:44:36.897+0900] {processor.py:758} INFO - Processing file /home/steve/.local/lib/python3.8/site-packages/airflow/example_dags/tutorial_taskflow_api_virtualenv.py for tasks to queue
[2022-11-08T19:44:36.897+0900] {logging_mixin.py:117} INFO - [2022-11-08T19:44:36.897+0900] {dagbag.py:525} INFO - Filling up the DagBag from /home/steve/.local/lib/python3.8/site-packages/airflow/example_dags/tutorial_taskflow_api_virtualenv.py
[2022-11-08T19:44:36.998+0900] {logging_mixin.py:117} INFO - [2022-11-08T19:44:36.998+0900] {tutorial_taskflow_api_virtualenv.py:29} WARNING - The tutorial_taskflow_api_virtualenv example DAG requires virtualenv, please install it.
[2022-11-08T19:44:36.998+0900] {processor.py:770} WARNING - No viable dags retrieved from /home/steve/.local/lib/python3.8/site-packages/airflow/example_dags/tutorial_taskflow_api_virtualenv.py
[2022-11-08T19:44:37.003+0900] {processor.py:178} INFO - Processing /home/steve/.local/lib/python3.8/site-packages/airflow/example_dags/tutorial_taskflow_api_virtualenv.py took 0.108 seconds
[2022-11-08T19:45:17.160+0900] {processor.py:156} INFO - Started process (PID=7565) to work on /home/steve/.local/lib/python3.8/site-packages/airflow/example_dags/tutorial_taskflow_api_virtualenv.py
[2022-11-08T19:45:17.161+0900] {processor.py:758} INFO - Processing file /home/steve/.local/lib/python3.8/site-packages/airflow/example_dags/tutorial_taskflow_api_virtualenv.py for tasks to queue
[2022-11-08T19:45:17.161+0900] {logging_mixin.py:117} INFO - [2022-11-08T19:45:17.161+0900] {dagbag.py:525} INFO - Filling up the DagBag from /home/steve/.local/lib/python3.8/site-packages/airflow/example_dags/tutorial_taskflow_api_virtualenv.py
[2022-11-08T19:45:17.248+0900] {logging_mixin.py:117} INFO - [2022-11-08T19:45:17.247+0900] {tutorial_taskflow_api_virtualenv.py:29} WARNING - The tutorial_taskflow_api_virtualenv example DAG requires virtualenv, please install it.
[2022-11-08T19:45:17.248+0900] {processor.py:770} WARNING - No viable dags retrieved from /home/steve/.local/lib/python3.8/site-packages/airflow/example_dags/tutorial_taskflow_api_virtualenv.py
[2022-11-08T19:45:17.252+0900] {processor.py:178} INFO - Processing /home/steve/.local/lib/python3.8/site-packages/airflow/example_dags/tutorial_taskflow_api_virtualenv.py took 0.094 seconds
[2022-11-08T19:45:48.315+0900] {processor.py:156} INFO - Started process (PID=7740) to work on /home/steve/.local/lib/python3.8/site-packages/airflow/example_dags/tutorial_taskflow_api_virtualenv.py
[2022-11-08T19:45:48.315+0900] {processor.py:758} INFO - Processing file /home/steve/.local/lib/python3.8/site-packages/airflow/example_dags/tutorial_taskflow_api_virtualenv.py for tasks to queue
[2022-11-08T19:45:48.316+0900] {logging_mixin.py:117} INFO - [2022-11-08T19:45:48.316+0900] {dagbag.py:525} INFO - Filling up the DagBag from /home/steve/.local/lib/python3.8/site-packages/airflow/example_dags/tutorial_taskflow_api_virtualenv.py
[2022-11-08T19:45:48.389+0900] {logging_mixin.py:117} INFO - [2022-11-08T19:45:48.389+0900] {tutorial_taskflow_api_virtualenv.py:29} WARNING - The tutorial_taskflow_api_virtualenv example DAG requires virtualenv, please install it.
[2022-11-08T19:45:48.389+0900] {processor.py:770} WARNING - No viable dags retrieved from /home/steve/.local/lib/python3.8/site-packages/airflow/example_dags/tutorial_taskflow_api_virtualenv.py
[2022-11-08T19:45:48.394+0900] {processor.py:178} INFO - Processing /home/steve/.local/lib/python3.8/site-packages/airflow/example_dags/tutorial_taskflow_api_virtualenv.py took 0.081 seconds
[2022-11-08T19:46:24.159+0900] {processor.py:156} INFO - Started process (PID=7813) to work on /home/steve/.local/lib/python3.8/site-packages/airflow/example_dags/tutorial_taskflow_api_virtualenv.py
[2022-11-08T19:46:24.160+0900] {processor.py:758} INFO - Processing file /home/steve/.local/lib/python3.8/site-packages/airflow/example_dags/tutorial_taskflow_api_virtualenv.py for tasks to queue
[2022-11-08T19:46:24.160+0900] {logging_mixin.py:117} INFO - [2022-11-08T19:46:24.160+0900] {dagbag.py:525} INFO - Filling up the DagBag from /home/steve/.local/lib/python3.8/site-packages/airflow/example_dags/tutorial_taskflow_api_virtualenv.py
[2022-11-08T19:46:24.239+0900] {logging_mixin.py:117} INFO - [2022-11-08T19:46:24.239+0900] {tutorial_taskflow_api_virtualenv.py:29} WARNING - The tutorial_taskflow_api_virtualenv example DAG requires virtualenv, please install it.
[2022-11-08T19:46:24.239+0900] {processor.py:770} WARNING - No viable dags retrieved from /home/steve/.local/lib/python3.8/site-packages/airflow/example_dags/tutorial_taskflow_api_virtualenv.py
[2022-11-08T19:46:24.245+0900] {processor.py:178} INFO - Processing /home/steve/.local/lib/python3.8/site-packages/airflow/example_dags/tutorial_taskflow_api_virtualenv.py took 0.087 seconds
[2022-11-08T19:46:57.154+0900] {processor.py:156} INFO - Started process (PID=7875) to work on /home/steve/.local/lib/python3.8/site-packages/airflow/example_dags/tutorial_taskflow_api_virtualenv.py
[2022-11-08T19:46:57.157+0900] {processor.py:758} INFO - Processing file /home/steve/.local/lib/python3.8/site-packages/airflow/example_dags/tutorial_taskflow_api_virtualenv.py for tasks to queue
[2022-11-08T19:46:57.157+0900] {logging_mixin.py:117} INFO - [2022-11-08T19:46:57.157+0900] {dagbag.py:525} INFO - Filling up the DagBag from /home/steve/.local/lib/python3.8/site-packages/airflow/example_dags/tutorial_taskflow_api_virtualenv.py
[2022-11-08T19:46:57.239+0900] {logging_mixin.py:117} INFO - [2022-11-08T19:46:57.239+0900] {tutorial_taskflow_api_virtualenv.py:29} WARNING - The tutorial_taskflow_api_virtualenv example DAG requires virtualenv, please install it.
[2022-11-08T19:46:57.239+0900] {processor.py:770} WARNING - No viable dags retrieved from /home/steve/.local/lib/python3.8/site-packages/airflow/example_dags/tutorial_taskflow_api_virtualenv.py
[2022-11-08T19:46:57.245+0900] {processor.py:178} INFO - Processing /home/steve/.local/lib/python3.8/site-packages/airflow/example_dags/tutorial_taskflow_api_virtualenv.py took 0.092 seconds
[2022-11-08T19:47:32.920+0900] {processor.py:156} INFO - Started process (PID=7922) to work on /home/steve/.local/lib/python3.8/site-packages/airflow/example_dags/tutorial_taskflow_api_virtualenv.py
[2022-11-08T19:47:32.922+0900] {processor.py:758} INFO - Processing file /home/steve/.local/lib/python3.8/site-packages/airflow/example_dags/tutorial_taskflow_api_virtualenv.py for tasks to queue
[2022-11-08T19:47:32.922+0900] {logging_mixin.py:117} INFO - [2022-11-08T19:47:32.922+0900] {dagbag.py:525} INFO - Filling up the DagBag from /home/steve/.local/lib/python3.8/site-packages/airflow/example_dags/tutorial_taskflow_api_virtualenv.py
[2022-11-08T19:47:32.996+0900] {logging_mixin.py:117} INFO - [2022-11-08T19:47:32.996+0900] {tutorial_taskflow_api_virtualenv.py:29} WARNING - The tutorial_taskflow_api_virtualenv example DAG requires virtualenv, please install it.
[2022-11-08T19:47:32.996+0900] {processor.py:770} WARNING - No viable dags retrieved from /home/steve/.local/lib/python3.8/site-packages/airflow/example_dags/tutorial_taskflow_api_virtualenv.py
[2022-11-08T19:47:33.002+0900] {processor.py:178} INFO - Processing /home/steve/.local/lib/python3.8/site-packages/airflow/example_dags/tutorial_taskflow_api_virtualenv.py took 0.083 seconds
[2022-11-08T19:48:08.132+0900] {processor.py:156} INFO - Started process (PID=7956) to work on /home/steve/.local/lib/python3.8/site-packages/airflow/example_dags/tutorial_taskflow_api_virtualenv.py
[2022-11-08T19:48:08.133+0900] {processor.py:758} INFO - Processing file /home/steve/.local/lib/python3.8/site-packages/airflow/example_dags/tutorial_taskflow_api_virtualenv.py for tasks to queue
[2022-11-08T19:48:08.133+0900] {logging_mixin.py:117} INFO - [2022-11-08T19:48:08.133+0900] {dagbag.py:525} INFO - Filling up the DagBag from /home/steve/.local/lib/python3.8/site-packages/airflow/example_dags/tutorial_taskflow_api_virtualenv.py
[2022-11-08T19:48:08.207+0900] {logging_mixin.py:117} INFO - [2022-11-08T19:48:08.207+0900] {tutorial_taskflow_api_virtualenv.py:29} WARNING - The tutorial_taskflow_api_virtualenv example DAG requires virtualenv, please install it.
[2022-11-08T19:48:08.208+0900] {processor.py:770} WARNING - No viable dags retrieved from /home/steve/.local/lib/python3.8/site-packages/airflow/example_dags/tutorial_taskflow_api_virtualenv.py
[2022-11-08T19:48:08.213+0900] {processor.py:178} INFO - Processing /home/steve/.local/lib/python3.8/site-packages/airflow/example_dags/tutorial_taskflow_api_virtualenv.py took 0.083 seconds
[2022-11-08T19:48:39.450+0900] {processor.py:156} INFO - Started process (PID=7987) to work on /home/steve/.local/lib/python3.8/site-packages/airflow/example_dags/tutorial_taskflow_api_virtualenv.py
[2022-11-08T19:48:39.450+0900] {processor.py:758} INFO - Processing file /home/steve/.local/lib/python3.8/site-packages/airflow/example_dags/tutorial_taskflow_api_virtualenv.py for tasks to queue
[2022-11-08T19:48:39.450+0900] {logging_mixin.py:117} INFO - [2022-11-08T19:48:39.450+0900] {dagbag.py:525} INFO - Filling up the DagBag from /home/steve/.local/lib/python3.8/site-packages/airflow/example_dags/tutorial_taskflow_api_virtualenv.py
[2022-11-08T19:48:39.523+0900] {logging_mixin.py:117} INFO - [2022-11-08T19:48:39.522+0900] {tutorial_taskflow_api_virtualenv.py:29} WARNING - The tutorial_taskflow_api_virtualenv example DAG requires virtualenv, please install it.
[2022-11-08T19:48:39.523+0900] {processor.py:770} WARNING - No viable dags retrieved from /home/steve/.local/lib/python3.8/site-packages/airflow/example_dags/tutorial_taskflow_api_virtualenv.py
[2022-11-08T19:48:39.528+0900] {processor.py:178} INFO - Processing /home/steve/.local/lib/python3.8/site-packages/airflow/example_dags/tutorial_taskflow_api_virtualenv.py took 0.080 seconds
[2022-11-08T19:49:18.139+0900] {processor.py:156} INFO - Started process (PID=8023) to work on /home/steve/.local/lib/python3.8/site-packages/airflow/example_dags/tutorial_taskflow_api_virtualenv.py
[2022-11-08T19:49:18.142+0900] {processor.py:758} INFO - Processing file /home/steve/.local/lib/python3.8/site-packages/airflow/example_dags/tutorial_taskflow_api_virtualenv.py for tasks to queue
[2022-11-08T19:49:18.142+0900] {logging_mixin.py:117} INFO - [2022-11-08T19:49:18.142+0900] {dagbag.py:525} INFO - Filling up the DagBag from /home/steve/.local/lib/python3.8/site-packages/airflow/example_dags/tutorial_taskflow_api_virtualenv.py
[2022-11-08T19:49:18.216+0900] {logging_mixin.py:117} INFO - [2022-11-08T19:49:18.216+0900] {tutorial_taskflow_api_virtualenv.py:29} WARNING - The tutorial_taskflow_api_virtualenv example DAG requires virtualenv, please install it.
[2022-11-08T19:49:18.216+0900] {processor.py:770} WARNING - No viable dags retrieved from /home/steve/.local/lib/python3.8/site-packages/airflow/example_dags/tutorial_taskflow_api_virtualenv.py
[2022-11-08T19:49:18.221+0900] {processor.py:178} INFO - Processing /home/steve/.local/lib/python3.8/site-packages/airflow/example_dags/tutorial_taskflow_api_virtualenv.py took 0.084 seconds
[2022-11-08T19:49:54.535+0900] {processor.py:156} INFO - Started process (PID=8086) to work on /home/steve/.local/lib/python3.8/site-packages/airflow/example_dags/tutorial_taskflow_api_virtualenv.py
[2022-11-08T19:49:54.537+0900] {processor.py:758} INFO - Processing file /home/steve/.local/lib/python3.8/site-packages/airflow/example_dags/tutorial_taskflow_api_virtualenv.py for tasks to queue
[2022-11-08T19:49:54.537+0900] {logging_mixin.py:117} INFO - [2022-11-08T19:49:54.537+0900] {dagbag.py:525} INFO - Filling up the DagBag from /home/steve/.local/lib/python3.8/site-packages/airflow/example_dags/tutorial_taskflow_api_virtualenv.py
[2022-11-08T19:49:54.610+0900] {logging_mixin.py:117} INFO - [2022-11-08T19:49:54.610+0900] {tutorial_taskflow_api_virtualenv.py:29} WARNING - The tutorial_taskflow_api_virtualenv example DAG requires virtualenv, please install it.
[2022-11-08T19:49:54.611+0900] {processor.py:770} WARNING - No viable dags retrieved from /home/steve/.local/lib/python3.8/site-packages/airflow/example_dags/tutorial_taskflow_api_virtualenv.py
[2022-11-08T19:49:54.616+0900] {processor.py:178} INFO - Processing /home/steve/.local/lib/python3.8/site-packages/airflow/example_dags/tutorial_taskflow_api_virtualenv.py took 0.083 seconds
[2022-11-08T19:50:28.564+0900] {processor.py:156} INFO - Started process (PID=8120) to work on /home/steve/.local/lib/python3.8/site-packages/airflow/example_dags/tutorial_taskflow_api_virtualenv.py
[2022-11-08T19:50:28.564+0900] {processor.py:758} INFO - Processing file /home/steve/.local/lib/python3.8/site-packages/airflow/example_dags/tutorial_taskflow_api_virtualenv.py for tasks to queue
[2022-11-08T19:50:28.565+0900] {logging_mixin.py:117} INFO - [2022-11-08T19:50:28.565+0900] {dagbag.py:525} INFO - Filling up the DagBag from /home/steve/.local/lib/python3.8/site-packages/airflow/example_dags/tutorial_taskflow_api_virtualenv.py
[2022-11-08T19:50:28.638+0900] {logging_mixin.py:117} INFO - [2022-11-08T19:50:28.638+0900] {tutorial_taskflow_api_virtualenv.py:29} WARNING - The tutorial_taskflow_api_virtualenv example DAG requires virtualenv, please install it.
[2022-11-08T19:50:28.638+0900] {processor.py:770} WARNING - No viable dags retrieved from /home/steve/.local/lib/python3.8/site-packages/airflow/example_dags/tutorial_taskflow_api_virtualenv.py
[2022-11-08T19:50:28.644+0900] {processor.py:178} INFO - Processing /home/steve/.local/lib/python3.8/site-packages/airflow/example_dags/tutorial_taskflow_api_virtualenv.py took 0.081 seconds
[2022-11-08T19:51:04.902+0900] {processor.py:156} INFO - Started process (PID=8155) to work on /home/steve/.local/lib/python3.8/site-packages/airflow/example_dags/tutorial_taskflow_api_virtualenv.py
[2022-11-08T19:51:04.904+0900] {processor.py:758} INFO - Processing file /home/steve/.local/lib/python3.8/site-packages/airflow/example_dags/tutorial_taskflow_api_virtualenv.py for tasks to queue
[2022-11-08T19:51:04.904+0900] {logging_mixin.py:117} INFO - [2022-11-08T19:51:04.904+0900] {dagbag.py:525} INFO - Filling up the DagBag from /home/steve/.local/lib/python3.8/site-packages/airflow/example_dags/tutorial_taskflow_api_virtualenv.py
[2022-11-08T19:51:04.980+0900] {logging_mixin.py:117} INFO - [2022-11-08T19:51:04.980+0900] {tutorial_taskflow_api_virtualenv.py:29} WARNING - The tutorial_taskflow_api_virtualenv example DAG requires virtualenv, please install it.
[2022-11-08T19:51:04.980+0900] {processor.py:770} WARNING - No viable dags retrieved from /home/steve/.local/lib/python3.8/site-packages/airflow/example_dags/tutorial_taskflow_api_virtualenv.py
[2022-11-08T19:51:05.052+0900] {processor.py:178} INFO - Processing /home/steve/.local/lib/python3.8/site-packages/airflow/example_dags/tutorial_taskflow_api_virtualenv.py took 0.151 seconds
[2022-11-08T19:51:36.072+0900] {processor.py:156} INFO - Started process (PID=8185) to work on /home/steve/.local/lib/python3.8/site-packages/airflow/example_dags/tutorial_taskflow_api_virtualenv.py
[2022-11-08T19:51:36.072+0900] {processor.py:758} INFO - Processing file /home/steve/.local/lib/python3.8/site-packages/airflow/example_dags/tutorial_taskflow_api_virtualenv.py for tasks to queue
[2022-11-08T19:51:36.073+0900] {logging_mixin.py:117} INFO - [2022-11-08T19:51:36.073+0900] {dagbag.py:525} INFO - Filling up the DagBag from /home/steve/.local/lib/python3.8/site-packages/airflow/example_dags/tutorial_taskflow_api_virtualenv.py
[2022-11-08T19:51:36.228+0900] {logging_mixin.py:117} INFO - [2022-11-08T19:51:36.227+0900] {tutorial_taskflow_api_virtualenv.py:29} WARNING - The tutorial_taskflow_api_virtualenv example DAG requires virtualenv, please install it.
[2022-11-08T19:51:36.228+0900] {processor.py:770} WARNING - No viable dags retrieved from /home/steve/.local/lib/python3.8/site-packages/airflow/example_dags/tutorial_taskflow_api_virtualenv.py
[2022-11-08T19:51:36.231+0900] {processor.py:178} INFO - Processing /home/steve/.local/lib/python3.8/site-packages/airflow/example_dags/tutorial_taskflow_api_virtualenv.py took 0.161 seconds
[2022-11-08T19:52:07.007+0900] {processor.py:156} INFO - Started process (PID=8217) to work on /home/steve/.local/lib/python3.8/site-packages/airflow/example_dags/tutorial_taskflow_api_virtualenv.py
[2022-11-08T19:52:07.008+0900] {processor.py:758} INFO - Processing file /home/steve/.local/lib/python3.8/site-packages/airflow/example_dags/tutorial_taskflow_api_virtualenv.py for tasks to queue
[2022-11-08T19:52:07.009+0900] {logging_mixin.py:117} INFO - [2022-11-08T19:52:07.009+0900] {dagbag.py:525} INFO - Filling up the DagBag from /home/steve/.local/lib/python3.8/site-packages/airflow/example_dags/tutorial_taskflow_api_virtualenv.py
[2022-11-08T19:52:07.082+0900] {logging_mixin.py:117} INFO - [2022-11-08T19:52:07.082+0900] {tutorial_taskflow_api_virtualenv.py:29} WARNING - The tutorial_taskflow_api_virtualenv example DAG requires virtualenv, please install it.
[2022-11-08T19:52:07.082+0900] {processor.py:770} WARNING - No viable dags retrieved from /home/steve/.local/lib/python3.8/site-packages/airflow/example_dags/tutorial_taskflow_api_virtualenv.py
[2022-11-08T19:52:07.088+0900] {processor.py:178} INFO - Processing /home/steve/.local/lib/python3.8/site-packages/airflow/example_dags/tutorial_taskflow_api_virtualenv.py took 0.083 seconds
[2022-11-08T19:52:40.356+0900] {processor.py:156} INFO - Started process (PID=8253) to work on /home/steve/.local/lib/python3.8/site-packages/airflow/example_dags/tutorial_taskflow_api_virtualenv.py
[2022-11-08T19:52:40.358+0900] {processor.py:758} INFO - Processing file /home/steve/.local/lib/python3.8/site-packages/airflow/example_dags/tutorial_taskflow_api_virtualenv.py for tasks to queue
[2022-11-08T19:52:40.358+0900] {logging_mixin.py:117} INFO - [2022-11-08T19:52:40.358+0900] {dagbag.py:525} INFO - Filling up the DagBag from /home/steve/.local/lib/python3.8/site-packages/airflow/example_dags/tutorial_taskflow_api_virtualenv.py
[2022-11-08T19:52:40.434+0900] {logging_mixin.py:117} INFO - [2022-11-08T19:52:40.433+0900] {tutorial_taskflow_api_virtualenv.py:29} WARNING - The tutorial_taskflow_api_virtualenv example DAG requires virtualenv, please install it.
[2022-11-08T19:52:40.434+0900] {processor.py:770} WARNING - No viable dags retrieved from /home/steve/.local/lib/python3.8/site-packages/airflow/example_dags/tutorial_taskflow_api_virtualenv.py
[2022-11-08T19:52:40.439+0900] {processor.py:178} INFO - Processing /home/steve/.local/lib/python3.8/site-packages/airflow/example_dags/tutorial_taskflow_api_virtualenv.py took 0.085 seconds
[2022-11-08T19:53:14.328+0900] {processor.py:156} INFO - Started process (PID=8468) to work on /home/steve/.local/lib/python3.8/site-packages/airflow/example_dags/tutorial_taskflow_api_virtualenv.py
[2022-11-08T19:53:14.329+0900] {processor.py:758} INFO - Processing file /home/steve/.local/lib/python3.8/site-packages/airflow/example_dags/tutorial_taskflow_api_virtualenv.py for tasks to queue
[2022-11-08T19:53:14.330+0900] {logging_mixin.py:117} INFO - [2022-11-08T19:53:14.330+0900] {dagbag.py:525} INFO - Filling up the DagBag from /home/steve/.local/lib/python3.8/site-packages/airflow/example_dags/tutorial_taskflow_api_virtualenv.py
[2022-11-08T19:53:14.415+0900] {logging_mixin.py:117} INFO - [2022-11-08T19:53:14.415+0900] {tutorial_taskflow_api_virtualenv.py:29} WARNING - The tutorial_taskflow_api_virtualenv example DAG requires virtualenv, please install it.
[2022-11-08T19:53:14.415+0900] {processor.py:770} WARNING - No viable dags retrieved from /home/steve/.local/lib/python3.8/site-packages/airflow/example_dags/tutorial_taskflow_api_virtualenv.py
[2022-11-08T19:53:14.421+0900] {processor.py:178} INFO - Processing /home/steve/.local/lib/python3.8/site-packages/airflow/example_dags/tutorial_taskflow_api_virtualenv.py took 0.094 seconds
[2022-11-08T19:53:49.605+0900] {processor.py:156} INFO - Started process (PID=8558) to work on /home/steve/.local/lib/python3.8/site-packages/airflow/example_dags/tutorial_taskflow_api_virtualenv.py
[2022-11-08T19:53:49.606+0900] {processor.py:758} INFO - Processing file /home/steve/.local/lib/python3.8/site-packages/airflow/example_dags/tutorial_taskflow_api_virtualenv.py for tasks to queue
[2022-11-08T19:53:49.606+0900] {logging_mixin.py:117} INFO - [2022-11-08T19:53:49.606+0900] {dagbag.py:525} INFO - Filling up the DagBag from /home/steve/.local/lib/python3.8/site-packages/airflow/example_dags/tutorial_taskflow_api_virtualenv.py
[2022-11-08T19:53:49.692+0900] {logging_mixin.py:117} INFO - [2022-11-08T19:53:49.692+0900] {tutorial_taskflow_api_virtualenv.py:29} WARNING - The tutorial_taskflow_api_virtualenv example DAG requires virtualenv, please install it.
[2022-11-08T19:53:49.692+0900] {processor.py:770} WARNING - No viable dags retrieved from /home/steve/.local/lib/python3.8/site-packages/airflow/example_dags/tutorial_taskflow_api_virtualenv.py
[2022-11-08T19:53:49.698+0900] {processor.py:178} INFO - Processing /home/steve/.local/lib/python3.8/site-packages/airflow/example_dags/tutorial_taskflow_api_virtualenv.py took 0.094 seconds
[2022-11-08T19:54:21.043+0900] {processor.py:156} INFO - Started process (PID=8661) to work on /home/steve/.local/lib/python3.8/site-packages/airflow/example_dags/tutorial_taskflow_api_virtualenv.py
[2022-11-08T19:54:21.044+0900] {processor.py:758} INFO - Processing file /home/steve/.local/lib/python3.8/site-packages/airflow/example_dags/tutorial_taskflow_api_virtualenv.py for tasks to queue
[2022-11-08T19:54:21.044+0900] {logging_mixin.py:117} INFO - [2022-11-08T19:54:21.044+0900] {dagbag.py:525} INFO - Filling up the DagBag from /home/steve/.local/lib/python3.8/site-packages/airflow/example_dags/tutorial_taskflow_api_virtualenv.py
[2022-11-08T19:54:21.131+0900] {logging_mixin.py:117} INFO - [2022-11-08T19:54:21.131+0900] {tutorial_taskflow_api_virtualenv.py:29} WARNING - The tutorial_taskflow_api_virtualenv example DAG requires virtualenv, please install it.
[2022-11-08T19:54:21.131+0900] {processor.py:770} WARNING - No viable dags retrieved from /home/steve/.local/lib/python3.8/site-packages/airflow/example_dags/tutorial_taskflow_api_virtualenv.py
[2022-11-08T19:54:21.137+0900] {processor.py:178} INFO - Processing /home/steve/.local/lib/python3.8/site-packages/airflow/example_dags/tutorial_taskflow_api_virtualenv.py took 0.095 seconds
[2022-11-08T19:54:57.124+0900] {processor.py:156} INFO - Started process (PID=8980) to work on /home/steve/.local/lib/python3.8/site-packages/airflow/example_dags/tutorial_taskflow_api_virtualenv.py
[2022-11-08T19:54:57.126+0900] {processor.py:758} INFO - Processing file /home/steve/.local/lib/python3.8/site-packages/airflow/example_dags/tutorial_taskflow_api_virtualenv.py for tasks to queue
[2022-11-08T19:54:57.126+0900] {logging_mixin.py:117} INFO - [2022-11-08T19:54:57.126+0900] {dagbag.py:525} INFO - Filling up the DagBag from /home/steve/.local/lib/python3.8/site-packages/airflow/example_dags/tutorial_taskflow_api_virtualenv.py
[2022-11-08T19:54:57.213+0900] {logging_mixin.py:117} INFO - [2022-11-08T19:54:57.213+0900] {tutorial_taskflow_api_virtualenv.py:29} WARNING - The tutorial_taskflow_api_virtualenv example DAG requires virtualenv, please install it.
[2022-11-08T19:54:57.213+0900] {processor.py:770} WARNING - No viable dags retrieved from /home/steve/.local/lib/python3.8/site-packages/airflow/example_dags/tutorial_taskflow_api_virtualenv.py
[2022-11-08T19:54:57.218+0900] {processor.py:178} INFO - Processing /home/steve/.local/lib/python3.8/site-packages/airflow/example_dags/tutorial_taskflow_api_virtualenv.py took 0.096 seconds
[2022-11-08T20:26:51.636+0900] {processor.py:156} INFO - Started process (PID=9708) to work on /home/steve/.local/lib/python3.8/site-packages/airflow/example_dags/tutorial_taskflow_api_virtualenv.py
[2022-11-08T20:26:51.638+0900] {processor.py:758} INFO - Processing file /home/steve/.local/lib/python3.8/site-packages/airflow/example_dags/tutorial_taskflow_api_virtualenv.py for tasks to queue
[2022-11-08T20:26:51.638+0900] {logging_mixin.py:117} INFO - [2022-11-08T20:26:51.638+0900] {dagbag.py:525} INFO - Filling up the DagBag from /home/steve/.local/lib/python3.8/site-packages/airflow/example_dags/tutorial_taskflow_api_virtualenv.py
[2022-11-08T20:26:51.729+0900] {logging_mixin.py:117} INFO - [2022-11-08T20:26:51.728+0900] {tutorial_taskflow_api_virtualenv.py:29} WARNING - The tutorial_taskflow_api_virtualenv example DAG requires virtualenv, please install it.
[2022-11-08T20:26:51.729+0900] {processor.py:770} WARNING - No viable dags retrieved from /home/steve/.local/lib/python3.8/site-packages/airflow/example_dags/tutorial_taskflow_api_virtualenv.py
[2022-11-08T20:26:51.734+0900] {processor.py:178} INFO - Processing /home/steve/.local/lib/python3.8/site-packages/airflow/example_dags/tutorial_taskflow_api_virtualenv.py took 0.099 seconds
[2022-11-08T20:27:24.738+0900] {processor.py:156} INFO - Started process (PID=9820) to work on /home/steve/.local/lib/python3.8/site-packages/airflow/example_dags/tutorial_taskflow_api_virtualenv.py
[2022-11-08T20:27:24.739+0900] {processor.py:758} INFO - Processing file /home/steve/.local/lib/python3.8/site-packages/airflow/example_dags/tutorial_taskflow_api_virtualenv.py for tasks to queue
[2022-11-08T20:27:24.739+0900] {logging_mixin.py:117} INFO - [2022-11-08T20:27:24.739+0900] {dagbag.py:525} INFO - Filling up the DagBag from /home/steve/.local/lib/python3.8/site-packages/airflow/example_dags/tutorial_taskflow_api_virtualenv.py
[2022-11-08T20:27:24.816+0900] {logging_mixin.py:117} INFO - [2022-11-08T20:27:24.816+0900] {tutorial_taskflow_api_virtualenv.py:29} WARNING - The tutorial_taskflow_api_virtualenv example DAG requires virtualenv, please install it.
[2022-11-08T20:27:24.817+0900] {processor.py:770} WARNING - No viable dags retrieved from /home/steve/.local/lib/python3.8/site-packages/airflow/example_dags/tutorial_taskflow_api_virtualenv.py
[2022-11-08T20:27:24.822+0900] {processor.py:178} INFO - Processing /home/steve/.local/lib/python3.8/site-packages/airflow/example_dags/tutorial_taskflow_api_virtualenv.py took 0.085 seconds
[2022-11-08T20:28:01.301+0900] {processor.py:156} INFO - Started process (PID=9856) to work on /home/steve/.local/lib/python3.8/site-packages/airflow/example_dags/tutorial_taskflow_api_virtualenv.py
[2022-11-08T20:28:01.304+0900] {processor.py:758} INFO - Processing file /home/steve/.local/lib/python3.8/site-packages/airflow/example_dags/tutorial_taskflow_api_virtualenv.py for tasks to queue
[2022-11-08T20:28:01.304+0900] {logging_mixin.py:117} INFO - [2022-11-08T20:28:01.304+0900] {dagbag.py:525} INFO - Filling up the DagBag from /home/steve/.local/lib/python3.8/site-packages/airflow/example_dags/tutorial_taskflow_api_virtualenv.py
[2022-11-08T20:28:01.400+0900] {logging_mixin.py:117} INFO - [2022-11-08T20:28:01.400+0900] {tutorial_taskflow_api_virtualenv.py:29} WARNING - The tutorial_taskflow_api_virtualenv example DAG requires virtualenv, please install it.
[2022-11-08T20:28:01.400+0900] {processor.py:770} WARNING - No viable dags retrieved from /home/steve/.local/lib/python3.8/site-packages/airflow/example_dags/tutorial_taskflow_api_virtualenv.py
[2022-11-08T20:28:01.407+0900] {processor.py:178} INFO - Processing /home/steve/.local/lib/python3.8/site-packages/airflow/example_dags/tutorial_taskflow_api_virtualenv.py took 0.107 seconds
[2022-11-08T20:28:34.344+0900] {processor.py:156} INFO - Started process (PID=9912) to work on /home/steve/.local/lib/python3.8/site-packages/airflow/example_dags/tutorial_taskflow_api_virtualenv.py
[2022-11-08T20:28:34.346+0900] {processor.py:758} INFO - Processing file /home/steve/.local/lib/python3.8/site-packages/airflow/example_dags/tutorial_taskflow_api_virtualenv.py for tasks to queue
[2022-11-08T20:28:34.346+0900] {logging_mixin.py:117} INFO - [2022-11-08T20:28:34.346+0900] {dagbag.py:525} INFO - Filling up the DagBag from /home/steve/.local/lib/python3.8/site-packages/airflow/example_dags/tutorial_taskflow_api_virtualenv.py
[2022-11-08T20:28:34.431+0900] {logging_mixin.py:117} INFO - [2022-11-08T20:28:34.431+0900] {tutorial_taskflow_api_virtualenv.py:29} WARNING - The tutorial_taskflow_api_virtualenv example DAG requires virtualenv, please install it.
[2022-11-08T20:28:34.431+0900] {processor.py:770} WARNING - No viable dags retrieved from /home/steve/.local/lib/python3.8/site-packages/airflow/example_dags/tutorial_taskflow_api_virtualenv.py
[2022-11-08T20:28:34.437+0900] {processor.py:178} INFO - Processing /home/steve/.local/lib/python3.8/site-packages/airflow/example_dags/tutorial_taskflow_api_virtualenv.py took 0.095 seconds
[2022-11-08T20:29:10.610+0900] {processor.py:156} INFO - Started process (PID=10187) to work on /home/steve/.local/lib/python3.8/site-packages/airflow/example_dags/tutorial_taskflow_api_virtualenv.py
[2022-11-08T20:29:10.613+0900] {processor.py:758} INFO - Processing file /home/steve/.local/lib/python3.8/site-packages/airflow/example_dags/tutorial_taskflow_api_virtualenv.py for tasks to queue
[2022-11-08T20:29:10.613+0900] {logging_mixin.py:117} INFO - [2022-11-08T20:29:10.613+0900] {dagbag.py:525} INFO - Filling up the DagBag from /home/steve/.local/lib/python3.8/site-packages/airflow/example_dags/tutorial_taskflow_api_virtualenv.py
[2022-11-08T20:29:10.689+0900] {logging_mixin.py:117} INFO - [2022-11-08T20:29:10.689+0900] {tutorial_taskflow_api_virtualenv.py:29} WARNING - The tutorial_taskflow_api_virtualenv example DAG requires virtualenv, please install it.
[2022-11-08T20:29:10.689+0900] {processor.py:770} WARNING - No viable dags retrieved from /home/steve/.local/lib/python3.8/site-packages/airflow/example_dags/tutorial_taskflow_api_virtualenv.py
[2022-11-08T20:29:10.695+0900] {processor.py:178} INFO - Processing /home/steve/.local/lib/python3.8/site-packages/airflow/example_dags/tutorial_taskflow_api_virtualenv.py took 0.087 seconds
[2022-11-08T20:29:43.993+0900] {processor.py:156} INFO - Started process (PID=10326) to work on /home/steve/.local/lib/python3.8/site-packages/airflow/example_dags/tutorial_taskflow_api_virtualenv.py
[2022-11-08T20:29:43.995+0900] {processor.py:758} INFO - Processing file /home/steve/.local/lib/python3.8/site-packages/airflow/example_dags/tutorial_taskflow_api_virtualenv.py for tasks to queue
[2022-11-08T20:29:43.996+0900] {logging_mixin.py:117} INFO - [2022-11-08T20:29:43.996+0900] {dagbag.py:525} INFO - Filling up the DagBag from /home/steve/.local/lib/python3.8/site-packages/airflow/example_dags/tutorial_taskflow_api_virtualenv.py
[2022-11-08T20:29:44.096+0900] {logging_mixin.py:117} INFO - [2022-11-08T20:29:44.096+0900] {tutorial_taskflow_api_virtualenv.py:29} WARNING - The tutorial_taskflow_api_virtualenv example DAG requires virtualenv, please install it.
[2022-11-08T20:29:44.096+0900] {processor.py:770} WARNING - No viable dags retrieved from /home/steve/.local/lib/python3.8/site-packages/airflow/example_dags/tutorial_taskflow_api_virtualenv.py
[2022-11-08T20:29:44.103+0900] {processor.py:178} INFO - Processing /home/steve/.local/lib/python3.8/site-packages/airflow/example_dags/tutorial_taskflow_api_virtualenv.py took 0.111 seconds
[2022-11-08T20:30:22.101+0900] {processor.py:156} INFO - Started process (PID=10452) to work on /home/steve/.local/lib/python3.8/site-packages/airflow/example_dags/tutorial_taskflow_api_virtualenv.py
[2022-11-08T20:30:22.103+0900] {processor.py:758} INFO - Processing file /home/steve/.local/lib/python3.8/site-packages/airflow/example_dags/tutorial_taskflow_api_virtualenv.py for tasks to queue
[2022-11-08T20:30:22.103+0900] {logging_mixin.py:117} INFO - [2022-11-08T20:30:22.103+0900] {dagbag.py:525} INFO - Filling up the DagBag from /home/steve/.local/lib/python3.8/site-packages/airflow/example_dags/tutorial_taskflow_api_virtualenv.py
[2022-11-08T20:30:22.191+0900] {logging_mixin.py:117} INFO - [2022-11-08T20:30:22.191+0900] {tutorial_taskflow_api_virtualenv.py:29} WARNING - The tutorial_taskflow_api_virtualenv example DAG requires virtualenv, please install it.
[2022-11-08T20:30:22.192+0900] {processor.py:770} WARNING - No viable dags retrieved from /home/steve/.local/lib/python3.8/site-packages/airflow/example_dags/tutorial_taskflow_api_virtualenv.py
[2022-11-08T20:30:22.197+0900] {processor.py:178} INFO - Processing /home/steve/.local/lib/python3.8/site-packages/airflow/example_dags/tutorial_taskflow_api_virtualenv.py took 0.098 seconds
[2022-11-08T20:30:54.149+0900] {processor.py:156} INFO - Started process (PID=10634) to work on /home/steve/.local/lib/python3.8/site-packages/airflow/example_dags/tutorial_taskflow_api_virtualenv.py
[2022-11-08T20:30:54.151+0900] {processor.py:758} INFO - Processing file /home/steve/.local/lib/python3.8/site-packages/airflow/example_dags/tutorial_taskflow_api_virtualenv.py for tasks to queue
[2022-11-08T20:30:54.152+0900] {logging_mixin.py:117} INFO - [2022-11-08T20:30:54.152+0900] {dagbag.py:525} INFO - Filling up the DagBag from /home/steve/.local/lib/python3.8/site-packages/airflow/example_dags/tutorial_taskflow_api_virtualenv.py
[2022-11-08T20:30:54.252+0900] {logging_mixin.py:117} INFO - [2022-11-08T20:30:54.252+0900] {tutorial_taskflow_api_virtualenv.py:29} WARNING - The tutorial_taskflow_api_virtualenv example DAG requires virtualenv, please install it.
[2022-11-08T20:30:54.252+0900] {processor.py:770} WARNING - No viable dags retrieved from /home/steve/.local/lib/python3.8/site-packages/airflow/example_dags/tutorial_taskflow_api_virtualenv.py
[2022-11-08T20:30:54.257+0900] {processor.py:178} INFO - Processing /home/steve/.local/lib/python3.8/site-packages/airflow/example_dags/tutorial_taskflow_api_virtualenv.py took 0.110 seconds
[2022-11-08T20:31:27.292+0900] {processor.py:156} INFO - Started process (PID=10718) to work on /home/steve/.local/lib/python3.8/site-packages/airflow/example_dags/tutorial_taskflow_api_virtualenv.py
[2022-11-08T20:31:27.295+0900] {processor.py:758} INFO - Processing file /home/steve/.local/lib/python3.8/site-packages/airflow/example_dags/tutorial_taskflow_api_virtualenv.py for tasks to queue
[2022-11-08T20:31:27.295+0900] {logging_mixin.py:117} INFO - [2022-11-08T20:31:27.295+0900] {dagbag.py:525} INFO - Filling up the DagBag from /home/steve/.local/lib/python3.8/site-packages/airflow/example_dags/tutorial_taskflow_api_virtualenv.py
[2022-11-08T20:31:27.388+0900] {logging_mixin.py:117} INFO - [2022-11-08T20:31:27.388+0900] {tutorial_taskflow_api_virtualenv.py:29} WARNING - The tutorial_taskflow_api_virtualenv example DAG requires virtualenv, please install it.
[2022-11-08T20:31:27.388+0900] {processor.py:770} WARNING - No viable dags retrieved from /home/steve/.local/lib/python3.8/site-packages/airflow/example_dags/tutorial_taskflow_api_virtualenv.py
[2022-11-08T20:31:27.393+0900] {processor.py:178} INFO - Processing /home/steve/.local/lib/python3.8/site-packages/airflow/example_dags/tutorial_taskflow_api_virtualenv.py took 0.103 seconds
[2022-11-08T20:31:59.104+0900] {processor.py:156} INFO - Started process (PID=10777) to work on /home/steve/.local/lib/python3.8/site-packages/airflow/example_dags/tutorial_taskflow_api_virtualenv.py
[2022-11-08T20:31:59.105+0900] {processor.py:758} INFO - Processing file /home/steve/.local/lib/python3.8/site-packages/airflow/example_dags/tutorial_taskflow_api_virtualenv.py for tasks to queue
[2022-11-08T20:31:59.106+0900] {logging_mixin.py:117} INFO - [2022-11-08T20:31:59.105+0900] {dagbag.py:525} INFO - Filling up the DagBag from /home/steve/.local/lib/python3.8/site-packages/airflow/example_dags/tutorial_taskflow_api_virtualenv.py
[2022-11-08T20:31:59.208+0900] {logging_mixin.py:117} INFO - [2022-11-08T20:31:59.207+0900] {tutorial_taskflow_api_virtualenv.py:29} WARNING - The tutorial_taskflow_api_virtualenv example DAG requires virtualenv, please install it.
[2022-11-08T20:31:59.208+0900] {processor.py:770} WARNING - No viable dags retrieved from /home/steve/.local/lib/python3.8/site-packages/airflow/example_dags/tutorial_taskflow_api_virtualenv.py
[2022-11-08T20:31:59.215+0900] {processor.py:178} INFO - Processing /home/steve/.local/lib/python3.8/site-packages/airflow/example_dags/tutorial_taskflow_api_virtualenv.py took 0.112 seconds
[2022-11-08T20:32:36.501+0900] {processor.py:156} INFO - Started process (PID=10933) to work on /home/steve/.local/lib/python3.8/site-packages/airflow/example_dags/tutorial_taskflow_api_virtualenv.py
[2022-11-08T20:32:36.502+0900] {processor.py:758} INFO - Processing file /home/steve/.local/lib/python3.8/site-packages/airflow/example_dags/tutorial_taskflow_api_virtualenv.py for tasks to queue
[2022-11-08T20:32:36.502+0900] {logging_mixin.py:117} INFO - [2022-11-08T20:32:36.502+0900] {dagbag.py:525} INFO - Filling up the DagBag from /home/steve/.local/lib/python3.8/site-packages/airflow/example_dags/tutorial_taskflow_api_virtualenv.py
[2022-11-08T20:32:36.625+0900] {logging_mixin.py:117} INFO - [2022-11-08T20:32:36.624+0900] {tutorial_taskflow_api_virtualenv.py:29} WARNING - The tutorial_taskflow_api_virtualenv example DAG requires virtualenv, please install it.
[2022-11-08T20:32:36.626+0900] {processor.py:770} WARNING - No viable dags retrieved from /home/steve/.local/lib/python3.8/site-packages/airflow/example_dags/tutorial_taskflow_api_virtualenv.py
[2022-11-08T20:32:36.631+0900] {processor.py:178} INFO - Processing /home/steve/.local/lib/python3.8/site-packages/airflow/example_dags/tutorial_taskflow_api_virtualenv.py took 0.132 seconds
[2022-11-08T20:33:14.241+0900] {processor.py:156} INFO - Started process (PID=11002) to work on /home/steve/.local/lib/python3.8/site-packages/airflow/example_dags/tutorial_taskflow_api_virtualenv.py
[2022-11-08T20:33:14.243+0900] {processor.py:758} INFO - Processing file /home/steve/.local/lib/python3.8/site-packages/airflow/example_dags/tutorial_taskflow_api_virtualenv.py for tasks to queue
[2022-11-08T20:33:14.244+0900] {logging_mixin.py:117} INFO - [2022-11-08T20:33:14.243+0900] {dagbag.py:525} INFO - Filling up the DagBag from /home/steve/.local/lib/python3.8/site-packages/airflow/example_dags/tutorial_taskflow_api_virtualenv.py
[2022-11-08T20:33:14.329+0900] {logging_mixin.py:117} INFO - [2022-11-08T20:33:14.328+0900] {tutorial_taskflow_api_virtualenv.py:29} WARNING - The tutorial_taskflow_api_virtualenv example DAG requires virtualenv, please install it.
[2022-11-08T20:33:14.329+0900] {processor.py:770} WARNING - No viable dags retrieved from /home/steve/.local/lib/python3.8/site-packages/airflow/example_dags/tutorial_taskflow_api_virtualenv.py
[2022-11-08T20:33:14.334+0900] {processor.py:178} INFO - Processing /home/steve/.local/lib/python3.8/site-packages/airflow/example_dags/tutorial_taskflow_api_virtualenv.py took 0.094 seconds
[2022-11-08T20:33:48.812+0900] {processor.py:156} INFO - Started process (PID=11033) to work on /home/steve/.local/lib/python3.8/site-packages/airflow/example_dags/tutorial_taskflow_api_virtualenv.py
[2022-11-08T20:33:48.814+0900] {processor.py:758} INFO - Processing file /home/steve/.local/lib/python3.8/site-packages/airflow/example_dags/tutorial_taskflow_api_virtualenv.py for tasks to queue
[2022-11-08T20:33:48.814+0900] {logging_mixin.py:117} INFO - [2022-11-08T20:33:48.814+0900] {dagbag.py:525} INFO - Filling up the DagBag from /home/steve/.local/lib/python3.8/site-packages/airflow/example_dags/tutorial_taskflow_api_virtualenv.py
[2022-11-08T20:33:48.985+0900] {logging_mixin.py:117} INFO - [2022-11-08T20:33:48.985+0900] {tutorial_taskflow_api_virtualenv.py:29} WARNING - The tutorial_taskflow_api_virtualenv example DAG requires virtualenv, please install it.
[2022-11-08T20:33:48.986+0900] {processor.py:770} WARNING - No viable dags retrieved from /home/steve/.local/lib/python3.8/site-packages/airflow/example_dags/tutorial_taskflow_api_virtualenv.py
[2022-11-08T20:33:48.991+0900] {processor.py:178} INFO - Processing /home/steve/.local/lib/python3.8/site-packages/airflow/example_dags/tutorial_taskflow_api_virtualenv.py took 0.181 seconds
[2022-11-08T20:34:22.524+0900] {processor.py:156} INFO - Started process (PID=11068) to work on /home/steve/.local/lib/python3.8/site-packages/airflow/example_dags/tutorial_taskflow_api_virtualenv.py
[2022-11-08T20:34:22.525+0900] {processor.py:758} INFO - Processing file /home/steve/.local/lib/python3.8/site-packages/airflow/example_dags/tutorial_taskflow_api_virtualenv.py for tasks to queue
[2022-11-08T20:34:22.526+0900] {logging_mixin.py:117} INFO - [2022-11-08T20:34:22.526+0900] {dagbag.py:525} INFO - Filling up the DagBag from /home/steve/.local/lib/python3.8/site-packages/airflow/example_dags/tutorial_taskflow_api_virtualenv.py
[2022-11-08T20:34:22.617+0900] {logging_mixin.py:117} INFO - [2022-11-08T20:34:22.617+0900] {tutorial_taskflow_api_virtualenv.py:29} WARNING - The tutorial_taskflow_api_virtualenv example DAG requires virtualenv, please install it.
[2022-11-08T20:34:22.617+0900] {processor.py:770} WARNING - No viable dags retrieved from /home/steve/.local/lib/python3.8/site-packages/airflow/example_dags/tutorial_taskflow_api_virtualenv.py
[2022-11-08T20:34:22.622+0900] {processor.py:178} INFO - Processing /home/steve/.local/lib/python3.8/site-packages/airflow/example_dags/tutorial_taskflow_api_virtualenv.py took 0.100 seconds
[2022-11-08T20:34:56.224+0900] {processor.py:156} INFO - Started process (PID=11103) to work on /home/steve/.local/lib/python3.8/site-packages/airflow/example_dags/tutorial_taskflow_api_virtualenv.py
[2022-11-08T20:34:56.226+0900] {processor.py:758} INFO - Processing file /home/steve/.local/lib/python3.8/site-packages/airflow/example_dags/tutorial_taskflow_api_virtualenv.py for tasks to queue
[2022-11-08T20:34:56.226+0900] {logging_mixin.py:117} INFO - [2022-11-08T20:34:56.226+0900] {dagbag.py:525} INFO - Filling up the DagBag from /home/steve/.local/lib/python3.8/site-packages/airflow/example_dags/tutorial_taskflow_api_virtualenv.py
[2022-11-08T20:34:56.311+0900] {logging_mixin.py:117} INFO - [2022-11-08T20:34:56.311+0900] {tutorial_taskflow_api_virtualenv.py:29} WARNING - The tutorial_taskflow_api_virtualenv example DAG requires virtualenv, please install it.
[2022-11-08T20:34:56.311+0900] {processor.py:770} WARNING - No viable dags retrieved from /home/steve/.local/lib/python3.8/site-packages/airflow/example_dags/tutorial_taskflow_api_virtualenv.py
[2022-11-08T20:34:56.316+0900] {processor.py:178} INFO - Processing /home/steve/.local/lib/python3.8/site-packages/airflow/example_dags/tutorial_taskflow_api_virtualenv.py took 0.094 seconds
[2022-11-08T20:35:31.568+0900] {processor.py:156} INFO - Started process (PID=11139) to work on /home/steve/.local/lib/python3.8/site-packages/airflow/example_dags/tutorial_taskflow_api_virtualenv.py
[2022-11-08T20:35:31.570+0900] {processor.py:758} INFO - Processing file /home/steve/.local/lib/python3.8/site-packages/airflow/example_dags/tutorial_taskflow_api_virtualenv.py for tasks to queue
[2022-11-08T20:35:31.571+0900] {logging_mixin.py:117} INFO - [2022-11-08T20:35:31.571+0900] {dagbag.py:525} INFO - Filling up the DagBag from /home/steve/.local/lib/python3.8/site-packages/airflow/example_dags/tutorial_taskflow_api_virtualenv.py
[2022-11-08T20:35:31.662+0900] {logging_mixin.py:117} INFO - [2022-11-08T20:35:31.662+0900] {tutorial_taskflow_api_virtualenv.py:29} WARNING - The tutorial_taskflow_api_virtualenv example DAG requires virtualenv, please install it.
[2022-11-08T20:35:31.663+0900] {processor.py:770} WARNING - No viable dags retrieved from /home/steve/.local/lib/python3.8/site-packages/airflow/example_dags/tutorial_taskflow_api_virtualenv.py
[2022-11-08T20:35:31.669+0900] {processor.py:178} INFO - Processing /home/steve/.local/lib/python3.8/site-packages/airflow/example_dags/tutorial_taskflow_api_virtualenv.py took 0.103 seconds
[2022-11-08T20:36:05.464+0900] {processor.py:156} INFO - Started process (PID=11174) to work on /home/steve/.local/lib/python3.8/site-packages/airflow/example_dags/tutorial_taskflow_api_virtualenv.py
[2022-11-08T20:36:05.466+0900] {processor.py:758} INFO - Processing file /home/steve/.local/lib/python3.8/site-packages/airflow/example_dags/tutorial_taskflow_api_virtualenv.py for tasks to queue
[2022-11-08T20:36:05.466+0900] {logging_mixin.py:117} INFO - [2022-11-08T20:36:05.466+0900] {dagbag.py:525} INFO - Filling up the DagBag from /home/steve/.local/lib/python3.8/site-packages/airflow/example_dags/tutorial_taskflow_api_virtualenv.py
[2022-11-08T20:36:05.550+0900] {logging_mixin.py:117} INFO - [2022-11-08T20:36:05.550+0900] {tutorial_taskflow_api_virtualenv.py:29} WARNING - The tutorial_taskflow_api_virtualenv example DAG requires virtualenv, please install it.
[2022-11-08T20:36:05.550+0900] {processor.py:770} WARNING - No viable dags retrieved from /home/steve/.local/lib/python3.8/site-packages/airflow/example_dags/tutorial_taskflow_api_virtualenv.py
[2022-11-08T20:36:05.556+0900] {processor.py:178} INFO - Processing /home/steve/.local/lib/python3.8/site-packages/airflow/example_dags/tutorial_taskflow_api_virtualenv.py took 0.094 seconds
[2022-11-08T20:36:38.429+0900] {processor.py:156} INFO - Started process (PID=11209) to work on /home/steve/.local/lib/python3.8/site-packages/airflow/example_dags/tutorial_taskflow_api_virtualenv.py
[2022-11-08T20:36:38.432+0900] {processor.py:758} INFO - Processing file /home/steve/.local/lib/python3.8/site-packages/airflow/example_dags/tutorial_taskflow_api_virtualenv.py for tasks to queue
[2022-11-08T20:36:38.432+0900] {logging_mixin.py:117} INFO - [2022-11-08T20:36:38.432+0900] {dagbag.py:525} INFO - Filling up the DagBag from /home/steve/.local/lib/python3.8/site-packages/airflow/example_dags/tutorial_taskflow_api_virtualenv.py
[2022-11-08T20:36:38.517+0900] {logging_mixin.py:117} INFO - [2022-11-08T20:36:38.517+0900] {tutorial_taskflow_api_virtualenv.py:29} WARNING - The tutorial_taskflow_api_virtualenv example DAG requires virtualenv, please install it.
[2022-11-08T20:36:38.517+0900] {processor.py:770} WARNING - No viable dags retrieved from /home/steve/.local/lib/python3.8/site-packages/airflow/example_dags/tutorial_taskflow_api_virtualenv.py
[2022-11-08T20:36:38.523+0900] {processor.py:178} INFO - Processing /home/steve/.local/lib/python3.8/site-packages/airflow/example_dags/tutorial_taskflow_api_virtualenv.py took 0.095 seconds
[2022-11-08T20:37:09.441+0900] {processor.py:156} INFO - Started process (PID=11268) to work on /home/steve/.local/lib/python3.8/site-packages/airflow/example_dags/tutorial_taskflow_api_virtualenv.py
[2022-11-08T20:37:09.441+0900] {processor.py:758} INFO - Processing file /home/steve/.local/lib/python3.8/site-packages/airflow/example_dags/tutorial_taskflow_api_virtualenv.py for tasks to queue
[2022-11-08T20:37:09.442+0900] {logging_mixin.py:117} INFO - [2022-11-08T20:37:09.441+0900] {dagbag.py:525} INFO - Filling up the DagBag from /home/steve/.local/lib/python3.8/site-packages/airflow/example_dags/tutorial_taskflow_api_virtualenv.py
[2022-11-08T20:37:09.526+0900] {logging_mixin.py:117} INFO - [2022-11-08T20:37:09.526+0900] {tutorial_taskflow_api_virtualenv.py:29} WARNING - The tutorial_taskflow_api_virtualenv example DAG requires virtualenv, please install it.
[2022-11-08T20:37:09.526+0900] {processor.py:770} WARNING - No viable dags retrieved from /home/steve/.local/lib/python3.8/site-packages/airflow/example_dags/tutorial_taskflow_api_virtualenv.py
[2022-11-08T20:37:09.531+0900] {processor.py:178} INFO - Processing /home/steve/.local/lib/python3.8/site-packages/airflow/example_dags/tutorial_taskflow_api_virtualenv.py took 0.092 seconds
[2022-11-08T20:37:40.884+0900] {processor.py:156} INFO - Started process (PID=11303) to work on /home/steve/.local/lib/python3.8/site-packages/airflow/example_dags/tutorial_taskflow_api_virtualenv.py
[2022-11-08T20:37:40.886+0900] {processor.py:758} INFO - Processing file /home/steve/.local/lib/python3.8/site-packages/airflow/example_dags/tutorial_taskflow_api_virtualenv.py for tasks to queue
[2022-11-08T20:37:40.887+0900] {logging_mixin.py:117} INFO - [2022-11-08T20:37:40.887+0900] {dagbag.py:525} INFO - Filling up the DagBag from /home/steve/.local/lib/python3.8/site-packages/airflow/example_dags/tutorial_taskflow_api_virtualenv.py
[2022-11-08T20:37:40.973+0900] {logging_mixin.py:117} INFO - [2022-11-08T20:37:40.973+0900] {tutorial_taskflow_api_virtualenv.py:29} WARNING - The tutorial_taskflow_api_virtualenv example DAG requires virtualenv, please install it.
[2022-11-08T20:37:40.973+0900] {processor.py:770} WARNING - No viable dags retrieved from /home/steve/.local/lib/python3.8/site-packages/airflow/example_dags/tutorial_taskflow_api_virtualenv.py
[2022-11-08T20:37:40.979+0900] {processor.py:178} INFO - Processing /home/steve/.local/lib/python3.8/site-packages/airflow/example_dags/tutorial_taskflow_api_virtualenv.py took 0.097 seconds
[2022-11-08T20:38:11.073+0900] {processor.py:156} INFO - Started process (PID=11335) to work on /home/steve/.local/lib/python3.8/site-packages/airflow/example_dags/tutorial_taskflow_api_virtualenv.py
[2022-11-08T20:38:11.073+0900] {processor.py:758} INFO - Processing file /home/steve/.local/lib/python3.8/site-packages/airflow/example_dags/tutorial_taskflow_api_virtualenv.py for tasks to queue
[2022-11-08T20:38:11.074+0900] {logging_mixin.py:117} INFO - [2022-11-08T20:38:11.074+0900] {dagbag.py:525} INFO - Filling up the DagBag from /home/steve/.local/lib/python3.8/site-packages/airflow/example_dags/tutorial_taskflow_api_virtualenv.py
[2022-11-08T20:38:11.160+0900] {logging_mixin.py:117} INFO - [2022-11-08T20:38:11.160+0900] {tutorial_taskflow_api_virtualenv.py:29} WARNING - The tutorial_taskflow_api_virtualenv example DAG requires virtualenv, please install it.
[2022-11-08T20:38:11.161+0900] {processor.py:770} WARNING - No viable dags retrieved from /home/steve/.local/lib/python3.8/site-packages/airflow/example_dags/tutorial_taskflow_api_virtualenv.py
[2022-11-08T20:38:11.166+0900] {processor.py:178} INFO - Processing /home/steve/.local/lib/python3.8/site-packages/airflow/example_dags/tutorial_taskflow_api_virtualenv.py took 0.095 seconds
[2022-11-08T20:38:42.618+0900] {processor.py:156} INFO - Started process (PID=11368) to work on /home/steve/.local/lib/python3.8/site-packages/airflow/example_dags/tutorial_taskflow_api_virtualenv.py
[2022-11-08T20:38:42.619+0900] {processor.py:758} INFO - Processing file /home/steve/.local/lib/python3.8/site-packages/airflow/example_dags/tutorial_taskflow_api_virtualenv.py for tasks to queue
[2022-11-08T20:38:42.619+0900] {logging_mixin.py:117} INFO - [2022-11-08T20:38:42.619+0900] {dagbag.py:525} INFO - Filling up the DagBag from /home/steve/.local/lib/python3.8/site-packages/airflow/example_dags/tutorial_taskflow_api_virtualenv.py
[2022-11-08T20:38:42.705+0900] {logging_mixin.py:117} INFO - [2022-11-08T20:38:42.705+0900] {tutorial_taskflow_api_virtualenv.py:29} WARNING - The tutorial_taskflow_api_virtualenv example DAG requires virtualenv, please install it.
[2022-11-08T20:38:42.705+0900] {processor.py:770} WARNING - No viable dags retrieved from /home/steve/.local/lib/python3.8/site-packages/airflow/example_dags/tutorial_taskflow_api_virtualenv.py
[2022-11-08T20:38:42.711+0900] {processor.py:178} INFO - Processing /home/steve/.local/lib/python3.8/site-packages/airflow/example_dags/tutorial_taskflow_api_virtualenv.py took 0.094 seconds
[2022-11-08T20:39:13.016+0900] {processor.py:156} INFO - Started process (PID=11401) to work on /home/steve/.local/lib/python3.8/site-packages/airflow/example_dags/tutorial_taskflow_api_virtualenv.py
[2022-11-08T20:39:13.016+0900] {processor.py:758} INFO - Processing file /home/steve/.local/lib/python3.8/site-packages/airflow/example_dags/tutorial_taskflow_api_virtualenv.py for tasks to queue
[2022-11-08T20:39:13.017+0900] {logging_mixin.py:117} INFO - [2022-11-08T20:39:13.017+0900] {dagbag.py:525} INFO - Filling up the DagBag from /home/steve/.local/lib/python3.8/site-packages/airflow/example_dags/tutorial_taskflow_api_virtualenv.py
[2022-11-08T20:39:13.102+0900] {logging_mixin.py:117} INFO - [2022-11-08T20:39:13.102+0900] {tutorial_taskflow_api_virtualenv.py:29} WARNING - The tutorial_taskflow_api_virtualenv example DAG requires virtualenv, please install it.
[2022-11-08T20:39:13.102+0900] {processor.py:770} WARNING - No viable dags retrieved from /home/steve/.local/lib/python3.8/site-packages/airflow/example_dags/tutorial_taskflow_api_virtualenv.py
[2022-11-08T20:39:13.108+0900] {processor.py:178} INFO - Processing /home/steve/.local/lib/python3.8/site-packages/airflow/example_dags/tutorial_taskflow_api_virtualenv.py took 0.093 seconds
[2022-11-08T20:39:47.817+0900] {processor.py:156} INFO - Started process (PID=11435) to work on /home/steve/.local/lib/python3.8/site-packages/airflow/example_dags/tutorial_taskflow_api_virtualenv.py
[2022-11-08T20:39:47.819+0900] {processor.py:758} INFO - Processing file /home/steve/.local/lib/python3.8/site-packages/airflow/example_dags/tutorial_taskflow_api_virtualenv.py for tasks to queue
[2022-11-08T20:39:47.820+0900] {logging_mixin.py:117} INFO - [2022-11-08T20:39:47.820+0900] {dagbag.py:525} INFO - Filling up the DagBag from /home/steve/.local/lib/python3.8/site-packages/airflow/example_dags/tutorial_taskflow_api_virtualenv.py
[2022-11-08T20:39:47.904+0900] {logging_mixin.py:117} INFO - [2022-11-08T20:39:47.904+0900] {tutorial_taskflow_api_virtualenv.py:29} WARNING - The tutorial_taskflow_api_virtualenv example DAG requires virtualenv, please install it.
[2022-11-08T20:39:47.904+0900] {processor.py:770} WARNING - No viable dags retrieved from /home/steve/.local/lib/python3.8/site-packages/airflow/example_dags/tutorial_taskflow_api_virtualenv.py
[2022-11-08T20:39:47.909+0900] {processor.py:178} INFO - Processing /home/steve/.local/lib/python3.8/site-packages/airflow/example_dags/tutorial_taskflow_api_virtualenv.py took 0.094 seconds
[2022-11-08T20:40:22.542+0900] {processor.py:156} INFO - Started process (PID=11470) to work on /home/steve/.local/lib/python3.8/site-packages/airflow/example_dags/tutorial_taskflow_api_virtualenv.py
[2022-11-08T20:40:22.544+0900] {processor.py:758} INFO - Processing file /home/steve/.local/lib/python3.8/site-packages/airflow/example_dags/tutorial_taskflow_api_virtualenv.py for tasks to queue
[2022-11-08T20:40:22.545+0900] {logging_mixin.py:117} INFO - [2022-11-08T20:40:22.545+0900] {dagbag.py:525} INFO - Filling up the DagBag from /home/steve/.local/lib/python3.8/site-packages/airflow/example_dags/tutorial_taskflow_api_virtualenv.py
[2022-11-08T20:40:22.630+0900] {logging_mixin.py:117} INFO - [2022-11-08T20:40:22.630+0900] {tutorial_taskflow_api_virtualenv.py:29} WARNING - The tutorial_taskflow_api_virtualenv example DAG requires virtualenv, please install it.
[2022-11-08T20:40:22.630+0900] {processor.py:770} WARNING - No viable dags retrieved from /home/steve/.local/lib/python3.8/site-packages/airflow/example_dags/tutorial_taskflow_api_virtualenv.py
[2022-11-08T20:40:22.636+0900] {processor.py:178} INFO - Processing /home/steve/.local/lib/python3.8/site-packages/airflow/example_dags/tutorial_taskflow_api_virtualenv.py took 0.095 seconds
[2022-11-08T20:40:55.737+0900] {processor.py:156} INFO - Started process (PID=11506) to work on /home/steve/.local/lib/python3.8/site-packages/airflow/example_dags/tutorial_taskflow_api_virtualenv.py
[2022-11-08T20:40:55.739+0900] {processor.py:758} INFO - Processing file /home/steve/.local/lib/python3.8/site-packages/airflow/example_dags/tutorial_taskflow_api_virtualenv.py for tasks to queue
[2022-11-08T20:40:55.739+0900] {logging_mixin.py:117} INFO - [2022-11-08T20:40:55.739+0900] {dagbag.py:525} INFO - Filling up the DagBag from /home/steve/.local/lib/python3.8/site-packages/airflow/example_dags/tutorial_taskflow_api_virtualenv.py
[2022-11-08T20:40:55.826+0900] {logging_mixin.py:117} INFO - [2022-11-08T20:40:55.826+0900] {tutorial_taskflow_api_virtualenv.py:29} WARNING - The tutorial_taskflow_api_virtualenv example DAG requires virtualenv, please install it.
[2022-11-08T20:40:55.826+0900] {processor.py:770} WARNING - No viable dags retrieved from /home/steve/.local/lib/python3.8/site-packages/airflow/example_dags/tutorial_taskflow_api_virtualenv.py
[2022-11-08T20:40:55.832+0900] {processor.py:178} INFO - Processing /home/steve/.local/lib/python3.8/site-packages/airflow/example_dags/tutorial_taskflow_api_virtualenv.py took 0.096 seconds
[2022-11-08T20:41:31.453+0900] {processor.py:156} INFO - Started process (PID=11542) to work on /home/steve/.local/lib/python3.8/site-packages/airflow/example_dags/tutorial_taskflow_api_virtualenv.py
[2022-11-08T20:41:31.455+0900] {processor.py:758} INFO - Processing file /home/steve/.local/lib/python3.8/site-packages/airflow/example_dags/tutorial_taskflow_api_virtualenv.py for tasks to queue
[2022-11-08T20:41:31.455+0900] {logging_mixin.py:117} INFO - [2022-11-08T20:41:31.455+0900] {dagbag.py:525} INFO - Filling up the DagBag from /home/steve/.local/lib/python3.8/site-packages/airflow/example_dags/tutorial_taskflow_api_virtualenv.py
[2022-11-08T20:41:31.545+0900] {logging_mixin.py:117} INFO - [2022-11-08T20:41:31.545+0900] {tutorial_taskflow_api_virtualenv.py:29} WARNING - The tutorial_taskflow_api_virtualenv example DAG requires virtualenv, please install it.
[2022-11-08T20:41:31.545+0900] {processor.py:770} WARNING - No viable dags retrieved from /home/steve/.local/lib/python3.8/site-packages/airflow/example_dags/tutorial_taskflow_api_virtualenv.py
[2022-11-08T20:41:31.551+0900] {processor.py:178} INFO - Processing /home/steve/.local/lib/python3.8/site-packages/airflow/example_dags/tutorial_taskflow_api_virtualenv.py took 0.099 seconds
[2022-11-08T20:42:04.381+0900] {processor.py:156} INFO - Started process (PID=11606) to work on /home/steve/.local/lib/python3.8/site-packages/airflow/example_dags/tutorial_taskflow_api_virtualenv.py
[2022-11-08T20:42:04.382+0900] {processor.py:758} INFO - Processing file /home/steve/.local/lib/python3.8/site-packages/airflow/example_dags/tutorial_taskflow_api_virtualenv.py for tasks to queue
[2022-11-08T20:42:04.382+0900] {logging_mixin.py:117} INFO - [2022-11-08T20:42:04.382+0900] {dagbag.py:525} INFO - Filling up the DagBag from /home/steve/.local/lib/python3.8/site-packages/airflow/example_dags/tutorial_taskflow_api_virtualenv.py
[2022-11-08T20:42:04.477+0900] {logging_mixin.py:117} INFO - [2022-11-08T20:42:04.477+0900] {tutorial_taskflow_api_virtualenv.py:29} WARNING - The tutorial_taskflow_api_virtualenv example DAG requires virtualenv, please install it.
[2022-11-08T20:42:04.477+0900] {processor.py:770} WARNING - No viable dags retrieved from /home/steve/.local/lib/python3.8/site-packages/airflow/example_dags/tutorial_taskflow_api_virtualenv.py
[2022-11-08T20:42:04.483+0900] {processor.py:178} INFO - Processing /home/steve/.local/lib/python3.8/site-packages/airflow/example_dags/tutorial_taskflow_api_virtualenv.py took 0.103 seconds
[2022-11-08T20:42:35.961+0900] {processor.py:156} INFO - Started process (PID=11639) to work on /home/steve/.local/lib/python3.8/site-packages/airflow/example_dags/tutorial_taskflow_api_virtualenv.py
[2022-11-08T20:42:35.963+0900] {processor.py:758} INFO - Processing file /home/steve/.local/lib/python3.8/site-packages/airflow/example_dags/tutorial_taskflow_api_virtualenv.py for tasks to queue
[2022-11-08T20:42:35.963+0900] {logging_mixin.py:117} INFO - [2022-11-08T20:42:35.963+0900] {dagbag.py:525} INFO - Filling up the DagBag from /home/steve/.local/lib/python3.8/site-packages/airflow/example_dags/tutorial_taskflow_api_virtualenv.py
[2022-11-08T20:42:36.068+0900] {logging_mixin.py:117} INFO - [2022-11-08T20:42:36.068+0900] {tutorial_taskflow_api_virtualenv.py:29} WARNING - The tutorial_taskflow_api_virtualenv example DAG requires virtualenv, please install it.
[2022-11-08T20:42:36.068+0900] {processor.py:770} WARNING - No viable dags retrieved from /home/steve/.local/lib/python3.8/site-packages/airflow/example_dags/tutorial_taskflow_api_virtualenv.py
[2022-11-08T20:42:36.074+0900] {processor.py:178} INFO - Processing /home/steve/.local/lib/python3.8/site-packages/airflow/example_dags/tutorial_taskflow_api_virtualenv.py took 0.116 seconds
[2022-11-08T20:43:07.674+0900] {processor.py:156} INFO - Started process (PID=11671) to work on /home/steve/.local/lib/python3.8/site-packages/airflow/example_dags/tutorial_taskflow_api_virtualenv.py
[2022-11-08T20:43:07.676+0900] {processor.py:758} INFO - Processing file /home/steve/.local/lib/python3.8/site-packages/airflow/example_dags/tutorial_taskflow_api_virtualenv.py for tasks to queue
[2022-11-08T20:43:07.676+0900] {logging_mixin.py:117} INFO - [2022-11-08T20:43:07.676+0900] {dagbag.py:525} INFO - Filling up the DagBag from /home/steve/.local/lib/python3.8/site-packages/airflow/example_dags/tutorial_taskflow_api_virtualenv.py
[2022-11-08T20:43:07.770+0900] {logging_mixin.py:117} INFO - [2022-11-08T20:43:07.770+0900] {tutorial_taskflow_api_virtualenv.py:29} WARNING - The tutorial_taskflow_api_virtualenv example DAG requires virtualenv, please install it.
[2022-11-08T20:43:07.770+0900] {processor.py:770} WARNING - No viable dags retrieved from /home/steve/.local/lib/python3.8/site-packages/airflow/example_dags/tutorial_taskflow_api_virtualenv.py
[2022-11-08T20:43:07.776+0900] {processor.py:178} INFO - Processing /home/steve/.local/lib/python3.8/site-packages/airflow/example_dags/tutorial_taskflow_api_virtualenv.py took 0.103 seconds
[2022-11-08T20:43:39.185+0900] {processor.py:156} INFO - Started process (PID=11703) to work on /home/steve/.local/lib/python3.8/site-packages/airflow/example_dags/tutorial_taskflow_api_virtualenv.py
[2022-11-08T20:43:39.186+0900] {processor.py:758} INFO - Processing file /home/steve/.local/lib/python3.8/site-packages/airflow/example_dags/tutorial_taskflow_api_virtualenv.py for tasks to queue
[2022-11-08T20:43:39.186+0900] {logging_mixin.py:117} INFO - [2022-11-08T20:43:39.186+0900] {dagbag.py:525} INFO - Filling up the DagBag from /home/steve/.local/lib/python3.8/site-packages/airflow/example_dags/tutorial_taskflow_api_virtualenv.py
[2022-11-08T20:43:39.286+0900] {logging_mixin.py:117} INFO - [2022-11-08T20:43:39.286+0900] {tutorial_taskflow_api_virtualenv.py:29} WARNING - The tutorial_taskflow_api_virtualenv example DAG requires virtualenv, please install it.
[2022-11-08T20:43:39.286+0900] {processor.py:770} WARNING - No viable dags retrieved from /home/steve/.local/lib/python3.8/site-packages/airflow/example_dags/tutorial_taskflow_api_virtualenv.py
[2022-11-08T20:43:39.292+0900] {processor.py:178} INFO - Processing /home/steve/.local/lib/python3.8/site-packages/airflow/example_dags/tutorial_taskflow_api_virtualenv.py took 0.109 seconds
[2022-11-08T20:44:10.704+0900] {processor.py:156} INFO - Started process (PID=11737) to work on /home/steve/.local/lib/python3.8/site-packages/airflow/example_dags/tutorial_taskflow_api_virtualenv.py
[2022-11-08T20:44:10.706+0900] {processor.py:758} INFO - Processing file /home/steve/.local/lib/python3.8/site-packages/airflow/example_dags/tutorial_taskflow_api_virtualenv.py for tasks to queue
[2022-11-08T20:44:10.706+0900] {logging_mixin.py:117} INFO - [2022-11-08T20:44:10.706+0900] {dagbag.py:525} INFO - Filling up the DagBag from /home/steve/.local/lib/python3.8/site-packages/airflow/example_dags/tutorial_taskflow_api_virtualenv.py
[2022-11-08T20:44:10.800+0900] {logging_mixin.py:117} INFO - [2022-11-08T20:44:10.800+0900] {tutorial_taskflow_api_virtualenv.py:29} WARNING - The tutorial_taskflow_api_virtualenv example DAG requires virtualenv, please install it.
[2022-11-08T20:44:10.800+0900] {processor.py:770} WARNING - No viable dags retrieved from /home/steve/.local/lib/python3.8/site-packages/airflow/example_dags/tutorial_taskflow_api_virtualenv.py
[2022-11-08T20:44:10.806+0900] {processor.py:178} INFO - Processing /home/steve/.local/lib/python3.8/site-packages/airflow/example_dags/tutorial_taskflow_api_virtualenv.py took 0.104 seconds
[2022-11-08T20:44:41.658+0900] {processor.py:156} INFO - Started process (PID=11770) to work on /home/steve/.local/lib/python3.8/site-packages/airflow/example_dags/tutorial_taskflow_api_virtualenv.py
[2022-11-08T20:44:41.659+0900] {processor.py:758} INFO - Processing file /home/steve/.local/lib/python3.8/site-packages/airflow/example_dags/tutorial_taskflow_api_virtualenv.py for tasks to queue
[2022-11-08T20:44:41.659+0900] {logging_mixin.py:117} INFO - [2022-11-08T20:44:41.659+0900] {dagbag.py:525} INFO - Filling up the DagBag from /home/steve/.local/lib/python3.8/site-packages/airflow/example_dags/tutorial_taskflow_api_virtualenv.py
[2022-11-08T20:44:41.757+0900] {logging_mixin.py:117} INFO - [2022-11-08T20:44:41.757+0900] {tutorial_taskflow_api_virtualenv.py:29} WARNING - The tutorial_taskflow_api_virtualenv example DAG requires virtualenv, please install it.
[2022-11-08T20:44:41.757+0900] {processor.py:770} WARNING - No viable dags retrieved from /home/steve/.local/lib/python3.8/site-packages/airflow/example_dags/tutorial_taskflow_api_virtualenv.py
[2022-11-08T20:44:41.763+0900] {processor.py:178} INFO - Processing /home/steve/.local/lib/python3.8/site-packages/airflow/example_dags/tutorial_taskflow_api_virtualenv.py took 0.106 seconds
[2022-11-08T20:45:14.134+0900] {processor.py:156} INFO - Started process (PID=11803) to work on /home/steve/.local/lib/python3.8/site-packages/airflow/example_dags/tutorial_taskflow_api_virtualenv.py
[2022-11-08T20:45:14.137+0900] {processor.py:758} INFO - Processing file /home/steve/.local/lib/python3.8/site-packages/airflow/example_dags/tutorial_taskflow_api_virtualenv.py for tasks to queue
[2022-11-08T20:45:14.137+0900] {logging_mixin.py:117} INFO - [2022-11-08T20:45:14.137+0900] {dagbag.py:525} INFO - Filling up the DagBag from /home/steve/.local/lib/python3.8/site-packages/airflow/example_dags/tutorial_taskflow_api_virtualenv.py
[2022-11-08T20:45:14.224+0900] {logging_mixin.py:117} INFO - [2022-11-08T20:45:14.223+0900] {tutorial_taskflow_api_virtualenv.py:29} WARNING - The tutorial_taskflow_api_virtualenv example DAG requires virtualenv, please install it.
[2022-11-08T20:45:14.224+0900] {processor.py:770} WARNING - No viable dags retrieved from /home/steve/.local/lib/python3.8/site-packages/airflow/example_dags/tutorial_taskflow_api_virtualenv.py
[2022-11-08T20:45:14.229+0900] {processor.py:178} INFO - Processing /home/steve/.local/lib/python3.8/site-packages/airflow/example_dags/tutorial_taskflow_api_virtualenv.py took 0.097 seconds
[2022-11-08T20:45:48.495+0900] {processor.py:156} INFO - Started process (PID=11839) to work on /home/steve/.local/lib/python3.8/site-packages/airflow/example_dags/tutorial_taskflow_api_virtualenv.py
[2022-11-08T20:45:48.498+0900] {processor.py:758} INFO - Processing file /home/steve/.local/lib/python3.8/site-packages/airflow/example_dags/tutorial_taskflow_api_virtualenv.py for tasks to queue
[2022-11-08T20:45:48.499+0900] {logging_mixin.py:117} INFO - [2022-11-08T20:45:48.499+0900] {dagbag.py:525} INFO - Filling up the DagBag from /home/steve/.local/lib/python3.8/site-packages/airflow/example_dags/tutorial_taskflow_api_virtualenv.py
[2022-11-08T20:45:48.586+0900] {logging_mixin.py:117} INFO - [2022-11-08T20:45:48.586+0900] {tutorial_taskflow_api_virtualenv.py:29} WARNING - The tutorial_taskflow_api_virtualenv example DAG requires virtualenv, please install it.
[2022-11-08T20:45:48.586+0900] {processor.py:770} WARNING - No viable dags retrieved from /home/steve/.local/lib/python3.8/site-packages/airflow/example_dags/tutorial_taskflow_api_virtualenv.py
[2022-11-08T20:45:48.592+0900] {processor.py:178} INFO - Processing /home/steve/.local/lib/python3.8/site-packages/airflow/example_dags/tutorial_taskflow_api_virtualenv.py took 0.098 seconds
[2022-11-08T20:46:22.126+0900] {processor.py:156} INFO - Started process (PID=11872) to work on /home/steve/.local/lib/python3.8/site-packages/airflow/example_dags/tutorial_taskflow_api_virtualenv.py
[2022-11-08T20:46:22.128+0900] {processor.py:758} INFO - Processing file /home/steve/.local/lib/python3.8/site-packages/airflow/example_dags/tutorial_taskflow_api_virtualenv.py for tasks to queue
[2022-11-08T20:46:22.129+0900] {logging_mixin.py:117} INFO - [2022-11-08T20:46:22.128+0900] {dagbag.py:525} INFO - Filling up the DagBag from /home/steve/.local/lib/python3.8/site-packages/airflow/example_dags/tutorial_taskflow_api_virtualenv.py
[2022-11-08T20:46:22.219+0900] {logging_mixin.py:117} INFO - [2022-11-08T20:46:22.219+0900] {tutorial_taskflow_api_virtualenv.py:29} WARNING - The tutorial_taskflow_api_virtualenv example DAG requires virtualenv, please install it.
[2022-11-08T20:46:22.219+0900] {processor.py:770} WARNING - No viable dags retrieved from /home/steve/.local/lib/python3.8/site-packages/airflow/example_dags/tutorial_taskflow_api_virtualenv.py
[2022-11-08T20:46:22.225+0900] {processor.py:178} INFO - Processing /home/steve/.local/lib/python3.8/site-packages/airflow/example_dags/tutorial_taskflow_api_virtualenv.py took 0.100 seconds
[2022-11-08T20:46:54.634+0900] {processor.py:156} INFO - Started process (PID=11933) to work on /home/steve/.local/lib/python3.8/site-packages/airflow/example_dags/tutorial_taskflow_api_virtualenv.py
[2022-11-08T20:46:54.635+0900] {processor.py:758} INFO - Processing file /home/steve/.local/lib/python3.8/site-packages/airflow/example_dags/tutorial_taskflow_api_virtualenv.py for tasks to queue
[2022-11-08T20:46:54.636+0900] {logging_mixin.py:117} INFO - [2022-11-08T20:46:54.636+0900] {dagbag.py:525} INFO - Filling up the DagBag from /home/steve/.local/lib/python3.8/site-packages/airflow/example_dags/tutorial_taskflow_api_virtualenv.py
[2022-11-08T20:46:54.716+0900] {logging_mixin.py:117} INFO - [2022-11-08T20:46:54.715+0900] {tutorial_taskflow_api_virtualenv.py:29} WARNING - The tutorial_taskflow_api_virtualenv example DAG requires virtualenv, please install it.
[2022-11-08T20:46:54.716+0900] {processor.py:770} WARNING - No viable dags retrieved from /home/steve/.local/lib/python3.8/site-packages/airflow/example_dags/tutorial_taskflow_api_virtualenv.py
[2022-11-08T20:46:54.721+0900] {processor.py:178} INFO - Processing /home/steve/.local/lib/python3.8/site-packages/airflow/example_dags/tutorial_taskflow_api_virtualenv.py took 0.089 seconds
[2022-11-08T20:47:26.628+0900] {processor.py:156} INFO - Started process (PID=12058) to work on /home/steve/.local/lib/python3.8/site-packages/airflow/example_dags/tutorial_taskflow_api_virtualenv.py
[2022-11-08T20:47:26.630+0900] {processor.py:758} INFO - Processing file /home/steve/.local/lib/python3.8/site-packages/airflow/example_dags/tutorial_taskflow_api_virtualenv.py for tasks to queue
[2022-11-08T20:47:26.630+0900] {logging_mixin.py:117} INFO - [2022-11-08T20:47:26.630+0900] {dagbag.py:525} INFO - Filling up the DagBag from /home/steve/.local/lib/python3.8/site-packages/airflow/example_dags/tutorial_taskflow_api_virtualenv.py
[2022-11-08T20:47:26.707+0900] {logging_mixin.py:117} INFO - [2022-11-08T20:47:26.707+0900] {tutorial_taskflow_api_virtualenv.py:29} WARNING - The tutorial_taskflow_api_virtualenv example DAG requires virtualenv, please install it.
[2022-11-08T20:47:26.707+0900] {processor.py:770} WARNING - No viable dags retrieved from /home/steve/.local/lib/python3.8/site-packages/airflow/example_dags/tutorial_taskflow_api_virtualenv.py
[2022-11-08T20:47:26.713+0900] {processor.py:178} INFO - Processing /home/steve/.local/lib/python3.8/site-packages/airflow/example_dags/tutorial_taskflow_api_virtualenv.py took 0.087 seconds
[2022-11-08T20:47:58.787+0900] {processor.py:156} INFO - Started process (PID=12258) to work on /home/steve/.local/lib/python3.8/site-packages/airflow/example_dags/tutorial_taskflow_api_virtualenv.py
[2022-11-08T20:47:58.788+0900] {processor.py:758} INFO - Processing file /home/steve/.local/lib/python3.8/site-packages/airflow/example_dags/tutorial_taskflow_api_virtualenv.py for tasks to queue
[2022-11-08T20:47:58.788+0900] {logging_mixin.py:117} INFO - [2022-11-08T20:47:58.788+0900] {dagbag.py:525} INFO - Filling up the DagBag from /home/steve/.local/lib/python3.8/site-packages/airflow/example_dags/tutorial_taskflow_api_virtualenv.py
[2022-11-08T20:47:58.879+0900] {logging_mixin.py:117} INFO - [2022-11-08T20:47:58.879+0900] {tutorial_taskflow_api_virtualenv.py:29} WARNING - The tutorial_taskflow_api_virtualenv example DAG requires virtualenv, please install it.
[2022-11-08T20:47:58.879+0900] {processor.py:770} WARNING - No viable dags retrieved from /home/steve/.local/lib/python3.8/site-packages/airflow/example_dags/tutorial_taskflow_api_virtualenv.py
[2022-11-08T20:47:58.886+0900] {processor.py:178} INFO - Processing /home/steve/.local/lib/python3.8/site-packages/airflow/example_dags/tutorial_taskflow_api_virtualenv.py took 0.101 seconds
[2022-11-08T20:48:31.726+0900] {processor.py:156} INFO - Started process (PID=12292) to work on /home/steve/.local/lib/python3.8/site-packages/airflow/example_dags/tutorial_taskflow_api_virtualenv.py
[2022-11-08T20:48:31.728+0900] {processor.py:758} INFO - Processing file /home/steve/.local/lib/python3.8/site-packages/airflow/example_dags/tutorial_taskflow_api_virtualenv.py for tasks to queue
[2022-11-08T20:48:31.729+0900] {logging_mixin.py:117} INFO - [2022-11-08T20:48:31.728+0900] {dagbag.py:525} INFO - Filling up the DagBag from /home/steve/.local/lib/python3.8/site-packages/airflow/example_dags/tutorial_taskflow_api_virtualenv.py
[2022-11-08T20:48:31.828+0900] {logging_mixin.py:117} INFO - [2022-11-08T20:48:31.828+0900] {tutorial_taskflow_api_virtualenv.py:29} WARNING - The tutorial_taskflow_api_virtualenv example DAG requires virtualenv, please install it.
[2022-11-08T20:48:31.828+0900] {processor.py:770} WARNING - No viable dags retrieved from /home/steve/.local/lib/python3.8/site-packages/airflow/example_dags/tutorial_taskflow_api_virtualenv.py
[2022-11-08T20:48:31.836+0900] {processor.py:178} INFO - Processing /home/steve/.local/lib/python3.8/site-packages/airflow/example_dags/tutorial_taskflow_api_virtualenv.py took 0.112 seconds
[2022-11-08T20:49:05.793+0900] {processor.py:156} INFO - Started process (PID=12328) to work on /home/steve/.local/lib/python3.8/site-packages/airflow/example_dags/tutorial_taskflow_api_virtualenv.py
[2022-11-08T20:49:05.795+0900] {processor.py:758} INFO - Processing file /home/steve/.local/lib/python3.8/site-packages/airflow/example_dags/tutorial_taskflow_api_virtualenv.py for tasks to queue
[2022-11-08T20:49:05.796+0900] {logging_mixin.py:117} INFO - [2022-11-08T20:49:05.796+0900] {dagbag.py:525} INFO - Filling up the DagBag from /home/steve/.local/lib/python3.8/site-packages/airflow/example_dags/tutorial_taskflow_api_virtualenv.py
[2022-11-08T20:49:05.893+0900] {logging_mixin.py:117} INFO - [2022-11-08T20:49:05.893+0900] {tutorial_taskflow_api_virtualenv.py:29} WARNING - The tutorial_taskflow_api_virtualenv example DAG requires virtualenv, please install it.
[2022-11-08T20:49:05.893+0900] {processor.py:770} WARNING - No viable dags retrieved from /home/steve/.local/lib/python3.8/site-packages/airflow/example_dags/tutorial_taskflow_api_virtualenv.py
[2022-11-08T20:49:05.899+0900] {processor.py:178} INFO - Processing /home/steve/.local/lib/python3.8/site-packages/airflow/example_dags/tutorial_taskflow_api_virtualenv.py took 0.108 seconds
[2022-11-08T20:49:36.625+0900] {processor.py:156} INFO - Started process (PID=12360) to work on /home/steve/.local/lib/python3.8/site-packages/airflow/example_dags/tutorial_taskflow_api_virtualenv.py
[2022-11-08T20:49:36.625+0900] {processor.py:758} INFO - Processing file /home/steve/.local/lib/python3.8/site-packages/airflow/example_dags/tutorial_taskflow_api_virtualenv.py for tasks to queue
[2022-11-08T20:49:36.626+0900] {logging_mixin.py:117} INFO - [2022-11-08T20:49:36.626+0900] {dagbag.py:525} INFO - Filling up the DagBag from /home/steve/.local/lib/python3.8/site-packages/airflow/example_dags/tutorial_taskflow_api_virtualenv.py
[2022-11-08T20:49:36.722+0900] {logging_mixin.py:117} INFO - [2022-11-08T20:49:36.722+0900] {tutorial_taskflow_api_virtualenv.py:29} WARNING - The tutorial_taskflow_api_virtualenv example DAG requires virtualenv, please install it.
[2022-11-08T20:49:36.722+0900] {processor.py:770} WARNING - No viable dags retrieved from /home/steve/.local/lib/python3.8/site-packages/airflow/example_dags/tutorial_taskflow_api_virtualenv.py
[2022-11-08T20:49:36.729+0900] {processor.py:178} INFO - Processing /home/steve/.local/lib/python3.8/site-packages/airflow/example_dags/tutorial_taskflow_api_virtualenv.py took 0.106 seconds
[2022-11-08T20:50:08.672+0900] {processor.py:156} INFO - Started process (PID=12394) to work on /home/steve/.local/lib/python3.8/site-packages/airflow/example_dags/tutorial_taskflow_api_virtualenv.py
[2022-11-08T20:50:08.673+0900] {processor.py:758} INFO - Processing file /home/steve/.local/lib/python3.8/site-packages/airflow/example_dags/tutorial_taskflow_api_virtualenv.py for tasks to queue
[2022-11-08T20:50:08.673+0900] {logging_mixin.py:117} INFO - [2022-11-08T20:50:08.673+0900] {dagbag.py:525} INFO - Filling up the DagBag from /home/steve/.local/lib/python3.8/site-packages/airflow/example_dags/tutorial_taskflow_api_virtualenv.py
[2022-11-08T20:50:08.771+0900] {logging_mixin.py:117} INFO - [2022-11-08T20:50:08.770+0900] {tutorial_taskflow_api_virtualenv.py:29} WARNING - The tutorial_taskflow_api_virtualenv example DAG requires virtualenv, please install it.
[2022-11-08T20:50:08.771+0900] {processor.py:770} WARNING - No viable dags retrieved from /home/steve/.local/lib/python3.8/site-packages/airflow/example_dags/tutorial_taskflow_api_virtualenv.py
[2022-11-08T20:50:08.777+0900] {processor.py:178} INFO - Processing /home/steve/.local/lib/python3.8/site-packages/airflow/example_dags/tutorial_taskflow_api_virtualenv.py took 0.107 seconds
[2022-11-08T20:50:40.666+0900] {processor.py:156} INFO - Started process (PID=12576) to work on /home/steve/.local/lib/python3.8/site-packages/airflow/example_dags/tutorial_taskflow_api_virtualenv.py
[2022-11-08T20:50:40.669+0900] {processor.py:758} INFO - Processing file /home/steve/.local/lib/python3.8/site-packages/airflow/example_dags/tutorial_taskflow_api_virtualenv.py for tasks to queue
[2022-11-08T20:50:40.669+0900] {logging_mixin.py:117} INFO - [2022-11-08T20:50:40.669+0900] {dagbag.py:525} INFO - Filling up the DagBag from /home/steve/.local/lib/python3.8/site-packages/airflow/example_dags/tutorial_taskflow_api_virtualenv.py
[2022-11-08T20:50:40.760+0900] {logging_mixin.py:117} INFO - [2022-11-08T20:50:40.759+0900] {tutorial_taskflow_api_virtualenv.py:29} WARNING - The tutorial_taskflow_api_virtualenv example DAG requires virtualenv, please install it.
[2022-11-08T20:50:40.760+0900] {processor.py:770} WARNING - No viable dags retrieved from /home/steve/.local/lib/python3.8/site-packages/airflow/example_dags/tutorial_taskflow_api_virtualenv.py
[2022-11-08T20:50:40.766+0900] {processor.py:178} INFO - Processing /home/steve/.local/lib/python3.8/site-packages/airflow/example_dags/tutorial_taskflow_api_virtualenv.py took 0.101 seconds
[2022-11-08T20:51:13.338+0900] {processor.py:156} INFO - Started process (PID=12898) to work on /home/steve/.local/lib/python3.8/site-packages/airflow/example_dags/tutorial_taskflow_api_virtualenv.py
[2022-11-08T20:51:13.340+0900] {processor.py:758} INFO - Processing file /home/steve/.local/lib/python3.8/site-packages/airflow/example_dags/tutorial_taskflow_api_virtualenv.py for tasks to queue
[2022-11-08T20:51:13.341+0900] {logging_mixin.py:117} INFO - [2022-11-08T20:51:13.341+0900] {dagbag.py:525} INFO - Filling up the DagBag from /home/steve/.local/lib/python3.8/site-packages/airflow/example_dags/tutorial_taskflow_api_virtualenv.py
[2022-11-08T20:51:13.447+0900] {logging_mixin.py:117} INFO - [2022-11-08T20:51:13.446+0900] {tutorial_taskflow_api_virtualenv.py:29} WARNING - The tutorial_taskflow_api_virtualenv example DAG requires virtualenv, please install it.
[2022-11-08T20:51:13.447+0900] {processor.py:770} WARNING - No viable dags retrieved from /home/steve/.local/lib/python3.8/site-packages/airflow/example_dags/tutorial_taskflow_api_virtualenv.py
[2022-11-08T20:51:13.453+0900] {processor.py:178} INFO - Processing /home/steve/.local/lib/python3.8/site-packages/airflow/example_dags/tutorial_taskflow_api_virtualenv.py took 0.116 seconds
