[2022-11-08T19:44:39.451+0900] {processor.py:156} INFO - Started process (PID=7191) to work on /home/steve/.local/lib/python3.8/site-packages/airflow/example_dags/tutorial.py
[2022-11-08T19:44:39.452+0900] {processor.py:758} INFO - Processing file /home/steve/.local/lib/python3.8/site-packages/airflow/example_dags/tutorial.py for tasks to queue
[2022-11-08T19:44:39.452+0900] {logging_mixin.py:117} INFO - [2022-11-08T19:44:39.452+0900] {dagbag.py:525} INFO - Filling up the DagBag from /home/steve/.local/lib/python3.8/site-packages/airflow/example_dags/tutorial.py
[2022-11-08T19:44:39.461+0900] {processor.py:768} INFO - DAG(s) dict_keys(['tutorial']) retrieved from /home/steve/.local/lib/python3.8/site-packages/airflow/example_dags/tutorial.py
[2022-11-08T19:44:39.532+0900] {logging_mixin.py:117} INFO - [2022-11-08T19:44:39.532+0900] {manager.py:507} INFO - Created Permission View: can edit on DAG:tutorial
[2022-11-08T19:44:39.542+0900] {logging_mixin.py:117} INFO - [2022-11-08T19:44:39.541+0900] {manager.py:507} INFO - Created Permission View: can delete on DAG:tutorial
[2022-11-08T19:44:39.550+0900] {logging_mixin.py:117} INFO - [2022-11-08T19:44:39.550+0900] {manager.py:507} INFO - Created Permission View: can read on DAG:tutorial
[2022-11-08T19:44:39.550+0900] {logging_mixin.py:117} INFO - [2022-11-08T19:44:39.550+0900] {dag.py:2573} INFO - Sync 1 DAGs
[2022-11-08T19:44:39.642+0900] {logging_mixin.py:117} INFO - [2022-11-08T19:44:39.642+0900] {dag.py:2594} INFO - Creating ORM DAG for tutorial
[2022-11-08T19:44:39.647+0900] {logging_mixin.py:117} INFO - [2022-11-08T19:44:39.647+0900] {dag.py:3324} INFO - Setting next_dagrun for tutorial to 2022-11-07T10:44:39.647158+00:00, run_after=2022-11-08T10:44:39.647158+00:00
[2022-11-08T19:44:39.664+0900] {processor.py:178} INFO - Processing /home/steve/.local/lib/python3.8/site-packages/airflow/example_dags/tutorial.py took 0.214 seconds
[2022-11-08T19:45:18.517+0900] {processor.py:156} INFO - Started process (PID=7567) to work on /home/steve/.local/lib/python3.8/site-packages/airflow/example_dags/tutorial.py
[2022-11-08T19:45:18.518+0900] {processor.py:758} INFO - Processing file /home/steve/.local/lib/python3.8/site-packages/airflow/example_dags/tutorial.py for tasks to queue
[2022-11-08T19:45:18.518+0900] {logging_mixin.py:117} INFO - [2022-11-08T19:45:18.518+0900] {dagbag.py:525} INFO - Filling up the DagBag from /home/steve/.local/lib/python3.8/site-packages/airflow/example_dags/tutorial.py
[2022-11-08T19:45:18.525+0900] {processor.py:768} INFO - DAG(s) dict_keys(['tutorial']) retrieved from /home/steve/.local/lib/python3.8/site-packages/airflow/example_dags/tutorial.py
[2022-11-08T19:45:18.540+0900] {logging_mixin.py:117} INFO - [2022-11-08T19:45:18.540+0900] {dag.py:2573} INFO - Sync 1 DAGs
[2022-11-08T19:45:18.549+0900] {logging_mixin.py:117} INFO - [2022-11-08T19:45:18.549+0900] {dag.py:3324} INFO - Setting next_dagrun for tutorial to 2022-11-07T10:45:18.549406+00:00, run_after=2022-11-08T10:45:18.549406+00:00
[2022-11-08T19:45:18.565+0900] {processor.py:178} INFO - Processing /home/steve/.local/lib/python3.8/site-packages/airflow/example_dags/tutorial.py took 0.050 seconds
[2022-11-08T19:45:52.642+0900] {processor.py:156} INFO - Started process (PID=7778) to work on /home/steve/.local/lib/python3.8/site-packages/airflow/example_dags/tutorial.py
[2022-11-08T19:45:52.643+0900] {processor.py:758} INFO - Processing file /home/steve/.local/lib/python3.8/site-packages/airflow/example_dags/tutorial.py for tasks to queue
[2022-11-08T19:45:52.644+0900] {logging_mixin.py:117} INFO - [2022-11-08T19:45:52.644+0900] {dagbag.py:525} INFO - Filling up the DagBag from /home/steve/.local/lib/python3.8/site-packages/airflow/example_dags/tutorial.py
[2022-11-08T19:45:52.651+0900] {processor.py:768} INFO - DAG(s) dict_keys(['tutorial']) retrieved from /home/steve/.local/lib/python3.8/site-packages/airflow/example_dags/tutorial.py
[2022-11-08T19:45:52.666+0900] {logging_mixin.py:117} INFO - [2022-11-08T19:45:52.666+0900] {dag.py:2573} INFO - Sync 1 DAGs
[2022-11-08T19:45:52.675+0900] {logging_mixin.py:117} INFO - [2022-11-08T19:45:52.675+0900] {dag.py:3324} INFO - Setting next_dagrun for tutorial to 2022-11-07T10:45:52.675799+00:00, run_after=2022-11-08T10:45:52.675799+00:00
[2022-11-08T19:45:52.692+0900] {processor.py:178} INFO - Processing /home/steve/.local/lib/python3.8/site-packages/airflow/example_dags/tutorial.py took 0.051 seconds
[2022-11-08T19:46:26.421+0900] {processor.py:156} INFO - Started process (PID=7815) to work on /home/steve/.local/lib/python3.8/site-packages/airflow/example_dags/tutorial.py
[2022-11-08T19:46:26.423+0900] {processor.py:758} INFO - Processing file /home/steve/.local/lib/python3.8/site-packages/airflow/example_dags/tutorial.py for tasks to queue
[2022-11-08T19:46:26.423+0900] {logging_mixin.py:117} INFO - [2022-11-08T19:46:26.423+0900] {dagbag.py:525} INFO - Filling up the DagBag from /home/steve/.local/lib/python3.8/site-packages/airflow/example_dags/tutorial.py
[2022-11-08T19:46:26.431+0900] {processor.py:768} INFO - DAG(s) dict_keys(['tutorial']) retrieved from /home/steve/.local/lib/python3.8/site-packages/airflow/example_dags/tutorial.py
[2022-11-08T19:46:26.445+0900] {logging_mixin.py:117} INFO - [2022-11-08T19:46:26.445+0900] {dag.py:2573} INFO - Sync 1 DAGs
[2022-11-08T19:46:26.455+0900] {logging_mixin.py:117} INFO - [2022-11-08T19:46:26.454+0900] {dag.py:3324} INFO - Setting next_dagrun for tutorial to 2022-11-07T10:46:26.454797+00:00, run_after=2022-11-08T10:46:26.454797+00:00
[2022-11-08T19:46:26.471+0900] {processor.py:178} INFO - Processing /home/steve/.local/lib/python3.8/site-packages/airflow/example_dags/tutorial.py took 0.051 seconds
[2022-11-08T19:46:59.407+0900] {processor.py:156} INFO - Started process (PID=7886) to work on /home/steve/.local/lib/python3.8/site-packages/airflow/example_dags/tutorial.py
[2022-11-08T19:46:59.408+0900] {processor.py:758} INFO - Processing file /home/steve/.local/lib/python3.8/site-packages/airflow/example_dags/tutorial.py for tasks to queue
[2022-11-08T19:46:59.408+0900] {logging_mixin.py:117} INFO - [2022-11-08T19:46:59.408+0900] {dagbag.py:525} INFO - Filling up the DagBag from /home/steve/.local/lib/python3.8/site-packages/airflow/example_dags/tutorial.py
[2022-11-08T19:46:59.416+0900] {processor.py:768} INFO - DAG(s) dict_keys(['tutorial']) retrieved from /home/steve/.local/lib/python3.8/site-packages/airflow/example_dags/tutorial.py
[2022-11-08T19:46:59.430+0900] {logging_mixin.py:117} INFO - [2022-11-08T19:46:59.430+0900] {dag.py:2573} INFO - Sync 1 DAGs
[2022-11-08T19:46:59.439+0900] {logging_mixin.py:117} INFO - [2022-11-08T19:46:59.439+0900] {dag.py:3324} INFO - Setting next_dagrun for tutorial to 2022-11-07T10:46:59.439590+00:00, run_after=2022-11-08T10:46:59.439590+00:00
[2022-11-08T19:46:59.456+0900] {processor.py:178} INFO - Processing /home/steve/.local/lib/python3.8/site-packages/airflow/example_dags/tutorial.py took 0.050 seconds
[2022-11-08T19:47:35.271+0900] {processor.py:156} INFO - Started process (PID=7924) to work on /home/steve/.local/lib/python3.8/site-packages/airflow/example_dags/tutorial.py
[2022-11-08T19:47:35.273+0900] {processor.py:758} INFO - Processing file /home/steve/.local/lib/python3.8/site-packages/airflow/example_dags/tutorial.py for tasks to queue
[2022-11-08T19:47:35.273+0900] {logging_mixin.py:117} INFO - [2022-11-08T19:47:35.273+0900] {dagbag.py:525} INFO - Filling up the DagBag from /home/steve/.local/lib/python3.8/site-packages/airflow/example_dags/tutorial.py
[2022-11-08T19:47:35.281+0900] {processor.py:768} INFO - DAG(s) dict_keys(['tutorial']) retrieved from /home/steve/.local/lib/python3.8/site-packages/airflow/example_dags/tutorial.py
[2022-11-08T19:47:35.295+0900] {logging_mixin.py:117} INFO - [2022-11-08T19:47:35.295+0900] {dag.py:2573} INFO - Sync 1 DAGs
[2022-11-08T19:47:35.304+0900] {logging_mixin.py:117} INFO - [2022-11-08T19:47:35.304+0900] {dag.py:3324} INFO - Setting next_dagrun for tutorial to 2022-11-07T10:47:35.304444+00:00, run_after=2022-11-08T10:47:35.304444+00:00
[2022-11-08T19:47:35.389+0900] {processor.py:178} INFO - Processing /home/steve/.local/lib/python3.8/site-packages/airflow/example_dags/tutorial.py took 0.120 seconds
[2022-11-08T19:48:10.497+0900] {processor.py:156} INFO - Started process (PID=7958) to work on /home/steve/.local/lib/python3.8/site-packages/airflow/example_dags/tutorial.py
[2022-11-08T19:48:10.500+0900] {processor.py:758} INFO - Processing file /home/steve/.local/lib/python3.8/site-packages/airflow/example_dags/tutorial.py for tasks to queue
[2022-11-08T19:48:10.500+0900] {logging_mixin.py:117} INFO - [2022-11-08T19:48:10.500+0900] {dagbag.py:525} INFO - Filling up the DagBag from /home/steve/.local/lib/python3.8/site-packages/airflow/example_dags/tutorial.py
[2022-11-08T19:48:10.508+0900] {processor.py:768} INFO - DAG(s) dict_keys(['tutorial']) retrieved from /home/steve/.local/lib/python3.8/site-packages/airflow/example_dags/tutorial.py
[2022-11-08T19:48:10.522+0900] {logging_mixin.py:117} INFO - [2022-11-08T19:48:10.522+0900] {dag.py:2573} INFO - Sync 1 DAGs
[2022-11-08T19:48:10.597+0900] {logging_mixin.py:117} INFO - [2022-11-08T19:48:10.597+0900] {dag.py:3324} INFO - Setting next_dagrun for tutorial to 2022-11-07T10:48:10.597177+00:00, run_after=2022-11-08T10:48:10.597177+00:00
[2022-11-08T19:48:10.612+0900] {processor.py:178} INFO - Processing /home/steve/.local/lib/python3.8/site-packages/airflow/example_dags/tutorial.py took 0.116 seconds
[2022-11-08T19:48:48.051+0900] {processor.py:156} INFO - Started process (PID=7994) to work on /home/steve/.local/lib/python3.8/site-packages/airflow/example_dags/tutorial.py
[2022-11-08T19:48:48.053+0900] {processor.py:758} INFO - Processing file /home/steve/.local/lib/python3.8/site-packages/airflow/example_dags/tutorial.py for tasks to queue
[2022-11-08T19:48:48.053+0900] {logging_mixin.py:117} INFO - [2022-11-08T19:48:48.053+0900] {dagbag.py:525} INFO - Filling up the DagBag from /home/steve/.local/lib/python3.8/site-packages/airflow/example_dags/tutorial.py
[2022-11-08T19:48:48.060+0900] {processor.py:768} INFO - DAG(s) dict_keys(['tutorial']) retrieved from /home/steve/.local/lib/python3.8/site-packages/airflow/example_dags/tutorial.py
[2022-11-08T19:48:48.075+0900] {logging_mixin.py:117} INFO - [2022-11-08T19:48:48.075+0900] {dag.py:2573} INFO - Sync 1 DAGs
[2022-11-08T19:48:48.154+0900] {logging_mixin.py:117} INFO - [2022-11-08T19:48:48.154+0900] {dag.py:3324} INFO - Setting next_dagrun for tutorial to 2022-11-07T10:48:48.154536+00:00, run_after=2022-11-08T10:48:48.154536+00:00
[2022-11-08T19:48:48.169+0900] {processor.py:178} INFO - Processing /home/steve/.local/lib/python3.8/site-packages/airflow/example_dags/tutorial.py took 0.120 seconds
[2022-11-08T19:49:25.306+0900] {processor.py:156} INFO - Started process (PID=8030) to work on /home/steve/.local/lib/python3.8/site-packages/airflow/example_dags/tutorial.py
[2022-11-08T19:49:25.307+0900] {processor.py:758} INFO - Processing file /home/steve/.local/lib/python3.8/site-packages/airflow/example_dags/tutorial.py for tasks to queue
[2022-11-08T19:49:25.307+0900] {logging_mixin.py:117} INFO - [2022-11-08T19:49:25.307+0900] {dagbag.py:525} INFO - Filling up the DagBag from /home/steve/.local/lib/python3.8/site-packages/airflow/example_dags/tutorial.py
[2022-11-08T19:49:25.315+0900] {processor.py:768} INFO - DAG(s) dict_keys(['tutorial']) retrieved from /home/steve/.local/lib/python3.8/site-packages/airflow/example_dags/tutorial.py
[2022-11-08T19:49:25.332+0900] {logging_mixin.py:117} INFO - [2022-11-08T19:49:25.332+0900] {dag.py:2573} INFO - Sync 1 DAGs
[2022-11-08T19:49:25.411+0900] {logging_mixin.py:117} INFO - [2022-11-08T19:49:25.411+0900] {dag.py:3324} INFO - Setting next_dagrun for tutorial to 2022-11-07T10:49:25.411567+00:00, run_after=2022-11-08T10:49:25.411567+00:00
[2022-11-08T19:49:25.427+0900] {processor.py:178} INFO - Processing /home/steve/.local/lib/python3.8/site-packages/airflow/example_dags/tutorial.py took 0.122 seconds
[2022-11-08T19:50:01.297+0900] {processor.py:156} INFO - Started process (PID=8093) to work on /home/steve/.local/lib/python3.8/site-packages/airflow/example_dags/tutorial.py
[2022-11-08T19:50:01.298+0900] {processor.py:758} INFO - Processing file /home/steve/.local/lib/python3.8/site-packages/airflow/example_dags/tutorial.py for tasks to queue
[2022-11-08T19:50:01.299+0900] {logging_mixin.py:117} INFO - [2022-11-08T19:50:01.299+0900] {dagbag.py:525} INFO - Filling up the DagBag from /home/steve/.local/lib/python3.8/site-packages/airflow/example_dags/tutorial.py
[2022-11-08T19:50:01.306+0900] {processor.py:768} INFO - DAG(s) dict_keys(['tutorial']) retrieved from /home/steve/.local/lib/python3.8/site-packages/airflow/example_dags/tutorial.py
[2022-11-08T19:50:01.385+0900] {logging_mixin.py:117} INFO - [2022-11-08T19:50:01.385+0900] {dag.py:2573} INFO - Sync 1 DAGs
[2022-11-08T19:50:01.394+0900] {logging_mixin.py:117} INFO - [2022-11-08T19:50:01.393+0900] {dag.py:3324} INFO - Setting next_dagrun for tutorial to 2022-11-07T10:50:01.393858+00:00, run_after=2022-11-08T10:50:01.393858+00:00
[2022-11-08T19:50:01.409+0900] {processor.py:178} INFO - Processing /home/steve/.local/lib/python3.8/site-packages/airflow/example_dags/tutorial.py took 0.114 seconds
[2022-11-08T19:50:34.936+0900] {processor.py:156} INFO - Started process (PID=8126) to work on /home/steve/.local/lib/python3.8/site-packages/airflow/example_dags/tutorial.py
[2022-11-08T19:50:34.938+0900] {processor.py:758} INFO - Processing file /home/steve/.local/lib/python3.8/site-packages/airflow/example_dags/tutorial.py for tasks to queue
[2022-11-08T19:50:34.938+0900] {logging_mixin.py:117} INFO - [2022-11-08T19:50:34.938+0900] {dagbag.py:525} INFO - Filling up the DagBag from /home/steve/.local/lib/python3.8/site-packages/airflow/example_dags/tutorial.py
[2022-11-08T19:50:34.945+0900] {processor.py:768} INFO - DAG(s) dict_keys(['tutorial']) retrieved from /home/steve/.local/lib/python3.8/site-packages/airflow/example_dags/tutorial.py
[2022-11-08T19:50:35.023+0900] {logging_mixin.py:117} INFO - [2022-11-08T19:50:35.023+0900] {dag.py:2573} INFO - Sync 1 DAGs
[2022-11-08T19:50:35.032+0900] {logging_mixin.py:117} INFO - [2022-11-08T19:50:35.031+0900] {dag.py:3324} INFO - Setting next_dagrun for tutorial to 2022-11-07T10:50:35.031874+00:00, run_after=2022-11-08T10:50:35.031874+00:00
[2022-11-08T19:50:35.047+0900] {processor.py:178} INFO - Processing /home/steve/.local/lib/python3.8/site-packages/airflow/example_dags/tutorial.py took 0.112 seconds
[2022-11-08T19:51:11.552+0900] {processor.py:156} INFO - Started process (PID=8162) to work on /home/steve/.local/lib/python3.8/site-packages/airflow/example_dags/tutorial.py
[2022-11-08T19:51:11.553+0900] {processor.py:758} INFO - Processing file /home/steve/.local/lib/python3.8/site-packages/airflow/example_dags/tutorial.py for tasks to queue
[2022-11-08T19:51:11.553+0900] {logging_mixin.py:117} INFO - [2022-11-08T19:51:11.553+0900] {dagbag.py:525} INFO - Filling up the DagBag from /home/steve/.local/lib/python3.8/site-packages/airflow/example_dags/tutorial.py
[2022-11-08T19:51:11.627+0900] {processor.py:768} INFO - DAG(s) dict_keys(['tutorial']) retrieved from /home/steve/.local/lib/python3.8/site-packages/airflow/example_dags/tutorial.py
[2022-11-08T19:51:11.640+0900] {logging_mixin.py:117} INFO - [2022-11-08T19:51:11.640+0900] {dag.py:2573} INFO - Sync 1 DAGs
[2022-11-08T19:51:11.648+0900] {logging_mixin.py:117} INFO - [2022-11-08T19:51:11.648+0900] {dag.py:3324} INFO - Setting next_dagrun for tutorial to 2022-11-07T10:51:11.648308+00:00, run_after=2022-11-08T10:51:11.648308+00:00
[2022-11-08T19:51:11.664+0900] {processor.py:178} INFO - Processing /home/steve/.local/lib/python3.8/site-packages/airflow/example_dags/tutorial.py took 0.114 seconds
[2022-11-08T19:51:43.381+0900] {processor.py:156} INFO - Started process (PID=8193) to work on /home/steve/.local/lib/python3.8/site-packages/airflow/example_dags/tutorial.py
[2022-11-08T19:51:43.381+0900] {processor.py:758} INFO - Processing file /home/steve/.local/lib/python3.8/site-packages/airflow/example_dags/tutorial.py for tasks to queue
[2022-11-08T19:51:43.381+0900] {logging_mixin.py:117} INFO - [2022-11-08T19:51:43.381+0900] {dagbag.py:525} INFO - Filling up the DagBag from /home/steve/.local/lib/python3.8/site-packages/airflow/example_dags/tutorial.py
[2022-11-08T19:51:43.455+0900] {processor.py:768} INFO - DAG(s) dict_keys(['tutorial']) retrieved from /home/steve/.local/lib/python3.8/site-packages/airflow/example_dags/tutorial.py
[2022-11-08T19:51:43.467+0900] {logging_mixin.py:117} INFO - [2022-11-08T19:51:43.467+0900] {dag.py:2573} INFO - Sync 1 DAGs
[2022-11-08T19:51:43.476+0900] {logging_mixin.py:117} INFO - [2022-11-08T19:51:43.476+0900] {dag.py:3324} INFO - Setting next_dagrun for tutorial to 2022-11-07T10:51:43.476199+00:00, run_after=2022-11-08T10:51:43.476199+00:00
[2022-11-08T19:51:43.492+0900] {processor.py:178} INFO - Processing /home/steve/.local/lib/python3.8/site-packages/airflow/example_dags/tutorial.py took 0.113 seconds
[2022-11-08T19:52:17.133+0900] {processor.py:156} INFO - Started process (PID=8228) to work on /home/steve/.local/lib/python3.8/site-packages/airflow/example_dags/tutorial.py
[2022-11-08T19:52:17.135+0900] {processor.py:758} INFO - Processing file /home/steve/.local/lib/python3.8/site-packages/airflow/example_dags/tutorial.py for tasks to queue
[2022-11-08T19:52:17.135+0900] {logging_mixin.py:117} INFO - [2022-11-08T19:52:17.135+0900] {dagbag.py:525} INFO - Filling up the DagBag from /home/steve/.local/lib/python3.8/site-packages/airflow/example_dags/tutorial.py
[2022-11-08T19:52:17.143+0900] {processor.py:768} INFO - DAG(s) dict_keys(['tutorial']) retrieved from /home/steve/.local/lib/python3.8/site-packages/airflow/example_dags/tutorial.py
[2022-11-08T19:52:17.158+0900] {logging_mixin.py:117} INFO - [2022-11-08T19:52:17.158+0900] {dag.py:2573} INFO - Sync 1 DAGs
[2022-11-08T19:52:17.168+0900] {logging_mixin.py:117} INFO - [2022-11-08T19:52:17.168+0900] {dag.py:3324} INFO - Setting next_dagrun for tutorial to 2022-11-07T10:52:17.168089+00:00, run_after=2022-11-08T10:52:17.168089+00:00
[2022-11-08T19:52:17.184+0900] {processor.py:178} INFO - Processing /home/steve/.local/lib/python3.8/site-packages/airflow/example_dags/tutorial.py took 0.052 seconds
[2022-11-08T19:52:48.376+0900] {processor.py:156} INFO - Started process (PID=8284) to work on /home/steve/.local/lib/python3.8/site-packages/airflow/example_dags/tutorial.py
[2022-11-08T19:52:48.377+0900] {processor.py:758} INFO - Processing file /home/steve/.local/lib/python3.8/site-packages/airflow/example_dags/tutorial.py for tasks to queue
[2022-11-08T19:52:48.377+0900] {logging_mixin.py:117} INFO - [2022-11-08T19:52:48.377+0900] {dagbag.py:525} INFO - Filling up the DagBag from /home/steve/.local/lib/python3.8/site-packages/airflow/example_dags/tutorial.py
[2022-11-08T19:52:48.393+0900] {processor.py:768} INFO - DAG(s) dict_keys(['tutorial']) retrieved from /home/steve/.local/lib/python3.8/site-packages/airflow/example_dags/tutorial.py
[2022-11-08T19:52:48.419+0900] {logging_mixin.py:117} INFO - [2022-11-08T19:52:48.419+0900] {dag.py:2573} INFO - Sync 1 DAGs
[2022-11-08T19:52:48.440+0900] {logging_mixin.py:117} INFO - [2022-11-08T19:52:48.439+0900] {dag.py:3324} INFO - Setting next_dagrun for tutorial to 2022-11-07T10:52:48.439671+00:00, run_after=2022-11-08T10:52:48.439671+00:00
[2022-11-08T19:52:48.461+0900] {processor.py:178} INFO - Processing /home/steve/.local/lib/python3.8/site-packages/airflow/example_dags/tutorial.py took 0.087 seconds
[2022-11-08T19:53:20.604+0900] {processor.py:156} INFO - Started process (PID=8514) to work on /home/steve/.local/lib/python3.8/site-packages/airflow/example_dags/tutorial.py
[2022-11-08T19:53:20.605+0900] {processor.py:758} INFO - Processing file /home/steve/.local/lib/python3.8/site-packages/airflow/example_dags/tutorial.py for tasks to queue
[2022-11-08T19:53:20.606+0900] {logging_mixin.py:117} INFO - [2022-11-08T19:53:20.605+0900] {dagbag.py:525} INFO - Filling up the DagBag from /home/steve/.local/lib/python3.8/site-packages/airflow/example_dags/tutorial.py
[2022-11-08T19:53:20.615+0900] {processor.py:768} INFO - DAG(s) dict_keys(['tutorial']) retrieved from /home/steve/.local/lib/python3.8/site-packages/airflow/example_dags/tutorial.py
[2022-11-08T19:53:20.627+0900] {logging_mixin.py:117} INFO - [2022-11-08T19:53:20.627+0900] {dag.py:2573} INFO - Sync 1 DAGs
[2022-11-08T19:53:20.639+0900] {logging_mixin.py:117} INFO - [2022-11-08T19:53:20.639+0900] {dag.py:3324} INFO - Setting next_dagrun for tutorial to 2022-11-07T10:53:20.639482+00:00, run_after=2022-11-08T10:53:20.639482+00:00
[2022-11-08T19:53:20.659+0900] {processor.py:178} INFO - Processing /home/steve/.local/lib/python3.8/site-packages/airflow/example_dags/tutorial.py took 0.057 seconds
[2022-11-08T19:53:55.363+0900] {processor.py:156} INFO - Started process (PID=8570) to work on /home/steve/.local/lib/python3.8/site-packages/airflow/example_dags/tutorial.py
[2022-11-08T19:53:55.366+0900] {processor.py:758} INFO - Processing file /home/steve/.local/lib/python3.8/site-packages/airflow/example_dags/tutorial.py for tasks to queue
[2022-11-08T19:53:55.366+0900] {logging_mixin.py:117} INFO - [2022-11-08T19:53:55.366+0900] {dagbag.py:525} INFO - Filling up the DagBag from /home/steve/.local/lib/python3.8/site-packages/airflow/example_dags/tutorial.py
[2022-11-08T19:53:55.373+0900] {processor.py:768} INFO - DAG(s) dict_keys(['tutorial']) retrieved from /home/steve/.local/lib/python3.8/site-packages/airflow/example_dags/tutorial.py
[2022-11-08T19:53:55.391+0900] {logging_mixin.py:117} INFO - [2022-11-08T19:53:55.391+0900] {dag.py:2573} INFO - Sync 1 DAGs
[2022-11-08T19:53:55.403+0900] {logging_mixin.py:117} INFO - [2022-11-08T19:53:55.403+0900] {dag.py:3324} INFO - Setting next_dagrun for tutorial to 2022-11-07T10:53:55.403164+00:00, run_after=2022-11-08T10:53:55.403164+00:00
[2022-11-08T19:53:55.419+0900] {processor.py:178} INFO - Processing /home/steve/.local/lib/python3.8/site-packages/airflow/example_dags/tutorial.py took 0.057 seconds
[2022-11-08T19:54:26.179+0900] {processor.py:156} INFO - Started process (PID=8724) to work on /home/steve/.local/lib/python3.8/site-packages/airflow/example_dags/tutorial.py
[2022-11-08T19:54:26.179+0900] {processor.py:758} INFO - Processing file /home/steve/.local/lib/python3.8/site-packages/airflow/example_dags/tutorial.py for tasks to queue
[2022-11-08T19:54:26.179+0900] {logging_mixin.py:117} INFO - [2022-11-08T19:54:26.179+0900] {dagbag.py:525} INFO - Filling up the DagBag from /home/steve/.local/lib/python3.8/site-packages/airflow/example_dags/tutorial.py
[2022-11-08T19:54:26.190+0900] {processor.py:768} INFO - DAG(s) dict_keys(['tutorial']) retrieved from /home/steve/.local/lib/python3.8/site-packages/airflow/example_dags/tutorial.py
[2022-11-08T19:54:26.210+0900] {logging_mixin.py:117} INFO - [2022-11-08T19:54:26.210+0900] {dag.py:2573} INFO - Sync 1 DAGs
[2022-11-08T19:54:26.224+0900] {logging_mixin.py:117} INFO - [2022-11-08T19:54:26.224+0900] {dag.py:3324} INFO - Setting next_dagrun for tutorial to 2022-11-07T10:54:26.223835+00:00, run_after=2022-11-08T10:54:26.223835+00:00
[2022-11-08T19:54:26.243+0900] {processor.py:178} INFO - Processing /home/steve/.local/lib/python3.8/site-packages/airflow/example_dags/tutorial.py took 0.066 seconds
[2022-11-08T19:54:59.213+0900] {processor.py:156} INFO - Started process (PID=8997) to work on /home/steve/.local/lib/python3.8/site-packages/airflow/example_dags/tutorial.py
[2022-11-08T19:54:59.214+0900] {processor.py:758} INFO - Processing file /home/steve/.local/lib/python3.8/site-packages/airflow/example_dags/tutorial.py for tasks to queue
[2022-11-08T19:54:59.214+0900] {logging_mixin.py:117} INFO - [2022-11-08T19:54:59.214+0900] {dagbag.py:525} INFO - Filling up the DagBag from /home/steve/.local/lib/python3.8/site-packages/airflow/example_dags/tutorial.py
[2022-11-08T19:54:59.221+0900] {processor.py:768} INFO - DAG(s) dict_keys(['tutorial']) retrieved from /home/steve/.local/lib/python3.8/site-packages/airflow/example_dags/tutorial.py
[2022-11-08T19:54:59.236+0900] {logging_mixin.py:117} INFO - [2022-11-08T19:54:59.236+0900] {dag.py:2573} INFO - Sync 1 DAGs
[2022-11-08T19:54:59.246+0900] {logging_mixin.py:117} INFO - [2022-11-08T19:54:59.246+0900] {dag.py:3324} INFO - Setting next_dagrun for tutorial to 2022-11-07T10:54:59.245930+00:00, run_after=2022-11-08T10:54:59.245930+00:00
[2022-11-08T19:54:59.262+0900] {processor.py:178} INFO - Processing /home/steve/.local/lib/python3.8/site-packages/airflow/example_dags/tutorial.py took 0.051 seconds
[2022-11-08T20:26:53.987+0900] {processor.py:156} INFO - Started process (PID=9728) to work on /home/steve/.local/lib/python3.8/site-packages/airflow/example_dags/tutorial.py
[2022-11-08T20:26:53.989+0900] {processor.py:758} INFO - Processing file /home/steve/.local/lib/python3.8/site-packages/airflow/example_dags/tutorial.py for tasks to queue
[2022-11-08T20:26:53.990+0900] {logging_mixin.py:117} INFO - [2022-11-08T20:26:53.990+0900] {dagbag.py:525} INFO - Filling up the DagBag from /home/steve/.local/lib/python3.8/site-packages/airflow/example_dags/tutorial.py
[2022-11-08T20:26:53.997+0900] {processor.py:768} INFO - DAG(s) dict_keys(['tutorial']) retrieved from /home/steve/.local/lib/python3.8/site-packages/airflow/example_dags/tutorial.py
[2022-11-08T20:26:54.013+0900] {logging_mixin.py:117} INFO - [2022-11-08T20:26:54.013+0900] {dag.py:2573} INFO - Sync 1 DAGs
[2022-11-08T20:26:54.023+0900] {logging_mixin.py:117} INFO - [2022-11-08T20:26:54.023+0900] {dag.py:3324} INFO - Setting next_dagrun for tutorial to 2022-11-07T11:26:54.023746+00:00, run_after=2022-11-08T11:26:54.023746+00:00
[2022-11-08T20:26:54.040+0900] {processor.py:178} INFO - Processing /home/steve/.local/lib/python3.8/site-packages/airflow/example_dags/tutorial.py took 0.054 seconds
[2022-11-08T20:27:26.384+0900] {processor.py:156} INFO - Started process (PID=9822) to work on /home/steve/.local/lib/python3.8/site-packages/airflow/example_dags/tutorial.py
[2022-11-08T20:27:26.385+0900] {processor.py:758} INFO - Processing file /home/steve/.local/lib/python3.8/site-packages/airflow/example_dags/tutorial.py for tasks to queue
[2022-11-08T20:27:26.385+0900] {logging_mixin.py:117} INFO - [2022-11-08T20:27:26.385+0900] {dagbag.py:525} INFO - Filling up the DagBag from /home/steve/.local/lib/python3.8/site-packages/airflow/example_dags/tutorial.py
[2022-11-08T20:27:26.393+0900] {processor.py:768} INFO - DAG(s) dict_keys(['tutorial']) retrieved from /home/steve/.local/lib/python3.8/site-packages/airflow/example_dags/tutorial.py
[2022-11-08T20:27:26.409+0900] {logging_mixin.py:117} INFO - [2022-11-08T20:27:26.409+0900] {dag.py:2573} INFO - Sync 1 DAGs
[2022-11-08T20:27:26.419+0900] {logging_mixin.py:117} INFO - [2022-11-08T20:27:26.419+0900] {dag.py:3324} INFO - Setting next_dagrun for tutorial to 2022-11-07T11:27:26.419660+00:00, run_after=2022-11-08T11:27:26.419660+00:00
[2022-11-08T20:27:26.436+0900] {processor.py:178} INFO - Processing /home/steve/.local/lib/python3.8/site-packages/airflow/example_dags/tutorial.py took 0.053 seconds
[2022-11-08T20:28:03.581+0900] {processor.py:156} INFO - Started process (PID=9858) to work on /home/steve/.local/lib/python3.8/site-packages/airflow/example_dags/tutorial.py
[2022-11-08T20:28:03.583+0900] {processor.py:758} INFO - Processing file /home/steve/.local/lib/python3.8/site-packages/airflow/example_dags/tutorial.py for tasks to queue
[2022-11-08T20:28:03.583+0900] {logging_mixin.py:117} INFO - [2022-11-08T20:28:03.583+0900] {dagbag.py:525} INFO - Filling up the DagBag from /home/steve/.local/lib/python3.8/site-packages/airflow/example_dags/tutorial.py
[2022-11-08T20:28:03.591+0900] {processor.py:768} INFO - DAG(s) dict_keys(['tutorial']) retrieved from /home/steve/.local/lib/python3.8/site-packages/airflow/example_dags/tutorial.py
[2022-11-08T20:28:03.607+0900] {logging_mixin.py:117} INFO - [2022-11-08T20:28:03.607+0900] {dag.py:2573} INFO - Sync 1 DAGs
[2022-11-08T20:28:03.617+0900] {logging_mixin.py:117} INFO - [2022-11-08T20:28:03.617+0900] {dag.py:3324} INFO - Setting next_dagrun for tutorial to 2022-11-07T11:28:03.617405+00:00, run_after=2022-11-08T11:28:03.617405+00:00
[2022-11-08T20:28:03.635+0900] {processor.py:178} INFO - Processing /home/steve/.local/lib/python3.8/site-packages/airflow/example_dags/tutorial.py took 0.056 seconds
[2022-11-08T20:28:36.048+0900] {processor.py:156} INFO - Started process (PID=9952) to work on /home/steve/.local/lib/python3.8/site-packages/airflow/example_dags/tutorial.py
[2022-11-08T20:28:36.049+0900] {processor.py:758} INFO - Processing file /home/steve/.local/lib/python3.8/site-packages/airflow/example_dags/tutorial.py for tasks to queue
[2022-11-08T20:28:36.049+0900] {logging_mixin.py:117} INFO - [2022-11-08T20:28:36.049+0900] {dagbag.py:525} INFO - Filling up the DagBag from /home/steve/.local/lib/python3.8/site-packages/airflow/example_dags/tutorial.py
[2022-11-08T20:28:36.056+0900] {processor.py:768} INFO - DAG(s) dict_keys(['tutorial']) retrieved from /home/steve/.local/lib/python3.8/site-packages/airflow/example_dags/tutorial.py
[2022-11-08T20:28:36.072+0900] {logging_mixin.py:117} INFO - [2022-11-08T20:28:36.071+0900] {dag.py:2573} INFO - Sync 1 DAGs
[2022-11-08T20:28:36.081+0900] {logging_mixin.py:117} INFO - [2022-11-08T20:28:36.081+0900] {dag.py:3324} INFO - Setting next_dagrun for tutorial to 2022-11-07T11:28:36.081745+00:00, run_after=2022-11-08T11:28:36.081745+00:00
[2022-11-08T20:28:36.099+0900] {processor.py:178} INFO - Processing /home/steve/.local/lib/python3.8/site-packages/airflow/example_dags/tutorial.py took 0.052 seconds
[2022-11-08T20:29:12.423+0900] {processor.py:156} INFO - Started process (PID=10189) to work on /home/steve/.local/lib/python3.8/site-packages/airflow/example_dags/tutorial.py
[2022-11-08T20:29:12.425+0900] {processor.py:758} INFO - Processing file /home/steve/.local/lib/python3.8/site-packages/airflow/example_dags/tutorial.py for tasks to queue
[2022-11-08T20:29:12.425+0900] {logging_mixin.py:117} INFO - [2022-11-08T20:29:12.425+0900] {dagbag.py:525} INFO - Filling up the DagBag from /home/steve/.local/lib/python3.8/site-packages/airflow/example_dags/tutorial.py
[2022-11-08T20:29:12.433+0900] {processor.py:768} INFO - DAG(s) dict_keys(['tutorial']) retrieved from /home/steve/.local/lib/python3.8/site-packages/airflow/example_dags/tutorial.py
[2022-11-08T20:29:12.448+0900] {logging_mixin.py:117} INFO - [2022-11-08T20:29:12.448+0900] {dag.py:2573} INFO - Sync 1 DAGs
[2022-11-08T20:29:12.457+0900] {logging_mixin.py:117} INFO - [2022-11-08T20:29:12.457+0900] {dag.py:3324} INFO - Setting next_dagrun for tutorial to 2022-11-07T11:29:12.457584+00:00, run_after=2022-11-08T11:29:12.457584+00:00
[2022-11-08T20:29:12.474+0900] {processor.py:178} INFO - Processing /home/steve/.local/lib/python3.8/site-packages/airflow/example_dags/tutorial.py took 0.052 seconds
[2022-11-08T20:29:45.537+0900] {processor.py:156} INFO - Started process (PID=10328) to work on /home/steve/.local/lib/python3.8/site-packages/airflow/example_dags/tutorial.py
[2022-11-08T20:29:45.538+0900] {processor.py:758} INFO - Processing file /home/steve/.local/lib/python3.8/site-packages/airflow/example_dags/tutorial.py for tasks to queue
[2022-11-08T20:29:45.538+0900] {logging_mixin.py:117} INFO - [2022-11-08T20:29:45.538+0900] {dagbag.py:525} INFO - Filling up the DagBag from /home/steve/.local/lib/python3.8/site-packages/airflow/example_dags/tutorial.py
[2022-11-08T20:29:45.545+0900] {processor.py:768} INFO - DAG(s) dict_keys(['tutorial']) retrieved from /home/steve/.local/lib/python3.8/site-packages/airflow/example_dags/tutorial.py
[2022-11-08T20:29:45.561+0900] {logging_mixin.py:117} INFO - [2022-11-08T20:29:45.561+0900] {dag.py:2573} INFO - Sync 1 DAGs
[2022-11-08T20:29:45.573+0900] {logging_mixin.py:117} INFO - [2022-11-08T20:29:45.573+0900] {dag.py:3324} INFO - Setting next_dagrun for tutorial to 2022-11-07T11:29:45.573382+00:00, run_after=2022-11-08T11:29:45.573382+00:00
[2022-11-08T20:29:45.671+0900] {processor.py:178} INFO - Processing /home/steve/.local/lib/python3.8/site-packages/airflow/example_dags/tutorial.py took 0.136 seconds
[2022-11-08T20:30:23.573+0900] {processor.py:156} INFO - Started process (PID=10454) to work on /home/steve/.local/lib/python3.8/site-packages/airflow/example_dags/tutorial.py
[2022-11-08T20:30:23.574+0900] {processor.py:758} INFO - Processing file /home/steve/.local/lib/python3.8/site-packages/airflow/example_dags/tutorial.py for tasks to queue
[2022-11-08T20:30:23.574+0900] {logging_mixin.py:117} INFO - [2022-11-08T20:30:23.574+0900] {dagbag.py:525} INFO - Filling up the DagBag from /home/steve/.local/lib/python3.8/site-packages/airflow/example_dags/tutorial.py
[2022-11-08T20:30:23.583+0900] {processor.py:768} INFO - DAG(s) dict_keys(['tutorial']) retrieved from /home/steve/.local/lib/python3.8/site-packages/airflow/example_dags/tutorial.py
[2022-11-08T20:30:23.602+0900] {logging_mixin.py:117} INFO - [2022-11-08T20:30:23.602+0900] {dag.py:2573} INFO - Sync 1 DAGs
[2022-11-08T20:30:23.701+0900] {logging_mixin.py:117} INFO - [2022-11-08T20:30:23.701+0900] {dag.py:3324} INFO - Setting next_dagrun for tutorial to 2022-11-07T11:30:23.701627+00:00, run_after=2022-11-08T11:30:23.701627+00:00
[2022-11-08T20:30:23.718+0900] {processor.py:178} INFO - Processing /home/steve/.local/lib/python3.8/site-packages/airflow/example_dags/tutorial.py took 0.147 seconds
[2022-11-08T20:31:01.636+0900] {processor.py:156} INFO - Started process (PID=10640) to work on /home/steve/.local/lib/python3.8/site-packages/airflow/example_dags/tutorial.py
[2022-11-08T20:31:01.639+0900] {processor.py:758} INFO - Processing file /home/steve/.local/lib/python3.8/site-packages/airflow/example_dags/tutorial.py for tasks to queue
[2022-11-08T20:31:01.639+0900] {logging_mixin.py:117} INFO - [2022-11-08T20:31:01.639+0900] {dagbag.py:525} INFO - Filling up the DagBag from /home/steve/.local/lib/python3.8/site-packages/airflow/example_dags/tutorial.py
[2022-11-08T20:31:01.647+0900] {processor.py:768} INFO - DAG(s) dict_keys(['tutorial']) retrieved from /home/steve/.local/lib/python3.8/site-packages/airflow/example_dags/tutorial.py
[2022-11-08T20:31:01.662+0900] {logging_mixin.py:117} INFO - [2022-11-08T20:31:01.662+0900] {dag.py:2573} INFO - Sync 1 DAGs
[2022-11-08T20:31:01.750+0900] {logging_mixin.py:117} INFO - [2022-11-08T20:31:01.750+0900] {dag.py:3324} INFO - Setting next_dagrun for tutorial to 2022-11-07T11:31:01.750708+00:00, run_after=2022-11-08T11:31:01.750708+00:00
[2022-11-08T20:31:01.767+0900] {processor.py:178} INFO - Processing /home/steve/.local/lib/python3.8/site-packages/airflow/example_dags/tutorial.py took 0.133 seconds
[2022-11-08T20:31:36.295+0900] {processor.py:156} INFO - Started process (PID=10727) to work on /home/steve/.local/lib/python3.8/site-packages/airflow/example_dags/tutorial.py
[2022-11-08T20:31:36.297+0900] {processor.py:758} INFO - Processing file /home/steve/.local/lib/python3.8/site-packages/airflow/example_dags/tutorial.py for tasks to queue
[2022-11-08T20:31:36.297+0900] {logging_mixin.py:117} INFO - [2022-11-08T20:31:36.297+0900] {dagbag.py:525} INFO - Filling up the DagBag from /home/steve/.local/lib/python3.8/site-packages/airflow/example_dags/tutorial.py
[2022-11-08T20:31:36.304+0900] {processor.py:768} INFO - DAG(s) dict_keys(['tutorial']) retrieved from /home/steve/.local/lib/python3.8/site-packages/airflow/example_dags/tutorial.py
[2022-11-08T20:31:36.320+0900] {logging_mixin.py:117} INFO - [2022-11-08T20:31:36.320+0900] {dag.py:2573} INFO - Sync 1 DAGs
[2022-11-08T20:31:36.400+0900] {logging_mixin.py:117} INFO - [2022-11-08T20:31:36.400+0900] {dag.py:3324} INFO - Setting next_dagrun for tutorial to 2022-11-07T11:31:36.400638+00:00, run_after=2022-11-08T11:31:36.400638+00:00
[2022-11-08T20:31:36.420+0900] {processor.py:178} INFO - Processing /home/steve/.local/lib/python3.8/site-packages/airflow/example_dags/tutorial.py took 0.127 seconds
[2022-11-08T20:32:13.057+0900] {processor.py:156} INFO - Started process (PID=10790) to work on /home/steve/.local/lib/python3.8/site-packages/airflow/example_dags/tutorial.py
[2022-11-08T20:32:13.059+0900] {processor.py:758} INFO - Processing file /home/steve/.local/lib/python3.8/site-packages/airflow/example_dags/tutorial.py for tasks to queue
[2022-11-08T20:32:13.059+0900] {logging_mixin.py:117} INFO - [2022-11-08T20:32:13.059+0900] {dagbag.py:525} INFO - Filling up the DagBag from /home/steve/.local/lib/python3.8/site-packages/airflow/example_dags/tutorial.py
[2022-11-08T20:32:13.068+0900] {processor.py:768} INFO - DAG(s) dict_keys(['tutorial']) retrieved from /home/steve/.local/lib/python3.8/site-packages/airflow/example_dags/tutorial.py
[2022-11-08T20:32:13.170+0900] {logging_mixin.py:117} INFO - [2022-11-08T20:32:13.170+0900] {dag.py:2573} INFO - Sync 1 DAGs
[2022-11-08T20:32:13.180+0900] {logging_mixin.py:117} INFO - [2022-11-08T20:32:13.180+0900] {dag.py:3324} INFO - Setting next_dagrun for tutorial to 2022-11-07T11:32:13.180635+00:00, run_after=2022-11-08T11:32:13.180635+00:00
[2022-11-08T20:32:13.199+0900] {processor.py:178} INFO - Processing /home/steve/.local/lib/python3.8/site-packages/airflow/example_dags/tutorial.py took 0.144 seconds
[2022-11-08T20:32:44.205+0900] {processor.py:156} INFO - Started process (PID=10973) to work on /home/steve/.local/lib/python3.8/site-packages/airflow/example_dags/tutorial.py
[2022-11-08T20:32:44.206+0900] {processor.py:758} INFO - Processing file /home/steve/.local/lib/python3.8/site-packages/airflow/example_dags/tutorial.py for tasks to queue
[2022-11-08T20:32:44.206+0900] {logging_mixin.py:117} INFO - [2022-11-08T20:32:44.206+0900] {dagbag.py:525} INFO - Filling up the DagBag from /home/steve/.local/lib/python3.8/site-packages/airflow/example_dags/tutorial.py
[2022-11-08T20:32:44.215+0900] {processor.py:768} INFO - DAG(s) dict_keys(['tutorial']) retrieved from /home/steve/.local/lib/python3.8/site-packages/airflow/example_dags/tutorial.py
[2022-11-08T20:32:44.305+0900] {logging_mixin.py:117} INFO - [2022-11-08T20:32:44.305+0900] {dag.py:2573} INFO - Sync 1 DAGs
[2022-11-08T20:32:44.315+0900] {logging_mixin.py:117} INFO - [2022-11-08T20:32:44.315+0900] {dag.py:3324} INFO - Setting next_dagrun for tutorial to 2022-11-07T11:32:44.315636+00:00, run_after=2022-11-08T11:32:44.315636+00:00
[2022-11-08T20:32:44.332+0900] {processor.py:178} INFO - Processing /home/steve/.local/lib/python3.8/site-packages/airflow/example_dags/tutorial.py took 0.130 seconds
[2022-11-08T20:33:20.806+0900] {processor.py:156} INFO - Started process (PID=11008) to work on /home/steve/.local/lib/python3.8/site-packages/airflow/example_dags/tutorial.py
[2022-11-08T20:33:20.808+0900] {processor.py:758} INFO - Processing file /home/steve/.local/lib/python3.8/site-packages/airflow/example_dags/tutorial.py for tasks to queue
[2022-11-08T20:33:20.808+0900] {logging_mixin.py:117} INFO - [2022-11-08T20:33:20.808+0900] {dagbag.py:525} INFO - Filling up the DagBag from /home/steve/.local/lib/python3.8/site-packages/airflow/example_dags/tutorial.py
[2022-11-08T20:33:20.892+0900] {processor.py:768} INFO - DAG(s) dict_keys(['tutorial']) retrieved from /home/steve/.local/lib/python3.8/site-packages/airflow/example_dags/tutorial.py
[2022-11-08T20:33:20.905+0900] {logging_mixin.py:117} INFO - [2022-11-08T20:33:20.905+0900] {dag.py:2573} INFO - Sync 1 DAGs
[2022-11-08T20:33:20.915+0900] {logging_mixin.py:117} INFO - [2022-11-08T20:33:20.915+0900] {dag.py:3324} INFO - Setting next_dagrun for tutorial to 2022-11-07T11:33:20.915048+00:00, run_after=2022-11-08T11:33:20.915048+00:00
[2022-11-08T20:33:20.932+0900] {processor.py:178} INFO - Processing /home/steve/.local/lib/python3.8/site-packages/airflow/example_dags/tutorial.py took 0.128 seconds
[2022-11-08T20:33:57.402+0900] {processor.py:156} INFO - Started process (PID=11042) to work on /home/steve/.local/lib/python3.8/site-packages/airflow/example_dags/tutorial.py
[2022-11-08T20:33:57.404+0900] {processor.py:758} INFO - Processing file /home/steve/.local/lib/python3.8/site-packages/airflow/example_dags/tutorial.py for tasks to queue
[2022-11-08T20:33:57.405+0900] {logging_mixin.py:117} INFO - [2022-11-08T20:33:57.405+0900] {dagbag.py:525} INFO - Filling up the DagBag from /home/steve/.local/lib/python3.8/site-packages/airflow/example_dags/tutorial.py
[2022-11-08T20:33:57.488+0900] {processor.py:768} INFO - DAG(s) dict_keys(['tutorial']) retrieved from /home/steve/.local/lib/python3.8/site-packages/airflow/example_dags/tutorial.py
[2022-11-08T20:33:57.501+0900] {logging_mixin.py:117} INFO - [2022-11-08T20:33:57.501+0900] {dag.py:2573} INFO - Sync 1 DAGs
[2022-11-08T20:33:57.511+0900] {logging_mixin.py:117} INFO - [2022-11-08T20:33:57.511+0900] {dag.py:3324} INFO - Setting next_dagrun for tutorial to 2022-11-07T11:33:57.511564+00:00, run_after=2022-11-08T11:33:57.511564+00:00
[2022-11-08T20:33:57.529+0900] {processor.py:178} INFO - Processing /home/steve/.local/lib/python3.8/site-packages/airflow/example_dags/tutorial.py took 0.128 seconds
[2022-11-08T20:34:32.801+0900] {processor.py:156} INFO - Started process (PID=11078) to work on /home/steve/.local/lib/python3.8/site-packages/airflow/example_dags/tutorial.py
[2022-11-08T20:34:32.803+0900] {processor.py:758} INFO - Processing file /home/steve/.local/lib/python3.8/site-packages/airflow/example_dags/tutorial.py for tasks to queue
[2022-11-08T20:34:32.804+0900] {logging_mixin.py:117} INFO - [2022-11-08T20:34:32.803+0900] {dagbag.py:525} INFO - Filling up the DagBag from /home/steve/.local/lib/python3.8/site-packages/airflow/example_dags/tutorial.py
[2022-11-08T20:34:32.811+0900] {processor.py:768} INFO - DAG(s) dict_keys(['tutorial']) retrieved from /home/steve/.local/lib/python3.8/site-packages/airflow/example_dags/tutorial.py
[2022-11-08T20:34:32.829+0900] {logging_mixin.py:117} INFO - [2022-11-08T20:34:32.829+0900] {dag.py:2573} INFO - Sync 1 DAGs
[2022-11-08T20:34:32.841+0900] {logging_mixin.py:117} INFO - [2022-11-08T20:34:32.841+0900] {dag.py:3324} INFO - Setting next_dagrun for tutorial to 2022-11-07T11:34:32.841486+00:00, run_after=2022-11-08T11:34:32.841486+00:00
[2022-11-08T20:34:32.858+0900] {processor.py:178} INFO - Processing /home/steve/.local/lib/python3.8/site-packages/airflow/example_dags/tutorial.py took 0.059 seconds
[2022-11-08T20:35:05.868+0900] {processor.py:156} INFO - Started process (PID=11113) to work on /home/steve/.local/lib/python3.8/site-packages/airflow/example_dags/tutorial.py
[2022-11-08T20:35:05.869+0900] {processor.py:758} INFO - Processing file /home/steve/.local/lib/python3.8/site-packages/airflow/example_dags/tutorial.py for tasks to queue
[2022-11-08T20:35:05.869+0900] {logging_mixin.py:117} INFO - [2022-11-08T20:35:05.869+0900] {dagbag.py:525} INFO - Filling up the DagBag from /home/steve/.local/lib/python3.8/site-packages/airflow/example_dags/tutorial.py
[2022-11-08T20:35:05.876+0900] {processor.py:768} INFO - DAG(s) dict_keys(['tutorial']) retrieved from /home/steve/.local/lib/python3.8/site-packages/airflow/example_dags/tutorial.py
[2022-11-08T20:35:05.891+0900] {logging_mixin.py:117} INFO - [2022-11-08T20:35:05.891+0900] {dag.py:2573} INFO - Sync 1 DAGs
[2022-11-08T20:35:05.901+0900] {logging_mixin.py:117} INFO - [2022-11-08T20:35:05.901+0900] {dag.py:3324} INFO - Setting next_dagrun for tutorial to 2022-11-07T11:35:05.901440+00:00, run_after=2022-11-08T11:35:05.901440+00:00
[2022-11-08T20:35:05.918+0900] {processor.py:178} INFO - Processing /home/steve/.local/lib/python3.8/site-packages/airflow/example_dags/tutorial.py took 0.051 seconds
[2022-11-08T20:35:38.458+0900] {processor.py:156} INFO - Started process (PID=11146) to work on /home/steve/.local/lib/python3.8/site-packages/airflow/example_dags/tutorial.py
[2022-11-08T20:35:38.460+0900] {processor.py:758} INFO - Processing file /home/steve/.local/lib/python3.8/site-packages/airflow/example_dags/tutorial.py for tasks to queue
[2022-11-08T20:35:38.461+0900] {logging_mixin.py:117} INFO - [2022-11-08T20:35:38.460+0900] {dagbag.py:525} INFO - Filling up the DagBag from /home/steve/.local/lib/python3.8/site-packages/airflow/example_dags/tutorial.py
[2022-11-08T20:35:38.469+0900] {processor.py:768} INFO - DAG(s) dict_keys(['tutorial']) retrieved from /home/steve/.local/lib/python3.8/site-packages/airflow/example_dags/tutorial.py
[2022-11-08T20:35:38.487+0900] {logging_mixin.py:117} INFO - [2022-11-08T20:35:38.487+0900] {dag.py:2573} INFO - Sync 1 DAGs
[2022-11-08T20:35:38.497+0900] {logging_mixin.py:117} INFO - [2022-11-08T20:35:38.497+0900] {dag.py:3324} INFO - Setting next_dagrun for tutorial to 2022-11-07T11:35:38.497721+00:00, run_after=2022-11-08T11:35:38.497721+00:00
[2022-11-08T20:35:38.515+0900] {processor.py:178} INFO - Processing /home/steve/.local/lib/python3.8/site-packages/airflow/example_dags/tutorial.py took 0.059 seconds
[2022-11-08T20:36:09.924+0900] {processor.py:156} INFO - Started process (PID=11179) to work on /home/steve/.local/lib/python3.8/site-packages/airflow/example_dags/tutorial.py
[2022-11-08T20:36:09.924+0900] {processor.py:758} INFO - Processing file /home/steve/.local/lib/python3.8/site-packages/airflow/example_dags/tutorial.py for tasks to queue
[2022-11-08T20:36:09.924+0900] {logging_mixin.py:117} INFO - [2022-11-08T20:36:09.924+0900] {dagbag.py:525} INFO - Filling up the DagBag from /home/steve/.local/lib/python3.8/site-packages/airflow/example_dags/tutorial.py
[2022-11-08T20:36:09.932+0900] {processor.py:768} INFO - DAG(s) dict_keys(['tutorial']) retrieved from /home/steve/.local/lib/python3.8/site-packages/airflow/example_dags/tutorial.py
[2022-11-08T20:36:09.947+0900] {logging_mixin.py:117} INFO - [2022-11-08T20:36:09.947+0900] {dag.py:2573} INFO - Sync 1 DAGs
[2022-11-08T20:36:09.956+0900] {logging_mixin.py:117} INFO - [2022-11-08T20:36:09.956+0900] {dag.py:3324} INFO - Setting next_dagrun for tutorial to 2022-11-07T11:36:09.956642+00:00, run_after=2022-11-08T11:36:09.956642+00:00
[2022-11-08T20:36:09.974+0900] {processor.py:178} INFO - Processing /home/steve/.local/lib/python3.8/site-packages/airflow/example_dags/tutorial.py took 0.052 seconds
[2022-11-08T20:36:42.780+0900] {processor.py:156} INFO - Started process (PID=11214) to work on /home/steve/.local/lib/python3.8/site-packages/airflow/example_dags/tutorial.py
[2022-11-08T20:36:42.781+0900] {processor.py:758} INFO - Processing file /home/steve/.local/lib/python3.8/site-packages/airflow/example_dags/tutorial.py for tasks to queue
[2022-11-08T20:36:42.782+0900] {logging_mixin.py:117} INFO - [2022-11-08T20:36:42.781+0900] {dagbag.py:525} INFO - Filling up the DagBag from /home/steve/.local/lib/python3.8/site-packages/airflow/example_dags/tutorial.py
[2022-11-08T20:36:42.789+0900] {processor.py:768} INFO - DAG(s) dict_keys(['tutorial']) retrieved from /home/steve/.local/lib/python3.8/site-packages/airflow/example_dags/tutorial.py
[2022-11-08T20:36:42.805+0900] {logging_mixin.py:117} INFO - [2022-11-08T20:36:42.805+0900] {dag.py:2573} INFO - Sync 1 DAGs
[2022-11-08T20:36:42.815+0900] {logging_mixin.py:117} INFO - [2022-11-08T20:36:42.814+0900] {dag.py:3324} INFO - Setting next_dagrun for tutorial to 2022-11-07T11:36:42.814826+00:00, run_after=2022-11-08T11:36:42.814826+00:00
[2022-11-08T20:36:42.833+0900] {processor.py:178} INFO - Processing /home/steve/.local/lib/python3.8/site-packages/airflow/example_dags/tutorial.py took 0.054 seconds
[2022-11-08T20:37:14.157+0900] {processor.py:156} INFO - Started process (PID=11274) to work on /home/steve/.local/lib/python3.8/site-packages/airflow/example_dags/tutorial.py
[2022-11-08T20:37:14.159+0900] {processor.py:758} INFO - Processing file /home/steve/.local/lib/python3.8/site-packages/airflow/example_dags/tutorial.py for tasks to queue
[2022-11-08T20:37:14.160+0900] {logging_mixin.py:117} INFO - [2022-11-08T20:37:14.160+0900] {dagbag.py:525} INFO - Filling up the DagBag from /home/steve/.local/lib/python3.8/site-packages/airflow/example_dags/tutorial.py
[2022-11-08T20:37:14.167+0900] {processor.py:768} INFO - DAG(s) dict_keys(['tutorial']) retrieved from /home/steve/.local/lib/python3.8/site-packages/airflow/example_dags/tutorial.py
[2022-11-08T20:37:14.183+0900] {logging_mixin.py:117} INFO - [2022-11-08T20:37:14.182+0900] {dag.py:2573} INFO - Sync 1 DAGs
[2022-11-08T20:37:14.193+0900] {logging_mixin.py:117} INFO - [2022-11-08T20:37:14.193+0900] {dag.py:3324} INFO - Setting next_dagrun for tutorial to 2022-11-07T11:37:14.193157+00:00, run_after=2022-11-08T11:37:14.193157+00:00
[2022-11-08T20:37:14.209+0900] {processor.py:178} INFO - Processing /home/steve/.local/lib/python3.8/site-packages/airflow/example_dags/tutorial.py took 0.053 seconds
[2022-11-08T20:37:44.509+0900] {processor.py:156} INFO - Started process (PID=11307) to work on /home/steve/.local/lib/python3.8/site-packages/airflow/example_dags/tutorial.py
[2022-11-08T20:37:44.509+0900] {processor.py:758} INFO - Processing file /home/steve/.local/lib/python3.8/site-packages/airflow/example_dags/tutorial.py for tasks to queue
[2022-11-08T20:37:44.510+0900] {logging_mixin.py:117} INFO - [2022-11-08T20:37:44.510+0900] {dagbag.py:525} INFO - Filling up the DagBag from /home/steve/.local/lib/python3.8/site-packages/airflow/example_dags/tutorial.py
[2022-11-08T20:37:44.517+0900] {processor.py:768} INFO - DAG(s) dict_keys(['tutorial']) retrieved from /home/steve/.local/lib/python3.8/site-packages/airflow/example_dags/tutorial.py
[2022-11-08T20:37:44.532+0900] {logging_mixin.py:117} INFO - [2022-11-08T20:37:44.532+0900] {dag.py:2573} INFO - Sync 1 DAGs
[2022-11-08T20:37:44.543+0900] {logging_mixin.py:117} INFO - [2022-11-08T20:37:44.543+0900] {dag.py:3324} INFO - Setting next_dagrun for tutorial to 2022-11-07T11:37:44.543175+00:00, run_after=2022-11-08T11:37:44.543175+00:00
[2022-11-08T20:37:44.558+0900] {processor.py:178} INFO - Processing /home/steve/.local/lib/python3.8/site-packages/airflow/example_dags/tutorial.py took 0.051 seconds
[2022-11-08T20:38:15.887+0900] {processor.py:156} INFO - Started process (PID=11341) to work on /home/steve/.local/lib/python3.8/site-packages/airflow/example_dags/tutorial.py
[2022-11-08T20:38:15.889+0900] {processor.py:758} INFO - Processing file /home/steve/.local/lib/python3.8/site-packages/airflow/example_dags/tutorial.py for tasks to queue
[2022-11-08T20:38:15.889+0900] {logging_mixin.py:117} INFO - [2022-11-08T20:38:15.889+0900] {dagbag.py:525} INFO - Filling up the DagBag from /home/steve/.local/lib/python3.8/site-packages/airflow/example_dags/tutorial.py
[2022-11-08T20:38:15.896+0900] {processor.py:768} INFO - DAG(s) dict_keys(['tutorial']) retrieved from /home/steve/.local/lib/python3.8/site-packages/airflow/example_dags/tutorial.py
[2022-11-08T20:38:15.911+0900] {logging_mixin.py:117} INFO - [2022-11-08T20:38:15.911+0900] {dag.py:2573} INFO - Sync 1 DAGs
[2022-11-08T20:38:15.921+0900] {logging_mixin.py:117} INFO - [2022-11-08T20:38:15.921+0900] {dag.py:3324} INFO - Setting next_dagrun for tutorial to 2022-11-07T11:38:15.921745+00:00, run_after=2022-11-08T11:38:15.921745+00:00
[2022-11-08T20:38:15.941+0900] {processor.py:178} INFO - Processing /home/steve/.local/lib/python3.8/site-packages/airflow/example_dags/tutorial.py took 0.056 seconds
[2022-11-08T20:38:50.018+0900] {processor.py:156} INFO - Started process (PID=11376) to work on /home/steve/.local/lib/python3.8/site-packages/airflow/example_dags/tutorial.py
[2022-11-08T20:38:50.020+0900] {processor.py:758} INFO - Processing file /home/steve/.local/lib/python3.8/site-packages/airflow/example_dags/tutorial.py for tasks to queue
[2022-11-08T20:38:50.021+0900] {logging_mixin.py:117} INFO - [2022-11-08T20:38:50.020+0900] {dagbag.py:525} INFO - Filling up the DagBag from /home/steve/.local/lib/python3.8/site-packages/airflow/example_dags/tutorial.py
[2022-11-08T20:38:50.028+0900] {processor.py:768} INFO - DAG(s) dict_keys(['tutorial']) retrieved from /home/steve/.local/lib/python3.8/site-packages/airflow/example_dags/tutorial.py
[2022-11-08T20:38:50.043+0900] {logging_mixin.py:117} INFO - [2022-11-08T20:38:50.043+0900] {dag.py:2573} INFO - Sync 1 DAGs
[2022-11-08T20:38:50.053+0900] {logging_mixin.py:117} INFO - [2022-11-08T20:38:50.053+0900] {dag.py:3324} INFO - Setting next_dagrun for tutorial to 2022-11-07T11:38:50.053518+00:00, run_after=2022-11-08T11:38:50.053518+00:00
[2022-11-08T20:38:50.069+0900] {processor.py:178} INFO - Processing /home/steve/.local/lib/python3.8/site-packages/airflow/example_dags/tutorial.py took 0.052 seconds
[2022-11-08T20:39:23.786+0900] {processor.py:156} INFO - Started process (PID=11412) to work on /home/steve/.local/lib/python3.8/site-packages/airflow/example_dags/tutorial.py
[2022-11-08T20:39:23.787+0900] {processor.py:758} INFO - Processing file /home/steve/.local/lib/python3.8/site-packages/airflow/example_dags/tutorial.py for tasks to queue
[2022-11-08T20:39:23.787+0900] {logging_mixin.py:117} INFO - [2022-11-08T20:39:23.787+0900] {dagbag.py:525} INFO - Filling up the DagBag from /home/steve/.local/lib/python3.8/site-packages/airflow/example_dags/tutorial.py
[2022-11-08T20:39:23.795+0900] {processor.py:768} INFO - DAG(s) dict_keys(['tutorial']) retrieved from /home/steve/.local/lib/python3.8/site-packages/airflow/example_dags/tutorial.py
[2022-11-08T20:39:23.811+0900] {logging_mixin.py:117} INFO - [2022-11-08T20:39:23.811+0900] {dag.py:2573} INFO - Sync 1 DAGs
[2022-11-08T20:39:23.821+0900] {logging_mixin.py:117} INFO - [2022-11-08T20:39:23.821+0900] {dag.py:3324} INFO - Setting next_dagrun for tutorial to 2022-11-07T11:39:23.821534+00:00, run_after=2022-11-08T11:39:23.821534+00:00
[2022-11-08T20:39:23.838+0900] {processor.py:178} INFO - Processing /home/steve/.local/lib/python3.8/site-packages/airflow/example_dags/tutorial.py took 0.053 seconds
[2022-11-08T20:39:55.744+0900] {processor.py:156} INFO - Started process (PID=11443) to work on /home/steve/.local/lib/python3.8/site-packages/airflow/example_dags/tutorial.py
[2022-11-08T20:39:55.746+0900] {processor.py:758} INFO - Processing file /home/steve/.local/lib/python3.8/site-packages/airflow/example_dags/tutorial.py for tasks to queue
[2022-11-08T20:39:55.747+0900] {logging_mixin.py:117} INFO - [2022-11-08T20:39:55.747+0900] {dagbag.py:525} INFO - Filling up the DagBag from /home/steve/.local/lib/python3.8/site-packages/airflow/example_dags/tutorial.py
[2022-11-08T20:39:55.754+0900] {processor.py:768} INFO - DAG(s) dict_keys(['tutorial']) retrieved from /home/steve/.local/lib/python3.8/site-packages/airflow/example_dags/tutorial.py
[2022-11-08T20:39:55.772+0900] {logging_mixin.py:117} INFO - [2022-11-08T20:39:55.772+0900] {dag.py:2573} INFO - Sync 1 DAGs
[2022-11-08T20:39:55.784+0900] {logging_mixin.py:117} INFO - [2022-11-08T20:39:55.784+0900] {dag.py:3324} INFO - Setting next_dagrun for tutorial to 2022-11-07T11:39:55.784009+00:00, run_after=2022-11-08T11:39:55.784009+00:00
[2022-11-08T20:39:55.802+0900] {processor.py:178} INFO - Processing /home/steve/.local/lib/python3.8/site-packages/airflow/example_dags/tutorial.py took 0.059 seconds
[2022-11-08T20:40:28.750+0900] {processor.py:156} INFO - Started process (PID=11477) to work on /home/steve/.local/lib/python3.8/site-packages/airflow/example_dags/tutorial.py
[2022-11-08T20:40:28.750+0900] {processor.py:758} INFO - Processing file /home/steve/.local/lib/python3.8/site-packages/airflow/example_dags/tutorial.py for tasks to queue
[2022-11-08T20:40:28.751+0900] {logging_mixin.py:117} INFO - [2022-11-08T20:40:28.751+0900] {dagbag.py:525} INFO - Filling up the DagBag from /home/steve/.local/lib/python3.8/site-packages/airflow/example_dags/tutorial.py
[2022-11-08T20:40:28.758+0900] {processor.py:768} INFO - DAG(s) dict_keys(['tutorial']) retrieved from /home/steve/.local/lib/python3.8/site-packages/airflow/example_dags/tutorial.py
[2022-11-08T20:40:28.772+0900] {logging_mixin.py:117} INFO - [2022-11-08T20:40:28.772+0900] {dag.py:2573} INFO - Sync 1 DAGs
[2022-11-08T20:40:28.782+0900] {logging_mixin.py:117} INFO - [2022-11-08T20:40:28.782+0900] {dag.py:3324} INFO - Setting next_dagrun for tutorial to 2022-11-07T11:40:28.782002+00:00, run_after=2022-11-08T11:40:28.782002+00:00
[2022-11-08T20:40:28.797+0900] {processor.py:178} INFO - Processing /home/steve/.local/lib/python3.8/site-packages/airflow/example_dags/tutorial.py took 0.049 seconds
[2022-11-08T20:41:01.255+0900] {processor.py:156} INFO - Started process (PID=11512) to work on /home/steve/.local/lib/python3.8/site-packages/airflow/example_dags/tutorial.py
[2022-11-08T20:41:01.258+0900] {processor.py:758} INFO - Processing file /home/steve/.local/lib/python3.8/site-packages/airflow/example_dags/tutorial.py for tasks to queue
[2022-11-08T20:41:01.258+0900] {logging_mixin.py:117} INFO - [2022-11-08T20:41:01.258+0900] {dagbag.py:525} INFO - Filling up the DagBag from /home/steve/.local/lib/python3.8/site-packages/airflow/example_dags/tutorial.py
[2022-11-08T20:41:01.265+0900] {processor.py:768} INFO - DAG(s) dict_keys(['tutorial']) retrieved from /home/steve/.local/lib/python3.8/site-packages/airflow/example_dags/tutorial.py
[2022-11-08T20:41:01.279+0900] {logging_mixin.py:117} INFO - [2022-11-08T20:41:01.279+0900] {dag.py:2573} INFO - Sync 1 DAGs
[2022-11-08T20:41:01.289+0900] {logging_mixin.py:117} INFO - [2022-11-08T20:41:01.289+0900] {dag.py:3324} INFO - Setting next_dagrun for tutorial to 2022-11-07T11:41:01.289727+00:00, run_after=2022-11-08T11:41:01.289727+00:00
[2022-11-08T20:41:01.305+0900] {processor.py:178} INFO - Processing /home/steve/.local/lib/python3.8/site-packages/airflow/example_dags/tutorial.py took 0.052 seconds
[2022-11-08T20:41:33.211+0900] {processor.py:156} INFO - Started process (PID=11544) to work on /home/steve/.local/lib/python3.8/site-packages/airflow/example_dags/tutorial.py
[2022-11-08T20:41:33.211+0900] {processor.py:758} INFO - Processing file /home/steve/.local/lib/python3.8/site-packages/airflow/example_dags/tutorial.py for tasks to queue
[2022-11-08T20:41:33.212+0900] {logging_mixin.py:117} INFO - [2022-11-08T20:41:33.211+0900] {dagbag.py:525} INFO - Filling up the DagBag from /home/steve/.local/lib/python3.8/site-packages/airflow/example_dags/tutorial.py
[2022-11-08T20:41:33.219+0900] {processor.py:768} INFO - DAG(s) dict_keys(['tutorial']) retrieved from /home/steve/.local/lib/python3.8/site-packages/airflow/example_dags/tutorial.py
[2022-11-08T20:41:33.233+0900] {logging_mixin.py:117} INFO - [2022-11-08T20:41:33.233+0900] {dag.py:2573} INFO - Sync 1 DAGs
[2022-11-08T20:41:33.243+0900] {logging_mixin.py:117} INFO - [2022-11-08T20:41:33.243+0900] {dag.py:3324} INFO - Setting next_dagrun for tutorial to 2022-11-07T11:41:33.243645+00:00, run_after=2022-11-08T11:41:33.243645+00:00
[2022-11-08T20:41:33.259+0900] {processor.py:178} INFO - Processing /home/steve/.local/lib/python3.8/site-packages/airflow/example_dags/tutorial.py took 0.049 seconds
[2022-11-08T20:42:06.739+0900] {processor.py:156} INFO - Started process (PID=11608) to work on /home/steve/.local/lib/python3.8/site-packages/airflow/example_dags/tutorial.py
[2022-11-08T20:42:06.741+0900] {processor.py:758} INFO - Processing file /home/steve/.local/lib/python3.8/site-packages/airflow/example_dags/tutorial.py for tasks to queue
[2022-11-08T20:42:06.741+0900] {logging_mixin.py:117} INFO - [2022-11-08T20:42:06.741+0900] {dagbag.py:525} INFO - Filling up the DagBag from /home/steve/.local/lib/python3.8/site-packages/airflow/example_dags/tutorial.py
[2022-11-08T20:42:06.749+0900] {processor.py:768} INFO - DAG(s) dict_keys(['tutorial']) retrieved from /home/steve/.local/lib/python3.8/site-packages/airflow/example_dags/tutorial.py
[2022-11-08T20:42:06.765+0900] {logging_mixin.py:117} INFO - [2022-11-08T20:42:06.765+0900] {dag.py:2573} INFO - Sync 1 DAGs
[2022-11-08T20:42:06.776+0900] {logging_mixin.py:117} INFO - [2022-11-08T20:42:06.776+0900] {dag.py:3324} INFO - Setting next_dagrun for tutorial to 2022-11-07T11:42:06.776325+00:00, run_after=2022-11-08T11:42:06.776325+00:00
[2022-11-08T20:42:06.792+0900] {processor.py:178} INFO - Processing /home/steve/.local/lib/python3.8/site-packages/airflow/example_dags/tutorial.py took 0.056 seconds
[2022-11-08T20:42:40.942+0900] {processor.py:156} INFO - Started process (PID=11644) to work on /home/steve/.local/lib/python3.8/site-packages/airflow/example_dags/tutorial.py
[2022-11-08T20:42:40.944+0900] {processor.py:758} INFO - Processing file /home/steve/.local/lib/python3.8/site-packages/airflow/example_dags/tutorial.py for tasks to queue
[2022-11-08T20:42:40.944+0900] {logging_mixin.py:117} INFO - [2022-11-08T20:42:40.944+0900] {dagbag.py:525} INFO - Filling up the DagBag from /home/steve/.local/lib/python3.8/site-packages/airflow/example_dags/tutorial.py
[2022-11-08T20:42:40.953+0900] {processor.py:768} INFO - DAG(s) dict_keys(['tutorial']) retrieved from /home/steve/.local/lib/python3.8/site-packages/airflow/example_dags/tutorial.py
[2022-11-08T20:42:40.971+0900] {logging_mixin.py:117} INFO - [2022-11-08T20:42:40.971+0900] {dag.py:2573} INFO - Sync 1 DAGs
[2022-11-08T20:42:40.982+0900] {logging_mixin.py:117} INFO - [2022-11-08T20:42:40.982+0900] {dag.py:3324} INFO - Setting next_dagrun for tutorial to 2022-11-07T11:42:40.982379+00:00, run_after=2022-11-08T11:42:40.982379+00:00
[2022-11-08T20:42:40.998+0900] {processor.py:178} INFO - Processing /home/steve/.local/lib/python3.8/site-packages/airflow/example_dags/tutorial.py took 0.058 seconds
[2022-11-08T20:43:14.015+0900] {processor.py:156} INFO - Started process (PID=11677) to work on /home/steve/.local/lib/python3.8/site-packages/airflow/example_dags/tutorial.py
[2022-11-08T20:43:14.018+0900] {processor.py:758} INFO - Processing file /home/steve/.local/lib/python3.8/site-packages/airflow/example_dags/tutorial.py for tasks to queue
[2022-11-08T20:43:14.018+0900] {logging_mixin.py:117} INFO - [2022-11-08T20:43:14.018+0900] {dagbag.py:525} INFO - Filling up the DagBag from /home/steve/.local/lib/python3.8/site-packages/airflow/example_dags/tutorial.py
[2022-11-08T20:43:14.026+0900] {processor.py:768} INFO - DAG(s) dict_keys(['tutorial']) retrieved from /home/steve/.local/lib/python3.8/site-packages/airflow/example_dags/tutorial.py
[2022-11-08T20:43:14.046+0900] {logging_mixin.py:117} INFO - [2022-11-08T20:43:14.045+0900] {dag.py:2573} INFO - Sync 1 DAGs
[2022-11-08T20:43:14.057+0900] {logging_mixin.py:117} INFO - [2022-11-08T20:43:14.056+0900] {dag.py:3324} INFO - Setting next_dagrun for tutorial to 2022-11-07T11:43:14.056748+00:00, run_after=2022-11-08T11:43:14.056748+00:00
[2022-11-08T20:43:14.074+0900] {processor.py:178} INFO - Processing /home/steve/.local/lib/python3.8/site-packages/airflow/example_dags/tutorial.py took 0.060 seconds
[2022-11-08T20:43:45.285+0900] {processor.py:156} INFO - Started process (PID=11709) to work on /home/steve/.local/lib/python3.8/site-packages/airflow/example_dags/tutorial.py
[2022-11-08T20:43:45.286+0900] {processor.py:758} INFO - Processing file /home/steve/.local/lib/python3.8/site-packages/airflow/example_dags/tutorial.py for tasks to queue
[2022-11-08T20:43:45.286+0900] {logging_mixin.py:117} INFO - [2022-11-08T20:43:45.286+0900] {dagbag.py:525} INFO - Filling up the DagBag from /home/steve/.local/lib/python3.8/site-packages/airflow/example_dags/tutorial.py
[2022-11-08T20:43:45.294+0900] {processor.py:768} INFO - DAG(s) dict_keys(['tutorial']) retrieved from /home/steve/.local/lib/python3.8/site-packages/airflow/example_dags/tutorial.py
[2022-11-08T20:43:45.309+0900] {logging_mixin.py:117} INFO - [2022-11-08T20:43:45.309+0900] {dag.py:2573} INFO - Sync 1 DAGs
[2022-11-08T20:43:45.318+0900] {logging_mixin.py:117} INFO - [2022-11-08T20:43:45.318+0900] {dag.py:3324} INFO - Setting next_dagrun for tutorial to 2022-11-07T11:43:45.318603+00:00, run_after=2022-11-08T11:43:45.318603+00:00
[2022-11-08T20:43:45.333+0900] {processor.py:178} INFO - Processing /home/steve/.local/lib/python3.8/site-packages/airflow/example_dags/tutorial.py took 0.050 seconds
[2022-11-08T20:44:16.464+0900] {processor.py:156} INFO - Started process (PID=11744) to work on /home/steve/.local/lib/python3.8/site-packages/airflow/example_dags/tutorial.py
[2022-11-08T20:44:16.465+0900] {processor.py:758} INFO - Processing file /home/steve/.local/lib/python3.8/site-packages/airflow/example_dags/tutorial.py for tasks to queue
[2022-11-08T20:44:16.465+0900] {logging_mixin.py:117} INFO - [2022-11-08T20:44:16.465+0900] {dagbag.py:525} INFO - Filling up the DagBag from /home/steve/.local/lib/python3.8/site-packages/airflow/example_dags/tutorial.py
[2022-11-08T20:44:16.473+0900] {processor.py:768} INFO - DAG(s) dict_keys(['tutorial']) retrieved from /home/steve/.local/lib/python3.8/site-packages/airflow/example_dags/tutorial.py
[2022-11-08T20:44:16.492+0900] {logging_mixin.py:117} INFO - [2022-11-08T20:44:16.491+0900] {dag.py:2573} INFO - Sync 1 DAGs
[2022-11-08T20:44:16.503+0900] {logging_mixin.py:117} INFO - [2022-11-08T20:44:16.503+0900] {dag.py:3324} INFO - Setting next_dagrun for tutorial to 2022-11-07T11:44:16.503682+00:00, run_after=2022-11-08T11:44:16.503682+00:00
[2022-11-08T20:44:16.521+0900] {processor.py:178} INFO - Processing /home/steve/.local/lib/python3.8/site-packages/airflow/example_dags/tutorial.py took 0.059 seconds
[2022-11-08T20:44:49.677+0900] {processor.py:156} INFO - Started process (PID=11779) to work on /home/steve/.local/lib/python3.8/site-packages/airflow/example_dags/tutorial.py
[2022-11-08T20:44:49.679+0900] {processor.py:758} INFO - Processing file /home/steve/.local/lib/python3.8/site-packages/airflow/example_dags/tutorial.py for tasks to queue
[2022-11-08T20:44:49.680+0900] {logging_mixin.py:117} INFO - [2022-11-08T20:44:49.680+0900] {dagbag.py:525} INFO - Filling up the DagBag from /home/steve/.local/lib/python3.8/site-packages/airflow/example_dags/tutorial.py
[2022-11-08T20:44:49.688+0900] {processor.py:768} INFO - DAG(s) dict_keys(['tutorial']) retrieved from /home/steve/.local/lib/python3.8/site-packages/airflow/example_dags/tutorial.py
[2022-11-08T20:44:49.707+0900] {logging_mixin.py:117} INFO - [2022-11-08T20:44:49.707+0900] {dag.py:2573} INFO - Sync 1 DAGs
[2022-11-08T20:44:49.720+0900] {logging_mixin.py:117} INFO - [2022-11-08T20:44:49.720+0900] {dag.py:3324} INFO - Setting next_dagrun for tutorial to 2022-11-07T11:44:49.719912+00:00, run_after=2022-11-08T11:44:49.719912+00:00
[2022-11-08T20:44:49.741+0900] {processor.py:178} INFO - Processing /home/steve/.local/lib/python3.8/site-packages/airflow/example_dags/tutorial.py took 0.067 seconds
[2022-11-08T20:45:20.480+0900] {processor.py:156} INFO - Started process (PID=11809) to work on /home/steve/.local/lib/python3.8/site-packages/airflow/example_dags/tutorial.py
[2022-11-08T20:45:20.482+0900] {processor.py:758} INFO - Processing file /home/steve/.local/lib/python3.8/site-packages/airflow/example_dags/tutorial.py for tasks to queue
[2022-11-08T20:45:20.482+0900] {logging_mixin.py:117} INFO - [2022-11-08T20:45:20.482+0900] {dagbag.py:525} INFO - Filling up the DagBag from /home/steve/.local/lib/python3.8/site-packages/airflow/example_dags/tutorial.py
[2022-11-08T20:45:20.490+0900] {processor.py:768} INFO - DAG(s) dict_keys(['tutorial']) retrieved from /home/steve/.local/lib/python3.8/site-packages/airflow/example_dags/tutorial.py
[2022-11-08T20:45:20.505+0900] {logging_mixin.py:117} INFO - [2022-11-08T20:45:20.504+0900] {dag.py:2573} INFO - Sync 1 DAGs
[2022-11-08T20:45:20.515+0900] {logging_mixin.py:117} INFO - [2022-11-08T20:45:20.514+0900] {dag.py:3324} INFO - Setting next_dagrun for tutorial to 2022-11-07T11:45:20.514845+00:00, run_after=2022-11-08T11:45:20.514845+00:00
[2022-11-08T20:45:20.530+0900] {processor.py:178} INFO - Processing /home/steve/.local/lib/python3.8/site-packages/airflow/example_dags/tutorial.py took 0.052 seconds
[2022-11-08T20:45:53.381+0900] {processor.py:156} INFO - Started process (PID=11844) to work on /home/steve/.local/lib/python3.8/site-packages/airflow/example_dags/tutorial.py
[2022-11-08T20:45:53.382+0900] {processor.py:758} INFO - Processing file /home/steve/.local/lib/python3.8/site-packages/airflow/example_dags/tutorial.py for tasks to queue
[2022-11-08T20:45:53.383+0900] {logging_mixin.py:117} INFO - [2022-11-08T20:45:53.383+0900] {dagbag.py:525} INFO - Filling up the DagBag from /home/steve/.local/lib/python3.8/site-packages/airflow/example_dags/tutorial.py
[2022-11-08T20:45:53.390+0900] {processor.py:768} INFO - DAG(s) dict_keys(['tutorial']) retrieved from /home/steve/.local/lib/python3.8/site-packages/airflow/example_dags/tutorial.py
[2022-11-08T20:45:53.407+0900] {logging_mixin.py:117} INFO - [2022-11-08T20:45:53.407+0900] {dag.py:2573} INFO - Sync 1 DAGs
[2022-11-08T20:45:53.417+0900] {logging_mixin.py:117} INFO - [2022-11-08T20:45:53.417+0900] {dag.py:3324} INFO - Setting next_dagrun for tutorial to 2022-11-07T11:45:53.417027+00:00, run_after=2022-11-08T11:45:53.417027+00:00
[2022-11-08T20:45:53.433+0900] {processor.py:178} INFO - Processing /home/steve/.local/lib/python3.8/site-packages/airflow/example_dags/tutorial.py took 0.053 seconds
[2022-11-08T20:46:29.038+0900] {processor.py:156} INFO - Started process (PID=11879) to work on /home/steve/.local/lib/python3.8/site-packages/airflow/example_dags/tutorial.py
[2022-11-08T20:46:29.040+0900] {processor.py:758} INFO - Processing file /home/steve/.local/lib/python3.8/site-packages/airflow/example_dags/tutorial.py for tasks to queue
[2022-11-08T20:46:29.041+0900] {logging_mixin.py:117} INFO - [2022-11-08T20:46:29.041+0900] {dagbag.py:525} INFO - Filling up the DagBag from /home/steve/.local/lib/python3.8/site-packages/airflow/example_dags/tutorial.py
[2022-11-08T20:46:29.050+0900] {processor.py:768} INFO - DAG(s) dict_keys(['tutorial']) retrieved from /home/steve/.local/lib/python3.8/site-packages/airflow/example_dags/tutorial.py
[2022-11-08T20:46:29.069+0900] {logging_mixin.py:117} INFO - [2022-11-08T20:46:29.069+0900] {dag.py:2573} INFO - Sync 1 DAGs
[2022-11-08T20:46:29.081+0900] {logging_mixin.py:117} INFO - [2022-11-08T20:46:29.081+0900] {dag.py:3324} INFO - Setting next_dagrun for tutorial to 2022-11-07T11:46:29.081065+00:00, run_after=2022-11-08T11:46:29.081065+00:00
[2022-11-08T20:46:29.099+0900] {processor.py:178} INFO - Processing /home/steve/.local/lib/python3.8/site-packages/airflow/example_dags/tutorial.py took 0.062 seconds
[2022-11-08T20:46:59.518+0900] {processor.py:156} INFO - Started process (PID=11995) to work on /home/steve/.local/lib/python3.8/site-packages/airflow/example_dags/tutorial.py
[2022-11-08T20:46:59.520+0900] {processor.py:758} INFO - Processing file /home/steve/.local/lib/python3.8/site-packages/airflow/example_dags/tutorial.py for tasks to queue
[2022-11-08T20:46:59.520+0900] {logging_mixin.py:117} INFO - [2022-11-08T20:46:59.520+0900] {dagbag.py:525} INFO - Filling up the DagBag from /home/steve/.local/lib/python3.8/site-packages/airflow/example_dags/tutorial.py
[2022-11-08T20:46:59.528+0900] {processor.py:768} INFO - DAG(s) dict_keys(['tutorial']) retrieved from /home/steve/.local/lib/python3.8/site-packages/airflow/example_dags/tutorial.py
[2022-11-08T20:46:59.545+0900] {logging_mixin.py:117} INFO - [2022-11-08T20:46:59.545+0900] {dag.py:2573} INFO - Sync 1 DAGs
[2022-11-08T20:46:59.556+0900] {logging_mixin.py:117} INFO - [2022-11-08T20:46:59.556+0900] {dag.py:3324} INFO - Setting next_dagrun for tutorial to 2022-11-07T11:46:59.555942+00:00, run_after=2022-11-08T11:46:59.555942+00:00
[2022-11-08T20:46:59.571+0900] {processor.py:178} INFO - Processing /home/steve/.local/lib/python3.8/site-packages/airflow/example_dags/tutorial.py took 0.055 seconds
[2022-11-08T20:47:31.024+0900] {processor.py:156} INFO - Started process (PID=12092) to work on /home/steve/.local/lib/python3.8/site-packages/airflow/example_dags/tutorial.py
[2022-11-08T20:47:31.027+0900] {processor.py:758} INFO - Processing file /home/steve/.local/lib/python3.8/site-packages/airflow/example_dags/tutorial.py for tasks to queue
[2022-11-08T20:47:31.027+0900] {logging_mixin.py:117} INFO - [2022-11-08T20:47:31.027+0900] {dagbag.py:525} INFO - Filling up the DagBag from /home/steve/.local/lib/python3.8/site-packages/airflow/example_dags/tutorial.py
[2022-11-08T20:47:31.035+0900] {processor.py:768} INFO - DAG(s) dict_keys(['tutorial']) retrieved from /home/steve/.local/lib/python3.8/site-packages/airflow/example_dags/tutorial.py
[2022-11-08T20:47:31.050+0900] {logging_mixin.py:117} INFO - [2022-11-08T20:47:31.050+0900] {dag.py:2573} INFO - Sync 1 DAGs
[2022-11-08T20:47:31.062+0900] {logging_mixin.py:117} INFO - [2022-11-08T20:47:31.062+0900] {dag.py:3324} INFO - Setting next_dagrun for tutorial to 2022-11-07T11:47:31.061912+00:00, run_after=2022-11-08T11:47:31.061912+00:00
[2022-11-08T20:47:31.082+0900] {processor.py:178} INFO - Processing /home/steve/.local/lib/python3.8/site-packages/airflow/example_dags/tutorial.py took 0.059 seconds
[2022-11-08T20:48:03.924+0900] {processor.py:156} INFO - Started process (PID=12264) to work on /home/steve/.local/lib/python3.8/site-packages/airflow/example_dags/tutorial.py
[2022-11-08T20:48:03.926+0900] {processor.py:758} INFO - Processing file /home/steve/.local/lib/python3.8/site-packages/airflow/example_dags/tutorial.py for tasks to queue
[2022-11-08T20:48:03.926+0900] {logging_mixin.py:117} INFO - [2022-11-08T20:48:03.926+0900] {dagbag.py:525} INFO - Filling up the DagBag from /home/steve/.local/lib/python3.8/site-packages/airflow/example_dags/tutorial.py
[2022-11-08T20:48:03.934+0900] {processor.py:768} INFO - DAG(s) dict_keys(['tutorial']) retrieved from /home/steve/.local/lib/python3.8/site-packages/airflow/example_dags/tutorial.py
[2022-11-08T20:48:03.952+0900] {logging_mixin.py:117} INFO - [2022-11-08T20:48:03.952+0900] {dag.py:2573} INFO - Sync 1 DAGs
[2022-11-08T20:48:03.964+0900] {logging_mixin.py:117} INFO - [2022-11-08T20:48:03.964+0900] {dag.py:3324} INFO - Setting next_dagrun for tutorial to 2022-11-07T11:48:03.964150+00:00, run_after=2022-11-08T11:48:03.964150+00:00
[2022-11-08T20:48:03.980+0900] {processor.py:178} INFO - Processing /home/steve/.local/lib/python3.8/site-packages/airflow/example_dags/tutorial.py took 0.057 seconds
[2022-11-08T20:48:38.541+0900] {processor.py:156} INFO - Started process (PID=12298) to work on /home/steve/.local/lib/python3.8/site-packages/airflow/example_dags/tutorial.py
[2022-11-08T20:48:38.543+0900] {processor.py:758} INFO - Processing file /home/steve/.local/lib/python3.8/site-packages/airflow/example_dags/tutorial.py for tasks to queue
[2022-11-08T20:48:38.543+0900] {logging_mixin.py:117} INFO - [2022-11-08T20:48:38.543+0900] {dagbag.py:525} INFO - Filling up the DagBag from /home/steve/.local/lib/python3.8/site-packages/airflow/example_dags/tutorial.py
[2022-11-08T20:48:38.552+0900] {processor.py:768} INFO - DAG(s) dict_keys(['tutorial']) retrieved from /home/steve/.local/lib/python3.8/site-packages/airflow/example_dags/tutorial.py
[2022-11-08T20:48:38.570+0900] {logging_mixin.py:117} INFO - [2022-11-08T20:48:38.570+0900] {dag.py:2573} INFO - Sync 1 DAGs
[2022-11-08T20:48:38.582+0900] {logging_mixin.py:117} INFO - [2022-11-08T20:48:38.582+0900] {dag.py:3324} INFO - Setting next_dagrun for tutorial to 2022-11-07T11:48:38.582557+00:00, run_after=2022-11-08T11:48:38.582557+00:00
[2022-11-08T20:48:38.600+0900] {processor.py:178} INFO - Processing /home/steve/.local/lib/python3.8/site-packages/airflow/example_dags/tutorial.py took 0.061 seconds
[2022-11-08T20:49:09.792+0900] {processor.py:156} INFO - Started process (PID=12332) to work on /home/steve/.local/lib/python3.8/site-packages/airflow/example_dags/tutorial.py
[2022-11-08T20:49:09.795+0900] {processor.py:758} INFO - Processing file /home/steve/.local/lib/python3.8/site-packages/airflow/example_dags/tutorial.py for tasks to queue
[2022-11-08T20:49:09.795+0900] {logging_mixin.py:117} INFO - [2022-11-08T20:49:09.795+0900] {dagbag.py:525} INFO - Filling up the DagBag from /home/steve/.local/lib/python3.8/site-packages/airflow/example_dags/tutorial.py
[2022-11-08T20:49:09.803+0900] {processor.py:768} INFO - DAG(s) dict_keys(['tutorial']) retrieved from /home/steve/.local/lib/python3.8/site-packages/airflow/example_dags/tutorial.py
[2022-11-08T20:49:09.819+0900] {logging_mixin.py:117} INFO - [2022-11-08T20:49:09.819+0900] {dag.py:2573} INFO - Sync 1 DAGs
[2022-11-08T20:49:09.831+0900] {logging_mixin.py:117} INFO - [2022-11-08T20:49:09.831+0900] {dag.py:3324} INFO - Setting next_dagrun for tutorial to 2022-11-07T11:49:09.830897+00:00, run_after=2022-11-08T11:49:09.830897+00:00
[2022-11-08T20:49:09.848+0900] {processor.py:178} INFO - Processing /home/steve/.local/lib/python3.8/site-packages/airflow/example_dags/tutorial.py took 0.057 seconds
[2022-11-08T20:49:41.764+0900] {processor.py:156} INFO - Started process (PID=12366) to work on /home/steve/.local/lib/python3.8/site-packages/airflow/example_dags/tutorial.py
[2022-11-08T20:49:41.764+0900] {processor.py:758} INFO - Processing file /home/steve/.local/lib/python3.8/site-packages/airflow/example_dags/tutorial.py for tasks to queue
[2022-11-08T20:49:41.764+0900] {logging_mixin.py:117} INFO - [2022-11-08T20:49:41.764+0900] {dagbag.py:525} INFO - Filling up the DagBag from /home/steve/.local/lib/python3.8/site-packages/airflow/example_dags/tutorial.py
[2022-11-08T20:49:41.772+0900] {processor.py:768} INFO - DAG(s) dict_keys(['tutorial']) retrieved from /home/steve/.local/lib/python3.8/site-packages/airflow/example_dags/tutorial.py
[2022-11-08T20:49:41.790+0900] {logging_mixin.py:117} INFO - [2022-11-08T20:49:41.790+0900] {dag.py:2573} INFO - Sync 1 DAGs
[2022-11-08T20:49:41.803+0900] {logging_mixin.py:117} INFO - [2022-11-08T20:49:41.803+0900] {dag.py:3324} INFO - Setting next_dagrun for tutorial to 2022-11-07T11:49:41.802922+00:00, run_after=2022-11-08T11:49:41.802922+00:00
[2022-11-08T20:49:41.820+0900] {processor.py:178} INFO - Processing /home/steve/.local/lib/python3.8/site-packages/airflow/example_dags/tutorial.py took 0.058 seconds
[2022-11-08T20:50:13.809+0900] {processor.py:156} INFO - Started process (PID=12399) to work on /home/steve/.local/lib/python3.8/site-packages/airflow/example_dags/tutorial.py
[2022-11-08T20:50:13.810+0900] {processor.py:758} INFO - Processing file /home/steve/.local/lib/python3.8/site-packages/airflow/example_dags/tutorial.py for tasks to queue
[2022-11-08T20:50:13.811+0900] {logging_mixin.py:117} INFO - [2022-11-08T20:50:13.811+0900] {dagbag.py:525} INFO - Filling up the DagBag from /home/steve/.local/lib/python3.8/site-packages/airflow/example_dags/tutorial.py
[2022-11-08T20:50:13.818+0900] {processor.py:768} INFO - DAG(s) dict_keys(['tutorial']) retrieved from /home/steve/.local/lib/python3.8/site-packages/airflow/example_dags/tutorial.py
[2022-11-08T20:50:13.835+0900] {logging_mixin.py:117} INFO - [2022-11-08T20:50:13.835+0900] {dag.py:2573} INFO - Sync 1 DAGs
[2022-11-08T20:50:13.845+0900] {logging_mixin.py:117} INFO - [2022-11-08T20:50:13.845+0900] {dag.py:3324} INFO - Setting next_dagrun for tutorial to 2022-11-07T11:50:13.845426+00:00, run_after=2022-11-08T11:50:13.845426+00:00
[2022-11-08T20:50:13.862+0900] {processor.py:178} INFO - Processing /home/steve/.local/lib/python3.8/site-packages/airflow/example_dags/tutorial.py took 0.055 seconds
[2022-11-08T20:50:47.025+0900] {processor.py:156} INFO - Started process (PID=12586) to work on /home/steve/.local/lib/python3.8/site-packages/airflow/example_dags/tutorial.py
[2022-11-08T20:50:47.026+0900] {processor.py:758} INFO - Processing file /home/steve/.local/lib/python3.8/site-packages/airflow/example_dags/tutorial.py for tasks to queue
[2022-11-08T20:50:47.027+0900] {logging_mixin.py:117} INFO - [2022-11-08T20:50:47.027+0900] {dagbag.py:525} INFO - Filling up the DagBag from /home/steve/.local/lib/python3.8/site-packages/airflow/example_dags/tutorial.py
[2022-11-08T20:50:47.034+0900] {processor.py:768} INFO - DAG(s) dict_keys(['tutorial']) retrieved from /home/steve/.local/lib/python3.8/site-packages/airflow/example_dags/tutorial.py
[2022-11-08T20:50:47.049+0900] {logging_mixin.py:117} INFO - [2022-11-08T20:50:47.048+0900] {dag.py:2573} INFO - Sync 1 DAGs
[2022-11-08T20:50:47.058+0900] {logging_mixin.py:117} INFO - [2022-11-08T20:50:47.058+0900] {dag.py:3324} INFO - Setting next_dagrun for tutorial to 2022-11-07T11:50:47.058332+00:00, run_after=2022-11-08T11:50:47.058332+00:00
[2022-11-08T20:50:47.073+0900] {processor.py:178} INFO - Processing /home/steve/.local/lib/python3.8/site-packages/airflow/example_dags/tutorial.py took 0.049 seconds
